0.01 0.0022265
0.02 0.00669275
0.03 0.0113848
0.04 0.0170479
0.05 0.0253751
0.06 0.0394759
0.07 0.0641483
0.08 0.105715
0.09 0.171274
0.1 0.26738
0.11 0.398373
0.12 0.564729
0.13 0.761902
0.14 0.980015
0.15 1.20463
0.16 1.4185
0.17 1.60408
0.18 1.74623
0.19 1.83456
0.2 1.86497
0.21 1.83996
0.22 1.76798
0.23 1.66387
0.24 1.53849
0.25 1.40572
0.26 1.27509
0.27 1.15136
0.28 1.03415
0.29 0.917813
0.3 0.792443
0.31 0.646321
0.32 0.468355
0.33 0.250164
0.34 -0.0118314
0.35 -0.315235
0.36 -0.65018
0.37 -0.998351
0.38 -1.3347
0.39 -1.63024
0.4 -1.85555
0.41 -1.98494
0.42 -2.00035
0.43 -1.89456
0.44 -1.67311
0.45 -1.35289
0.46 -0.961434
0.47 -0.531557
0.48 -0.0957663
0.49 0.317702
0.5 0.687913
0.51 1.00258
0.52 1.25741
0.53 1.45484
0.54 1.5999
0.55 1.69491
0.56 1.73857
0.57 1.72753
0.58 1.65748
0.59 1.52602
0.6 1.33811
0.61 1.10902
0.62 0.869101
0.63 0.662361
0.64 0.538179
0.65 0.546175
0.66 0.731242
0.67 1.12623
0.68 1.72925
0.69 2.51047
0.7 3.40203
0.71 4.30339
0.72 5.08947
0.73 5.62199
0.74 5.76713
0.75 5.41855
0.76 4.52122
0.77 3.06308
0.78 1.10054
0.79 -1.2508
0.8 -3.82441
0.81 -6.42047
0.82 -8.82984
0.83 -10.8577
0.84 -12.3428
0.85 -13.1755
0.86 -13.3091
0.87 -12.7646
0.88 -11.6255
0.89 -10.025
0.9 -8.13144
0.91 -6.12809
0.92 -4.19066
0.93 -2.46677
0.94 -1.05978
0.95 -0.0196716
0.96 0.659839
0.97 1.03572
0.98 1.20575
0.99 1.29234
1 1.42267
1.01 1.71062
1.02 2.23859
1.03 3.04495
1.04 4.11896
1.05 5.40068
1.06 6.78738
1.07 8.14761
1.08 9.3394
1.09 10.2314
1.1 10.7222
1.11 10.753
1.12 10.3139
1.13 9.4442
1.14 8.2241
1.15 6.75782
1.16 5.15699
1.17 3.52472
1.18 1.94196
1.19 0.459281
1.2 -0.908439
1.21 -2.18111
1.22 -3.40235
1.23 -4.62466
1.24 -5.8954
1.25 -7.24438
1.26 -8.67471
1.27 -10.1589
1.28 -11.6402
1.29 -13.0397
1.3 -14.266
1.31 -15.2274
1.32 -15.8443
1.33 -16.0578
1.34 -15.8372
1.35 -15.1878
1.36 -14.1433
1.37 -12.7613
1.38 -11.1091
1.39 -9.25005
1.4 -7.23628
1.41 -5.10453
1.42 -2.87115
1.43 -0.536652
1.44 1.89939
1.45 4.42391
1.46 6.99886
1.47 9.55411
1.48 11.987
1.49 14.1694
1.5 15.9633
1.51 17.2404
1.52 17.9033
1.53 17.9015
1.54 17.2411
1.55 15.988
1.56 14.2559
1.57 12.1857
1.58 9.92525
1.59 7.61066
1.6 5.3519
1.61 3.2258
1.62 1.27563
1.63 -0.482565
1.64 -2.04952
1.65 -3.43561
1.66 -4.65297
1.67 -5.70637
1.68 -6.5919
1.69 -7.30049
1.7 -7.8234
1.71 -8.1598
1.72 -8.32087
1.73 -8.33141
1.74 -8.22458
1.75 -8.02905
1.76 -7.76339
1.77 -7.43078
1.78 -7.02432
1.79 -6.53321
1.8 -5.94889
1.81 -5.27309
1.82 -4.52408
1.83 -3.73877
1.84 -2.96792
1.85 -2.2694
1.86 -1.70107
1.87 -1.309
1.88 -1.11836
1.89 -1.12285
1.9 -1.28291
1.91 -1.52969
1.92 -1.78014
1.93 -1.95609
1.94 -2.00284
1.95 -1.90153
1.96 -1.67518
1.97 -1.3838
1.98 -1.10109
1.99 -0.892433
2 -0.803891
2.01 -0.846493
2.02 -0.992311
2.03 -1.18864
2.04 -1.38185
2.05 -1.5353
2.06 -1.64512
2.07 -1.74283
2.08 -1.88986
2.09 -2.16245
2.1 -2.62768
2.11 -3.32009
2.12 -4.22645
2.13 -5.28242
2.14 -6.38152
2.15 -7.39596
2.16 -8.1991
2.17 -8.69595
2.18 -8.85265
2.19 -8.69841
2.2 -8.31567
2.21 -7.80291
2.22 -7.25312
2.23 -6.71807
2.24 -6.18267
2.25 -5.5525
2.26 -4.66229
2.27 -3.30471
2.28 -1.27522
2.29 1.58429
2.3 5.35847
2.31 10.0355
2.32 15.4923
2.33 21.4995
2.34 27.7386
2.35 33.8317
2.36 39.3799
2.37 43.9539
2.38 47.1795
2.39 47.4434
2.4 47.5284
2.41 46.7755
2.42 44.6868
2.43 41.5361
2.44 37.4956
2.45 32.7504
2.46 27.4791
2.47 21.8416
2.48 15.9788
2.49 10.0205
2.5 4.0979
2.51 -1.63986
2.52 -7.20702
2.53 -12.0444
2.54 -15.8423
2.55 -18.4245
2.56 -19.664
2.57 -19.4769
2.58 -17.8412
2.59 -14.8213
2.6 -10.5876
2.61 -5.43241
2.62 0.229147
2.63 5.7038
2.64 10.6773
2.65 14.6149
2.66 17.0554
2.67 17.7125
2.68 16.483
2.69 13.448
2.7 8.86341
2.71 3.12132
2.72 -3.30378
2.73 -10.1647
2.74 -16.5235
2.75 -22.0527
2.76 -26.4871
2.77 -29.7219
2.78 -31.807
2.79 -32.9172
2.8 -33.317
2.81 -33.3193
2.82 -33.2359
2.83 -33.3312
2.84 -33.7558
2.85 -34.5418
2.86 -35.6334
2.87 -36.8865
2.88 -38.0923
2.89 -38.989
2.9 -39.2739
2.91 -38.6507
2.92 -36.8866
2.93 -33.847
2.94 -29.5377
2.95 -24.1284
2.96 -17.9504
2.97 -11.466
2.98 -5.20847
2.99 0.298209
3 4.49543
3.01 7.31129
3.02 8.71991
3.03 8.88742
3.04 8.16846
3.05 7.02722
3.06 5.97072
3.07 5.51714
3.08 6.20576
3.09 8.53519
3.1 12.7911
3.11 18.9932
3.12 26.8741
3.13 35.9069
3.14 45.3009
3.15 51.7165
3.16 55.8203
3.17 59.3679
3.18 62.2494
3.19 63.2352
3.2 63.8155
3.21 63.862
3.22 63.3054
3.23 60.5184
3.24 55.6526
3.25 48.4788
3.26 38.9701
3.27 27.2195
3.28 13.4499
3.29 -1.67919
3.3 -17.4105
3.31 -31.342
3.32 -47.5404
3.33 -57.4119
3.34 -66.1713
3.35 -69.6619
3.36 -73.7038
3.37 -77.2157
3.38 -80.1058
3.39 -82.4308
3.4 -83.8432
3.41 -84.2378
3.42 -83.4133
3.43 -78.6288
3.44 -70.8348
3.45 -59.9434
3.46 -46.2793
3.47 -30.4784
3.48 -13.4254
3.49 3.76201
3.5 10.9942
3.51 19.4378
3.52 32.116
3.53 45.3058
3.54 56.1666
3.55 64.5413
3.56 67.7816
3.57 69.1977
3.58 69.8551
3.59 69.8236
3.6 68.3993
3.61 64.8961
3.62 60.1742
3.63 54.9157
3.64 49.7926
3.65 45.3895
3.66 42.1314
3.67 40.2254
3.68 39.6183
3.69 39.9851
3.7 40.7405
3.71 41.0963
3.72 40.1847
3.73 37.2053
3.74 31.5403
3.75 22.9007
3.76 11.7026
3.77 -1.08378
3.78 -14.4131
3.79 -27.238
3.8 -37.1704
3.81 -38.4112
3.82 -40.1232
3.83 -41.8905
3.84 -43.7427
3.85 -45.6527
3.86 -47.0176
3.87 -52.3943
3.88 -55.4801
3.89 -57.1832
3.9 -57.2591
3.91 -53.951
3.92 -47.2144
3.93 -38.5425
3.94 -29.5492
3.95 -21.7935
3.96 -16.4699
3.97 -14.1827
3.98 -14.8455
3.99 -16.6158
4 -19.3454
4.01 -22.0501
4.02 -23.8508
4.03 -24.022
4.04 -21.2728
4.05 -15.379
4.06 -6.92365
4.07 3.16485
4.08 11.6579
4.09 18.8473
4.1 25.4176
4.11 30.9149
4.12 34.9741
4.13 35.9401
4.14 36.1859
4.15 35.8498
4.16 31.7207
4.17 26.5116
4.18 20.9365
4.19 16.079
4.2 12.7777
4.21 11.5049
4.22 12.3244
4.23 14.2243
4.24 17.301
4.25 21.034
4.26 24.9668
4.27 28.6519
4.28 30.442
4.29 32.072
4.3 32.9794
4.31 32.9511
4.32 31.1844
4.33 27.1309
4.34 20.8319
4.35 12.597
4.36 3.08988
4.37 -5.6375
4.38 -13.5687
4.39 -21.5152
4.4 -29.4273
4.41 -37.2841
4.42 -44.9469
4.43 -47.0627
4.44 -50.1612
4.45 -53.6393
4.46 -57.0981
4.47 -60.3318
4.48 -63.0846
4.49 -65.0884
4.5 -66.1142
4.51 -66.0231
4.52 -63.4927
4.53 -58.6355
4.54 -52.3781
4.55 -45.7547
4.56 -39.7475
4.57 -35.0703
4.58 -32.0181
4.59 -30.4161
4.6 -29.6641
4.61 -28.8545
4.62 -26.9483
4.63 -22.9868
4.64 -16.5145
4.65 -7.65328
4.66 3.1811
4.67 15.3694
4.68 24.2983
4.69 34.1244
4.7 39.6942
4.71 43.5085
4.72 51.1788
4.73 59.7803
4.74 68.6288
4.75 75.7584
4.76 81.9733
4.77 87.6851
4.78 92.6924
4.79 96.977
4.8 100.137
4.81 102.004
4.82 102.395
4.83 101.142
4.84 91.2795
4.85 77.5259
4.86 60.7808
4.87 42.4562
4.88 24.0908
4.89 7.14544
4.9 -7.07943
4.91 -17.5752
4.92 -23.9597
4.93 -26.5125
4.94 -26.0874
4.95 -23.8983
4.96 -21.311
4.97 -19.5364
4.98 -19.5816
4.99 -22.0156
5 -26.8427
5.01 -29.7682
5.02 -33.4919
5.03 -34.4759
5.04 -35.6334
5.05 -37.0003
5.06 -38.573
5.07 -40.3405
5.08 -42.2827
5.09 -44.3682
5.1 -47.0191
5.11 -59.9708
5.12 -68.9416
5.13 -75.9399
5.14 -80.5069
5.15 -81.708
5.16 -77.5825
5.17 -64.5738
5.18 -45.372
5.19 -22.3302
5.2 1.80791
5.21 24.2327
5.22 42.5353
5.23 36.9661
5.24 38.1792
5.25 39.1809
5.26 40.0534
5.27 40.8538
5.28 41.614
5.29 42.3443
5.3 43.0353
5.31 43.6593
5.32 44.1742
5.33 44.5338
5.34 44.6981
5.35 44.6389
5.36 44.3404
5.37 41.0469
5.38 36.7773
5.39 31.7839
5.4 26.6839
5.41 21.9533
5.42 17.8473
5.43 14.4771
5.44 11.7997
5.45 9.55997
5.46 7.84792
5.47 6.00799
5.48 3.57715
5.49 0.367566
5.5 -3.67801
5.51 -8.47561
5.52 -13.8439
5.53 -19.5233
5.54 -25.1455
5.55 -30.2871
5.56 -34.5539
5.57 -37.631
5.58 -38.4554
5.59 -38.561
5.6 -37.654
5.61 -34.9633
5.62 -31.2125
5.63 -26.9266
5.64 -22.5838
5.65 -18.537
5.66 -14.9769
5.67 -11.9358
5.68 -9.32799
5.69 -7.01133
5.7 -5.49965
5.71 -3.86926
5.72 -2.11471
5.73 -0.258837
5.74 1.60959
5.75 3.36409
5.76 4.87591
5.77 6.03632
5.78 6.78433
5.79 7.12965
5.8 7.14639
5.81 6.91702
5.82 6.59302
5.83 6.38966
5.84 6.41672
5.85 6.56438
5.86 6.86161
5.87 7.25861
5.88 7.66268
5.89 7.94879
5.9 7.97437
5.91 7.33985
5.92 5.6225
5.93 2.86484
5.94 -0.794818
5.95 -5.08574
5.96 -9.64343
5.97 -14.0651
5.98 -17.9675
5.99 -21.0376
6 -22.6735
6.01 -23.3508
6.02 -23.2884
6.03 -22.2976
6.04 -20.436
6.05 -17.856
6.06 -14.7136
6.07 -11.1743
6.08 -7.41344
6.09 -3.61671
6.1 0.0254228
6.11 3.32776
6.12 5.3262
6.13 7.0334
6.14 8.39191
6.15 9.37753
6.16 9.97328
6.17 10.1975
6.18 10.1075
6.19 9.69322
6.2 9.17025
6.21 8.71958
6.22 8.50223
6.23 8.56721
6.24 8.77316
6.25 9.15619
6.26 9.68012
6.27 10.2695
6.28 10.816
6.29 11.1912
6.3 11.2557
6.31 10.5891
6.32 8.7726
6.33 5.89689
6.34 2.15587
6.35 -2.1191
6.36 -6.51073
6.37 -10.5758
6.38 -13.9089
6.39 -16.2008
6.4 -17.2801
6.41 -17.1363
6.42 -15.9152
6.43 -13.8849
6.44 -11.3881
6.45 -8.78582
6.46 -6.40182
6.47 -4.47582
6.48 -3.131
6.49 -2.36229
6.5 -2.04676
6.51 -1.9735
6.52 -1.88776
6.53 -1.53665
6.54 -0.708566
6.55 0.734611
6.56 2.83842
6.57 5.55625
6.58 8.71009
6.59 11.1517
6.6 13.7711
6.61 16.4941
6.62 19.3001
6.63 22.1815
6.64 25.1315
6.65 28.1295
6.66 31.1361
6.67 34.0918
6.68 36.9119
6.69 39.4854
6.7 40.9553
6.71 42.216
6.72 43.1076
6.73 43.5256
6.74 43.3303
6.75 41.7161
6.76 38.5517
6.77 33.8744
6.78 27.8832
6.79 21.0093
6.8 13.8204
6.81 6.82411
6.82 2.72813
6.83 -1.59218
6.84 -5.69603
6.85 -9.64207
6.86 -13.4967
6.87 -17.3713
6.88 -21.3756
6.89 -25.535
6.9 -29.8093
6.91 -34.1074
6.92 -38.298
6.93 -39.3783
6.94 -40.8487
6.95 -42.3117
6.96 -43.736
6.97 -45.0641
6.98 -45.2218
6.99 -46.5705
7 -47.5174
7.01 -47.6853
7.02 -46.3671
7.03 -42.6255
7.04 -37.0149
7.05 -30.1057
7.06 -22.5939
7.07 -15.1819
7.08 -8.46793
7.09 -4.51169
7.1 -1.18002
7.11 1.5625
7.12 3.8418
7.13 5.79864
7.14 7.51117
7.15 9.01461
7.16 10.3691
7.17 11.6459
7.18 12.923
7.19 14.2744
7.2 15.7611
7.21 17.4287
7.22 19.2976
7.23 21.3506
7.24 23.5305
7.25 25.7422
7.26 27.8561
7.27 29.7149
7.28 31.1421
7.29 31.9394
7.3 31.8921
7.31 30.3556
7.32 27.0353
7.33 22.0271
7.34 15.6277
7.35 8.36602
7.36 0.865763
7.37 -6.29838
7.38 -10.2486
7.39 -14.6981
7.4 -18.8266
7.41 -22.7294
7.42 -26.4397
7.43 -29.9301
7.44 -33.1254
7.45 -35.9163
7.46 -38.18
7.47 -39.8014
7.48 -40.6919
7.49 -40.8028
7.5 -40.0584
7.51 -38.3704
7.52 -35.8924
7.53 -32.7673
7.54 -29.1276
7.55 -25.0741
7.56 -20.6631
7.57 -15.9082
7.58 -10.7949
7.59 -6.14634
7.6 -1.79371
7.61 3.0387
7.62 8.26103
7.63 13.7233
7.64 19.2617
7.65 24.7202
7.66 29.9611
7.67 34.8721
7.68 39.3705
7.69 40.7954
7.7 42.2614
7.71 43.7623
7.72 45.3366
7.73 46.9891
7.74 47.9513
7.75 50.0103
7.76 52.5705
7.77 54.6929
7.78 56.1156
7.79 56.5991
7.8 55.9501
7.81 51.5824
7.82 44.9004
7.83 36.3102
7.84 26.7274
7.85 17.0477
7.86 7.99159
7.87 0.0119239
7.88 -4.54419
7.89 -8.83225
7.9 -12.9501
7.91 -17.2507
7.92 -22.0166
7.93 -27.3244
7.94 -33.0843
7.95 -39.0521
7.96 -38.5098
7.97 -39.9236
7.98 -41.4163
7.99 -42.9588
8 -44.5089
8.01 -45.7953
8.02 -49.3434
8.03 -52.7997
8.04 -55.5151
8.05 -57.3096
8.06 -58.0501
8.07 -57.6419
8.08 -54.1688
8.09 -48.2636
8.1 -40.2946
8.11 -30.8381
8.12 -20.4827
8.13 -9.77191
8.14 0.823819
8.15 9.31818
8.16 16.031
8.17 22.1718
8.18 27.6685
8.19 32.4842
8.2 36.6111
8.21 37.7653
8.22 38.3849
8.23 38.9956
8.24 39.6344
8.25 40.3207
8.26 41.0564
8.27 41.8279
8.28 42.6075
8.29 43.3484
8.3 43.9842
8.31 44.435
8.32 44.6127
8.33 44.4283
8.34 41.8379
8.35 36.595
8.36 29.2602
8.37 20.5628
8.38 11.321
8.39 4.17884
8.4 -1.88443
8.41 -7.58124
8.42 -12.8596
8.43 -17.6981
8.44 -22.1612
8.45 -26.3067
8.46 -30.0892
8.47 -33.4195
8.48 -36.1728
8.49 -38.2165
8.5 -38.2379
8.51 -38.3733
8.52 -38.2228
8.53 -37.281
8.54 -35.5921
8.55 -33.4636
8.56 -31.1793
8.57 -28.964
8.58 -26.9342
8.59 -25.0806
8.6 -23.2808
8.61 -21.3422
8.62 -19.0564
8.63 -16.256
8.64 -12.8681
8.65 -8.94384
8.66 -5.27004
8.67 -1.99969
8.68 1.35433
8.69 4.63339
8.7 7.64225
8.71 10.1872
8.72 12.1341
8.73 13.4287
8.74 14.098
8.75 14.2366
8.76 13.9815
8.77 13.3063
8.78 12.5529
8.79 11.8449
8.8 11.2403
8.81 10.6922
8.82 10.0732
8.83 9.2186
8.84 7.97649
8.85 6.25411
8.86 4.04756
8.87 1.44924
8.88 -1.36477
8.89 -4.16446
8.9 -6.70703
8.91 -8.78014
8.92 -10.2364
8.93 -11.0145
8.94 -11.1454
8.95 -10.8657
8.96 -10.4114
8.97 -9.81829
8.98 -9.15883
8.99 -8.49929
9 -7.89595
9.01 -7.38912
9.02 -6.99834
9.03 -6.72113
9.04 -6.5332
9.05 -6.38923
9.06 -6.22692
9.07 -5.97426
9.08 -5.55645
9.09 -4.90307
9.1 -3.95397
9.11 -2.66325
9.12 -1.00471
9.13 1.02344
9.14 3.39763
9.15 6.07007
9.16 8.94601
9.17 11.9001
9.18 14.817
9.19 17.5953
9.2 20.1524
9.21 22.4267
9.22 24.3765
9.23 25.9767
9.24 27.2148
9.25 28.0885
9.26 28.6022
9.27 28.7641
9.28 28.5853
9.29 27.7013
9.3 26.3417
9.31 24.576
9.32 22.5181
9.33 20.2783
9.34 17.9526
9.35 15.6149
9.36 13.3084
9.37 11.046
9.38 8.83645
9.39 6.70606
9.4 4.67553
9.41 2.74046
9.42 0.879513
9.43 -0.931045
9.44 -2.70329
9.45 -4.42919
9.46 -6.07581
9.47 -7.586
9.48 -8.8851
9.49 -9.89261
9.5 -10.5351
9.51 -10.7586
9.52 -10.5372
9.53 -10.116
9.54 -9.38065
9.55 -8.37423
9.56 -7.12791
9.57 -5.68962
9.58 -4.12238
9.59 -2.4979
9.6 -0.888397
9.61 0.643474
9.62 2.05346
9.63 3.31893
9.64 4.43936
9.65 5.43442
9.66 6.33751
9.67 7.18702
9.68 8.01516
9.69 8.82531
9.7 9.59293
9.71 10.2827
9.72 10.8502
9.73 11.2459
9.74 11.4188
9.75 11.3222
9.76 10.7168
9.77 9.67278
9.78 8.24657
9.79 6.54853
9.8 4.713
9.81 2.87486
9.82 1.14702
9.83 -0.395348
9.84 -1.72436
9.85 -2.86166
9.86 -3.87228
9.87 -4.8511
9.88 -5.90266
9.89 -7.11929
9.9 -8.56845
9.91 -10.2859
9.92 -12.2692
9.93 -14.4779
9.94 -16.8408
9.95 -19.2629
9.96 -21.6314
9.97 -23.8229
9.98 -25.7092
9.99 -27.1663
10 -27.6698
10.01 -27.909
10.02 -27.7125
10.03 -27.0198
10.04 -25.7879
10.05 -23.9932
10.06 -21.6483
10.07 -18.8093
10.08 -15.5745
10.09 -12.0827
10.1 -8.50108
10.11 -5.0092
10.12 -1.78454
10.13 1.01376
10.14 3.262
10.15 4.88401
10.16 5.85803
10.17 6.21973
10.18 6.05958
10.19 5.2889
10.2 4.28223
10.21 3.30033
10.22 2.59542
10.23 2.34151
10.24 2.56199
10.25 3.11847
10.26 3.99907
10.27 5.1254
10.28 6.39536
10.29 7.69476
10.3 8.91093
10.31 9.94498
10.32 10.7191
10.33 11.181
10.34 11.307
10.35 11.0648
10.36 10.3713
10.37 9.34522
10.38 8.09557
10.39 6.73506
10.4 5.36454
10.41 4.06178
10.42 2.87473
10.43 1.82018
10.44 0.886217
10.45 0.0368842
10.46 -0.779665
10.47 -1.6204
10.48 -2.53809
10.49 -3.57364
10.5 -4.7492
10.51 -6.06313
10.52 -7.48696
10.53 -8.96694
10.54 -10.4308
10.55 -11.7979
10.56 -12.9907
10.57 -13.9459
10.58 -14.6175
10.59 -14.9805
10.6 -15.0357
10.61 -14.8324
10.62 -14.4421
10.63 -13.8689
10.64 -13.1277
10.65 -12.2321
10.66 -11.1937
10.67 -10.0202
10.68 -8.71553
10.69 -7.27969
10.7 -5.71171
10.71 -4.01313
10.72 -2.18987
10.73 -0.25399
10.74 1.77514
10.75 3.86885
10.76 5.98714
10.77 8.05629
10.78 9.98572
10.79 11.7111
10.8 13.2003
10.81 14.4529
10.82 15.4925
10.83 16.3561
10.84 17.08
10.85 17.687
10.86 18.1772
10.87 18.5279
10.88 18.6945
10.89 18.6141
10.9 18.104
10.91 17.1289
10.92 15.6928
10.93 13.9147
10.94 11.8551
10.95 9.6712
10.96 7.53163
10.97 5.59776
10.98 3.99843
10.99 2.81205
11 2.05751
11.01 1.6928
11.02 1.62306
11.03 1.70662
11.04 1.7982
11.05 1.79626
11.06 1.55976
11.07 1.02111
11.08 0.162585
11.09 -0.980187
11.1 -2.32833
11.11 -3.77512
11.12 -5.20387
11.13 -6.50521
11.14 -7.59166
11.15 -8.40651
11.16 -8.92632
11.17 -9.15861
11.18 -9.13562
11.19 -8.94107
11.2 -8.6164
11.21 -8.1948
11.22 -7.70422
11.23 -7.16592
11.24 -6.59456
11.25 -5.99907
11.26 -5.3836
11.27 -4.74865
11.28 -4.0917
11.29 -3.40763
11.3 -2.69019
11.31 -1.93372
11.32 -1.13451
11.33 -0.29242
11.34 0.58726
11.35 1.49245
11.36 2.40358
11.37 3.29397
11.38 4.13142
11.39 4.88069
11.4 5.50664
11.41 5.97804
11.42 6.27107
11.43 6.37218
11.44 6.27988
11.45 5.94306
11.46 5.43175
11.47 4.79097
11.48 4.07756
11.49 3.34448
11.5 2.63405
11.51 1.97383
11.52 1.37537
11.53 0.835818
11.54 0.341622
11.55 -0.126429
11.56 -0.588003
11.57 -1.05871
11.58 -1.54696
11.59 -2.05252
11.6 -2.56675
11.61 -3.07429
11.62 -3.55553
11.63 -3.98948
11.64 -4.35639
11.65 -4.63981
11.66 -4.82783
11.67 -4.91349
11.68 -4.8946
11.69 -4.78932
11.7 -4.59905
11.71 -4.32418
11.72 -3.96655
11.73 -3.53034
