0.01 0.00210197
0.02 0.00683211
0.03 0.0138351
0.04 0.0264854
0.05 0.0498156
0.06 0.0896892
0.07 0.151317
0.08 0.237554
0.09 0.347542
0.1 0.476192
0.11 0.614755
0.12 0.752387
0.13 0.878315
0.14 0.984004
0.15 1.06477
0.16 1.12049
0.17 1.15511
0.18 1.17537
0.19 1.18884
0.2 1.20197
0.21 1.21846
0.22 1.23846
0.23 1.25871
0.24 1.24354
0.25 1.21338
0.26 1.16566
0.27 1.10472
0.28 1.0367
0.29 0.969693
0.3 0.912213
0.31 0.870597
0.32 0.847265
0.33 0.839534
0.34 0.839463
0.35 0.834817
0.36 0.812261
0.37 0.758554
0.38 0.663285
0.39 0.520469
0.4 0.319189
0.41 0.0511824
0.42 -0.288172
0.43 -0.698053
0.44 -1.17181
0.45 -1.69163
0.46 -2.2273
0.47 -2.73751
0.48 -3.17575
0.49 -3.5017
0.5 -3.69103
0.51 -3.74194
0.52 -3.67813
0.53 -3.54338
0.54 -3.3926
0.55 -3.27619
0.56 -3.22336
0.57 -3.2302
0.58 -3.25335
0.59 -3.21755
0.6 -3.03559
0.61 -2.63097
0.62 -1.95848
0.63 -1.02087
0.64 0.126904
0.65 1.3885
0.66 2.6461
0.67 3.78422
0.68 4.71278
0.69 5.38247
0.7 5.78964
0.71 5.96962
0.72 5.98231
0.73 5.89342
0.74 5.75354
0.75 5.58385
0.76 5.37413
0.77 5.08024
0.78 4.64139
0.79 4.00265
0.8 3.12923
0.81 2.02365
0.82 0.736535
0.83 -0.639558
0.84 -1.98708
0.85 -3.18206
0.86 -4.11215
0.87 -4.70183
0.88 -4.93452
0.89 -4.85702
0.9 -4.57131
0.91 -4.21228
0.92 -3.91569
0.93 -3.79098
0.94 -3.89759
0.95 -4.23641
0.96 -4.75771
0.97 -5.37914
0.98 -6.00353
0.99 -6.49153
1 -6.75713
1.01 -6.80682
1.02 -6.66607
1.03 -6.37823
1.04 -5.98197
1.05 -5.50362
1.06 -4.95422
1.07 -4.32937
1.08 -3.34459
1.09 -2.05055
1.1 -0.556029
1.11 0.959564
1.12 2.30639
1.13 3.32227
1.14 3.90676
1.15 4.03597
1.16 3.76284
1.17 3.19775
1.18 2.47637
1.19 1.73864
1.2 1.09195
1.21 0.659857
1.22 0.513065
1.23 0.68088
1.24 1.14173
1.25 1.8312
1.26 2.65049
1.27 3.47443
1.28 4.16966
1.29 4.49994
1.3 4.39036
1.31 3.89508
1.32 3.1042
1.33 2.1383
1.34 1.12819
1.35 0.194994
1.36 -0.570858
1.37 -1.11883
1.38 -1.70665
1.39 -2.18405
1.4 -2.52194
1.41 -2.67385
1.42 -2.6219
1.43 -2.39004
1.44 -2.04437
1.45 -1.67644
1.46 -1.38025
1.47 -1.22689
1.48 -1.24645
1.49 -1.41708
1.5 -1.68428
1.51 -1.97056
1.52 -2.1954
1.53 -2.29547
1.54 -2.23485
1.55 -2.01068
1.56 -1.65451
1.57 -1.22447
1.58 -0.794517
1.59 -0.439502
1.6 -0.214422
1.61 -0.14245
1.62 -0.229967
1.63 -0.439196
1.64 -0.697739
1.65 -0.90398
1.66 -0.947238
1.67 -0.745126
1.68 -0.27071
1.69 0.446312
1.7 1.28087
1.71 2.06727
1.72 2.62843
1.73 2.82125
1.74 2.56916
1.75 1.88037
1.76 0.837463
1.77 -0.409476
1.78 -1.69597
1.79 -2.85033
1.8 -3.72642
1.81 -4.23651
1.82 -4.37145
1.83 -4.20819
1.84 -3.89659
1.85 -3.61939
1.86 -3.54573
1.87 -3.78694
1.88 -4.36412
1.89 -5.19732
1.9 -6.12247
1.91 -6.93083
1.92 -7.4107
1.93 -7.38125
1.94 -6.74771
1.95 -5.49316
1.96 -3.68606
1.97 -1.45967
1.98 1.0218
1.99 3.58567
2 6.06836
2.01 8.3299
2.02 10.2623
2.03 11.8003
2.04 12.9258
2.05 13.6685
2.06 14.0954
2.07 14.2905
2.08 14.329
2.09 14.2513
2.1 14.0636
2.11 13.7632
2.12 13.3356
2.13 12.7899
2.14 12.173
2.15 11.5733
2.16 11.1034
2.17 10.881
2.18 11.0057
2.19 11.5395
2.2 12.5017
2.21 13.2236
2.22 14.0907
2.23 15.0962
2.24 16.2978
2.25 17.7096
2.26 19.2837
2.27 20.9067
2.28 22.416
2.29 23.6185
2.3 24.3301
2.31 24.4247
2.32 23.86
2.33 22.4958
2.34 19.8903
2.35 16.729
2.36 13.6489
2.37 11.2295
2.38 9.88449
2.39 9.77838
2.4 10.8007
2.41 12.5958
2.42 14.6311
2.43 16.2052
2.44 16.6862
2.45 15.8511
2.46 13.623
2.47 9.81744
2.48 4.89163
2.49 -0.520034
2.5 -5.62334
2.51 -9.6585
2.52 -12.0623
2.53 -12.6039
2.54 -11.4323
2.55 -9.04195
2.56 -6.1551
2.57 -3.55698
2.58 -1.92902
2.59 -1.7151
2.6 -3.04548
2.61 -5.74077
2.62 -9.40956
2.63 -13.5636
2.64 -17.744
2.65 -21.6325
2.66 -25.078
2.67 -28.0986
2.68 -30.864
2.69 -33.6436
2.7 -36.7072
2.71 -40.308
2.72 -44.5608
2.73 -49.3824
2.74 -57.0031
2.75 -62.381
2.76 -66.968
2.77 -66.0035
2.78 -64.4709
2.79 -62.8876
2.8 -61.3391
2.81 -59.9203
2.82 -58.6533
2.83 -57.5397
2.84 -56.5869
2.85 -55.11
2.86 -52.0636
2.87 -48.265
2.88 -43.8565
2.89 -38.8677
2.9 -33.2944
2.91 -27.184
2.92 -20.272
2.93 -13.4024
2.94 -7.10869
2.95 -2.03753
2.96 2.85761
2.97 5.7599
2.98 2.75974
2.99 -4.89414
3 -9.33285
3.01 -7.10939
3.02 -5.0001
3.03 -0.647373
3.04 7.11387
3.05 15.9254
3.06 24.4097
3.07 31.3224
3.08 36.1346
3.09 39.1645
3.1 41.3256
3.11 43.733
3.12 47.4076
3.13 52.8999
3.14 60.1601
3.15 66.5683
3.16 69.8311
3.17 68.6881
3.18 67.568
3.19 66.6313
3.2 65.8043
3.21 64.7934
3.22 65.648
3.23 64.062
3.24 57.1793
3.25 40.2821
3.26 16.1361
3.27 -7.83931
3.28 -29.321
3.29 -38.5895
3.3 -43.0281
3.31 -42.9831
3.32 -48.9907
3.33 -67.7241
3.34 -75.7874
3.35 -72.6307
3.36 -56.1584
3.37 -32.8458
3.38 -10.3593
3.39 10.5746
3.4 26.763
3.41 36.5148
3.42 36.0673
3.43 24.5192
3.44 8.03869
3.45 -8.38919
3.46 -21.4112
3.47 -23.9694
3.48 -17.3588
3.49 -9.09306
3.5 -1.36359
3.51 4.97927
3.52 9.59189
3.53 12.6496
3.54 14.7106
3.55 17.0759
3.56 20.2687
3.57 24.421
3.58 29.431
3.59 34.9521
3.6 40.3942
3.61 45.0294
3.62 47.7984
3.63 48.2858
3.64 47.9391
3.65 47.6781
3.66 44.4155
3.67 38.6708
3.68 30.9
3.69 21.7419
3.7 11.8977
3.71 3.00581
3.72 -4.76005
3.73 -11.2833
3.74 -15.4766
3.75 -17.8476
3.76 -18.8344
3.77 -22.3765
3.78 -24.1128
3.79 -24.8134
3.8 -24.3268
3.81 -19.4619
3.82 -14.4935
3.83 -9.46412
3.84 -4.99809
3.85 -1.3676
3.86 1.01361
3.87 0.308393
3.88 -2.82558
3.89 -7.44381
3.9 -11.6364
3.91 -15.2873
3.92 -17.2214
3.93 -18.0299
3.94 -15.3213
3.95 -9.50672
3.96 -1.14575
3.97 8.51473
3.98 18.6111
3.99 27.8341
4 34.9644
4.01 39.1467
4.02 40.0824
4.03 38.2484
4.04 34.9432
4.05 31.7797
4.06 32.7695
4.07 36.1116
4.08 40.4269
4.09 44.9201
4.1 48.0986
4.11 48.4115
4.12 44.2601
4.13 34.7861
4.14 20.9875
4.15 4.76953
4.16 -8.2723
4.17 -20.9381
4.18 -30.0887
4.19 -33.8499
4.2 -32.784
4.21 -30.9113
4.22 -26.8519
4.23 -21.5604
4.24 -16.0672
4.25 -7.61549
4.26 -1.8908
4.27 1.32304
4.28 2.08025
4.29 0.864886
4.3 -2.09481
4.31 -7.52728
4.32 -14.1723
4.33 -20.9847
4.34 -27.9576
4.35 -34.7132
4.36 -39.6891
4.37 -42.6111
4.38 -43.0211
4.39 -41.4226
4.4 -37.5649
4.41 -31.8941
4.42 -24.5024
4.43 -16.1357
4.44 -8.41017
4.45 -2.70753
4.46 0.100498
4.47 -0.584048
4.48 -4.02167
4.49 -8.77849
4.5 -13.0666
4.51 -15.8052
4.52 -16.5133
4.53 -15.2347
4.54 -12.8966
4.55 -10.0934
4.56 -6.99022
4.57 -4.24217
4.58 -2.03784
4.59 -0.71357
4.6 0.250045
4.61 1.44664
4.62 3.38436
4.63 6.16519
4.64 9.61503
4.65 12.2717
4.66 14.6886
4.67 16.3878
4.68 16.8564
4.69 15.8745
4.7 13.4496
4.71 9.83491
4.72 6.87976
4.73 1.73017
4.74 -4.58683
4.75 -10.0784
4.76 -14.2062
4.77 -15.6706
4.78 -15.6352
4.79 -14.9203
4.8 -14.1839
4.81 -14.0183
4.82 -14.8065
4.83 -16.6566
4.84 -19.4373
4.85 -22.8234
4.86 -26.4514
4.87 -30.37
4.88 -32.8144
4.89 -33.5815
4.9 -32.4313
4.91 -29.389
4.92 -24.7508
4.93 -19.0366
4.94 -12.8983
4.95 -8.21457
4.96 -3.91053
4.97 -0.259354
4.98 2.59757
4.99 4.72082
5 6.29529
5.01 7.57958
5.02 8.83158
5.03 10.2408
5.04 11.8885
5.05 13.7182
5.06 15.5398
5.07 17.075
5.08 18.0113
5.09 18.098
5.1 16.9197
5.11 14.7235
5.12 11.8304
5.13 8.73762
5.14 5.97819
5.15 4.00098
5.16 3.11407
5.17 3.47224
5.18 5.05111
5.19 7.09419
5.2 9.08145
5.21 10.8169
5.22 11.9459
5.23 12.2043
5.24 11.5034
5.25 9.66227
5.26 6.8114
5.27 1.87297
5.28 -3.66929
5.29 -8.88151
5.3 -12.7755
5.31 -13.5532
5.32 -12.7082
5.33 -10.309
5.34 -6.91206
5.35 -3.20709
5.36 0.241392
5.37 3.04977
5.38 4.69176
5.39 4.8484
5.4 3.74978
5.41 1.77697
5.42 -0.5781
5.43 -2.55298
5.44 -4.35353
5.45 -5.72346
5.46 -6.63067
5.47 -7.06147
5.48 -7.03266
5.49 -6.67777
5.5 -6.1156
5.51 -5.41543
5.52 -4.57842
5.53 -3.554
5.54 -1.97488
5.55 -0.391597
5.56 1.49795
5.57 3.7733
5.58 6.1051
5.59 8.18165
5.6 9.66825
5.61 10.5523
5.62 9.58846
5.63 8.04322
5.64 5.97853
5.65 5.76716
5.66 3.17559
5.67 -0.67587
5.68 -4.27846
5.69 -7.30316
5.7 -9.36735
5.71 -9.67039
5.72 -8.94136
5.73 -7.98895
5.74 -7.2231
5.75 -6.93174
5.76 -7.23033
5.77 -8.04856
5.78 -9.15821
5.79 -10.401
5.8 -10.7607
5.81 -10.3581
5.82 -9.06288
5.83 -6.96872
5.84 -4.05529
5.85 -1.39744
5.86 1.10005
5.87 3.88569
5.88 6.87718
5.89 9.99902
5.9 13.1836
5.91 16.3667
5.92 19.4775
5.93 22.3633
5.94 24.8415
5.95 26.8127
5.96 28.2478
5.97 29.1727
5.98 30.6112
5.99 31.2922
6 31.3833
6.01 30.8055
6.02 29.4588
6.03 28.05
6.04 25.4237
6.05 21.9754
6.06 17.9575
6.07 13.6973
6.08 10.1096
6.09 7.71434
6.1 6.51866
6.11 6.37916
6.12 7.1932
6.13 8.38225
6.14 9.22689
6.15 9.39899
6.16 8.74405
6.17 7.28311
6.18 5.17387
6.19 2.64838
6.2 -0.235026
6.21 -3.05806
6.22 -5.65183
6.23 -7.87449
6.24 -9.77616
6.25 -11.3949
6.26 -12.8155
6.27 -13.9697
6.28 -14.7463
6.29 -15.0069
6.3 -14.6292
6.31 -13.5713
6.32 -11.927
6.33 -9.82932
6.34 -7.59156
6.35 -5.70998
6.36 -4.82738
6.37 -5.26536
6.38 -7.28399
6.39 -10.4864
6.4 -14.0274
6.41 -17.6704
6.42 -20.9679
6.43 -23.4186
6.44 -24.5899
6.45 -24.0559
6.46 -21.6553
6.47 -17.5341
6.48 -10.0656
6.49 -1.67978
6.5 6.39664
6.51 12.6675
6.52 16.3053
6.53 17.3096
6.54 15.1623
6.55 12.7199
6.56 10.479
6.57 11.6576
6.58 13.5671
6.59 16.7572
6.6 18.1813
6.61 18.2596
6.62 16.5947
6.63 13.2296
6.64 9.08016
6.65 5.63909
6.66 3.28108
6.67 2.26554
6.68 2.53401
6.69 3.7669
6.7 5.6777
6.71 7.62662
6.72 9.00098
6.73 9.56004
6.74 9.24276
6.75 8.1154
6.76 5.82199
6.77 3.00819
6.78 0.0498609
6.79 -2.83983
6.8 -5.49592
6.81 -7.78843
6.82 -9.63984
6.83 -11.0671
6.84 -12.1668
6.85 -12.8194
6.86 -12.9454
6.87 -12.5048
6.88 -11.5322
6.89 -10.1664
6.9 -8.64669
6.91 -7.27221
6.92 -6.33073
6.93 -5.99186
6.94 -6.61597
6.95 -8.00528
6.96 -9.86586
6.97 -11.8588
6.98 -13.732
6.99 -15.2774
7 -16.6475
7.01 -17.4531
7.02 -17.8647
7.03 -18.0034
7.04 -17.8647
7.05 -17.4189
7.06 -16.6116
7.07 -15.3985
7.08 -13.7807
7.09 -11.8165
7.1 -8.65107
7.11 -4.92917
7.12 -1.33134
7.13 1.71906
7.14 3.91481
7.15 5.2882
7.16 5.95434
7.17 5.15488
7.18 4.53016
7.19 4.42248
7.2 5.07128
7.21 7.66707
7.22 9.52219
7.23 11.5441
7.24 13.5975
7.25 15.418
7.26 16.5833
7.27 16.8613
7.28 16.2336
7.29 14.763
7.3 12.6231
7.31 10.0879
7.32 7.50188
7.33 5.22134
7.34 3.56016
7.35 2.77896
7.36 3.06356
7.37 3.92819
7.38 5.16668
7.39 6.71259
7.4 8.28949
7.41 9.5818
7.42 10.2273
7.43 9.7753
7.44 8.01972
7.45 3.31624
7.46 -3.3367
7.47 -10.7892
7.48 -16.631
7.49 -20.6004
7.5 -22.4879
7.51 -22.1151
7.52 -19.7417
7.53 -16.0011
7.54 -11.7543
7.55 -7.60717
7.56 -4.53082
7.57 -3.19837
7.58 -3.92682
7.59 -6.22406
7.6 -9.27698
7.61 -12.1331
7.62 -13.7258
7.63 -13.8678
7.64 -12.4394
7.65 -9.64668
7.66 -6.70211
7.67 -2.86634
7.68 1.13848
7.69 4.8488
7.7 7.88454
7.71 10.0362
7.72 11.2589
7.73 11.6448
7.74 11.3327
7.75 10.5724
7.76 9.53982
7.77 8.38329
7.78 7.19862
7.79 6.04379
7.8 4.95817
7.81 3.86694
7.82 2.88074
7.83 2.0394
7.84 1.41437
7.85 1.05862
7.86 0.999926
7.87 1.23534
7.88 1.72391
7.89 2.40128
7.9 3.20103
7.91 3.9672
7.92 4.32469
7.93 4.35248
7.94 4.22989
7.95 4.1038
7.96 4.10394
7.97 4.43368
7.98 4.85977
7.99 5.33088
8 5.71522
8.01 5.87321
8.02 5.69742
8.03 4.57798
8.04 2.54988
8.05 0.0676824
8.06 -2.37803
8.07 -4.34858
8.08 -5.5578
8.09 -5.92671
8.1 -5.58169
8.11 -4.61409
8.12 -3.63009
8.13 -3.03126
8.14 -2.99286
8.15 -3.66734
8.16 -4.89379
8.17 -6.43476
8.18 -8.00393
8.19 -9.32718
8.2 -10.19
8.21 -10.4225
8.22 -10.0912
8.23 -9.25819
8.24 -8.05433
8.25 -6.63897
8.26 -5.19169
8.27 -3.88294
8.28 -2.85196
8.29 -2.19219
8.3 -1.94155
8.31 -2.08472
8.32 -2.54035
8.33 -3.16279
8.34 -3.78389
8.35 -4.23263
8.36 -4.30397
8.37 -3.99561
8.38 -3.24037
8.39 -2.04815
8.4 -0.475038
8.41 1.38963
8.42 3.41692
8.43 5.45965
8.44 7.39216
8.45 9.12235
8.46 10.5947
8.47 11.7876
8.48 12.7039
8.49 13.3618
8.5 13.7856
8.51 13.9969
8.52 14.0089
8.53 13.8278
8.54 13.4542
8.55 12.6652
8.56 11.4656
8.57 9.99248
8.58 8.39593
8.59 6.82166
8.6 5.38379
8.61 4.14673
8.62 3.12075
8.63 2.26833
8.64 1.51805
8.65 0.786242
8.66 -0.000479272
8.67 -0.874143
8.68 -1.82755
8.69 -2.85489
8.7 -3.90635
8.71 -4.92136
8.72 -5.83791
8.73 -6.60186
8.74 -7.17219
8.75 -7.52225
8.76 -7.64257
8.77 -7.48007
8.78 -7.13516
8.79 -6.63861
8.8 -6.02546
8.81 -5.32777
8.82 -4.57374
8.83 -3.7803
8.84 -2.94854
8.85 -2.08953
8.86 -1.17918
8.87 -0.202869
8.88 0.845312
8.89 1.95207
8.9 3.16628
8.91 4.31382
8.92 5.32532
8.93 6.12628
8.94 6.6596
8.95 6.89291
8.96 6.82509
8.97 6.48679
8.98 5.74784
8.99 4.79667
9 3.75951
9.01 2.76029
9.02 1.87937
9.03 1.14167
9.04 0.519475
9.05 -0.053601
9.06 -0.660663
9.07 -1.37835
9.08 -2.25773
9.09 -3.04055
9.1 -4.00196
9.11 -5.17048
9.12 -6.45795
9.13 -7.73337
9.14 -8.86903
9.15 -9.76228
9.16 -10.3502
9.17 -10.6266
9.18 -10.5988
9.19 -10.3019
9.2 -9.77814
9.21 -9.06713
9.22 -8.17744
9.23 -7.13994
9.24 -5.96677
9.25 -4.68406
9.26 -3.29674
9.27 -1.8152
9.28 -0.253997
9.29 1.35973
9.3 3.02004
9.31 4.62827
9.32 6.06155
9.33 7.25918
9.34 8.1832
9.35 8.81658
9.36 9.16357
9.37 9.2483
9.38 9.10758
9.39 8.69887
9.4 8.08447
9.41 7.36792
9.42 6.64241
9.43 5.97817
9.44 5.40864
9.45 4.92471
9.46 4.47645
9.47 3.9852
9.48 3.3621
9.49 2.5322
9.5 1.45444
9.51 0.131246
9.52 -1.40273
9.53 -3.04538
9.54 -4.68689
9.55 -6.19591
9.56 -7.46528
9.57 -8.13578
9.58 -8.50997
9.59 -8.70776
9.6 -8.7865
9.61 -8.7834
9.62 -8.70408
9.63 -8.52238
9.64 -8.19311
9.65 -7.6686
9.66 -6.7921
9.67 -5.65257
9.68 -4.26677
9.69 -2.70678
9.7 -1.05992
9.71 0.584182
9.72 2.14446
9.73 3.69563
9.74 4.96921
9.75 5.9591
9.76 6.65437
9.77 7.08363
9.78 7.30727
9.79 7.40615
9.8 7.4644
9.81 7.50206
9.82 7.60117
9.83 7.79422
9.84 8.07106
9.85 8.37705
9.86 8.62383
9.87 8.7044
9.88 8.51595
9.89 7.98604
9.9 7.09063
9.91 5.84608
9.92 4.35589
9.93 2.76396
9.94 1.18281
9.95 -0.273506
9.96 -1.51927
9.97 -2.52183
9.98 -3.30091
9.99 -3.91007
10 -4.42521
10.01 -4.94019
10.02 -5.5461
10.03 -5.78444
10.04 -6.37718
10.05 -7.30086
10.06 -8.50431
10.07 -9.86795
10.08 -11.2295
10.09 -12.4088
10.1 -13.2419
10.11 -13.6141
10.12 -13.4722
10.13 -12.7524
10.14 -11.5896
10.15 -10.1635
10.16 -8.67719
10.17 -7.31776
10.18 -6.2096
10.19 -5.38198
10.2 -4.76276
10.21 -4.19344
10.22 -3.46635
10.23 -2.37732
10.24 -0.737549
10.25 1.41644
10.26 3.97855
10.27 6.7903
10.28 9.65181
10.29 12.3534
10.3 14.7074
10.31 16.5753
10.32 17.8848
10.33 18.6332
10.34 18.8809
10.35 19.2744
10.36 19.413
10.37 18.9736
10.38 17.9423
10.39 16.4479
10.4 14.7892
10.41 13.2835
10.42 12.0028
10.43 10.7372
10.44 9.34089
10.45 7.64456
10.46 5.51715
10.47 2.93684
10.48 -0.0127847
10.49 -3.19816
10.5 -5.81328
10.51 -7.83743
10.52 -9.98139
10.53 -12.1828
10.54 -14.3236
10.55 -16.2442
10.56 -17.7701
10.57 -18.7437
10.58 -19.0491
10.59 -18.6344
10.6 -17.333
10.61 -15.3581
10.62 -12.9538
10.63 -10.4151
10.64 -8.02228
10.65 -5.99353
10.66 -4.45041
10.67 -3.40333
10.68 -2.67448
10.69 -2.16885
10.7 -1.72276
10.71 -1.12569
10.72 -0.226924
10.73 1.03781
10.74 2.65897
10.75 4.55331
10.76 6.57831
10.77 8.55463
10.78 10.2976
10.79 11.6481
10.8 12.4983
10.81 12.8101
10.82 12.6153
10.83 12.0014
10.84 11.0876
10.85 9.99787
10.86 8.81114
10.87 7.57984
10.88 6.34375
10.89 5.10235
10.9 3.83454
10.91 2.50787
10.92 1.09398
10.93 -0.419426
10.94 -2.01422
10.95 -3.64193
10.96 -5.24513
10.97 -6.77315
10.98 -8.18715
10.99 -8.79772
11 -9.5514
11.01 -10.4321
11.02 -11.3968
11.03 -12.3739
11.04 -13.2311
11.05 -13.8293
11.06 -13.9366
11.07 -13.5239
11.08 -12.5842
11.09 -11.1921
11.1 -9.48604
11.11 -7.64722
11.12 -5.86501
11.13 -4.29789
11.14 -3.03954
11.15 -2.09955
11.16 -1.4046
11.17 -0.772626
11.18 -0.10998
11.19 0.710158
11.2 1.75866
11.21 3.05517
11.22 4.56547
11.23 6.20815
11.24 7.86974
11.25 9.4256
11.26 10.7619
11.27 11.794
11.28 12.4785
11.29 12.8176
11.3 12.8522
11.31 12.6499
11.32 12.2879
11.33 11.8349
11.34 11.2925
11.35 10.7042
11.36 10.0617
11.37 9.34043
11.38 8.50519
11.39 7.52227
11.4 6.36958
11.41 5.04343
11.42 3.56071
11.43 1.95692
11.44 0.280885
11.45 -1.41199
11.46 -3.04566
11.47 -4.54395
11.48 -5.86594
11.49 -7.00095
11.5 -7.40528
11.51 -7.99329
11.52 -8.62857
11.53 -9.30362
11.54 -9.97687
11.55 -10.5836
11.56 -11.0503
11.57 -11.3082
11.58 -11.3057
11.59 -10.966
11.6 -10.288
11.61 -9.33721
11.62 -8.20159
11.63 -6.97661
11.64 -5.74628
11.65 -4.56898
11.66 -3.47091
11.67 -2.44753
11.68 -1.47192
11.69 -0.506718
11.7 0.521124
11.71 1.59515
11.72 2.68492
11.73 3.75676
