0.005 0.491046
0.01 0.488192
0.015 0.485654
0.02 0.483329
0.025 0.481407
0.03 0.479561
0.035 0.477915
0.04 0.476528
0.045 0.475351
0.05 0.474218
0.055 0.472988
0.06 0.4726
0.065 0.473796
0.07 0.476115
0.075 0.480157
0.08 0.48436
0.085 0.487211
0.09 0.487013
0.095 0.484236
0.1 0.475066
0.105 0.458079
0.11 0.432976
0.115 0.399979
0.12 0.363504
0.125 0.322283
0.13 0.283024
0.135 0.246245
0.14 0.210658
0.145 0.181154
0.15 0.15703
0.155 0.152848
0.16 0.176945
0.165 0.24331
0.17 0.364546
0.175 0.522667
0.18 0.673512
0.185 0.805076
0.19 0.908489
0.195 0.952993
0.2 0.912416
0.205 0.777204
0.21 0.598191
0.215 0.453464
0.22 0.362589
0.225 0.310756
0.23 0.273303
0.235 0.235833
0.24 0.195163
0.245 0.149675
0.25 0.118005
0.255 0.102282
0.26 0.0860871
0.265 0.0379772
0.27 -0.0340273
0.275 -0.115968
0.28 -0.211947
0.285 -0.316614
0.29 -0.445843
0.295 -0.585822
0.3 -0.708862
0.305 -0.799915
0.31 -0.849983
0.315 -0.851404
0.32 -0.779107
0.325 -0.624423
0.33 -0.392051
0.335 -0.111493
0.34 0.165886
0.345 0.393885
0.35 0.54505
0.355 0.631052
0.36 0.674005
0.365 0.743888
0.37 0.864817
0.375 1.06291
0.38 1.34916
0.385 1.69644
0.39 2.08205
0.395 2.43577
0.4 2.71067
0.405 2.85732
0.41 2.88164
0.415 2.78632
0.42 2.59467
0.425 2.34227
0.43 2.04416
0.435 1.76842
0.44 1.51054
0.445 1.24738
0.45 0.91574
0.455 0.5417
0.46 0.15298
0.465 -0.2032
0.47 -0.480908
0.475 -0.745994
0.48 -1.00523
0.485 -1.3278
0.49 -1.6856
0.495 -1.98456
0.5 -2.17274
0.505 -2.22273
0.51 -2.14657
0.515 -1.94848
0.52 -1.69432
0.525 -1.42175
0.53 -1.1543
0.535 -0.872031
0.54 -0.57899
0.545 -0.3092
0.55 -0.0624774
0.555 0.178025
0.56 0.449048
0.565 0.768491
0.57 1.1171
0.575 1.46919
0.58 1.78558
0.585 2.04714
0.59 2.25615
0.595 2.42686
0.6 2.52804
0.605 2.55577
0.61 2.52846
0.615 2.45316
0.62 2.34382
0.625 2.14241
0.63 1.81155
0.635 1.36919
0.64 0.905711
0.645 0.518464
0.65 0.255169
0.655 0.16853
0.66 0.292327
0.665 0.670124
0.67 1.22867
0.675 1.89022
0.68 2.56828
0.685 3.20986
0.69 3.84164
0.695 4.45448
0.7 5.03192
0.705 5.53658
0.71 5.99072
0.715 6.33241
0.72 6.52232
0.725 6.55013
0.73 6.33395
0.735 5.83615
0.74 5.08157
0.745 4.15479
0.75 3.17717
0.755 2.32402
0.76 1.6879
0.765 1.24826
0.77 1.02734
0.775 0.955775
0.78 1.00267
0.785 1.21572
0.79 1.62812
0.795 2.21577
0.8 2.81172
0.805 3.24435
0.81 3.31943
0.815 3.02007
0.82 2.28701
0.825 1.18549
0.83 -0.00968187
0.835 -1.2186
0.84 -2.41501
0.845 -3.63086
0.85 -4.82233
0.855 -5.91217
0.86 -6.94124
0.865 -7.8096
0.87 -8.58976
0.875 -9.18286
0.88 -9.53389
0.885 -9.75494
0.89 -9.82974
0.895 -9.72612
0.9 -9.36223
0.905 -8.81208
0.91 -8.14236
0.915 -7.37788
0.92 -6.49571
0.925 -5.38969
0.93 -4.12724
0.935 -2.8162
0.94 -1.56759
0.945 -0.406865
0.95 0.690242
0.955 1.65884
0.96 2.52893
0.965 3.23781
0.97 3.88383
0.975 4.45399
0.98 4.97486
0.985 5.52164
0.99 6.11725
0.995 6.83082
1 7.63367
1.005 8.57937
1.01 9.6714
1.015 10.8907
1.02 12.2662
1.025 13.6443
1.03 14.8688
1.035 15.668
1.04 15.9643
1.045 15.7578
1.05 15.115
1.055 14.2848
1.06 13.3521
1.065 12.396
1.07 11.4741
1.075 10.5433
1.08 9.62803
1.085 8.53708
1.09 7.15978
1.095 5.42367
1.1 3.50204
1.105 1.56045
1.11 -0.350308
1.115 -2.12054
1.12 -3.66599
1.125 -4.83114
1.13 -5.54804
1.135 -5.96223
1.14 -6.36876
1.145 -6.93994
1.15 -7.74857
1.155 -8.86493
1.16 -10.1354
1.165 -11.3878
1.17 -12.4655
1.175 -13.2358
1.18 -13.6001
1.185 -13.4342
1.19 -12.7455
1.195 -11.5584
1.2 -10.0733
1.205 -8.47932
1.21 -6.98907
1.215 -5.78206
1.22 -4.89938
1.225 -4.29985
1.23 -3.90377
1.235 -3.68505
1.24 -3.61437
1.245 -3.59402
1.25 -3.59986
1.255 -3.52525
1.26 -3.38393
1.265 -3.06118
1.27 -2.46314
1.275 -1.68562
1.28 -0.790446
1.285 0.178491
1.29 1.36358
1.295 2.7453
1.3 4.25679
1.305 5.8434
1.31 7.49417
1.315 9.17546
1.32 10.6712
1.325 11.9231
1.33 12.9428
1.335 13.6468
1.34 14.0956
1.345 14.3696
1.35 14.5377
1.355 14.6206
1.36 14.614
1.365 14.4934
1.37 14.1986
1.375 13.7702
1.38 13.1537
1.385 12.4093
1.39 11.3821
1.395 9.98684
1.4 8.23685
1.405 6.28624
1.41 4.38346
1.415 2.59553
1.42 1.01441
1.425 -0.383355
1.43 -1.69121
1.435 -2.96981
1.44 -4.24437
1.445 -5.49267
1.45 -6.71349
1.455 -7.96057
1.46 -9.29116
1.465 -10.7841
1.47 -12.3987
1.475 -14.1095
1.48 -15.8251
1.485 -17.5911
1.49 -19.3344
1.495 -20.9419
1.5 -22.3804
1.505 -23.5941
1.51 -24.4596
1.515 -24.879
1.52 -24.8367
1.525 -24.3531
1.53 -23.5238
1.535 -22.4523
1.54 -21.164
1.545 -19.6576
1.55 -17.7768
1.555 -15.54
1.56 -13.0227
1.565 -10.3468
1.57 -7.51423
1.575 -4.60981
1.58 -1.75379
1.585 1.04434
1.59 3.72016
1.595 6.12477
1.6 8.08874
1.605 9.58955
1.61 10.568
1.615 11.098
1.62 11.3238
1.625 11.2427
1.63 10.8169
1.635 9.9425
1.64 8.79988
1.645 7.53796
1.65 6.2685
1.655 5.186
1.66 4.43525
1.665 4.17593
1.67 4.48573
1.675 5.44109
1.68 6.9626
1.685 8.87884
1.69 11.0995
1.695 13.5859
1.7 16.2569
1.705 18.8647
1.71 21.2852
1.715 23.3749
1.72 25.0095
1.725 26.156
1.73 26.8317
1.735 27.0539
1.74 26.798
1.745 26.1473
1.75 25.1958
1.755 24.0592
1.76 22.7384
1.765 21.2898
1.77 19.8053
1.775 18.3403
1.78 17.0371
1.785 15.7901
1.79 14.4592
1.795 12.8375
1.8 10.7788
1.805 8.13676
1.81 4.80662
1.815 0.820814
1.82 -3.67003
1.825 -8.4215
1.83 -13.3469
1.835 -18.2403
1.84 -22.9148
1.845 -27.1986
1.85 -30.948
1.855 -34.01
1.86 -36.2741
1.865 -37.6162
1.87 -37.8771
1.875 -37.061
1.88 -35.2214
1.885 -32.5945
1.89 -29.5008
1.895 -26.1718
1.9 -22.7477
1.905 -19.3714
1.91 -16.2075
1.915 -13.3181
1.92 -10.7451
1.925 -8.47091
1.93 -6.54432
1.935 -5.05832
1.94 -4.20028
1.945 -4.01567
1.95 -4.36403
1.955 -5.13546
1.96 -6.12218
1.965 -7.18115
1.97 -8.2123
1.975 -9.11744
1.98 -9.78057
1.985 -10.1513
1.99 -10.3381
1.995 -10.4323
2 -10.4924
2.005 -10.3946
2.01 -10.0339
2.015 -9.31015
2.02 -8.22349
2.025 -6.97941
2.03 -5.74097
2.035 -4.50203
2.04 -3.21625
2.045 -1.81936
2.05 -0.288387
2.055 1.29395
2.06 2.99326
2.065 4.87491
2.07 6.99696
2.075 9.43935
2.08 12.1847
2.085 15.1169
2.09 18.0291
2.095 20.8425
2.1 23.4708
2.105 25.8767
2.11 28.0159
2.115 29.8614
2.12 31.4324
2.125 32.6457
2.13 33.4477
2.135 33.7765
2.14 33.5581
2.145 32.6505
2.15 31.0306
2.155 28.7965
2.16 26.0508
2.165 22.8613
2.17 19.3436
2.175 15.801
2.18 12.4664
2.185 9.4983
2.19 6.95355
2.195 4.7935
2.2 2.92059
2.205 1.22737
2.21 -0.385273
2.215 -2.03237
2.22 -3.74869
2.225 -5.47241
2.23 -6.97999
2.235 -8.11839
2.24 -8.8391
2.245 -9.09893
2.25 -8.95058
2.255 -8.50836
2.26 -8.04976
2.265 -7.65176
2.27 -7.42987
2.275 -7.55536
2.28 -8.0603
2.285 -8.9512
2.29 -10.0758
2.295 -11.1558
2.3 -11.9518
2.305 -12.4034
2.31 -12.3263
2.315 -11.8571
2.32 -11.3008
2.325 -10.8616
2.33 -10.6559
2.335 -10.7505
2.34 -11.2209
2.345 -12.0747
2.35 -13.4607
2.355 -15.3274
2.36 -17.5261
2.365 -20.0158
2.37 -22.7024
2.375 -25.4213
2.38 -27.8743
2.385 -29.8655
2.39 -31.0737
2.395 -31.3406
2.4 -30.5941
2.405 -28.9342
2.41 -26.601
2.415 -23.7172
2.42 -20.3855
2.425 -16.6314
2.43 -12.5486
2.435 -8.20586
2.44 -3.773
2.445 0.544807
2.45 4.54798
2.455 8.05095
2.46 10.9556
2.465 13.0957
2.47 14.5786
2.475 15.5847
2.48 16.1317
2.485 16.392
2.49 16.5568
2.495 16.7885
2.5 17.1618
2.505 17.7448
2.51 18.5032
2.515 19.4326
2.52 20.4255
2.525 21.4566
2.53 22.4964
2.535 23.4637
2.54 24.266
2.545 24.7463
2.55 24.8579
2.555 24.6682
2.56 24.2079
2.565 23.5278
2.57 22.6334
2.575 21.5907
2.58 20.3938
2.585 19.1113
2.59 17.8561
2.595 16.6331
2.6 15.6748
2.605 15.0269
2.61 14.6253
2.615 14.3131
2.62 13.9198
2.625 13.2908
2.63 12.3606
2.635 11.2079
2.64 9.95399
2.645 8.78618
2.65 7.66571
2.655 6.59086
2.66 5.52303
2.665 4.34561
2.67 3.04275
2.675 1.61713
2.68 0.135633
2.685 -1.54096
2.69 -3.45761
2.695 -5.44902
2.7 -7.57336
2.705 -9.83736
2.71 -12.3117
2.715 -14.8827
2.72 -17.5971
2.725 -20.2223
2.73 -22.588
2.735 -24.6852
2.74 -26.2631
2.745 -27.3109
2.75 -27.9159
2.755 -28.2318
2.76 -28.2682
2.765 -27.9343
2.77 -27.2235
2.775 -26.0463
2.78 -24.4289
2.785 -22.4505
2.79 -20.3167
2.795 -18.2867
2.8 -16.5475
2.805 -15.2988
2.81 -14.6141
2.815 -14.4068
2.82 -14.5835
2.825 -15.0703
2.83 -15.6898
2.835 -16.3517
2.84 -16.8428
2.845 -17.0358
2.85 -16.9148
2.855 -16.4028
2.86 -15.4313
2.865 -13.9919
2.87 -12.1606
2.875 -9.95215
2.88 -7.40799
2.885 -4.55612
2.89 -1.3167
2.895 2.21673
2.9 5.85676
2.905 9.2689
2.91 12.1194
2.915 14.236
2.92 15.6604
2.925 16.5586
2.93 17.1293
2.935 17.6835
2.94 18.3826
2.945 19.4177
2.95 20.7587
2.955 22.213
2.96 23.5736
2.965 24.6896
2.97 25.5158
2.975 25.9615
2.98 26.0322
2.985 25.8636
2.99 25.6602
2.995 25.5499
3 25.5403
3.005 25.563
3.01 25.4847
3.015 25.2218
3.02 24.7411
3.025 24.1328
3.03 23.5246
3.035 23.0168
3.04 22.5201
3.045 21.8405
3.05 20.9014
3.055 19.6894
3.06 18.3467
3.065 17.0166
3.07 15.8168
3.075 14.8284
3.08 14.039
3.085 13.3875
3.09 12.7021
3.095 11.7996
3.1 10.4942
3.105 8.67834
3.11 6.36461
3.115 3.62723
3.12 0.641173
3.125 -2.4542
3.13 -5.57685
3.135 -8.70941
3.14 -11.78
3.145 -14.7768
3.15 -17.7243
3.155 -20.709
3.16 -23.7871
3.165 -26.9228
3.17 -29.9902
3.175 -32.7949
3.18 -35.0958
3.185 -36.5841
3.19 -37.1245
3.195 -36.7027
3.2 -35.4403
3.205 -33.5195
3.21 -31.2283
3.215 -28.8768
3.22 -26.6116
3.225 -24.498
3.23 -22.5385
3.235 -20.7743
3.24 -19.1948
3.245 -17.8455
3.25 -16.6728
3.255 -15.5442
3.26 -14.3264
3.265 -12.9064
3.27 -11.2771
3.275 -9.43492
3.28 -7.42598
3.285 -5.36746
3.29 -3.41416
3.295 -1.63281
3.3 -0.111934
3.305 1.00691
3.31 1.66084
3.315 1.91449
3.32 1.94213
3.325 1.83689
3.33 1.66077
3.335 1.42918
3.34 1.16709
3.345 0.920961
3.35 0.795279
3.355 0.774681
3.36 0.781803
3.365 0.878516
3.37 1.04894
3.375 1.39992
3.38 2.03406
3.385 3.03149
3.39 4.28327
3.395 5.70907
3.4 7.32258
3.405 9.14121
3.41 11.1222
3.415 12.9414
3.42 14.5492
3.425 15.8197
3.43 16.7504
3.435 17.4291
3.44 17.8671
3.445 18.1114
3.45 18.0581
3.455 17.634
3.46 16.7111
3.465 15.3911
3.47 13.7272
3.475 11.8468
3.48 9.83978
3.485 7.61335
3.49 5.24398
3.495 2.74393
3.5 0.224421
3.505 -2.41431
3.51 -5.16816
3.515 -7.95023
3.52 -10.7054
3.525 -13.2883
3.53 -15.6316
3.535 -17.5814
3.54 -19.2613
3.545 -20.6429
3.55 -21.7496
3.555 -22.3919
3.56 -22.6947
3.565 -22.7111
3.57 -22.5203
3.575 -22.3705
3.58 -22.2488
3.585 -22.2266
3.59 -22.1274
3.595 -22.0497
3.6 -21.9309
3.605 -21.7289
3.61 -21.3989
3.615 -20.6855
3.62 -19.7593
3.625 -18.6851
3.63 -17.8666
3.635 -17.3323
3.64 -17.047
3.645 -17.1517
3.65 -17.5917
3.655 -18.4022
3.66 -19.5718
3.665 -21.195
3.67 -23.1587
3.675 -25.5373
3.68 -28.2969
3.685 -31.5298
3.69 -35.3274
3.695 -39.6975
3.7 -44.4907
3.705 -49.5636
3.71 -54.7799
3.715 -59.7446
3.72 -64.3983
3.725 -68.5043
3.73 -72.066
3.735 -74.9585
3.74 -76.9588
3.745 -78.0545
3.75 -78.0998
3.755 -77.4357
3.76 -76.128
3.765 -74.271
3.77 -71.8166
3.775 -68.5493
3.78 -64.6722
3.785 -60.142
3.79 -55.1093
3.795 -49.6573
3.8 -43.9951
3.805 -38.2936
3.81 -32.6832
3.815 -27.2914
3.82 -22.0727
3.825 -21.2482
3.83 -19.1303
3.835 -16.9308
3.84 -14.3725
3.845 -11.2072
3.85 -8.72666
3.855 -5.07387
3.86 -0.751755
3.865 4.25611
3.87 9.70462
3.875 15.5906
3.88 22.2119
3.885 29.2112
3.89 36.5672
3.895 43.9714
3.9 51.2499
3.905 58.019
3.91 64.3179
3.915 70.2347
3.92 76.0388
3.925 81.7465
3.93 87.0652
3.935 92.0404
3.94 96.311
3.945 99.2816
3.95 100.818
3.955 100.851
3.96 99.2671
3.965 95.9893
3.97 91.1344
3.975 85.2738
3.98 78.1823
3.985 70.1146
3.99 61.3449
3.995 52.1545
4 42.8324
4.005 33.7689
4.01 25.1319
4.015 21.3978
4.02 17.6808
4.025 13.8964
4.03 9.85247
4.035 -3.38377
4.04 -13.3803
4.045 -16.9106
4.05 -21.2275
4.055 -27.0334
4.06 -33.8826
4.065 -41.7343
4.07 -50.5609
4.075 -60.08
4.08 -70.1878
4.085 -80.9625
4.09 -91.7809
4.095 -102.577
4.1 -112.999
4.105 -122.833
4.11 -131.657
4.115 -139.253
4.12 -145.427
4.125 -150.168
4.13 -153.374
4.135 -154.738
4.14 -152.822
4.145 -147.504
4.15 -139.164
4.155 -127.997
4.16 -114.317
4.165 -98.5099
4.17 -80.8699
4.175 -61.8344
4.18 -41.8203
4.185 -21.9157
4.19 -1.83476
4.195 18.156
4.2 37.8656
4.205 57.1236
4.21 75.5444
4.215 92.9155
4.22 108.952
4.225 113.664
4.23 120.419
4.235 120.407
4.24 121.15
4.245 120.743
4.25 119.283
4.255 116.805
4.26 113.5
4.265 109.361
4.27 104.644
4.275 99.5101
4.28 94.7234
4.285 97.984
4.29 96.506
4.295 93.9814
4.3 90.4107
4.305 86.2997
4.31 81.1109
4.315 74.9833
4.32 68.0411
4.325 56.7714
4.33 44.1522
4.335 30.1163
4.34 15.1094
4.345 -0.217072
4.35 -15.3606
4.355 -29.69
4.36 -42.6851
4.365 -53.7901
4.37 -44.8287
4.375 -42.3159
4.38 -39.4626
4.385 -36.4717
4.39 -33.5068
4.395 -30.7813
4.4 -28.3826
4.405 -26.4541
4.41 -24.9134
4.415 -23.5692
4.42 -22.0295
4.425 -20.0505
4.43 -16.5575
4.435 -11.9622
4.44 -6.61
4.445 -0.748542
4.45 5.34097
4.455 11.4248
4.46 17.2095
4.465 19.3341
4.47 21.5487
4.475 22.8707
4.48 23.3995
4.485 23.1766
4.49 22.4258
4.495 21.3878
4.5 20.2955
4.505 19.3569
4.51 20.9465
4.515 21.9219
4.52 22.888
4.525 23.8734
4.53 24.7523
4.535 25.5241
4.54 26.1858
4.545 26.0316
4.55 25.1737
4.555 23.2827
4.56 20.2566
4.565 15.9444
4.57 10.3486
4.575 3.59877
4.58 -3.98322
4.585 -12.0005
4.59 -20.0204
4.595 -27.5272
4.6 -34.1803
4.605 -39.4991
4.61 -43.1777
4.615 -45.1565
4.62 -45.3042
4.625 -43.6234
4.63 -40.2442
4.635 -35.3928
4.64 -29.3625
4.645 -22.4572
4.65 -14.8528
4.655 -6.83117
4.66 1.38955
4.665 9.72724
4.67 18.2647
4.675 27.1595
4.68 36.4604
4.685 46.3564
4.69 56.6993
4.695 67.6088
4.7 78.8797
4.705 90.3727
4.71 101.823
4.715 112.962
4.72 123.535
4.725 133.074
4.73 141.186
4.735 147.635
4.74 152.295
4.745 154.799
4.75 155.061
4.755 152.879
4.76 148.422
4.765 141.738
4.77 133.007
4.775 121.705
4.78 107.903
4.785 91.7906
4.79 73.452
4.795 53.3582
4.8 31.8546
4.805 9.85526
4.81 -11.8732
4.815 -32.5756
4.82 -51.6393
4.825 -68.6679
4.83 -83.3156
4.835 -91.0136
4.84 -92.6687
4.845 -94.2536
4.85 -94.2255
4.855 -92.8077
4.86 -90.2336
4.865 -86.7153
4.87 -82.431
4.875 -77.429
4.88 -71.9919
4.885 -66.4038
4.89 -60.9078
4.895 -55.5726
4.9 -51.8505
4.905 -51.5983
4.91 -49.4795
4.915 -47.3734
4.92 -45.1071
4.925 -42.7137
4.93 -40.2072
4.935 -37.9758
4.94 -36.3468
4.945 -35.5104
4.95 -33.2961
4.955 -31.6474
4.96 -30.2054
4.965 -28.9623
4.97 -27.9587
4.975 -27.1954
4.98 -26.7582
4.985 -26.6109
4.99 -26.5818
4.995 -26.3765
5 -25.7632
5.005 -24.5251
5.01 -22.5278
5.015 -19.665
5.02 -15.8679
5.025 -11.2529
5.03 -5.99081
5.035 0.00460463
5.04 6.30462
5.045 12.8396
5.05 19.5698
5.055 26.4262
5.06 33.5227
5.065 40.917
5.07 48.5925
5.075 56.6385
5.08 65.196
5.085 72.7716
5.09 81.0262
5.095 89.5399
5.1 98.2381
5.105 107.174
5.11 111.436
5.115 116.541
5.12 121.919
5.125 127.494
5.13 133.16
5.135 138.827
5.14 144.483
5.145 150.134
5.15 155.738
5.155 161.149
5.16 166.215
5.165 170.974
5.17 179.195
5.175 184.665
5.18 189.093
5.185 192.336
5.19 194.222
5.195 194.644
5.2 193.641
5.205 189.864
5.21 184.012
5.215 176.248
5.22 166.752
5.225 155.678
5.23 143.334
5.235 130.072
5.24 116.128
5.245 101.685
5.25 92.1752
5.255 80.5713
5.26 69.245
5.265 65.6141
5.27 61.4719
5.275 57.673
5.28 53.9393
5.285 50.1624
5.29 46.3343
5.295 41.7775
5.3 33.4557
5.305 25.583
5.31 17.6254
5.315 9.60186
5.32 1.62911
5.325 -6.46324
5.33 -13.7295
5.335 -20.2557
5.34 -26.1604
5.345 -31.5658
5.35 -36.5258
5.355 -39.3305
5.36 -42.8595
5.365 -46.2344
5.37 -49.4056
5.375 -52.5075
5.38 -55.7419
5.385 -59.2949
5.39 -62.0115
5.395 -64.1731
5.4 -65.9652
5.405 -67.572
5.41 -69.1947
5.415 -71.1179
5.42 -73.6627
5.425 -77.1157
5.43 -81.7469
5.435 -87.7943
5.44 -95.3111
5.445 -104.172
5.45 -114.255
5.455 -125.48
5.46 -137.695
5.465 -150.696
5.47 -164.262
5.475 -178.132
5.48 -191.749
5.485 -204.542
5.49 -216.032
5.495 -225.785
5.5 -233.504
5.505 -239.136
5.51 -242.655
5.515 -244.143
5.52 -243.646
5.525 -241.295
5.53 -237.207
5.535 -231.569
5.54 -224.572
5.545 -216.913
5.55 -208.236
5.555 -198.959
5.56 -189.526
5.565 -180.462
5.57 -172.013
5.575 -164.323
5.58 -171.115
5.585 -171.298
5.59 -177.651
5.595 -180.385
5.6 -182.108
5.605 -182.82
5.61 -182.569
5.615 -181.138
5.62 -178.556
5.625 -174.865
5.63 -170.033
5.635 -155.018
5.64 -139.487
5.645 -122.12
5.65 -101.99
5.655 -85.4436
5.66 -66.3913
5.665 -47.1185
5.67 -28.1267
5.675 -9.8774
5.68 7.22516
5.685 22.8294
5.69 36.5375
5.695 48.1432
5.7 57.6719
5.705 65.3952
5.71 70.806
5.715 75.3127
5.72 78.8007
5.725 81.5341
5.73 83.8749
5.735 86.1082
5.74 88.4499
5.745 90.9988
5.75 93.7044
5.755 95.7664
5.76 96.6629
5.765 96.9226
5.77 96.7355
5.775 96.2916
5.78 95.466
5.785 94.0982
5.79 92.2209
5.795 89.7973
5.8 86.7373
5.805 83.0348
5.81 78.6783
5.815 73.594
5.82 68.0199
5.825 62.3388
5.83 56.758
5.835 51.5486
5.84 46.9381
5.845 42.9141
5.85 39.3614
5.855 36.4314
5.86 34.141
5.865 32.4052
5.87 31.3694
5.875 38.2939
5.88 42.2504
5.885 46.2257
5.89 50.2146
5.895 54.1347
5.9 58.0162
5.905 61.7754
5.91 65.3188
5.915 68.6471
5.92 71.759
5.925 74.4797
5.93 76.7259
5.935 78.3673
5.94 79.2477
5.945 81.0952
5.95 81.6936
5.955 81.7861
5.96 81.5225
5.965 80.9648
5.97 80.0266
5.975 78.5418
5.98 76.5612
5.985 73.9905
5.99 70.8146
5.995 67.0711
6 62.6168
6.005 57.4201
6.01 51.5947
6.015 45.2933
6.02 38.6945
6.025 32.2146
6.03 25.7659
6.035 19.4408
6.04 13.3941
6.045 7.53724
6.05 2.14027
6.055 -2.88295
6.06 -7.66531
6.065 -12.1611
6.07 -16.3142
6.075 -20.294
6.08 -32.0321
6.085 -42.5309
6.09 -53.1707
6.095 -64.0349
6.1 -75.8741
6.105 -87.2006
6.11 -98.2259
6.115 -108.871
6.12 -118.983
6.125 -128.48
6.13 -137.337
6.135 -145.368
6.14 -152.373
6.145 -157.545
6.15 -161.977
6.155 -165.496
6.16 -167.75
6.165 -167.876
6.17 -166.532
6.175 -163.849
6.18 -160.034
6.185 -155.307
6.19 -149.734
6.195 -143.382
6.2 -136.254
6.205 -128.492
6.21 -120.24
6.215 -111.626
6.22 -103.342
6.225 -94.5148
6.23 -85.2293
6.235 -75.3482
6.24 -64.799
6.245 -53.595
6.25 -41.8287
6.255 -35.4772
6.26 -27.449
6.265 -18.7681
6.27 -9.56616
6.275 -3.07412
6.28 4.50804
6.285 11.8225
6.29 18.6235
6.295 24.7127
6.3 30.1165
6.305 34.8105
6.31 38.9401
6.315 42.5856
6.32 45.6157
6.325 48.1004
6.33 50.0736
6.335 51.4455
6.34 52.3316
6.345 52.7715
6.35 52.8958
6.355 52.6578
6.36 52.0433
6.365 51.0887
6.37 49.6815
6.375 47.7927
6.38 45.4283
6.385 42.548
6.39 39.2958
6.395 35.8461
6.4 33.6075
6.405 30.8272
6.41 28.0283
6.415 26.3422
6.42 24.3862
6.425 22.4917
6.43 20.6181
6.435 18.7605
6.44 17.1362
6.445 15.77
6.45 14.8805
6.455 14.7222
6.46 15.3087
6.465 16.68
6.47 18.9252
6.475 22.3167
6.48 26.7165
6.485 32.2553
6.49 39.0633
6.495 47.0791
6.5 56.2613
6.505 66.4425
6.51 77.274
6.515 88.437
6.52 99.5152
6.525 110.102
6.53 119.842
6.535 128.372
6.54 135.6
6.545 141.278
6.55 145.165
6.555 146.06
6.56 142.249
6.565 134.48
6.57 123.252
6.575 109.21
6.58 92.7107
6.585 74.4188
6.59 54.863
6.595 36.6548
6.6 17.299
6.605 -1.69502
6.61 -6.7127
6.615 -6.42187
6.62 -10.0891
6.625 -13.8677
6.63 -17.7336
6.635 -21.7323
6.64 -25.7417
6.645 -29.6278
6.65 -33.2157
6.655 -36.4668
6.66 -39.3405
6.665 -41.8344
6.67 -43.788
6.675 -45.1855
6.68 -46.1017
6.685 -46.5919
6.69 -49.409
6.695 -58.0055
6.7 -63.7361
6.705 -68.6731
6.71 -73.6196
6.715 -77.2778
6.72 -80.2453
6.725 -82.5359
6.73 -84.0943
6.735 -84.9224
6.74 -84.9144
6.745 -84.0823
6.75 -82.5189
6.755 -77.3306
6.76 -70.8415
6.765 -63.1231
6.77 -54.7283
6.775 -46.0505
6.78 -37.5059
6.785 -29.3574
6.79 -22.3516
6.795 -15.8531
6.8 -10.0032
6.805 -4.91599
6.81 -0.628517
6.815 2.80048
6.82 5.51989
6.825 7.5273
6.83 8.91281
6.835 9.66481
6.84 9.78374
6.845 9.38121
6.85 8.57504
6.855 7.5329
6.86 6.45079
6.865 5.57551
6.87 5.1089
6.875 5.1557
6.88 5.85289
6.885 7.34636
6.89 10.4175
6.895 14.7028
6.9 20.3038
6.905 27.0585
6.91 34.2023
6.915 42.4787
6.92 51.2784
6.925 60.2271
6.93 69.0486
6.935 77.3958
6.94 78.9623
6.945 81.492
6.95 83.8679
6.955 86.029
6.96 85.0517
6.965 85.3441
6.97 85.3256
6.975 84.9695
6.98 84.5692
6.985 83.9848
6.99 83.0822
6.995 80.5228
7 77.2797
7.005 73.346
7.01 68.9958
7.015 64.5828
7.02 60.4306
7.025 56.8647
7.03 53.986
7.035 51.8577
7.04 50.4641
7.045 49.5716
7.05 48.9993
7.055 48.7458
7.06 48.7157
7.065 48.7902
7.07 48.9527
7.075 49.2302
7.08 49.4757
7.085 49.487
7.09 49.0557
7.095 48.0024
7.1 46.2257
7.105 43.5502
7.11 40.2442
7.115 36.3043
7.12 31.8638
7.125 27.0894
7.13 22.2074
7.135 17.4052
7.14 12.9173
7.145 8.77711
7.15 5.12752
7.155 2.04359
7.16 -0.450275
7.165 -2.26186
7.17 -3.4421
7.175 -3.90073
7.18 -3.51892
7.185 -2.27965
7.19 0.00856867
7.195 3.39702
7.2 8.16502
7.205 13.7317
7.21 20.1252
7.215 27.1829
7.22 34.6698
7.225 42.3103
7.23 49.7518
7.235 56.6154
7.24 62.5527
7.245 67.2904
7.25 70.5229
7.255 70.4848
7.26 69.3071
7.265 66.9504
7.27 63.6057
7.275 59.3867
7.28 54.1552
7.285 47.9774
7.29 41.1802
7.295 34.0307
7.3 26.7412
7.305 19.4851
7.31 12.4268
7.315 5.76161
7.32 -0.484213
7.325 -6.35417
7.33 -11.949
7.335 -17.5268
7.34 -23.1888
7.345 -29.0102
7.35 -34.958
7.355 -41.1088
7.36 -47.5311
7.365 -54.0753
7.37 -60.6119
7.375 -67.0037
7.38 -73.1769
7.385 -79.0162
7.39 -84.5685
7.395 -89.7991
7.4 -94.5054
7.405 -98.3307
7.41 -101.209
7.415 -103.254
7.42 -104.615
7.425 -105.497
7.43 -105.971
7.435 -106.085
7.44 -105.735
7.445 -105.198
7.45 -104.668
7.455 -104.227
7.46 -103.945
7.465 -103.797
7.47 -104.08
7.475 -104.975
7.48 -106.589
7.485 -108.941
7.49 -111.898
7.495 -115.316
7.5 -118.989
7.505 -122.757
7.51 -126.354
7.515 -129.533
7.52 -131.935
7.525 -133.238
7.53 -133.035
7.535 -130.479
7.54 -125.726
7.545 -118.669
7.55 -109.344
7.555 -97.7858
7.56 -84.2494
7.565 -68.9602
7.57 -52.1568
7.575 -35.5029
7.58 -17.5647
7.585 0.760004
7.59 8.76928
7.595 17.9552
7.6 21.4014
7.605 26.0968
7.61 30.4415
7.615 34.3205
7.62 37.7255
7.625 40.5491
7.63 42.6814
7.635 44.1127
7.64 44.9229
7.645 45.1948
7.65 44.9496
7.655 44.4334
7.66 43.8717
7.665 43.384
7.67 43.0267
7.675 46.4179
7.68 53.6728
7.685 60.0697
7.69 66.2145
7.695 72.1149
7.7 77.7052
7.705 82.7719
7.71 87.1412
7.715 90.8612
7.72 93.9432
7.725 96.2654
7.73 97.7024
7.735 95.4499
7.74 91.0249
7.745 84.5678
7.75 76.5856
7.755 67.6545
7.76 58.3133
7.765 49.2021
7.77 40.792
7.775 34.2788
7.78 28.7422
7.785 24.8775
7.79 22.9229
7.795 22.9914
7.8 25.0029
7.805 28.8589
7.81 33.202
7.815 38.5106
7.82 44.3618
7.825 50.4104
7.83 56.34
7.835 61.7664
7.84 66.4506
7.845 70.3081
7.85 73.2099
7.855 75.0217
7.86 75.5889
7.865 74.8538
7.87 72.5755
7.875 68.5976
7.88 61.8667
7.885 53.2216
7.89 42.968
7.895 31.5876
7.9 19.5808
7.905 7.40221
7.91 -3.84734
7.915 -14.4139
7.92 -23.6366
7.925 -31.3076
7.93 -37.2517
7.935 -41.3401
7.94 -43.4602
7.945 -43.5137
7.95 -41.4446
7.955 -37.3626
7.96 -32.0006
7.965 -25.7059
7.97 -19.0741
7.975 -12.3715
7.98 -5.75664
7.985 0.642255
7.99 6.72286
7.995 12.4037
8 17.5121
8.005 21.8591
8.01 25.4098
8.015 28.1066
8.02 29.9263
8.025 30.8095
8.03 30.4229
8.035 28.984
8.04 26.5222
8.045 23.1369
8.05 18.9988
8.055 13.854
8.06 7.93872
8.065 1.6133
8.07 -4.93977
8.075 -11.5868
8.08 -15.4008
8.085 -20.7631
8.09 -26.355
8.095 -32.1552
8.1 -37.932
8.105 -43.4495
8.11 -48.5929
8.115 -53.2491
8.12 -57.432
8.125 -61.0961
8.13 -64.2804
8.135 -67.0817
8.14 -69.523
8.145 -71.6397
8.15 -73.4871
8.155 -75.2853
8.16 -77.1607
8.165 -78.3183
8.17 -79.9115
8.175 -81.7043
8.18 -83.6396
8.185 -85.6149
8.19 -87.5209
8.195 -89.1901
8.2 -90.587
8.205 -91.6658
8.21 -92.409
8.215 -92.9329
8.22 -93.0977
8.225 -92.8359
8.23 -92.272
8.235 -91.5705
8.24 -90.7406
8.245 -89.7369
8.25 -88.503
8.255 -86.9332
8.26 -84.9582
8.265 -82.5809
8.27 -79.839
8.275 -76.6954
8.28 -73.0912
8.285 -68.8
8.29 -58.9247
8.295 -47.118
8.3 -32.8971
8.305 -16.7946
8.31 0.671287
8.315 12.8487
8.32 28.0141
8.325 43.2091
8.33 58.1282
8.335 60.0554
8.34 65.7442
8.345 70.8388
8.35 75.2415
8.355 78.8626
8.36 83.1063
8.365 86.1201
8.37 92.1082
8.375 95.7814
8.38 99.0882
8.385 101.572
8.39 103.309
8.395 104.261
8.4 104.545
8.405 104.33
8.41 103.871
8.415 101.687
8.42 98.3147
8.425 93.9407
8.43 88.8675
8.435 83.3739
8.44 77.5211
8.445 72.0618
8.45 66.7264
8.455 61.82
8.46 57.4281
8.465 53.7548
8.47 50.9905
8.475 49.4332
8.48 49.0988
8.485 49.5376
8.49 50.0159
8.495 50.5842
8.5 51.1741
8.505 51.8331
8.51 52.5308
8.515 53.2472
8.52 54.0276
8.525 54.7214
8.53 55.2113
8.535 55.3759
8.54 55.2157
8.545 54.6786
8.55 53.6687
8.555 51.3939
8.56 47.8876
8.565 43.3916
8.57 38.0275
8.575 31.9383
8.58 26.1484
8.585 19.6263
8.59 12.9308
8.595 6.22605
8.6 -0.253038
8.605 -2.00184
8.61 4.45314
8.615 7.07402
8.62 9.73855
8.625 12.268
8.63 14.4961
8.635 16.3589
8.64 17.7977
8.645 18.9506
8.65 20.0201
8.655 21.0398
8.66 21.9451
8.665 22.6544
8.67 23.2114
8.675 23.6554
8.68 23.9578
8.685 24.2803
8.69 24.7871
8.695 25.6213
8.7 26.8127
8.705 28.2596
8.71 29.7501
8.715 31.1046
8.72 32.2405
8.725 33.1804
8.73 33.9502
8.735 35.5438
8.74 38.1978
8.745 41.586
8.75 45.5818
8.755 50.1162
8.76 54.9573
8.765 59.6002
8.77 63.4999
8.775 66.3244
8.78 66.5971
8.785 66.0489
8.79 64.4055
8.795 61.6066
8.8 57.6493
8.805 52.3115
8.81 45.3491
8.815 37.0888
8.82 27.7515
8.825 17.5294
8.83 6.54124
8.835 -4.95246
8.84 -12.9595
8.845 -17.9564
8.85 -22.1896
8.855 -25.9397
8.86 -29.2801
8.865 -32.3582
8.87 -35.2099
8.875 -37.8916
8.88 -40.3183
8.885 -42.3868
8.89 -44.8887
8.895 -46.8185
8.9 -50.6447
8.905 -52.8244
8.91 -54.423
8.915 -55.4527
8.92 -55.96
8.925 -55.9386
8.93 -54.5516
8.935 -51.2936
8.94 -46.5893
8.945 -40.4866
8.95 -33.0467
8.955 -24.5984
8.96 -15.456
8.965 -5.8517
8.97 4.05693
8.975 9.45806
8.98 16.9273
8.985 24.4045
8.99 31.6301
8.995 31.6595
9 32.5162
9.005 33.1266
9.01 33.4845
9.015 33.6178
9.02 33.6308
9.025 33.4805
9.03 33.2027
9.035 32.7389
9.04 32.1084
9.045 31.2038
9.05 30.0487
9.055 28.7243
9.06 27.2303
9.065 25.6102
9.07 23.8303
9.075 21.8725
9.08 19.5592
9.085 16.9187
9.09 14.0471
9.095 11.1176
9.1 8.33706
9.105 5.84524
9.11 3.71878
9.115 1.89258
9.12 -0.66546
9.125 -4.28912
9.13 -8.5758
9.135 -13.4708
9.14 -18.9108
9.145 -24.8334
9.15 -31.1349
9.155 -37.559
9.16 -44.0184
9.165 -50.2173
9.17 -54.0326
9.175 -57.8407
9.18 -61.2406
9.185 -64.2061
9.19 -66.7044
9.195 -68.807
9.2 -70.6445
9.205 -72.5178
9.21 -74.3431
9.215 -75.9699
9.22 -77.1733
9.225 -77.8953
9.23 -78.0283
9.235 -77.6739
9.24 -76.8867
9.245 -75.7766
9.25 -74.4645
9.255 -72.8858
9.26 -71.0053
9.265 -68.86
9.27 -66.5954
9.275 -64.2682
9.28 -62.1817
9.285 -60.3363
9.29 -59.8885
9.295 -60.2825
9.3 -61.7597
9.305 -64.2897
9.31 -67.7337
9.315 -72.0322
9.32 -76.8955
9.325 -82.0117
9.33 -84.1857
9.335 -87.7748
9.34 -91.2934
9.345 -92.1801
9.35 -93.361
9.355 -94.8553
9.36 -96.5643
9.365 -98.5681
9.37 -100.772
9.375 -103.137
9.38 -105.652
9.385 -107.742
9.39 -109.743
9.395 -111.351
9.4 -112.51
9.405 -113.227
9.41 -113.662
9.415 -113.689
9.42 -113.452
9.425 -112.735
9.43 -111.598
9.435 -110.145
9.44 -108.605
9.445 -106.999
9.45 -105.403
9.455 -103.88
9.46 -102.262
9.465 -100.608
9.47 -98.7974
9.475 -97.0655
9.48 -95.4128
9.485 -93.7829
9.49 -91.8481
9.495 -89.4901
9.5 -86.6865
9.505 -83.4277
9.51 -79.6536
9.515 -75.2619
9.52 -70.2211
9.525 -64.4092
9.53 -57.9086
9.535 -50.7613
9.54 -43.1594
9.545 -35.2245
9.55 -27.2009
9.555 -19.2522
9.56 -11.4498
9.565 -3.93109
9.57 3.31573
9.575 10.373
9.58 17.3335
9.585 24.2288
9.59 31.1354
9.595 37.9271
9.6 44.4962
9.605 50.7284
9.61 56.5898
9.615 61.9499
9.62 66.8111
9.625 71.0976
9.63 74.8146
9.635 77.9594
9.64 80.6062
9.645 82.8263
9.65 84.5892
9.655 85.8112
9.66 86.2789
9.665 86.0095
9.67 85.1567
9.675 83.8895
9.68 81.3437
9.685 78.0351
9.69 74.0499
9.695 69.5135
9.7 64.4903
9.705 59.0782
9.71 53.4184
9.715 47.6768
9.72 42.2181
9.725 37.2891
9.73 33.1271
9.735 29.9483
9.74 27.8906
9.745 26.9676
9.75 27.0995
9.755 28.1409
9.76 30.0245
9.765 32.7445
9.77 36.4087
9.775 40.6604
9.78 45.3757
9.785 50.186
9.79 54.9583
9.795 59.5837
9.8 63.8102
9.805 67.509
9.81 70.6052
9.815 73.0628
9.82 74.8008
9.825 75.7119
9.83 75.37
9.835 73.9879
9.84 71.7995
9.845 68.7826
9.85 65.007
9.855 60.5536
9.86 55.5833
9.865 50.1501
9.87 44.3675
9.875 38.2909
9.88 35.5945
9.885 31.752
9.89 27.9933
9.895 24.4101
9.9 20.9874
9.905 17.7588
9.91 14.7313
9.915 14.8896
9.92 14.1081
9.925 13.5768
9.93 13.0488
9.935 12.3477
9.94 11.4634
9.945 10.4064
9.95 9.27109
9.955 8.06637
9.96 6.67175
9.965 4.88352
9.97 2.66316
9.975 0.0494857
9.98 -2.93231
9.985 -6.29763
9.99 -9.97399
9.995 -13.9307
10 -18.1387
10.005 -22.5866
10.01 -27.1616
10.015 -31.7713
10.02 -36.3485
10.025 -40.7528
10.03 -44.9537
10.035 -48.9905
10.04 -52.9064
10.045 -56.6801
10.05 -60.3014
10.055 -66.5809
10.06 -77.1187
10.065 -84.7075
10.07 -91.692
10.075 -98.2727
10.08 -103.87
10.085 -108.361
10.09 -111.695
10.095 -113.887
10.1 -114.932
10.105 -114.758
10.11 -112.331
10.115 -106.19
10.12 -97.2298
10.125 -85.6939
10.13 -72.0002
10.135 -57.7032
10.14 -41.9342
10.145 -25.5333
10.15 -8.91962
10.155 7.50521
10.16 23.4505
10.165 19.902
10.17 22.9059
10.175 26.0408
10.18 29.293
10.185 32.6808
10.19 36.2459
10.195 40.0811
10.2 44.1548
10.205 48.4368
10.21 52.9143
10.215 57.633
10.22 62.4634
10.225 67.2632
10.23 72.0855
10.235 76.9301
10.24 81.8251
10.245 86.7072
10.25 91.503
10.255 97.5483
10.26 103.295
10.265 110.301
10.27 116.431
10.275 121.565
10.28 125.603
10.285 128.599
10.29 130.17
10.295 130.359
10.3 127.787
10.305 122.68
10.31 115.411
10.315 106.677
10.32 96.5706
10.325 85.4146
10.33 73.6438
10.335 61.6198
10.34 49.6424
10.345 37.9627
10.35 29.0644
10.355 20.4706
10.36 12.3397
10.365 4.75074
10.37 -2.24116
10.375 -8.48021
10.38 -13.7612
10.385 -18.0193
10.39 -21.3167
10.395 -23.7407
10.4 -25.0681
10.405 -26.2369
10.41 -26.611
10.415 -26.4572
10.42 -25.8877
10.425 -25.0062
10.43 -23.8562
10.435 -22.4509
10.44 -20.9215
10.445 -19.2668
10.45 -16.3736
10.455 -13.6771
10.46 -10.7596
10.465 -7.62756
10.47 -4.37367
10.475 -1.02407
10.48 2.37112
10.485 5.58919
10.49 8.48964
10.495 11.1728
10.5 13.7347
10.505 16.2161
10.51 18.5066
10.515 20.5996
10.52 22.5153
10.525 24.2535
10.53 26.237
10.535 28.3436
10.54 30.4958
10.545 32.5957
10.55 34.621
10.555 36.439
10.56 38.0437
10.565 39.3973
10.57 40.4013
10.575 40.8157
10.58 40.6161
10.585 39.8444
10.59 38.5239
10.595 36.6566
10.6 34.119
10.605 30.9248
10.61 27.054
10.615 22.6304
10.62 16.6744
10.625 10.049
10.63 2.72297
10.635 -5.04959
10.64 -12.9625
10.645 -20.761
10.65 -24.4713
10.655 -26.6763
10.66 -28.1865
10.665 -29.0925
10.67 -29.3995
10.675 -29.158
10.68 -28.3622
10.685 -27.0198
10.69 -25.2809
10.695 -23.1222
10.7 -20.6537
10.705 -18.1517
10.71 -15.7207
10.715 -13.162
10.72 -10.5176
10.725 -7.82613
10.73 -4.55685
10.735 -1.03961
10.74 2.69956
10.745 6.61223
10.75 10.7155
10.755 14.8714
10.76 19.1028
10.765 23.4346
10.77 27.8878
10.775 32.3217
10.78 36.6313
10.785 40.7258
10.79 44.6169
10.795 48.2889
10.8 51.6573
10.805 54.5955
10.81 57.0055
10.815 58.8831
10.82 60.1755
10.825 60.936
10.83 61.1686
10.835 60.8042
10.84 59.736
10.845 58.01
10.85 55.8136
10.855 53.2204
10.86 50.4656
10.865 47.0673
10.87 42.9201
10.875 38.26
10.88 33.3516
10.885 28.2366
10.89 22.956
10.895 17.5138
10.9 12.0231
10.905 6.69521
10.91 1.64003
10.915 -3.0174
10.92 -7.42444
10.925 -11.1831
10.93 -14.608
10.935 -17.5889
10.94 -20.1861
10.945 -22.3871
10.95 -24.3173
10.955 -25.9464
10.96 -27.5292
10.965 -29.0451
10.97 -30.2387
10.975 -30.9329
10.98 -30.921
10.985 -30.35
10.99 -29.2943
10.995 -28.1273
11 -26.9262
11.005 -25.8183
11.01 -24.8648
11.015 -23.8524
11.02 -22.683
11.025 -21.4314
11.03 -20.2266
11.035 -19.0997
11.04 -18.1853
11.045 -17.4319
11.05 -16.8837
11.055 -16.4458
11.06 -16.1974
11.065 -15.9898
11.07 -15.7903
11.075 -15.5993
11.08 -15.2647
11.085 -14.6337
11.09 -13.613
11.095 -12.3481
11.1 -10.9824
11.105 -9.62166
11.11 -8.14835
11.115 -6.69788
11.12 -5.19295
11.125 -3.71872
11.13 -2.39801
11.135 -1.49179
11.14 -1.12448
11.145 -1.25318
11.15 -1.78511
11.155 -2.65158
11.16 -3.84494
11.165 -5.44665
11.17 -7.51154
11.175 -10.0974
11.18 -13.1471
11.185 -16.563
11.19 -20.3893
11.195 -24.616
11.2 -29.2149
11.205 -33.8502
11.21 -38.5129
11.215 -43.2267
11.22 -47.9384
11.225 -52.5653
11.23 -56.9303
11.235 -60.9511
11.24 -64.5622
11.245 -65.4049
11.25 -66.7585
11.255 -67.9905
11.26 -69.2881
11.265 -70.772
11.27 -72.4323
11.275 -74.0752
11.28 -75.6043
11.285 -76.7961
11.29 -77.6611
11.295 -78.2755
11.3 -78.8578
11.305 -79.32
11.31 -79.6982
11.315 -80.1363
11.32 -80.8097
11.325 -81.4286
11.33 -82.2875
11.335 -83.2067
11.34 -84.0389
11.345 -84.8827
11.35 -85.6656
11.355 -86.4878
11.36 -87.3424
11.365 -88.2049
11.37 -89.0161
11.375 -89.5254
11.38 -89.5812
11.385 -89.2623
11.39 -88.6364
11.395 -87.6957
11.4 -86.4995
11.405 -84.9357
11.41 -83.0211
11.415 -80.7442
11.42 -78.1656
11.425 -75.2537
11.43 -72.1116
11.435 -68.7585
11.44 -65.3339
11.445 -61.8938
11.45 -58.4228
11.455 -55.0046
11.46 -51.6256
11.465 -48.3399
11.47 -44.9301
11.475 -41.3589
11.48 -37.717
11.485 -34.2348
11.49 -30.9402
11.495 -27.7187
11.5 -24.4341
11.505 -20.9899
11.51 -17.3693
11.515 -13.5053
11.52 -9.51476
11.525 -5.36446
11.53 -1.08131
11.535 3.40407
11.54 7.94234
11.545 12.4629
11.55 16.9683
11.555 21.3578
11.56 25.5212
11.565 29.3505
11.57 32.8402
11.575 35.8661
11.58 38.4047
11.585 40.2275
11.59 41.3051
11.595 41.8669
11.6 42.0231
11.605 41.9066
11.61 41.6982
11.615 41.6641
11.62 41.9563
11.625 42.7611
11.63 43.7295
11.635 44.9437
11.64 46.379
11.645 48.1787
11.65 50.3167
11.655 52.8301
11.66 55.6794
11.665 58.8963
11.67 62.4283
11.675 66.1457
11.68 70.3418
11.685 74.9453
11.69 79.959
11.695 85.148
11.7 90.283
11.705 95.3441
11.71 100.024
11.715 104.288
11.72 107.954
11.725 111.024
11.73 113.312
11.735 114.841
11.74 113.99
11.745 111.468
11.75 107.324
11.755 101.752
11.76 95.1069
11.765 87.5429
11.77 79.2681
11.775 70.4596
11.78 61.3488
11.785 52.2328
11.79 43.4135
11.795 35.1001
11.8 27.4561
11.805 21.4407
11.81 16.0451
11.815 11.7293
11.82 8.56205
11.825 8.01502
11.83 7.27151
11.835 7.03231
11.84 8.02468
11.845 9.63613
11.85 11.802
11.855 14.3181
11.86 17.1994
11.865 20.1703
11.87 22.9668
11.875 25.2608
11.88 26.5567
11.885 26.6767
11.89 25.5951
11.895 23.382
11.9 20.2907
11.905 16.3964
11.91 12.0118
11.915 6.79499
11.92 4.60914
11.925 1.47175
11.93 -1.86113
11.935 -5.32169
11.94 -8.89324
11.945 -12.5944
11.95 -16.2872
11.955 -15.1344
11.96 -16.1038
11.965 -16.9328
11.97 -17.7647
11.975 -18.5594
11.98 -19.4209
11.985 -20.221
11.99 -20.9978
11.995 -21.6986
12 -22.1964
12.005 -22.4256
12.01 -22.456
12.015 -22.4445
12.02 -22.3632
12.025 -22.2879
12.03 -22.075
12.035 -21.7404
12.04 -21.2761
12.045 -20.6345
12.05 -19.9155
12.055 -19.0707
12.06 -18.0446
12.065 -16.7781
12.07 -15.3487
12.075 -13.7715
12.08 -12.083
12.085 -10.1923
12.09 -8.12367
12.095 -5.88133
12.1 -3.52934
12.105 -1.20783
12.11 1.01448
12.115 1.21723
12.12 -2.27484
12.125 -6.08298
12.13 -10.2846
12.135 -14.676
12.14 -19.5796
12.145 -24.1842
12.15 -28.6581
12.155 -33.0261
12.16 -37.4283
12.165 -41.7607
12.17 -45.7157
12.175 -48.9804
12.18 -51.5044
12.185 -53.2503
12.19 -54.3651
12.195 -52.3138
12.2 -48.841
12.205 -43.6845
12.21 -37.0419
12.215 -29.2725
12.22 -20.8225
12.225 -12.0696
12.23 -4.12507
12.235 3.51208
12.24 10.4512
12.245 16.4177
12.25 21.286
12.255 24.8199
12.26 26.8618
12.265 27.273
12.27 26.1021
12.275 23.4003
12.28 19.3591
12.285 14.1641
12.29 8.02742
12.295 1.2954
12.3 -5.86063
12.305 -13.0826
12.31 -20.1153
12.315 -26.6986
12.32 -32.7966
12.325 -38.0192
12.33 -42.1406
12.335 -44.8522
12.34 -46.0494
12.345 -45.7188
12.35 -43.736
12.355 -40.1495
12.36 -35.2874
12.365 -29.0677
12.37 -21.7584
12.375 -13.6307
12.38 -4.91859
12.385 4.03071
12.39 3.63397
12.395 7.2466
12.4 7.59291
12.405 8.77364
12.41 10.0053
12.415 11.362
12.42 12.7872
12.425 14.331
12.43 15.9414
12.435 17.6223
12.44 19.2573
12.445 20.8842
12.45 22.5541
12.455 24.2159
12.46 25.7539
12.465 27.0869
12.47 28.3596
12.475 29.5524
12.48 30.6417
12.485 31.6247
12.49 32.6653
12.495 33.7717
12.5 34.9175
12.505 35.8121
12.51 36.4843
12.515 36.838
12.52 36.9859
12.525 37.1081
12.53 37.224
12.535 37.4212
12.54 37.5772
12.545 37.8444
12.55 40.059
12.555 42.3161
12.56 48.1825
12.565 53.0365
12.57 58.2527
12.575 63.1321
12.58 67.8618
12.585 72.2837
12.59 76.4772
12.595 80.2116
12.6 83.56
12.605 86.3213
12.61 88.4533
12.615 89.9066
12.62 90.7291
12.625 90.8749
12.63 86.0277
12.635 79.4814
12.64 70.6233
12.645 59.8975
12.65 47.7737
12.655 34.9903
12.66 21.9736
12.665 10.9514
12.67 -0.392742
12.675 -10.9403
12.68 -20.4886
12.685 -18.7657
12.69 -14.134
12.695 -12.8122
12.7 -11.5709
12.705 -10.31
12.71 -8.96636
12.715 -7.74487
12.72 -6.60781
12.725 -5.719
12.73 -4.99418
12.735 -4.40607
12.74 -3.95134
12.745 -3.69942
12.75 -3.53647
12.755 -3.31476
12.76 -2.99033
12.765 -2.63096
12.77 -2.34072
12.775 -2.21842
12.78 -2.25526
12.785 -2.29256
12.79 -2.09287
12.795 -1.51357
12.8 -0.645441
12.805 0.402936
12.81 1.47445
12.815 2.63329
12.82 3.77414
12.825 4.81116
12.83 5.66229
12.835 6.22918
12.84 6.50086
12.845 6.50776
12.85 6.27397
12.855 5.7814
12.86 5.26173
12.865 4.76751
12.87 4.39812
12.875 4.00219
12.88 3.48987
12.885 2.80561
12.89 1.98736
12.895 1.06208
12.9 -0.0203179
12.905 -1.335
12.91 -2.8273
12.915 -4.36325
12.92 -5.9968
12.925 -7.59591
12.93 -9.16528
12.935 -10.7508
12.94 -12.3181
12.945 -13.8718
12.95 -15.5782
12.955 -17.5983
12.96 -19.9576
12.965 -22.5924
12.97 -25.2855
12.975 -29.8671
12.98 -38.7687
12.985 -47.1343
12.99 -55.5959
12.995 -64.6019
13 -73.4563
13.005 -82.0811
13.01 -90.3475
13.015 -98.0944
13.02 -105.154
13.025 -111.268
13.03 -116.25
13.035 -120.019
13.04 -122.257
13.045 -123.746
13.05 -120.663
13.055 -114.872
13.06 -106.559
13.065 -96.2221
13.07 -84.3219
13.075 -71.3892
13.08 -57.9269
13.085 -45.6974
13.09 -33.4645
13.095 -22.0145
13.1 -11.733
13.105 -2.92385
13.11 -7.23229
13.115 -5.90425
13.12 -5.03633
13.125 -6.77554
13.13 -7.68886
13.135 -8.45719
13.14 -8.97229
13.145 -9.22517
13.15 -9.21495
13.155 -9.37
13.16 -9.86656
13.165 -10.4638
13.17 -10.9852
13.175 -11.1902
13.18 -10.9302
13.185 -10.1696
13.19 -8.9064
13.195 -6.93859
13.2 -4.28612
13.205 -0.992023
13.21 -0.0183696
13.215 1.37981
13.22 2.77605
13.225 4.21041
13.23 5.80319
13.235 7.63693
13.24 9.65673
13.245 11.702
13.25 13.6314
13.255 15.3125
13.26 16.7269
13.265 17.8939
13.27 18.8257
13.275 19.6296
13.28 20.3632
13.285 21.1482
13.29 22.0874
13.295 23.2431
13.3 24.7085
13.305 26.4155
13.31 28.3112
13.315 30.2795
13.32 32.2368
13.325 34.1177
13.33 35.995
13.335 37.8803
13.34 39.846
13.345 41.9314
13.35 44.113
13.355 46.3241
13.36 48.5089
13.365 50.5916
13.37 52.5036
13.375 54.3077
13.38 56.0289
13.385 60.9758
13.39 67.9227
13.395 73.8692
13.4 79.7953
13.405 84.7274
13.41 88.668
13.415 91.3373
13.42 92.7116
13.425 92.7245
13.43 91.4369
13.435 87.0105
13.44 79.0072
13.445 68.0606
13.45 54.7047
13.455 39.4898
13.46 24.0399
13.465 7.46073
13.47 -9.66212
13.475 -26.9114
13.48 -37.7629
13.485 -38.0435
13.49 -40.1672
13.495 -42.0993
13.5 -43.8264
13.505 -45.5383
13.51 -47.1631
13.515 -48.6466
13.52 -49.9464
13.525 -51.0398
13.53 -51.9352
13.535 -52.6234
13.54 -53.1763
13.545 -53.5196
13.55 -53.7049
13.555 -53.5788
13.56 -53.3722
13.565 -55.7314
13.57 -61.6686
13.575 -64.7591
13.58 -67.2731
13.585 -69.1299
13.59 -70.2451
13.595 -71.0531
13.6 -71.0431
13.605 -70.5278
13.61 -68.7794
13.615 -64.5819
13.62 -58.6367
13.625 -51.6028
13.63 -43.2781
13.635 -34.0588
13.64 -24.2712
13.645 -14.1299
13.65 -4.06626
13.655 5.64521
13.66 14.6389
13.665 20.3674
13.67 25.9134
13.675 30.7867
13.68 34.846
13.685 35.6918
13.69 36.8164
13.695 37.9334
13.7 39.3044
13.705 40.5563
13.71 41.2563
13.715 41.4039
13.72 40.9353
13.725 39.8084
13.73 38.1788
13.735 36.2857
13.74 34.3096
13.745 32.293
13.75 30.1034
13.755 27.9256
13.76 25.7225
13.765 23.6493
13.77 21.728
13.775 20.0199
13.78 18.5751
13.785 17.5512
13.79 16.9826
13.795 16.849
13.8 17.2191
13.805 17.8477
13.81 18.6641
13.815 19.452
13.82 20.2152
13.825 20.5467
13.83 20.3861
13.835 18.4403
13.84 17.1947
13.845 15.7397
13.85 13.716
13.855 11.3275
13.86 8.63512
13.865 5.78939
13.87 2.73546
13.875 -0.316472
13.88 -3.41455
13.885 -6.54837
13.89 -9.90629
13.895 -13.3139
13.9 -16.7212
13.905 -19.944
13.91 -22.881
13.915 -25.6452
13.92 -28.0884
13.925 -30.2008
13.93 -31.7918
13.935 -32.9535
13.94 -33.6943
13.945 -34.136
13.95 -34.2245
13.955 -33.8417
13.96 -32.8669
13.965 -31.542
13.97 -29.8292
13.975 -27.9085
13.98 -25.9428
13.985 -23.8573
13.99 -21.694
13.995 -19.3469
14 -16.8711
14.005 -14.2193
14.01 -11.6971
14.015 -9.43892
14.02 -7.60563
14.025 -5.97387
14.03 -4.49288
14.035 -3.02972
14.04 -1.64409
14.045 -0.298389
14.05 1.12185
14.055 2.48894
14.06 3.93118
14.065 5.48144
14.07 7.31266
14.075 9.24749
14.08 11.486
14.085 14.0164
14.09 17.0149
14.095 20.3597
14.1 23.9135
14.105 27.6392
14.11 31.3659
14.115 34.9943
14.12 38.4785
14.125 41.8905
14.13 45.1829
14.135 48.3633
14.14 49.6486
14.145 51.6114
14.15 53.249
14.155 54.5074
14.16 55.2967
14.165 55.7081
14.17 55.6347
14.175 55.3846
14.18 54.8741
14.185 54.0144
14.19 52.803
14.195 51.2424
14.2 49.4103
14.205 47.2046
14.21 44.5679
14.215 41.4633
14.22 38.0525
14.225 34.438
14.23 30.7337
14.235 27.0123
14.24 23.3802
14.245 19.9052
14.25 16.5786
14.255 13.4543
14.26 10.4973
14.265 7.75386
14.27 5.12117
14.275 2.59166
14.28 0.152488
14.285 -2.07171
14.29 -4.07016
14.295 -5.79696
14.3 -7.19024
14.305 -8.15613
14.31 -8.72183
14.315 -8.92855
14.32 -8.86516
14.325 -8.50698
14.33 -7.87333
14.335 -7.11869
14.34 -6.32862
14.345 -5.64894
14.35 -4.94678
14.355 -4.18661
14.36 -3.28978
14.365 -2.29514
14.37 -1.21637
14.375 -0.0357479
14.38 1.37073
14.385 3.04108
14.39 4.90935
14.395 6.953
14.4 8.99976
14.405 11.1369
14.41 13.2697
14.415 15.3499
14.42 17.2999
14.425 19.133
14.43 20.6854
14.435 21.9429
14.44 22.9367
14.445 23.6709
14.45 24.1902
14.455 24.5392
14.46 24.8162
14.465 24.9161
14.47 24.8672
14.475 24.5437
14.48 23.9943
14.485 23.22
14.49 22.2419
14.495 21.0683
14.5 19.7285
14.505 18.3483
14.51 17.008
14.515 15.8608
14.52 14.7884
14.525 13.6272
14.53 12.1175
14.535 10.2385
14.54 8.03976
14.545 5.66362
14.55 3.20071
14.555 0.654625
14.56 -1.96334
14.565 -4.83848
14.57 -8.02379
14.575 -11.5184
14.58 -15.351
14.585 -19.6472
14.59 -24.3558
14.595 -29.4439
14.6 -34.7494
14.605 -40.1909
14.61 -45.7014
14.615 -51.1656
14.62 -56.6944
14.625 -62.241
14.63 -67.7355
14.635 -73.0072
14.64 -77.98
14.645 -82.6593
14.65 -87.0602
14.655 -91.0964
14.66 -94.5361
14.665 -97.2988
14.67 -99.2393
14.675 -100.383
14.68 -100.563
14.685 -99.7728
14.69 -97.9657
14.695 -94.3488
14.7 -89.1008
14.705 -82.161
14.71 -73.7672
14.715 -64.2266
14.72 -53.9487
14.725 -43.1542
14.73 -32.1371
14.735 -21.0585
14.74 -10.8384
14.745 -0.687838
14.75 8.86102
14.755 17.5866
14.76 25.4565
14.765 29.3349
14.77 33.2111
14.775 36.6618
14.78 39.7494
14.785 42.3861
14.79 44.6267
14.795 46.4677
14.8 47.8282
14.805 48.2695
14.81 48.2512
14.815 47.8259
14.82 47.1537
14.825 46.3371
14.83 45.3187
14.835 44.184
14.84 42.9398
14.845 41.5527
14.85 40.0692
14.855 38.6257
14.86 37.2845
14.865 36.0028
14.87 34.7693
14.875 33.5414
14.88 32.4778
14.885 31.6411
14.89 31.1278
14.895 30.8983
14.9 30.8852
14.905 30.9788
14.91 31.1203
14.915 31.242
14.92 31.2465
14.925 31.0898
14.93 30.7915
14.935 30.4403
14.94 29.9772
14.945 29.4001
14.95 28.5215
14.955 27.4497
14.96 26.0997
14.965 24.4922
14.97 22.6528
14.975 20.4953
14.98 18.0591
14.985 15.3984
14.99 12.6049
14.995 9.67341
15 6.73625
15.005 3.80479
15.01 0.915075
15.015 -1.83385
15.02 -4.35107
15.025 -6.72999
15.03 -9.00351
15.035 -11.1843
15.04 -13.2852
15.045 -15.2717
15.05 -17.2362
15.055 -19.1147
15.06 -20.9339
15.065 -22.6803
15.07 -24.4588
15.075 -26.2808
15.08 -28.1566
15.085 -30.0931
15.09 -31.9945
15.095 -33.8759
15.1 -35.7079
15.105 -37.5243
15.11 -39.2214
15.115 -40.7867
15.12 -42.1531
15.125 -43.3368
15.13 -44.4001
15.135 -45.2548
15.14 -45.8819
15.145 -46.1484
15.15 -46.1176
15.155 -45.774
15.16 -45.2021
15.165 -44.4977
15.17 -43.7439
15.175 -42.8142
15.18 -41.559
15.185 -39.9079
15.19 -37.9328
15.195 -35.8452
15.2 -33.9292
15.205 -32.0168
15.21 -30.1645
15.215 -28.2407
15.22 -26.152
15.225 -23.992
15.23 -21.8433
15.235 -19.6877
15.24 -17.5
15.245 -15.1401
15.25 -12.6746
15.255 -10.1307
15.26 -7.70696
15.265 -5.3994
15.27 -3.99163
15.275 -2.15494
15.28 -0.385455
15.285 1.19492
15.29 2.59497
15.295 3.84254
15.3 4.90959
15.305 5.73976
15.31 6.31735
15.315 6.62116
15.32 6.63078
15.325 6.36952
15.33 5.96453
15.335 5.49459
15.34 5.0476
15.345 4.58689
15.35 4.05577
15.355 3.42916
15.36 2.7737
15.365 2.05575
15.37 1.2942
15.375 0.522293
15.38 -0.206147
15.385 -0.875719
15.39 -1.45274
15.395 -1.93092
15.4 -2.25288
15.405 -2.3705
15.41 -2.31794
15.415 -2.13142
15.42 -1.86072
15.425 -1.56298
15.43 -1.10864
15.435 -0.427141
15.44 0.481581
15.445 1.71786
15.45 3.37492
15.455 5.4045
15.46 7.63258
15.465 9.99396
15.47 12.4996
15.475 15.1284
15.48 17.7239
15.485 20.1969
15.49 22.4588
15.495 24.4839
15.5 26.1894
15.505 27.539
15.51 28.4367
15.515 28.8941
15.52 28.9894
15.525 28.6987
15.53 27.8845
15.535 26.5194
15.54 24.6631
15.545 22.4628
15.55 20.0138
15.555 17.3792
15.56 14.6266
15.565 11.754
15.57 8.707
15.575 5.47606
15.58 2.17494
15.585 -1.13894
15.59 -4.3058
15.595 -7.2988
15.6 -9.99515
15.605 -12.4489
15.61 -14.6005
15.615 -16.5787
15.62 -18.3525
15.625 -19.9145
15.63 -21.1092
15.635 -21.947
15.64 -22.6411
15.645 -23.2179
15.65 -23.7898
15.655 -24.3647
15.66 -25.0893
15.665 -25.9122
15.67 -26.9122
15.675 -27.9578
15.68 -29.0452
15.685 -30.2166
15.69 -31.6376
15.695 -33.3393
15.7 -35.4043
15.705 -37.7073
15.71 -40.2372
15.715 -42.9911
15.72 -46.0065
15.725 -49.2534
15.73 -52.5346
15.735 -55.7622
15.74 -58.6267
15.745 -61.0334
15.75 -62.9379
15.755 -64.3825
15.76 -65.2506
15.765 -65.5258
15.77 -65.1626
15.775 -64.0259
15.78 -61.9983
15.785 -58.6723
15.79 -54.3394
15.795 -49.1452
15.8 -43.3411
15.805 -36.975
15.81 -30.2483
15.815 -23.1591
15.82 -16.2102
15.825 -8.90419
15.83 -1.4348
15.835 6.05361
15.84 13.4413
15.845 20.5664
15.85 24.0818
15.855 27.4211
15.86 30.7617
15.865 33.9807
15.87 35.1177
15.875 36.5172
15.88 37.8794
15.885 39.369
15.89 41.0574
15.895 42.7651
15.9 44.4293
15.905 46.0061
15.91 47.2891
15.915 48.3348
15.92 49.2
15.925 49.9769
15.93 50.6105
15.935 51.1234
15.94 51.3446
15.945 51.4734
15.95 51.4221
15.955 51.2506
15.96 50.8513
15.965 50.1776
15.97 49.1877
15.975 47.9468
15.98 46.5805
15.985 45.0826
15.99 43.4381
15.995 40.1572
16 36.3181
16.005 32.011
16.01 27.5405
16.015 22.8726
16.02 18.0487
16.025 13.1816
16.03 8.44122
16.035 4.03586
16.04 0.186236
16.045 -2.91337
16.05 -4.18342
16.055 -5.51253
16.06 -6.32081
16.065 -6.57085
16.07 -5.70531
16.075 -3.94545
16.08 -1.38725
16.085 1.73493
16.09 5.1305
16.095 8.52097
16.1 11.8117
16.105 14.8256
16.11 17.4005
16.115 18.0889
16.12 18.8821
16.125 19.2097
16.13 19.0608
16.135 18.1504
16.14 16.3914
16.145 13.7995
16.15 10.4556
16.155 6.52175
16.16 2.19881
16.165 -2.1733
16.17 -6.49741
16.175 -9.53125
16.18 -12.5905
16.185 -15.487
16.19 -18.0628
16.195 -20.1455
16.2 -21.7431
16.205 -22.8809
16.21 -23.4148
16.215 -23.4015
16.22 -22.6657
16.225 -21.2966
16.23 -18.9084
16.235 -16.1477
16.24 -13.1465
16.245 -10.0291
16.25 -6.8548
16.255 -3.72786
16.26 -0.644066
16.265 2.35911
16.27 5.1805
16.275 7.99757
16.28 10.724
16.285 13.364
16.29 15.7369
16.295 18.2804
16.3 20.474
16.305 22.3795
16.31 24.0729
16.315 25.7083
16.32 27.5272
16.325 29.5078
16.33 31.6296
16.335 33.6067
16.34 35.4042
16.345 36.9049
16.35 38.151
16.355 39.1167
16.36 39.9289
16.365 40.7208
16.37 41.375
16.375 41.9137
16.38 42.3803
16.385 42.8735
16.39 43.336
16.395 43.8919
16.4 44.4034
16.405 44.9422
16.41 45.3642
16.415 45.5089
16.42 45.8009
16.425 45.8624
16.43 46.0054
16.435 46.3399
16.44 46.9286
16.445 47.5499
16.45 48.1362
16.455 48.4527
16.46 48.4918
16.465 48.0809
16.47 47.2275
16.475 45.8439
16.48 43.9192
16.485 41.5164
16.49 38.6337
16.495 35.4131
16.5 32.0227
16.505 28.5332
16.51 24.8889
16.515 21.0909
16.52 17.1433
16.525 13.167
16.53 9.16197
16.535 5.09156
16.54 0.852866
16.545 -3.65508
16.55 -8.24716
16.555 -13.0217
16.56 -18.0275
16.565 -23.3458
16.57 -28.8187
16.575 -34.3035
16.58 -39.7627
16.585 -45.1379
16.59 -50.3991
16.595 -55.4685
16.6 -60.3874
16.605 -65.1173
16.61 -69.6746
16.615 -73.9043
16.62 -77.8297
16.625 -81.3539
16.63 -84.3767
16.635 -86.8401
16.64 -88.6675
16.645 -89.8879
16.65 -90.5246
16.655 -90.6621
16.66 -90.2117
16.665 -87.6405
16.67 -84.0386
16.675 -79.1747
16.68 -72.9911
16.685 -65.7861
16.69 -57.8171
16.695 -49.3069
16.7 -41.1803
16.705 -32.6063
16.71 -24.203
16.715 -16.1043
16.72 -8.49033
16.725 -1.30976
16.73 5.1312
16.735 4.9981
16.74 7.4726
16.745 7.65596
16.75 8.96964
16.755 10.2193
16.76 11.3647
16.765 12.3133
16.77 13.1209
16.775 13.793
16.78 14.4295
16.785 14.9348
16.79 15.472
16.795 15.9381
16.8 16.3237
16.805 16.4985
16.81 16.5245
16.815 16.3694
16.82 16.1585
16.825 16.1185
16.83 16.2757
16.835 16.7031
16.84 17.125
16.845 17.5711
16.85 17.9319
16.855 18.2924
16.86 18.5452
16.865 18.8302
16.87 19.0633
16.875 19.2761
16.88 19.4594
16.885 19.4138
16.89 18.7806
16.895 17.6946
16.9 16.3172
16.905 14.693
16.91 12.9416
16.915 11.0839
16.92 9.22692
16.925 7.51557
16.93 6.01423
16.935 4.7526
16.94 3.93639
16.945 3.59061
16.95 3.77231
16.955 5.07256
16.96 7.33276
16.965 10.5459
16.97 14.6602
16.975 14.664
16.98 15.4199
16.985 16.258
16.99 17.0714
16.995 17.9169
17 18.7674
17.005 19.5485
17.01 20.1524
17.015 20.6968
17.02 21.24
17.025 21.8604
17.03 22.4527
17.035 22.9528
17.04 23.2947
17.045 23.5533
17.05 23.6971
17.055 22.694
17.06 19.5773
17.065 14.7849
17.07 8.47286
17.075 0.958452
17.08 -7.44294
17.085 -14.1138
17.09 -21.0038
17.095 -28.0222
17.1 -34.9169
17.105 -41.5271
17.11 -47.7304
17.115 -47.9404
17.12 -48.8615
17.125 -49.6092
17.13 -50.1257
17.135 -50.5135
17.14 -50.8657
17.145 -51.1593
17.15 -51.246
17.155 -51.1078
17.16 -51.0018
17.165 -50.6962
17.17 -50.2211
17.175 -49.5561
17.18 -48.749
17.185 -47.796
17.19 -46.6628
17.195 -44.2529
17.2 -41.244
17.205 -37.5859
17.21 -33.3476
17.215 -28.5061
17.22 -23.1921
17.225 -17.562
17.23 -11.7252
17.235 -5.82603
17.24 0.0166097
17.245 5.68685
17.25 8.55314
17.255 12.559
17.26 16.3966
17.265 19.9636
17.27 23.2193
17.275 26.1844
17.28 28.8631
17.285 31.2545
17.29 33.3462
17.295 35.0247
17.3 36.2128
17.305 36.8443
17.31 36.9371
17.315 36.5773
17.32 35.8393
17.325 34.7286
17.33 33.3213
17.335 31.631
17.34 29.7287
17.345 27.6598
17.35 25.591
17.355 23.6124
17.36 21.7198
17.365 19.8653
17.37 17.988
17.375 16.174
17.38 14.6378
17.385 13.5928
17.39 13.1026
17.395 13.1215
17.4 13.4809
17.405 14.0981
17.41 15.3096
17.415 16.6838
17.42 18.2701
17.425 20.0739
17.43 22.0829
17.435 24.2894
17.44 26.5238
17.445 28.5766
17.45 30.4065
17.455 30.9319
17.46 31.6792
17.465 32.1776
17.47 32.5306
17.475 32.6878
17.48 32.7268
17.485 32.5582
17.49 32.2215
17.495 31.6411
17.5 30.7451
17.505 29.5179
17.51 28.003
17.515 26.2601
17.52 24.3062
17.525 22.1418
17.53 19.7531
17.535 17.1464
17.54 14.2258
17.545 11.0487
17.55 7.57286
17.555 3.9306
17.56 0.272618
17.565 -3.27618
17.57 -6.73958
17.575 -10.0878
17.58 -13.4713
17.585 -16.8881
17.59 -20.1749
17.595 -23.252
17.6 -26.1098
17.605 -28.8211
17.61 -31.2294
17.615 -33.3972
17.62 -35.2002
17.625 -36.6699
17.63 -37.8599
17.635 -38.9323
17.64 -39.8761
17.645 -40.5454
17.65 -40.9744
17.655 -41.148
17.66 -41.2255
17.665 -41.0297
17.67 -40.5552
17.675 -39.8798
17.68 -39.2342
17.685 -38.7377
17.69 -38.4797
17.695 -38.2835
17.7 -38.0603
17.705 -37.7008
17.71 -37.2347
17.715 -36.6547
17.72 -35.8358
17.725 -34.9026
17.73 -33.7288
17.735 -32.4203
17.74 -31.0063
17.745 -29.4957
17.75 -27.9658
17.755 -26.3342
17.76 -24.5859
17.765 -22.4454
17.77 -19.8831
17.775 -16.9572
17.78 -13.9341
17.785 -10.98
17.79 -8.255
17.795 -5.65317
17.8 -3.19273
17.805 -0.816857
17.81 1.47655
17.815 3.61145
17.82 5.52454
17.825 7.03549
17.83 8.41835
17.835 9.70815
17.84 11.0924
17.845 12.5053
17.85 13.9006
17.855 15.106
17.86 16.0561
17.865 16.8368
17.87 17.5937
17.875 18.3688
17.88 19.0409
17.885 19.693
17.89 20.2899
17.895 20.8213
17.9 21.2427
17.905 21.618
17.91 21.929
17.915 22.2043
17.92 22.3884
17.925 22.4592
17.93 22.3588
17.935 21.9596
17.94 21.3394
17.945 20.5247
17.95 19.4343
17.955 18.0192
17.96 16.3489
17.965 14.3979
17.97 12.1213
17.975 9.47864
17.98 6.51821
17.985 3.27044
17.99 -0.171157
17.995 -3.70451
18 -7.33868
18.005 -10.92
18.01 -14.4091
18.015 -17.7057
18.02 -21.0462
18.025 -24.3825
18.03 -27.6646
18.035 -30.7255
18.04 -33.5439
18.045 -36.0105
18.05 -38.0084
18.055 -39.5741
18.06 -40.5205
18.065 -40.8897
18.07 -40.7744
18.075 -40.246
18.08 -39.2477
18.085 -37.8935
18.09 -36.0183
18.095 -33.6925
18.1 -30.8971
18.105 -27.8254
18.11 -24.5679
18.115 -21.2265
18.12 -17.8024
18.125 -14.415
18.13 -11.1431
18.135 -7.97367
18.14 -4.88204
18.145 -1.74562
18.15 1.29372
18.155 4.48074
18.16 7.67396
18.165 10.7606
18.17 13.6443
18.175 16.3897
18.18 19.0576
18.185 21.721
18.19 24.4061
18.195 27.0293
18.2 29.5807
18.205 31.9718
18.21 34.1985
18.215 36.3344
18.22 38.4642
18.225 40.4691
18.23 42.2447
18.235 43.614
18.24 44.6587
18.245 45.4654
18.25 46.0773
18.255 46.5698
18.26 46.9915
18.265 47.3073
18.27 47.4495
18.275 47.5164
18.28 47.45
18.285 47.2564
18.29 46.8508
18.295 46.2698
18.3 45.4581
18.305 44.4751
18.31 43.345
18.315 42.1877
18.32 40.9708
18.325 39.7026
18.33 38.4364
18.335 37.168
18.34 35.8537
18.345 34.4742
18.35 33.0099
18.355 31.3926
18.36 29.604
18.365 27.6172
18.37 25.546
18.375 23.3303
18.38 21.0759
18.385 18.81
18.39 16.4836
18.395 14.0685
18.4 11.5085
18.405 8.83952
18.41 6.1796
18.415 3.60699
18.42 1.08258
18.425 -1.39746
18.43 -3.82457
18.435 -6.21263
18.44 -8.56926
18.445 -10.799
18.45 -12.8513
18.455 -14.68
18.46 -16.2745
18.465 -17.6396
18.47 -18.8272
18.475 -19.868
18.48 -20.7703
18.485 -21.5038
18.49 -22.0202
18.495 -22.3043
18.5 -22.139
18.505 -21.6415
18.51 -20.805
18.515 -19.7084
18.52 -18.4432
18.525 -17.0995
18.53 -15.7032
18.535 -14.1974
18.54 -12.5176
18.545 -10.7297
18.55 -8.9511
18.555 -7.35684
18.56 -6.09216
18.565 -5.31613
18.57 -5.13068
18.575 -5.53716
18.58 -6.44224
18.585 -7.73471
18.59 -9.33042
18.595 -11.2501
18.6 -13.619
18.605 -16.4315
18.61 -19.679
18.615 -23.1475
18.62 -26.6937
18.625 -30.2959
18.63 -34.035
18.635 -37.9467
18.64 -41.9533
18.645 -45.8896
18.65 -49.6209
18.655 -53.0206
18.66 -56.0014
18.665 -58.5203
18.67 -60.5782
18.675 -62.1106
18.68 -63.0215
18.685 -62.8081
18.69 -61.8021
18.695 -59.9453
18.7 -57.3006
18.705 -53.9601
18.71 -50.0411
18.715 -45.703
18.72 -41.5439
18.725 -37.0711
18.73 -32.5398
18.735 -27.9847
18.74 -23.4452
18.745 -19.0755
18.75 -14.938
18.755 -14.5633
18.76 -13.1352
18.765 -11.8231
18.77 -10.5865
18.775 -9.33662
18.78 -8.03505
18.785 -6.65375
18.79 -5.90537
18.795 -4.89415
18.8 -3.85871
18.805 -2.86378
18.81 -1.96167
18.815 -1.09456
18.82 -0.228208
18.825 0.669632
18.83 1.57394
18.835 2.42945
18.84 3.13858
18.845 3.71339
18.85 4.23722
18.855 4.81339
18.86 5.46804
18.865 6.18959
18.87 6.90482
18.875 7.05364
18.88 6.79768
18.885 4.44619
18.89 3.2732
18.895 1.7045
18.9 -0.158539
18.905 -2.25556
18.91 -4.46433
18.915 -6.69599
18.92 -8.76856
18.925 -10.5995
18.93 -12.0315
18.935 -13.1107
18.94 -13.7549
18.945 -13.9055
18.95 -13.5302
18.955 -12.5679
18.96 -10.6745
18.965 -7.72906
18.97 -3.69122
18.975 1.4245
18.98 7.48463
18.985 14.4381
18.99 22.1232
18.995 18.8871
19 20.1512
19.005 21.6142
19.01 23.1383
19.015 24.7458
19.02 26.3836
19.025 28.0309
19.03 29.7556
19.035 31.6031
19.04 33.5471
19.045 35.3996
19.05 37.2922
19.055 39.2328
19.06 41.3186
19.065 43.4858
19.07 45.6882
19.075 47.8078
19.08 49.8339
19.085 51.6425
19.09 53.2358
19.095 56.1258
19.1 58.3188
19.105 60.331
19.11 62.0353
19.115 63.9176
19.12 64.8101
19.125 64.2173
19.13 62.2576
19.135 59.1308
19.14 55.0784
19.145 50.394
19.15 45.3332
19.155 40.1509
19.16 35.1166
19.165 30.313
19.17 25.8436
19.175 21.7638
19.18 20.2859
19.185 18.2814
19.19 16.6559
19.195 15.346
19.2 14.3477
19.205 13.5808
19.21 13.0057
19.215 12.6356
19.22 12.4394
19.225 12.391
19.23 12.3024
19.235 12.069
19.24 11.6294
19.245 11.0351
19.25 10.2773
19.255 9.42232
19.26 8.48453
19.265 7.41218
19.27 6.08614
19.275 4.46994
19.28 2.65829
19.285 0.656707
19.29 -1.44643
19.295 -0.584781
19.3 -0.935964
19.305 -1.27641
19.31 -1.60549
19.315 -1.98813
19.32 -2.51666
19.325 -3.2153
19.33 -4.06282
19.335 -4.92169
19.34 -5.77391
19.345 -6.49999
19.35 -7.11278
19.355 -7.61958
19.36 -7.97485
19.365 -8.0542
19.37 -8.05323
19.375 -7.99603
19.38 -7.79581
19.385 -7.62977
19.39 -7.56831
19.395 -7.68625
19.4 -7.9831
19.405 -8.53656
19.41 -9.40007
19.415 -10.6006
19.42 -12.2457
19.425 -15.4922
19.43 -19.7669
19.435 -24.9415
19.44 -24.512
19.445 -26.2134
19.45 -27.9142
19.455 -29.6976
19.46 -31.5735
19.465 -33.5167
19.47 -35.5138
19.475 -37.5612
19.48 -39.6087
19.485 -41.6745
19.49 -43.8182
19.495 -46.0919
19.5 -48.461
19.505 -50.9001
19.51 -53.3439
19.515 -55.7836
19.52 -60.3113
19.525 -68.2057
19.53 -73.9068
19.535 -78.9816
19.54 -83.3827
19.545 -87.185
19.55 -90.0377
19.555 -91.9687
19.56 -92.937
19.565 -92.7873
19.57 -89.5629
19.575 -83.5309
19.58 -75.1906
19.585 -65.5096
19.59 -54.2374
19.595 -41.8698
19.6 -28.8211
19.605 -15.5117
19.61 -2.36073
19.615 10.2031
19.62 16.5514
19.625 24.2665
19.63 19.6444
19.635 20.5369
19.64 21.4303
19.645 22.3662
19.65 23.3633
19.655 24.3741
19.66 25.3543
19.665 26.2718
19.67 27.0906
19.675 27.7969
19.68 28.3764
19.685 28.8737
19.69 29.3608
19.695 29.9301
19.7 30.539
19.705 31.1141
19.71 31.6242
19.715 32.0796
19.72 32.5035
19.725 32.9263
19.73 33.3529
19.735 33.7506
19.74 34.0758
19.745 34.3072
19.75 34.4689
19.755 33.1216
19.76 31.2773
19.765 28.8128
19.77 25.8206
19.775 22.3781
19.78 18.6502
19.785 14.8336
19.79 11.0861
19.795 7.56237
19.8 4.38629
19.805 1.69848
19.81 -0.384174
19.815 -1.76331
19.82 -1.87089
19.825 -1.72205
19.83 -1.27536
19.835 -0.473194
19.84 0.735285
19.845 2.36564
19.85 4.43504
19.855 6.92525
19.86 9.79792
19.865 12.9464
19.87 16.3328
19.875 19.9545
19.88 23.8269
19.885 27.9138
19.89 32.1523
19.895 36.3742
19.9 40.4119
19.905 44.1218
19.91 47.4279
19.915 50.3162
19.92 52.7792
19.925 54.7823
19.93 56.2507
19.935 57.0961
19.94 57.244
19.945 56.6641
19.95 52.9231
19.955 47.6422
19.96 40.7726
19.965 32.6275
19.97 23.5505
19.975 14.7194
19.98 5.40327
19.985 -3.77919
19.99 -12.5852
19.995 -20.7506
20 -28.0284
20.005 -32.161
20.01 -35.6838
20.015 -34.4656
20.02 -34.4297
20.025 -34.3688
20.03 -34.267
20.035 -34.1148
20.04 -33.8545
20.045 -33.4548
20.05 -32.3237
20.055 -30.9715
20.06 -29.3996
20.065 -27.7022
20.07 -25.9054
20.075 -24.0135
20.08 -22.05
20.085 -20.0445
20.09 -18.0526
20.095 -16.141
20.1 -14.3827
20.105 -12.7911
20.11 -11.3732
20.115 -10.1574
20.12 -9.15617
20.125 -8.37225
20.13 -7.79084
20.135 -7.37221
20.14 -7.06982
20.145 -6.86218
20.15 -6.88149
20.155 -7.16277
20.16 -7.65386
20.165 -8.28738
20.17 -8.96417
20.175 -9.57852
20.18 -10.0329
20.185 -10.2804
20.19 -10.3048
20.195 -10.0924
20.2 -9.62501
20.205 -9.1071
20.21 -8.45963
20.215 -7.64901
20.22 -6.662
20.225 -5.49802
20.23 -4.16572
20.235 -2.69809
20.24 -1.13984
20.245 0.480276
20.25 2.13163
20.255 3.80011
20.26 5.47211
20.265 7.11718
20.27 8.68345
20.275 10.1408
20.28 11.4515
20.285 12.5856
20.29 13.5126
20.295 14.1979
20.3 14.6032
20.305 14.6995
20.31 14.4698
20.315 13.6879
20.32 12.2158
20.325 10.2144
20.33 7.75695
20.335 4.94242
20.34 1.8869
20.345 -1.0725
20.35 -4.17032
20.355 -7.24202
20.36 -10.1797
20.365 -12.8723
20.37 -15.2132
20.375 -17.1167
20.38 -18.534
20.385 -19.4361
20.39 -19.8027
20.395 -19.6305
20.4 -19.2668
20.405 -18.5816
20.41 -17.6081
20.415 -16.3713
20.42 -14.9047
20.425 -13.2351
20.43 -11.3995
20.435 -9.43349
20.44 -7.37018
20.445 -5.23881
20.45 -3.07629
20.455 -0.913295
20.46 1.2195
20.465 3.29117
20.47 5.26772
20.475 7.11638
20.48 8.80365
20.485 10.3058
20.49 11.606
20.495 12.6944
20.5 13.569
20.505 14.2302
20.51 14.6816
20.515 14.931
20.52 14.9897
20.525 14.869
20.53 14.5836
20.535 13.8289
20.54 12.913
20.545 11.8275
20.55 10.6293
20.555 9.37906
20.56 8.13371
20.565 6.94558
20.57 5.8614
20.575 4.92285
20.58 4.16193
20.585 3.60459
20.59 3.26166
20.595 3.1365
20.6 3.22012
20.605 3.35826
20.61 3.6065
20.615 3.9459
20.62 4.36531
20.625 4.85268
20.63 5.3958
20.635 5.98091
20.64 6.59654
20.645 7.22839
20.65 7.8624
20.655 8.48359
20.66 9.07841
20.665 9.63389
20.67 10.138
20.675 10.5813
20.68 10.9556
20.685 11.2545
20.69 11.4721
20.695 11.6031
20.7 11.6429
20.705 11.5889
20.71 11.3748
20.715 10.9764
20.72 10.4234
20.725 9.72957
20.73 8.91181
20.735 7.98911
20.74 6.98202
20.745 5.91176
20.75 4.80002
20.755 3.66765
20.76 2.53569
20.765 1.42344
20.77 0.346758
20.775 -0.681303
20.78 -1.65104
20.785 -2.55554
20.79 -3.39101
20.795 -4.15633
20.8 -4.85252
20.805 -5.4821
20.81 -6.04899
20.815 -6.55761
20.82 -7.0126
20.825 -7.41833
20.83 -7.7787
20.835 -8.09679
20.84 -8.37473
20.845 -8.61373
20.85 -8.81404
20.855 -8.97519
20.86 -9.09625
20.865 -9.17502
20.87 -9.20964
20.875 -9.19994
20.88 -9.14653
20.885 -9.0923
20.89 -9.0046
20.895 -8.89266
20.9 -8.75789
20.905 -8.60215
20.91 -8.42782
20.915 -8.23764
20.92 -8.03482
20.925 -7.82287
20.93 -7.60556
20.935 -7.38678
20.94 -7.17044
20.945 -6.96037
20.95 -6.76017
20.955 -6.57306
20.96 -6.4018
20.965 -6.24851
20.97 -6.11462
20.975 -4.9847
