0.005 0.490934
0.01 0.487505
0.015 0.483416
0.02 0.478025
0.025 0.471013
0.03 0.461643
0.035 0.449784
0.04 0.435442
0.045 0.418728
0.05 0.399866
0.055 0.379311
0.06 0.358772
0.065 0.33989
0.07 0.323177
0.075 0.310206
0.08 0.300329
0.085 0.292821
0.09 0.2866
0.095 0.282541
0.1 0.277013
0.105 0.268544
0.11 0.256595
0.115 0.240981
0.12 0.225607
0.125 0.208638
0.13 0.196224
0.135 0.18839
0.14 0.183448
0.145 0.18601
0.15 0.195177
0.155 0.225341
0.16 0.284558
0.165 0.386248
0.17 0.541947
0.175 0.731895
0.18 0.909377
0.185 1.05916
0.19 1.1687
0.195 1.20361
0.2 1.13456
0.205 0.950006
0.21 0.700451
0.215 0.465712
0.22 0.269177
0.225 0.10184
0.23 -0.054047
0.235 -0.204988
0.24 -0.346116
0.245 -0.471418
0.25 -0.55559
0.255 -0.591267
0.26 -0.59143
0.265 -0.585906
0.27 -0.56763
0.275 -0.525289
0.28 -0.462183
0.285 -0.383337
0.29 -0.31188
0.295 -0.24249
0.3 -0.15591
0.305 -0.0449575
0.31 0.0924371
0.315 0.258157
0.32 0.472648
0.325 0.714661
0.33 0.999334
0.335 1.29195
0.34 1.54145
0.345 1.70203
0.35 1.74671
0.355 1.68856
0.36 1.55013
0.365 1.4038
0.37 1.27714
0.375 1.20714
0.38 1.20758
0.385 1.2592
0.39 1.34733
0.395 1.41014
0.4 1.40908
0.405 1.28729
0.41 1.06467
0.415 0.751871
0.42 0.380141
0.425 -0.00730183
0.43 -0.388216
0.435 -0.687886
0.44 -0.905267
0.445 -1.05885
0.45 -1.20904
0.455 -1.32884
0.46 -1.3918
0.465 -1.35442
0.47 -1.16853
0.475 -0.911454
0.48 -0.604177
0.485 -0.332723
0.49 -0.0883952
0.495 0.201856
0.5 0.568384
0.505 1.0174
0.51 1.51702
0.515 2.04528
0.52 2.46304
0.525 2.768
0.53 2.92472
0.535 2.95702
0.54 2.86987
0.545 2.64417
0.55 2.29869
0.555 1.8821
0.56 1.44728
0.565 1.03773
0.57 0.658652
0.575 0.308254
0.58 -0.0299499
0.585 -0.354101
0.59 -0.643174
0.595 -0.866905
0.6 -1.05698
0.605 -1.21209
0.61 -1.30002
0.615 -1.2982
0.62 -1.2003
0.625 -1.06955
0.63 -0.955573
0.635 -0.855433
0.64 -0.697631
0.645 -0.405537
0.65 0.0468692
0.655 0.690334
0.66 1.53681
0.665 2.58123
0.67 3.74373
0.675 4.92417
0.68 6.01606
0.685 6.94646
0.69 7.72261
0.695 8.31764
0.7 8.70087
0.705 8.82616
0.71 8.71298
0.715 8.30555
0.72 7.58633
0.725 6.57362
0.73 5.22535
0.735 3.55252
0.74 1.59113
0.745 -0.505883
0.75 -2.5544
0.755 -4.31846
0.76 -5.64984
0.765 -6.52235
0.77 -6.87944
0.775 -6.77128
0.78 -6.22647
0.785 -5.21445
0.79 -3.73177
0.795 -1.85396
0.8 0.195734
0.805 2.177
0.81 3.82301
0.815 5.04446
0.82 5.7146
0.825 5.84044
0.83 5.65142
0.835 5.19723
0.84 4.51346
0.845 3.55976
0.85 2.38947
0.855 1.08356
0.86 -0.365021
0.865 -1.80835
0.87 -3.27345
0.875 -4.61764
0.88 -5.74282
0.885 -6.72408
0.89 -7.51399
0.895 -8.06325
0.9 -8.26568
0.905 -8.15969
0.91 -7.80428
0.915 -7.25019
0.92 -6.47182
0.925 -5.37888
0.93 -4.05525
0.935 -2.6276
0.94 -1.22713
0.945 0.0999969
0.95 1.3577
0.955 2.46177
0.96 3.42464
0.965 4.16846
0.97 4.77962
0.975 5.23704
0.98 5.56384
0.985 5.83677
0.99 6.08543
0.995 6.39011
1 6.73662
1.005 7.19451
1.01 7.78274
1.015 8.49539
1.02 9.37119
1.025 10.262
1.03 11.0111
1.035 11.286
1.04 11.0618
1.045 10.3319
1.05 9.1705
1.055 7.83857
1.06 6.43736
1.065 5.06654
1.07 3.80652
1.075 2.64018
1.08 1.61641
1.085 0.566671
1.09 -0.60056
1.095 -1.94256
1.1 -3.27487
1.105 -4.42474
1.11 -5.33845
1.115 -5.90848
1.12 -6.05918
1.125 -5.65188
1.13 -4.64571
1.135 -3.22501
1.14 -1.74217
1.145 -0.425671
1.15 0.581915
1.155 1.13817
1.16 1.32669
1.165 1.25733
1.17 1.03738
1.175 0.766491
1.18 0.528845
1.185 0.305313
1.19 0.243214
1.195 0.361061
1.2 0.495492
1.205 0.523852
1.21 0.296786
1.215 -0.304319
1.22 -1.2646
1.225 -2.49343
1.23 -3.86875
1.235 -5.31042
1.24 -6.77662
1.245 -8.14337
1.25 -9.36737
1.255 -10.3251
1.26 -11.015
1.265 -11.3083
1.27 -11.0992
1.275 -10.4741
1.28 -9.48994
1.285 -8.19142
1.29 -6.44404
1.295 -4.28454
1.3 -1.80515
1.305 0.903943
1.31 3.7868
1.315 6.75651
1.32 9.5374
1.325 12.0083
1.33 14.1181
1.335 15.724
1.34 16.8344
1.345 17.4877
1.35 17.7195
1.355 17.5358
1.36 16.9174
1.365 15.8549
1.37 14.3254
1.375 12.4197
1.38 10.1505
1.385 7.6565
1.39 4.86971
1.395 1.79708
1.4 -1.45498
1.405 -4.64264
1.41 -7.43541
1.415 -9.69606
1.42 -11.2782
1.425 -12.172
1.43 -12.4553
1.435 -12.1973
1.44 -11.4538
1.445 -10.2544
1.45 -8.67118
1.455 -6.84702
1.46 -4.93698
1.465 -3.12757
1.47 -1.48999
1.475 -0.109754
1.48 0.998942
1.485 1.69476
1.49 1.96952
1.495 1.7247
1.5 1.06551
1.505 0.0175196
1.51 -1.27952
1.515 -2.69054
1.52 -4.14672
1.525 -5.59745
1.53 -7.05899
1.535 -8.54918
1.54 -10.0056
1.545 -11.3403
1.55 -12.3143
1.555 -12.8695
1.56 -13.0134
1.565 -12.8089
1.57 -12.2093
1.575 -11.2617
1.58 -10.0591
1.585 -8.5947
1.59 -6.92698
1.595 -5.20858
1.6 -3.62136
1.605 -2.20778
1.61 -1.05284
1.615 -0.112356
1.62 0.725175
1.625 1.42363
1.63 1.91061
1.635 2.04998
1.64 1.99066
1.645 1.85201
1.65 1.71806
1.655 1.75727
1.66 2.08973
1.665 2.8513
1.67 4.09614
1.675 5.87676
1.68 8.08864
1.685 10.5285
1.69 13.0818
1.695 15.6788
1.7 18.2079
1.705 20.3917
1.71 22.0803
1.715 23.1101
1.72 23.3569
1.725 22.8009
1.73 21.4922
1.735 19.5022
1.74 16.8802
1.745 13.8012
1.75 10.4651
1.755 7.09976
1.76 3.821
1.765 0.79825
1.77 -1.77554
1.775 -3.7612
1.78 -4.95569
1.785 -5.43035
1.79 -5.32076
1.795 -4.85866
1.8 -4.24372
1.805 -3.7004
1.81 -3.43094
1.815 -3.51375
1.82 -3.91583
1.825 -4.51115
1.83 -5.32687
1.835 -6.2622
1.84 -7.22357
1.845 -8.11889
1.85 -8.87065
1.855 -9.37831
1.86 -9.5721
1.865 -9.35793
1.87 -8.59785
1.875 -7.31017
1.88 -5.55671
1.885 -3.50671
1.89 -1.5115
1.895 0.199834
1.9 1.49754
1.905 2.26184
1.91 2.36688
1.915 1.80748
1.92 0.617981
1.925 -1.08785
1.93 -3.24528
1.935 -5.81926
1.94 -8.85973
1.945 -12.2713
1.95 -15.7756
1.955 -19.1348
1.96 -22.0297
1.965 -24.2285
1.97 -25.5712
1.975 -25.9325
1.98 -25.2058
1.985 -23.388
1.99 -20.6725
1.995 -17.2689
2 -13.386
2.005 -9.07337
2.01 -4.41512
2.015 0.492315
2.02 5.45311
2.025 10.076
2.03 14.0307
2.035 17.1822
2.04 19.4699
2.045 20.8898
2.05 21.4406
2.055 21.0591
2.06 19.8739
2.065 18.0534
2.07 15.7932
2.075 13.338
2.08 10.8534
2.085 8.41542
2.09 6.00931
2.095 3.73954
2.1 1.68631
2.105 -0.0432867
2.11 -1.37782
2.115 -2.25859
2.12 -2.61307
2.125 -2.43636
2.13 -1.85209
2.135 -0.951935
2.14 0.125494
2.145 1.15735
2.15 2.03259
2.155 2.75588
2.16 3.33628
2.165 3.75148
2.17 4.03191
2.175 4.40193
2.18 5.02027
2.185 5.97552
2.19 7.25614
2.195 8.75552
2.2 10.3074
2.205 11.735
2.21 12.8709
2.215 13.5347
2.22 13.6325
2.225 13.1771
2.23 12.357
2.235 11.3074
2.24 10.0794
2.245 8.74067
2.25 7.28554
2.255 5.6683
2.26 3.69813
2.265 1.40188
2.27 -1.22238
2.275 -4.22583
2.28 -7.5191
2.285 -10.9908
2.29 -14.3791
2.295 -17.3089
2.3 -19.4609
2.305 -20.716
2.31 -20.8485
2.315 -19.9925
2.32 -18.4698
2.325 -16.53
2.33 -14.3584
2.335 -12.1105
2.34 -9.96546
2.345 -8.0436
2.35 -6.60919
2.355 -5.72275
2.36 -5.33857
2.365 -5.4874
2.37 -6.15729
2.375 -7.23787
2.38 -8.46729
2.385 -9.66674
2.39 -10.5157
2.395 -10.8335
2.4 -10.5294
2.405 -9.67157
2.41 -8.46599
2.415 -7.00157
2.42 -5.34898
2.425 -3.50473
2.43 -1.53689
2.435 0.508604
2.44 2.48335
2.445 4.20388
2.45 5.49543
2.455 6.20316
2.46 6.26824
2.465 5.57432
2.47 4.2903
2.475 2.66944
2.48 0.811322
2.485 -1.02449
2.49 -2.55981
2.495 -3.5515
2.5 -3.85732
2.505 -3.36132
2.51 -2.07519
2.515 -0.0099517
2.52 2.68888
2.525 5.92534
2.53 9.5727
2.535 13.4282
2.54 17.2607
2.545 20.765
2.55 23.7447
2.555 26.1245
2.56 27.8079
2.565 28.7401
2.57 28.8484
2.575 28.1521
2.58 26.6325
2.585 24.3794
2.59 21.5591
2.595 18.2599
2.6 14.8284
2.605 11.4361
2.61 8.16101
2.615 4.99209
2.62 1.90208
2.625 -1.12952
2.63 -4.04903
2.635 -6.67843
2.64 -8.82033
2.645 -10.2412
2.65 -10.9593
2.655 -10.9804
2.66 -10.375
2.665 -9.31719
2.67 -7.90269
2.675 -6.22786
2.68 -4.33941
2.685 -2.49966
2.69 -0.880692
2.695 0.557286
2.7 1.63744
2.705 2.24622
2.71 2.22215
2.715 1.60771
2.72 0.307789
2.725 -1.46947
2.73 -3.55355
2.735 -5.91131
2.74 -8.24588
2.745 -10.4813
2.75 -12.6238
2.755 -14.7368
2.76 -16.7311
2.765 -18.4177
2.77 -19.695
2.775 -20.387
2.78 -20.4456
2.785 -19.8895
2.79 -18.8807
2.795 -17.6506
2.8 -16.3752
2.805 -15.2581
2.81 -14.3833
2.815 -13.6978
2.82 -13.1466
2.825 -12.7023
2.83 -12.2328
2.835 -11.7091
2.84 -10.9724
2.845 -9.95163
2.85 -8.68516
2.855 -7.14709
2.86 -5.31513
2.865 -3.21524
2.87 -0.958235
2.875 1.41893
2.88 3.86106
2.885 6.33638
2.89 8.9302
2.895 11.5626
2.9 14.0663
2.905 16.1314
2.91 17.4516
2.915 17.8833
2.92 17.4983
2.925 16.4934
2.93 15.0995
2.935 13.6605
2.94 12.372
2.945 11.4599
2.95 10.9293
2.955 10.622
2.96 10.3645
2.965 10.0376
2.97 9.62502
2.975 9.06185
2.98 8.37444
2.985 7.71353
2.99 7.29149
2.995 7.23548
3 7.54303
3.005 8.12519
3.01 8.82439
3.015 9.51517
3.02 10.1209
3.025 10.684
3.03 11.2836
3.035 11.9733
3.04 12.6216
3.045 12.9983
3.05 12.9989
3.055 12.5919
3.06 11.9126
3.065 11.1088
3.07 10.314
3.075 9.63514
3.08 9.09297
3.085 8.66438
3.09 8.21685
3.095 7.60483
3.1 6.6751
3.105 5.34607
3.11 3.64779
3.115 1.66356
3.12 -0.430769
3.125 -2.50201
3.13 -4.47998
3.135 -6.36324
3.14 -8.09819
3.145 -9.69218
3.15 -11.1889
3.155 -12.6934
3.16 -14.2797
3.165 -15.9299
3.17 -17.0949
3.175 -18.2664
3.18 -19.1054
3.185 -19.3242
3.19 -18.8042
3.195 -17.5444
3.2 -15.6789
3.205 -13.4032
3.21 -10.944
3.215 -8.67503
3.22 -6.76774
3.225 -5.31311
3.23 -4.3314
3.235 -3.86888
3.24 -3.90414
3.245 -4.45282
3.25 -5.41299
3.255 -6.58587
3.26 -7.75748
3.265 -8.72377
3.27 -9.38259
3.275 -9.63711
3.28 -9.4486
3.285 -8.86372
3.29 -7.98593
3.295 -6.85312
3.3 -5.54935
3.305 -4.23615
3.31 -3.01924
3.315 -1.8963
3.32 -0.770321
3.325 0.364843
3.33 1.48005
3.335 2.50082
3.34 3.36853
3.345 4.05654
3.35 4.60995
3.355 4.96973
3.36 5.03147
3.365 4.84649
3.37 4.40359
3.375 3.82743
3.38 3.2486
3.385 2.78223
3.39 2.35814
3.395 1.93588
3.4 1.56828
3.405 1.31032
3.41 1.15532
3.415 0.814965
3.42 0.276587
3.425 -0.545558
3.43 -1.6143
3.435 -2.79202
3.44 -4.01125
3.445 -5.16496
3.45 -6.29898
3.455 -7.42986
3.46 -8.63689
3.465 -9.77906
3.47 -10.7782
3.475 -11.4981
3.48 -11.8582
3.485 -11.9789
3.49 -11.8296
3.495 -11.4593
3.5 -10.8315
3.505 -10.1297
3.51 -9.43909
3.515 -8.76346
3.52 -8.13619
3.525 -7.4948
3.53 -6.84705
3.535 -6.10434
3.54 -5.44461
3.545 -4.88267
3.55 -4.47367
3.555 -4.04882
3.56 -3.74252
3.565 -3.60682
3.57 -3.70992
3.575 -4.27862
3.58 -5.26956
3.585 -6.71442
3.59 -8.38869
3.595 -10.335
3.6 -12.4285
3.605 -14.5585
3.61 -16.6082
3.615 -18.2475
3.62 -19.5723
3.625 -20.5749
3.63 -21.5905
3.635 -22.5862
3.64 -23.4724
3.645 -24.3458
3.65 -24.9169
3.655 -25.504
3.66 -26.0568
3.665 -26.6753
3.67 -27.2598
3.675 -27.8028
3.68 -28.3657
3.685 -29.0806
3.69 -30.0999
3.695 -31.5012
3.7 -33.2101
3.705 -35.1616
3.71 -37.2974
3.715 -39.2974
3.72 -41.1729
3.725 -42.7506
3.73 -44.0853
3.735 -45.1004
3.74 -45.6147
3.745 -45.6502
3.75 -45.0897
3.755 -44.2968
3.76 -43.3543
3.765 -42.3671
3.77 -41.2908
3.775 -39.9057
3.78 -38.4022
3.785 -36.7161
3.79 -37.011
3.795 -36.2423
3.8 -35.3508
3.805 -35.6481
3.81 -35.5304
3.815 -35.337
3.82 -34.9487
3.825 -34.5156
3.83 -33.7187
3.835 -31.8503
3.84 -29.5844
3.845 -26.7823
3.85 -23.3827
3.855 -19.2606
3.86 -14.7057
3.865 -9.77911
3.87 -2.95273
3.875 3.27665
3.88 9.23369
3.885 14.8292
3.89 20.0152
3.895 24.0639
3.9 27.1734
3.905 28.9758
3.91 29.5982
3.915 29.2207
3.92 29.0049
3.925 29.0508
3.93 29.0254
3.935 29.0311
3.94 28.7668
3.945 28.2074
3.95 27.1855
3.955 25.6758
3.96 23.6139
3.965 20.9678
3.97 17.8873
3.975 16.807
3.98 15.3904
3.985 13.7569
3.99 12.064
3.995 10.4874
4 4.8108
4.005 0.41457
4.01 -2.59313
4.015 0.52324
4.02 2.41561
4.025 6.42657
4.03 9.58541
4.035 12.0087
4.04 13.4748
4.045 12.1724
4.05 10.1293
4.055 6.61409
4.06 1.65944
4.065 -11.4498
4.07 -21.8964
4.075 -32.4819
4.08 -42.827
4.085 -52.6291
4.09 -61.6516
4.095 -69.6377
4.1 -76.1875
4.105 -80.3909
4.11 -82.2149
4.115 -81.46
4.12 -78.331
4.125 -72.73
4.13 -64.6659
4.135 -54.1777
4.14 -41.2127
4.145 -25.7916
4.15 -8.31251
4.155 8.23288
4.16 24.2965
4.165 39.2015
4.17 49.2201
4.175 59.3199
4.18 67.7264
4.185 74.1229
4.19 78.3944
4.195 80.6142
4.2 80.8962
4.205 84.7863
4.21 84.8811
4.215 82.9156
4.22 78.909
4.225 72.9038
4.23 61.3306
4.235 51.126
4.24 40.9023
4.245 31.0239
4.25 22.0974
4.255 17.062
4.26 9.40458
4.265 6.90076
4.27 6.00817
4.275 7.15525
4.28 9.80902
4.285 13.1424
4.29 17.3051
4.295 20.2538
4.3 21.8635
4.305 19.3521
4.31 16.3025
4.315 11.9772
4.32 6.53542
4.325 0.312585
4.33 -6.13534
4.335 -12.3753
4.34 -18.2927
4.345 -23.4463
4.35 -27.3761
4.355 -29.6392
4.36 -29.9638
4.365 -27.7048
4.37 -23.4311
4.375 -17.4418
4.38 -10.1891
4.385 -2.16543
4.39 6.1512
4.395 14.2305
4.4 21.6113
4.405 27.3463
4.41 32.1674
4.415 36.1023
4.42 39.3764
4.425 42.2157
4.43 44.551
4.435 46.3682
4.44 47.4056
4.445 47.4877
4.45 46.426
4.455 44.2426
4.46 40.8875
4.465 36.3406
4.47 31.1591
4.475 24.729
4.48 17.5786
4.485 9.95439
4.49 2.27844
4.495 -5.02299
4.5 -11.4537
4.505 -16.1016
4.51 -19.8896
4.515 -22.3868
4.52 -23.549
4.525 -23.3093
4.53 -21.6669
4.535 -18.6488
4.54 -14.3718
4.545 -9.0674
4.55 -3.15066
4.555 2.80579
4.56 8.37529
4.565 13.0803
4.57 15.4375
4.575 16.7525
4.58 17.4026
4.585 16.6835
4.59 14.9618
4.595 12.5296
4.6 9.55792
4.605 5.65393
4.61 2.00282
4.615 -1.04253
4.62 -3.33378
4.625 -4.77157
4.63 -5.35464
4.635 -5.1606
4.64 -3.87881
4.645 -2.23451
4.65 -0.161891
4.655 1.49456
4.66 3.71897
4.665 6.21537
4.67 9.16853
4.675 12.8158
4.68 17.2629
4.685 22.7341
4.69 29.0972
4.695 36.4711
4.7 44.635
4.705 53.4222
4.71 62.5323
4.715 71.6555
4.72 80.4945
4.725 88.6299
4.73 95.4067
4.735 100.727
4.74 104.397
4.745 106.05
4.75 105.628
4.755 102.972
4.76 98.3119
4.765 91.7739
4.77 83.3496
4.775 72.9847
4.78 60.7534
4.785 50.217
4.79 36.6127
4.795 21.7742
4.8 6.03235
4.805 -12.6617
4.81 -28.9546
4.815 -43.449
4.82 -55.5023
4.825 -62.4916
4.83 -67.9091
4.835 -70.6668
4.84 -72.8024
4.845 -71.7926
4.85 -68.1085
4.855 -63.4519
4.86 -58.1044
4.865 -52.4544
4.87 -46.8168
4.875 -41.2009
4.88 -36.0646
4.885 -31.6641
4.89 -28.1724
4.895 -25.5245
4.9 -23.4759
4.905 -21.8232
4.91 -20.2941
4.915 -18.7768
4.92 -16.9041
4.925 -14.5431
4.93 -11.5869
4.935 -8.08293
4.94 -5.00949
4.945 -2.95683
4.95 -1.75973
4.955 -1.43812
4.96 -1.85376
4.965 -2.79582
4.97 -4.10737
4.975 -5.60627
4.98 -7.21698
4.985 -8.76792
4.99 -9.98124
4.995 -10.4863
5 -10.9271
5.005 -11.7858
5.01 -11.7463
5.015 -10.6863
5.02 -8.4407
5.025 -3.75729
5.03 1.98114
5.035 8.5154
5.04 15.641
5.045 23.1797
5.05 31.0086
5.055 38.9486
5.06 46.8259
5.065 54.4487
5.07 59.8579
5.075 65.9237
5.08 71.4194
5.085 77.3159
5.09 82.9816
5.095 88.2521
5.1 93.036
5.105 97.4096
5.11 101.585
5.115 105.71
5.12 109.859
5.125 113.876
5.13 117.85
5.135 121.675
5.14 125.401
5.145 129.049
5.15 132.565
5.155 135.766
5.16 138.435
5.165 140.402
5.17 141.44
5.175 141.394
5.18 140.114
5.185 137.476
5.19 135.774
5.195 131.603
5.2 125.869
5.205 118.868
5.21 110.926
5.215 101.214
5.22 91.656
5.225 82.0306
5.23 75.3336
5.235 68.0601
5.24 58.4722
5.245 51.0645
5.25 45.0157
5.255 40.589
5.26 37.9268
5.265 36.9514
5.27 39.0494
5.275 41.8932
5.28 35.9245
5.285 31.0527
5.29 27.3717
5.295 24.8988
5.3 23.6166
5.305 23.5332
5.31 24.0199
5.315 25.4364
5.32 27.4214
5.325 28.8831
5.33 30.8033
5.335 32.9099
5.34 34.7945
5.345 36.085
5.35 37.3909
5.355 37.5685
5.36 36.477
5.365 34.2047
5.37 30.7713
5.375 26.1284
5.38 20.191
5.385 12.9249
5.39 4.40368
5.395 -4.05789
5.4 -13.8282
5.405 -24.2589
5.41 -35.1824
5.415 -46.5102
5.42 -58.1991
5.425 -70.1922
5.43 -82.4478
5.435 -94.9114
5.44 -107.355
5.445 -119.398
5.45 -130.774
5.455 -141.173
5.46 -150.375
5.465 -158.166
5.47 -164.452
5.475 -169.098
5.48 -171.806
5.485 -173.131
5.49 -171.887
5.495 -168.418
5.5 -162.927
5.505 -155.896
5.51 -147.841
5.515 -144.452
5.52 -138.643
5.525 -133.575
5.53 -129.569
5.535 -127.078
5.54 -126.487
5.545 -124.146
5.55 -124.192
5.555 -124.592
5.56 -128.681
5.565 -135.836
5.57 -144.948
5.575 -154.93
5.58 -164.372
5.585 -177.835
5.59 -187.449
5.595 -194.171
5.6 -182.927
5.605 -175.226
5.61 -166.979
5.615 -159.411
5.62 -149.857
5.625 -139.55
5.63 -128.616
5.635 -117.057
5.64 -108.056
5.645 -96.5077
5.65 -91.6194
5.655 -82.1155
5.66 -71.7498
5.665 -61.0208
5.67 -50.3481
5.675 -40.1238
5.68 -30.6966
5.685 -21.6953
5.69 -14.5101
5.695 -9.059
5.7 -5.38445
5.705 -3.2979
5.71 -2.62604
5.715 -3.2555
5.72 -3.63891
5.725 -5.46315
5.73 -9.29111
5.735 -15.1471
5.74 -22.2689
5.745 -30.1943
5.75 -38.5094
5.755 -46.6919
5.76 -54.1592
5.765 -60.3983
5.77 -64.9223
5.775 -67.3436
5.78 -64.8645
5.785 -59.1774
5.79 -50.2542
5.795 -38.5577
5.8 -24.7437
5.805 -9.48742
5.81 6.46619
5.815 22.2881
5.82 37.4795
5.825 51.741
5.83 64.6819
5.835 76.0815
5.84 85.7949
5.845 93.9327
5.85 98.5554
5.855 98.0671
5.86 100.03
5.865 100.552
5.87 99.7745
5.875 97.8405
5.88 94.9042
5.885 91.215
5.89 86.9548
5.895 82.255
5.9 77.3501
5.905 72.5994
5.91 68.3985
5.915 62.6699
5.92 59.076
5.925 57.1197
5.93 53.8
5.935 54.4344
5.94 57.3102
5.945 62.4085
5.95 69.44
5.955 77.9863
5.96 87.7323
5.965 98.2418
5.97 108.882
5.975 117.58
5.98 118.996
5.985 117.56
5.99 111.781
5.995 101.568
6 86.8206
6.005 67.581
6.01 45.1006
6.015 20.5113
6.02 -4.9557
6.025 -29.8199
6.03 -53.0342
6.035 -73.4155
6.04 -87.6911
6.045 -90.2778
6.05 -94.0716
6.055 -100.747
6.06 -104.7
6.065 -107.265
6.07 -104.75
6.075 -99.3415
6.08 -91.7731
6.085 -82.6909
6.09 -72.8417
6.095 -63.0367
6.1 -53.8487
6.105 -46.2601
6.11 -39.776
6.115 -28.7887
6.12 -21.4273
6.125 -15.3498
6.13 -11.0334
6.135 -8.13367
6.14 -6.26252
6.145 -5.03002
6.15 -4.77197
6.155 -4.59216
6.16 -4.53727
6.165 -4.53156
6.17 -4.512
6.175 -5.37082
6.18 -7.772
6.185 -11.4153
6.19 -16.2142
6.195 -22.0811
6.2 -28.8523
6.205 -36.4827
6.21 -43.6951
6.215 -52.043
6.22 -60.8038
6.225 -69.6368
6.23 -73.3124
6.235 -77.3713
6.24 -80.4533
6.245 -82.2684
6.25 -82.5954
6.255 -81.3021
6.26 -78.2136
6.265 -73.3782
6.27 -67.0329
6.275 -59.3394
6.28 -50.6514
6.285 -41.5306
6.29 -32.3678
6.295 -25.379
6.3 -18.0837
6.305 -11.1653
6.31 -4.58331
6.315 1.63627
6.32 7.25921
6.325 12.2582
6.33 17.5274
6.335 22.1279
6.34 26.1244
6.345 29.3946
6.35 32.3838
6.355 35.5055
6.36 39.431
6.365 44.3246
6.37 50.2083
6.375 56.9998
6.38 64.4875
6.385 72.2669
6.39 79.9925
6.395 88.6903
6.4 97.4379
6.405 105.591
6.41 112.542
6.415 117.559
6.42 120.055
6.425 119.578
6.43 115.673
6.435 108.103
6.44 97.0476
6.445 81.9817
6.45 63.4933
6.455 42.5274
6.46 20.0342
6.465 -3.08938
6.47 -25.8232
6.475 -46.9897
6.48 -65.9009
6.485 -81.7217
6.49 -93.2414
6.495 -100.804
6.5 -104.264
6.505 -103.757
6.51 -97.7813
6.515 -87.3265
6.52 -73.8933
6.525 -58.1297
6.53 -40.9718
6.535 -23.3723
6.54 -5.99889
6.545 10.3799
6.55 25.0731
6.555 37.5672
6.56 46.012
6.565 52.4131
6.57 51.8411
6.575 50.4681
6.58 47.5938
6.585 43.634
6.59 38.8473
6.595 33.5431
6.6 28.0584
6.605 22.6988
6.61 17.6798
6.615 13.1706
6.62 8.46365
6.625 4.82925
6.63 1.91797
6.635 -0.32379
6.64 -1.81281
6.645 -3.20692
6.65 -3.31939
6.655 -2.35993
6.66 -0.452019
6.665 -3.9629
6.67 -2.3819
6.675 0.710029
6.68 5.04215
6.685 10.3418
6.69 16.3055
6.695 20.8459
6.7 23.5603
6.705 23.5689
6.71 20.7574
6.715 15.0576
6.72 6.56694
6.725 -4.22621
6.73 -15.4977
6.735 -27.9712
6.74 -40.3981
6.745 -51.7973
6.75 -61.3296
6.755 -68.4274
6.76 -72.5512
6.765 -73.3293
6.77 -70.71
6.775 -67.9994
6.78 -60.6239
6.785 -50.1568
6.79 -42.7603
6.795 -31.9069
6.8 -18.9187
6.805 -5.3608
6.81 9.60773
6.815 24.954
6.82 37.614
6.825 49.978
6.83 60.2045
6.835 67.4165
6.84 71.8733
6.845 73.6055
6.85 72.7448
6.855 72.4227
6.86 69.6056
6.865 65.2065
6.87 59.4991
6.875 52.7423
6.88 45.3917
6.885 37.8798
6.89 30.7679
6.895 24.4028
6.9 19.1323
6.905 15.1883
6.91 12.8653
6.915 12.2983
6.92 13.3549
6.925 15.8937
6.93 19.8338
6.935 24.9788
6.94 31.0742
6.945 38.0804
6.95 45.7702
6.955 53.7845
6.96 61.5395
6.965 68.6134
6.97 74.6136
6.975 79.2574
6.98 82.6354
6.985 84.4824
6.99 84.6101
6.995 82.0721
7 78.2011
7.005 73.1017
7.01 67.0897
7.015 60.1225
7.02 52.9212
7.025 45.9569
7.03 39.5176
7.035 33.8532
7.04 29.1261
7.045 25.2627
7.05 22.2182
7.055 19.9615
7.06 18.6839
7.065 18.3278
7.07 18.8634
7.075 20.296
7.08 22.2865
7.085 24.6775
7.09 27.1754
7.095 29.5183
7.1 31.5112
7.105 32.9685
7.11 33.758
7.115 33.8963
7.12 32.2388
7.125 31.0775
7.13 29.9504
7.135 29.0127
7.14 28.4434
7.145 28.1992
7.15 28.3266
7.155 28.8557
7.16 29.6489
7.165 30.6556
7.17 31.6749
7.175 32.655
7.18 33.5893
7.185 34.3946
7.19 35.1068
7.195 35.678
7.2 36.1163
7.205 36.2746
7.21 36.139
7.215 35.7472
7.22 35.0676
7.225 34.0481
7.23 33.5823
7.235 32.4429
7.24 30.4958
7.245 27.6307
7.25 24.0674
7.255 19.6757
7.26 14.8035
7.265 9.65303
7.27 4.49875
7.275 -0.481493
7.28 -6.27833
7.285 -11.3373
7.29 -15.6287
7.295 -18.9338
7.3 -21.1295
7.305 -22.1679
7.31 -22.0426
7.315 -20.7424
7.32 -18.4456
7.325 -15.4136
7.33 -11.9716
7.335 -8.58621
7.34 -5.60536
7.345 -3.31319
7.35 -1.89995
7.355 -2.17385
7.36 -5.04403
7.365 -10.7686
7.37 -19.4688
7.375 -31.0426
7.38 -45.2338
7.385 -61.5427
7.39 -79.4564
7.395 -98.242
7.4 -116.903
7.405 -134.36
7.41 -149.563
7.415 -161.76
7.42 -170.332
7.425 -174.871
7.43 -175.018
7.435 -180.107
7.44 -172.857
7.445 -163.188
7.45 -148.993
7.455 -131.373
7.46 -111.117
7.465 -88.9997
7.47 -66.1643
7.475 -43.6274
7.48 -23.4274
7.485 -4.48284
7.49 11.9433
7.495 26.1391
7.5 37.6934
7.505 41.8045
7.51 43.9155
7.515 42.9403
7.52 39.441
7.525 34.0082
7.53 27.3534
7.535 19.7754
7.54 12.3057
7.545 4.46656
7.55 -3.43287
7.555 -11.0669
7.56 -14.3167
7.565 -17.0521
7.57 -19.1556
7.575 -20.5508
7.58 -21.2372
7.585 -21.2986
7.59 -20.8131
7.595 -19.9559
7.6 -18.8063
7.605 -17.5011
7.61 -17.8026
7.615 -17.2343
7.62 -16.5364
7.625 -15.7901
7.63 -15.1001
7.635 -14.4907
7.64 -10.3164
7.645 -8.89138
7.65 -8.38137
7.655 -8.56073
7.66 -7.32503
7.665 -5.44694
7.67 -2.80776
7.675 0.693117
7.68 4.97824
7.685 9.918
7.69 15.4738
7.695 21.5341
7.7 27.8881
7.705 34.1433
7.71 40.3452
7.715 46.1086
7.72 51.2594
7.725 56.7019
7.73 61.003
7.735 63.9666
7.74 65.2791
7.745 64.7619
7.75 62.4525
7.755 57.7868
7.76 51.5734
7.765 44.1852
7.77 36.0693
7.775 27.6478
7.78 19.768
7.785 12.7316
7.79 7.00184
7.795 2.95548
7.8 0.773667
7.805 3.23852
7.81 7.87482
7.815 14.651
7.82 23.1536
7.825 32.1625
7.83 42.073
7.835 51.8855
7.84 57.9702
7.845 64.2855
7.85 69.4526
7.855 73.1866
7.86 75.1657
7.865 75.1897
7.87 73.0288
7.875 69.5628
7.88 63.5476
7.885 55.5368
7.89 45.9596
7.895 35.2887
7.9 24.0789
7.905 12.8039
7.91 1.9237
7.915 -8.09981
7.92 -16.8255
7.925 -24.0837
7.93 -29.7388
7.935 -33.7018
7.94 -35.6672
7.945 -35.7378
7.95 -33.8544
7.955 -30.167
7.96 -25.1198
7.965 -19.3099
7.97 -13.3926
7.975 -7.7158
7.98 -2.37719
7.985 2.60645
7.99 7.17088
7.995 11.2879
8 14.8368
8.005 17.7047
8.01 19.936
8.015 21.531
8.02 22.5205
8.025 22.8901
8.03 22.6921
8.035 21.961
8.04 20.7268
8.045 19.0394
8.05 16.7568
8.055 13.8462
8.06 10.4
8.065 6.68734
8.07 2.79497
8.075 -1.24017
8.08 -5.90161
8.085 -11.8481
8.09 -19.3182
8.095 -28.4907
8.1 -39.1762
8.105 -51.0194
8.11 -63.6352
8.115 -76.5118
8.12 -89.1433
8.125 -104.063
8.13 -115.845
8.135 -125.088
8.14 -131.278
8.145 -133.761
8.15 -132.313
8.155 -127.091
8.16 -118.227
8.165 -106.275
8.17 -92.006
8.175 -77.0603
8.18 -59.3298
8.185 -47.3037
8.19 -33.7515
8.195 -20.8085
8.2 -14.0249
8.205 -6.93765
8.21 -2.5345
8.215 -0.585208
8.22 -0.804238
8.225 -2.8512
8.23 -6.47306
8.235 -8.14931
8.24 -10.6745
8.245 -13.7835
8.25 -17.2976
8.255 -20.9027
8.26 -24.3374
8.265 -27.4217
8.27 -30.0135
8.275 -31.9099
8.28 -32.9057
8.285 -32.6523
8.29 -31.1278
8.295 -28.331
8.3 -24.3863
8.305 -19.5638
8.31 -14.0802
8.315 -8.24199
8.32 -2.18697
8.325 3.95583
8.33 10.0378
8.335 15.8845
8.34 21.5068
8.345 26.7221
8.35 31.4617
8.355 35.4579
8.36 38.6127
8.365 41.2161
8.37 43.7855
8.375 46.6586
8.38 49.9168
8.385 53.5989
8.39 57.6156
8.395 62.5036
8.4 67.5378
8.405 72.637
8.41 77.9951
8.415 83.484
8.42 88.5904
8.425 92.813
8.43 95.8286
8.435 97.3311
8.44 96.8729
8.445 94.3138
8.45 89.3891
8.455 82.472
8.46 73.6527
8.465 63.325
8.47 51.9839
8.475 40.3237
8.48 29.5197
8.485 18.9094
8.49 8.95967
8.495 5.15412
8.5 0.729798
8.505 -2.22777
8.51 -3.73881
8.515 -4.36771
8.52 -3.62428
8.525 -1.8335
8.53 -2.74413
8.535 -2.09763
8.54 -0.883568
8.545 0.782744
8.55 2.73665
8.555 4.93532
8.56 7.35958
8.565 9.99644
8.57 12.8253
8.575 15.825
8.58 18.9605
8.585 22.1739
8.59 25.4382
8.595 28.6873
8.6 31.9243
8.605 35.1446
8.61 38.3656
8.615 41.5962
8.62 44.7681
8.625 47.5206
8.63 50.0089
8.635 52.0954
8.64 53.7296
8.645 55.0555
8.65 56.2788
8.655 57.1598
8.66 57.8798
8.665 58.3139
8.67 58.5326
8.675 58.5933
8.68 58.4831
8.685 58.3774
8.69 58.4511
8.695 58.8547
8.7 59.6219
8.705 61.6204
8.71 63.3968
8.715 64.8564
8.72 65.262
8.725 64.0185
8.73 61.1344
8.735 56.6651
8.74 50.7092
8.745 43.5177
8.75 35.4501
8.755 27.0354
8.76 18.9554
8.765 11.3808
8.77 4.4884
8.775 -1.40934
8.78 -5.92866
8.785 -8.83517
8.79 -11.5384
8.795 -12.4178
8.8 -11.6764
8.805 -9.44749
8.81 -5.95441
8.815 -1.53532
8.82 3.24359
8.825 8.25763
8.83 13.0027
8.835 17.1711
8.84 20.6589
8.845 23.4282
8.85 25.405
8.855 26.5334
8.86 26.7841
8.865 25.4331
8.87 23.1798
8.875 19.6734
8.88 15.7737
8.885 11.8857
8.89 8.17501
8.895 7.0024
8.9 6.03632
8.905 5.7806
8.91 6.17487
8.915 7.14531
8.92 8.55156
8.925 10.2825
8.93 12.2174
8.935 14.1826
8.94 16.0324
8.945 17.709
8.95 19.2039
8.955 20.2899
8.96 20.8008
8.965 20.6941
8.97 20.0362
8.975 18.9844
8.98 17.5356
8.985 15.6321
8.99 13.1846
8.995 10.205
9 6.65057
9.005 2.69425
9.01 -1.51988
9.015 -5.81688
9.02 -10.1281
9.025 -14.186
9.03 -17.8556
9.035 -21.0848
9.04 -23.7732
9.045 -25.9786
9.05 -27.4796
9.055 -28.0975
9.06 -28.1852
9.065 -27.6418
9.07 -26.6791
9.075 -25.4762
9.08 -24.3807
9.085 -23.5347
9.09 -23.0038
9.095 -22.7609
9.1 -23.9155
9.105 -24.9469
9.11 -25.686
9.115 -25.9957
9.12 -25.8124
9.125 -25.1141
9.13 -23.921
9.135 -22.3741
9.14 -20.6569
9.145 -19.0382
9.15 -17.8037
9.155 -17.1034
9.16 -17.2212
9.165 -18.2204
9.17 -20.2157
9.175 -23.2879
9.18 -27.5568
9.185 -33.0076
9.19 -39.5325
9.195 -47.0475
9.2 -55.4567
9.205 -62.7817
9.21 -70.4035
9.215 -78.3231
9.22 -85.6524
9.225 -92.1925
9.23 -97.6264
9.235 -101.871
9.24 -104.825
9.245 -106.479
9.25 -106.873
9.255 -105.903
9.26 -103.533
9.265 -99.8422
9.27 -95.0509
9.275 -89.3251
9.28 -82.5324
9.285 -75.2848
9.29 -68.064
9.295 -61.0906
9.3 -54.8801
9.305 -49.7381
9.31 -45.839
9.315 -43.3994
9.32 -42.3597
9.325 -42.5858
9.33 -43.5142
9.335 -45.3742
9.34 -47.9917
9.345 -51.3556
9.35 -55.2817
9.355 -59.7412
9.36 -64.5174
9.365 -69.5762
9.37 -74.7157
9.375 -79.8022
9.38 -84.736
9.385 -89.4343
9.39 -93.8949
9.395 -97.8154
9.4 -100.979
9.405 -103.34
9.41 -105.087
9.415 -106.103
9.42 -106.549
9.425 -106.23
9.43 -105.233
9.435 -103.685
9.44 -101.842
9.445 -99.7443
9.45 -97.4908
9.455 -96.2967
9.46 -94.3628
9.465 -92.1951
9.47 -89.6703
9.475 -87.0309
9.48 -84.2939
9.485 -81.4296
9.49 -78.1476
9.495 -74.3755
9.5 -70.1448
9.505 -65.5068
9.51 -60.4661
9.515 -57.6307
9.52 -53.1572
9.525 -48.0032
9.53 -42.2687
9.535 -36.0191
9.54 -29.475
9.545 -22.7894
9.55 -16.239
9.555 -9.91046
9.56 -4.03635
9.565 1.23368
9.57 5.89439
9.575 10.9167
9.58 14.9892
9.585 18.5583
9.59 21.727
9.595 24.4159
9.6 26.5818
9.605 28.19
9.61 29.298
9.615 29.8743
9.62 30.0241
9.625 29.7747
9.63 29.1018
9.635 28.2321
9.64 27.3108
9.645 26.4957
9.65 26.0641
9.655 25.9272
9.66 25.85
9.665 25.8239
9.67 25.9557
9.675 26.3521
9.68 26.9798
9.685 27.8371
9.69 28.913
9.695 30.1661
9.7 31.4793
9.705 32.76
9.71 33.956
9.715 35.0424
9.72 36.2005
9.725 37.6477
9.73 39.2955
9.735 41.2464
9.74 43.5194
9.745 46.0335
9.75 48.6402
9.755 51.1514
9.76 53.0667
9.765 56.9099
9.77 59.8499
9.775 62.5161
9.78 64.7426
9.785 66.3423
9.79 67.2362
9.795 67.3791
9.8 66.6194
9.805 63.5678
9.81 60.2185
9.815 56.503
9.82 52.6004
9.825 48.6432
9.83 44.7113
9.835 41.0082
9.84 37.8487
9.845 35.3906
9.85 33.7076
9.855 32.8452
9.86 32.8746
9.865 33.7092
9.87 35.2774
9.875 37.4121
9.88 40.2786
9.885 43.421
9.89 46.8071
9.895 50.272
9.9 53.509
9.905 55.5411
9.91 55.3283
9.915 52.5941
9.92 47.1479
9.925 39.0017
9.93 28.1836
9.935 15.0313
9.94 0.219418
9.945 -15.4369
9.95 -30.9268
9.955 -45.3221
9.96 -57.8716
9.965 -68.0374
9.97 -75.2922
9.975 -79.2431
9.98 -79.7459
9.985 -76.9275
9.99 -70.7517
9.995 -61.739
10 -50.6279
10.005 -45.2266
10.01 -36.5071
10.015 -27.1446
10.02 -18.6046
10.025 -9.76771
10.03 -1.43885
10.035 6.05639
10.04 12.4917
10.045 14.496
10.05 17.351
10.055 18.0671
10.06 16.87
10.065 14.3364
10.07 10.901
10.075 6.97079
10.08 2.97207
10.085 2.0188
10.09 0.626969
10.095 -0.496653
10.1 -1.38948
10.105 -2.02549
10.11 -2.38914
10.115 -2.46873
10.12 -2.30699
10.125 -1.93663
10.13 -1.49153
10.135 -1.08615
10.14 -0.890622
10.145 -1.03504
10.15 -1.5386
10.155 -2.39264
10.16 -3.47974
10.165 -4.72608
10.17 -5.9628
10.175 -7.07064
10.18 -7.94585
10.185 -8.45884
10.19 -8.46759
10.195 -7.79284
10.2 -6.39707
10.205 -4.26038
10.21 -1.36602
10.215 2.34046
10.22 6.71798
10.225 11.8611
10.23 17.6684
10.235 23.9403
10.24 30.356
10.245 37.1003
10.25 43.871
10.255 50.4526
10.26 56.6942
10.265 62.406
10.27 67.4046
10.275 70.4413
10.28 72.6192
10.285 73.9732
10.29 74.4405
10.295 73.9845
10.3 72.5265
10.305 70.0682
10.31 66.5589
10.315 62.0421
10.32 58.203
10.325 52.8079
10.33 46.7435
10.335 40.2609
10.34 33.6156
10.345 26.9711
10.35 20.5299
10.355 14.3926
10.36 8.73351
10.365 3.67419
10.37 -0.696577
10.375 -4.19982
10.38 -6.61848
10.385 -7.88782
10.39 -8.08132
10.395 -7.30848
10.4 -5.73594
10.405 -3.44747
10.41 -0.539618
10.415 2.8812
10.42 6.58435
10.425 10.3994
10.43 14.221
10.435 17.981
10.44 21.5866
10.445 24.9511
10.45 28.0179
10.455 30.6958
10.46 33.016
10.465 34.6341
10.47 35.6726
10.475 36.2255
10.48 36.3809
10.485 36.0667
10.49 35.4594
10.495 34.7222
10.5 33.8407
10.505 34.5384
10.51 33.7975
10.515 32.3278
10.52 30.2816
10.525 27.6301
10.53 24.4807
10.535 20.9241
10.54 17.0701
10.545 13.0312
10.55 9.01859
10.555 5.15383
10.56 1.91008
10.565 -0.522784
10.57 -2.11236
10.575 -2.99147
10.58 -3.14051
10.585 -2.53769
10.59 -1.2405
10.595 -0.829512
10.6 0.406771
10.605 1.89907
10.61 3.43751
10.615 4.94341
10.62 6.26176
10.625 7.28767
10.63 7.92015
10.635 8.1815
10.64 8.16203
10.645 7.92239
10.65 7.55568
10.655 6.70482
10.66 5.93382
10.665 5.25114
10.67 4.78548
10.675 4.6239
10.68 4.90292
10.685 5.72966
10.69 7.49174
10.695 9.74035
10.7 12.4179
10.705 15.2434
10.71 18.0902
10.715 21.1211
10.72 24.2492
10.725 27.387
10.73 30.4008
10.735 33.1398
10.74 35.5153
10.745 37.4586
10.75 38.9884
10.755 39.9905
10.76 40.5338
10.765 40.7083
10.77 40.6174
10.775 40.2149
10.78 39.4981
10.785 38.4812
10.79 37.2785
10.795 35.9708
10.8 34.5593
10.805 32.9904
10.81 31.2238
10.815 29.298
10.82 27.1714
10.825 24.9014
10.83 22.5072
10.835 19.9257
10.84 17.0504
10.845 13.9254
10.85 10.7359
10.855 7.55485
10.86 4.6189
10.865 1.93188
10.87 -0.499041
10.875 -2.67992
10.88 -4.46097
10.885 -5.92732
10.89 -7.17169
10.895 -8.32549
10.9 -9.27921
10.905 -10.008
10.91 -10.5069
10.915 -10.7565
10.92 -10.9973
10.925 -11.1194
10.93 -11.1662
10.935 -11.1792
10.94 -11.251
10.945 -11.3848
10.95 -11.7048
10.955 -12.1629
10.96 -12.8633
10.965 -14.8367
10.97 -16.3913
10.975 -17.5941
10.98 -18.182
10.985 -18.2465
10.99 -17.8095
10.995 -17.1973
11 -16.4467
11.005 -15.6533
11.01 -14.7163
11.015 -13.5219
11.02 -11.9566
11.025 -10.1187
11.03 -8.16281
11.035 -6.2097
11.04 -4.47173
11.045 -2.98987
11.05 -1.90453
11.055 -1.21386
11.06 -1.08124
11.065 -1.42829
11.07 -2.27367
11.075 -3.55823
11.08 -5.17502
11.085 -6.94843
11.09 -8.74506
11.095 -10.6499
11.1 -12.7289
11.105 -14.9972
11.11 -16.4373
11.115 -18.2557
11.12 -19.9618
11.125 -21.5683
11.13 -23.1296
11.135 -24.5882
11.14 -26.1893
11.145 -27.8249
11.15 -29.3873
11.155 -30.8066
11.16 -32.0869
11.165 -33.3322
11.17 -35.4237
11.175 -37.2274
11.18 -38.8873
11.185 -40.3905
11.19 -41.8402
11.195 -43.2964
11.2 -44.8094
11.205 -46.2897
11.21 -47.6413
11.215 -48.9745
11.22 -50.3102
11.225 -51.6358
11.23 -52.8374
11.235 -53.8882
11.24 -54.7686
11.245 -55.4169
11.25 -55.7866
11.255 -56.124
11.26 -56.611
11.265 -57.3627
11.27 -58.3631
11.275 -59.4124
11.28 -60.4079
11.285 -61.1207
11.29 -61.5563
11.295 -61.7868
11.3 -62.0279
11.305 -62.1899
11.31 -62.3085
11.315 -62.5283
11.32 -63.026
11.325 -63.8298
11.33 -64.864
11.335 -65.9772
11.34 -66.9775
11.345 -67.9642
11.35 -68.8445
11.355 -69.6937
11.36 -70.5266
11.365 -71.4078
11.37 -72.2063
11.375 -72.6463
11.38 -72.5513
11.385 -71.9764
11.39 -70.9699
11.395 -69.5102
11.4 -67.6504
11.405 -65.2807
11.41 -61.8669
11.415 -59.3426
11.42 -55.8792
11.425 -51.9721
11.43 -47.7464
11.435 -43.4026
11.44 -39.3132
11.445 -35.6676
11.45 -32.5728
11.455 -30.2067
11.46 -28.6174
11.465 -27.8855
11.47 -27.7852
11.475 -28.2364
11.48 -29.2556
11.485 -30.9715
11.49 -33.2873
11.495 -35.947
11.5 -38.6616
11.505 -41.1772
11.51 -43.3211
11.515 -44.8783
11.52 -45.8296
11.525 -46.0235
11.53 -45.3435
11.535 -43.0756
11.54 -38.6839
11.545 -33.965
11.55 -26.6247
11.555 -17.3617
11.56 -6.38189
11.565 5.99558
11.57 19.7622
11.575 36.1002
11.58 52.4901
11.585 68.1286
11.59 82.393
11.595 94.6951
11.6 104.494
11.605 111.376
11.61 115.113
11.615 115.722
11.62 113.271
11.625 106.104
11.63 102.099
11.635 94.5075
11.64 84.851
11.645 73.7754
11.65 61.8349
11.655 49.6588
11.66 37.7783
11.665 26.7468
11.67 16.961
11.675 8.65195
11.68 2.35686
11.685 -1.86731
11.69 -3.98408
11.695 -4.28118
11.7 -2.68474
11.705 1.05619
11.71 6.02318
11.715 11.9047
11.72 18.2342
11.725 24.7351
11.73 30.9657
11.735 36.7941
11.74 41.8359
11.745 45.9117
11.75 49.1365
11.755 51.6139
11.76 53.5993
11.765 54.7541
11.77 55.961
11.775 56.699
11.78 57.1021
11.785 57.2457
11.79 57.1957
11.795 58.3672
11.8 57.2225
11.805 55.8881
11.81 54.1309
11.815 51.9845
11.82 49.4566
11.825 46.5691
11.83 43.3041
11.835 39.8061
11.84 36.1359
11.845 32.2358
11.85 28.1905
11.855 24.0226
11.86 20.0847
11.865 16.4782
11.87 13.2465
11.875 10.3432
11.88 7.51323
11.885 4.77061
11.89 1.79938
11.895 -0.1671
11.9 -1.25785
11.905 -1.39098
11.91 -0.722123
11.915 0.709462
11.92 2.67132
11.925 5.06843
11.93 8.33898
11.935 11.9687
11.94 15.799
11.945 19.5498
11.95 23.1017
11.955 26.2069
11.96 28.7164
11.965 29.6146
11.97 27.7209
11.975 22.7533
11.98 14.6248
11.985 3.43988
11.99 -10.4552
11.995 -26.4364
12 -43.6311
12.005 -61.1075
12.01 -77.9828
12.015 -93.4351
12.02 -106.524
12.025 -115.785
12.03 -120.816
12.035 -121.303
12.04 -120.293
12.045 -113.96
12.05 -103.885
12.055 -89.7493
12.06 -72.856
12.065 -53.9837
12.07 -45.6526
12.075 -32.2239
12.08 -18.7283
12.085 -5.59531
12.09 6.1154
12.095 19.7767
12.1 32.7188
12.105 42.8405
12.11 51.1521
12.115 57.2832
12.12 61.3766
12.125 63.6031
12.13 64.4044
12.135 64.2089
12.14 63.4342
12.145 61.1083
12.15 58.2705
12.155 54.9011
12.16 50.9738
12.165 46.6321
12.17 42.4338
12.175 38.3782
12.18 34.4959
12.185 30.7617
12.19 26.9708
12.195 22.9841
12.2 18.6856
12.205 14.266
12.21 9.82853
12.215 5.3919
12.22 0.952386
12.225 -3.38317
12.23 -7.4511
12.235 -11.2131
12.24 -14.5203
12.245 -17.2692
12.25 -18.4592
12.255 -18.9615
12.26 -19.8046
12.265 -20.095
12.27 -19.8106
12.275 -18.9965
12.28 -17.7127
12.285 -16.0576
12.29 -14.0709
12.295 -11.731
12.3 -9.21672
12.305 -6.52985
12.31 -3.77
12.315 -1.01259
12.32 1.40248
12.325 3.48306
12.33 5.14762
12.335 6.46002
12.34 7.34933
12.345 7.57366
12.35 7.12036
12.355 6.04669
12.36 4.51992
12.365 2.439
12.37 -0.150156
12.375 -3.21542
12.38 -6.64566
12.385 -10.7738
12.39 -15.326
12.395 -20.0953
12.4 -24.6933
12.405 -28.7545
12.41 -32.1139
12.415 -34.4445
12.42 -34.8311
12.425 -32.0555
12.43 -26.0353
12.435 -16.766
12.44 -4.61624
12.445 9.98637
12.45 26.4343
12.455 43.8733
12.46 61.2965
12.465 77.685
12.47 92.2456
12.475 105.853
12.48 116.514
12.485 123.941
12.49 127.878
12.495 128.113
12.5 124.601
12.505 117.237
12.51 105.739
12.515 91.0874
12.52 74.0224
12.525 55.5252
12.53 36.4391
12.535 17.6522
12.54 -0.226629
12.545 -16.4279
12.55 -30.551
12.555 -41.5656
12.56 -50.2695
12.565 -56.6453
12.57 -60.8664
12.575 -63.1797
12.58 -61.7565
12.585 -58.4273
12.59 -52.8912
12.595 -46.509
12.6 -39.3085
12.605 -31.8188
12.61 -24.3597
12.615 -17.2005
12.62 -10.4521
12.625 -5.13902
12.63 -0.10656
12.635 4.30303
12.64 8.05507
12.645 8.95154
12.65 10.3524
12.655 12.0356
12.66 14.0164
12.665 16.4074
12.67 18.9492
12.675 21.5764
12.68 24.0691
12.685 26.3227
12.69 28.1204
12.695 29.3535
12.7 30.0406
12.705 30.3028
12.71 30.3201
12.715 29.9555
12.72 29.323
12.725 28.3507
12.73 27.2215
12.735 26.0485
12.74 24.9124
12.745 23.809
12.75 22.5024
12.755 21.8117
12.76 21.6282
12.765 21.8907
12.77 22.4822
12.775 23.2731
12.78 24.225
12.785 25.4359
12.79 27.1807
12.795 29.5395
12.8 32.2733
12.805 35.1053
12.81 36.8949
12.815 36.6562
12.82 34.0289
12.825 28.6949
12.83 20.5635
12.835 9.75863
12.84 -3.3061
12.845 -18.0068
12.85 -33.6017
12.855 -49.3186
12.86 -63.8197
12.865 -76.6735
12.87 -86.8866
12.875 -93.9917
12.88 -97.6862
12.885 -97.8458
12.89 -94.4719
12.895 -87.7883
12.9 -78.2833
12.905 -75.2393
12.91 -68.3392
12.915 -59.8068
12.92 -50.2737
12.925 -40.1846
12.93 -23.6713
12.935 -10.573
12.94 1.70641
12.945 11.4732
12.95 19.5307
12.955 25.3805
12.96 29.0732
12.965 30.8478
12.97 31.1638
12.975 30.3772
12.98 28.8303
12.985 26.7564
12.99 22.5584
12.995 17.8351
13 12.6066
13.005 7.16446
13.01 1.71492
13.015 -3.56537
13.02 -8.54486
13.025 -13.0417
13.03 -16.471
13.035 -19.5301
13.04 -22.2145
13.045 -24.5727
13.05 -28.1428
13.055 -30.751
13.06 -33.0733
13.065 -35.2118
13.07 -37.1546
13.075 -38.9083
13.08 -40.424
13.085 -41.6339
13.09 -40.7879
13.095 -40.3724
13.1 -39.5666
13.105 -38.3619
13.11 -36.7639
13.115 -34.7875
13.12 -32.6504
13.125 -30.5891
13.13 -28.661
13.135 -26.8807
13.14 -25.2653
13.145 -23.9134
13.15 -22.897
13.155 -22.3601
13.16 -22.3626
13.165 -22.9469
13.17 -25.5699
13.175 -27.466
13.18 -29.3127
13.185 -31.0632
13.19 -32.6833
13.195 -34.0315
13.2 -35.0417
13.205 -35.6556
13.21 -35.9111
13.215 -35.7939
13.22 -35.1476
13.225 -33.3295
13.23 -29.156
13.235 -22.2243
13.24 -12.7768
13.245 -1.17629
13.25 12.3916
13.255 26.9123
13.26 45.4127
13.265 61.8966
13.27 77.0951
13.275 90.2261
13.28 101.406
13.285 110.555
13.29 116.95
13.295 120.248
13.3 120.305
13.305 116.999
13.31 109.748
13.315 98.7239
13.32 84.5699
13.325 67.9573
13.33 49.7839
13.335 30.9176
13.34 12.2638
13.345 -5.37813
13.35 -20.3478
13.355 -33.8169
13.36 -41.2927
13.365 -48.3381
13.37 -53.6799
13.375 -56.3175
13.38 -55.8051
13.385 -52.879
13.39 -47.9826
13.395 -41.6356
13.4 -34.3965
13.405 -27.5897
13.41 -20.6406
13.415 -14.1464
13.42 -12.9611
13.425 -10.8756
13.43 -9.28129
13.435 -8.1298
13.44 -7.49921
13.445 -7.38084
13.45 -7.52561
13.455 -7.73825
13.46 -7.93877
13.465 -8.07707
13.47 -8.23909
13.475 -8.43331
13.48 -8.58969
13.485 -8.64492
13.49 -8.51012
13.495 -8.07735
13.5 -7.38953
13.505 -6.67956
13.51 -5.92033
13.515 -5.10244
13.52 -4.22655
13.525 -3.30988
13.53 -2.32501
13.535 -1.28912
13.54 -0.329886
13.545 0.0207236
13.55 0.182811
13.555 0.234511
13.56 -0.00366497
13.565 -0.389141
13.57 -0.876991
13.575 -1.42202
13.58 -1.87525
13.585 -0.630331
13.59 0.244287
13.595 1.00946
13.6 1.68234
13.605 1.55915
13.61 1.25055
13.615 0.717775
13.62 0.0752318
13.625 -0.5775
13.63 -1.27156
13.635 -1.99732
13.64 -2.7301
13.645 -3.31944
13.65 -3.83288
13.655 -4.19673
13.66 -4.4575
13.665 -4.39572
13.67 -3.90071
13.675 -3.10165
13.68 -2.0713
13.685 -0.895317
13.69 0.533004
13.695 2.24317
13.7 4.47647
13.705 7.08882
13.71 10.0522
13.715 12.9826
13.72 15.6742
13.725 17.9369
13.73 19.7768
13.735 21.2881
13.74 22.5191
13.745 23.3989
13.75 23.7023
13.755 23.5437
13.76 22.84
13.765 21.7262
13.77 20.2284
13.775 18.4358
13.78 16.3298
13.785 13.9785
13.79 11.547
13.795 9.28949
13.8 7.39701
13.805 5.78524
13.81 4.53628
13.815 3.57054
13.82 3.00599
13.825 2.52281
13.83 2.11698
13.835 1.78117
13.84 1.56952
13.845 1.31295
13.85 0.867781
13.855 0.214728
13.86 -0.645377
13.865 -1.64783
13.87 -2.92438
13.875 -4.32707
13.88 -5.94769
13.885 -7.79882
13.89 -10.0708
13.895 -12.5715
13.9 -15.2162
13.905 -17.773
13.91 -20.0848
13.915 -22.2063
13.92 -23.9377
13.925 -24.9547
13.93 -25.6736
13.935 -25.9424
13.94 -25.7581
13.945 -25.236
13.95 -24.3204
13.955 -22.9842
13.96 -21.1508
13.965 -18.9437
13.97 -16.3587
13.975 -13.5825
13.98 -10.7843
13.985 -7.90039
13.99 -4.98788
13.995 -1.95964
14 1.10753
14.005 4.2374
14.01 7.20319
14.015 9.77003
14.02 11.7664
14.025 13.3883
14.03 14.5898
14.035 15.5547
14.04 16.2081
14.045 16.5911
14.05 16.8259
14.055 16.7976
14.06 16.6285
14.065 16.3163
14.07 16.0736
14.075 15.7488
14.08 15.5741
14.085 15.5754
14.09 15.9711
14.095 16.685
14.1 17.6271
14.105 18.8083
14.11 20.1045
14.115 21.4611
14.12 22.873
14.125 24.4485
14.13 26.1702
14.135 28.0692
14.14 30.0502
14.145 32.0227
14.15 33.7787
14.155 35.2442
14.16 36.3087
14.165 37.043
14.17 37.463
14.175 37.6182
14.18 37.5458
14.185 37.1913
14.19 36.5744
14.195 35.6217
14.2 34.3967
14.205 32.7802
14.21 30.7025
14.215 28.1196
14.22 25.1922
14.225 21.9385
14.23 18.591
14.235 15.2159
14.24 11.9383
14.245 8.846
14.25 5.95134
14.255 3.32894
14.26 1.61143
14.265 0.129373
14.27 -1.19894
14.275 -2.39256
14.28 -3.4736
14.285 -4.32446
14.29 -4.93953
14.295 -6.58625
14.3 -7.22078
14.305 -7.3703
14.31 -7.05547
14.315 -6.31621
14.32 -5.24621
14.325 -3.8324
14.33 -2.11252
14.335 -0.265831
14.34 1.59192
14.345 3.28105
14.35 4.89884
14.355 6.4457
14.36 7.96761
14.365 9.39736
14.37 10.6986
14.375 11.9059
14.38 13.1854
14.385 14.6071
14.39 16.1373
14.395 17.7882
14.4 19.4229
14.405 21.1593
14.41 22.9285
14.415 24.7029
14.42 26.4191
14.425 28.0984
14.43 29.5785
14.435 30.8404
14.44 31.9047
14.445 32.7596
14.45 33.6136
14.455 34.3006
14.46 34.9106
14.465 35.2816
14.47 35.3891
14.475 35.0591
14.48 34.299
14.485 33.0775
14.49 31.3943
14.495 29.2484
14.5 26.6719
14.505 23.8055
14.51 20.8269
14.515 17.8538
14.52 14.3968
14.525 9.91248
14.53 4.0886
14.535 -3.09672
14.54 -11.4913
14.545 -20.7531
14.55 -30.5077
14.555 -40.1887
14.56 -49.3535
14.565 -57.7619
14.57 -65.033
14.575 -72.3678
14.58 -77.636
14.585 -81.2496
14.59 -83.0322
14.595 -82.9385
14.6 -80.9067
14.605 -76.7981
14.61 -71.0334
14.615 -63.8832
14.62 -55.9265
14.625 -47.61
14.63 -39.354
14.635 -31.4521
14.64 -24.2438
14.645 -18.0833
14.65 -13.2569
14.655 -9.86717
14.66 -7.78881
14.665 -7.77561
14.67 -9.04766
14.675 -11.5684
14.68 -14.9432
14.685 -18.9073
14.69 -23.1421
14.695 -25.9487
14.7 -28.1856
14.705 -29.6514
14.71 -30.3569
14.715 -30.3997
14.72 -30.4343
14.725 -29.9361
14.73 -29.1265
14.735 -27.9728
14.74 -26.4823
14.745 -24.7737
14.75 -22.9532
14.755 -21.1166
14.76 -19.1815
14.765 -17.131
14.77 -14.9038
14.775 -12.575
14.78 -10.0369
14.785 -7.337
14.79 -4.39022
14.795 -1.18474
14.8 2.19527
14.805 5.79789
14.81 9.67138
14.815 13.8213
14.82 18.2728
14.825 22.9741
14.83 27.7004
14.835 32.3051
14.84 36.5498
14.845 40.2183
14.85 43.1959
14.855 45.4758
14.86 47.0229
14.865 47.738
14.87 47.5943
14.875 46.573
14.88 44.7977
14.885 42.5084
14.89 39.8586
14.895 36.9515
14.9 33.9004
14.905 30.7738
14.91 27.6914
14.915 24.7557
14.92 22.0252
14.925 19.5903
14.93 17.5639
14.935 16.0781
14.94 15.0782
14.945 14.8037
14.95 14.6578
14.955 14.6014
14.96 14.5244
14.965 14.3509
14.97 14.0266
14.975 13.3951
14.98 12.438
14.985 11.1674
14.99 9.64919
14.995 7.86887
15 5.66469
15.005 3.38016
15.01 1.06496
15.015 -1.14878
15.02 -3.13176
15.025 -4.93699
15.03 -6.56011
15.035 -7.98291
15.04 -9.19628
15.045 -10.1546
15.05 -10.951
15.055 -11.5331
15.06 -11.9499
15.065 -12.2052
15.07 -12.4556
15.075 -12.7463
15.08 -13.1284
15.085 -13.6485
15.09 -14.2468
15.095 -14.97
15.1 -15.814
15.105 -16.831
15.11 -17.8837
15.115 -18.9737
15.12 -20.0487
15.125 -21.1159
15.13 -22.229
15.135 -23.291
15.14 -24.2872
15.145 -25.0862
15.15 -25.7477
15.155 -26.2562
15.16 -26.698
15.165 -27.1715
15.17 -28.2625
15.175 -29.2225
15.18 -29.9952
15.185 -30.4908
15.19 -30.76
15.195 -30.9901
15.2 -31.2325
15.205 -31.5993
15.21 -32.0236
15.215 -32.345
15.22 -32.4397
15.225 -32.3882
15.23 -32.2663
15.235 -32.0395
15.24 -31.6685
15.245 -31.0035
15.25 -30.1039
15.255 -28.9879
15.26 -27.8468
15.265 -26.6701
15.27 -25.4391
15.275 -24.1394
15.28 -22.8607
15.285 -21.714
15.29 -20.6785
15.295 -19.7136
15.3 -18.8344
15.305 -18.1273
15.31 -17.4308
15.315 -16.6729
15.32 -15.9249
15.325 -15.1653
15.33 -14.2751
15.335 -13.1894
15.34 -11.8397
15.345 -10.2869
15.35 -8.61613
15.355 -6.88433
15.36 -5.21959
15.365 -3.47516
15.37 -1.71308
15.375 0.0657957
15.38 1.88068
15.385 3.71245
15.39 5.56084
15.395 7.39927
15.4 9.25373
15.405 11.1428
15.41 13.0052
15.415 14.7439
15.42 16.221
15.425 17.2961
15.43 18.0166
15.435 18.3828
15.44 18.3438
15.445 17.9751
15.45 17.3756
15.455 17.172
15.46 16.442
15.465 15.3669
15.47 14.0601
15.475 12.6239
15.48 11.0399
15.485 9.36522
15.49 7.70454
15.495 6.22539
15.5 4.98966
15.505 4.091
15.51 3.53651
15.515 2.53655
15.52 2.34852
15.525 2.61705
15.53 3.19536
15.535 4.01752
15.54 5.07828
15.545 6.43658
15.55 8.07945
15.555 10.0524
15.56 12.1855
15.565 14.335
15.57 16.2846
15.575 17.8673
15.58 19.0498
15.585 19.7577
15.59 20.0383
15.595 19.8287
15.6 19.1871
15.605 18.033
15.61 16.3833
15.615 13.9993
15.62 10.7749
15.625 6.68834
15.63 1.93801
15.635 -3.52543
15.64 -9.64892
15.645 -16.2657
15.65 -23.2297
15.655 -30.2639
15.66 -37.2015
15.665 -43.69
15.67 -49.5187
15.675 -54.3019
15.68 -57.8301
15.685 -59.9984
15.69 -60.8915
15.695 -60.5276
15.7 -58.9387
15.705 -56.2994
15.71 -52.7038
15.715 -48.3779
15.72 -43.6062
15.725 -38.6206
15.73 -33.4882
15.735 -28.3757
15.74 -23.2097
15.745 -18.0782
15.75 -13.1162
15.755 -10.5553
15.76 -7.29433
15.765 -4.27487
15.77 -1.48895
15.775 1.174
15.78 3.74963
15.785 6.34533
15.79 8.75779
15.795 10.8048
15.8 12.265
15.805 13.1562
15.81 13.3654
15.815 13.0097
15.82 12.1932
15.825 10.9673
15.83 9.451
15.835 7.67911
15.84 5.71716
15.845 3.58964
15.85 1.55846
15.855 -0.28847
15.86 -1.86237
15.865 -3.2128
15.87 -4.18306
15.875 -4.83454
15.88 -5.022
15.885 -4.5595
15.89 -3.37196
15.895 -1.65236
15.9 0.506631
15.905 3.01729
15.91 5.61694
15.915 8.87021
15.92 12.2849
15.925 15.9094
15.93 19.5437
15.935 23.0658
15.94 26.1682
15.945 28.7904
15.95 30.7703
15.955 32.1289
15.96 32.753
15.965 32.8256
15.97 32.6093
15.975 32.3121
15.98 32.1624
15.985 32.1925
15.99 32.3615
15.995 32.4798
16 32.778
16.005 33.2281
16.01 34.0476
16.015 34.6271
16.02 34.674
16.025 33.945
16.03 32.3041
16.035 29.7244
16.04 26.1828
16.045 21.8071
16.05 16.6654
16.055 11.0034
16.06 4.99693
16.065 -1.03582
16.07 -6.69688
16.075 -11.5355
16.08 -15.3974
16.085 -16.9146
16.09 -17.6512
16.095 -17.5202
16.1 -16.5006
16.105 -14.7008
16.11 -12.2631
16.115 -9.80803
16.12 -6.97965
16.125 -3.90156
16.13 -0.838641
16.135 1.95626
16.14 4.30386
16.145 5.97156
16.15 6.8626
16.155 6.9519
16.16 6.28267
16.165 5.4288
16.17 4.09358
16.175 2.36017
16.18 0.216286
16.185 -2.18786
16.19 -4.65719
16.195 -6.97325
16.2 -9.09275
16.205 -10.9059
16.21 -12.2688
16.215 -13.1772
16.22 -13.4185
16.225 -13.055
16.23 -11.9947
16.235 -10.5927
16.24 -9.00833
16.245 -7.33304
16.25 -5.59521
16.255 -4.65532
16.26 -3.36413
16.265 -2.00417
16.27 -0.635127
16.275 0.957162
16.28 2.73923
16.285 4.76861
16.29 6.8937
16.295 9.13358
16.3 11.2856
16.305 13.3618
16.31 15.4484
16.315 17.7028
16.32 20.3627
16.325 23.3953
16.33 26.762
16.335 30.1521
16.34 33.4996
16.345 36.66
16.35 39.7142
16.355 42.5924
16.36 45.3534
16.365 48.0715
16.37 50.5695
16.375 52.8125
16.38 54.7905
16.385 56.556
16.39 58.0136
16.395 59.2593
16.4 60.1377
16.405 60.7697
16.41 61.0043
16.415 60.683
16.42 59.8724
16.425 58.4844
16.43 56.8345
16.435 55.0976
16.44 53.4084
16.445 51.6218
16.45 49.7482
16.455 47.6296
16.46 45.3317
16.465 42.7489
16.47 39.9479
16.475 36.8519
16.48 33.0616
16.485 28.242
16.49 22.324
16.495 15.4155
16.5 7.51059
16.505 -1.03974
16.51 -10.0822
16.515 -19.3234
16.52 -28.4189
16.525 -36.8725
16.53 -44.3085
16.535 -50.4231
16.54 -55.0378
16.545 -58.0527
16.55 -59.1777
16.555 -58.5088
16.56 -56.1958
16.565 -52.2404
16.57 -46.9745
16.575 -40.6015
16.58 -33.5177
16.585 -26.1165
16.59 -18.811
16.595 -11.935
16.6 -5.88876
16.605 -0.923195
16.61 2.73535
16.615 5.11372
16.62 6.09714
16.625 5.7788
16.63 4.37444
16.635 2.08666
16.64 -0.830316
16.645 -4.21214
16.65 -7.88748
16.655 -11.7585
16.66 -15.576
16.665 -19.3391
16.67 -22.8129
16.675 -26.3495
16.68 -29.3537
16.685 -31.8798
16.69 -33.9753
16.695 -35.648
16.7 -36.87
16.705 -37.6268
16.71 -38.097
16.715 -38.2364
16.72 -38.0564
16.725 -37.351
16.73 -36.2903
16.735 -34.7842
16.74 -32.8229
16.745 -30.3589
16.75 -27.5346
16.755 -24.555
16.76 -21.5371
16.765 -18.6547
16.77 -15.9417
16.775 -13.4819
16.78 -11.2464
16.785 -9.38984
16.79 -7.79219
16.795 -6.5834
16.8 -5.7831
16.805 -5.51532
16.81 -5.69633
16.815 -6.32287
16.82 -7.22228
16.825 -8.29704
16.83 -9.36151
16.835 -9.97017
16.84 -10.5041
16.845 -10.8072
16.85 -10.8755
16.855 -10.0261
16.86 -7.71262
16.865 -3.57449
16.87 2.1471
16.875 9.53395
16.88 18.2942
16.885 27.9899
16.89 37.9894
16.895 47.7412
16.9 56.7288
16.905 64.6228
16.91 70.8031
16.915 74.6885
16.92 75.9093
16.925 74.284
16.93 69.7235
16.935 62.2843
16.94 51.8738
16.945 39.3125
16.95 25.1239
16.955 10.0014
16.96 -5.29436
16.965 -20.0215
16.97 -32.6729
16.975 -43.9089
16.98 -52.9287
16.985 -56.0483
16.99 -58.0273
16.995 -57.7995
17 -55.4349
17.005 -51.2959
17.01 -45.8488
17.015 -39.3821
17.02 -32.2675
17.025 -24.8545
17.03 -18.5578
17.035 -12.4904
17.04 -7.31079
17.045 -3.14825
17.05 -2.89102
17.055 -2.69237
17.06 -3.19002
17.065 -4.47636
17.07 -6.44009
17.075 -8.84434
17.08 -11.488
17.085 -14.3137
17.09 -17.1261
17.095 -19.6811
17.1 -21.7659
17.105 -23.2747
17.11 -24.4251
17.115 -24.8387
17.12 -24.5812
17.125 -23.594
17.13 -21.8771
17.135 -19.5997
17.14 -16.6343
17.145 -13.3444
17.15 -9.66992
17.155 -5.75063
17.16 -1.82738
17.165 1.93003
17.17 5.4032
17.175 8.35708
17.18 10.7463
17.185 12.4866
17.19 13.5785
17.195 14.0047
17.2 13.7364
17.205 12.4628
17.21 10.8702
17.215 8.95754
17.22 6.77734
17.225 4.37335
17.23 1.81118
17.235 -0.796725
17.24 -3.35039
17.245 -5.75223
17.25 -7.83414
17.255 -9.49035
17.26 -10.606
17.265 -11.1958
17.27 -11.223
17.275 -10.6169
17.28 -9.35198
17.285 -7.43633
17.29 -4.91658
17.295 -1.96541
17.3 1.25924
17.305 4.59275
17.31 7.9416
17.315 11.2056
17.32 14.3113
17.325 17.1758
17.33 19.771
17.335 22.016
17.34 23.8992
17.345 25.3968
17.35 26.6201
17.355 27.6174
17.36 28.3558
17.365 28.7696
17.37 28.7895
17.375 28.5012
17.38 28.1236
17.385 27.8791
17.39 27.8418
17.395 27.9773
17.4 28.1277
17.405 28.2199
17.41 28.1324
17.415 27.8252
17.42 27.2799
17.425 26.5303
17.43 25.5684
17.435 24.4554
17.44 23.0773
17.445 21.2984
17.45 19.1655
17.455 16.7023
17.46 13.9794
17.465 11.137
17.47 8.35072
17.475 5.67807
17.48 3.29589
17.485 1.2047
17.49 -0.479928
17.495 -1.86438
17.5 -2.43837
17.505 -2.78768
17.51 -2.90012
17.515 -2.75414
17.52 -2.38173
17.525 -1.8407
17.53 -1.21005
17.535 -0.724086
17.54 -0.349671
17.545 -0.11309
17.55 -0.119465
17.555 -0.295297
17.56 -0.543158
17.565 -0.785022
17.57 -1.08481
17.575 -1.44624
17.58 -2.04707
17.585 -2.90667
17.59 -3.87762
17.595 -4.86141
17.6 -6.69246
17.605 -8.17166
17.61 -9.47075
17.615 -10.6393
17.62 -11.541
17.625 -12.199
17.63 -12.6666
17.635 -13.1102
17.64 -13.5278
17.645 -13.9434
17.65 -14.492
17.655 -15.0436
17.66 -15.7304
17.665 -16.3586
17.67 -16.8993
17.675 -17.406
17.68 -18.1507
17.685 -19.2223
17.69 -20.68
17.695 -22.321
17.7 -23.9404
17.705 -25.5333
17.71 -27.0771
17.715 -28.5402
17.72 -29.7658
17.725 -30.8392
17.73 -31.5933
17.735 -32.0931
17.74 -32.3291
17.745 -32.2762
17.75 -31.984
17.755 -31.3503
17.76 -30.3494
17.765 -28.7042
17.77 -26.3936
17.775 -24.4456
17.78 -21.7879
17.785 -18.9758
17.79 -16.1831
17.795 -13.3247
17.8 -10.4462
17.805 -7.52379
17.81 -4.59217
17.815 -1.7669
17.82 0.848229
17.825 3.03306
17.83 5.02408
17.835 6.82244
17.84 8.58666
17.845 10.2275
17.85 11.6818
17.855 12.7666
17.86 13.4124
17.865 13.7079
17.87 13.807
17.875 13.7663
17.88 13.4836
17.885 13.0168
17.89 12.3213
17.895 11.4455
17.9 10.3801
17.905 9.22405
17.91 7.99411
17.915 6.80602
17.92 5.63816
17.925 4.4941
17.93 3.34694
17.935 2.09948
17.94 0.859097
17.945 -0.379674
17.95 -1.68264
17.955 -3.07102
17.96 -4.45535
17.965 -5.84324
17.97 -6.50089
17.975 -7.52511
17.98 -8.63947
17.985 -10.076
17.99 -11.399
17.995 -12.6193
18 -13.7615
18.005 -14.6901
18.01 -15.3879
18.015 -15.7806
18.02 -16.1352
18.025 -16.4385
18.03 -17.5922
18.035 -18.0883
18.04 -18.3458
18.045 -18.2944
18.05 -17.8588
18.055 -17.1184
18.06 -15.929
18.065 -14.3385
18.07 -12.4862
18.075 -10.4899
18.08 -8.32948
18.085 -6.15004
18.09 -4.00556
18.095 -1.92023
18.1 0.0757575
18.105 1.85716
18.11 3.37138
18.115 4.57111
18.12 5.51803
18.125 6.16157
18.13 6.49506
18.135 6.60425
18.14 6.58505
18.145 6.62722
18.15 6.76907
18.155 7.16163
18.16 7.72245
18.165 8.37259
18.17 9.04034
18.175 9.31296
18.18 9.87355
18.185 10.7063
18.19 11.8457
18.195 13.2084
18.2 14.7777
18.205 16.4519
18.21 18.2084
18.215 20.0986
18.22 22.1817
18.225 24.3122
18.23 26.3576
18.235 28.113
18.24 29.6332
18.245 30.9794
18.25 32.1719
18.255 33.2656
18.26 34.2918
18.265 35.2007
18.27 35.9299
18.275 36.5326
18.28 36.9579
18.285 37.1262
18.29 36.9603
18.295 36.5138
18.3 35.7369
18.305 34.6937
18.31 33.4126
18.315 32.017
18.32 30.4786
18.325 28.8115
18.33 27.0775
18.335 25.2849
18.34 23.4071
18.345 21.4468
18.35 19.4113
18.355 18.6611
18.36 17.0995
18.365 15.2562
18.37 13.5092
18.375 11.8239
18.38 10.3554
18.385 9.17188
18.39 8.24875
18.395 7.56969
18.4 5.73887
18.405 4.67559
18.41 3.97109
18.415 3.68025
18.42 3.7268
18.425 4.05744
18.43 4.6206
18.435 5.33382
18.44 6.11469
18.445 6.98033
18.45 7.96561
18.455 8.98292
18.46 9.96342
18.465 10.8225
18.47 11.4389
18.475 11.7254
18.48 11.6316
18.485 11.1612
18.49 10.2983
18.495 9.05953
18.5 7.56876
18.505 5.8294
18.51 3.87239
18.515 1.46138
18.52 -1.67193
18.525 -5.58759
18.53 -10.2331
18.535 -15.402
18.54 -20.816
18.545 -26.2771
18.55 -31.6028
18.555 -36.6433
18.56 -41.2093
18.565 -45.1441
18.57 -48.1854
18.575 -50.1595
18.58 -50.8351
18.585 -50.0525
18.59 -47.8063
18.595 -44.2497
18.6 -40.7492
18.605 -36.2052
18.61 -31.1908
18.615 -25.8043
18.62 -20.2285
18.625 -14.7643
18.63 -9.79615
18.635 -5.63024
18.64 -2.41654
18.645 -0.167055
18.65 -0.621682
18.655 -0.973265
18.66 -2.02857
18.665 -3.7201
18.67 -5.99712
18.675 -8.72216
18.68 -11.7108
18.685 -14.8069
18.69 -17.8796
18.695 -20.8231
18.7 -23.5609
18.705 -26.0424
18.71 -28.2422
18.715 -30.1796
18.72 -31.8494
18.725 -33.2822
18.73 -34.4628
18.735 -35.3282
18.74 -35.8277
18.745 -36.0701
18.75 -36.0925
18.755 -35.9319
18.76 -35.6818
18.765 -35.4409
18.77 -35.1829
18.775 -34.8283
18.78 -34.3512
18.785 -33.7381
18.79 -32.9552
18.795 -32.0489
18.8 -31.1101
18.805 -30.1955
18.81 -29.3475
18.815 -28.4974
18.82 -27.5996
18.825 -26.6104
18.83 -25.4502
18.835 -24.3546
18.84 -23.2818
18.845 -22.2428
18.85 -21.1475
18.855 -19.8891
18.86 -18.441
18.865 -16.8178
18.87 -15.0985
18.875 -13.3364
18.88 -11.0703
18.885 -9.4359
18.89 -5.20602
18.895 0.132747
18.9 6.57882
18.905 13.9633
18.91 22.065
18.915 30.5372
18.92 39.1972
18.925 47.574
18.93 55.2293
18.935 61.5612
18.94 66.1619
18.945 68.6996
18.95 68.9432
18.955 66.8338
18.96 62.4636
18.965 56.0869
18.97 47.8637
18.975 38.3495
18.98 28.0275
18.985 17.5166
18.99 7.35644
18.995 -1.87975
19 -9.67935
19.005 -15.6004
19.01 -19.5201
19.015 -21.2801
19.02 -20.5491
19.025 -17.7678
19.03 -13.0803
19.035 -6.81415
19.04 0.569447
19.045 8.45222
19.05 16.518
19.055 24.3504
19.06 31.6684
19.065 38.0948
19.07 43.2116
19.075 46.9536
19.08 48.6631
19.085 49.036
19.09 47.9383
19.095 45.6326
19.1 42.3841
19.105 38.4324
19.11 33.8773
19.115 30.9695
19.12 26.8133
19.125 22.4415
19.13 17.9883
19.135 13.5845
19.14 9.34221
19.145 5.44551
19.15 2.0174
19.155 -0.831974
19.16 -2.92822
19.165 -4.29294
19.17 -5.16005
19.175 -5.33765
19.18 -4.72608
19.185 -3.36965
19.19 -1.24265
19.195 1.53777
19.2 3.2908
19.205 5.36724
19.21 7.78789
19.215 10.54
19.22 13.5731
19.225 16.8402
19.23 20.1193
19.235 23.2706
19.24 26.1949
19.245 28.9041
19.25 31.3499
19.255 33.5594
19.26 35.5095
19.265 37.113
19.27 38.2185
19.275 38.7607
19.28 38.8092
19.285 38.3487
19.29 37.4507
19.295 36.1789
19.3 34.5532
19.305 32.4925
19.31 30.2596
19.315 27.8154
19.32 25.1418
19.325 22.2525
19.33 18.693
19.335 14.0483
19.34 8.18033
19.345 1.10993
19.35 -7.14649
19.355 -16.4377
19.36 -26.5503
19.365 -37.2064
19.37 -50.5314
19.375 -62.6729
19.38 -73.4614
19.385 -82.5346
19.39 -89.1639
19.395 -95.4981
19.4 -98.1671
19.405 -97.7384
19.41 -94.2299
19.415 -87.8134
19.42 -78.758
19.425 -67.6465
19.43 -55.18
19.435 -54.0939
19.44 -46.3349
19.445 -38.3996
19.45 -30.2177
19.455 -22.2697
19.46 -14.8387
19.465 -8.10262
19.47 -2.17775
19.475 2.88404
19.48 7.14364
19.485 10.6491
19.49 12.3724
19.495 13.8523
19.5 15.0249
19.505 12.9844
19.51 10.2891
19.515 6.67858
19.52 2.45009
19.525 -2.0119
19.53 -6.34918
19.535 -7.24703
19.54 -9.22577
19.545 -10.8264
19.55 -12.0512
19.555 -12.9688
19.56 -13.6173
19.565 -13.9098
19.57 -13.8154
19.575 -13.4053
19.58 -12.8178
19.585 -12.1381
19.59 -11.4154
19.595 -10.7116
19.6 -10.0407
19.605 -9.40145
19.61 -8.78829
19.615 -8.29546
19.62 -8.01092
19.625 -7.9985
19.63 -8.19306
19.635 -8.4929
19.64 -8.82851
19.645 -9.14137
19.65 -9.38534
19.655 -9.58048
19.66 -9.74255
19.665 -9.87615
19.67 -9.99148
19.675 -10.0793
19.68 -10.1343
19.685 -10.0967
19.69 -9.88415
19.695 -9.39869
19.7 -8.6825
19.705 -7.74397
19.71 -6.66447
19.715 -5.55298
19.72 -4.31849
19.725 -2.97032
19.73 -1.52357
19.735 -0.031239
19.74 1.47616
19.745 3.30937
19.75 5.93633
19.755 9.44371
19.76 13.9564
19.765 19.5112
19.77 25.9954
19.775 33.155
19.78 40.7175
19.785 48.3631
19.79 56.0023
19.795 63.113
19.8 69.1931
19.805 73.8177
19.81 76.6227
19.815 77.3415
19.82 75.8084
19.825 72.0541
19.83 66.0365
19.835 57.9786
19.84 48.3117
19.845 37.5088
19.85 26.1038
19.855 14.6156
19.86 3.87013
19.865 -6.1216
19.87 -15.0044
19.875 -22.4568
19.88 -28.2297
19.885 -32.2172
19.89 -32.1155
19.895 -31.0735
19.9 -28.6509
19.905 -25.2089
19.91 -21.0704
19.915 -16.506
19.92 -12.074
19.925 -7.73854
19.93 -3.72666
19.935 -0.263398
19.94 2.48225
19.945 2.33584
19.95 2.50551
19.955 2.15392
19.96 1.40531
19.965 0.412136
19.97 -0.677087
19.975 -1.69884
19.98 -2.51461
19.985 -3.02976
19.99 -3.23736
19.995 -3.11318
20 -2.64524
20.005 -1.86545
20.01 -0.815481
20.015 0.402302
20.02 1.6454
20.025 2.79196
20.03 3.76989
20.035 4.51228
20.04 5.01622
20.045 5.27127
20.05 5.23885
20.055 4.9142
20.06 4.30735
20.065 3.40335
20.07 2.26868
20.075 0.994608
20.08 -0.346328
20.085 -1.69086
20.09 -3.00645
20.095 -4.27938
20.1 -5.51156
20.105 -6.65671
20.11 -7.6634
20.115 -8.50322
20.12 -9.15513
20.125 -9.60795
20.13 -9.84457
20.135 -9.63319
20.14 -9.10201
20.145 -8.26295
20.15 -7.18086
20.155 -5.97478
20.16 -4.74842
20.165 -3.56404
20.17 -2.4525
20.175 -1.43304
20.18 -0.523018
20.185 0.224327
20.19 0.742963
20.195 0.98584
20.2 0.933447
20.205 0.571335
20.21 -0.0732459
20.215 -0.942418
20.22 -1.98614
20.225 -3.15535
20.23 -4.3786
20.235 -5.64045
20.24 -6.91647
20.245 -8.16663
20.25 -9.35275
20.255 -10.4222
20.26 -11.3258
20.265 -12.0369
20.27 -12.4096
20.275 -12.5217
20.28 -12.3813
20.285 -12.0118
20.29 -11.4473
20.295 -10.7194
20.3 -9.85831
20.305 -8.89225
20.31 -7.84153
20.315 -6.72092
20.32 -5.44839
20.325 -4.0667
20.33 -2.58917
20.335 -1.0341
20.34 0.57758
20.345 2.19594
20.35 3.75335
20.355 5.18297
20.36 6.44793
20.365 7.07467
20.37 7.85506
20.375 8.5109
20.38 9.02911
20.385 9.38926
20.39 9.58552
20.395 9.6178
20.4 9.49651
20.405 9.23018
20.41 8.82621
20.415 8.29555
20.42 7.64785
20.425 6.90477
20.43 6.08139
20.435 5.19687
20.44 4.27328
20.445 3.33622
20.45 2.40194
20.455 1.49048
20.46 0.61869
20.465 -0.200483
20.47 -0.961137
20.475 -1.66036
20.48 -2.30023
20.485 -2.87737
20.49 -3.38586
20.495 -3.81721
20.5 -4.15926
20.505 -4.40192
20.51 -4.53641
20.515 -4.55449
20.52 -4.44877
20.525 -4.21692
20.53 -3.85795
20.535 -3.37709
20.54 -2.77554
20.545 -2.05906
20.55 -1.23621
20.555 -0.315355
20.56 0.689786
20.565 1.7617
20.57 2.88009
20.575 4.0244
20.58 5.17089
20.585 6.29777
20.59 7.37717
20.595 8.3836
20.6 9.28942
20.605 10.0956
20.61 10.7488
20.615 11.2195
20.62 11.4794
20.625 11.5226
20.63 11.362
20.635 10.9999
20.64 10.4633
20.645 9.78035
20.65 8.98326
20.655 8.10376
20.66 7.17376
20.665 6.22295
20.67 5.2776
20.675 4.36121
20.68 3.49216
20.685 2.68415
20.69 1.96321
20.695 1.3392
20.7 0.805057
20.705 0.354728
20.71 -0.0211727
20.715 -0.332439
20.72 -0.589072
20.725 -0.800411
20.73 -0.974398
20.735 -1.1175
20.74 -1.23422
20.745 -1.32715
20.75 -1.39665
20.755 -1.44181
20.76 -1.54283
20.765 -1.58564
20.77 -1.59278
20.775 -1.56171
20.78 -1.49216
20.785 -1.38598
20.79 -1.24779
20.795 -0.776151
20.8 -0.435282
20.805 -0.12605
20.81 0.134816
20.815 0.332433
20.82 0.454187
20.825 0.490368
20.83 0.434346
20.835 0.282935
20.84 0.0364747
20.845 -0.301311
20.85 -0.723456
20.855 -1.22015
20.86 -1.7792
20.865 -2.44347
20.87 -3.0887
20.875 -3.73207
20.88 -4.36169
20.885 -4.96647
20.89 -5.53564
20.895 -6.05991
20.9 -6.53117
20.905 -6.94261
20.91 -7.28892
20.915 -7.56612
20.92 -7.77174
20.925 -7.90465
20.93 -7.96503
20.935 -7.94635
20.94 -7.8483
20.945 -7.67467
20.95 -7.42779
20.955 -7.11073
20.96 -6.7276
20.965 -6.2837
20.97 -5.78573
20.975 -4.22586
