0.01 -0.0795938
0.02 -0.0698877
0.03 -0.0578062
0.04 -0.0395402
0.05 -0.00951231
0.06 0.0386175
0.07 0.110823
0.08 0.210217
0.09 0.333865
0.1 0.474597
0.11 0.622838
0.12 0.766707
0.13 0.901336
0.14 1.01235
0.15 1.09407
0.16 1.14626
0.17 1.17144
0.18 1.18109
0.19 1.18379
0.2 1.22757
0.21 1.32218
0.22 1.44146
0.23 1.61311
0.24 1.87569
0.25 2.16083
0.26 2.48455
0.27 2.63382
0.28 2.45245
0.29 2.24823
0.3 1.96924
0.31 1.52544
0.32 0.956738
0.33 0.316864
0.34 -0.430425
0.35 -1.23259
0.36 -1.91461
0.37 -2.65315
0.38 -3.25336
0.39 -3.72247
0.4 -4.24558
0.41 -4.64641
0.42 -4.28765
0.43 -3.80021
0.44 -3.38861
0.45 -2.92883
0.46 -2.49673
0.47 -1.89872
0.48 -1.28745
0.49 -0.924105
0.5 -0.685917
0.51 -0.334134
0.52 0.0863519
0.53 0.821156
0.54 1.24509
0.55 1.58194
0.56 1.70927
0.57 1.19491
0.58 0.656444
0.59 0.19171
0.6 -0.278349
0.61 -0.332425
0.62 -0.149116
0.63 0.0976364
0.64 1.23726
0.65 2.89575
0.66 4.38185
0.67 5.67058
0.68 6.6531
0.69 7.45418
0.7 8.07458
0.71 7.79874
0.72 6.9258
0.73 5.9308
0.74 4.12038
0.75 1.41649
0.76 -1.67396
0.77 -4.50407
0.78 -6.2863
0.79 -7.00061
0.8 -7.57134
0.81 -7.57024
0.82 -6.01153
0.83 -3.88899
0.84 -2.87043
0.85 -3.15821
0.86 -3.35624
0.87 -3.78784
0.88 -4.33889
0.89 -4.73784
0.9 -5.15972
0.91 -6.44845
0.92 -7.67605
0.93 -8.96774
0.94 -10.1192
0.95 -10.6334
0.96 -10.7186
0.97 -9.67925
0.98 -6.43218
0.99 -2.80163
1 0.194791
1.01 2.9929
1.02 5.31636
1.03 7.31234
1.04 8.73621
1.05 9.20573
1.06 8.82098
1.07 8.60032
1.08 8.51413
1.09 7.41354
1.1 6.04753
1.11 4.98713
1.12 3.92015
1.13 2.90204
1.14 1.94365
1.15 1.29728
1.16 2.15184
1.17 3.68862
1.18 4.09769
1.19 3.68696
1.2 3.19565
1.21 2.63714
1.22 2.04234
1.23 0.949667
1.24 -1.08306
1.25 -2.73902
1.26 -4.30701
1.27 -6.11532
1.28 -7.81621
1.29 -9.03583
1.3 -9.92568
1.31 -10.7251
1.32 -11.4453
1.33 -12.8888
1.34 -14.1444
1.35 -14.2022
1.36 -14.0117
1.37 -12.6483
1.38 -11.5474
1.39 -10.7121
1.4 -8.77383
1.41 -5.58245
1.42 -1.4326
1.43 2.60473
1.44 5.87312
1.45 8.46586
1.46 10.5614
1.47 12.3933
1.48 13.9263
1.49 14.8788
1.5 15.3826
1.51 15.463
1.52 14.9189
1.53 13.5377
1.54 12.1976
1.55 10.1126
1.56 7.78273
1.57 5.66083
1.58 3.26779
1.59 1.01941
1.6 0.676901
1.61 0.349785
1.62 -0.228141
1.63 -0.927594
1.64 -3.16127
1.65 -4.76185
1.66 -5.43067
1.67 -6.17743
1.68 -6.96123
1.69 -7.95503
1.7 -9.75644
1.71 -12.3694
1.72 -14.7073
1.73 -15.3386
1.74 -13.7499
1.75 -10.1743
1.76 -7.31529
1.77 -5.51348
1.78 -5.20401
1.79 -5.33523
1.8 -4.77286
1.81 -3.85835
1.82 -1.90574
1.83 -0.445566
1.84 -0.472946
1.85 -1.01768
1.86 -1.28496
1.87 -0.729207
1.88 1.86768
1.89 5.59502
1.9 9.27272
1.91 11.7215
1.92 12.6411
1.93 11.8195
1.94 10.6092
1.95 9.208
1.96 7.8669
1.97 7.75922
1.98 8.06433
1.99 8.01925
2 9.08917
2.01 9.25184
2.02 7.50107
2.03 5.6512
2.04 2.95366
2.05 1.15751
2.06 -0.0966845
2.07 0.141819
2.08 1.37506
2.09 1.72709
2.1 2.40272
2.11 3.84819
2.12 5.77695
2.13 8.38062
2.14 12.0109
2.15 16.6667
2.16 18.4187
2.17 18.5949
2.18 18.4559
2.19 16.6944
2.2 12.7683
2.21 7.7417
2.22 3.36843
2.23 -0.906412
2.24 -5.20647
2.25 -8.49953
2.26 -10.8368
2.27 -10.8108
2.28 -7.46309
2.29 -2.35662
2.3 3.01198
2.31 9.81795
2.32 17.1827
2.33 25.0992
2.34 32.1427
2.35 38.7331
2.36 43.4705
2.37 47.1955
2.38 47.9496
2.39 46.0626
2.4 41.4777
2.41 36.6439
2.42 34.2916
2.43 32.0285
2.44 29.7543
2.45 25.9667
2.46 20.174
2.47 13.7801
2.48 4.87672
2.49 -3.60695
2.5 -11.7788
2.51 -20.5105
2.52 -28.1753
2.53 -33.3478
2.54 -35.703
2.55 -34.7976
2.56 -31.2997
2.57 -26.3941
2.58 -22.0143
2.59 -19.666
2.6 -18.7256
2.61 -18.7345
2.62 -20.2445
2.63 -22.7101
2.64 -25.4593
2.65 -29.2382
2.66 -34.7599
2.67 -37.8491
2.68 -37.5518
2.69 -38.2404
2.7 -38.3487
2.71 -36.8771
2.72 -33.3574
2.73 -29.7707
2.74 -27.0425
2.75 -24.4072
2.76 -23.3964
2.77 -23.4115
2.78 -24.0287
2.79 -28.8235
2.8 -33.9276
2.81 -38.1259
2.82 -42.2607
2.83 -43.1824
2.84 -41.4591
2.85 -39.9494
2.86 -38.1291
2.87 -37.8266
2.88 -38.5845
2.89 -37.2823
2.9 -34.8532
2.91 -32.7273
2.92 -29.5461
2.93 -25.224
2.94 -24.2034
2.95 -25.2516
2.96 -24.6866
2.97 -22.6023
2.98 -21.3237
2.99 -20.12
3 -18.913
3.01 -16.7482
3.02 -11.1251
3.03 1.04818
3.04 16.6462
3.05 35.0138
3.06 50.7846
3.07 63.5772
3.08 73.7808
3.09 80.7684
3.1 82.164
3.11 77.9325
3.12 66.7537
3.13 50.6571
3.14 38.6284
3.15 30.063
3.16 21.7266
3.17 14.6029
3.18 10.6114
3.19 9.42642
3.2 13.0337
3.21 20.0137
3.22 30.1628
3.23 37.7551
3.24 42.1931
3.25 39.8339
3.26 33.1691
3.27 22.5526
3.28 12.2563
3.29 5.42235
3.3 -3.45369
3.31 -15.4586
3.32 -19.5226
3.33 -27.8347
3.34 -38.191
3.35 -39.1056
3.36 -39.6879
3.37 -41.8016
3.38 -45.4244
3.39 -49.3067
3.4 -52.4448
3.41 -50.0738
3.42 -45.8632
3.43 -43.2705
3.44 -40.9055
3.45 -36.1663
3.46 -27.6663
3.47 -13.4616
3.48 2.38316
3.49 14.5826
3.5 31.8466
3.51 50.3579
3.52 65.2655
3.53 75.0446
3.54 76.5703
3.55 68.7126
3.56 58.175
3.57 43.5016
3.58 28.9763
3.59 20.0382
3.6 17.6578
3.61 19.0709
3.62 22.2761
3.63 26.8274
3.64 32.3763
3.65 37.0177
3.66 43.6269
3.67 49.7825
3.68 53.9108
3.69 51.0991
3.7 43.5378
3.71 32.2128
3.72 15.674
3.73 -1.48239
3.74 -17.7396
3.75 -25.7182
3.76 -28.1544
3.77 -29.1014
3.78 -35.1781
3.79 -41.2748
3.8 -44.2123
3.81 -42.4131
3.82 -37.1979
3.83 -26.1051
3.84 -14.1611
3.85 -3.29479
3.86 6.40455
3.87 12.4597
3.88 14.8667
3.89 16.6193
3.9 16.7754
3.91 14.7712
3.92 11.9981
3.93 9.92789
3.94 7.80835
3.95 4.2127
3.96 1.18274
3.97 0.582265
3.98 1.95168
3.99 7.41853
4 10.8168
4.01 13.0352
4.02 15.1442
4.03 14.4855
4.04 11.1652
4.05 7.35425
4.06 4.72092
4.07 3.93669
4.08 1.96551
4.09 0.237059
4.1 -0.0567017
4.11 -0.0287043
4.12 -0.530406
4.13 -0.617199
4.14 1.26492
4.15 2.28882
4.16 0.721615
4.17 -2.53227
4.18 -4.73182
4.19 -5.72139
4.2 -6.83425
4.21 -7.72488
4.22 -7.69303
4.23 -5.92305
4.24 0.389472
4.25 8.86144
4.26 16.2605
4.27 23.2123
4.28 27.2733
4.29 29.1452
4.3 29.1057
4.31 27.5481
4.32 24.1766
4.33 18.2154
4.34 10.2192
4.35 2.3245
4.36 -5.43941
4.37 -12.0262
4.38 -18.5075
4.39 -24.8736
4.4 -29.5672
4.41 -32.5812
4.42 -33.1428
4.43 -31.6531
4.44 -28.9698
4.45 -26.2877
4.46 -25.2714
4.47 -25.2237
4.48 -26.864
4.49 -31.2168
4.5 -35.7551
4.51 -38.7367
4.52 -41.7048
4.53 -45.4677
4.54 -47.8979
4.55 -48.1782
4.56 -46.362
4.57 -42.6893
4.58 -37.6323
4.59 -32.7295
4.6 -27.8601
4.61 -23.3643
4.62 -21.2331
4.63 -21.773
4.64 -21.0705
4.65 -20.3071
4.66 -19.0216
4.67 -13.0609
4.68 -1.03508
4.69 17.0588
4.7 34.0058
4.71 49.5288
4.72 52.9286
4.73 56.1204
4.74 52.7577
4.75 44.7634
4.76 37.5033
4.77 33.3147
4.78 27.9214
4.79 24.141
4.8 22.5997
4.81 22.0008
4.82 19.5377
4.83 16.1274
4.84 17.1348
4.85 18.0976
4.86 20.0559
4.87 20.3562
4.88 17.8477
4.89 13.2927
4.9 8.22352
4.91 -2.52409
4.92 -11.2035
4.93 -19.2262
4.94 -24.2659
4.95 -26.6073
4.96 -26.9659
4.97 -25.0877
4.98 -21.657
4.99 -19.3359
5 -18.1271
5.01 -16.6212
5.02 -16.9771
5.03 -19.0631
5.04 -22.1929
5.05 -27.8871
5.06 -34.0299
5.07 -39.4831
5.08 -44.5542
5.09 -48.6038
5.1 -50.0132
5.11 -46.9374
5.12 -39.4709
5.13 -28.3997
5.14 -15.5539
5.15 -2.67202
5.16 10.0529
5.17 18.3695
5.18 20.8372
5.19 17.8181
5.2 13.8965
5.21 9.74071
5.22 6.36869
5.23 4.23159
5.24 3.47434
5.25 7.38397
5.26 12.1432
5.27 20.1587
5.28 27.7902
5.29 34.3319
5.3 39.7754
5.31 42.1877
5.32 43.1981
5.33 41.4769
5.34 35.5479
5.35 28.54
5.36 21.5201
5.37 14.6713
5.38 9.52927
5.39 5.65747
5.4 2.36791
5.41 0.880638
5.42 -0.729954
5.43 -3.1624
5.44 -5.20381
5.45 -5.88289
5.46 -7.82945
5.47 -10.1709
5.48 -10.6158
5.49 -9.85424
5.5 -9.18792
5.51 -7.63714
5.52 -7.27938
5.53 -8.28945
5.54 -10.1596
5.55 -11.8953
5.56 -11.9819
5.57 -12.2233
5.58 -13.8003
5.59 -16.1304
5.6 -19.0418
5.61 -21.9759
5.62 -24.1549
5.63 -26.0671
5.64 -26.6805
5.65 -24.1745
5.66 -20.5289
5.67 -17.0322
5.68 -11.5626
5.69 -3.6327
5.7 2.52868
5.71 7.00625
5.72 10.3368
5.73 12.3232
5.74 13.623
5.75 14.1887
5.76 13.2436
5.77 12.6547
5.78 13.2554
5.79 14.8288
5.8 16.6988
5.81 19.7623
5.82 23.1379
5.83 25.5289
5.84 26.9554
5.85 27.0934
5.86 26.1081
5.87 24.0258
5.88 21.446
5.89 18.5883
5.9 15.8843
5.91 13.5336
5.92 10.273
5.93 6.66806
5.94 3.31844
5.95 0.0976963
5.96 -3.31191
5.97 -6.70939
5.98 -9.70982
5.99 -11.6954
6 -12.3722
6.01 -12.5284
6.02 -12.0784
6.03 -10.2626
6.04 -6.95493
6.05 -1.92945
6.06 3.47173
6.07 8.28171
6.08 12.6421
6.09 16.0287
6.1 18.5829
6.11 19.4245
6.12 17.8311
6.13 14.6958
6.14 11.9642
6.15 9.11379
6.16 6.08265
6.17 3.96571
6.18 2.7721
6.19 2.76879
6.2 4.16735
6.21 5.79657
6.22 7.4238
6.23 8.71315
6.24 8.78392
6.25 7.10452
6.26 4.69639
6.27 2.41758
6.28 -0.939164
6.29 -5.49052
6.3 -8.45601
6.31 -10.1629
6.32 -11.1105
6.33 -10.9731
6.34 -10.7529
6.35 -10.055
6.36 -8.37998
6.37 -6.4775
6.38 -5.82728
6.39 -5.60254
6.4 -6.30735
6.41 -6.50011
6.42 -6.25925
6.43 -6.5643
6.44 -6.49642
6.45 -5.41394
6.46 -3.75041
6.47 -1.31753
6.48 0.704812
6.49 0.771863
6.5 -1.41457
6.51 -4.15366
6.52 -6.55161
6.53 -8.84272
6.54 -10.8674
6.55 -13.2658
6.56 -16.0931
6.57 -15.1486
6.58 -11.9822
6.59 -9.16358
6.6 -5.35984
6.61 -0.0610928
6.62 5.77375
6.63 11.3986
6.64 16.1731
6.65 20.596
6.66 26.0234
6.67 30.198
6.68 32.7362
6.69 34.6828
6.7 35.9535
6.71 35.9622
6.72 33.2478
6.73 29.1143
6.74 25.0515
6.75 21.7543
6.76 19.5472
6.77 17.1947
6.78 14.5172
6.79 12.1495
6.8 9.74869
6.81 7.90885
6.82 6.05636
6.83 2.77184
6.84 -1.70593
6.85 -6.43298
6.86 -12.2333
6.87 -18.7274
6.88 -25.2737
6.89 -31.0424
6.9 -35.8773
6.91 -39.824
6.92 -42.8097
6.93 -45.6146
6.94 -46.6689
6.95 -47.7191
6.96 -48.3774
6.97 -47.3805
6.98 -44.5097
6.99 -40.2078
7 -34.0359
7.01 -26.1823
7.02 -17.9421
7.03 -9.27197
7.04 -1.13343
7.05 4.98154
7.06 9.58577
7.07 11.6615
7.08 9.2942
7.09 5.51446
7.1 1.92082
7.11 -2.07273
7.12 -3.47652
7.13 -4.21568
7.14 -3.60434
7.15 -0.601915
7.16 4.00218
7.17 7.95475
7.18 11.3058
7.19 14.3884
7.2 17.6612
7.21 20.1201
7.22 22.283
7.23 25.3105
7.24 28.5184
7.25 31.8381
7.26 34.8923
7.27 37.4975
7.28 39.8046
7.29 40.8816
7.3 38.8853
7.31 35.4442
7.32 30.7629
7.33 23.7678
7.34 14.5256
7.35 5.91787
7.36 -1.41579
7.37 -6.91176
7.38 -12.1329
7.39 -17.4286
7.4 -23.2553
7.41 -26.7145
7.42 -29.7991
7.43 -32.1017
7.44 -31.9692
7.45 -30.6359
7.46 -30.9541
7.47 -30.4738
7.48 -30.3747
7.49 -30.6224
7.5 -31.0974
7.51 -32.4423
7.52 -34.4794
7.53 -34.4537
7.54 -32.7526
7.55 -28.5557
7.56 -22.6028
7.57 -16.431
7.58 -10.4596
7.59 -7.18138
7.6 -4.515
7.61 -0.919897
7.62 1.46673
7.63 3.3853
7.64 5.73575
7.65 8.19544
7.66 9.94062
7.67 11.8864
7.68 14.3248
7.69 19.868
7.7 25.4059
7.71 29.511
7.72 31.6194
7.73 33.1411
7.74 34.5303
7.75 33.3641
7.76 31.2018
7.77 29.6421
7.78 28.6366
7.79 27.989
7.8 28.092
7.81 29.2918
7.82 31.0249
7.83 32.7839
7.84 33.0374
7.85 30.814
7.86 27.332
7.87 22.6188
7.88 18.202
7.89 10.2602
7.9 2.81846
7.91 -4.76973
7.92 -11.7931
7.93 -17.0257
7.94 -23.8682
7.95 -28.8781
7.96 -31.7763
7.97 -33.2271
7.98 -33.8254
7.99 -34.0314
8 -36.1704
8.01 -39.3822
8.02 -43.0092
8.03 -46.6309
8.04 -49.0441
8.05 -49.2455
8.06 -46.1099
8.07 -38.9691
8.08 -30.2366
8.09 -21.0421
8.1 -12.6163
8.11 -5.67358
8.12 -2.39537
8.13 -1.68821
8.14 -3.53928
8.15 -5.64998
8.16 -5.00134
8.17 -2.21816
8.18 2.19056
8.19 8.36297
8.2 18.1591
8.21 27.2217
8.22 34.7339
8.23 39.4332
8.24 40.9465
8.25 40.0239
8.26 37.6064
8.27 33.9989
8.28 29.8774
8.29 25.5496
8.3 21.3337
8.31 18.8503
8.32 17.4399
8.33 15.9403
8.34 15.0927
8.35 15.5018
8.36 16.2772
8.37 16.9937
8.38 16.7484
8.39 14.7408
8.4 10.9953
8.41 7.17436
8.42 2.32044
8.43 -3.1369
8.44 -7.78791
8.45 -11.5916
8.46 -14.2459
8.47 -15.9348
8.48 -18.8542
8.49 -20.9048
8.5 -21.1724
8.51 -20.6088
8.52 -19.9959
8.53 -19.5848
8.54 -20.381
8.55 -21.4197
8.56 -21.7444
8.57 -21.8333
8.58 -21.4106
8.59 -20.3156
8.6 -17.4392
8.61 -11.585
8.62 -4.29195
8.63 2.04724
8.64 6.8799
8.65 10.4421
8.66 12.5178
8.67 12.5351
8.68 10.5015
8.69 7.61776
8.7 4.97083
8.71 3.31559
8.72 3.01144
8.73 3.6478
8.74 5.13371
8.75 7.8979
8.76 11.0417
8.77 13.5102
8.78 15.1713
8.79 16.3483
8.8 16.577
8.81 15.5375
8.82 12.9055
8.83 9.6669
8.84 7.23013
8.85 5.12895
8.86 3.2905
8.87 2.12389
8.88 1.33427
8.89 0.530449
8.9 -0.325037
8.91 -1.16682
8.92 -2.28254
8.93 -3.30987
8.94 -4.43977
8.95 -5.9002
8.96 -7.35795
8.97 -8.70926
8.98 -10.3409
8.99 -11.8075
9 -12.3722
9.01 -12.1437
9.02 -11.6877
9.03 -10.9166
9.04 -10.0471
9.05 -9.5608
9.06 -9.48204
9.07 -9.68774
9.08 -10.2046
9.09 -10.1641
9.1 -9.80846
9.11 -9.34951
9.12 -8.54989
9.13 -7.40739
9.14 -6.04971
9.15 -3.8145
9.16 -1.43368
9.17 0.516529
9.18 2.42879
9.19 4.55214
9.2 6.78473
9.21 9.13355
9.22 10.6743
9.23 11.8507
9.24 13.5191
9.25 14.7319
9.26 14.7782
9.27 14.8133
9.28 14.7962
9.29 14.5605
9.3 14.2243
9.31 13.6444
9.32 12.7576
9.33 12.1454
9.34 10.5992
9.35 7.74471
9.36 4.9706
9.37 2.8572
9.38 0.556195
9.39 -1.73472
9.4 -4.16034
9.41 -6.44682
9.42 -6.98952
9.43 -7.49568
9.44 -7.86545
9.45 -8.25915
9.46 -8.84813
9.47 -9.66852
9.48 -10.9947
9.49 -11.7212
9.5 -12.0905
9.51 -12.1795
9.52 -11.9488
9.53 -11.5731
9.54 -10.869
9.55 -8.91132
9.56 -7.2515
9.57 -6.10092
9.58 -4.81499
9.59 -3.4708
9.6 -1.46669
9.61 0.795213
9.62 2.81548
9.63 4.98727
9.64 7.50302
9.65 9.82383
9.66 10.924
9.67 11.3862
9.68 11.4228
9.69 10.8738
9.7 9.69082
9.71 8.06675
9.72 6.18753
9.73 5.4245
9.74 5.06119
9.75 4.6269
9.76 4.61642
9.77 4.57182
9.78 5.25066
9.79 6.24761
9.8 6.8127
9.81 7.09861
9.82 7.3919
9.83 7.33522
9.84 7.12279
9.85 6.57562
9.86 5.72861
9.87 4.93917
9.88 4.28347
9.89 2.80953
9.9 1.20498
9.91 -0.540318
9.92 -2.66119
9.93 -4.74411
9.94 -6.72353
9.95 -9.04213
9.96 -11.2997
9.97 -13.7694
9.98 -16.5662
9.99 -19.1714
10 -21.5661
10.01 -23.5434
10.02 -25.2464
10.03 -25.4236
10.04 -23.8613
10.05 -20.4453
10.06 -14.6725
10.07 -9.52537
10.08 -5.31258
10.09 -1.30341
10.1 1.85121
10.11 2.99797
10.12 3.21972
10.13 2.71974
10.14 2.02826
10.15 1.76701
10.16 2.1471
10.17 2.58147
10.18 4.12784
10.19 6.66272
10.2 9.26527
10.21 11.6053
10.22 13.4083
10.23 14.2646
10.24 13.6457
10.25 12.3265
10.26 10.6161
10.27 8.62621
10.28 6.85407
10.29 5.70763
10.3 5.01299
10.31 4.88081
10.32 5.3316
10.33 6.07415
10.34 6.82188
10.35 6.92781
10.36 7.2751
10.37 7.71785
10.38 7.49138
10.39 6.36836
10.4 4.85361
10.41 3.04363
10.42 2.23772
10.43 1.70667
10.44 0.683597
10.45 0.120178
10.46 0.29319
10.47 0.168
10.48 -0.143332
10.49 -0.383669
10.5 -0.640834
10.51 -0.839259
10.52 -0.792525
10.53 -1.31806
10.54 -2.22546
10.55 -3.05243
10.56 -3.92882
10.57 -4.26088
10.58 -5.25838
10.59 -5.90297
10.6 -5.94835
10.61 -5.43281
10.62 -4.74184
10.63 -4.29132
10.64 -4.69194
10.65 -5.72857
10.66 -7.28667
10.67 -9.20143
10.68 -11.1921
10.69 -13.2326
10.7 -14.6185
10.71 -14.2812
10.72 -12.2247
10.73 -8.97973
10.74 -5.27048
10.75 -1.5338
10.76 1.94321
10.77 4.35253
10.78 5.37837
10.79 5.29709
10.8 4.83067
10.81 4.35894
10.82 4.13769
10.83 4.19997
10.84 4.58544
10.85 5.47848
10.86 6.70145
10.87 7.6027
10.88 8.07737
10.89 8.32028
10.9 8.14977
10.91 7.05976
10.92 5.5192
10.93 4.05808
10.94 2.94523
10.95 2.31118
10.96 2.06499
10.97 2.22636
10.98 2.87574
10.99 3.62644
11 4.06601
11.01 4.09895
11.02 3.4107
11.03 2.33239
11.04 1.00708
11.05 -0.440899
11.06 -1.78495
11.07 -2.40445
11.08 -3.01829
11.09 -3.31996
11.1 -3.45092
11.11 -3.57457
11.12 -3.77475
11.13 -4.21952
11.14 -4.64348
11.15 -5.03009
11.16 -5.27196
11.17 -5.36489
11.18 -5.50759
11.19 -5.6369
11.2 -5.71851
11.21 -5.66245
11.22 -5.4787
11.23 -5.16922
11.24 -4.77261
11.25 -4.25395
11.26 -3.61033
11.27 -2.86786
11.28 -2.0765
11.29 -1.19343
11.3 -0.25685
11.31 0.72138
11.32 1.6939
11.33 2.61483
11.34 3.42366
11.35 4.09575
11.36 4.67094
11.37 5.10737
11.38 5.37599
11.39 5.50767
11.4 5.54138
11.41 5.51246
11.42 5.4548
11.43 5.38472
11.44 5.32457
11.45 5.25533
11.46 5.12664
11.47 4.89379
11.48 4.52282
11.49 4.00225
11.5 3.34699
11.51 2.56055
11.52 1.72361
11.53 0.875333
11.54 0.0468214
11.55 -0.741251
11.56 -1.47927
11.57 -2.16346
11.58 -2.79249
11.59 -3.36397
11.6 -3.87199
11.61 -4.30716
11.62 -4.65863
11.63 -4.91634
11.64 -5.07311
11.65 -5.12598
11.66 -5.07643
11.67 -4.92997
11.68 -4.68788
11.69 -4.27313
11.7 -3.86752
11.71 -3.40424
11.72 -2.8978
11.73 -2.36098
