0.01 0.0874111
0.02 0.105702
0.03 0.156036
0.04 0.250333
0.05 0.388645
0.06 0.55705
0.07 0.730412
0.08 0.880192
0.09 0.984471
0.1 1.0322
0.11 1.02487
0.12 0.976702
0.13 0.90285
0.14 0.83191
0.15 0.7835
0.16 0.768409
0.17 0.789675
0.18 0.836443
0.19 0.89697
0.2 0.917878
0.21 0.883351
0.22 0.813691
0.23 0.675717
0.24 0.387015
0.25 0.0454246
0.26 -0.359102
0.27 -0.601982
0.28 -0.5204
0.29 -0.424682
0.3 -0.275328
0.31 0.000112514
0.32 0.346639
0.33 0.705065
0.34 1.11968
0.35 1.55572
0.36 1.85786
0.37 2.21584
0.38 2.43551
0.39 2.5149
0.4 2.62646
0.41 2.58585
0.42 1.76576
0.43 0.82815
0.44 0.036565
0.45 -0.657846
0.46 -1.11084
0.47 -1.47965
0.48 -1.62306
0.49 -1.34394
0.5 -0.8716
0.51 -0.572484
0.52 -0.522625
0.53 -1.04665
0.54 -1.52931
0.55 -2.12818
0.56 -2.59105
0.57 -2.32706
0.58 -1.81628
0.59 -1.06474
0.6 0.0308091
0.61 1.00685
0.62 1.95198
0.63 2.8272
0.64 2.72609
0.65 1.95968
0.66 1.18893
0.67 0.42383
0.68 -0.215472
0.69 -0.850667
0.7 -1.49181
0.71 -1.44651
0.72 -1.04676
0.73 -0.801754
0.74 -0.47021
0.75 0.388178
0.76 1.37946
0.77 2.07422
0.78 1.89302
0.79 0.988638
0.8 0.403142
0.81 -0.23682
0.82 -1.92215
0.83 -3.71259
0.84 -4.01209
0.85 -2.75734
0.86 -1.5461
0.87 -0.234243
0.88 0.870243
0.89 1.35082
0.9 1.34376
0.91 1.76918
0.92 1.86595
0.93 1.96796
0.94 2.06886
0.95 1.8225
0.96 1.52425
0.97 0.503846
0.98 -2.33093
0.99 -5.172
1 -6.98988
1.01 -8.18186
1.02 -8.45431
1.03 -8.00446
1.04 -6.71362
1.05 -4.40529
1.06 -1.43619
1.07 0.915783
1.08 2.42916
1.09 4.15869
1.1 5.34762
1.11 5.50717
1.12 5.07302
1.13 4.13836
1.14 2.8884
1.15 1.14245
1.16 -2.15673
1.17 -6.04069
1.18 -8.52149
1.19 -9.70898
1.2 -10.1691
1.21 -9.90254
1.22 -8.91463
1.23 -6.85137
1.24 -3.46556
1.25 -0.341867
1.26 2.50903
1.27 5.13461
1.28 6.97723
1.29 7.57879
1.3 7.04184
1.31 5.70811
1.32 3.88866
1.33 2.73307
1.34 1.6587
1.35 -0.0701385
1.36 -1.28419
1.37 -2.71816
1.38 -2.83564
1.39 -1.62644
1.4 -0.565055
1.41 -0.0296697
1.42 -0.0221734
1.43 0.129535
1.44 0.715448
1.45 1.34335
1.46 1.62795
1.47 1.23657
1.48 0.214587
1.49 -1.04911
1.5 -2.50415
1.51 -3.94843
1.52 -4.94731
1.53 -5.07812
1.54 -5.1043
1.55 -4.1971
1.56 -2.92675
1.57 -1.84025
1.58 -0.55502
1.59 0.464888
1.6 -0.537774
1.61 -1.55475
1.62 -2.12221
1.63 -2.16098
1.64 -0.116653
1.65 1.84349
1.66 3.25019
1.67 4.80749
1.68 6.12202
1.69 7.07246
1.7 8.10348
1.71 9.25337
1.72 9.60573
1.73 8.00274
1.74 4.22303
1.75 -1.19989
1.76 -5.29574
1.77 -7.52029
1.78 -7.34519
1.79 -5.88451
1.8 -4.50775
1.81 -3.24108
1.82 -3.1461
1.83 -3.05885
1.84 -2.15434
1.85 -1.37457
1.86 -1.32839
1.87 -2.29453
1.88 -5.23173
1.89 -9.04058
1.9 -12.4513
1.91 -14.2981
1.92 -14.3632
1.93 -12.5513
1.94 -10.3502
1.95 -8.04495
1.96 -5.92172
1.97 -5.13696
1.98 -4.82362
1.99 -4.17932
2 -4.60655
2.01 -4.21147
2.02 -2.04814
2.03 -0.0101335
2.04 2.56679
2.05 3.94581
2.06 4.48919
2.07 3.22474
2.08 0.68998
2.09 -1.09663
2.1 -3.08433
2.11 -5.39172
2.12 -7.42884
2.13 -9.19254
2.14 -11.008
2.15 -13.0904
2.16 -11.7834
2.17 -8.70385
2.18 -5.38386
2.19 -0.726838
2.2 5.66604
2.21 12.7365
2.22 18.7118
2.23 24.1642
2.24 29.2377
2.25 32.9363
2.26 35.3744
2.27 35.2484
2.28 31.7589
2.29 26.4096
2.3 21.2126
2.31 15.293
2.32 9.75039
2.33 4.67103
2.34 1.3696
2.35 -0.731214
2.36 -0.48667
2.37 1.78729
2.38 6.65425
2.39 12.6429
2.4 19.2054
2.41 23.2551
2.42 22.0465
2.43 18.0207
2.44 11.533
2.45 4.79571
2.46 -0.652399
2.47 -5.00602
2.48 -5.25726
2.49 -3.57175
2.5 0.457013
2.51 7.53774
2.52 15.6313
2.53 22.4807
2.54 27.1707
2.55 28.6367
2.56 27.3435
2.57 24.2019
2.58 20.9695
2.59 18.9507
2.6 17.2711
2.61 15.1968
2.62 13.0599
2.63 10.2442
2.64 6.22505
2.65 2.14655
2.66 -0.706938
2.67 -5.87807
2.68 -13.7048
2.69 -17.7625
2.7 -21.1684
2.71 -24.8762
2.72 -30.4282
2.73 -35.7051
2.74 -39.0203
2.75 -41.3188
2.76 -46.9567
2.77 -48.872
2.78 -48.74
2.79 -43.2274
2.8 -36.2982
2.81 -29.902
2.82 -23.8608
2.83 -21.4695
2.84 -21.9788
2.85 -23.3634
2.86 -25.4525
2.87 -25.3179
2.88 -22.587
2.89 -20.0716
2.9 -17.1585
2.91 -13.5942
2.92 -11.3403
2.93 -11.0956
2.94 -9.69107
2.95 -8.30616
2.96 -6.09783
2.97 -7.80026
2.98 -10.846
2.99 -12.5058
3 -12.2112
3.01 -10.1977
3.02 -8.68782
3.03 -10.8549
3.04 -15.1327
3.05 -16.5368
3.06 -13.7251
3.07 -7.22117
3.08 2.72173
3.09 11.9771
3.1 25.8799
3.11 38.606
3.12 58.4762
3.13 79.6201
3.14 93.1551
3.15 106.692
3.16 114.44
3.17 116.311
3.18 109.283
3.19 89.7284
3.2 56.9698
3.21 14.6882
3.22 -34.309
3.23 -78.1936
3.24 -106.051
3.25 -113.945
3.26 -108.432
3.27 -91.3154
3.28 -77.4705
3.29 -62.548
3.3 -44.0777
3.31 -22.7304
3.32 2.05246
3.33 24.5514
3.34 41.6819
3.35 52.4234
3.36 54.8086
3.37 49.432
3.38 37.888
3.39 22.9988
3.4 7.89349
3.41 -5.36628
3.42 -10.8503
3.43 -7.7449
3.44 0.63218
3.45 8.15005
3.46 10.2314
3.47 5.36322
3.48 -5.97063
3.49 -19.5114
3.5 -34.1618
3.51 -42.0813
3.52 -43.7327
3.53 -40.0135
3.54 -29.1586
3.55 -11.1993
3.56 6.36716
3.57 22.4482
3.58 34.7747
3.59 42.4003
3.6 46.5277
3.61 49.722
3.62 52.0925
3.63 52.5621
3.64 49.6176
3.65 42.6216
3.66 30.6504
3.67 15.2215
3.68 -0.452557
3.69 -12.6033
3.7 -22.6897
3.71 -27.6185
3.72 -25.2563
3.73 -18.9408
3.74 -12.1711
3.75 -5.91647
3.76 -1.81517
3.77 2.95628
3.78 9.47235
3.79 17.0394
3.8 20.4197
3.81 20.9653
3.82 18.7475
3.83 9.83843
3.84 -1.77169
3.85 -14.5835
3.86 -28.0521
3.87 -38.9665
3.88 -45.4491
3.89 -49.5335
3.9 -51.9098
3.91 -51.2151
3.92 -48.5208
3.93 -44.5243
3.94 -38.0324
3.95 -25.9425
3.96 -8.69348
3.97 8.32941
3.98 21.4293
3.99 28.4815
4 33.2814
4.01 37.7042
4.02 36.8721
4.03 33.9403
4.04 29.9119
4.05 24.0554
4.06 18.7198
4.07 12.0434
4.08 6.08419
4.09 3.6834
4.1 2.34841
4.11 2.50138
4.12 2.63088
4.13 3.1838
4.14 1.45128
4.15 0.858442
4.16 3.66238
4.17 9.40972
4.18 15.4642
4.19 21.2013
4.2 28.7345
4.21 33.017
4.22 34.1412
4.23 31.654
4.24 22.996
4.25 11.2606
4.26 0.411687
4.27 -11.312
4.28 -22.6284
4.29 -34.954
4.3 -47.9484
4.31 -62.719
4.32 -73.0396
4.33 -76.1576
4.34 -70.7805
4.35 -58.6845
4.36 -41.6667
4.37 -22.5227
4.38 -5.67536
4.39 6.06154
4.4 10.1978
4.41 7.98038
4.42 0.879269
4.43 -10.2818
4.44 -19.3773
4.45 -24.6136
4.46 -24.4944
4.47 -20.9696
4.48 -14.9728
4.49 -8.13703
4.5 -4.03225
4.51 -4.18864
4.52 -6.08532
4.53 -7.36776
4.54 -8.57115
4.55 -9.09405
4.56 -7.88224
4.57 -4.61465
4.58 0.833882
4.59 9.10877
4.6 18.8893
4.61 29.1897
4.62 40.4173
4.63 49.8976
4.64 55.267
4.65 57.7308
4.66 56.7958
4.67 50.2929
4.68 39.9317
4.69 29.4369
4.7 18.1269
4.71 6.11259
4.72 -1.54634
4.73 -6.94999
4.74 -7.75099
4.75 -4.44792
4.76 -0.374626
4.77 4.43338
4.78 9.6738
4.79 12.5882
4.8 11.248
4.81 6.66769
4.82 1.45613
4.83 -4.57374
4.84 -10.6882
4.85 -15.7178
4.86 -19.8751
4.87 -21.6531
4.88 -19.6462
4.89 -15.4638
4.9 -9.46372
4.91 -4.34429
4.92 -1.11636
4.93 0.669902
4.94 0.317493
4.95 -0.781941
4.96 -1.85853
4.97 -3.40211
4.98 -2.95394
4.99 -2.01485
5 -1.95357
5.01 -3.64166
5.02 -5.06813
5.03 -6.25767
5.04 -7.79162
5.05 -7.82715
5.06 -7.83555
5.07 -8.22508
5.08 -7.45947
5.09 -5.22888
5.1 -2.47898
5.11 1.27141
5.12 6.53366
5.13 13.1076
5.14 20.4915
5.15 28.375
5.16 33.8291
5.17 36.0699
5.18 34.4284
5.19 27.1109
5.2 16.1816
5.21 3.75744
5.22 -7.98472
5.23 -15.4302
5.24 -18.2686
5.25 -17.6452
5.26 -15.4374
5.27 -14.2544
5.28 -12.411
5.29 -10.4098
5.3 -7.499
5.31 -4.0322
5.32 -1.59449
5.33 0.699188
5.34 5.35523
5.35 9.59483
5.36 12.6188
5.37 14.7074
5.38 14.5132
5.39 12.6162
5.4 9.98223
5.41 6.05376
5.42 1.79142
5.43 -1.67482
5.44 -4.85791
5.45 -8.51015
5.46 -9.69234
5.47 -9.61919
5.48 -10.7566
5.49 -12.3089
5.5 -12.7082
5.51 -12.5588
5.52 -9.47733
5.53 -3.24848
5.54 5.23697
5.55 13.3634
5.56 19.2832
5.57 23.6642
5.58 26.4549
5.59 26.3258
5.6 23.3392
5.61 18.4247
5.62 11.0378
5.63 2.8808
5.64 -5.4727
5.65 -13.5652
5.66 -18.5549
5.67 -19.1735
5.68 -17.8959
5.69 -17.5071
5.7 -15.6578
5.71 -13.3629
5.72 -11.3056
5.73 -9.56225
5.74 -8.72872
5.75 -8.52123
5.76 -7.74963
5.77 -7.68871
5.78 -8.75586
5.79 -10.0855
5.8 -11.4491
5.81 -13.9803
5.82 -17.1166
5.83 -19.8832
5.84 -21.9384
5.85 -23.0606
5.86 -22.9961
5.87 -21.3585
5.88 -19.6347
5.89 -16.2467
5.9 -11.6396
5.91 -7.05442
5.92 -1.60942
5.93 3.98577
5.94 7.72215
5.95 11.2696
5.96 14.6895
5.97 17.6866
5.98 19.8155
5.99 20.7609
6 20.0637
6.01 18.6028
6.02 16.1733
6.03 12.8943
6.04 9.33675
6.05 5.67
6.06 2.83817
6.07 1.34893
6.08 0.459714
6.09 0.129259
6.1 -0.216918
6.11 -1.8438
6.12 -0.911843
6.13 2.12451
6.14 4.48161
6.15 6.80189
6.16 9.10839
6.17 10.2315
6.18 10.0708
6.19 8.42031
6.2 5.14663
6.21 1.22024
6.22 -3.17925
6.23 -7.43979
6.24 -10.2339
6.25 -10.3882
6.26 -8.6247
6.27 -5.4962
6.28 -0.290513
6.29 6.12922
6.3 10.0042
6.31 10.418
6.32 6.57365
6.33 -1.87121
6.34 -12.7078
6.35 -23.9159
6.36 -33.5718
6.37 -38.3676
6.38 -36.6415
6.39 -29.7642
6.4 -17.4625
6.41 -5.38721
6.42 3.75458
6.43 8.99389
6.44 8.44014
6.45 3.30775
6.46 -3.63238
6.47 -10.1701
6.48 -13.2273
6.49 -10.5007
6.5 -3.65146
6.51 5.73599
6.52 17.4085
6.53 27.1809
6.54 33.9913
6.55 37.8307
6.56 38.4461
6.57 33.2966
6.58 24.8339
6.59 17.6359
6.6 11.9788
6.61 8.23044
6.62 8.55788
6.63 11.7588
6.64 16.9867
6.65 22.4554
6.66 25.0337
6.67 28.337
6.68 31.7485
6.69 33.4236
6.7 32.6878
6.71 29.4867
6.72 24.1148
6.73 17.0549
6.74 8.53542
6.75 -0.0742424
6.76 -6.4987
6.77 -11.1775
6.78 -13.7949
6.79 -15.3761
6.8 -16.1775
6.81 -16.0384
6.82 -15.2585
6.83 -13.2653
6.84 -10.6717
6.85 -8.63398
6.86 -6.25485
6.87 -3.56604
6.88 -1.46811
6.89 0.338157
6.9 2.16257
6.91 3.33433
6.92 4.15731
6.93 3.84241
6.94 1.72234
6.95 -1.81972
6.96 -8.32814
6.97 -18.24
6.98 -29.6047
6.99 -38.7733
7 -44.5176
7.01 -46.3664
7.02 -43.3257
7.03 -35.4392
7.04 -25.4661
7.05 -14.7064
7.06 -5.99875
7.07 -0.660986
7.08 2.32368
7.09 2.59471
7.1 1.18359
7.11 0.123382
7.12 0.343531
7.13 1.09819
7.14 1.92198
7.15 1.13723
7.16 -1.07769
7.17 -2.80721
7.18 -2.46454
7.19 -2.69654
7.2 -3.03727
7.21 -2.1881
7.22 -0.77559
7.23 -0.303651
7.24 -0.391125
7.25 -1.11953
7.26 -2.27919
7.27 -4.18124
7.28 -6.741
7.29 -8.81128
7.3 -7.03296
7.31 -1.5519
7.32 5.06737
7.33 14.0386
7.34 23.3917
7.35 28.5979
7.36 28.9007
7.37 23.0854
7.38 13.8575
7.39 2.78792
7.4 -8.30308
7.41 -17.7732
7.42 -19.7497
7.43 -18.3692
7.44 -15.5821
7.45 -11.4833
7.46 -6.08384
7.47 -1.29279
7.48 2.69307
7.49 5.26919
7.5 6.10893
7.51 6.56026
7.52 7.57104
7.53 7.47172
7.54 7.35785
7.55 6.44929
7.56 5.17106
7.57 3.67419
7.58 0.0170393
7.59 -5.68402
7.6 -12.6121
7.61 -19.3934
7.62 -23.7272
7.63 -24.2683
7.64 -19.1777
7.65 -9.30083
7.66 4.53249
7.67 18.7779
7.68 28.6835
7.69 36.0434
7.7 39.052
7.71 38.9387
7.72 36.5723
7.73 31.3565
7.74 25.3781
7.75 19.4158
7.76 13.4322
7.77 7.07164
7.78 1.11475
7.79 -3.79012
7.8 -7.84846
7.81 -10.8279
7.82 -12.247
7.83 -12.6132
7.84 -11.3893
7.85 -8.5007
7.86 -5.55167
7.87 -2.79081
7.88 0.874737
7.89 3.08752
7.9 3.4016
7.91 2.99555
7.92 2.05771
7.93 0.393934
7.94 -1.07685
7.95 -2.20143
7.96 -3.22462
7.97 -4.48975
7.98 -6.52583
7.99 -9.68986
8 -11.878
8.01 -13.5048
8.02 -14.3626
8.03 -13.5685
8.04 -11.2049
8.05 -7.45388
8.06 -3.22696
8.07 1.07856
8.08 4.92667
8.09 7.94457
8.1 10.0326
8.11 10.4356
8.12 9.73646
8.13 7.94607
8.14 5.17455
8.15 2.24642
8.16 -0.496384
8.17 -2.67471
8.18 -4.51862
8.19 -6.34609
8.2 -7.27635
8.21 -7.04481
8.22 -6.18279
8.23 -4.77578
8.24 -2.59732
8.25 -0.170323
8.26 1.97534
8.27 4.00347
8.28 5.65368
8.29 6.91375
8.3 7.42794
8.31 5.90806
8.32 2.78544
8.33 0.0243884
8.34 -2.60983
8.35 -4.80827
8.36 -6.30939
8.37 -7.17797
8.38 -6.95909
8.39 -4.79149
8.4 -2.72361
8.41 -1.00345
8.42 1.40661
8.43 4.12333
8.44 5.73144
8.45 6.2555
8.46 6.20756
8.47 5.18635
8.48 4.6738
8.49 4.2963
8.5 3.57624
8.51 3.20385
8.52 2.67235
8.53 1.48864
8.54 0.491018
8.55 -0.792108
8.56 -3.30817
8.57 -6.10087
8.58 -8.75508
8.59 -10.723
8.6 -11.909
8.61 -12.6039
8.62 -12.446
8.63 -10.5856
8.64 -8.1603
8.65 -6.195
8.66 -5.37046
8.67 -5.7395
8.68 -6.31271
8.69 -7.41773
8.7 -9.17075
8.71 -11.2946
8.72 -13.3969
8.73 -14.6678
8.74 -15.0187
8.75 -15.2299
8.76 -14.9089
8.77 -13.7062
8.78 -12.0301
8.79 -10.5105
8.8 -8.74275
8.81 -6.75977
8.82 -3.8616
8.83 -0.670586
8.84 1.70321
8.85 3.85043
8.86 5.78729
8.87 6.92561
8.88 7.34667
8.89 7.27546
8.9 6.68501
8.91 5.5626
8.92 4.43272
8.93 3.16584
8.94 2.18332
8.95 1.52207
8.96 1.20315
8.97 1.13478
8.98 1.81701
8.99 2.8528
9 3.63592
9.01 4.16652
9.02 4.80342
9.03 5.21187
9.04 5.36684
9.05 5.56066
9.06 5.72744
9.07 5.75248
9.08 6.47069
9.09 6.2465
9.1 5.59729
9.11 4.88235
9.12 4.01528
9.13 3.09708
9.14 2.30181
9.15 0.995406
9.16 -0.0629096
9.17 -0.509072
9.18 -0.490672
9.19 -0.0472282
9.2 0.841533
9.21 2.01439
9.22 4.19116
9.23 6.69383
9.24 8.4122
9.25 10.1013
9.26 12.2616
9.27 12.7702
9.28 12.9496
9.29 12.975
9.3 13.1239
9.31 13.3758
9.32 13.0692
9.33 11.6628
9.34 10.49
9.35 10.1822
9.36 9.64139
9.37 8.58621
9.38 8.26274
9.39 8.72704
9.4 10.0965
9.41 11.9663
9.42 13.0672
9.43 13.8067
9.44 13.8724
9.45 13.24
9.46 12.0742
9.47 10.5589
9.48 9.21104
9.49 7.18899
9.5 4.96156
9.51 3.64029
9.52 1.88267
9.53 0.192787
9.54 -1.62111
9.55 -4.42247
9.56 -6.54932
9.57 -7.65925
9.58 -8.28159
9.59 -8.27611
9.6 -8.19432
9.61 -7.64528
9.62 -6.39181
9.63 -5.15966
9.64 -4.37892
9.65 -3.71011
9.66 -2.26535
9.67 -0.722897
9.68 0.730224
9.69 2.06519
9.7 2.76098
9.71 3.34545
9.72 3.89697
9.73 3.21726
9.74 2.74655
9.75 2.58073
9.76 2.23684
9.77 2.12516
9.78 1.62053
9.79 1.12848
9.8 1.25553
9.81 1.67654
9.82 1.80807
9.83 1.74747
9.84 1.09393
9.85 0.0560427
9.86 -1.31884
9.87 -3.252
9.88 -5.48335
9.89 -6.98496
9.9 -8.49052
9.91 -9.78496
9.92 -10.4038
9.93 -10.5995
9.94 -10.4315
9.95 -9.1792
9.96 -8.08967
9.97 -7.20678
9.98 -6.48624
9.99 -6.30505
10 -6.37416
10.01 -6.50358
10.02 -6.14843
10.03 -6.26761
10.04 -7.32988
10.05 -8.72066
10.06 -11.5424
10.07 -13.5976
10.08 -15.1792
10.09 -17.4256
10.1 -19.7845
10.11 -20.8801
10.12 -21.2143
10.13 -20.4114
10.14 -18.618
10.15 -16.332
10.16 -13.591
10.17 -9.95824
10.18 -6.80951
10.19 -4.2201
10.2 -2.47251
10.21 -1.22172
10.22 -0.154295
10.23 1.03225
10.24 2.84893
10.25 5.95526
10.26 7.91452
10.27 8.72573
10.28 8.17405
10.29 6.38376
10.3 4.19623
10.31 1.93175
10.32 0.350786
10.33 0.17032
10.34 1.69439
10.35 5.06547
10.36 8.76746
10.37 12.8183
10.38 17.7177
10.39 22.8853
10.4 27.0018
10.41 29.0406
10.42 26.4743
10.43 19.9174
10.44 11.0055
10.45 0.479806
10.46 -9.4438
10.47 -16.549
10.48 -21.1719
10.49 -23.4203
10.5 -23.289
10.51 -21.1885
10.52 -17.7774
10.53 -13.3444
10.54 -8.90748
10.55 -5.7942
10.56 -4.16282
10.57 -4.49289
10.58 -4.99604
10.59 -6.18567
10.6 -7.6768
10.61 -8.92456
10.62 -9.45566
10.63 -9.3272
10.64 -8.48929
10.65 -7.4834
10.66 -6.6944
10.67 -5.82975
10.68 -4.64078
10.69 -2.64674
10.7 -0.355062
10.71 2.08482
10.72 4.9907
10.73 8.31174
10.74 11.8183
10.75 14.8979
10.76 16.9756
10.77 17.7368
10.78 17.6801
10.79 17.0566
10.8 15.4951
10.81 13.3723
10.82 11.0309
10.83 8.88465
10.84 7.27133
10.85 5.94833
10.86 4.91745
10.87 4.54294
10.88 4.64612
10.89 4.82913
10.9 5.37256
10.91 6.3696
10.92 7.12506
10.93 7.23023
10.94 6.6623
10.95 5.5375
10.96 4.12431
10.97 2.59097
10.98 1.00159
10.99 -0.307496
11 -1.13361
11.01 -1.52935
11.02 -1.3862
11.03 -1.37044
11.04 -1.78404
11.05 -2.72281
11.06 -4.22662
11.07 -6.13317
11.08 -8.19119
11.09 -10.2737
11.1 -11.8126
11.11 -12.2453
11.12 -11.2656
11.13 -8.75144
11.14 -5.28988
11.15 -1.41799
11.16 1.20189
11.17 3.68478
11.18 5.64107
11.19 6.87382
11.2 7.35743
11.21 7.16994
11.22 6.78933
11.23 6.24913
11.24 5.46727
11.25 4.54695
11.26 3.60741
11.27 2.74167
11.28 2.0187
11.29 1.41076
11.3 0.947119
11.31 0.731383
11.32 0.752073
11.33 0.997924
11.34 1.44803
11.35 2.02594
11.36 2.56559
11.37 2.9709
11.38 3.15572
11.39 3.01927
11.4 2.508
11.41 1.62753
11.42 0.431353
11.43 -0.978903
11.44 -2.01016
11.45 -3.15532
11.46 -4.34972
11.47 -5.47392
11.48 -6.39482
11.49 -7.00277
11.5 -7.24105
11.51 -7.11288
11.52 -6.6777
11.53 -5.97986
11.54 -5.1438
11.55 -4.35329
11.56 -3.70255
11.57 -3.22532
11.58 -2.89289
11.59 -2.63757
11.6 -2.35026
11.61 -2.00268
11.62 -1.58388
11.63 -1.09968
11.64 -0.573702
11.65 -0.035171
11.66 0.493429
11.67 1.00355
11.68 1.5007
11.69 1.55195
11.7 1.8958
11.71 2.41196
11.72 3.06118
11.73 3.76104
