0.01 0.16538
0.02 0.37581
0.03 0.63852
0.04 0.87257
0.05 1.02051
0.06 1.06133
0.07 1.00937
0.08 0.903443
0.09 0.791428
0.1 0.711699
0.11 0.681844
0.12 0.698433
0.13 0.736234
0.14 0.776622
0.15 0.799947
0.16 0.795929
0.17 0.767231
0.18 0.719669
0.19 0.667447
0.2 0.584163
0.21 0.474543
0.22 0.366695
0.23 0.225721
0.24 -0.00142144
0.25 -0.231223
0.26 -0.481496
0.27 -0.557854
0.28 -0.35278
0.29 -0.218954
0.3 -0.118765
0.31 0.04662
0.32 0.26557
0.33 0.52361
0.34 0.882828
0.35 1.26535
0.36 1.44906
0.37 1.59294
0.38 1.52895
0.39 1.3374
0.4 1.2694
0.41 1.18232
0.42 0.523622
0.43 0.0301175
0.44 -0.0747654
0.45 0.0136189
0.46 0.226974
0.47 0.224297
0.48 0.0875275
0.49 0.0505243
0.5 -0.0219327
0.51 -0.343717
0.52 -0.808056
0.53 -1.51551
0.54 -1.67994
0.55 -1.4929
0.56 -0.911341
0.57 0.352201
0.58 1.54358
0.59 2.51476
0.6 3.34167
0.61 3.6238
0.62 3.62998
0.63 3.5483
0.64 2.63125
0.65 1.25068
0.66 0.0752115
0.67 -0.924202
0.68 -1.69538
0.69 -2.42636
0.7 -3.18237
0.71 -3.33704
0.72 -3.28269
0.73 -3.51405
0.74 -3.70345
0.75 -3.27157
0.76 -2.48231
0.77 -1.72952
0.78 -1.56805
0.79 -1.77671
0.8 -1.34419
0.81 -0.807292
0.82 -1.28163
0.83 -1.89632
0.84 -1.25311
0.85 0.399386
0.86 1.31799
0.87 1.78214
0.88 1.79452
0.89 1.3134
0.9 0.768208
0.91 1.10387
0.92 1.36906
0.93 1.69634
0.94 1.94385
0.95 1.74197
0.96 1.43198
0.97 0.400173
0.98 -2.2248
0.99 -4.33541
1 -4.90102
1.01 -4.6185
1.02 -3.62306
1.03 -2.50475
1.04 -1.34052
1.05 0.0707783
1.06 1.52921
1.07 2.0717
1.08 1.93238
1.09 2.39341
1.1 2.73334
1.11 2.42934
1.12 1.8507
1.13 0.994949
1.14 -0.087721
1.15 -1.58629
1.16 -4.48342
1.17 -7.57902
1.18 -8.83211
1.19 -8.58307
1.2 -7.73248
1.21 -6.45272
1.22 -5.06017
1.23 -3.33238
1.24 -1.10955
1.25 0.131377
1.26 0.761885
1.27 1.28759
1.28 1.53646
1.29 1.3066
1.3 0.95103
1.31 0.747241
1.32 0.573896
1.33 1.12756
1.34 1.5188
1.35 0.983938
1.36 0.773468
1.37 0.151659
1.38 0.562447
1.39 1.82263
1.4 2.34833
1.41 1.83607
1.42 0.546663
1.43 -0.436782
1.44 -0.551259
1.45 -0.099428
1.46 0.440112
1.47 0.547817
1.48 0.0968762
1.49 -0.646038
1.5 -1.68099
1.51 -2.78058
1.52 -3.48029
1.53 -3.43799
1.54 -3.52892
1.55 -2.97269
1.56 -2.23865
1.57 -1.74657
1.58 -0.994884
1.59 -0.388882
1.6 -1.44785
1.61 -1.90092
1.62 -1.33919
1.63 -0.0308558
1.64 2.97522
1.65 4.98088
1.66 5.43594
1.67 5.31793
1.68 4.70333
1.69 4.01136
1.7 4.0929
1.71 5.03106
1.72 5.682
1.73 4.56403
1.74 1.30765
1.75 -3.39249
1.76 -6.35581
1.77 -7.10553
1.78 -5.50569
1.79 -3.27841
1.8 -2.1726
1.81 -2.15467
1.82 -3.79854
1.83 -5.18519
1.84 -4.98008
1.85 -3.93861
1.86 -2.78742
1.87 -2.1648
1.88 -3.46896
1.89 -5.88606
1.9 -8.20936
1.91 -9.23069
1.92 -8.66712
1.93 -6.43091
1.94 -4.03572
1.95 -1.76569
1.96 -0.0211951
1.97 -0.246389
1.98 -1.68527
1.99 -3.30737
2 -6.08457
2.01 -7.45892
2.02 -6.15893
2.03 -4.12495
2.04 -1.13676
2.05 0.494118
2.06 0.771785
2.07 -1.15218
2.08 -4.14588
2.09 -5.69463
2.1 -6.64061
2.11 -7.26363
2.12 -7.33995
2.13 -7.34858
2.14 -7.94148
2.15 -9.15932
2.16 -7.1098
2.17 -3.27256
2.18 0.833081
2.19 6.04369
2.2 12.1889
2.21 17.5901
2.22 20.5245
2.23 22.1358
2.24 23.3042
2.25 23.744
2.26 24.1276
2.27 23.4587
2.28 21.0022
2.29 18.4347
2.3 16.4745
2.31 13.4955
2.32 10.2252
2.33 6.77918
2.34 4.72259
2.35 3.6013
2.36 4.42237
2.37 6.47059
2.38 9.81641
2.39 12.6477
2.4 14.4747
2.41 12.9141
2.42 6.76041
2.43 0.253846
2.44 -4.9701
2.45 -6.42808
2.46 -3.6209
2.47 1.21737
2.48 8.65524
2.49 14.5717
2.5 18.7186
2.51 22.3821
2.52 24.8138
2.53 25.646
2.54 25.3597
2.55 23.8844
2.56 21.3936
2.57 18.3124
2.58 15.6377
2.59 13.8217
2.6 11.4617
2.61 7.88016
2.62 3.79935
2.63 -0.888984
2.64 -6.18624
2.65 -10.6742
2.66 -13.2606
2.67 -17.6461
2.68 -23.6561
2.69 -27.3213
2.7 -28.04
2.71 -27.2225
2.72 -26.4369
2.73 -25.2669
2.74 -24.2813
2.75 -21.551
2.76 -20.8313
2.77 -21.7972
2.78 -24.409
2.79 -24.3196
2.8 -24.8133
2.81 -25.9874
2.82 -23.514
2.83 -21.4274
2.84 -19.0938
2.85 -14.5124
2.86 -9.53592
2.87 -3.77033
2.88 0.824332
2.89 0.110882
2.9 -4.77808
2.91 -10.9189
2.92 -18.5693
2.93 -25.8836
2.94 -27.1391
2.95 -23.5455
2.96 -19.2949
2.97 -14.9505
2.98 -7.83954
2.99 -2.10389
3 2.14622
3.01 4.51933
3.02 4.11875
3.03 0.0977699
3.04 -3.07839
3.05 -3.8797
3.06 2.54768
3.07 14.9044
3.08 28.8974
3.09 25.8404
3.1 21.7147
3.11 26.896
3.12 37.9966
3.13 53.3249
3.14 63.0671
3.15 68.7686
3.16 72.2349
3.17 56.8602
3.18 34.0504
3.19 7.47434
3.2 -20.0201
3.21 -44.5822
3.22 -63.3923
3.23 -71.9214
3.24 -74.3976
3.25 -68.8556
3.26 -52.5395
3.27 -38.3601
3.28 -25.7763
3.29 -16.7978
3.3 -9.14894
3.31 -3.01312
3.32 3.10815
3.33 11.484
3.34 23.1572
3.35 33.9688
3.36 40.7547
3.37 43.4349
3.38 41.6448
3.39 34.9925
3.4 24.4837
3.41 29.6731
3.42 28.3987
3.43 23.1128
3.44 14.7361
3.45 3.02453
3.46 -10.7491
3.47 -25.7085
3.48 -37.3248
3.49 -40.514
3.5 -32.5207
3.51 -16.3879
3.52 0.426339
3.53 -6.086
3.54 -9.53172
3.55 -8.31651
3.56 -6.97045
3.57 -3.9543
3.58 20.0085
3.59 45.7123
3.6 58.8389
3.61 59.1737
3.62 48.555
3.63 30.4914
3.64 10.2717
3.65 -6.96028
3.66 -17.2901
3.67 -20.5465
3.68 -17.9298
3.69 -11.5876
3.7 -7.85393
3.71 -7.42429
3.72 -6.37263
3.73 -5.58248
3.74 -3.54749
3.75 -1.61664
3.76 0.534174
3.77 5.49412
3.78 13.2371
3.79 20.0877
3.8 22.8766
3.81 20.724
3.82 14.7294
3.83 2.76638
3.84 -4.79961
3.85 -9.1658
3.86 -14.7997
3.87 -19.5288
3.88 -22.4869
3.89 -28.2608
3.9 -36.4613
3.91 -39.6824
3.92 -37.7501
3.93 -31.7355
3.94 -20.0013
3.95 -3.93748
3.96 10.619
3.97 19.4808
3.98 24.118
3.99 20.2014
4 13.2846
4.01 4.19342
4.02 -2.93118
4.03 -5.5569
4.04 -3.91644
4.05 -0.900468
4.06 0.658256
4.07 -0.322953
4.08 -0.680813
4.09 -1.52322
4.1 -3.29823
4.11 -3.9659
4.12 -2.19684
4.13 -1.0432
4.14 0.409039
4.15 4.51472
4.16 11.9014
4.17 20.1119
4.18 25.1471
4.19 26.4297
4.2 25.7653
4.21 23.3203
4.22 31.726
4.23 37.8041
4.24 37.8709
4.25 33.219
4.26 26.9173
4.27 -10.1132
4.28 -51.505
4.29 -76.3375
4.3 -81.5228
4.31 -68.1209
4.32 -46.7196
4.33 -24.3223
4.34 -7.67374
4.35 -1.65163
4.36 -4.73016
4.37 -11.595
4.38 -17.9893
4.39 -20.1083
4.4 -18.1036
4.41 -12.9908
4.42 -8.02072
4.43 -6.47764
4.44 -7.50168
4.45 -11.1638
4.46 -15.5897
4.47 -20.6036
4.48 -24.2151
4.49 -24.8715
4.5 -24.0421
4.51 -22.4548
4.52 -18.2302
4.53 -11.0192
4.54 -3.68014
4.55 2.25527
4.56 6.51706
4.57 9.21915
4.58 11.17
4.59 14.4606
4.6 19.0103
4.61 24.5938
4.62 31.8092
4.63 36.3703
4.64 40.5154
4.65 41.1422
4.66 40.641
4.67 35.1223
4.68 27.5519
4.69 21.3135
4.7 15.0487
4.71 8.15107
4.72 2.30894
4.73 -0.950539
4.74 -0.161313
4.75 3.4101
4.76 5.94562
4.77 7.54588
4.78 8.59753
4.79 7.52835
4.8 3.83735
4.81 -1.59769
4.82 -4.07042
4.83 -4.02201
4.84 -2.01937
4.85 1.92248
4.86 4.28073
4.87 4.98353
4.88 4.6866
4.89 3.63318
4.9 3.29052
4.91 2.44716
4.92 1.04813
4.93 1.22586
4.94 1.4837
4.95 0.494217
4.96 -1.69798
4.97 -5.6456
4.98 -9.97401
4.99 -12.7039
5 -14.3512
5.01 -15.4969
5.02 -14.2994
5.03 -15.3761
5.04 -18.2409
5.05 -18.2292
5.06 -16.9739
5.07 -14.93
5.08 -11.3628
5.09 -6.60271
5.1 -2.06547
5.11 2.53698
5.12 18.6997
5.13 34.3617
5.14 40.8563
5.15 37.7517
5.16 26.0879
5.17 11.1395
5.18 -2.25564
5.19 -10.3065
5.2 -11.8291
5.21 -8.546
5.22 -3.72311
5.23 -0.413136
5.24 1.28345
5.25 1.27366
5.26 -0.874796
5.27 -5.41468
5.28 -8.36146
5.29 -8.83759
5.3 -5.92196
5.31 -0.686044
5.32 4.08472
5.33 8.09294
5.34 12.3804
5.35 14.1683
5.36 13.4711
5.37 11.6035
5.38 8.4677
5.39 5.46895
5.4 3.62155
5.41 1.81021
5.42 0.494115
5.43 0.865896
5.44 0.811435
5.45 -1.68513
5.46 -4.24819
5.47 -6.50468
5.48 -9.08007
5.49 -10.6168
5.5 -9.53315
5.51 -7.12262
5.52 -2.10071
5.53 4.53465
5.54 11.0337
5.55 16.1402
5.56 17.0042
5.57 15.3919
5.58 12.6206
5.59 8.79208
5.6 4.77965
5.61 1.02793
5.62 -2.17015
5.63 -4.28581
5.64 -6.52325
5.65 -9.8618
5.66 -12.5649
5.67 -13.3017
5.68 -14.9158
5.69 -17.1252
5.7 -16.529
5.71 -13.8586
5.72 -10.2398
5.73 -6.32352
5.74 -3.44542
5.75 -1.85495
5.76 -0.658321
5.77 -1.11055
5.78 -3.2322
5.79 -5.58117
5.8 -7.38382
5.81 -9.52211
5.82 -11.4996
5.83 -12.6487
5.84 -13.2367
5.85 -13.3887
5.86 -13.2485
5.87 -12.6465
5.88 -11.0552
5.89 -9.60557
5.9 -8.68868
5.91 -8.17291
5.92 -6.47968
5.93 -3.7965
5.94 0.207758
5.95 3.51531
5.96 6.27517
5.97 8.17357
5.98 9.03112
5.99 8.93755
6 7.76107
6.01 6.61539
6.02 6.21231
6.03 5.57871
6.04 4.54755
6.05 2.89797
6.06 1.4688
6.07 0.839257
6.08 0.420364
6.09 0.313514
6.1 0.0651275
6.11 -0.253034
6.12 1.02818
6.13 2.20764
6.14 2.5617
6.15 2.94291
6.16 3.69467
6.17 3.834
6.18 3.36935
6.19 2.14484
6.2 0.0772309
6.21 -1.94777
6.22 -4.05095
6.23 -1.28136
6.24 3.2738
6.25 6.96691
6.26 10.3921
6.27 11.0545
6.28 11.208
6.29 11.1569
6.3 9.22628
6.31 -9.17065
6.32 -33.2654
6.33 -44.9799
6.34 -42.34
6.35 -29.1239
6.36 -11.753
6.37 4.59737
6.38 15.8116
6.39 18.8844
6.4 13.6461
6.41 3.71744
6.42 -6.21857
6.43 -11.4165
6.44 -11.1192
6.45 -6.78065
6.46 -0.110268
6.47 5.9062
6.48 10.1989
6.49 13.0498
6.5 15.9904
6.51 16.5558
6.52 14.8965
6.53 9.15782
6.54 5.84143
6.55 5.48346
6.56 7.79761
6.57 9.00148
6.58 10.6786
6.59 14.2059
6.6 17.1472
6.61 18.0809
6.62 17.5064
6.63 16.2645
6.64 16.1909
6.65 24.2609
6.66 34.2141
6.67 38.5013
6.68 36.8428
6.69 29.0208
6.7 17.4942
6.71 5.96873
6.72 -0.448632
6.73 -2.67404
6.74 -2.31828
6.75 -1.08181
6.76 -2.13937
6.77 -3.02721
6.78 -4.1782
6.79 -6.31358
6.8 -8.95411
6.81 -6.90164
6.82 -6.44512
6.83 -5.92209
6.84 -5.46746
6.85 -5.76162
6.86 -4.63283
6.87 -3.10226
6.88 -1.76946
6.89 -0.323181
6.9 1.52011
6.91 3.04369
6.92 4.51489
6.93 5.19432
6.94 4.32485
6.95 -24.6217
6.96 -37.3235
6.97 -40.6071
6.98 -35.8051
6.99 -26.4691
7 -16.8385
7.01 -9.78656
7.02 -6.30663
7.03 -8.58594
7.04 -13.3071
7.05 -16.9131
7.06 -17.9474
7.07 -15.7
7.08 -8.75975
7.09 -1.36803
7.1 3.91004
7.11 6.67686
7.12 7.20885
7.13 5.30582
7.14 2.0569
7.15 -2.27367
7.16 -5.86234
7.17 -6.1927
7.18 -3.82032
7.19 -0.175096
7.2 2.93275
7.21 1.73164
7.22 -3.8203
7.23 -9.73095
7.24 -14.4492
7.25 -17.4522
7.26 -18.3409
7.27 -16.9214
7.28 -14.3222
7.29 -9.0028
7.3 22.2643
7.31 36.2153
7.32 37.4249
7.33 27.928
7.34 12.5626
7.35 -4.83814
7.36 -18.6398
7.37 -25.3649
7.38 -23.2537
7.39 -15.0766
7.4 -5.92257
7.41 -0.341182
7.42 -0.157685
7.43 -1.88272
7.44 -2.94779
7.45 -1.75078
7.46 -0.740287
7.47 -0.295911
7.48 1.54667
7.49 3.43261
7.5 5.33029
7.51 8.17961
7.52 12.2453
7.53 15.1106
7.54 17.2481
7.55 17.59
7.56 16.205
7.57 0.828998
7.58 -16.2574
7.59 -24.3139
7.6 -22.7445
7.61 -13.7602
7.62 -0.716568
7.63 11.9279
7.64 18.8051
7.65 20.5861
7.66 19.2896
7.67 16.3024
7.68 15.6469
7.69 15.5867
7.7 15.8521
7.71 17.231
7.72 19.1219
7.73 19.1793
7.74 17.1439
7.75 14.6008
7.76 11.1261
7.77 6.4586
7.78 1.66064
7.79 -2.35234
7.8 -5.63866
7.81 -7.99341
7.82 -8.83434
7.83 -8.80464
7.84 -7.4879
7.85 -4.86761
7.86 -2.74243
7.87 -5.31873
7.88 -4.86975
7.89 -4.02536
7.9 -2.60659
7.91 -0.076858
7.92 2.91939
7.93 5.10301
7.94 3.42507
7.95 0.151355
7.96 -4.34546
7.97 -9.07816
7.98 -13.4153
7.99 -16.9292
8 -17.3748
8.01 -15.8057
8.02 -12.9865
8.03 -9.2306
8.04 -5.31624
8.05 -2.06117
8.06 0.117015
8.07 1.77518
8.08 3.1743
8.09 4.58197
8.1 6.14561
8.11 6.9996
8.12 7.45779
8.13 7.20695
8.14 6.13764
8.15 4.84285
8.16 3.52573
8.17 2.48538
8.18 1.45094
8.19 0.0953347
8.2 -0.860311
8.21 -1.17535
8.22 -1.2914
8.23 -1.18977
8.24 -0.518235
8.25 0.250553
8.26 0.681009
8.27 1.10193
8.28 1.53598
8.29 2.24011
8.3 2.91908
8.31 2.2554
8.32 0.659557
8.33 -0.0840695
8.34 -0.568992
8.35 -0.865893
8.36 -1.02041
8.37 -1.24489
8.38 -1.08997
8.39 0.765748
8.4 2.04947
8.41 2.11197
8.42 2.21972
8.43 0.82526
8.44 -1.46954
8.45 -3.08465
8.46 -3.97533
8.47 -3.87961
8.48 -2.12502
8.49 0.94479
8.5 3.634
8.51 5.44056
8.52 4.72593
8.53 1.64206
8.54 -1.99259
8.55 -5.48374
8.56 -8.97646
8.57 -11.2293
8.58 -12.082
8.59 -11.6199
8.6 -10.5027
8.61 -9.65109
8.62 -9.00374
8.63 -7.61686
8.64 -6.26606
8.65 -5.5103
8.66 -5.90241
8.67 -6.91139
8.68 -7.25945
8.69 -7.44877
8.7 -7.88111
8.71 -8.69814
8.72 -9.78712
8.73 -10.3011
8.74 -10.5696
8.75 -11.171
8.76 -11.6283
8.77 -10.7725
8.78 -9.19349
8.79 -7.554
8.8 -5.62054
8.81 -3.63211
8.82 -1.1083
8.83 1.14332
8.84 2.05675
8.85 2.5087
8.86 2.86059
8.87 2.82306
8.88 2.66485
8.89 2.62602
8.9 2.54853
8.91 2.17853
8.92 1.75323
8.93 0.965106
8.94 0.103308
8.95 -0.43842
8.96 -0.824898
8.97 -0.984699
8.98 -0.395374
8.99 0.562563
9 1.30298
9.01 1.87917
9.02 2.69764
9.03 3.43728
9.04 4.06489
9.05 4.84825
9.06 5.69397
9.07 6.45164
9.08 7.03829
9.09 7.19785
9.1 7.18161
9.11 7.26733
9.12 7.13948
9.13 6.68171
9.14 6.48721
9.15 5.83505
9.16 5.49427
9.17 5.6714
9.18 5.9523
9.19 6.33458
9.2 6.88749
9.21 7.52299
9.22 8.96424
9.23 10.4424
9.24 10.8473
9.25 11.0187
9.26 11.5865
9.27 12.1368
9.28 11.4986
9.29 10.2293
9.3 8.44269
9.31 6.71145
9.32 5.35419
9.33 3.99799
9.34 3.86048
9.35 5.15925
9.36 6.31884
9.37 6.69985
9.38 7.16767
9.39 7.63396
9.4 8.41956
9.41 9.37087
9.42 9.51384
9.43 9.54924
9.44 9.38561
9.45 9.10781
9.46 8.83382
9.47 8.55701
9.48 8.48713
9.49 7.5069
9.5 5.98707
9.51 3.5327
9.52 1.74957
9.53 0.719874
9.54 0.150752
9.55 -1.00331
9.56 -1.28867
9.57 -0.677306
9.58 -0.0191003
9.59 0.602803
9.6 0.445822
9.61 -0.127748
9.62 -0.427197
9.63 -0.721277
9.64 -1.14824
9.65 -1.23753
9.66 -0.265164
9.67 0.781515
9.68 1.43622
9.69 1.76221
9.7 2.3397
9.71 2.4187
9.72 1.9689
9.73 0.150483
9.74 -1.60339
9.75 -2.31006
9.76 -2.1363
9.77 -1.04848
9.78 -0.280953
9.79 0.00553304
9.8 -0.873895
9.81 -2.16221
9.82 -3.38443
9.83 -4.10755
9.84 -4.41968
9.85 -4.98222
9.86 -5.76563
9.87 -7.10187
9.88 -8.70565
9.89 -9.4732
9.9 -10.0842
9.91 -10.3655
9.92 -10.0063
9.93 -9.40644
9.94 -8.70568
9.95 -8.09333
9.96 -7.62039
9.97 -7.09027
9.98 -6.4073
9.99 -5.96139
10 -5.54377
10.01 -5.11283
10.02 -4.45461
10.03 -4.51648
10.04 -5.80038
10.05 -7.58106
10.06 -10.6101
10.07 -12.3108
10.08 -12.8869
10.09 -13.5986
10.1 -14.0904
10.11 -13.2929
10.12 -12.2956
10.13 -11.0541
10.14 -9.69556
10.15 -8.53687
10.16 -7.27191
10.17 -5.22174
10.18 -3.61804
10.19 -2.39214
10.2 -0.525445
10.21 1.00081
10.22 1.70534
10.23 1.89384
10.24 2.2517
10.25 -1.55362
10.26 -4.50067
10.27 -6.03637
10.28 -6.27312
10.29 -5.55908
10.3 -3.91675
10.31 -1.59856
10.32 0.649767
10.33 2.6886
10.34 4.49759
10.35 6.60497
10.36 9.43931
10.37 21.3103
10.38 27.0738
10.39 26.5832
10.4 20.3241
10.41 10.8948
10.42 0.795736
10.43 -6.54737
10.44 -9.41635
10.45 -9.37996
10.46 -9.02944
10.47 -8.30852
10.48 -7.42682
10.49 -7.20558
10.5 -3.78685
10.51 -3.25542
10.52 -4.21419
10.53 -5.50675
10.54 -7.04062
10.55 -8.4538
10.56 -9.11815
10.57 -9.36683
10.58 -7.32738
10.59 -4.6767
10.6 -2.31582
10.61 -0.940955
10.62 -0.800562
10.63 -1.65238
10.64 -2.7428
10.65 -3.90132
10.66 -4.70188
10.67 -4.59889
10.68 -3.49849
10.69 -1.36802
10.7 1.52911
10.71 4.1789
10.72 5.93785
10.73 6.92317
10.74 7.45063
10.75 7.6497
10.76 7.52024
10.77 7.34457
10.78 7.60798
10.79 8.23864
10.8 8.65159
10.81 8.38104
10.82 7.42793
10.83 6.0806
10.84 4.66221
10.85 3.28654
10.86 2.27222
10.87 2.20602
10.88 2.94716
10.89 3.98358
10.9 4.82133
10.91 5.60779
10.92 6.50397
10.93 7.11813
10.94 7.37062
10.95 7.24667
10.96 6.86593
10.97 8.88797
10.98 9.73783
10.99 9.51873
11 8.96952
11.01 7.4192
11.02 5.25247
11.03 2.50106
11.04 -0.541164
11.05 -3.53118
11.06 -6.30062
11.07 -8.75107
11.08 -10.8156
11.09 -11.0617
11.1 -9.54761
11.11 -7.01058
11.12 -4.23333
11.13 -1.70902
11.14 -0.0294955
11.15 0.808193
11.16 1.8879
11.17 1.89762
11.18 1.62769
11.19 1.29282
11.2 1.08426
11.21 1.07134
11.22 1.22433
11.23 1.47473
11.24 1.74338
11.25 1.87071
11.26 1.76568
11.27 1.23555
11.28 0.55746
11.29 -0.209218
11.3 -0.873395
11.31 -1.31418
11.32 -1.44569
11.33 -1.26051
11.34 -0.804711
11.35 -0.201483
11.36 0.350691
11.37 0.761661
11.38 0.990406
11.39 1.00456
11.4 0.81624
11.41 0.468451
11.42 0.00805696
11.43 -0.515559
11.44 -1.48812
11.45 -2.1906
11.46 -2.5255
11.47 -2.53474
11.48 -2.33696
11.49 -2.07469
11.5 -1.86487
11.51 -1.76193
11.52 -1.75407
11.53 -1.89094
11.54 -2.08592
11.55 -2.18598
11.56 -2.1037
11.57 -1.82921
11.58 -1.42199
11.59 -0.980645
11.6 -0.602815
11.61 -0.352059
11.62 -0.242789
11.63 -0.242586
11.64 -0.288552
11.65 -0.310854
11.66 -0.255073
11.67 -0.0964
11.68 0.157425
11.69 0.736683
11.7 1.18418
11.71 1.41381
11.72 1.4416
11.73 1.34116
