0.01 0.00518939
0.02 0.235
0.03 0.522339
0.04 0.784316
0.05 0.960326
0.06 1.02545
0.07 0.991449
0.08 0.895725
0.09 0.783239
0.1 0.692697
0.11 0.646549
0.12 0.645781
0.13 0.680793
0.14 0.721359
0.15 0.743215
0.16 0.731867
0.17 0.683542
0.18 0.611574
0.19 0.532014
0.2 0.499306
0.21 0.522151
0.22 0.567043
0.23 0.65318
0.24 0.849248
0.25 1.07307
0.26 1.34292
0.27 1.44959
0.28 1.26029
0.29 1.11561
0.3 0.983188
0.31 0.781685
0.32 0.556025
0.33 0.353555
0.34 0.110607
0.35 -0.191538
0.36 -0.479001
0.37 -0.998109
0.38 -1.56477
0.39 -2.14441
0.4 -2.84981
0.41 -3.43121
0.42 -3.19911
0.43 -2.75659
0.44 -2.31174
0.45 -1.77527
0.46 -1.30393
0.47 -0.802994
0.48 -0.481546
0.49 -0.595762
0.5 -0.96785
0.51 -1.27689
0.52 -1.47901
0.53 -1.20509
0.54 -0.931326
0.55 -0.357684
0.56 0.366985
0.57 0.737587
0.58 1.28189
0.59 1.97271
0.6 2.54618
0.61 3.19966
0.62 3.59126
0.63 3.6135
0.64 4.04283
0.65 4.45333
0.66 4.20366
0.67 3.47197
0.68 2.42689
0.69 1.51231
0.7 0.905114
0.71 -0.0810003
0.72 -1.17679
0.73 -1.99762
0.74 -2.90013
0.75 -4.2875
0.76 -5.60661
0.77 -6.31533
0.78 -5.82834
0.79 -4.36446
0.8 -3.06687
0.81 -1.65755
0.82 0.748576
0.83 3.09641
0.84 3.77461
0.85 2.7766
0.86 1.77153
0.87 0.66997
0.88 -0.260794
0.89 -0.723446
0.9 -1.01108
0.91 -2.15708
0.92 -3.40916
0.93 -4.9712
0.94 -6.59887
0.95 -7.70413
0.96 -8.42937
0.97 -8.11945
0.98 -5.80043
0.99 -3.34342
1 -1.69857
1.01 -0.264272
1.02 0.869964
1.03 1.98593
1.04 2.92685
1.05 3.34759
1.06 3.29629
1.07 3.64679
1.08 4.14983
1.09 3.43711
1.1 2.14685
1.11 0.855377
1.12 -0.646983
1.13 -2.14907
1.14 -3.47834
1.15 -4.29511
1.16 -3.41648
1.17 -1.69772
1.18 -0.940887
1.19 -0.723933
1.2 -0.176065
1.21 0.725999
1.22 1.89808
1.23 2.68908
1.24 2.44755
1.25 2.3186
1.26 1.92465
1.27 0.938774
1.28 -0.228889
1.29 -1.12528
1.3 -1.84738
1.31 -2.60454
1.32 -3.37868
1.33 -4.8799
1.34 -5.99999
1.35 -5.59986
1.36 -4.69818
1.37 -2.67112
1.38 -1.35937
1.39 -1.04312
1.4 -0.476779
1.41 0.438093
1.42 1.49524
1.43 1.92383
1.44 1.5472
1.45 0.99829
1.46 0.84138
1.47 1.4231
1.48 2.55928
1.49 3.65339
1.5 4.49502
1.51 4.85554
1.52 4.42814
1.53 3.00334
1.54 1.56992
1.55 -0.43762
1.56 -2.24062
1.57 -3.21718
1.58 -3.85465
1.59 -3.89933
1.6 -1.83383
1.61 0.2142
1.62 1.78616
1.63 2.87726
1.64 2.02304
1.65 1.40912
1.66 1.34195
1.67 0.800767
1.68 -0.126658
1.69 -1.45867
1.7 -3.52595
1.71 -6.08
1.72 -7.94853
1.73 -7.93378
1.74 -6.05808
1.75 -3.02906
1.76 -1.68253
1.77 -2.05787
1.78 -4.01801
1.79 -6.00619
1.8 -6.63434
1.81 -6.27467
1.82 -4.46039
1.83 -2.97686
1.84 -2.91878
1.85 -3.21229
1.86 -2.95284
1.87 -1.6663
1.88 1.49056
1.89 5.11998
1.9 7.80414
1.91 8.55455
1.92 7.69177
1.93 5.81568
1.94 4.90683
1.95 5.34806
1.96 6.96417
1.97 9.833
1.98 11.934
1.99 11.8441
2 11.0105
2.01 8.04953
2.02 3.07271
2.03 -0.857236
2.04 -3.79696
2.05 -4.10461
2.06 -2.85257
2.07 0.0298493
2.08 3.3469
2.09 4.85977
2.1 5.77572
2.11 6.80421
2.12 8.0201
2.13 9.91852
2.14 12.9529
2.15 17.1989
2.16 18.9738
2.17 20.096
2.18 22.0966
2.19 23.5182
2.2 23.3379
2.21 21.8441
2.22 20.3113
2.23 17.8367
2.24 14.1665
2.25 10.4068
2.26 6.73813
2.27 4.80874
2.28 5.6143
2.29 7.34595
2.3 8.2919
2.31 9.75475
2.32 12.0966
2.33 15.1207
2.34 17.4681
2.35 19.9604
2.36 22.2842
2.37 22.8946
2.38 21.0862
2.39 17.7393
2.4 12.6859
2.41 8.66696
2.42 7.61023
2.43 6.73334
2.44 6.09673
2.45 4.75119
2.46 2.8837
2.47 2.25898
2.48 0.799909
2.49 0.790669
2.5 1.21765
2.51 0.349413
2.52 -0.879712
2.53 -1.58968
2.54 -1.86682
2.55 -1.72561
2.56 -1.65056
2.57 -2.88536
2.58 -6.46608
2.59 -12.7733
2.6 -19.8568
2.61 -26.1332
2.62 -31.6253
2.63 -35.9159
2.64 -38.9913
2.65 -42.4615
2.66 -47.816
2.67 -51.2621
2.68 -51.6506
2.69 -52.7683
2.7 -52.7234
2.71 -50.3711
2.72 -45.2251
2.73 -39.3469
2.74 -34.6121
2.75 -30.7362
2.76 -28.8312
2.77 -27.6191
2.78 -26.1767
2.79 -28.89
2.8 -30.2524
2.81 -29.4446
2.82 -28.7491
2.83 -24.6778
2.84 -18.5123
2.85 -13.6951
2.86 -9.95721
2.87 -9.18154
2.88 -11.3268
2.89 -13.2592
2.9 -15.897
2.91 -20.2101
2.92 -24.0684
2.93 -26.3183
2.94 -30.1626
2.95 -33.3866
2.96 -31.9651
2.97 -26.5015
2.98 -20.5227
2.99 -14.6735
3 -9.93451
3.01 -5.647
3.02 1.10856
3.03 13.9942
3.04 31.3079
3.05 50.9982
3.06 66.5535
3.07 74.876
3.08 80.2171
3.09 84.0883
3.1 81.0494
3.11 72.0957
3.12 57.7812
3.13 38.088
3.14 21.9677
3.15 7.11692
3.16 -8.64701
3.17 -23.7217
3.18 -36.519
3.19 -44.7304
3.2 -45.5749
3.21 -40.0459
3.22 -28.584
3.23 -17.2596
3.24 -8.15097
3.25 -5.22592
3.26 -5.41605
3.27 -10.7185
3.28 -11.8944
3.29 -3.97562
3.3 7.60831
3.31 21.2481
3.32 31.6075
3.33 38.9223
3.34 40.3327
3.35 35.956
3.36 28.1949
3.37 17.5437
3.38 5.50952
3.39 -3.57734
3.4 -7.10938
3.41 -4.51904
3.42 -0.136829
3.43 3.25179
3.44 4.58397
3.45 5.12484
3.46 5.59141
3.47 7.57254
3.48 13.3996
3.49 15.5695
3.5 17.6962
3.51 16.2953
3.52 15.4046
3.53 12.6313
3.54 10.7514
3.55 7.53418
3.56 8.23559
3.57 11.1158
3.58 16.2826
3.59 23.5089
3.6 30.2254
3.61 30.1276
3.62 28.3592
3.63 21.8354
3.64 13.3242
3.65 4.47063
3.66 -3.20271
3.67 -8.97396
3.68 -13.5616
3.69 -18.2045
3.7 -19.201
3.71 -16.4564
3.72 -13.1991
3.73 -9.12204
3.74 -4.24516
3.75 3.85265
3.76 13.3133
3.77 19.0521
3.78 18.8128
3.79 13.7225
3.8 8.30344
3.81 2.81908
3.82 -3.08888
3.83 -4.57149
3.84 -4.52623
3.85 -3.28867
3.86 0.00730365
3.87 3.16893
3.88 5.48495
3.89 10.2795
3.9 17.242
3.91 23.6697
3.92 29.5794
3.93 35.0069
3.94 37.2508
3.95 33.8096
3.96 27.0898
3.97 19.999
3.98 13.48
3.99 10.8809
4 9.22206
4.01 7.0853
4.02 5.22062
4.03 1.24357
4.04 -4.51698
4.05 -9.62821
4.06 -12.4535
4.07 -12.4734
4.08 -12.8503
4.09 -12.4141
4.1 -10.3507
4.11 -8.06007
4.12 -6.51944
4.13 -4.7884
4.14 -1.11082
4.15 1.65847
4.16 1.78838
4.17 0.154132
4.18 -0.677244
4.19 -0.86685
4.2 -1.96055
4.21 -3.16269
4.22 -4.0616
4.23 -4.16295
4.24 -0.734967
4.25 3.89851
4.26 6.27078
4.27 7.61423
4.28 5.72148
4.29 2.08188
4.3 -2.15633
4.31 -5.45312
4.32 -8.19975
4.33 -10.9028
4.34 -12.4704
4.35 -11.6796
4.36 -9.83271
4.37 -8.86727
4.38 -8.80634
4.39 -12.0995
4.4 -13.1538
4.41 -13.358
4.42 -12.5505
4.43 -9.75087
4.44 -8.38267
4.45 -8.82059
4.46 -12.0241
4.47 -16.3688
4.48 -21.4758
4.49 -26.6782
4.5 -28.8672
4.51 -26.7549
4.52 -23.0105
4.53 -19.7592
4.54 -16.1921
4.55 -12.4561
4.56 -8.96463
4.57 -5.71643
4.58 -2.53669
4.59 -0.415692
4.6 1.18082
4.61 2.0306
4.62 3.15194
4.63 2.79258
4.64 1.689
4.65 -1.6795
4.66 -6.49784
4.67 -9.87929
4.68 -11.3135
4.69 -13.1434
4.7 -13.2822
4.71 -8.33171
4.72 -12.721
4.73 -12.2858
4.74 -10.3729
4.75 -7.17994
4.76 0.122511
4.77 8.41633
4.78 12.0547
4.79 9.77661
4.8 4.26422
4.81 -2.55935
4.82 -10.5787
4.83 -16.0916
4.84 -17.2123
4.85 -14.3644
4.86 -6.97955
4.87 2.26043
4.88 8.66015
4.89 13.5755
4.9 16.114
4.91 17.1429
4.92 16.3791
4.93 12.4729
4.94 6.95182
4.95 14.4526
4.96 23.6786
4.97 -0.995966
4.98 -19.137
4.99 -33.5238
5 -40.2877
5.01 -38.188
5.02 -30.4576
5.03 -19.7728
5.04 -8.91664
5.05 -1.47198
5.06 2.91193
5.07 4.84372
5.08 4.36918
5.09 2.79945
5.1 2.35909
5.11 3.01257
5.12 4.23896
5.13 5.94088
5.14 6.35791
5.15 4.75685
5.16 2.36607
5.17 1.28448
5.18 -1.69477
5.19 -5.27448
5.2 -8.09974
5.21 -9.07433
5.22 -5.57507
5.23 -0.302679
5.24 4.67141
5.25 8.04273
5.26 10.0858
5.27 12.2049
5.28 12.0712
5.29 9.57886
5.3 6.17329
5.31 3.22675
5.32 3.15726
5.33 5.24176
5.34 7.0613
5.35 9.60724
5.36 11.9511
5.37 12.5378
5.38 11.7525
5.39 8.81111
5.4 3.59257
5.41 -2.01313
5.42 -8.26312
5.43 -14.0565
5.44 -17.1318
5.45 -16.1598
5.46 -14.0289
5.47 -10.6517
5.48 -4.81647
5.49 1.70499
5.5 11.6571
5.51 19.5795
5.52 24.2455
5.53 24.3098
5.54 12.0606
5.55 -4.42365
5.56 -14.7421
5.57 -19.4662
5.58 -19.5538
5.59 -17.2759
5.6 -13.4365
5.61 -9.37291
5.62 -6.5951
5.63 -6.19093
5.64 -7.26227
5.65 -8.47265
5.66 -10.6439
5.67 -14.0071
5.68 -15.1918
5.69 -12.7277
5.7 -9.81312
5.71 -6.33063
5.72 -2.21981
5.73 1.81737
5.74 5.83613
5.75 9.35015
5.76 11.1629
5.77 12.646
5.78 14.3238
5.79 15.2822
5.8 15.5161
5.81 16.349
5.82 17.3398
5.83 17.8354
5.84 17.9688
5.85 17.6821
5.86 17.0541
5.87 15.9124
5.88 14.7381
5.89 13.5585
5.9 12.5911
5.91 11.8287
5.92 9.9106
5.93 7.26892
5.94 1.70261
5.95 -2.47042
5.96 -4.06684
5.97 -3.42297
5.98 -1.74095
5.99 0.964838
6 4.34314
6.01 6.89379
6.02 8.31635
6.03 9.36381
6.04 10.1782
6.05 11.0817
6.06 11.5237
6.07 11.2608
6.08 11.1649
6.09 11.237
6.1 12.3816
6.11 13.6727
6.12 13.1276
6.13 11.3498
6.14 9.66055
6.15 7.45879
6.16 4.61563
6.17 2.13623
6.18 0.0104483
6.19 -1.57281
6.2 -2.36088
6.21 -2.94115
6.22 -2.56036
6.23 -3.06141
6.24 -4.61814
6.25 -7.40272
6.26 -9.763
6.27 -10.8007
6.28 -11.9361
6.29 -13.432
6.3 -12.7695
6.31 -10.6755
6.32 -8.27776
6.33 -6.0742
6.34 -5.01016
6.35 -4.18781
6.36 -2.84189
6.37 -1.88408
6.38 -1.91503
6.39 -1.93391
6.4 -2.22216
6.41 -1.2607
6.42 0.726144
6.43 2.46992
6.44 4.40325
6.45 6.91969
6.46 9.21198
6.47 11.4517
6.48 12.5075
6.49 11.0249
6.5 7.01966
6.51 2.57543
6.52 -1.11261
6.53 -4.15681
6.54 -5.94552
6.55 -7.53153
6.56 -9.06831
6.57 -7.32392
6.58 -4.14402
6.59 -2.26974
6.6 -0.323822
6.61 3.84226
6.62 7.14616
6.63 9.20085
6.64 9.26976
6.65 8.62128
6.66 8.8025
6.67 9.04968
6.68 9.02349
6.69 9.60108
6.7 10.3227
6.71 10.3503
6.72 8.14858
6.73 5.08365
6.74 2.63028
6.75 1.18898
6.76 0.989555
6.77 0.614249
6.78 -0.181099
6.79 -0.73875
6.8 -2.55891
6.81 -4.64418
6.82 -6.19162
6.83 -7.76715
6.84 -8.8681
6.85 2.95461
6.86 12.3845
6.87 7.60534
6.88 -9.13555
6.89 -23.1603
6.9 -30.6722
6.91 -32.6548
6.92 -29.9745
6.93 -24.091
6.94 -16.8344
6.95 -12.0857
6.96 -10.1647
6.97 -10.4366
6.98 -12.1941
6.99 -14.8293
7 -16.6368
7.01 -16.5916
7.02 -15.0517
7.03 -11.4924
7.04 -6.8141
7.05 -2.63417
7.06 1.34531
7.07 4.98523
7.08 6.34015
7.09 7.08184
7.1 9.07662
7.11 8.93627
7.12 6.77149
7.13 3.8219
7.14 0.390095
7.15 -1.21263
7.16 -1.06526
7.17 -0.801946
7.18 0.0706016
7.19 3.6967
7.2 8.34594
7.21 11.6781
7.22 13.6783
7.23 15.9417
7.24 16.9006
7.25 16.8124
7.26 15.9288
7.27 14.8086
7.28 15.0674
7.29 15.5705
7.3 14.4171
7.31 13.0621
7.32 11.3832
7.33 7.74533
7.34 0.461695
7.35 -5.27232
7.36 -9.71284
7.37 -12.34
7.38 -9.49506
7.39 -5.11938
7.4 -1.09813
7.41 2.76476
7.42 -15.9003
7.43 -28.5573
7.44 -35.3956
7.45 -34.9216
7.46 -28.1434
7.47 -17.8323
7.48 -7.90947
7.49 -0.176857
7.5 4.46166
7.51 4.43783
7.52 0.205708
7.53 -4.53492
7.54 -8.90122
7.55 -10.8192
7.56 -10.0835
7.57 -7.74061
7.58 -3.5217
7.59 1.27749
7.6 5.05403
7.61 6.07161
7.62 6.16366
7.63 10.5514
7.64 11.9892
7.65 11.1644
7.66 10.1337
7.67 6.57617
7.68 0.307781
7.69 -4.11554
7.7 -5.76549
7.71 -5.67272
7.72 -4.48481
7.73 -1.39455
7.74 2.63731
7.75 5.46288
7.76 7.30307
7.77 8.87854
7.78 9.70247
7.79 9.53211
7.8 9.06447
7.81 8.65881
7.82 8.07448
7.83 7.96123
7.84 7.73912
7.85 7.21217
7.86 5.47681
7.87 6.03322
7.88 6.64037
7.89 8.52557
7.9 16.2451
7.91 25.9255
7.92 33.3442
7.93 17.1307
7.94 -0.330368
7.95 -14.9971
7.96 -24.5628
7.97 -28.1582
7.98 -26.4211
7.99 -20.9474
8 -15.6736
8.01 -11.7694
8.02 -9.68359
8.03 -10.0477
8.04 -11.6437
8.05 -13.1535
8.06 -13.3025
8.07 -11.9841
8.08 -9.38537
8.09 -6.15882
8.1 -3.23589
8.11 -0.602238
8.12 0.936532
8.13 3.13712
8.14 4.8279
8.15 3.85166
8.16 2.65135
8.17 3.39421
8.18 4.11082
8.19 4.52821
8.2 5.17155
8.21 3.95445
8.22 0.819344
8.23 -2.26583
8.24 -4.37865
8.25 -4.66199
8.26 -2.88927
8.27 -0.0511802
8.28 3.3194
8.29 6.26926
8.3 8.12445
8.31 9.57568
8.32 10.1608
8.33 8.50835
8.34 5.9326
8.35 3.36785
8.36 1.62769
8.37 0.317647
8.38 0.477206
8.39 1.22588
8.4 3.86095
8.41 7.65382
8.42 10.2504
8.43 10.8914
8.44 10.2553
8.45 16.6385
8.46 21.263
8.47 24.0408
8.48 1.83853
8.49 -16.4001
8.5 -28.1792
8.51 -32.0796
8.52 -26.7271
8.53 -17.2739
8.54 -7.52445
8.55 0.456119
8.56 5.85349
8.57 7.11992
8.58 5.20834
8.59 1.64538
8.6 -1.58268
8.61 -2.86652
8.62 -2.30577
8.63 -1.30217
8.64 0.233215
8.65 2.0973
8.66 4.10971
8.67 6.363
8.68 6.7896
8.69 6.06774
8.7 4.94978
8.71 3.9785
8.72 3.41861
8.73 2.87929
8.74 2.27533
8.75 2.45477
8.76 2.83688
8.77 2.6966
8.78 2.27836
8.79 2.19901
8.8 2.15405
8.81 2.34004
8.82 2.18925
8.83 2.29217
8.84 3.61011
8.85 5.03573
8.86 5.9467
8.87 6.39282
8.88 5.52742
8.89 3.45505
8.9 0.707666
8.91 -1.98619
8.92 -4.46257
8.93 -6.05056
8.94 -6.76608
8.95 -6.94732
8.96 -6.57974
8.97 -5.97544
8.98 -5.87781
8.99 -6.05409
9 -6.00413
9.01 -5.7918
9.02 -5.78532
9.03 -5.6142
9.04 -5.25305
9.05 -4.98318
9.06 -4.70119
9.07 -4.27425
9.08 -3.97719
9.09 -3.22051
9.1 -2.49211
9.11 -2.17752
9.12 -2.08563
9.13 -1.90775
9.14 -1.7002
9.15 -1.00084
9.16 -0.359939
9.17 0.131395
9.18 0.910561
9.19 2.0773
9.2 3.53237
9.21 5.22137
9.22 6.12912
9.23 6.59773
9.24 7.74219
9.25 8.11123
9.26 6.92729
9.27 5.48285
9.28 3.91235
9.29 2.19833
9.3 0.813315
9.31 0.058485
9.32 -0.237416
9.33 0.23573
9.34 0.0621177
9.35 -1.19327
9.36 -2.1276
9.37 -2.1861
9.38 -2.27516
9.39 -2.27319
9.4 -3.31625
9.41 -3.80975
9.42 -3.11216
9.43 -2.24022
9.44 -1.39213
9.45 -0.827595
9.46 -0.73346
9.47 -1.09534
9.48 -2.11758
9.49 -2.67215
9.5 -3.0394
9.51 -3.40605
9.52 -3.72931
9.53 -4.18583
9.54 -4.50839
9.55 -3.69117
9.56 -3.10536
9.57 -2.75005
9.58 -1.85858
9.59 -0.543427
9.6 1.57924
9.61 3.79377
9.62 5.35256
9.63 6.52944
9.64 7.52128
9.65 7.91556
9.66 6.9149
9.67 5.41437
9.68 3.95965
9.69 2.73253
9.7 1.49755
9.71 0.382574
9.72 -0.55284
9.73 -0.112722
9.74 0.739788
9.75 1.32129
9.76 1.79837
9.77 1.87269
9.78 2.30022
9.79 2.74795
9.8 2.60854
9.81 2.22288
9.82 2.02631
9.83 1.74893
9.84 1.6241
9.85 1.46521
9.86 0.799941
9.87 0.358737
9.88 5.30257
9.89 8.37652
9.9 10.9747
9.91 12.2903
9.92 0.425175
9.93 -11.0275
9.94 -18.274
9.95 -20.5241
9.96 -17.8054
9.97 -13.0798
9.98 -8.08094
9.99 -3.37778
10 -0.244629
10.01 0.694836
10.02 -1.66305
10.03 -5.06759
10.04 -8.15123
10.05 -10.6908
10.06 -11.0198
10.07 -11.0549
10.08 -10.4543
10.09 -8.21642
10.1 -5.09675
10.11 -2.59453
10.12 -0.122296
10.13 2.22609
10.14 4.21801
10.15 5.96171
10.16 7.24752
10.17 7.40759
10.18 7.62469
10.19 7.8467
10.2 7.75269
10.21 7.57554
10.22 7.36034
10.23 7.04236
10.24 6.40322
10.25 6.01577
10.26 5.97672
10.27 6.0368
10.28 6.2886
10.29 6.73376
10.3 6.86579
10.31 6.74213
10.32 6.28517
10.33 5.11088
10.34 3.39225
10.35 1.04272
10.36 -0.5884
10.37 -1.41566
10.38 -2.09481
10.39 -2.82874
10.4 -3.40881
10.41 -4.01
10.42 -3.61314
10.43 -3.14197
10.44 -3.42046
10.45 -3.44976
10.46 -2.79147
10.47 -2.44577
10.48 -2.13962
10.49 -1.51844
10.5 -1.1702
10.51 -0.387919
10.52 0.736764
10.53 1.43759
10.54 5.62058
10.55 7.69248
10.56 8.8771
10.57 9.5948
10.58 8.4849
10.59 6.51015
10.6 -0.964434
10.61 -8.84484
10.62 -12.4826
10.63 -12.0128
10.64 -9.47106
10.65 -5.55205
10.66 -1.39907
10.67 1.61331
10.68 2.71266
10.69 1.78828
10.7 -0.266004
10.71 -2.25195
10.72 -3.51909
10.73 -3.89768
10.74 -3.5301
10.75 -1.86786
10.76 -0.57953
10.77 0.914593
10.78 1.70301
10.79 1.62791
10.8 1.41008
10.81 2.88788
10.82 2.88427
10.83 1.81637
10.84 0.0287056
10.85 -1.77067
10.86 -3.19116
10.87 -4.36801
10.88 -5.04101
10.89 -4.89998
10.9 -4.11508
10.91 -3.15306
10.92 -2.11944
10.93 -0.903725
10.94 0.337624
10.95 1.39361
10.96 2.00334
10.97 2.22616
10.98 2.32591
10.99 2.1793
11 1.72202
11.01 1.11039
11.02 0.247119
11.03 -0.445262
11.04 -1.10391
11.05 -1.67083
11.06 -1.76302
11.07 -1.47249
11.08 -1.02583
11.09 -0.447415
11.1 0.0208784
11.11 0.203631
11.12 0.0917389
11.13 -0.343916
11.14 -0.693783
11.15 -0.84935
11.16 -0.682528
11.17 -0.236326
11.18 0.19173
11.19 0.540696
11.2 0.75349
11.21 0.841826
11.22 0.771632
11.23 0.620122
11.24 0.428469
11.25 0.311833
11.26 0.327485
11.27 0.45757
11.28 0.619591
11.29 0.818921
11.3 0.994818
11.31 1.12778
11.32 1.18522
11.33 1.16408
11.34 1.06576
11.35 0.931159
11.36 1.04362
11.37 1.15402
11.38 1.12394
11.39 0.985172
11.4 0.795646
11.41 0.616348
11.42 0.502449
11.43 0.478989
11.44 0.54062
11.45 0.720775
11.46 0.899548
11.47 1.01959
11.48 1.03703
11.49 0.944764
11.5 0.77031
11.51 0.555594
11.52 0.340298
11.53 0.149144
11.54 -0.0149243
11.55 -0.164003
11.56 -0.317655
11.57 -0.490574
11.58 -0.685737
11.59 -0.892014
11.6 -1.08685
11.61 -1.24371
11.62 -1.34113
11.63 -1.36934
11.64 -1.3328
11.65 -1.2482
11.66 -1.13892
11.67 -1.02727
11.68 -0.930869
11.69 -0.771453
11.7 -0.712982
11.71 -0.663473
11.72 -0.609991
11.73 -0.541095
