0.005 0.000405865
0.01 0.00122584
0.015 0.00208727
0.02 0.00306181
0.025 0.0042682
0.03 0.0058785
0.035 0.00811891
0.04 0.0112641
0.045 0.0156241
0.05 0.0215254
0.055 0.0292875
0.06 0.039198
0.065 0.051487
0.07 0.0663026
0.075 0.0836922
0.08 0.103589
0.085 0.125809
0.09 0.150055
0.095 0.175928
0.1 0.202948
0.105 0.230577
0.11 0.25825
0.115 0.28541
0.12 0.31154
0.125 0.336192
0.13 0.359012
0.135 0.379752
0.14 0.398276
0.145 0.414555
0.15 0.428663
0.155 0.440767
0.16 0.451119
0.165 0.46004
0.17 0.467909
0.175 0.475154
0.18 0.482221
0.185 0.489524
0.19 0.497401
0.195 0.506076
0.2 0.515618
0.205 0.525946
0.21 0.536838
0.215 0.547959
0.22 0.558879
0.225 0.569115
0.23 0.577976
0.235 0.585261
0.24 0.590532
0.245 0.593558
0.25 0.585069
0.255 0.576978
0.26 0.566334
0.265 0.554102
0.27 0.541315
0.275 0.529028
0.28 0.518211
0.285 0.509651
0.29 0.503883
0.295 0.501144
0.3 0.501366
0.305 0.50418
0.31 0.508859
0.315 0.514389
0.32 0.519626
0.325 0.523363
0.33 0.524449
0.335 0.521896
0.34 0.514961
0.345 0.503183
0.35 0.486516
0.355 0.46524
0.36 0.440011
0.365 0.411859
0.37 0.382069
0.375 0.351995
0.38 0.32293
0.385 0.29599
0.39 0.272061
0.395 0.251681
0.4 0.235366
0.405 0.223301
0.41 0.215572
0.415 0.212176
0.42 0.213063
0.425 0.218162
0.43 0.227351
0.435 0.240396
0.44 0.257024
0.445 0.276987
0.45 0.300011
0.455 0.319051
0.46 0.340619
0.465 0.362695
0.47 0.385457
0.475 0.409158
0.48 0.434075
0.485 0.460303
0.49 0.488466
0.495 0.518929
0.5 0.552106
0.505 0.588206
0.51 0.627138
0.515 0.668534
0.52 0.711736
0.525 0.755792
0.53 0.799521
0.535 0.841553
0.54 0.880383
0.545 0.914396
0.55 0.942065
0.555 0.962179
0.56 0.973935
0.565 0.977054
0.57 0.971831
0.575 0.959131
0.58 0.940329
0.585 0.917167
0.59 0.891523
0.595 0.847435
0.6 0.804894
0.605 0.765206
0.61 0.733073
0.615 0.713403
0.62 0.709888
0.625 0.725171
0.63 0.760558
0.635 0.815945
0.64 0.889869
0.645 0.957088
0.65 1.0378
0.655 1.12246
0.66 1.20813
0.665 1.29185
0.67 1.37079
0.675 1.4424
0.68 1.50464
0.685 1.55621
0.69 1.59626
0.695 1.62624
0.7 1.64749
0.705 1.66218
0.71 1.6728
0.715 1.68197
0.72 1.69221
0.725 1.70593
0.73 1.72522
0.735 1.75175
0.74 1.78676
0.745 1.83109
0.75 1.88517
0.755 1.94903
0.76 2.02222
0.765 2.10366
0.77 2.19157
0.775 2.28341
0.78 2.37592
0.785 2.46528
0.79 2.54727
0.795 2.6174
0.8 2.67106
0.805 2.70368
0.81 2.7111
0.815 2.69005
0.82 2.61495
0.825 2.47956
0.83 2.29665
0.835 2.07637
0.84 1.83208
0.845 1.5788
0.85 1.33233
0.855 1.10793
0.86 0.918883
0.865 0.775375
0.87 0.683535
0.875 0.644677
0.88 0.655029
0.885 0.705728
0.89 0.783382
0.895 0.871061
0.9 0.949606
0.905 0.998995
0.91 0.999811
0.915 0.934887
0.92 0.790943
0.925 0.559991
0.93 0.240089
0.935 -0.164441
0.94 -0.643162
0.945 -1.18003
0.95 -1.75426
0.955 -2.34156
0.96 -2.91567
0.965 -3.44995
0.97 -3.91903
0.975 -4.30042
0.98 -4.57595
0.985 -4.73284
0.99 -4.76439
0.995 -4.67029
1 -4.45643
1.005 -4.13413
1.01 -3.71464
1.015 -3.21173
1.02 -2.65043
1.025 -2.05364
1.03 -1.44391
1.035 -0.842213
1.04 -0.266763
1.045 0.268825
1.05 0.753662
1.055 1.18245
1.06 1.55427
1.065 1.87228
1.07 2.14307
1.075 2.37574
1.08 2.58094
1.085 2.76975
1.09 2.95276
1.095 3.13922
1.1 3.3365
1.105 3.54966
1.11 3.78132
1.115 4.03178
1.12 4.29947
1.125 4.58151
1.13 4.87438
1.135 5.17429
1.14 5.47711
1.145 5.77852
1.15 6.07422
1.155 6.35965
1.16 6.62963
1.165 6.87797
1.17 7.09786
1.175 7.28039
1.18 7.41634
1.185 7.50006
1.19 7.52286
1.195 7.47451
1.2 7.34725
1.205 7.13545
1.21 6.83631
1.215 6.45039
1.22 5.98202
1.225 5.43946
1.23 4.83459
1.235 4.18203
1.24 3.49793
1.245 2.79871
1.25 2.09974
1.255 1.41422
1.26 0.75204
1.265 0.118822
1.27 -0.484464
1.275 -1.06162
1.28 -1.62081
1.285 -2.17366
1.29 -2.73376
1.295 -3.31497
1.3 -3.92985
1.305 -4.58795
1.31 -5.29409
1.315 -6.04704
1.32 -6.83892
1.325 -7.65507
1.33 -8.47436
1.335 -9.27026
1.34 -10.0121
1.345 -10.6668
1.35 -11.2013
1.355 -11.5848
1.36 -11.7914
1.365 -11.8025
1.37 -11.6082
1.375 -11.2085
1.38 -10.6135
1.385 -9.82018
1.39 -8.87803
1.395 -7.82047
1.4 -6.69063
1.405 -5.53249
1.41 -4.39045
1.415 -3.30404
1.42 -2.30666
1.425 -1.42355
1.43 -0.670544
1.435 -0.0535689
1.44 0.431121
1.445 0.79632
1.45 1.06262
1.455 1.25665
1.46 1.40898
1.465 1.55184
1.47 1.71686
1.475 1.93301
1.48 2.22473
1.485 2.61022
1.49 3.10004
1.495 3.69646
1.5 4.39319
1.505 5.17577
1.51 6.0225
1.515 6.90583
1.52 7.79379
1.525 8.65176
1.53 9.44491
1.535 10.1387
1.54 10.7023
1.545 11.1099
1.55 11.342
1.555 11.3863
1.56 11.2491
1.565 10.9231
1.57 10.4191
1.575 9.75186
1.58 8.94132
1.585 8.01165
1.59 6.99001
1.595 5.9051
1.6 4.78571
1.605 3.65969
1.61 2.55287
1.615 1.48804
1.62 0.484297
1.625 -0.443459
1.63 -1.28507
1.635 -2.03531
1.64 -2.69362
1.645 -3.26359
1.65 -3.75253
1.655 -4.17084
1.66 -4.53142
1.665 -4.84895
1.67 -5.13919
1.675 -5.4182
1.68 -5.70154
1.685 -6.00336
1.69 -6.33548
1.695 -6.70627
1.7 -7.11996
1.705 -7.57625
1.71 -8.07012
1.715 -8.59195
1.72 -9.12823
1.725 -9.66239
1.73 -10.1757
1.735 -10.6483
1.74 -11.0601
1.745 -11.3936
1.75 -11.6332
1.755 -11.7669
1.76 -11.7871
1.765 -11.6874
1.77 -11.473
1.775 -11.1505
1.78 -10.7312
1.785 -10.2295
1.79 -9.66192
1.795 -9.04541
1.8 -8.39605
1.805 -7.72744
1.81 -7.04972
1.815 -6.36871
1.82 -5.68544
1.825 -4.99586
1.83 -4.2915
1.835 -3.56065
1.84 -2.78989
1.845 -1.96596
1.85 -1.07765
1.855 -0.117555
1.86 0.916333
1.865 2.01955
1.87 3.18063
1.875 4.38113
1.88 5.59647
1.885 6.79732
1.89 7.95151
1.895 9.0264
1.9 9.99154
1.905 10.8211
1.91 11.4959
1.915 12.0054
1.92 12.3486
1.925 12.5344
1.93 12.5811
1.935 12.5148
1.94 12.3678
1.945 12.1754
1.95 11.9741
1.955 11.7983
1.96 11.6776
1.965 11.6341
1.97 11.6806
1.975 11.8209
1.98 12.0448
1.985 12.3338
1.99 12.6608
1.995 12.9914
2 13.287
2.005 13.508
2.01 13.6165
2.015 13.5791
2.02 13.3694
2.025 12.9696
2.03 12.3719
2.035 11.5781
2.04 10.6003
2.045 9.45852
2.05 8.18002
2.055 6.79652
2.06 5.34226
2.065 3.85171
2.07 2.35752
2.075 0.88876
2.08 -0.530493
2.085 -1.88229
2.09 -3.15541
2.095 -4.34529
2.1 -5.45339
2.105 -6.48625
2.11 -7.45427
2.115 -8.37037
2.12 -9.24844
2.125 -10.1021
2.13 -10.9436
2.135 -11.783
2.14 -12.6276
2.145 -13.4814
2.15 -14.3447
2.155 -15.2142
2.16 -16.0826
2.165 -16.9392
2.17 -17.7701
2.175 -18.5585
2.18 -19.2855
2.185 -19.9307
2.19 -20.4733
2.195 -20.8927
2.2 -21.1701
2.205 -21.2891
2.21 -21.2368
2.215 -21.0044
2.22 -20.5863
2.225 -19.9821
2.23 -19.1978
2.235 -18.243
2.24 -17.1329
2.245 -15.8868
2.25 -14.5279
2.255 -13.0833
2.26 -11.5819
2.265 -10.0536
2.27 -8.52719
2.275 -7.02905
2.28 -5.582
2.285 -4.20382
2.29 -2.90631
2.295 -1.69465
2.3 -0.567315
2.305 0.483395
2.31 1.47048
2.315 2.41094
2.32 3.32406
2.325 4.22981
2.33 5.1476
2.335 6.09513
2.34 7.08729
2.345 8.13518
2.35 9.24528
2.355 10.4191
2.36 11.6535
2.365 12.9399
2.37 14.2654
2.375 15.612
2.38 16.9577
2.385 18.2769
2.39 19.5407
2.395 20.7179
2.4 21.7753
2.405 22.6737
2.41 23.375
2.415 23.8497
2.42 24.0749
2.425 24.0333
2.43 23.7143
2.435 23.1163
2.44 22.2461
2.445 21.1197
2.45 19.7629
2.455 18.2094
2.46 16.5005
2.465 14.6829
2.47 12.8064
2.475 10.9219
2.48 9.07871
2.485 7.32184
2.49 5.68982
2.495 4.2127
2.5 2.91051
2.505 1.7922
2.51 0.855368
2.515 0.0868469
2.52 -0.53586
2.525 -1.04265
2.53 -1.4684
2.535 -1.8504
2.54 -2.22544
2.545 -2.62706
2.55 -3.08306
2.555 -3.61334
2.56 -4.2286
2.565 -4.92993
2.57 -5.70921
2.575 -6.55025
2.58 -7.43065
2.585 -8.32399
2.59 -9.20234
2.595 -10.0389
2.6 -10.8099
2.605 -11.4969
2.61 -12.0879
2.615 -12.5777
2.62 -12.9678
2.625 -13.2657
2.63 -13.4823
2.635 -13.6325
2.64 -13.73
2.645 -13.7871
2.65 -13.8128
2.655 -13.8118
2.66 -13.7841
2.665 -13.7246
2.67 -13.6235
2.675 -13.4677
2.68 -13.2415
2.685 -12.9289
2.69 -12.5135
2.695 -11.9849
2.7 -11.3358
2.705 -10.5648
2.71 -9.67631
2.715 -8.68124
2.72 -7.59635
2.725 -6.44381
2.73 -5.24984
2.735 -4.0421
2.74 -2.8503
2.745 -1.70514
2.75 -0.635821
2.755 0.330966
2.76 1.17265
2.765 1.87217
2.77 2.4189
2.775 2.80919
2.78 3.04658
2.785 3.14136
2.79 3.10979
2.795 2.97321
2.8 2.75711
2.805 2.4901
2.81 2.20285
2.815 1.92708
2.82 1.69425
2.825 1.534
2.83 1.47251
2.835 1.5309
2.84 1.7238
2.845 2.05829
2.85 2.53422
2.855 3.14053
2.86 3.85869
2.865 4.66193
2.87 5.51698
2.875 6.38608
2.88 7.22957
2.885 8.00868
2.89 8.68867
2.895 9.24148
2.9 9.64793
2.905 9.89941
2.91 9.99876
2.915 9.96035
2.92 9.80909
2.925 9.57558
2.93 9.3025
2.935 8.99535
2.94 8.6846
2.945 8.40267
2.95 8.17627
2.955 8.02645
2.96 7.9667
2.965 8.00192
2.97 8.12802
2.975 8.33237
2.98 8.59473
2.985 8.88897
2.99 9.18513
2.995 9.45153
3 9.65686
3.005 9.772
3.01 9.77178
3.015 9.63643
3.02 9.24661
3.025 8.49892
3.03 7.47127
3.035 6.2052
3.04 4.75543
3.045 3.1852
3.05 1.56139
3.055 -0.0502956
3.06 -1.58965
3.065 -3.00552
3.07 -4.25842
3.075 -5.32209
3.08 -6.18388
3.085 -6.84399
3.09 -7.31392
3.095 -7.61419
3.1 -7.77145
3.105 -7.81542
3.11 -7.77587
3.115 -7.68026
3.12 -7.55192
3.125 -7.40895
3.13 -7.26393
3.135 -7.12435
3.14 -6.99344
3.145 -6.87131
3.15 -6.75638
3.155 -6.61834
3.16 -6.47374
3.165 -6.32383
3.17 -6.17398
3.175 -6.03101
3.18 -5.90254
3.185 -5.79616
3.19 -5.71854
3.195 -5.6746
3.2 -5.66666
3.205 -5.69382
3.21 -5.75158
3.215 -5.83168
3.22 -5.92205
3.225 -6.00701
3.23 -6.06778
3.235 -6.08331
3.24 -6.03137
3.245 -5.88967
3.25 -5.63708
3.255 -5.25476
3.26 -4.72683
3.265 -4.04342
3.27 -3.20057
3.275 -2.20129
3.28 -1.05596
3.285 0.2178
3.29 1.59565
3.295 3.04761
3.3 4.53948
3.305 6.03459
3.31 7.49592
3.315 8.88796
3.32 10.1785
3.325 11.3401
3.33 12.3505
3.335 13.194
3.34 13.8604
3.345 14.3456
3.35 14.6508
3.355 14.7811
3.36 14.7453
3.365 14.554
3.37 14.2192
3.375 13.7529
3.38 13.167
3.385 12.4724
3.39 11.6786
3.395 10.7933
3.4 9.82233
3.405 8.80288
3.41 7.71148
3.415 6.55241
3.42 5.32125
3.425 4.01358
3.43 2.62487
3.435 1.15159
3.44 -0.407899
3.445 -2.05243
3.45 -3.77755
3.455 -5.57518
3.46 -7.43369
3.465 -9.33804
3.47 -11.2702
3.475 -13.21
3.48 -15.1363
3.485 -17.0282
3.49 -18.8663
3.495 -20.6337
3.5 -22.3167
3.505 -23.8886
3.51 -25.3245
3.515 -26.6197
3.52 -27.7755
3.525 -28.8011
3.53 -30.7108
3.535 -31.9944
3.54 -32.9781
3.545 -33.6684
3.55 -34.0897
3.555 -34.2743
3.56 -34.2609
3.565 -34.0912
3.57 -33.8011
3.575 -33.5927
3.58 -33.3767
3.585 -33.1909
3.59 -33.0359
3.595 -32.899
3.6 -32.7566
3.605 -32.5783
3.61 -32.3305
3.615 -31.9793
3.62 -31.4945
3.625 -30.852
3.63 -30.0358
3.635 -29.0392
3.64 -27.8645
3.645 -26.522
3.65 -25.0289
3.655 -23.4068
3.66 -21.6794
3.665 -19.871
3.67 -18.0036
3.675 -16.0964
3.68 -14.1644
3.685 -12.2186
3.69 -10.2661
3.695 -8.31139
3.7 -6.35742
3.705 -4.40715
3.71 -2.46556
3.715 -0.540962
3.72 1.35351
3.725 3.19878
3.73 4.95786
3.735 6.40909
3.74 7.75141
3.745 8.89941
3.75 9.8238
3.755 10.5064
3.76 10.9321
3.765 11.0825
3.77 10.9424
3.775 10.4995
3.78 9.74517
3.785 8.67833
3.79 7.31031
3.795 5.65293
3.8 3.72862
3.805 1.56747
3.81 -0.794232
3.815 -3.31659
3.82 -5.95755
3.825 -8.6531
3.83 -11.3406
3.835 -13.9836
3.84 -16.5855
3.845 -19.167
3.85 -22.0022
3.855 -24.8211
3.86 -27.5652
3.865 -30.2317
3.87 -32.8283
3.875 -35.3752
3.88 -37.9016
3.885 -40.4117
3.89 -42.9096
3.895 -45.4246
3.9 -50.2186
3.905 -53.172
3.91 -56.2189
3.915 -59.9177
3.92 -63.2737
3.925 -66.3742
3.93 -65.2199
3.935 -64.5321
3.94 -63.9266
3.945 -63.2213
3.95 -62.5694
3.955 -61.9588
3.96 -61.3944
3.965 -60.8776
3.97 -60.407
3.975 -59.9785
3.98 -59.5854
3.985 -59.2187
3.99 -58.8673
3.995 -58.518
4 -58.1562
4.005 -57.7655
4.01 -57.3285
4.015 -54.5348
4.02 -51.0473
4.025 -46.7755
4.03 -41.6546
4.035 -35.8372
4.04 -29.4681
4.045 -23.2377
4.05 -16.5172
4.055 -9.69576
4.06 -2.67608
4.065 4.05736
4.07 10.4007
4.075 16.2425
4.08 21.4988
4.085 22.5224
4.09 24.7881
4.095 26.8307
4.1 33.6705
4.105 40.2386
4.11 41.8858
4.115 39.2572
4.12 38.0461
4.125 45.7868
4.13 49.6288
4.135 55.3213
4.14 59.3374
4.145 63.0399
4.15 58.2712
4.155 56.551
4.16 54.9837
4.165 53.4394
4.17 52.1578
4.175 51.1231
4.18 50.3501
4.185 49.8465
4.19 49.81
4.195 49.9554
4.2 50.3453
4.205 50.9578
4.21 53.4537
4.215 55.775
4.22 58.0813
4.225 60.7542
4.23 63.8045
4.235 66.9609
4.24 70.0789
4.245 73.0199
4.25 75.6565
4.255 77.8762
4.26 77.7833
4.265 76.5946
4.27 74.1897
4.275 70.7388
4.28 66.4468
4.285 61.5381
4.29 56.2418
4.295 50.7782
4.3 45.1499
4.305 40.2982
4.31 35.6519
4.315 31.3985
4.32 27.5878
4.325 24.2359
4.33 21.3276
4.335 18.8209
4.34 16.652
4.345 14.7419
4.35 13.0022
4.355 11.3637
4.36 9.76913
4.365 9.74255
4.37 8.92237
4.375 7.84959
4.38 6.4762
4.385 4.77249
4.39 2.72818
4.395 0.352454
4.4 -2.32692
4.405 -5.26525
4.41 -8.40315
4.415 -11.6695
4.42 -14.9845
4.425 -18.2624
4.43 -21.4155
4.435 -24.3574
4.44 -27.0053
4.445 -29.2858
4.45 -31.1388
4.455 -32.5188
4.46 -33.3947
4.465 -34.8592
4.47 -35.4966
4.475 -35.588
4.48 -35.1246
4.485 -34.1193
4.49 -31.8152
4.495 -28.4779
4.5 -24.4277
4.505 -20.5111
4.51 -16.2573
4.515 -12.0038
4.52 -7.97916
4.525 -4.37314
4.53 -1.3187
4.535 0.868169
4.54 1.95864
4.545 1.81107
4.55 1.25437
4.555 0.297456
4.56 -0.831852
4.565 -1.92714
4.57 -2.80149
4.575 -3.27596
4.58 -3.20891
4.585 -2.50431
4.59 -1.11855
4.595 0.937325
4.6 3.59926
4.605 6.75589
4.61 10.2575
4.615 13.9274
4.62 17.5747
4.625 21.0075
4.63 24.0462
4.635 26.5343
4.64 28.349
4.645 29.406
4.65 29.6646
4.655 29.133
4.66 27.8717
4.665 26.0174
4.67 23.7395
4.675 21.1939
4.68 18.5685
4.685 16.0556
4.69 13.9814
4.695 12.3979
4.7 11.4407
4.705 11.1775
4.71 11.6275
4.715 12.7613
4.72 14.2819
4.725 16.4169
4.73 18.9374
4.735 21.5549
4.74 24.0251
4.745 26.3296
4.75 28.3869
4.755 30.1353
4.76 31.5361
4.765 32.5747
4.77 33.2613
4.775 33.702
4.78 33.8847
4.785 33.8836
4.79 33.7688
4.795 33.6152
4.8 33.4975
4.805 33.4855
4.81 33.6393
4.815 34.0051
4.82 34.6113
4.825 35.4662
4.83 36.556
4.835 37.843
4.84 39.2651
4.845 40.739
4.85 42.1658
4.855 43.4357
4.86 44.4351
4.865 45.0535
4.87 45.1892
4.875 44.756
4.88 43.6875
4.885 40.9288
4.89 36.8307
4.895 31.6231
4.9 25.471
4.905 18.6124
4.91 11.9558
4.915 4.88584
4.92 -2.1163
4.925 -8.81679
4.93 -15.005
4.935 -16.1029
4.94 -18.6635
4.945 -20.7645
4.95 -22.4284
4.955 -23.6879
4.96 -24.5835
4.965 -30.8813
4.97 -34.3481
4.975 -40.0699
4.98 -43.5667
4.985 -46.0004
4.99 -47.3313
4.995 -47.5531
5 -46.6943
5.005 -43.9672
5.01 -39.4003
5.015 -33.5464
5.02 -26.788
5.025 -19.5272
5.03 -12.1613
5.035 -6.20011
5.04 -0.603119
5.045 4.63528
5.05 10.3456
5.055 14.5403
5.06 17.5187
5.065 19.2912
5.07 19.9264
5.075 18.9168
5.08 16.4611
5.085 12.9246
5.09 8.73375
5.095 4.27033
5.1 -0.0879533
5.105 -3.99569
5.11 -7.58794
5.115 -10.4951
5.12 -10.6893
5.125 -10.989
5.13 -10.4932
5.135 -9.17175
5.14 -7.00968
5.145 -4.00418
5.15 -0.181471
5.155 4.41088
5.16 9.71981
5.165 15.6959
5.17 22.286
5.175 29.4143
5.18 36.9892
5.185 44.9036
5.19 53.0363
5.195 61.2566
5.2 69.4267
5.205 79.0278
5.21 88.3886
5.215 97.5183
5.22 106.266
5.225 114.487
5.23 115.519
5.235 118.065
5.24 120.259
5.245 121.564
5.25 118.653
5.255 117.03
5.26 115.009
5.265 112.438
5.27 109.627
5.275 106.662
5.28 103.632
5.285 102.435
5.29 100.89
5.295 99.411
5.3 98.0485
5.305 96.8502
5.31 95.8609
5.315 94.1957
5.32 93.1522
5.325 92.4287
5.33 92.0465
5.335 92.0191
5.34 92.3559
5.345 93.0579
5.35 94.1188
5.355 95.5241
5.36 97.2525
5.365 99.2757
5.37 101.954
5.375 105.69
5.38 110.001
5.385 114.663
5.39 119.438
5.395 124.082
5.4 128.362
5.405 132.059
5.41 134.981
5.415 136.972
5.42 133.89
5.425 128.884
5.43 121.369
5.435 111.641
5.44 100.084
5.445 87.1409
5.45 73.281
5.455 58.9733
5.46 44.6588
5.465 30.7281
5.47 17.5041
5.475 5.24099
5.48 -5.8904
5.485 -7.40252
5.49 -10.7795
5.495 -13.6984
5.5 -16.3673
5.505 -18.9917
5.51 -21.7623
5.515 -33.5806
5.52 -41.5344
5.525 -49.036
5.53 -55.9201
5.535 -65.102
5.54 -72.9905
5.545 -79.8563
5.55 -77.0042
5.555 -76.8204
5.56 -76.6082
5.565 -76.3682
5.57 -76.1008
5.575 -75.8147
5.58 -75.5219
5.585 -75.2303
5.59 -74.9458
5.595 -74.6656
5.6 -74.3879
5.605 -74.1165
5.61 -68.8392
5.615 -63.7717
5.62 -58.869
5.625 -53.6432
5.63 -58.5754
5.635 -64.3275
5.64 -66.2345
5.645 -68.4697
5.65 -81.855
5.655 -92.2615
5.66 -103.435
5.665 -112.925
5.67 -123.945
5.675 -129.549
5.68 -137.784
5.685 -146.182
5.69 -154.659
5.695 -163.133
5.7 -171.963
5.705 -180.461
5.71 -188.7
5.715 -196.599
5.72 -200.619
5.725 -205.689
5.73 -201.122
5.735 -200.073
5.74 -200.312
5.745 -201.131
5.75 -201.829
5.755 -202.409
5.76 -202.863
5.765 -203.187
5.77 -203.373
5.775 -203.416
5.78 -203.311
5.785 -203.056
5.79 -202.65
5.795 -202.093
5.8 -201.388
5.805 -200.537
5.81 -199.546
5.815 -198.42
5.82 -197.166
5.825 -195.791
5.83 -194.302
5.835 -192.707
5.84 -186.608
5.845 -179.507
5.85 -170.951
5.855 -161.268
5.86 -150.8
5.865 -139.891
5.87 -128.87
5.875 -118.037
5.88 -107.646
5.885 -97.9082
5.89 -91.8218
5.895 -87.9271
5.9 -86.2381
5.905 -86.4016
5.91 -87.9449
5.915 -90.3038
5.92 -92.8559
5.925 -94.9565
5.93 -95.9741
5.935 -95.3244
5.94 -97.2447
5.945 -95.6553
5.95 -91.4461
5.955 -84.4827
5.96 -74.7367
5.965 -62.3065
5.97 -47.4162
5.975 -27.8542
5.98 -10.5571
5.985 8.48496
5.99 27.7453
5.995 46.7425
6 65.0099
6.005 82.1113
6.01 97.6502
6.015 91.5464
6.02 88.3544
6.025 84.9083
6.03 86.3339
6.035 86.1145
6.04 85.7848
6.045 85.419
6.05 85.0184
6.055 84.5847
6.06 84.1198
6.065 83.6254
6.07 83.1033
6.075 82.555
6.08 81.9817
6.085 81.3842
6.09 80.7636
6.095 80.1205
6.1 79.4557
6.105 78.7702
6.11 78.0651
6.115 76.2049
6.12 73.7913
6.125 70.7821
6.13 67.2302
6.135 63.1955
6.14 58.7447
6.145 53.9499
6.15 48.8872
6.155 43.6353
6.16 38.2743
6.165 32.8844
6.17 27.545
6.175 22.3333
6.18 17.3239
6.185 12.5867
6.19 5.58442
6.195 -4.84079
6.2 -12.994
6.205 -19.7877
6.21 -24.9244
6.215 -28.1627
6.22 -28.6176
6.225 -24.7911
6.23 -17.7383
6.235 -7.23651
6.24 0.1932
6.245 13.9699
6.25 30.0919
6.255 48.1166
6.26 46.6805
6.265 51.6045
6.27 56.6305
6.275 61.5528
6.28 66.1774
6.285 70.3302
6.29 73.8622
6.295 76.6557
6.3 78.6272
6.305 79.7297
6.31 79.9531
6.315 79.3231
6.32 78.5921
6.325 77.3102
6.33 75.6224
6.335 73.5769
6.34 71.229
6.345 68.6391
6.35 65.8711
6.355 62.9914
6.36 60.0663
6.365 57.1615
6.37 54.3399
6.375 51.0884
6.38 47.76
6.385 44.4119
6.39 41.1251
6.395 37.9758
6.4 35.0356
6.405 32.371
6.41 30.0429
6.415 28.1056
6.42 27.3694
6.425 27.2369
6.43 27.8013
6.435 28.9872
6.44 30.693
6.445 32.7942
6.45 35.1479
6.455 37.598
6.46 39.9793
6.465 42.1226
6.47 43.8616
6.475 45.0407
6.48 45.5212
6.485 45.1902
6.49 43.8044
6.495 41.6238
6.5 38.5527
6.505 34.7053
6.51 30.1978
6.515 25.0515
6.52 19.3522
6.525 13.2051
6.53 6.73165
6.535 0.0659667
6.54 -6.6496
6.545 -13.269
6.55 -19.6481
6.555 -25.5753
6.56 -30.7551
6.565 -35.1575
6.57 -38.7127
6.575 -41.3851
6.58 -43.543
6.585 -44.7079
6.59 -45.0775
6.595 -44.7295
6.6 -47.5318
6.605 -49
6.61 -49.8474
6.615 -52.186
6.62 -53.5233
6.625 -54.3111
6.63 -54.5757
6.635 -54.3519
6.64 -53.6734
6.645 -51.5842
6.65 -48.4815
6.655 -44.6059
6.66 -40.1579
6.665 -35.3378
6.67 -30.3364
6.675 -25.3281
6.68 -20.4645
6.685 -15.8707
6.69 -11.6395
6.695 -7.83097
6.7 -4.4757
6.705 -1.57635
6.71 0.887818
6.715 2.95555
6.72 4.67769
6.725 6.11154
6.73 7.3154
6.735 8.34341
6.74 9.24119
6.745 9.4841
6.75 8.82453
6.755 7.57672
6.76 5.85343
6.765 3.48894
6.77 0.916513
6.775 -1.78303
6.78 -4.4989
6.785 -7.12636
6.79 -8.71775
6.795 -10.1558
6.8 -11.4132
6.805 -12.4438
6.81 -13.1972
6.815 -13.6221
6.82 -13.6686
6.825 -13.292
6.83 -12.5517
6.835 -11.335
6.84 -9.4478
6.845 -7.03932
6.85 -4.14449
6.855 -0.839839
6.86 2.78021
6.865 6.60711
6.87 10.5228
6.875 14.4045
6.88 18.1305
6.885 21.5848
6.89 24.6624
6.895 27.2741
6.9 29.6277
6.905 31.6783
6.91 33.3246
6.915 34.5165
6.92 35.2159
6.925 35.3988
6.93 35.0569
6.935 34.1988
6.94 32.8492
6.945 31.1192
6.95 29.1554
6.955 26.9545
6.96 24.5718
6.965 22.0664
6.97 19.5005
6.975 16.937
6.98 14.4388
6.985 12.0667
6.99 9.87721
6.995 7.92165
7 6.24444
7.005 4.88235
7.01 3.864
7.015 3.20935
7.02 2.92921
7.025 3.69338
7.03 5.05847
7.035 6.89423
7.04 9.21298
7.045 12.4004
7.05 16.0621
7.055 20.2576
7.06 24.7765
7.065 28.6546
7.07 33.2137
7.075 38.1665
7.08 43.552
7.085 49.3991
7.09 55.7174
7.095 63.3122
7.1 71.6029
7.105 80.5938
7.11 90.1133
7.115 84.2419
7.12 81.5675
7.125 78.5834
7.13 75.3431
7.135 71.9032
7.14 68.3218
7.145 64.6587
7.15 60.9735
7.155 57.3255
7.16 53.7721
7.165 50.3684
7.17 47.1662
7.175 44.2137
7.18 41.5539
7.185 39.2249
7.19 37.2582
7.195 35.6798
7.2 34.5083
7.205 33.7545
7.21 33.4218
7.215 33.5064
7.22 34.3577
7.225 36.3659
7.23 39.1685
7.235 42.6199
7.24 46.5541
7.245 50.7924
7.25 55.1502
7.255 58.3948
7.26 58.8358
7.265 57.4414
7.27 54.8949
7.275 50.9186
7.28 45.8184
7.285 43.948
7.29 39.8468
7.295 35.163
7.3 30.0339
7.305 24.6003
7.31 19.0028
7.315 13.3794
7.32 7.86082
7.325 2.56499
7.33 -2.40549
7.335 -6.96668
7.34 -11.0562
7.345 -14.7384
7.35 -17.836
7.355 -20.3844
7.36 -22.4085
7.365 -23.9536
7.37 -25.0797
7.375 -25.8573
7.38 -28.4308
7.385 -29.7295
7.39 -30.7602
7.395 -31.5474
7.4 -32.1109
7.405 -32.4657
7.41 -32.6212
7.415 -32.5816
7.42 -32.3465
7.425 -32.7981
7.43 -32.7493
7.435 -32.4293
7.44 -31.5677
7.445 -30.3084
7.45 -28.607
7.455 -26.47
7.46 -23.9191
7.465 -20.9917
7.47 -17.7412
7.475 -14.2359
7.48 -12.1458
7.485 -9.39963
7.49 -6.60089
7.495 -3.92725
7.5 -1.66637
7.505 0.22223
7.51 1.68659
7.515 2.68637
7.52 3.19442
7.525 3.19819
7.53 2.70065
7.535 1.72045
7.54 0.291505
7.545 -1.53795
7.55 -3.70702
7.555 -6.14446
7.56 -8.45373
7.565 -10.7374
7.57 -12.919
7.575 -14.9489
7.58 -16.784
7.585 -18.389
7.59 -19.738
7.595 -20.814
7.6 -21.6099
7.605 -22.1289
7.61 -21.7914
7.615 -21.1413
7.62 -20.1403
7.625 -18.8846
7.63 -17.481
7.635 -16.0412
7.64 -14.6772
7.645 -13.4955
7.65 -12.8633
7.655 -12.4628
7.66 -12.4448
7.665 -14.2486
7.67 -16.2004
7.675 -18.3253
7.68 -20.5955
7.685 -22.9818
7.69 -26.0611
7.695 -28.9832
7.7 -31.9041
7.705 -34.7983
7.71 -37.641
7.715 -40.4077
7.72 -43.075
7.725 -45.6204
7.73 -48.0231
7.735 -50.2635
7.74 -52.3238
7.745 -54.1875
7.75 -55.8404
7.755 -57.2703
7.76 -58.4669
7.765 -59.4219
7.77 -60.1288
7.775 -60.5831
7.78 -60.7821
7.785 -60.723
7.79 -60.4007
7.795 -59.8097
7.8 -58.9441
7.805 -56.045
7.81 -52.4626
7.815 -47.9405
7.82 -42.5595
7.825 -36.4177
7.83 -29.6276
7.835 -22.3121
7.84 -15.0648
7.845 -9.84459
7.85 -4.27104
7.855 1.45584
7.86 7.29963
7.865 13.2211
7.87 19.177
7.875 25.1201
7.88 30.9986
7.885 36.7569
7.89 42.3359
7.895 45.037
7.9 46.9354
7.905 47.5957
7.91 47.1347
7.915 45.7055
7.92 43.4882
7.925 43.2223
7.93 41.869
7.935 40.0931
7.94 37.9806
7.945 41.417
7.95 43.161
7.955 44.3576
7.96 44.9675
7.965 44.966
7.97 44.344
7.975 43.1083
7.98 41.839
7.985 40.2144
7.99 38.318
7.995 36.1725
8 33.804
8.005 31.2415
8.01 28.5163
8.015 25.6613
8.02 22.7105
8.025 19.6983
8.03 15.3389
8.035 11.5671
8.04 7.14949
8.045 3.3408
8.05 -0.049728
8.055 -2.98079
8.06 -5.42264
8.065 -7.35704
8.07 -7.52802
8.075 -6.84398
8.08 -5.25592
8.085 -2.92292
8.09 -0.277721
8.095 2.70539
8.1 5.87048
8.105 9.03604
8.11 12.0292
8.115 14.6924
8.12 15.0488
8.125 15.7543
8.13 16.0949
8.135 16.0474
8.14 15.6017
8.145 14.7605
8.15 13.5393
8.155 11.9642
8.16 10.0715
8.165 7.97011
8.17 5.73366
8.175 3.37892
8.18 0.947492
8.185 -1.51904
8.19 -3.98005
8.195 -6.39671
8.2 -8.73273
8.205 -10.9552
8.21 -13.0352
8.215 -14.9483
8.22 -16.6748
8.225 -18.1999
8.23 -19.5134
8.235 -20.6105
8.24 -21.4877
8.245 -22.1448
8.25 -22.588
8.255 -22.8282
8.26 -22.8804
8.265 -22.4486
8.27 -21.7785
8.275 -20.8907
8.28 -19.8523
8.285 -18.8305
8.29 -17.7911
8.295 -16.8087
8.3 -15.945
8.305 -15.2562
8.31 -14.7914
8.315 -14.5904
8.32 -14.6825
8.325 -15.0857
8.33 -15.806
8.335 -16.8376
8.34 -18.1639
8.345 -19.997
8.35 -21.8685
8.355 -23.8759
8.36 -25.9753
8.365 -28.1218
8.37 -30.3903
8.375 -32.5841
8.38 -34.7366
8.385 -36.8242
8.39 -38.8208
8.395 -40.6953
8.4 -42.4134
8.405 -43.9382
8.41 -45.2303
8.415 -46.2494
8.42 -46.9554
8.425 -47.3108
8.43 -47.2812
8.435 -46.8375
8.44 -44.9353
8.445 -41.6691
8.45 -37.1871
8.455 -31.5944
8.46 -25.0372
8.465 -17.6956
8.47 -9.77533
8.475 -1.49842
8.48 6.9066
8.485 15.2143
8.49 19.0152
8.495 24.5402
8.5 28.3434
8.505 31.7934
8.51 34.5218
8.515 36.5172
8.52 37.7891
8.525 38.3667
8.53 38.2965
8.535 37.6397
8.54 36.4693
8.545 34.8668
8.55 32.9198
8.555 30.7184
8.56 28.3528
8.565 25.9108
8.57 23.4752
8.575 21.1215
8.58 18.9163
8.585 16.9162
8.59 15.1647
8.595 13.6929
8.6 12.5206
8.605 11.657
8.61 11.1018
8.615 10.8466
8.62 10.8756
8.625 11.1674
8.63 12.3034
8.635 14.236
8.64 16.7195
8.645 19.6205
8.65 22.7791
8.655 26.029
8.66 29.2048
8.665 32.1489
8.67 34.7179
8.675 36.7885
8.68 38.2614
8.685 39.0652
8.69 39.158
8.695 38.5283
8.7 37.1945
8.705 35.2024
8.71 32.6223
8.715 29.5441
8.72 26.3848
8.725 23.0155
8.73 19.5475
8.735 16.0545
8.74 12.6083
8.745 9.27787
8.75 6.12726
8.755 3.21501
8.76 0.593079
8.765 -1.694
8.77 -3.60984
8.775 -5.12667
8.78 -6.22536
8.785 -6.89557
8.79 -6.88807
8.795 -6.38646
8.8 -5.40321
8.805 -3.99231
8.81 -2.2049
8.815 0.648965
8.82 4.13071
8.825 8.3699
8.83 13.4275
8.835 19.3806
8.84 26.3095
8.845 34.2782
8.85 39.3039
8.855 45.4387
8.86 53.1511
8.865 61.8158
8.87 71.3704
8.875 81.689
8.88 92.5677
8.885 80.6403
8.89 75.8323
8.895 70.797
8.9 65.6697
8.905 60.5831
8.91 55.6656
8.915 51.0375
8.92 46.8085
8.925 43.0754
8.93 39.9199
8.935 37.4072
8.94 35.5844
8.945 34.4802
8.95 34.1051
8.955 34.4507
8.96 35.49
8.965 38.0997
8.97 62.2731
8.975 78.4856
8.98 93.3411
8.985 106.396
8.99 117.289
8.995 125.751
9 131.617
9.005 134.824
9.01 135.796
9.015 134.45
9.02 130.968
9.025 121.843
9.03 109.827
9.035 95.2979
9.04 79.0541
9.045 61.9132
9.05 44.6754
9.055 28.0887
9.06 12.8197
9.065 0.0847861
9.07 -8.31762
9.075 -14.7465
9.08 -12.7043
9.085 -11.322
9.09 -8.31294
9.095 -4.0357
9.1 1.11153
9.105 6.70949
9.11 12.34
9.115 16.8663
9.12 11.767
9.125 11.5114
9.13 11.2201
9.135 10.8036
9.14 8.36333
9.145 6.19224
9.15 3.87394
9.155 1.34748
9.16 -1.43361
9.165 -4.49814
9.17 -7.85508
9.175 -11.4924
9.18 -15.3772
9.185 -19.4564
9.19 -23.6591
9.195 -27.8993
9.2 -32.0793
9.205 -36.0923
9.21 -39.8268
9.215 -43.1733
9.22 -46.0293
9.225 -48.304
9.23 -49.9231
9.235 -50.832
9.24 -50.9987
9.245 -50.415
9.25 -48.9136
9.255 -46.6655
9.26 -43.7221
9.265 -40.1846
9.27 -36.1745
9.275 -31.8278
9.28 -27.2904
9.285 -22.7147
9.29 -18.2597
9.295 -14.0763
9.3 -10.3107
9.305 -7.11325
9.31 -4.94304
9.315 -3.92708
9.32 -4.01338
9.325 -5.11899
9.33 -7.19157
9.335 -10.4888
9.34 -14.673
9.345 -19.5954
9.35 -25.0584
9.355 -30.8531
9.36 -36.7674
9.365 -42.594
9.37 -46.7697
9.375 -50.5971
9.38 -53.9842
9.385 -57.0445
9.39 -59.7057
9.395 -62.0702
9.4 -64.3514
9.405 -66.7715
9.41 -69.5625
9.415 -72.9019
9.42 -79.9692
9.425 -75.2306
9.43 -75.2699
9.435 -75.3347
9.44 -75.4285
9.445 -75.5537
9.45 -75.712
9.455 -75.904
9.46 -76.1295
9.465 -76.3875
9.47 -76.6744
9.475 -76.9844
9.48 -77.3106
9.485 -77.6458
9.49 -77.982
9.495 -78.3114
9.5 -78.6265
9.505 -81.0298
9.51 -97.9074
9.515 -112.802
9.52 -126.85
9.525 -140.179
9.53 -152.682
9.535 -164.278
9.54 -174.904
9.545 -184.52
9.55 -190.74
9.555 -195.546
9.56 -194.406
9.565 -193.478
9.57 -191.573
9.575 -188.615
9.58 -184.689
9.585 -179.879
9.59 -174.272
9.595 -167.947
9.6 -160.987
9.605 -153.476
9.61 -145.504
9.615 -142.105
9.62 -135.513
9.625 -126.447
9.63 -115.474
9.635 -106.423
9.64 -94.9399
9.645 -82.5196
9.65 -69.6265
9.655 -56.7196
9.66 -44.2305
9.665 -32.5428
9.67 -21.9752
9.675 -12.79
9.68 -6.86604
9.685 -7.1588
9.69 -11.638
9.695 -19.5673
9.7 -30.0391
9.705 -43.3125
9.71 -56.7721
9.715 -69.7573
9.72 -81.3879
9.725 -90.8879
9.73 -97.6079
9.735 -101.106
9.74 -88.377
9.745 -80.7548
9.75 -72.8543
9.755 -63.3197
9.76 -52.4695
9.765 -40.4915
9.77 -27.5978
9.775 -12.7554
9.78 1.72774
9.785 16.2711
9.79 30.6715
9.795 44.7267
9.8 58.239
9.805 71.0191
9.81 82.7911
9.815 93.2822
9.82 83.2797
9.825 82.6337
9.83 81.9199
9.835 81.1409
9.84 80.2994
9.845 79.3985
9.85 78.4415
9.855 78.7367
9.86 78.4584
9.865 78.1668
9.87 77.862
9.875 77.5438
9.88 76.5822
9.885 74.6402
9.89 71.9981
9.895 68.7136
9.9 64.8542
9.905 60.496
9.91 55.7221
9.915 50.6213
9.92 45.2862
9.925 39.8118
9.93 34.2933
9.935 28.8247
9.94 23.4971
9.945 18.3939
9.95 13.5839
9.955 9.12059
9.96 5.04451
9.965 1.38241
9.97 -1.85189
9.975 -4.65636
9.98 -7.03941
9.985 -9.01828
9.99 -10.6171
9.995 -11.8649
10 -12.7939
10.005 -13.4373
10.01 -13.828
10.015 -13.9967
10.02 -13.9707
10.025 -13.7728
10.03 -13.1464
10.035 -12.3345
10.04 -10.8488
10.045 -9.03005
10.05 -6.73611
10.055 -3.83027
10.06 -0.147449
10.065 4.48961
10.07 9.99339
10.075 16.0818
10.08 22.552
10.085 28.6209
10.09 32.7038
10.095 37.3933
10.1 41.9157
10.105 46.1809
10.11 50.106
10.115 53.6174
10.12 56.9558
10.125 60.4532
10.13 64.2351
10.135 68.4041
10.14 73.0013
10.145 77.5856
10.15 81.5933
10.155 85.2051
10.16 79.8288
10.165 75.4234
10.17 73.482
10.175 74.3148
10.18 73.9792
10.185 73.6195
10.19 73.2344
10.195 72.8232
10.2 72.386
10.205 71.9234
10.21 71.4362
10.215 70.9263
10.22 70.3955
10.225 69.8456
10.23 69.2785
10.235 68.6962
10.24 68.1003
10.245 67.4922
10.25 66.8732
10.255 66.244
10.26 65.6053
10.265 64.9571
10.27 64.0582
10.275 62.6875
10.28 60.8638
10.285 58.5264
10.29 55.6251
10.295 52.1272
10.3 48.037
10.305 43.3867
10.31 38.2219
10.315 32.6123
10.32 22.2654
10.325 9.05602
10.33 -1.34378
10.335 -11.0507
10.34 -19.8326
10.345 -27.4804
10.35 -33.8148
10.355 -38.6924
10.36 -42.0104
10.365 -43.7096
10.37 -41.7167
10.375 -37.1122
10.38 -30.1572
10.385 -21.2849
10.39 -9.53496
10.395 3.06205
10.4 16.0305
10.405 27.8901
10.41 38.9164
10.415 40.9907
10.42 42.8752
10.425 44.7471
10.43 45.8215
10.435 46.0686
10.44 45.7005
10.445 45.0712
10.45 44.0281
10.455 42.5944
10.46 40.7999
10.465 38.4992
10.47 35.459
10.475 31.9235
10.48 27.9935
10.485 23.7775
10.49 19.3886
10.495 14.942
10.5 10.5526
10.505 6.33177
10.51 2.38554
10.515 -1.18819
10.52 -4.3013
10.525 -6.87744
10.53 -8.85374
10.535 -10.1822
10.54 -10.8309
10.545 -10.7845
10.55 -9.57557
10.555 -6.9872
10.56 -3.2294
10.565 1.45999
10.57 6.84761
10.575 12.6772
10.58 18.6832
10.585 22.7801
10.59 26.6504
10.595 30.3329
10.6 33.574
10.605 36.2913
10.61 38.7984
10.615 40.8292
10.62 42.391
10.625 43.4613
10.63 44.0316
10.635 44.1077
10.64 43.7088
10.645 42.8672
10.65 41.6266
10.655 40.0403
10.66 38.1696
10.665 36.0813
10.67 33.845
10.675 31.5553
10.68 29.3003
10.685 27.1249
10.69 25.083
10.695 23.2214
10.7 21.5798
10.705 20.1892
10.71 19.072
10.715 18.2425
10.72 17.9062
10.725 18.1873
10.73 18.9382
10.735 20.0837
10.74 21.5351
10.745 23.1943
10.75 24.959
10.755 26.7272
10.76 28.402
10.765 29.8961
10.77 31.1353
10.775 32.061
10.78 32.6323
10.785 32.8273
10.79 32.643
10.795 32.0945
10.8 30.6303
10.805 29.5701
10.81 28.4151
10.815 27.1938
10.82 25.9582
10.825 24.7426
10.83 23.5767
10.835 22.4847
10.84 21.4847
10.845 20.8921
10.85 20.4535
10.855 20.1766
10.86 20.0086
10.865 19.8895
10.87 19.7588
10.875 19.5568
10.88 19.2261
10.885 18.7153
10.89 17.9913
10.895 17.1241
10.9 16.2678
10.905 15.3427
10.91 14.3436
10.915 13.2663
10.92 12.2927
10.925 11.3077
10.93 10.3162
10.935 9.30358
10.94 8.25519
10.945 7.15761
10.95 5.99948
10.955 4.77213
10.96 3.47012
10.965 2.09135
10.97 -0.696131
10.975 -3.45373
10.98 -6.34194
10.985 -9.10961
10.99 -11.7238
10.995 -14.1376
11 -16.3105
11.005 -18.2096
11.01 -19.8098
11.015 -21.0945
11.02 -23.7762
11.025 -25.4801
11.03 -26.8505
11.035 -27.8833
11.04 -28.5809
11.045 -28.9513
11.05 -29.0077
11.055 -28.7678
11.06 -28.253
11.065 -27.2624
11.07 -25.8212
11.075 -24.0449
11.08 -22.0045
11.085 -19.7715
11.09 -17.4154
11.095 -15.0014
11.1 -12.5888
11.105 -10.2295
11.11 -7.96757
11.115 -5.8387
11.12 -3.87074
11.125 -2.08396
11.13 -0.492021
11.135 0.896785
11.14 2.07835
11.145 3.05177
11.15 3.81826
11.155 4.3801
11.16 4.73973
11.165 4.89902
11.17 4.85889
11.175 4.66989
11.18 4.37713
11.185 3.64769
11.19 2.281
11.195 0.471673
11.2 -1.71117
11.205 -4.18781
11.21 -6.86817
11.215 -9.65642
11.22 -12.4578
11.225 -15.1818
11.23 -17.7449
11.235 -20.0744
11.24 -22.1103
11.245 -23.8075
11.25 -25.1366
11.255 -26.0847
11.26 -27.0809
11.265 -27.9953
11.27 -28.8164
11.275 -29.5372
11.28 -30.1517
11.285 -30.6565
11.29 -31.0529
11.295 -31.3483
11.3 -31.5577
11.305 -31.7033
11.31 -31.8146
11.315 -31.9282
11.32 -32.0871
11.325 -32.3394
11.33 -32.7363
11.335 -33.2548
11.34 -33.8475
11.345 -34.5086
11.35 -35.2224
11.355 -35.9725
11.36 -36.7425
11.365 -37.5163
11.37 -38.2785
11.375 -39.0146
11.38 -39.7109
11.385 -40.3552
11.39 -40.937
11.395 -41.4478
11.4 -41.8812
11.405 -42.3296
11.41 -42.9382
11.415 -43.8079
11.42 -45.0343
11.425 -46.6993
11.43 -48.8865
11.435 -51.6659
11.44 -55.076
11.445 -59.1289
11.45 -63.8061
11.455 -69.0613
11.46 -74.8213
11.465 -80.9885
11.47 -87.4434
11.475 -94.0485
11.48 -100.653
11.485 -107.067
11.49 -113.073
11.495 -118.464
11.5 -123.036
11.505 -126.608
11.51 -129.031
11.515 -130.192
11.52 -130.027
11.525 -128.515
11.53 -125.689
11.535 -120.815
11.54 -113.658
11.545 -104.84
11.55 -94.7357
11.555 -83.7613
11.56 -72.3568
11.565 -60.9663
11.57 -50.0179
11.575 -39.905
11.58 -30.9696
11.585 -23.4886
11.59 -17.6633
11.595 -13.6124
11.6 -11.3432
11.605 -11.9503
11.61 -15.8325
11.615 -21.7444
11.62 -28.9837
11.625 -37.0779
11.63 -45.4192
11.635 -53.4198
11.64 -60.2905
11.645 -65.2943
11.65 -68.1896
11.655 -68.7092
11.66 -66.733
11.665 -66.4045
11.67 -62.2356
11.675 -56.0104
11.68 -49.041
11.685 -40.3476
11.69 -30.342
11.695 -19.3422
11.7 -8.15202
11.705 3.36047
11.71 14.9074
11.715 26.2655
11.72 37.218
11.725 47.1817
11.73 55.8685
11.735 63.1512
11.74 68.9135
11.745 73.1033
11.75 79.8274
11.755 83.6665
11.76 79.4213
11.765 77.2748
11.77 78.0666
11.775 77.737
11.78 77.3866
11.785 77.015
11.79 76.622
11.795 74.8162
11.8 72.2136
11.805 68.8274
11.81 64.738
11.815 60.038
11.82 54.8297
11.825 49.2232
11.83 43.3342
11.835 37.2773
11.84 31.1609
11.845 25.0859
11.85 19.1447
11.855 13.4193
11.86 7.98056
11.865 2.88692
11.87 -1.81545
11.875 -6.09244
11.88 -9.92141
11.885 -13.29
11.89 -16.1951
11.895 -18.6415
11.9 -20.6405
11.905 -22.2087
11.91 -23.3664
11.915 -24.1358
11.92 -24.54
11.925 -24.6021
11.93 -23.9256
11.935 -22.5937
11.94 -20.6722
11.945 -18.2296
11.95 -15.3172
11.955 -11.9762
11.96 -8.25217
11.965 -4.18945
11.97 0.168452
11.975 4.77464
11.98 9.57722
11.985 14.5178
11.99 19.5095
11.995 24.456
12 29.2731
12.005 33.8736
12.01 36.9129
12.015 39.9178
12.02 42.6329
12.025 45.0184
12.03 47.0364
12.035 48.6515
12.04 49.8319
12.045 50.5524
12.05 50.7951
12.055 50.5485
12.06 48.6869
12.065 45.8844
12.07 42.387
12.075 38.212
12.08 33.5422
12.085 28.5721
12.09 23.5006
12.095 18.5224
12.1 16.3775
12.105 13.6638
12.11 12.553
12.115 10.7751
12.12 9.10108
12.125 7.59954
12.13 6.35113
12.135 5.44395
12.14 4.95346
12.145 4.94647
12.15 5.4226
12.155 6.99384
12.16 9.11241
12.165 11.7998
12.17 14.9506
12.175 18.448
12.18 20.3616
12.185 23.0469
12.19 25.7992
12.195 28.5563
12.2 31.2574
12.205 33.8442
12.21 36.2624
12.215 38.4625
12.22 40.4006
12.225 42.0398
12.23 43.3506
12.235 44.3116
12.24 44.6814
12.245 44.4387
12.25 43.669
12.255 42.4314
12.26 40.7909
12.265 40.074
12.27 39.4517
12.275 38.4023
12.28 37.181
12.285 35.8174
12.29 34.3432
12.295 32.7919
12.3 31.1977
12.305 29.595
12.31 28.0173
12.315 26.4968
12.32 25.0634
12.325 23.7446
12.33 22.565
12.335 21.5456
12.34 20.7035
12.345 20.0514
12.35 19.5975
12.355 19.3455
12.36 19.2947
12.365 19.5181
12.37 20.0354
12.375 20.7594
12.38 21.6155
12.385 22.5384
12.39 23.4538
12.395 24.2623
12.4 24.8824
12.405 25.2454
12.41 25.2994
12.415 25.0957
12.42 24.6922
12.425 24.0461
12.43 23.1624
12.435 22.057
12.44 20.7534
12.445 19.2777
12.45 17.6588
12.455 15.9265
12.46 14.1104
12.465 12.2383
12.47 10.3362
12.475 8.42693
12.48 6.5302
12.485 4.66268
12.49 2.83845
12.495 1.06921
12.5 -0.635522
12.505 -2.26803
12.51 -3.82195
12.515 -5.29173
12.52 -6.67224
12.525 -7.95842
12.53 -9.14539
12.535 -10.2286
12.54 -11.204
12.545 -12.0674
12.55 -12.8146
12.555 -13.4416
12.56 -13.9445
12.565 -14.3202
12.57 -14.5662
12.575 -14.681
12.58 -14.6645
12.585 -14.5175
12.59 -14.2423
12.595 -13.8431
12.6 -13.3259
12.605 -12.6987
12.61 -11.9712
12.615 -11.155
12.62 -10.2635
12.625 -9.31163
12.63 -8.31621
12.635 -7.12586
12.64 -5.91076
12.645 -4.67132
12.65 -3.44334
12.655 -2.26265
12.66 -1.16391
12.665 -0.179748
12.67 0.0732768
12.675 -0.255697
12.68 -1.08081
12.685 -2.32062
12.69 -3.87588
12.695 -5.63562
12.7 -7.48359
12.705 -9.30446
12.71 -10.9897
12.715 -12.4431
12.72 -13.5851
12.725 -14.3562
12.73 -14.719
12.735 -14.6592
12.74 -14.1851
12.745 -13.3263
12.75 -12.1312
12.755 -10.6637
12.76 -9.43941
12.765 -8.24442
12.77 -7.14501
12.775 -6.16252
12.78 -5.31261
12.785 -4.60511
12.79 -4.04401
12.795 -3.51177
12.8 -3.08018
12.805 -2.73661
12.81 -2.48043
12.815 -2.30969
12.82 -2.22129
12.825 -2.2111
12.83 -2.27343
12.835 -2.40057
12.84 -2.58216
12.845 -2.80441
12.85 -3.04958
12.855 -3.29615
12.86 -3.51907
12.865 -3.69037
12.87 -3.78015
12.875 -3.76641
12.88 -3.63244
12.885 -3.36035
12.89 -2.9362
12.895 -2.34998
12.9 -1.48651
12.905 -0.333907
12.91 1.0721
12.915 2.70538
12.92 4.53035
12.925 6.50323
12.93 8.3543
12.935 9.90391
12.94 11.204
12.945 10.9987
12.95 11.0776
12.955 10.9822
12.96 10.3977
12.965 9.89976
12.97 9.39642
12.975 8.94145
12.98 8.58237
12.985 8.35778
12.99 8.2951
12.995 10.5334
13 11.6201
13.005 12.6134
13.01 13.4831
13.015 14.2032
13.02 14.7526
13.025 15.1158
13.03 15.2832
13.035 15.2518
13.04 15.0243
13.045 14.598
13.05 13.9675
13.055 13.1655
13.06 12.2006
13.065 11.1081
13.07 9.92041
13.075 8.67118
13.08 7.39452
13.085 6.12345
13.09 4.88875
13.095 3.71817
13.1 2.63557
13.105 1.66017
13.11 0.806021
13.115 0.0817638
13.12 -0.509309
13.125 -0.968956
13.13 -1.30352
13.135 -1.52341
13.14 -1.64254
13.145 -1.67764
13.15 -1.64746
13.155 -1.56657
13.16 -1.4485
13.165 -1.31036
13.17 -1.16878
13.175 -1.03984
13.18 -0.938673
13.185 -0.879131
13.19 -0.873552
13.195 -0.932391
13.2 -1.06404
13.205 -1.27473
13.21 -1.56843
13.215 -1.94685
13.22 -2.40941
13.225 -2.95355
13.23 -3.57488
13.235 -4.26733
13.24 -5.02337
13.245 -5.83449
13.25 -6.69167
13.255 -7.78051
13.26 -9.03048
13.265 -10.3829
13.27 -11.7907
13.275 -13.2062
13.28 -14.5835
13.285 -15.8807
13.29 -17.061
13.295 -18.095
13.3 -18.9616
13.305 -19.6485
13.31 -20.1532
13.315 -20.4822
13.32 -20.6506
13.325 -20.7529
13.33 -20.8806
13.335 -21.011
13.34 -21.1599
13.345 -21.3414
13.35 -21.5678
13.355 -21.8491
13.36 -22.1932
13.365 -22.6054
13.37 -23.0885
13.375 -23.6425
13.38 -24.2649
13.385 -24.9503
13.39 -25.6912
13.395 -26.4781
13.4 -27.2999
13.405 -28.1447
13.41 -28.9995
13.415 -29.8513
13.42 -30.6871
13.425 -31.4943
13.43 -32.2605
13.435 -32.9743
13.44 -33.6255
13.445 -34.2054
13.45 -34.7068
13.455 -35.1236
13.46 -35.451
13.465 -35.6845
13.47 -35.8181
13.475 -35.8462
13.48 -35.7638
13.485 -35.56
13.49 -35.218
13.495 -34.7184
13.5 -34.0404
13.505 -33.1634
13.51 -31.7987
13.515 -30.1223
13.52 -28.0888
13.525 -25.7104
13.53 -23.0132
13.535 -20.0362
13.54 -17.4391
13.545 -14.8545
13.55 -12.4321
13.555 -10.199
13.56 -8.17029
13.565 -6.34627
13.57 -4.71255
13.575 -3.24126
13.58 -3.31873
13.585 -3.35489
13.59 -3.96755
13.595 -4.00344
13.6 -3.70541
13.605 -2.99991
13.61 -1.83439
13.615 1.27702
13.62 4.50172
13.625 7.88144
13.63 11.3691
13.635 14.912
13.64 18.4526
13.645 21.9304
13.65 25.2834
13.655 28.4493
13.66 31.3677
13.665 33.9813
13.67 36.238
13.675 38.0925
13.68 39.7269
13.685 41.3761
13.69 42.5184
13.695 43.1806
13.7 43.3539
13.705 43.039
13.71 42.1799
13.715 40.805
13.72 38.9532
13.725 36.6658
13.73 33.9925
13.735 30.989
13.74 27.7165
13.745 24.2399
13.75 20.6257
13.755 16.941
13.76 13.2519
13.765 9.62188
13.77 6.11096
13.775 2.77395
13.78 -0.340372
13.785 -3.18997
13.79 -5.60876
13.795 -7.43058
13.8 -8.71283
13.805 -9.4562
13.81 -9.67501
13.815 -9.39619
13.82 -8.65792
13.825 -7.50807
13.83 -6.0025
13.835 -4.20276
13.84 -2.17412
13.845 0.145448
13.85 2.56695
13.855 5.02808
13.86 7.44979
13.865 9.76351
13.87 11.9166
13.875 13.8717
13.88 15.6048
13.885 17.1032
13.89 18.364
13.895 19.3918
13.9 20.1958
13.905 20.7878
13.91 21.1797
13.915 21.376
13.92 20.8736
13.925 19.8545
13.93 18.418
13.935 16.6594
13.94 14.6847
13.945 12.6021
13.95 10.5175
13.955 8.52909
13.96 6.72241
13.965 5.16699
13.97 3.91361
13.975 2.99287
13.98 3.6575
13.985 4.05484
13.99 4.53554
13.995 4.86554
14 5.05469
14.005 5.07401
14.01 4.9231
14.015 4.81094
14.02 4.56396
14.025 4.21546
14.03 3.76535
14.035 3.21781
14.04 2.58099
14.045 1.86661
14.05 1.0896
14.055 0.267125
14.06 -0.582158
14.065 -1.43886
14.07 -2.28346
14.075 -3.09715
14.08 -3.86253
14.085 -4.56409
14.09 -5.18861
14.095 -5.72557
14.1 -6.1673
14.105 -6.5088
14.11 -6.7474
14.115 -6.8822
14.12 -6.9134
14.125 -6.84168
14.13 -6.668
14.135 -6.39007
14.14 -6.00074
14.145 -5.49121
14.15 -4.85263
14.155 -4.07725
14.16 -3.16002
14.165 -1.81961
14.17 -0.288833
14.175 1.46155
14.18 3.39501
14.185 4.83985
14.19 6.2441
14.195 7.47935
14.2 8.53857
14.205 9.42279
14.21 10.1376
14.215 10.6955
14.22 9.28115
14.225 8.41316
14.23 7.63476
14.235 7.0194
14.24 6.62934
14.245 6.51317
14.25 8.99657
14.255 10.4751
14.26 11.9314
14.265 13.5172
14.27 14.9372
14.275 16.2408
14.28 17.4104
14.285 18.4323
14.29 19.297
14.295 19.9988
14.3 20.5357
14.305 20.9089
14.31 21.1225
14.315 21.183
14.32 21.1335
14.325 20.9216
14.33 20.5808
14.335 20.1225
14.34 19.5604
14.345 18.9098
14.35 18.1868
14.355 17.4076
14.36 16.5875
14.365 15.7415
14.37 14.8831
14.375 14.0248
14.38 13.1779
14.385 12.3518
14.39 11.5545
14.395 10.7921
14.4 10.069
14.405 9.38783
14.41 8.75002
14.415 8.15567
14.42 7.6039
14.425 7.09323
14.43 6.62179
14.435 6.18743
14.44 5.78818
14.445 5.42245
14.45 5.08914
14.455 4.78771
14.46 4.5183
14.465 4.28167
14.47 4.0791
14.475 3.9123
14.48 3.78336
14.485 3.69475
14.49 3.64917
14.495 3.65125
14.5 3.70721
14.505 3.82302
14.51 4.05109
14.515 4.34677
14.52 4.64517
14.525 4.98645
14.53 5.3765
14.535 5.81936
14.54 6.31679
14.545 6.86819
14.55 7.47047
14.555 8.11804
14.56 8.80284
14.565 9.51446
14.57 10.2404
14.575 10.9668
14.58 10.5522
14.585 10.6009
14.59 10.7245
14.595 10.9303
14.6 11.2186
14.605 11.5836
14.61 12.0138
14.615 12.4934
14.62 13.0023
14.625 13.517
14.63 14.0116
14.635 14.3686
14.64 14.6081
14.645 14.7146
14.65 14.677
14.655 14.4281
14.66 14.0033
14.665 13.3934
14.67 12.6018
14.675 11.6345
14.68 10.5002
14.685 9.20989
14.69 7.77633
14.695 6.21389
14.7 4.53819
14.705 2.76577
14.71 0.913378
14.715 -1.0025
14.72 -2.96596
14.725 -4.96203
14.73 -6.97683
14.735 -8.99767
14.74 -11.013
14.745 -13.0126
14.75 -14.9872
14.755 -16.9287
14.76 -18.8299
14.765 -20.684
14.77 -22.4848
14.775 -24.2268
14.78 -25.9048
14.785 -27.5137
14.79 -29.0489
14.795 -30.5056
14.8 -31.8788
14.805 -33.1638
14.81 -34.3555
14.815 -35.4488
14.82 -36.4387
14.825 -37.3203
14.83 -38.0888
14.835 -38.7403
14.84 -39.2713
14.845 -39.6792
14.85 -39.9626
14.855 -40.121
14.86 -40.155
14.865 -40.0665
14.87 -39.8587
14.875 -39.5348
14.88 -39.0963
14.885 -38.5435
14.89 -37.6305
14.895 -36.7096
14.9 -35.8129
14.905 -34.8798
14.91 -33.8956
14.915 -32.84
14.92 -31.6886
14.925 -30.4142
14.93 -28.9884
14.935 -27.3837
14.94 -25.5751
14.945 -23.5423
14.95 -21.2712
14.955 -18.7552
14.96 -15.996
14.965 -13.0041
14.97 -11.8086
14.975 -10.471
14.98 -8.72723
14.985 -6.65679
14.99 -4.27107
14.995 -1.58587
15 1.36944
15.005 4.55473
15.01 7.92003
15.015 11.4071
15.02 14.9513
15.025 19.2293
15.03 23.2269
15.035 27.0307
15.04 30.5778
15.045 33.8085
15.05 36.668
15.055 39.2475
15.06 41.3662
15.065 42.9977
15.07 44.1144
15.075 44.6981
15.08 44.7414
15.085 44.2478
15.09 44.4861
15.095 43.9447
15.1 42.7745
15.105 41.0919
15.11 38.9132
15.115 36.2828
15.12 33.2529
15.125 29.8823
15.13 26.235
15.135 22.3787
15.14 18.3833
15.145 14.3187
15.15 10.254
15.155 6.25514
15.16 2.38438
15.165 -1.30105
15.17 -4.74997
15.175 -7.91777
15.18 -10.7669
15.185 -12.9087
15.19 -14.3462
15.195 -15.1201
15.2 -15.2534
15.205 -14.7864
15.21 -13.7739
15.215 -12.2831
15.22 -10.3912
15.225 -8.18292
15.23 -5.74796
15.235 -3.13687
15.24 -0.447131
15.245 2.19962
15.25 4.7019
15.255 6.96739
15.26 8.91516
15.265 10.4775
15.27 11.6518
15.275 12.4069
15.28 12.712
15.285 12.5544
15.29 11.933
15.295 10.8572
15.3 9.19792
15.305 6.74642
15.31 3.74473
15.315 0.31248
15.32 -3.41953
15.325 -7.3158
15.33 -11.2426
15.335 -15.0737
15.34 -18.696
15.345 -22.0135
15.35 -24.9509
15.355 -27.4563
15.36 -29.5013
15.365 -31.0815
15.37 -32.6792
15.375 -34.0031
15.38 -35.1291
15.385 -36.0725
15.39 -36.8511
15.395 -37.4839
15.4 -37.9907
15.405 -38.391
15.41 -38.7035
15.415 -38.9464
15.42 -39.1363
15.425 -39.2886
15.43 -39.4166
15.435 -39.5318
15.44 -39.6438
15.445 -39.7603
15.45 -39.8871
15.455 -40.0288
15.46 -40.1886
15.465 -40.3688
15.47 -40.5704
15.475 -40.7937
15.48 -41.038
15.485 -41.3018
15.49 -41.5821
15.495 -41.8741
15.5 -42.1709
15.505 -42.4624
15.51 -42.7351
15.515 -42.9688
15.52 -43.5494
15.525 -43.9951
15.53 -44.2801
15.535 -44.3294
15.54 -44.0552
15.545 -43.377
15.55 -42.2275
15.555 -40.5571
15.56 -38.3377
15.565 -35.5649
15.57 -32.2588
15.575 -28.4636
15.58 -24.2447
15.585 -19.6856
15.59 -14.8827
15.595 -9.94078
15.6 -7.31518
15.605 -5.23986
15.61 -2.86175
15.615 -0.359899
15.62 2.25559
15.625 4.97204
15.63 7.77242
15.635 10.6359
15.64 13.5385
15.645 18.7283
15.65 22.749
15.655 26.4727
15.66 29.9091
15.665 33.0188
15.67 35.7673
15.675 38.125
15.68 40.0677
15.685 41.577
15.69 42.6399
15.695 43.2495
15.7 45.0626
15.705 45.7121
15.71 45.9056
15.715 45.6403
15.72 44.8575
15.725 43.5312
15.73 41.7085
15.735 39.4202
15.74 36.7049
15.745 33.6077
15.75 30.1798
15.755 26.4769
15.76 22.5584
15.765 18.4859
15.77 14.3227
15.775 10.1324
15.78 5.97804
15.785 1.92112
15.79 -1.97995
15.795 -5.67084
15.8 -9.10218
15.805 -12.23
15.81 -15.0161
15.815 -16.7967
15.82 -17.9494
15.825 -18.3993
15.83 -18.1707
15.835 -17.3036
15.84 -15.8522
15.845 -13.8831
15.85 -11.472
15.855 -8.70196
15.86 -5.52853
15.865 -2.12176
15.87 1.4212
15.875 4.99781
15.88 8.51014
15.885 11.8668
15.89 14.9845
15.895 17.7889
15.9 20.216
15.905 22.2126
15.91 23.7375
15.915 24.7611
15.92 25.2668
15.925 24.6793
15.93 23.2341
15.935 21.0588
15.94 18.2977
15.945 15.115
15.95 11.6861
15.955 8.18794
15.96 4.79026
15.965 1.64759
15.97 -1.10728
15.975 -3.36838
15.98 -4.74646
15.985 -3.96513
15.99 -3.89139
15.995 -3.70038
16 -3.41676
16.005 -3.06316
16.01 -2.52525
16.015 -1.88197
16.02 -1.15694
16.025 -0.335941
16.03 0.548133
16.035 1.4715
16.04 2.41197
16.045 3.3481
16.05 4.2589
16.055 5.12367
16.06 5.92207
16.065 6.6345
16.07 7.24251
16.075 7.72911
16.08 8.0796
16.085 8.28261
16.09 8.33044
16.095 8.21914
16.1 7.94892
16.105 7.52455
16.11 6.95545
16.115 6.2554
16.12 5.44207
16.125 4.53647
16.13 3.56203
16.135 2.54385
16.14 1.27353
16.145 -0.00683843
16.15 -1.29012
16.155 -2.52422
16.16 -3.66025
16.165 -4.65467
16.17 -5.47126
16.175 -6.04616
16.18 -6.3364
16.185 -6.36286
16.19 -6.14111
16.195 -5.69814
16.2 -5.07066
16.205 -4.30309
16.21 -3.44496
16.215 -2.54821
16.22 -1.66459
16.225 -0.843331
16.23 -0.146979
16.235 0.396317
16.24 0.762919
16.245 0.93455
16.25 0.900519
16.255 0.719245
16.26 0.386891
16.265 -0.0978551
16.27 -0.726249
16.275 -1.48575
16.28 -2.36057
16.285 -3.33236
16.29 -4.38089
16.295 -5.48462
16.3 -6.62129
16.305 -7.7684
16.31 -8.90327
16.315 -10.0027
16.32 -11.043
16.325 -11.9993
16.33 -12.8467
16.335 -13.5595
16.34 -14.1097
16.345 -14.4654
16.35 -14.5932
16.355 -14.4591
16.36 -14.031
16.365 -13.2798
16.37 -12.1825
16.375 -10.5796
16.38 -8.46809
16.385 -5.88354
16.39 -2.86885
16.395 0.512867
16.4 4.17935
16.405 8.02366
16.41 11.7182
16.415 15.096
16.42 16.188
16.425 17.2372
16.43 17.9576
16.435 18.3826
16.44 18.5553
16.445 18.5269
16.45 18.3539
16.455 18.0949
16.46 17.8083
16.465 17.5495
16.47 20.7868
16.475 22.2446
16.48 23.4821
16.485 24.48
16.49 25.2269
16.495 25.7197
16.5 26.6279
16.505 27.2357
16.51 27.5565
16.515 27.6042
16.52 27.3976
16.525 26.8838
16.53 26.1371
16.535 25.1877
16.54 24.073
16.545 22.8306
16.55 21.4967
16.555 20.1054
16.56 18.6877
16.565 17.271
16.57 15.879
16.575 14.5314
16.58 13.4284
16.585 12.5522
16.59 11.8918
16.595 11.4393
16.6 11.1794
16.605 11.0907
16.61 11.1476
16.615 11.3212
16.62 11.5813
16.625 11.8975
16.63 12.2406
16.635 12.584
16.64 12.9041
16.645 13.1816
16.65 13.4016
16.655 13.5537
16.66 13.6323
16.665 13.6367
16.67 13.5715
16.675 13.4454
16.68 13.2699
16.685 13.0589
16.69 12.8267
16.695 12.5876
16.7 12.3546
16.705 12.1388
16.71 11.9485
16.715 11.5869
16.72 11.2901
16.725 10.9929
16.73 10.7235
16.735 10.4959
16.74 10.3206
16.745 10.2047
16.75 10.1519
16.755 10.1624
16.76 10.2326
16.765 10.3559
16.77 10.5229
16.775 10.7224
16.78 10.9417
16.785 11.07
16.79 11.2327
16.795 11.0369
16.8 11.0617
16.805 11.1411
16.81 11.2638
16.815 11.3353
16.82 11.3235
16.825 11.2257
16.83 11.0457
16.835 10.7821
16.84 10.4348
16.845 10.0048
16.85 9.49374
16.855 8.90387
16.86 8.23805
16.865 7.49961
16.87 6.69241
16.875 5.82065
16.88 4.88887
16.885 3.90173
16.89 2.8638
16.895 1.77946
16.9 0.653232
16.905 -0.510084
16.91 -1.70528
16.915 -2.92678
16.92 -4.16882
16.925 -5.42556
16.93 -6.69116
16.935 -7.95987
16.94 -9.22595
16.945 -10.4837
16.95 -11.7275
16.955 -12.952
16.96 -14.1526
16.965 -15.325
16.97 -16.4656
16.975 -17.5714
16.98 -18.6404
16.985 -19.6714
16.99 -20.6644
16.995 -21.6206
17 -22.542
17.005 -23.4318
17.01 -24.2938
17.015 -25.1322
17.02 -25.9515
17.025 -26.7564
17.03 -27.5516
17.035 -28.342
17.04 -29.1323
17.045 -29.9267
17.05 -30.7284
17.055 -31.5399
17.06 -32.3623
17.065 -33.1958
17.07 -34.0398
17.075 -34.8923
17.08 -35.7502
17.085 -36.6091
17.09 -37.4642
17.095 -38.3096
17.1 -39.1387
17.105 -39.9444
17.11 -40.7191
17.115 -41.4553
17.12 -42.1456
17.125 -42.7829
17.13 -43.3602
17.135 -43.8712
17.14 -44.3105
17.145 -44.6737
17.15 -44.9572
17.155 -45.1584
17.16 -45.275
17.165 -45.3052
17.17 -45.2459
17.175 -45.0897
17.18 -44.8235
17.185 -44.4297
17.19 -43.8853
17.195 -43.1628
17.2 -42.0564
17.205 -40.6552
17.21 -38.8922
17.215 -36.7383
17.22 -34.1732
17.225 -31.3716
17.23 -28.2544
17.235 -24.8516
17.24 -21.1887
17.245 -17.3002
17.25 -13.2289
17.255 -9.02877
17.26 -4.75926
17.265 -0.494548
17.27 -0.595432
17.275 0.921848
17.28 2.52652
17.285 4.26748
17.29 6.18356
17.295 8.30147
17.3 10.6343
17.305 13.1809
17.31 18.2848
17.315 23.3502
17.32 28.0005
17.325 32.3713
17.33 36.3794
17.335 39.9497
17.34 43.0169
17.345 47.4245
17.35 50.4285
17.355 52.8025
17.36 54.5179
17.365 55.558
17.37 55.9186
17.375 55.6077
17.38 54.5501
17.385 52.7303
17.39 50.24
17.395 47.1465
17.4 43.5261
17.405 39.4626
17.41 35.0442
17.415 30.362
17.42 25.5073
17.425 20.5695
17.43 15.6347
17.435 10.7834
17.44 6.08954
17.445 1.61908
17.45 -2.5704
17.455 -6.42992
17.46 -9.9193
17.465 -13.007
17.47 -15.67
17.475 -17.8927
17.48 -19.6668
17.485 -20.5984
17.49 -20.7331
17.495 -20.1446
17.5 -18.8821
17.505 -17.0061
17.51 -14.4507
17.515 -11.3348
17.52 -7.76969
17.525 -3.85789
17.53 0.297673
17.535 4.59574
17.54 8.93836
17.545 13.2322
17.55 17.3871
17.555 21.3187
17.56 24.9519
17.565 28.2196
17.57 31.0641
17.575 33.4268
17.58 35.26
17.585 36.5373
17.59 37.2442
17.595 36.5489
17.6 34.969
17.605 32.5757
17.61 29.5336
17.615 26.005
17.62 22.2241
17.625 18.3759
17.63 14.6459
17.635 11.6472
17.64 10.873
17.645 10.1108
17.65 9.44707
17.655 8.87514
17.66 9.48727
17.665 9.48466
17.67 9.43703
17.675 9.3388
17.68 9.16731
17.685 8.93223
17.69 8.63538
17.695 8.28274
17.7 8.12311
17.705 8.02639
17.71 8.01429
17.715 8.08224
17.72 8.22256
17.725 8.42435
17.73 8.67345
17.735 8.95245
17.74 9.24099
17.745 9.51626
17.75 9.75375
17.755 9.92809
17.76 10.0139
17.765 9.98664
17.77 9.82385
17.775 9.50574
17.78 9.01581
17.785 8.34149
17.79 7.4747
17.795 6.41238
17.8 5.15671
17.805 3.71519
17.81 2.10069
17.815 0.331189
17.82 -1.57082
17.825 -3.57914
17.83 -5.66455
17.835 -7.7955
17.84 -9.93917
17.845 -12.0625
17.85 -14.1334
17.855 -16.1212
17.86 -17.9982
17.865 -19.74
17.87 -21.3261
17.875 -22.7406
17.88 -23.9722
17.885 -25.0147
17.89 -25.8669
17.895 -26.5324
17.9 -27.0195
17.905 -27.3408
17.91 -27.5123
17.915 -27.553
17.92 -27.484
17.925 -27.3279
17.93 -27.108
17.935 -26.848
17.94 -26.5708
17.945 -26.2979
17.95 -26.049
17.955 -25.8412
17.96 -25.6892
17.965 -25.6043
17.97 -25.5948
17.975 -25.6657
17.98 -25.8188
17.985 -26.0527
17.99 -26.4251
17.995 -26.9853
18 -27.6655
18.005 -28.431
18.01 -29.244
18.015 -30.0653
18.02 -30.8568
18.025 -31.5831
18.03 -32.2127
18.035 -32.7196
18.04 -33.0836
18.045 -33.2559
18.05 -33.2584
18.055 -33.0886
18.06 -32.7557
18.065 -32.2715
18.07 -31.724
18.075 -31.0828
18.08 -30.345
18.085 -29.5014
18.09 -28.5386
18.095 -27.4397
18.1 -26.1859
18.105 -24.7583
18.11 -23.1396
18.115 -21.316
18.12 -19.2788
18.125 -17.0261
18.13 -14.7246
18.135 -12.312
18.14 -9.82449
18.145 -7.28418
18.15 -4.71402
18.155 -2.13926
18.16 0.414954
18.165 2.92748
18.17 3.11003
18.175 3.62418
18.18 4.48928
18.185 5.44542
18.19 6.52641
18.195 7.75755
18.2 9.15429
18.205 10.7213
18.21 12.4523
18.215 14.3297
18.22 16.3266
18.225 20.306
18.23 23.1947
18.235 25.8889
18.24 28.5462
18.245 30.7922
18.25 32.6887
18.255 34.2014
18.26 35.3056
18.265 35.9863
18.27 37.2182
18.275 37.562
18.28 37.4775
18.285 36.9351
18.29 35.8848
18.295 34.3992
18.3 32.5222
18.305 30.3046
18.31 27.8023
18.315 25.0748
18.32 22.1835
18.325 19.1896
18.33 16.1528
18.335 13.1301
18.34 10.1744
18.345 7.33344
18.35 4.64969
18.355 2.31807
18.36 0.468368
18.365 -0.938844
18.37 -1.89884
18.375 -2.41934
18.38 -2.51943
18.385 -2.22801
18.39 -1.5823
18.395 -0.626033
18.4 0.592412
18.405 2.0218
18.41 3.60988
18.415 5.30501
18.42 7.05789
18.425 8.82338
18.43 10.561
18.435 12.2702
18.44 13.9055
18.445 15.4382
18.45 16.8433
18.455 18.1003
18.46 19.1934
18.465 20.1108
18.47 20.8441
18.475 21.3886
18.48 21.1491
18.485 20.5881
18.49 19.6808
18.495 18.5054
18.5 17.1509
18.505 15.7098
18.51 14.2745
18.515 12.9319
18.52 11.7598
18.525 10.8237
18.53 10.1742
18.535 9.7293
18.54 11.6321
18.545 11.8819
18.55 12.4917
18.555 13.1387
18.56 13.8114
18.565 14.4988
18.57 15.1907
18.575 15.8774
18.58 16.5506
18.585 17.2737
18.59 17.9863
18.595 18.686
18.6 19.3598
18.605 19.9945
18.61 20.577
18.615 21.0946
18.62 21.5349
18.625 21.8688
18.63 22.0796
18.635 22.1634
18.64 22.1125
18.645 21.9214
18.65 21.5865
18.655 21.1064
18.66 20.4817
18.665 19.7155
18.67 18.8132
18.675 17.7828
18.68 16.6345
18.685 15.3807
18.69 14.0357
18.695 12.6155
18.7 11.1372
18.705 9.61864
18.71 8.07811
18.715 6.53369
18.72 5.00298
18.725 3.50252
18.73 2.04725
18.735 0.650202
18.74 -0.677841
18.745 -1.92872
18.75 -3.09713
18.755 -4.18071
18.76 -5.18015
18.765 -6.09927
18.77 -6.94479
18.775 -7.7258
18.78 -8.45352
18.785 -9.14084
18.79 -9.80199
18.795 -10.4521
18.8 -11.1064
18.805 -11.7801
18.81 -12.4874
18.815 -13.2413
18.82 -14.0532
18.825 -14.932
18.83 -15.8843
18.835 -16.9142
18.84 -18.0231
18.845 -19.2096
18.85 -20.4694
18.855 -21.7956
18.86 -23.1787
18.865 -24.6075
18.87 -26.0688
18.875 -27.5483
18.88 -29.0304
18.885 -30.5004
18.89 -31.9424
18.895 -33.3399
18.9 -34.6786
18.905 -35.9448
18.91 -37.1269
18.915 -38.2149
18.92 -39.2005
18.925 -40.0776
18.93 -40.8421
18.935 -41.4919
18.94 -42.027
18.945 -42.4495
18.95 -42.7631
18.955 -42.9734
18.96 -43.087
18.965 -43.112
18.97 -43.0568
18.975 -42.93
18.98 -42.7406
18.985 -42.497
18.99 -42.2071
18.995 -41.8785
19 -41.5175
19.005 -41.128
19.01 -40.6575
19.015 -40.13
19.02 -39.5336
19.025 -38.9515
19.03 -38.351
19.035 -37.6832
19.04 -36.9017
19.045 -35.9554
19.05 -34.7914
19.055 -33.359
19.06 -31.6135
19.065 -29.5197
19.07 -27.0553
19.075 -24.2125
19.08 -20.9993
19.085 -17.4403
19.09 -13.575
19.095 -9.46223
19.1 -5.17225
19.105 -3.06687
19.11 -1.2495
19.115 0.884882
19.12 3.14615
19.125 5.53979
19.13 8.0633
19.135 10.7055
19.14 13.4468
19.145 16.2596
19.15 19.1096
19.155 24.0408
19.16 28.0194
19.165 31.9824
19.17 35.498
19.175 38.5955
19.18 41.2186
19.185 43.3214
19.19 45.9724
19.195 47.8648
19.2 49.1779
19.205 49.8975
19.21 50.0203
19.215 49.5532
19.22 48.3504
19.225 46.5097
19.23 44.0774
19.235 41.1137
19.24 37.6875
19.245 33.8748
19.25 29.7559
19.255 25.4141
19.26 20.9333
19.265 16.3958
19.27 11.8809
19.275 7.46289
19.28 3.21024
19.285 -0.815161
19.29 -4.55883
19.295 -7.97418
19.3 -11.0228
19.305 -13.6744
19.31 -15.9065
19.315 -17.0414
19.32 -17.5429
19.325 -17.334
19.33 -16.4564
19.335 -14.9651
19.34 -12.9259
19.345 -10.4134
19.35 -7.29205
19.355 -3.84602
19.36 -0.136662
19.365 3.73095
19.37 7.65476
19.375 11.5379
19.38 15.2907
19.385 18.83
19.39 22.0816
19.395 24.9823
19.4 27.48
19.405 29.5342
19.41 31.116
19.415 32.2029
19.42 32.7836
19.425 31.805
19.43 30.2344
19.435 27.9895
19.44 25.2277
19.445 22.1215
19.45 18.8492
19.455 15.5859
19.46 12.4954
19.465 9.72279
19.47 7.80236
19.475 9.3418
19.48 9.29361
19.485 8.96593
19.49 8.84904
19.495 9.74868
19.5 10.0865
19.505 10.3684
19.51 10.588
19.515 10.7418
19.52 10.8287
19.525 10.9309
19.53 11.1437
19.535 11.397
19.54 11.6733
19.545 11.9672
19.55 12.2665
19.555 12.5571
19.56 12.8236
19.565 13.0492
19.57 13.2164
19.575 13.3072
19.58 13.304
19.585 13.1898
19.59 12.9492
19.595 12.5686
19.6 12.0376
19.605 11.3487
19.61 10.4986
19.615 9.48784
19.62 8.3218
19.625 7.01003
19.63 5.56636
19.635 4.00851
19.64 2.35781
19.645 0.638665
19.65 -1.12211
19.655 -2.8962
19.66 -4.65469
19.665 -6.36891
19.67 -8.01123
19.675 -9.5559
19.68 -10.9798
19.685 -12.2628
19.69 -13.389
19.695 -14.3464
19.7 -15.1277
19.705 -15.7304
19.71 -16.1565
19.715 -16.4128
19.72 -16.5101
19.725 -16.4628
19.73 -16.2886
19.735 -16.0073
19.74 -15.6406
19.745 -15.2113
19.75 -14.7424
19.755 -14.2567
19.76 -13.719
19.765 -13.2031
19.77 -12.7228
19.775 -12.2996
19.78 -11.9518
19.785 -11.8849
19.79 -11.9703
19.795 -12.2164
19.8 -12.5987
19.805 -13.0864
19.81 -13.6443
19.815 -14.2355
19.82 -14.823
19.825 -15.3721
19.83 -15.8518
19.835 -16.2363
19.84 -16.5064
19.845 -16.6498
19.85 -16.6617
19.855 -16.5446
19.86 -16.3077
19.865 -15.9663
19.87 -15.6078
19.875 -15.2527
19.88 -14.8956
19.885 -14.5413
19.89 -14.1906
19.895 -13.8395
19.9 -13.4797
19.905 -13.0875
19.91 -12.6678
19.915 -12.1953
19.92 -11.6432
19.925 -10.9943
19.93 -10.2311
19.935 -9.34015
19.94 -8.31356
19.945 -7.1503
19.95 -5.85681
19.955 -4.44736
19.96 -2.9437
19.965 -1.42924
19.97 -0.0261655
19.975 1.27715
19.98 2.45495
19.985 3.48713
19.99 4.36022
19.995 5.06799
20 5.02984
20.005 4.86996
20.01 4.38504
20.015 4.01216
20.02 3.67476
20.025 3.40922
20.03 3.24593
20.035 3.20812
20.04 3.31097
20.045 3.56122
20.05 3.95709
20.055 4.4887
20.06 5.13871
20.065 5.88338
20.07 6.64241
20.075 7.33302
20.08 7.97409
20.085 8.55082
20.09 9.05005
20.095 9.46049
20.1 9.77291
20.105 9.91617
20.11 9.93627
20.115 9.82426
20.12 9.58574
20.125 9.22947
20.13 8.76697
20.135 8.21216
20.14 7.58082
20.145 6.89
20.15 6.15732
20.155 5.40032
20.16 4.6358
20.165 3.87934
20.17 3.14496
20.175 2.44485
20.18 1.78919
20.185 1.18597
20.19 0.640919
20.195 0.157595
20.2 -0.262471
20.205 -0.619547
20.21 -0.915449
20.215 -1.15322
20.22 -1.33684
20.225 -1.47097
20.23 -1.56071
20.235 -1.61137
20.24 -1.62828
20.245 -1.61659
20.25 -1.58117
20.255 -1.52653
20.26 -1.4568
20.265 -1.35482
20.27 -1.26596
20.275 -1.20547
20.28 -1.16246
20.285 -1.13436
20.29 -1.11731
20.295 -1.10667
20.3 -1.09758
20.305 -1.08529
20.31 -1.0656
20.315 -1.03511
20.32 -0.991388
20.325 -0.93316
20.33 -0.860314
20.335 -0.773878
20.34 -0.675924
20.345 -0.569448
20.35 -0.458197
20.355 -0.346436
20.36 -0.238667
20.365 -0.139358
20.37 -0.0527018
20.375 -0.012656
20.38 -0.00146561
20.385 -0.0105338
20.39 -0.0410519
20.395 -0.0889658
20.4 -0.148611
20.405 -0.212772
20.41 -0.27286
20.415 -0.319212
20.42 -0.341513
20.425 -0.329333
20.43 -0.272743
20.435 -0.162956
20.44 0.0070607
20.445 0.24203
20.45 0.543907
20.455 0.95769
20.46 1.44666
20.465 2.00601
20.47 2.62028
20.475 3.27054
20.48 3.93525
20.485 4.59136
20.49 5.12814
20.495 5.57478
20.5 5.90974
20.505 6.06084
20.51 5.78273
20.515 5.5675
20.52 5.29527
20.525 4.98604
20.53 4.66044
20.535 4.33879
20.54 4.04018
20.545 3.78162
20.55 3.57738
20.555 3.43845
20.56 3.37213
20.565 3.38178
20.57 3.46673
20.575 3.62249
20.58 3.79704
20.585 3.98177
20.59 4.17973
20.595 4.38541
20.6 4.59281
20.605 4.78585
20.61 4.96015
20.615 5.1099
20.62 5.22931
20.625 5.31315
20.63 5.35685
20.635 5.3567
20.64 5.30995
20.645 5.21493
20.65 5.07113
20.655 4.8792
20.66 4.64103
20.665 4.35967
20.67 4.03928
20.675 3.68502
20.68 3.30296
20.685 2.89984
20.69 2.48295
20.695 2.05989
20.7 1.63835
20.705 1.2259
20.71 0.829741
20.715 0.45654
20.72 0.112206
20.725 -0.198265
20.73 -0.470926
20.735 -0.702979
20.74 -0.89284
20.745 -1.04016
20.75 -1.14582
20.755 -1.21185
20.76 -1.24136
20.765 -1.23843
20.77 -1.20791
20.775 -1.15529
20.78 -1.08653
20.785 -1.00779
20.79 -0.910391
20.795 -0.817642
20.8 -0.733009
20.805 -0.663577
20.81 -0.615571
20.815 -0.619349
20.82 -0.657462
20.825 -0.734302
20.83 -0.847853
20.835 -0.987209
20.84 -1.15003
20.845 -1.33096
20.85 -1.52439
20.855 -1.72466
20.86 -1.92634
20.865 -2.12453
20.87 -2.315
20.875 -2.49438
20.88 -2.66027
20.885 -2.84573
20.89 -3.02018
20.895 -3.18961
20.9 -3.35255
20.905 -3.50772
20.91 -3.65404
20.915 -3.79066
20.92 -3.91695
20.925 -4.03248
20.93 -4.13704
20.935 -4.2306
20.94 -4.3133
20.945 -4.38545
20.95 -4.4475
20.955 -4.5
20.96 -4.5436
20.965 -4.57901
20.97 -4.60698
20.975 -4.62724
