0.005 -0.00738427
0.01 -0.0259784
0.015 -0.0510911
0.02 -0.0803556
0.025 -0.111343
0.03 -0.141763
0.035 -0.16962
0.04 -0.193338
0.045 -0.211826
0.05 -0.224507
0.055 -0.231301
0.06 -0.232596
0.065 -0.229221
0.07 -0.222352
0.075 -0.213413
0.08 -0.203953
0.085 -0.195408
0.09 -0.188907
0.095 -0.18523
0.1 -0.184692
0.105 -0.187012
0.11 -0.191387
0.115 -0.196544
0.12 -0.200889
0.125 -0.202654
0.13 -0.19998
0.135 -0.191297
0.14 -0.175548
0.145 -0.152668
0.15 -0.124121
0.155 -0.0936171
0.16 -0.0674487
0.165 -0.0547414
0.17 -0.0667978
0.175 -0.114589
0.18 -0.204278
0.185 -0.335486
0.19 -0.501456
0.195 -0.689072
0.2 -0.879208
0.205 -1.04841
0.21 -1.17342
0.215 -1.23806
0.22 -1.23661
0.225 -1.17247
0.23 -1.05554
0.235 -0.899544
0.24 -0.719759
0.245 -0.531189
0.25 -0.347
0.255 -0.179222
0.26 -0.0378373
0.265 0.0702905
0.27 0.142323
0.275 0.179213
0.28 0.172544
0.285 0.144002
0.29 0.101795
0.295 0.0584293
0.3 0.024828
0.305 0.00884447
0.31 0.0140177
0.315 0.0384295
0.32 0.0740701
0.325 0.107266
0.33 0.120885
0.335 0.0977137
0.34 0.0247973
0.345 -0.103061
0.35 -0.282282
0.355 -0.5014
0.36 -0.743924
0.365 -0.990241
0.37 -1.22737
0.375 -1.43837
0.38 -1.61267
0.385 -1.74761
0.39 -1.84705
0.395 -1.91867
0.4 -1.96956
0.405 -2.00277
0.41 -2.01642
0.415 -2.00432
0.42 -1.95684
0.425 -1.86319
0.43 -1.71479
0.435 -1.50872
0.44 -1.24903
0.445 -0.944976
0.45 -0.606429
0.455 -0.244388
0.46 0.127977
0.465 0.494006
0.47 0.813976
0.475 1.08221
0.48 1.28134
0.485 1.403
0.49 1.44819
0.495 1.42502
0.5 1.34427
0.505 1.21542
0.51 1.04469
0.515 0.836212
0.52 0.594746
0.525 0.32862
0.53 0.0505157
0.535 -0.225254
0.54 -0.485959
0.545 -0.721189
0.55 -0.939786
0.555 -1.1199
0.56 -1.25753
0.565 -1.3498
0.57 -1.39531
0.575 -1.39147
0.58 -1.33324
0.585 -1.21481
0.59 -1.03426
0.595 -0.79796
0.6 -0.521558
0.605 -0.224795
0.61 0.0606052
0.615 0.320204
0.62 0.546222
0.625 0.73541
0.63 0.893888
0.635 1.03642
0.64 1.18187
0.645 1.34621
0.65 1.53655
0.655 1.74758
0.66 1.95911
0.665 2.13598
0.67 2.23237
0.675 2.19969
0.68 1.99514
0.685 1.59122
0.69 0.983502
0.695 0.19551
0.7 -0.724483
0.705 -1.70737
0.71 -2.6742
0.715 -3.54948
0.72 -4.26598
0.725 -4.7702
0.73 -5.02587
0.735 -5.01498
0.74 -4.73772
0.745 -4.21314
0.75 -3.47973
0.755 -2.59403
0.76 -1.62713
0.765 -0.656308
0.77 0.24215
0.775 1.00049
0.78 1.56608
0.785 1.90351
0.79 1.99563
0.795 1.84398
0.8 1.4705
0.805 0.917079
0.81 0.243677
0.815 -0.477081
0.82 -1.16462
0.825 -1.74261
0.83 -2.14943
0.835 -2.36726
0.84 -2.4065
0.845 -2.26282
0.85 -1.96038
0.855 -1.53523
0.86 -1.02809
0.865 -0.478444
0.87 0.0774047
0.875 0.609727
0.88 1.09413
0.885 1.51637
0.89 1.87432
0.895 2.17432
0.9 2.42657
0.905 2.58646
0.91 2.70894
0.915 2.79384
0.92 2.84309
0.925 2.85177
0.93 2.81018
0.935 2.709
0.94 2.54248
0.945 2.30853
0.95 2.00687
0.955 1.64031
0.96 1.21731
0.965 0.754063
0.97 0.275063
0.975 -0.189019
0.98 -0.60369
0.985 -0.937565
0.99 -1.17119
0.995 -1.30538
1 -1.36647
1.005 -1.40147
1.01 -1.46851
1.015 -1.62162
1.02 -1.89885
1.025 -2.31635
1.03 -2.87096
1.035 -3.52899
1.04 -4.23132
1.045 -4.90501
1.05 -5.47557
1.055 -5.88007
1.06 -6.08029
1.065 -6.06518
1.07 -5.84889
1.075 -5.4633
1.08 -4.94837
1.085 -4.3396
1.09 -3.65405
1.095 -2.88576
1.1 -2.01541
1.105 -1.02944
1.11 0.0685374
1.115 1.2493
1.12 2.45327
1.125 3.59216
1.13 4.55987
1.135 5.25375
1.14 5.60438
1.145 5.5726
1.15 5.18411
1.155 4.51975
1.16 3.69874
1.165 2.85226
1.17 2.09699
1.175 1.52
1.18 1.16664
1.185 1.03695
1.19 1.05086
1.195 1.17292
1.2 1.31589
1.205 1.40008
1.21 1.36034
1.215 1.15578
1.22 0.774717
1.225 0.234679
1.23 -0.445909
1.235 -1.18244
1.24 -1.89733
1.245 -2.51496
1.25 -2.974
1.255 -3.23045
1.26 -3.26041
1.265 -3.06114
1.27 -2.65642
1.275 -2.09013
1.28 -1.4178
1.285 -0.702749
1.29 -0.0132251
1.295 0.581169
1.3 1.01528
1.305 1.23383
1.31 1.19626
1.315 0.882055
1.32 0.296202
1.325 -0.531322
1.33 -1.5562
1.335 -2.7267
1.34 -3.98793
1.345 -5.2833
1.35 -6.54659
1.355 -7.72726
1.36 -8.77409
1.365 -9.64564
1.37 -10.3104
1.375 -10.745
1.38 -10.9316
1.385 -10.8595
1.39 -10.5255
1.395 -9.93276
1.4 -9.0925
1.405 -8.02657
1.41 -6.77039
1.415 -5.37219
1.42 -3.89041
1.425 -2.38855
1.43 -0.923567
1.435 0.457324
1.44 1.71483
1.445 2.81599
1.45 3.7358
1.455 4.45543
1.46 4.96271
1.465 5.25902
1.47 5.35652
1.475 5.27724
1.48 5.0552
1.485 4.73613
1.49 4.37228
1.495 4.01263
1.5 3.69725
1.505 3.45492
1.51 3.30209
1.515 3.2426
1.52 3.26706
1.525 3.35579
1.53 3.48249
1.535 3.62119
1.54 3.75241
1.545 3.86459
1.55 3.95126
1.555 4.00872
1.56 4.03689
1.565 4.03905
1.57 4.01949
1.575 3.98068
1.58 3.92492
1.585 3.85383
1.59 3.76891
1.595 3.67508
1.6 3.58253
1.605 3.51
1.61 3.48444
1.615 3.53443
1.62 3.68293
1.625 3.94523
1.63 4.32951
1.635 4.83726
1.64 5.46169
1.645 6.18412
1.65 6.97655
1.655 7.80384
1.66 8.62295
1.665 9.38396
1.67 10.0297
1.675 10.4948
1.68 10.7086
1.685 10.6031
1.69 10.1202
1.695 9.21759
1.7 7.8763
1.705 6.1083
1.71 3.96831
1.715 1.54944
1.72 -1.02318
1.725 -3.60862
1.73 -6.06561
1.735 -8.26365
1.74 -10.0919
1.745 -11.4681
1.75 -12.3458
1.755 -12.7161
1.76 -12.6057
1.765 -12.0715
1.77 -11.1933
1.775 -10.064
1.78 -8.78396
1.785 -7.45507
1.79 -6.16874
1.795 -4.9937
1.8 -3.96496
1.805 -3.08049
1.81 -2.30558
1.815 -1.58791
1.82 -0.874005
1.825 -0.119671
1.83 0.704379
1.835 1.60851
1.84 2.57903
1.845 3.57748
1.85 4.54394
1.855 5.40371
1.86 6.07519
1.865 6.47677
1.87 6.53043
1.875 6.1662
1.88 5.33244
1.885 4.00824
1.89 2.21532
1.895 0.0237097
1.9 -2.45317
1.905 -5.07127
1.91 -7.66882
1.915 -10.0801
1.92 -12.1513
1.925 -13.7545
1.93 -14.7973
1.935 -15.2269
1.94 -15.0279
1.945 -14.2155
1.95 -12.8298
1.955 -10.934
1.96 -8.60977
1.965 -5.96172
1.97 -3.11181
1.975 -0.194833
1.98 2.65133
1.985 5.29677
1.99 7.63114
1.995 9.5721
2 11.0676
2.005 12.0921
2.01 12.64
2.015 12.7197
2.02 12.3522
2.025 11.5768
2.03 10.4604
2.035 9.09677
2.04 7.59561
2.045 6.06847
2.05 4.61757
2.055 3.32996
2.06 2.27108
2.065 1.47706
2.07 0.952472
2.075 0.672869
2.08 0.592009
2.085 0.651305
2.09 0.78959
2.095 0.950267
2.1 1.08449
2.105 1.1539
2.11 1.13103
2.115 1.00048
2.12 0.761525
2.125 0.431498
2.13 0.0461306
2.135 -0.334023
2.14 -0.670373
2.145 -0.884919
2.15 -0.909984
2.155 -0.69104
2.16 -0.191386
2.165 0.599655
2.17 1.66432
2.175 2.94964
2.18 4.37072
2.185 5.81743
2.19 7.16845
2.195 8.30896
2.2 9.14462
2.205 9.61187
2.21 9.68073
2.215 9.35417
2.22 8.66594
2.225 7.67533
2.23 6.45821
2.235 5.09807
2.24 3.68096
2.245 2.28769
2.25 0.981582
2.255 -0.198597
2.26 -1.23337
2.265 -2.1129
2.27 -2.83177
2.275 -3.38387
2.28 -3.76118
2.285 -3.95599
2.29 -3.96519
2.295 -3.79808
2.3 -3.48183
2.305 -3.05939
2.31 -2.58584
2.315 -2.12155
2.32 -1.71769
2.325 -1.40845
2.33 -1.20822
2.335 -1.1089
2.34 -1.08064
2.345 -1.07991
2.35 -1.05518
2.355 -0.953467
2.36 -0.728129
2.365 -0.344134
2.37 0.219026
2.375 0.962575
2.38 1.86569
2.385 2.88632
2.39 3.9616
2.395 5.0105
2.4 5.94333
2.405 6.66966
2.41 7.1105
2.415 7.21131
2.42 6.94532
2.425 6.30941
2.43 5.32106
2.435 4.01962
2.44 2.46783
2.445 0.756342
2.45 -0.998701
2.455 -2.66528
2.46 -4.10521
2.465 -5.18423
2.47 -5.7847
2.475 -5.82614
2.48 -5.27683
2.485 -4.15509
2.49 -2.52994
2.495 -0.514475
2.5 1.74743
2.505 4.09468
2.51 6.36052
2.515 8.38878
2.52 10.0517
2.525 11.2616
2.53 11.973
2.535 12.177
2.54 11.898
2.545 11.1886
2.55 10.122
2.555 8.78309
2.56 7.26077
2.565 5.64203
2.57 4.00802
2.575 2.43342
2.58 0.981522
2.585 -0.290613
2.59 -1.33773
2.595 -2.12865
2.6 -2.64883
2.605 -2.9046
2.61 -2.91927
2.615 -2.7249
2.62 -2.35474
2.625 -1.83983
2.63 -1.20736
2.635 -0.479894
2.64 0.317261
2.645 1.15192
2.65 1.98544
2.655 2.77246
2.66 3.46217
2.665 4.00362
2.67 4.35348
2.675 4.4805
2.68 4.36719
2.685 4.01064
2.69 3.42537
2.695 2.63781
2.7 1.68116
2.705 0.596831
2.71 -0.564182
2.715 -1.74128
2.72 -2.87049
2.725 -3.89382
2.73 -4.7654
2.735 -5.44633
2.74 -5.90666
2.745 -6.13411
2.75 -6.13541
2.755 -5.93428
2.76 -5.5667
2.765 -5.07884
2.77 -4.52161
2.775 -3.9439
2.78 -3.38675
2.785 -2.87846
2.79 -2.4354
2.795 -2.06123
2.8 -1.74972
2.805 -1.48852
2.81 -1.26109
2.815 -1.05015
2.82 -0.840836
2.825 -0.620186
2.83 -0.381261
2.835 -0.125813
2.84 0.134112
2.845 0.379801
2.85 0.598349
2.855 0.789504
2.86 0.961508
2.865 1.1289
2.87 1.31099
2.875 1.5292
2.88 1.79986
2.885 2.12851
2.89 2.50468
2.895 2.89749
2.9 3.25995
2.905 3.54008
2.91 3.69712
2.915 3.7112
2.92 3.58522
2.925 3.33911
2.93 3.00114
2.935 2.60056
2.94 2.16314
2.945 1.71071
2.95 1.26136
2.955 0.833986
2.96 0.450241
2.965 0.131282
2.97 -0.107524
2.975 -0.260394
2.98 -0.331792
2.985 -0.33879
2.99 -0.311971
2.995 -0.292033
3 -0.322539
3.005 -0.441469
3.01 -0.672883
3.015 -1.02124
3.02 -1.47192
3.025 -1.99796
3.03 -2.57126
3.035 -3.17085
3.04 -3.77951
3.045 -4.37812
3.05 -4.93895
3.055 -5.42631
3.06 -5.80394
3.065 -6.04349
3.07 -6.13131
3.075 -6.07357
3.08 -5.89609
3.085 -5.63984
3.09 -5.35505
3.095 -5.09318
3.1 -4.8986
3.105 -4.79944
3.11 -4.80184
3.115 -4.89091
3.12 -5.03742
3.125 -5.20372
3.13 -5.34666
3.135 -5.42226
3.14 -5.39108
3.145 -5.22411
3.15 -4.90976
3.155 -4.45549
3.16 -3.88274
3.165 -3.22184
3.17 -2.5085
3.175 -1.78421
3.18 -1.09966
3.185 -0.519085
3.19 -0.120189
3.195 0.0163702
3.2 -0.177317
3.205 -0.741371
3.21 -1.6761
3.215 -2.93449
3.22 -4.42477
3.225 -6.02241
3.23 -7.58702
3.235 -8.98069
3.24 -10.0847
3.245 -10.8109
3.25 -11.1061
3.255 -10.9544
3.26 -10.3764
3.265 -9.42707
3.27 -8.18778
3.275 -6.75729
3.28 -5.24229
3.285 -3.74535
3.29 -2.3531
3.295 -1.13188
3.3 -0.128235
3.305 0.634854
3.31 1.16294
3.315 1.4869
3.32 1.65278
3.325 1.71188
3.33 1.71539
3.335 1.7097
3.34 1.73279
3.345 1.8105
3.35 1.9529
3.355 2.15453
3.36 2.39981
3.365 2.66331
3.37 2.90752
3.375 3.08408
3.38 3.13581
3.385 3.00538
3.39 2.64469
3.395 2.02518
3.4 1.14658
3.405 0.0392735
3.41 -1.23578
3.415 -2.58914
3.42 -3.91322
3.425 -5.09802
3.43 -6.04214
3.435 -6.66868
3.44 -6.93624
3.445 -6.84153
3.45 -6.41552
3.455 -5.71322
3.46 -4.80464
3.465 -3.76704
3.47 -2.67744
3.475 -1.60503
3.48 -0.607795
3.485 0.273665
3.49 1.0217
3.495 1.63977
3.5 2.14741
3.505 2.57345
3.51 2.94981
3.515 3.30199
3.52 3.64483
3.525 3.98132
3.53 4.3
3.535 4.57246
3.54 4.75654
3.545 4.80759
3.55 4.68605
3.555 4.35923
3.56 3.80518
3.565 3.0173
3.57 2.00209
3.575 0.781295
3.58 -0.609478
3.585 -2.12492
3.59 -3.71353
3.595 -5.32226
3.6 -6.89433
3.605 -8.37229
3.61 -9.70639
3.615 -10.8613
3.62 -11.8131
3.625 -12.5444
3.63 -13.0394
3.635 -13.2781
3.64 -13.2433
3.645 -12.9258
3.65 -12.3282
3.655 -11.4626
3.66 -10.3459
3.665 -8.99924
3.67 -7.44574
3.675 -5.70931
3.68 -3.81212
3.685 -1.77457
3.69 0.389568
3.695 2.6765
3.7 5.08895
3.705 7.6287
3.71 10.2917
3.715 13.0621
3.72 15.9111
3.725 18.7962
3.73 21.66
3.735 24.4354
3.74 27.0484
3.745 29.4244
3.75 31.4969
3.755 33.2179
3.76 34.5666
3.765 35.546
3.77 36.1746
3.775 36.4756
3.78 36.4766
3.785 36.2096
3.79 35.7057
3.795 34.9946
3.8 35.2991
3.805 34.8533
3.81 34.0293
3.815 32.8587
3.82 32.4683
3.825 31.4551
3.83 30.1841
3.835 28.7276
3.84 27.1736
3.845 25.5815
3.85 25.9091
3.855 24.8326
3.86 23.3434
3.865 21.3906
3.87 18.9076
3.875 15.9721
3.88 12.6151
3.885 8.89885
3.89 4.89778
3.895 0.697679
3.9 -3.15234
3.905 -6.67447
3.91 -9.98356
3.915 -12.9659
3.92 -15.6657
3.925 -18.1141
3.93 -20.3303
3.935 -22.3116
3.94 -24.039
3.945 -25.4776
3.95 -26.5867
3.955 -27.3279
3.96 -27.675
3.965 -27.6243
3.97 -27.1921
3.975 -26.4075
3.98 -25.3203
3.985 -26.0028
3.99 -25.8782
3.995 -25.2145
4 -24.1284
4.005 -22.7891
4.01 -19.172
4.015 -16.4351
4.02 -14.257
4.025 -12.6215
4.03 -12.1661
4.035 -11.9695
4.04 -11.9559
4.045 -11.9926
4.05 -13.8268
4.055 -14.0815
4.06 -13.6143
4.065 -12.3288
4.07 -10.1307
4.075 -8.20532
4.08 -4.83335
4.085 -0.200209
4.09 5.61234
4.095 12.4397
4.1 20.038
4.105 28.0934
4.11 36.2369
4.115 43.1303
4.12 48.9203
4.125 53.3672
4.13 56.3688
4.135 57.8991
4.14 57.9734
4.145 56.6274
4.15 53.916
4.155 49.9063
4.16 44.6789
4.165 38.3301
4.17 30.9812
4.175 22.7778
4.18 15.9131
4.185 7.67512
4.19 -1.48728
4.195 -11.3499
4.2 -21.5176
4.205 -31.5348
4.21 -41.0151
4.215 -49.6009
4.22 -57.0021
4.225 -62.6485
4.23 -66.3703
4.235 -68.4918
4.24 -69.3832
4.245 -69.4074
4.25 -68.7933
4.255 -67.7477
4.26 -66.396
4.265 -64.7787
4.27 -62.8652
4.275 -60.8775
4.28 -57.8799
4.285 -53.9784
4.29 -49.1118
4.295 -43.1615
4.3 -36.1264
4.305 -28.0809
4.31 -19.1814
4.315 -9.72376
4.32 -0.0588568
4.325 9.50027
4.33 18.6353
4.335 27.0408
4.34 34.4421
4.345 40.6117
4.35 45.3816
4.355 48.6496
4.36 50.378
4.365 50.5914
4.37 49.3197
4.375 46.601
4.38 42.5296
4.385 37.2554
4.39 32.1702
4.395 25.5852
4.4 18.46
4.405 11.204
4.41 4.18508
4.415 -2.26929
4.42 -7.89276
4.425 -12.5111
4.43 -16.0537
4.435 -18.0969
4.44 -19.1123
4.445 -19.2419
4.45 -18.7267
4.455 -17.8062
4.46 -16.6901
4.465 -15.534
4.47 -14.4256
4.475 -14.5254
4.48 -13.9333
4.485 -12.9834
4.49 -11.5668
4.495 -9.59808
4.5 -7.02693
4.505 -3.8466
4.51 -0.0982764
4.515 4.03921
4.52 8.36707
4.525 12.7799
4.53 17.1017
4.535 21.1494
4.54 24.7462
4.545 27.7184
4.55 29.9281
4.555 31.3069
4.56 32.957
4.565 33.2752
4.57 32.6334
4.575 31.1635
4.58 29.0695
4.585 26.6055
4.59 24.0479
4.595 21.6636
4.6 19.6834
4.605 18.2811
4.61 17.5555
4.615 17.5255
4.62 18.2259
4.625 19.4547
4.63 20.9971
4.635 22.6174
4.64 24.0863
4.645 25.2076
4.65 26.1117
4.655 26.5061
4.66 26.3537
4.665 25.6137
4.67 24.2769
4.675 22.3581
4.68 19.8913
4.685 16.9238
4.69 13.5134
4.695 9.72302
4.7 5.61602
4.705 1.26037
4.71 -3.27789
4.715 -7.92693
4.72 -12.6123
4.725 -17.2565
4.73 -21.7797
4.735 -25.8212
4.74 -29.3193
4.745 -32.2858
4.75 -34.6906
4.755 -36.5
4.76 -37.6754
4.765 -38.1722
4.77 -37.9343
4.775 -36.8975
4.78 -34.9959
4.785 -32.177
4.79 -31.1251
4.795 -27.7033
4.8 -22.8509
4.805 -16.6533
4.81 -9.33098
4.815 -1.27365
4.82 7.03673
4.825 15.118
4.83 21.5134
4.835 27.5376
4.84 33.4461
4.845 36.8155
4.85 38.2025
4.855 37.6118
4.86 34.8444
4.865 30.511
4.87 24.9845
4.875 18.7263
4.88 12.1886
4.885 5.78252
4.89 -0.153258
4.895 -5.38083
4.9 -9.76445
4.905 -13.4222
4.91 -16.3514
4.915 -18.5192
4.92 -19.9692
4.925 -20.7729
4.93 -21.0161
4.935 -20.7631
4.94 -20.0705
4.945 -19.0018
4.95 -17.6048
4.955 -15.9142
4.96 -13.9507
4.965 -11.9933
4.97 -9.81893
4.975 -7.42816
4.98 -4.76805
4.985 -1.78474
4.99 1.56451
4.995 5.28855
5 9.34578
5.005 13.6416
5.01 18.0318
5.015 22.3319
5.02 28.222
5.025 32.6367
5.03 36.0065
5.035 38.0921
5.04 38.7309
5.045 37.8507
5.05 35.5273
5.055 31.9416
5.06 27.3175
5.065 23.0262
5.07 16.1141
5.075 9.54396
5.08 3.38801
5.085 -2.05826
5.09 -6.59372
5.095 -10.1176
5.1 -12.6751
5.105 -14.3048
5.11 -15.1288
5.115 -15.4677
5.12 -15.6328
5.125 -15.9307
5.13 -16.6293
5.135 -17.9278
5.14 -19.9379
5.145 -22.6825
5.15 -26.0945
5.155 -30.0159
5.16 -34.2171
5.165 -38.4273
5.17 -42.3634
5.175 -45.7633
5.18 -50.121
5.185 -52.6904
5.19 -54.0377
5.195 -54.1096
5.2 -52.9472
5.205 -50.6833
5.21 -47.5795
5.215 -43.9609
5.22 -40.1373
5.225 -37.6593
5.23 -33.0881
5.235 -29.4426
5.24 -26.6256
5.245 -24.7304
5.25 -23.7555
5.255 -23.6189
5.26 -24.179
5.265 -26.4881
5.27 -28.6625
5.275 -30.6384
5.28 -32.3435
5.285 -33.8111
5.29 -35.0395
5.295 -33.2952
5.3 -31.8589
5.305 -30.7334
5.31 -29.9909
5.315 -29.6739
5.32 -29.8043
5.325 -30.3846
5.33 -31.4019
5.335 -32.8291
5.34 -34.6257
5.345 -36.7509
5.35 -39.1476
5.355 -41.7446
5.36 -44.4452
5.365 -47.1733
5.37 -49.85
5.375 -52.399
5.38 -54.7466
5.385 -56.8212
5.39 -58.5556
5.395 -59.8895
5.4 -60.7727
5.405 -61.1697
5.41 -61.0588
5.415 -60.4274
5.42 -59.2708
5.425 -57.5919
5.43 -55.3992
5.435 -52.7031
5.44 -45.4778
5.445 -36.0883
5.45 -24.5021
5.455 -11.8353
5.46 1.28443
5.465 14.2786
5.47 26.5469
5.475 37.5717
5.48 47.2065
5.485 54.9279
5.49 60.5477
5.495 64.0441
5.5 65.5362
5.505 65.2689
5.51 63.5817
5.515 52.3316
5.52 37.8866
5.525 22.1427
5.53 8.14142
5.535 -4.37449
5.54 -15.2209
5.545 -24.1748
5.55 -31.0751
5.555 3.42156
5.56 32.8617
5.565 60.6195
5.57 84.6885
5.575 103.592
5.58 82.9701
5.585 80.7641
5.59 76.9106
5.595 71.8647
5.6 67.9843
5.605 63.486
5.61 58.9949
5.615 54.6402
5.62 50.6802
5.625 47.3098
5.63 44.677
5.635 42.8745
5.64 41.937
5.645 49.0526
5.65 53.7445
5.655 57.7685
5.66 61.4698
5.665 64.4734
5.67 66.6015
5.675 67.7194
5.68 67.7393
5.685 66.6222
5.69 64.3777
5.695 61.0617
5.7 54.3061
5.705 44.0396
5.71 31.6299
5.715 18.2232
5.72 4.90117
5.725 -7.30547
5.73 -17.4962
5.735 -24.8284
5.74 -25.5972
5.745 -22.7768
5.75 -16.4307
5.755 -7.52821
5.76 2.80345
5.765 13.4328
5.77 23.3303
5.775 31.6298
5.78 37.6998
5.785 41.1785
5.79 41.9805
5.795 40.2748
5.8 36.4418
5.805 31.0198
5.81 24.6366
5.815 17.9385
5.82 11.5241
5.825 5.88343
5.83 1.34854
5.835 -1.93325
5.84 -4.30657
5.845 -5.50857
5.85 -5.93816
5.855 -11.8397
5.86 -14.5006
5.865 -16.5661
5.87 -18.1719
5.875 -0.437005
5.88 12.7972
5.885 24.8213
5.89 38.3341
5.895 34.3872
5.9 35.6919
5.905 36.7255
5.91 37.494
5.915 38.0038
5.92 38.261
5.925 38.2717
5.93 37.4893
5.935 36.7398
5.94 35.8237
5.945 -38.1674
5.95 -87.7081
5.955 -125.89
5.96 -154.014
5.965 -167.819
5.97 -140.624
5.975 -130.529
5.98 -117.427
5.985 -102.838
5.99 -87.2044
5.995 -71.898
6 -54.6578
6.005 -37.9178
6.01 -22.7072
6.015 -15.2602
6.02 -6.6663
6.025 0.0194183
6.03 3.4266
6.035 1.83702
6.04 -3.32016
6.045 -11.3077
6.05 -21.0817
6.055 -31.5974
6.06 -41.7824
6.065 -49.9341
6.07 -56.379
6.075 -60.0654
6.08 -60.6003
6.085 -57.889
6.09 -52.1033
6.095 -41.9031
6.1 -30.5606
6.105 -18.5045
6.11 -6.44993
6.115 4.96055
6.12 15.1947
6.125 23.8242
6.13 30.7639
6.135 35.6513
6.14 38.3752
6.145 38.9427
6.15 37.4733
6.155 34.2045
6.16 29.4703
6.165 23.6791
6.17 16.9566
6.175 10.0118
6.18 3.32135
6.185 -1.67128
6.19 -5.77655
6.195 -8.5515
6.2 -9.87738
6.205 -9.71606
6.21 -8.10912
6.215 -5.1206
6.22 -0.869115
6.225 4.44409
6.23 10.5827
6.235 17.2742
6.24 24.2189
6.245 6.55579
6.25 -2.03497
6.255 -12.8125
6.26 -21.3304
6.265 -28.4597
6.27 -31.5267
6.275 -33.9652
6.28 -35.231
6.285 -35.3501
6.29 -34.3787
6.295 -32.3989
6.3 -29.5145
6.305 -21.6612
6.31 45.4641
6.315 87.8159
6.32 124.516
6.325 153.459
6.33 173.646
6.335 184.593
6.34 186.399
6.345 179.693
6.35 165.558
6.355 145.428
6.36 116.597
6.365 85.6704
6.37 54.2853
6.375 24.844
6.38 -0.590661
6.385 -20.4249
6.39 -33.6516
6.395 -39.8759
6.4 -39.2971
6.405 -31.7709
6.41 -17.6238
6.415 0.485182
6.42 20.3549
6.425 39.7991
6.43 56.8237
6.435 69.7886
6.44 77.1086
6.445 78.2258
6.45 72.9902
6.455 61.5149
6.46 45.3704
6.465 25.8187
6.47 4.46678
6.475 -16.7862
6.48 -36.699
6.485 -53.9381
6.49 -67.4817
6.495 -76.6483
6.5 -81.1549
6.505 -81.1112
6.51 -76.9791
6.515 -69.5102
6.52 -62.5218
6.525 -52.6661
6.53 -42.1353
6.535 -31.8414
6.54 -22.5954
6.545 -15.1156
6.55 -9.95848
6.555 -7.38015
6.56 -7.40307
6.565 2.19541
6.57 7.13794
6.575 11.1614
6.58 14.2298
6.585 19.0856
6.59 22.3839
6.595 24.9588
6.6 26.8354
6.605 28.0532
6.61 26.334
6.615 25.3328
6.62 24.2174
6.625 23.0079
6.63 21.7211
6.635 20.3711
6.64 18.9691
6.645 -29.28
6.65 -69.7962
6.655 -104.634
6.66 -132.205
6.665 -151.387
6.67 -161.657
6.675 -162.697
6.68 -154.927
6.685 -137.369
6.69 -88.1814
6.695 -42.2882
6.7 1.27348
6.705 40.8138
6.71 73.2046
6.715 96.5409
6.72 109.757
6.725 112.708
6.73 105.796
6.735 90.2251
6.74 68.1942
6.745 42.2026
6.75 15.4076
6.755 -10.4404
6.76 -32.9724
6.765 -50.4293
6.77 -61.6118
6.775 -63.2605
6.78 -58.9321
6.785 -49.2249
6.79 -35.28
6.795 -18.5495
6.8 -0.657636
6.805 16.749
6.81 32.134
6.815 44.1844
6.82 51.9418
6.825 54.8339
6.83 52.6692
6.835 45.6594
6.84 34.4628
6.845 19.9474
6.85 3.18868
6.855 -14.5836
6.86 -32.0956
6.865 -48.1237
6.87 -61.5795
6.875 -71.5787
6.88 -77.4904
6.885 -78.9681
6.89 -75.9622
6.895 -67.8412
6.9 -56.0044
6.905 -41.2599
6.91 -24.7188
6.915 -7.55771
6.92 9.07813
6.925 24.1698
6.93 22.37
6.935 22.1112
6.94 21.1731
6.945 17.4166
6.95 14.3288
6.955 11.1181
6.96 7.97194
6.965 5.06008
6.97 2.52739
6.975 0.488595
6.98 -0.983093
6.985 -1.84733
6.99 -2.08678
6.995 -1.71243
7 -0.757668
7.005 0.724171
7.01 2.89491
7.015 5.45987
7.02 8.33545
7.025 11.3874
7.03 14.4796
7.035 17.4807
7.04 20.2693
7.045 22.7391
7.05 26.0888
7.055 28.2476
7.06 29.7083
7.065 39.1682
7.07 40.5079
7.075 39.4372
7.08 35.8294
7.085 29.0631
7.09 20.7632
7.095 11.5836
7.1 2.36158
7.105 -6.1188
7.11 -13.1856
7.115 -18.3279
7.12 -21.2263
7.125 -21.4704
7.13 -19.3739
7.135 -15.5288
7.14 -10.5794
7.145 -4.84033
7.15 1.19827
7.155 7.05565
7.16 12.2936
7.165 16.5441
7.17 19.5427
7.175 21.1433
7.18 21.3123
7.185 20.3902
7.19 18.0107
7.195 14.3114
7.2 9.63648
7.205 4.27274
7.21 -1.49302
7.215 -7.40641
7.22 -13.2503
7.225 -18.6998
7.23 -23.5655
7.235 -27.8277
7.24 -31.482
7.245 -34.5656
7.25 -30.5429
7.255 -27.3947
7.26 -23.8224
7.265 -20.2888
7.27 -16.9469
7.275 -11.875
7.28 -7.90287
7.285 -4.37443
7.29 -1.37701
7.295 1.02621
7.3 2.79696
7.305 3.92179
7.31 4.41102
7.315 4.29665
7.32 3.62957
7.325 2.47642
7.33 0.915919
7.335 -1.08057
7.34 -7.97389
7.345 -78.5509
7.35 -112.506
7.355 -139.374
7.36 -158.035
7.365 -167.908
7.37 -168.806
7.375 -161.278
7.38 -146.352
7.385 -125.438
7.39 -97.614
7.395 -67.3963
7.4 -36.5295
7.405 -7.28465
7.41 18.7902
7.415 40.2955
7.42 56.3529
7.425 66.4447
7.43 70.5063
7.435 68.2579
7.44 60.9304
7.445 49.9835
7.45 37
7.455 23.5675
7.46 11.1592
7.465 1.78197
7.47 -4.90574
7.475 -7.95108
7.48 -7.14805
7.485 0.0275013
7.49 9.72676
7.495 21.1711
7.5 33.4541
7.505 45.6289
7.51 56.811
7.515 66.2262
7.52 58.8467
7.525 54.0885
7.53 49.1264
7.535 42.5604
7.54 36.2631
7.545 29.8144
7.55 23.279
7.555 16.7502
7.56 10.3011
7.565 4.00779
7.57 -2.05569
7.575 -7.82
7.58 -13.2223
7.585 -18.2069
7.59 -22.3453
7.595 -26.1956
7.6 -29.5297
7.605 -32.3184
7.61 -34.5365
7.615 -36.1309
7.62 -38.2931
7.625 -38.8557
7.63 -2.29901
7.635 25.908
7.64 50.4907
7.645 70.2962
7.65 84.4937
7.655 92.6532
7.66 94.7542
7.665 91.1557
7.67 82.5413
7.675 69.8514
7.68 50.6216
7.685 29.9959
7.69 9.01442
7.695 -10.6065
7.7 -27.4165
7.705 -40.3189
7.71 -48.4439
7.715 -51.3294
7.72 -49.3528
7.725 -43.1512
7.73 -33.6596
7.735 -21.9954
7.74 -9.33806
7.745 2.53975
7.75 13.6752
7.755 23.0407
7.76 29.9514
7.765 34.1531
7.77 35.6418
7.775 32.2275
7.78 28.9763
7.785 24.9427
7.79 20.5636
7.795 16.3812
7.8 12.8326
7.805 10.2479
7.81 8.77682
7.815 8.43902
7.82 9.18014
7.825 10.8375
7.83 13.1739
7.835 15.905
7.84 18.7265
7.845 21.3363
7.85 23.4553
7.855 24.8492
7.86 25.3471
7.865 24.8564
7.87 23.3722
7.875 20.9819
7.88 17.8585
7.885 14.2402
7.89 10.4024
7.895 6.62927
7.9 3.18765
7.905 0.307085
7.91 -1.83693
7.915 4.703
7.92 7.54234
7.925 9.93965
7.93 11.823
7.935 13.1384
7.94 13.8498
7.945 13.9382
7.95 13.4001
7.955 12.2474
7.96 11.0724
7.965 8.99775
7.97 6.41525
7.975 3.46638
7.98 0.297856
7.985 -2.94604
7.99 -6.1307
7.995 -9.13712
8 -11.8685
8.005 -14.2586
8.01 -16.2719
8.015 -17.8999
8.02 -19.1577
8.025 -20.08
8.03 -20.7591
8.035 -21.2391
8.04 -21.5635
8.045 -21.779
8.05 -25.0243
8.055 -72.0609
8.06 -98.6765
8.065 -118.978
8.07 -133.942
8.075 -140.685
8.08 -139.608
8.085 -131.094
8.09 -115.966
8.095 -92.8758
8.1 -65.5115
8.105 -33.1832
8.11 -1.73626
8.115 27.2251
8.12 51.8678
8.125 70.8439
8.13 83.3623
8.135 88.8505
8.14 87.6722
8.145 80.8395
8.15 69.6736
8.155 55.7373
8.16 40.779
8.165 26.2602
8.17 17.4906
8.175 9.55804
8.18 4.37814
8.185 2.21373
8.19 3.0565
8.195 6.62627
8.2 12.42
8.205 19.7734
8.21 27.9267
8.215 36.104
8.22 27.8217
8.225 25.3656
8.23 22.7379
8.235 18.0613
8.24 13.9152
8.245 9.6372
8.25 5.28989
8.255 0.952521
8.26 -3.2826
8.265 -7.31422
8.27 -11.037
8.275 -14.3465
8.28 -17.1446
8.285 -19.345
8.29 -20.8785
8.295 -21.5692
8.3 -21.5887
8.305 -20.8947
8.31 -16.6413
8.315 24.955
8.32 53.249
8.325 77.1331
8.33 95.4411
8.335 107.423
8.34 112.765
8.345 111.582
8.35 104.38
8.355 90.8139
8.36 70.2351
8.365 47.0647
8.37 22.7238
8.375 -0.86637
8.38 -21.9707
8.385 -39.2096
8.39 -51.6352
8.395 -58.7682
8.4 -59.6084
8.405 -55.1883
8.41 -46.5108
8.415 -34.9967
8.42 -22.3769
8.425 -9.48962
8.43 2.47034
8.435 12.4744
8.44 19.5219
8.445 22.8186
8.45 19.4901
8.455 14.8546
8.46 7.98695
8.465 -0.37786
8.47 -9.41524
8.475 -18.2912
8.48 -26.239
8.485 -32.6541
8.49 -37.0985
8.495 -39.2834
8.5 -39.1103
8.505 -36.6645
8.51 -28.8529
8.515 -21.9522
8.52 -14.7313
8.525 -7.36241
8.53 -0.0224293
8.535 7.11236
8.54 13.8714
8.545 20.0941
8.55 25.6355
8.555 30.3697
8.56 35.1237
8.565 38.4793
8.57 41.7093
8.575 43.8988
8.58 44.9655
8.585 44.919
8.59 43.7979
8.595 41.4387
8.6 37.9423
8.605 33.5103
8.61 28.3181
8.615 22.5529
8.62 16.4049
8.625 10.0608
8.63 3.69708
8.635 -2.52492
8.64 -6.83335
8.645 -56.8804
8.65 -88.2845
8.655 -112.784
8.66 -129.13
8.665 -136.875
8.67 -136.233
8.675 -127.937
8.68 -113.177
8.685 -90.8881
8.69 -65.5289
8.695 -38.9311
8.7 -13.3507
8.705 9.23056
8.71 27.2465
8.715 39.6443
8.72 45.9308
8.725 45.9001
8.73 40.0117
8.735 29.6884
8.74 16.6714
8.745 1.88046
8.75 -13.183
8.755 -27.2187
8.76 -39.1301
8.765 -48.0866
8.77 -51.8805
8.775 -53.1936
8.78 -51.0781
8.785 -46.1119
8.79 -38.7927
8.795 -29.5788
8.8 -19.4026
8.805 -9.0712
8.81 0.661649
8.815 9.16114
8.82 15.9512
8.825 20.7442
8.83 23.4495
8.835 23.7851
8.84 22.3543
8.845 19.5342
8.85 16.9922
8.855 13.6994
8.86 10.4306
8.865 7.57327
8.87 5.44605
8.875 4.27516
8.88 4.17687
8.885 5.15019
8.89 7.08838
8.895 9.80031
8.9 13.0576
8.905 16.6025
8.91 20.1534
8.915 13.5279
8.92 9.5787
8.925 5.84703
8.93 2.42364
8.935 -2.32914
8.94 -6.06184
8.945 -9.3507
8.95 -12.1453
8.955 -14.4081
8.96 -16.1145
8.965 -17.2527
8.97 -17.1822
8.975 -16.8404
8.98 -16.1358
8.985 -15.0955
8.99 -13.7484
8.995 -12.1243
9 -10.1017
9.005 -7.66714
9.01 -4.92145
9.015 1.22156
9.02 40.6033
9.025 62.2011
9.03 79.0895
9.035 90.5846
9.04 96.3242
9.045 96.3418
9.05 91.0003
9.055 79.9727
9.06 63.1209
9.065 42.8554
9.07 20.9566
9.075 -0.810154
9.08 -20.8252
9.085 -37.5347
9.09 -50.209
9.095 -57.4456
9.1 -59.2896
9.105 -56.0957
9.11 -48.6999
9.115 -38.1992
9.12 -26.0951
9.125 -13.6289
9.13 -1.83628
9.135 5.56607
9.14 11.8436
9.145 15.6519
9.15 16.7234
9.155 15.1809
9.16 11.3214
9.165 5.63055
9.17 -1.27974
9.175 -8.73645
9.18 -16.0641
9.185 -22.6658
9.19 -18.7944
9.195 -17.5116
9.2 -16.0021
9.205 -14.2568
9.21 -12.2769
9.215 -10.0742
9.22 -7.67163
9.225 -4.51563
9.23 -1.48359
9.235 1.5497
9.24 4.52455
9.245 7.38127
9.25 10.0627
9.255 12.5162
9.26 14.6954
9.265 16.5615
9.27 18.0843
9.275 19.2431
9.28 20.0266
9.285 20.4333
9.29 20.4702
9.295 20.1522
9.3 19.3641
9.305 18.1972
9.31 16.6964
9.315 14.9075
9.32 12.8743
9.325 10.6369
9.33 8.23069
9.335 5.68601
9.34 3.02938
9.345 0.283894
9.35 -2.52951
9.355 -5.39082
9.36 -8.25281
9.365 -11.0608
9.37 -13.7784
9.375 -15.7291
9.38 -17.6875
9.385 -19.5341
9.39 -21.2547
9.395 -22.8336
9.4 -23.3062
9.405 -22.0785
9.41 -19.5581
9.415 -15.8608
9.42 -11.1519
9.425 -5.63576
9.43 0.455441
9.435 6.87718
9.44 13.3899
9.445 19.7707
9.45 25.8202
9.455 31.3706
9.46 36.2875
9.465 40.4719
9.47 43.8607
9.475 46.4272
9.48 48.1853
9.485 49.1844
9.49 49.4979
9.495 49.214
9.5 48.4298
9.505 47.2455
9.51 46.0303
9.515 44.4966
9.52 42.7975
9.525 41.0017
9.53 39.1642
9.535 37.324
9.54 35.5037
9.545 33.042
9.55 30.9526
9.555 29.5267
9.56 27.9048
9.565 25.8953
9.57 23.5907
9.575 21.0891
9.58 18.4709
9.585 15.824
9.59 13.3691
9.595 11.0731
9.6 8.97694
9.605 7.10393
9.61 5.44719
9.615 4.06535
9.62 2.99824
9.625 2.28804
9.63 1.97456
9.635 2.0908
9.64 2.6638
9.645 3.70269
9.65 5.18904
9.655 7.08222
9.66 9.04633
9.665 11.3367
9.67 13.8603
9.675 16.5666
9.68 19.3789
9.685 22.193
9.69 24.7403
9.695 26.6718
9.7 27.9069
9.705 28.3315
9.71 27.8827
9.715 26.5493
9.72 24.3681
9.725 19.934
9.73 15.8377
9.735 11.4584
9.74 6.9544
9.745 2.46583
9.75 -1.88523
9.755 -5.99598
9.76 -9.78637
9.765 -13.2032
9.77 -16.2257
9.775 -18.8659
9.78 -21.159
9.785 -23.1491
9.79 -24.8842
9.795 -26.4133
9.8 -27.78
9.805 -21.4305
9.81 -16.7285
9.815 -12.1621
9.82 -6.68436
9.825 -1.74608
9.83 2.83045
9.835 6.96043
9.84 10.5736
9.845 13.615
9.85 16.0456
9.855 17.8428
9.86 18.9996
9.865 20.035
9.87 20.0785
9.875 19.4541
9.88 18.2139
9.885 16.4233
9.89 -30.2427
9.895 -62.6717
9.9 -89.7871
9.905 -110.188
9.91 -123.033
9.915 -128.053
9.92 -125.558
9.925 -116.262
9.93 -100.688
9.935 -79.5698
9.94 -55.7726
9.945 -31.312
9.95 -7.7622
9.955 12.9655
9.96 29.5771
9.965 41.2293
9.97 47.5707
9.975 48.2069
9.98 43.928
9.985 35.6854
9.99 24.9401
9.995 12.8113
10 0.501605
10.005 -10.7683
10.01 -19.8482
10.015 -25.9209
10.02 -28.5273
10.025 -25.1419
10.03 -19.6188
10.035 -11.8174
10.04 -2.42359
10.045 7.78663
10.05 18.0082
10.055 27.4735
10.06 35.514
10.065 41.6439
10.07 45.5602
10.075 47.1224
10.08 46.3786
10.085 38.0406
10.09 31.8859
10.095 25.5391
10.1 19.1569
10.105 12.8919
10.11 6.88572
10.115 1.26508
10.12 -3.863
10.125 -8.41426
10.13 -12.3287
10.135 -16.655
10.14 -20.0915
10.145 -22.9506
10.15 -25.2301
10.155 -26.937
10.16 -28.0925
10.165 -28.7241
10.17 -28.8147
10.175 -28.4757
10.18 -27.7337
10.185 -26.6255
10.19 -25.1865
10.195 -23.3932
10.2 -21.2254
10.205 -18.7461
10.21 -15.9879
10.215 -12.9823
10.22 -9.76047
10.225 -2.87502
10.23 37.0616
10.235 55.1407
10.24 67.8154
10.245 74.9359
10.25 76.2974
10.255 72.124
10.26 61.0585
10.265 44.1064
10.27 23.2813
10.275 0.37978
10.28 -22.5281
10.285 -44.0571
10.29 -62.2176
10.295 -75.9176
10.3 -84.5456
10.305 -87.9068
10.31 -67.6356
10.315 -56.5071
10.32 -49.5535
10.325 -40.376
10.33 -30.5544
10.335 -21.004
10.34 -11.9505
10.345 -3.60769
10.35 3.86532
10.355 10.35
10.36 15.7724
10.365 20.1014
10.37 23.3459
10.375 26.4389
10.38 27.9192
10.385 28.3466
10.39 27.8585
10.395 26.6105
10.4 24.5753
10.405 22.0712
10.41 19.28
10.415 16.3823
10.42 13.5348
10.425 10.8638
10.43 8.462
10.435 6.38497
10.44 1.86216
10.445 -32.4006
10.45 -50.3419
10.455 -63.6272
10.46 -71.8849
10.465 -75.1655
10.47 -73.8412
10.475 -68.5557
10.48 -60.1735
10.485 -48.627
10.49 -35.8882
10.495 -23.1125
10.5 -11.4277
10.505 -1.74788
10.51 5.28196
10.515 9.31126
10.52 10.1399
10.525 7.96723
10.53 3.35486
10.535 -2.79985
10.54 -9.93627
10.545 -17.3727
10.55 -24.4596
10.555 -30.6314
10.56 -35.4444
10.565 -38.6015
10.57 -39.9619
10.575 -39.5403
10.58 -37.2618
10.585 -33.7385
10.59 -29.19
10.595 -24.0821
10.6 -18.848
10.605 -13.8783
10.61 -9.47514
10.615 -5.84704
10.62 -3.12
10.625 -1.32658
10.63 -0.571601
10.635 -0.577659
10.64 -1.1691
10.645 -2.10278
10.65 -3.12385
10.655 -3.99223
10.66 -4.50782
10.665 -4.53049
10.67 -1.91936
10.675 0.0120831
10.68 2.11343
10.685 4.2291
10.69 6.19813
10.695 7.86837
10.7 9.10763
10.705 9.82091
10.71 9.96219
10.715 9.53061
10.72 8.5631
10.725 7.1284
10.73 5.3184
10.735 3.24569
10.74 1.0426
10.745 -1.14634
10.75 -3.17748
10.755 -4.92248
10.76 -7.87117
10.765 -10.2485
10.77 -12.2104
10.775 -13.7413
10.78 -14.8371
10.785 -15.5043
10.79 -15.7587
10.795 -15.6252
10.8 -15.1369
10.805 -14.3331
10.81 -14.1222
10.815 -13.1642
10.82 -11.9805
10.825 -10.5855
10.83 -9.02729
10.835 -7.35005
10.84 -5.59354
10.845 -3.79219
10.85 -1.9755
10.855 -0.168688
10.86 1.60679
10.865 3.33349
10.87 4.99829
10.875 6.59192
10.88 8.10817
10.885 9.54338
10.89 10.8964
10.895 12.1686
10.9 13.3631
10.905 14.4844
10.91 15.5274
10.915 16.4814
10.92 17.3412
10.925 18.1035
10.93 18.3035
10.935 17.8699
10.94 17.0034
10.945 15.8108
10.95 14.4091
10.955 12.9169
10.96 11.4453
10.965 10.0929
10.97 8.93804
10.975 8.02915
10.98 7.0626
10.985 6.39085
10.99 5.97249
10.995 5.76612
11 5.71789
11.005 5.76578
11.01 5.84364
11.015 5.88455
11.02 5.82298
11.025 5.59831
11.03 5.16076
11.035 4.47737
11.04 3.53646
11.045 2.35024
11.05 0.96064
11.055 -0.578432
11.06 -2.20666
11.065 -3.85491
11.07 -5.45201
11.075 -6.92807
11.08 -8.22165
11.085 -9.28522
11.09 -10.091
11.095 -10.6322
11.1 -10.9183
11.105 -10.9488
11.11 -10.7158
11.115 -10.2959
11.12 -9.91826
11.125 -9.50482
11.13 -9.1184
11.135 -8.80795
11.14 -8.61233
11.145 -8.55732
11.15 -8.65487
11.155 -8.90754
11.16 -9.31008
11.165 -9.84943
11.17 -10.504
11.175 -11.2458
11.18 -12.0443
11.185 -12.8672
11.19 -13.6815
11.195 -14.4542
11.2 -15.1548
11.205 -15.7581
11.21 -16.2479
11.215 -16.613
11.22 -16.8426
11.225 -16.9246
11.23 -16.8492
11.235 -16.612
11.24 -16.2148
11.245 -15.6687
11.25 -14.9951
11.255 -14.2225
11.26 -13.3811
11.265 -12.4971
11.27 -11.5895
11.275 -10.6706
11.28 -9.75066
11.285 -8.84311
11.29 -7.85453
11.295 -6.8466
11.3 -5.87432
11.305 -4.97647
11.31 -4.18314
11.315 -3.62775
11.32 -3.24284
11.325 -2.97245
11.33 -2.75008
11.335 -2.50643
11.34 -2.17617
11.345 -1.704
11.35 -1.04547
11.355 -0.16573
11.36 0.964092
11.365 2.3661
11.37 4.04992
11.375 6.00345
11.38 8.19042
11.385 10.5584
11.39 13.0467
11.395 15.5904
11.4 18.1271
11.405 20.5984
11.41 24.2101
11.415 26.9308
11.42 29.2848
11.425 31.2279
11.43 26.1897
11.435 21.2643
11.44 16.4056
11.445 11.7732
11.45 7.49564
11.455 3.67875
11.46 0.403129
11.465 -2.27743
11.47 -4.33622
11.475 -5.77244
11.48 -6.60838
11.485 -6.88589
11.49 -6.6626
11.495 -6.00819
11.5 -4.99986
11.505 -3.71771
11.51 -2.24033
11.515 2.62797
11.52 46.849
11.525 71.793
11.53 93.7758
11.535 110.538
11.54 121.665
11.545 126.944
11.55 126.834
11.555 121.482
11.56 111.599
11.565 95.614
11.57 80.9413
11.575 61.7786
11.58 42.3507
11.585 23.9895
11.59 7.95496
11.595 -4.78315
11.6 -13.5932
11.605 -18.198
11.61 -18.6654
11.615 -15.792
11.62 -9.37662
11.625 -0.371711
11.63 10.1943
11.635 21.3052
11.64 31.9917
11.645 41.3977
11.65 48.837
11.655 53.8383
11.66 55.7871
11.665 54.5993
11.67 50.7565
11.675 44.8615
11.68 37.667
11.685 29.9448
11.69 22.5006
11.695 15.9905
11.7 10.9358
11.705 7.67317
11.71 6.33743
11.715 6.86624
11.72 9.01632
11.725 12.3974
11.73 16.5169
11.735 20.831
11.74 24.7997
11.745 27.9433
11.75 29.8805
11.755 30.3542
11.76 29.2456
11.765 24.8056
11.77 19.9186
11.775 14.384
11.78 8.42839
11.785 2.44776
11.79 -3.20131
11.795 -8.20178
11.8 -12.2989
11.805 -15.312
11.81 -17.1396
11.815 -17.7672
11.82 -17.271
11.825 -15.8119
11.83 -13.6176
11.835 -10.9658
11.84 -8.19086
11.845 -5.62768
11.85 -3.55413
11.855 6.00128
11.86 12.691
11.865 18.6509
11.87 23.7045
11.875 27.707
11.88 33.2282
11.885 36.9343
11.89 39.4137
11.895 40.6407
11.9 40.6278
11.905 39.4245
11.91 36.9339
11.915 33.1062
11.92 28.2634
11.925 22.637
11.93 16.4721
11.935 10.0141
11.94 3.49711
11.945 -55.1859
11.95 -94.3936
11.955 -125.533
11.96 -147.721
11.965 -160.201
11.97 -163.034
11.975 -156.778
11.98 -142.7
11.985 -121.289
11.99 -94.5132
11.995 -65.417
12 -36.8107
12.005 -10.5944
12.01 11.2647
12.015 27.4433
12.02 37.1547
12.025 40.2004
12.03 36.8597
12.035 28.062
12.04 15.1799
12.045 -0.507049
12.05 -17.4852
12.055 -34.2556
12.06 -49.1512
12.065 -61.5167
12.07 -70.4322
12.075 -75.4113
12.08 -76.2148
12.085 -72.9087
12.09 -66.1221
12.095 -56.6674
12.1 -45.5359
12.105 -33.7463
12.11 -22.2826
12.115 -12.0551
12.12 -3.82748
12.125 1.85294
12.13 4.68388
12.135 4.61744
12.14 1.89446
12.145 -3.16331
12.15 -9.91869
12.155 -17.7172
12.16 -25.8157
12.165 -33.4587
12.17 -39.9587
12.175 -44.7691
12.18 -47.5144
12.185 -48.0071
12.19 -46.1208
12.195 -42.0848
12.2 -36.2033
12.205 -28.8999
12.21 -20.6792
12.215 -12.0853
12.22 -3.65748
12.225 4.11285
12.23 10.8225
12.235 16.1856
12.24 21.0332
12.245 24.0424
12.25 25.553
12.255 25.6844
12.26 24.6374
12.265 22.6731
12.27 20.0904
12.275 17.2035
12.28 14.3257
12.285 11.7499
12.29 9.72552
12.295 8.44093
12.3 8.01649
12.305 8.50012
12.31 9.86439
12.315 12.0135
12.32 14.8024
12.325 2.94507
12.33 -1.47115
12.335 -5.24256
12.34 -10.1033
12.345 -13.766
12.35 -16.7071
12.355 -18.8956
12.36 -20.3237
12.365 -21.0064
12.37 -20.9789
12.375 -20.2943
12.38 -19.0205
12.385 -17.2362
12.39 -15.027
12.395 -12.3371
12.4 -9.3855
12.405 -6.26783
12.41 38.6147
12.415 71.785
12.42 99.8192
12.425 121.52
12.43 136.083
12.435 143.19
12.44 142.999
12.445 136.095
12.45 123.416
12.455 106.171
12.46 82.2561
12.465 56.9545
12.47 31.6102
12.475 8.14053
12.48 -11.8604
12.485 -27.2156
12.49 -37.2191
12.495 -41.6557
12.5 -40.7779
12.505 -33.0375
12.51 -22.2552
12.515 -9.16337
12.52 4.75162
12.525 18.0681
12.53 29.5413
12.535 38.1955
12.54 43.0847
12.545 43.7857
12.55 40.4324
12.555 33.8554
12.56 24.8567
12.565 14.4635
12.57 3.7725
12.575 -6.16219
12.58 -14.4282
12.585 -20.1834
12.59 -23.2753
12.595 -23.5088
12.6 -21.0629
12.605 -16.3722
12.61 -10.0696
12.615 -2.90817
12.62 4.3168
12.625 8.28378
12.63 11.8865
12.635 14.1928
12.64 14.951
12.645 14.0397
12.65 11.4706
12.655 7.38074
12.66 2.01695
12.665 -4.28826
12.67 -0.119527
12.675 3.40664
12.68 6.2665
12.685 8.39644
12.69 12.1707
12.695 14.4563
12.7 16.0603
12.705 17.0052
12.71 17.3336
12.715 17.1047
12.72 15.8027
12.725 14.7031
12.73 13.5037
12.735 11.7748
12.74 9.97132
12.745 8.08064
12.75 6.16352
12.755 4.26708
12.76 -44.0673
12.765 -77.2186
12.77 -106.444
12.775 -129.989
12.78 -146.506
12.785 -155.522
12.79 -157.047
12.795 -151.324
12.8 -138.02
12.805 -117.653
12.81 -70.058
12.815 -33.2959
12.82 -0.397534
12.825 26.7208
12.83 46.5874
12.835 57.7447
12.84 60.1211
12.845 54.6119
12.85 42.3543
12.855 23.9549
12.86 1.93745
12.865 -21.8446
12.87 -45.3504
12.875 -66.3887
12.88 -83.914
12.885 -96.6507
12.89 -103.905
12.895 -105.457
12.9 -101.137
12.905 -91.7299
12.91 -78.3796
12.915 -62.5502
12.92 -45.7029
12.925 -29.0002
12.93 -13.7399
12.935 -0.948242
12.94 8.63251
12.945 14.5684
12.95 16.7656
12.955 15.4603
12.96 11.1628
12.965 4.63361
12.97 -3.28062
12.975 -11.707
12.98 -19.796
12.985 -26.8022
12.99 -32.1359
12.995 -35.4104
13 -36.4578
13.005 -35.2713
13.01 -32.073
13.015 -27.2264
13.02 -21.1976
13.025 -14.517
13.03 -7.72351
13.035 -1.37098
13.04 4.13398
13.045 8.49739
13.05 11.5485
13.055 14.102
13.06 15.5051
13.065 15.829
13.07 15.2755
13.075 14.1108
13.08 12.6359
13.085 11.1562
13.09 9.95577
13.095 9.27813
13.1 9.31011
13.105 10.1691
13.11 11.8948
13.115 14.4499
13.12 17.7298
13.125 5.67784
13.13 -0.736917
13.135 -6.3534
13.14 -13.8253
13.145 -19.1908
13.15 -23.5348
13.155 -26.7941
13.16 -28.9412
13.165 -29.7998
13.17 -29.7275
13.175 -28.6944
13.18 -26.791
13.185 -24.1264
13.19 -20.5531
13.195 -16.3722
13.2 39.0666
13.205 77.7991
13.21 110.736
13.215 136.31
13.22 153.457
13.225 161.732
13.23 161.261
13.235 152.682
13.24 137.074
13.245 113.618
13.25 84.6314
13.255 53.1311
13.26 21.7164
13.265 -7.23453
13.27 -31.7365
13.275 -50.3271
13.28 -62.1436
13.285 -66.9418
13.29 -62.9738
13.295 -52.6966
13.3 -37.7252
13.305 -20.5624
13.31 -2.69795
13.315 13.8935
13.32 27.618
13.325 36.4368
13.33 40.369
13.335 39.0897
13.34 32.91
13.345 22.6115
13.35 9.52669
13.355 -5.21314
13.36 -20.1454
13.365 -33.9105
13.37 -45.3374
13.375 -53.5457
13.38 -59.6536
13.385 -61.2631
13.39 -59.0743
13.395 -48.7654
13.4 -40.2731
13.405 -31.0937
13.41 -21.5354
13.415 -11.7201
13.42 -2.48208
13.425 6.32816
13.43 14.3317
13.435 21.313
13.44 27.107
13.445 25.7545
13.45 25.3846
13.455 24.7341
13.46 25.0654
13.465 25.1526
13.47 25.1248
13.475 24.9931
13.48 24.768
13.485 24.4582
13.49 24.0711
13.495 23.6126
13.5 23.0873
13.505 22.4985
13.51 21.8486
13.515 20.6737
13.52 18.8305
13.525 16.522
13.53 13.8334
13.535 10.8637
13.54 7.7205
13.545 4.51472
13.55 1.35458
13.555 -1.65982
13.56 -4.44127
13.565 -6.91931
13.57 -9.04329
13.575 -10.7842
13.58 -12.1358
13.585 -13.9817
13.59 -14.9567
13.595 -15.4751
13.6 -15.6102
13.605 -15.451
13.61 -15.1352
13.615 -10.8524
13.62 -6.18406
13.625 -0.8184
13.63 4.76398
13.635 10.0992
13.64 14.7772
13.645 18.4686
13.65 20.9474
13.655 22.1067
13.66 21.9564
13.665 20.604
13.67 18.2308
13.675 15.077
13.68 11.4222
13.685 3.10281
13.69 -2.69643
13.695 -7.99534
13.7 -12.6283
13.705 -16.4635
13.71 -19.4064
13.715 -21.3989
13.72 -23.1425
13.725 -23.8696
13.73 -23.6969
13.735 -22.6781
13.74 -20.8025
13.745 -18.234
13.75 -15.0952
13.755 -11.5299
13.76 -7.68861
13.765 -3.72225
13.77 0.223647
13.775 4.01549
13.78 7.5374
13.785 10.6942
13.79 13.4131
13.795 15.6453
13.8 17.3654
13.805 18.571
13.81 19.281
13.815 19.5326
13.82 19.3775
13.825 18.899
13.83 16.4541
13.835 13.3673
13.84 9.82834
13.845 6.19702
13.85 2.80925
13.855 -0.04619
13.86 -2.14646
13.865 -3.35796
13.87 -3.60334
13.875 -2.89927
13.88 -1.33741
13.885 0.797162
13.89 3.13705
13.895 5.70533
13.9 8.39163
13.905 11.0875
13.91 13.689
13.915 16.1027
13.92 17.6742
13.925 19.2524
13.93 20.6084
13.935 21.7272
13.94 22.5995
13.945 23.222
13.95 23.5993
13.955 23.5556
13.96 23.2586
13.965 22.7103
13.97 21.9501
13.975 21.0219
13.98 19.9735
13.985 18.8544
13.99 17.7134
13.995 16.5956
14 15.5392
14.005 14.5742
14.01 13.7239
14.015 13.009
14.02 12.45
14.025 12.0636
14.03 11.8592
14.035 11.8359
14.04 11.9827
14.045 12.2828
14.05 12.715
14.055 13.2566
14.06 13.8832
14.065 14.5689
14.07 15.2867
14.075 16.0103
14.08 16.7134
14.085 17.3688
14.09 17.9485
14.095 18.4245
14.1 18.7725
14.105 18.9721
14.11 19.007
14.115 18.867
14.12 18.5508
14.125 18.0642
14.13 17.4166
14.135 16.6179
14.14 15.6775
14.145 14.6071
14.15 13.0847
14.155 11.1914
14.16 9.06617
14.165 6.82142
14.17 4.57372
14.175 2.46918
14.18 0.591362
14.185 -0.99328
14.19 -2.24667
14.195 -3.15562
14.2 -3.72966
14.205 -3.99661
14.21 -3.99478
14.215 -3.91508
14.22 -3.56986
14.225 -3.07713
14.23 -2.48385
14.235 -1.83503
14.24 -1.17209
14.245 -0.529779
14.25 0.0678395
14.255 -0.570596
14.26 -0.961476
14.265 -1.17162
14.27 -1.15496
14.275 -0.881568
14.28 -0.340491
14.285 0.452676
14.29 1.45493
14.295 2.60178
14.3 3.81129
14.305 4.9859
14.31 6.02158
14.315 6.81853
14.32 7.28745
14.325 7.35608
14.33 6.97509
14.335 6.12801
14.34 4.83731
14.345 3.1622
14.35 1.18401
14.355 4.9983
14.36 6.31419
14.365 7.31795
14.37 8.55741
14.375 9.45276
14.38 10.0212
14.385 10.2532
14.39 10.1463
14.395 9.70518
14.4 8.94144
14.405 7.7548
14.41 6.13514
14.415 4.17932
14.42 1.95055
14.425 -0.483959
14.43 -3.05566
14.435 -5.69731
14.44 -8.34539
14.445 -10.942
14.45 -15.8594
14.455 -46.1483
14.46 -63.6461
14.465 -77.4622
14.47 -86.9319
14.475 -91.8218
14.48 -92.2013
14.485 -88.4274
14.49 -81.0958
14.495 -70.6629
14.5 -57.6572
14.505 -43.5547
14.51 -29.5076
14.515 -16.5524
14.52 -5.53197
14.525 2.94004
14.53 8.51824
14.535 11.1456
14.54 11.0179
14.545 8.43742
14.55 4.27894
14.555 -0.94554
14.56 -6.61223
14.565 -12.1143
14.57 -16.9151
14.575 -20.5841
14.58 -22.8172
14.585 -23.1507
14.59 -21.7411
14.595 -18.718
14.6 -14.3781
14.605 -9.12474
14.61 -3.42381
14.615 2.2403
14.62 7.4112
14.625 11.6989
14.63 14.8045
14.635 16.5348
14.64 16.8067
14.645 15.6468
14.65 13.1886
14.655 9.65981
14.66 5.45272
14.665 0.820561
14.67 -3.91322
14.675 -8.4386
14.68 -11.1252
14.685 -13.6776
14.69 -15.4978
14.695 -16.5529
14.7 -16.8462
14.705 -16.4351
14.71 -15.4213
14.715 -13.9338
14.72 -12.1095
14.725 -10.0831
14.73 -7.98404
14.735 -5.93208
14.74 -4.03529
14.745 -2.38389
14.75 -1.04285
14.755 -0.0457917
14.76 0.604901
14.765 0.934298
14.77 -5.14228
14.775 -8.83216
14.78 -12.0677
14.785 -14.7408
14.79 -16.7666
14.795 -18.0862
14.8 -19.5644
14.805 -20.1078
14.81 -19.9462
14.815 -19.1073
14.82 -17.4079
14.825 -15.04
14.83 -12.1141
14.835 -8.76413
14.84 -5.13321
14.845 -1.36717
14.85 2.39144
14.855 6.01025
14.86 9.37238
14.865 12.38
14.87 14.9576
14.875 17.0534
14.88 18.6403
14.885 19.1342
14.89 19.5653
14.895 17.2775
14.9 13.457
14.905 8.49571
14.91 2.86642
14.915 -2.93966
14.92 -8.44883
14.925 -13.2406
14.93 -16.978
14.935 -19.4298
14.94 -20.4828
14.945 -20.1429
14.95 -18.5199
14.955 -15.808
14.96 -12.2668
14.965 -8.19598
14.97 -3.9134
14.975 0.270695
14.98 4.07752
14.985 7.27605
14.99 9.69507
14.995 11.6853
15 12.9349
15.005 13.4886
15.01 13.3731
15.015 12.6487
15.02 11.4023
15.025 9.74062
15.03 7.78504
15.035 5.6647
15.04 3.50977
15.045 1.39158
15.05 -0.574974
15.055 -2.24847
15.06 -3.5335
15.065 -4.36197
15.07 -4.69331
15.075 -4.14135
15.08 -2.64229
15.085 -0.460394
15.09 2.20349
15.095 5.12678
15.1 8.08944
15.105 10.8922
15.11 13.3676
15.115 15.3869
15.12 16.8667
15.125 17.7715
15.13 18.1163
15.135 17.9623
15.14 17.4039
15.145 17.5836
15.15 17.1756
15.155 16.4917
15.16 15.5852
15.165 14.5199
15.17 13.2085
15.175 11.9158
15.18 8.08413
15.185 5.18191
15.19 2.49706
15.195 0.068973
15.2 -2.07232
15.205 -3.90606
15.21 -5.42
15.215 -6.6102
15.22 -7.48035
15.225 -8.04055
15.23 -8.30564
15.235 -8.29431
15.24 -8.02856
15.245 -7.53307
15.25 -6.83376
15.255 -5.95636
15.26 -4.92537
15.265 -3.70486
15.27 -2.34355
15.275 -0.866776
15.28 0.702461
15.285 2.34395
15.29 4.03931
15.295 5.77098
15.3 7.52173
15.305 9.27417
15.31 11.9875
15.315 14.3592
15.32 16.5643
15.325 31.4357
15.33 37.4766
15.335 41.2216
15.34 42.7258
15.345 42.0039
15.35 39.2497
15.355 33.3759
15.36 26.0408
15.365 17.6739
15.37 8.96386
15.375 0.563646
15.38 -6.95867
15.385 -12.7949
15.39 -16.8467
15.395 -19.0288
15.4 -19.446
15.405 -18.3467
15.41 -16.0845
15.415 -13.0755
15.42 -9.75682
15.425 -7.65025
15.43 -5.69678
15.435 -4.1548
15.44 -3.16582
15.445 -2.81015
15.45 -3.10961
15.455 -4.03078
15.46 -5.48878
15.465 -7.35978
15.47 -9.49715
15.475 -7.4722
15.48 -6.3229
15.485 -5.37104
15.49 -4.60925
15.495 -4.02428
15.5 -3.59859
15.505 -3.31191
15.51 -3.14291
15.515 -1.78561
15.52 -1.01837
15.525 -0.304894
15.53 0.356038
15.535 0.95512
15.54 1.47931
15.545 1.92047
15.55 2.26965
15.555 2.51834
15.56 2.65875
15.565 2.68398
15.57 2.58825
15.575 2.36681
15.58 2.01531
15.585 1.52933
15.59 0.904686
15.595 0.137634
15.6 -0.809505
15.605 -1.99098
15.61 -3.37029
15.615 -4.93242
15.62 -6.65627
15.625 -11.5805
15.63 -47.3525
15.635 -63.389
15.64 -75.5744
15.645 -82.7919
15.65 -85.0719
15.655 -82.6063
15.66 -75.8673
15.665 -64.4532
15.67 -49.8105
15.675 -33.2493
15.68 -16.0737
15.685 0.485611
15.69 15.3654
15.695 27.7398
15.7 37.0622
15.705 42.6039
15.71 44.7036
15.715 43.7035
15.72 40.2107
15.725 34.9834
15.73 28.8506
15.735 22.6308
15.74 17.0576
15.745 14.6877
15.75 13.0658
15.755 12.751
15.76 13.714
15.765 15.7958
15.77 18.7324
15.775 22.1864
15.78 19.1839
15.785 17.249
15.79 15.5924
15.795 14.1632
15.8 12.9037
15.805 10.6558
15.81 8.82002
15.815 6.99637
15.82 5.15186
15.825 3.26174
15.83 1.31097
15.835 -0.704495
15.84 -2.77649
15.845 -4.88422
15.85 -6.9945
15.855 -9.06287
15.86 -11.0355
15.865 -12.8518
15.87 -14.4473
15.875 -15.7569
15.88 -16.7163
15.885 -17.266
15.89 -17.3561
15.895 -16.949
15.9 -16.0219
15.905 -14.5686
15.91 -12.4021
15.915 -9.65798
15.92 -4.53952
15.925 15.8054
15.93 34.6399
15.935 50.2993
15.94 62.0648
15.945 69.4874
15.95 72.7986
15.955 71.8754
15.96 67.1126
15.965 57.073
15.97 43.9551
15.975 28.8758
15.98 13.1587
15.985 -1.92556
15.99 -15.0642
15.995 -25.6687
16 -33.0285
16.005 -36.2807
16.01 -35.9265
16.015 -32.2476
16.02 -25.8565
16.025 -17.9097
16.03 -9.05052
16.035 0.080653
16.04 8.8497
16.045 15.2391
16.05 20.9354
16.055 25.4319
16.06 28.586
16.065 30.3489
16.07 30.5664
16.075 29.3156
16.08 26.8899
16.085 23.5804
16.09 19.7146
16.095 15.6303
16.1 11.639
16.105 8.00098
16.11 4.915
16.115 2.51336
16.12 0.858567
16.125 -0.0612766
16.13 -0.327089
16.135 -0.0706567
16.14 0.54805
16.145 1.36294
16.15 2.21859
16.155 2.97943
16.16 3.53794
16.165 3.81664
16.17 3.77146
16.175 3.39831
16.18 2.73233
16.185 1.84012
16.19 0.807841
16.195 -0.271181
16.2 -1.30685
16.205 -2.21912
16.21 -2.94779
16.215 -3.45499
16.22 -3.72805
16.225 -3.78179
16.23 -3.65532
16.235 -3.40471
16.24 -3.08891
16.245 -2.76483
16.25 -2.48587
16.255 -2.30129
16.26 -1.17541
16.265 -0.733163
16.27 -0.493225
16.275 -0.472868
16.28 -0.680464
16.285 -1.23718
16.29 -2.16122
16.295 -3.35981
16.3 -4.7628
16.305 -6.28939
16.31 -7.85373
16.315 -9.37069
16.32 -10.762
16.325 -11.9612
16.33 -12.917
16.335 -13.5963
16.34 -13.9853
16.345 -14.1209
16.35 -14.0534
16.355 -13.7942
16.36 -12.7089
16.365 -12.1369
16.37 -11.3183
16.375 -10.4612
16.38 -9.60624
16.385 -8.79375
16.39 -8.06158
16.395 -7.44382
16.4 -6.96951
16.405 -6.66129
16.41 -6.53432
16.415 -6.59519
16.42 -6.842
16.425 -7.2649
16.43 -7.84712
16.435 -8.56651
16.44 -9.45815
16.445 -10.4505
16.45 -11.4944
16.455 -12.5397
16.46 -13.5388
16.465 -14.4489
16.47 -15.2341
16.475 -15.8673
16.48 -16.4284
16.485 -18.7058
16.49 -39.2951
16.495 -54.872
16.5 -66.7501
16.505 -74.4017
16.51 -77.6255
16.515 -76.5313
16.52 -71.5049
16.525 -63.16
16.53 -51.4136
16.535 -37.7439
16.54 -23.3512
16.545 -9.37861
16.55 3.16773
16.555 13.4901
16.56 21.0491
16.565 25.583
16.57 27.0978
16.575 25.5585
16.58 21.6027
16.585 16.1225
16.59 9.7031
16.595 3.03367
16.6 -3.24196
16.605 -8.57129
16.61 -12.5286
16.615 -14.6323
16.62 -14.809
16.625 -13.1745
16.63 -9.99031
16.635 -5.64167
16.64 -0.592307
16.645 4.66659
16.65 9.66713
16.655 14.007
16.66 17.3782
16.665 19.5871
16.67 20.5632
16.675 20.3499
16.68 19.0888
16.685 18.672
16.69 16.81
16.695 14.5215
16.7 12.0745
16.705 9.73577
16.71 7.7522
16.715 6.32681
16.72 5.59914
16.725 5.63625
16.73 6.43652
16.735 7.93795
16.74 -1.52824
16.745 -5.7653
16.75 -9.48608
16.755 -13.6779
16.76 -17.342
16.765 -20.3792
16.77 -22.7376
16.775 -24.3832
16.78 -25.3007
16.785 -25.4922
16.79 -24.9765
16.795 -23.7878
16.8 -21.9729
16.805 -19.4814
16.81 -16.3325
16.815 -12.6775
16.82 -8.62493
16.825 -1.32498
16.83 43.744
16.835 73.0468
16.84 96.8113
16.845 114.831
16.85 125.889
16.855 129.965
16.86 127.307
16.865 118.535
16.87 103.509
16.875 82.3526
16.88 57.8731
16.885 32.1274
16.89 7.08794
16.895 -15.5042
16.9 -34.2591
16.905 -48.2113
16.91 -56.8521
16.915 -59.1244
16.92 -56.2615
16.925 -49.0412
16.93 -38.6635
16.935 -26.76
16.94 -14.9197
16.945 -3.43948
16.95 6.50044
16.955 14.1947
16.96 18.8245
16.965 20.3619
16.97 16.4122
16.975 11.9649
16.98 6.07859
16.985 -0.598033
16.99 -7.39615
16.995 -13.6883
17 -18.9445
17.005 -22.7661
17.01 -24.9004
17.015 -25.2514
17.02 -23.8795
17.025 -20.9901
17.03 -16.9063
17.035 -12.0328
17.04 -4.38676
17.045 2.43958
17.05 8.90053
17.055 14.7798
17.06 19.8925
17.065 24.0868
17.07 27.2515
17.075 29.3186
17.08 30.8982
17.085 32.7023
17.09 32.7586
17.095 31.7718
17.1 29.5455
17.105 26.3422
17.11 22.3988
17.115 17.9562
17.12 13.26
17.125 8.54821
17.13 4.03956
17.135 -0.0766624
17.14 -3.64815
17.145 -6.56677
17.15 -8.3353
17.155 -9.63344
17.16 -10.4162
17.165 -10.7405
17.17 -10.6653
17.175 -10.2711
17.18 -9.68752
17.185 -9.03429
17.19 -8.42831
17.195 -7.97713
17.2 -7.77326
17.205 -7.88943
17.21 -8.42648
17.215 -9.44065
17.22 -10.9022
17.225 -12.3292
17.23 -13.3659
17.235 -12.7075
17.24 -11.1079
17.245 -8.74242
17.25 -5.82129
17.255 -2.5731
17.26 0.771836
17.265 3.99984
17.27 6.9277
17.275 9.40786
17.28 11.3307
17.285 12.6262
17.29 13.2637
17.295 13.2559
17.3 6.00281
17.305 2.81962
17.31 0.0780856
17.315 -2.54722
17.32 -4.52649
17.325 -5.94058
17.33 -6.79655
17.335 -7.12148
17.34 -6.95941
17.345 -6.368
17.35 -5.18623
17.355 -3.67654
17.36 -1.9246
17.365 -0.0437939
17.37 1.85968
17.375 3.69143
17.38 5.37183
17.385 6.83803
17.39 8.04567
17.395 8.96918
17.4 9.60082
17.405 9.94924
17.41 10.0371
17.415 9.89823
17.42 8.61003
17.425 6.9504
17.43 4.90261
17.435 2.6093
17.44 0.214388
17.445 -2.07741
17.45 -4.14224
17.455 -5.88038
17.46 -7.21713
17.465 -8.10959
17.47 -8.55042
17.475 -8.566
17.48 -8.21044
17.485 -7.55846
17.49 -6.69741
17.495 -5.7201
17.5 -4.71802
17.505 -4.46312
17.51 -4.0809
17.515 -3.76051
17.52 -3.51947
17.525 -3.36717
17.53 -3.30686
17.535 -3.33586
17.54 -3.4442
17.545 -3.61488
17.55 -3.8262
17.555 -4.05569
17.56 -4.28624
17.565 -4.51052
17.57 -4.72992
17.575 -4.95034
17.58 -5.17709
17.585 -5.40998
17.59 -5.64585
17.595 -5.88292
17.6 -6.11977
17.605 -6.35036
17.61 -6.56375
17.615 -6.74598
17.62 -6.88245
17.625 -6.96143
17.63 -6.97256
17.635 -6.90207
17.64 -6.73008
17.645 -6.43351
17.65 -5.79153
17.655 -4.78179
17.66 -3.5613
17.665 -2.10468
17.67 -0.448643
17.675 1.35324
17.68 3.23812
17.685 5.14428
17.69 7.01427
17.695 8.79291
17.7 10.4223
17.705 11.844
17.71 13.0029
17.715 13.8501
17.72 14.3485
17.725 15.1511
17.73 15.4883
17.735 15.3235
17.74 14.6679
17.745 13.5648
17.75 12.0876
17.755 10.3341
17.76 8.41173
17.765 6.42106
17.77 4.44667
17.775 2.55785
17.78 0.812404
17.785 -0.739337
17.79 -3.68312
17.795 -5.93395
17.8 -7.85643
17.805 -9.43125
17.81 -10.8851
17.815 -11.9847
17.82 -12.7515
17.825 -13.1943
17.83 -13.3271
17.835 -13.1684
17.84 -12.7398
17.845 -12.0322
17.85 -11.0894
17.855 -9.93804
17.86 -8.60542
17.865 -7.11863
17.87 -5.50469
17.875 -3.79071
17.88 -2.00328
17.885 -0.168436
17.89 1.68819
17.895 3.54145
17.9 5.36654
17.905 5.93703
17.91 5.22386
17.915 3.57742
17.92 1.22058
17.925 -1.58512
17.93 -4.56765
17.935 -7.46589
17.94 -10.9121
17.945 -13.6194
17.95 -15.594
17.955 -16.7265
17.96 -16.9817
17.965 -16.3973
17.97 -15.072
17.975 -10.1611
17.98 -5.54843
17.985 -1.1885
17.99 2.82377
17.995 6.38728
18 9.42336
18.005 11.8589
18.01 13.6431
18.015 14.7639
18.02 15.2321
18.025 15.0822
18.03 14.369
18.035 13.101
18.04 11.3663
18.045 9.28877
18.05 6.98239
18.055 4.55963
18.06 2.12614
18.065 -0.225349
18.07 -2.41932
18.075 -4.39854
18.08 -6.12431
18.085 -7.57623
18.09 -8.7507
18.095 -9.65872
18.1 -9.11313
18.105 -7.22103
18.11 -4.47933
18.115 -1.21724
18.12 2.22665
18.125 5.53236
18.13 8.42532
18.135 10.6963
18.14 13.1824
18.145 14.4121
18.15 14.7603
18.155 14.2597
18.16 12.9997
18.165 11.1179
18.17 8.79203
18.175 6.22338
18.18 3.61178
18.185 1.13462
18.19 -1.06447
18.195 -2.87943
18.2 -4.2431
18.205 -5.12559
18.21 -5.5357
18.215 -5.52641
18.22 -5.19193
18.225 -8.33672
18.23 -9.4461
18.235 -10.2005
18.24 -10.6111
18.245 -10.6976
18.25 -10.8938
18.255 -10.638
18.26 -10.0009
18.265 -9.05174
18.27 -7.85428
18.275 -6.46469
18.28 -4.93925
18.285 -3.33277
18.29 -1.69649
18.295 -0.621514
18.3 -0.405741
18.305 -0.888442
18.31 -2.01664
18.315 -3.69425
18.32 -5.79327
18.325 -8.16538
18.33 -10.6556
18.335 -13.115
18.34 -15.41
18.345 -17.4298
18.35 -20.2198
18.355 -22.1797
18.36 -23.5768
18.365 -24.3768
18.37 -24.5838
18.375 -24.2368
18.38 -23.4046
18.385 -22.1818
18.39 -20.6805
18.395 -19.0202
18.4 -17.3179
18.405 -15.6801
18.41 -14.199
18.415 -12.9721
18.42 -12.0764
18.425 -11.5423
18.43 -11.3719
18.435 -11.5379
18.44 -11.9856
18.445 -12.639
18.45 -13.4117
18.455 -14.2145
18.46 -14.9618
18.465 -15.5769
18.47 -15.9935
18.475 -16.1578
18.48 -16.0329
18.485 -15.6035
18.49 -14.8792
18.495 -13.8935
18.5 -12.5282
18.505 -10.8652
18.51 -9.06003
18.515 -7.23812
18.52 -5.5986
18.525 -4.21157
18.53 -3.1389
18.535 -2.41792
18.54 -2.06494
18.545 -2.07311
18.55 -2.40965
18.555 -3.01561
18.56 -3.80815
18.565 -4.68799
18.57 -5.54907
18.575 -6.28934
18.58 -6.82247
18.585 -6.09022
18.59 -5.33916
18.595 -4.49545
18.6 -3.61776
18.605 -2.75891
18.61 -1.96138
18.615 -1.25807
18.62 -0.674037
18.625 -0.2227
18.63 0.0990517
18.635 0.314286
18.64 0.465605
18.645 0.607854
18.65 0.797818
18.655 1.08757
18.66 1.52028
18.665 2.12584
18.67 2.92249
18.675 3.921
18.68 -2.34839
18.685 -6.22852
18.69 -10.2302
18.695 -13.7277
18.7 -16.6013
18.705 -18.7973
18.71 -20.2841
18.715 -21.0516
18.72 -21.1105
18.725 -20.4903
18.73 -19.2378
18.735 -17.3536
18.74 -14.8426
18.745 -11.8585
18.75 -8.51453
18.755 -4.92374
18.76 -1.19419
18.765 2.57437
18.77 6.29338
18.775 9.88743
18.78 16.9391
18.785 61.154
18.79 81.6536
18.795 97.4991
18.8 107.884
18.805 112.686
18.81 112.079
18.815 106.544
18.82 96.8162
18.825 82.1674
18.83 64.6094
18.835 45.7995
18.84 27.2847
18.845 10.4492
18.85 -3.57883
18.855 -13.9978
18.86 -20.3706
18.865 -22.6281
18.87 -21.0396
18.875 -15.8246
18.88 -8.60377
18.885 0.156651
18.89 9.61818
18.895 18.9427
18.9 27.3945
18.905 34.2645
18.91 39.3029
18.915 42.2516
18.92 43.0625
18.925 41.862
18.93 38.2762
18.935 33.4412
18.94 27.7095
18.945 21.6604
18.95 15.8568
18.955 10.7969
18.96 6.87317
18.965 4.42137
18.97 3.54596
18.975 4.18902
18.98 6.16385
18.985 9.1927
18.99 12.8762
18.995 16.8209
19 20.6241
19.005 23.9193
19.01 26.406
19.015 27.8739
19.02 28.2121
19.025 25.9622
19.03 23.6648
19.035 20.8045
19.04 17.5885
19.045 14.2447
19.05 11.0035
19.055 8.07523
19.06 5.63199
19.065 3.79079
19.07 2.60541
19.075 2.0722
19.08 2.14132
19.085 2.72508
19.09 3.70535
19.095 4.93634
19.1 6.25311
19.105 7.48446
19.11 8.46591
19.115 9.05261
19.12 9.12999
19.125 8.62207
19.13 7.49651
19.135 5.76639
19.14 3.48741
19.145 0.7512
19.15 -2.32573
19.155 -5.61179
19.16 -8.96953
19.165 -12.2613
19.17 -9.77553
19.175 -7.37927
19.18 -5.20864
19.185 -3.33608
19.19 -1.81868
19.195 -0.696963
19.2 0.859632
19.205 2.10191
19.21 2.97159
19.215 3.47642
19.22 3.63479
19.225 3.47373
19.23 3.02715
19.235 2.33396
19.24 1.33654
19.245 0.0846692
19.25 -1.33599
19.255 -2.8599
19.26 -4.42504
19.265 -5.97542
19.27 -7.46293
19.275 -8.84886
19.28 -10.1061
19.285 -11.2197
19.29 -12.1851
19.295 -13.0076
19.3 -17.0819
19.305 -60.2193
19.31 -80.9837
19.315 -96.8008
19.32 -107.076
19.325 -111.619
19.33 -110.629
19.335 -104.652
19.34 -94.5163
19.345 -81.2549
19.35 -64.6638
19.355 -47.4489
19.36 -30.7703
19.365 -15.8731
19.37 -3.73628
19.375 4.9863
19.38 9.98799
19.385 11.3042
19.39 9.28053
19.395 4.9252
19.4 -1.57168
19.405 -9.39147
19.41 -17.757
19.415 -25.9011
19.42 -33.1217
19.425 -38.6855
19.43 -42.3542
19.435 -43.5178
19.44 -42.1425
19.445 -38.4423
19.45 -32.7728
19.455 -25.6226
19.46 -17.564
19.465 -9.20324
19.47 -1.12785
19.475 6.12966
19.48 12.1281
19.485 16.5527
19.49 19.2334
19.495 20.1529
19.5 19.4365
19.505 17.3276
19.51 14.1557
19.515 10.3039
19.52 6.17698
19.525 3.33647
19.53 0.625633
19.535 -1.63276
19.54 -3.28583
19.545 -4.23767
19.55 -4.45106
19.555 -3.94246
19.56 -2.77621
19.565 -1.05988
19.57 1.06263
19.575 3.42389
19.58 5.85008
19.585 8.17639
19.59 10.258
19.595 11.9805
19.6 13.2664
19.605 14.077
19.61 14.4135
19.615 8.00614
19.62 2.84827
19.625 -2.20046
19.63 -6.996
19.635 -11.402
19.64 -16.6145
19.645 -20.9779
19.65 -24.7423
19.655 -27.586
19.66 -29.8173
19.665 -31.2934
19.67 -31.989
19.675 -31.8962
19.68 -31.0245
19.685 -29.4
19.69 -27.0629
19.695 -23.664
19.7 -19.6276
19.705 -14.9883
19.71 -9.87159
19.715 -0.246589
19.72 59.4224
19.725 89.4077
19.73 113.108
19.735 129.717
19.74 138.741
19.745 140.195
19.75 134.56
19.755 122.706
19.76 102.929
19.765 78.6886
19.77 52.0798
19.775 25.3168
19.78 0.42857
19.785 -20.8844
19.79 -37.3564
19.795 -48.2188
19.8 -53.2171
19.805 -51.9309
19.81 -45.7868
19.815 -35.6967
19.82 -23.6825
19.825 -10.3572
19.83 2.52461
19.835 14.5064
19.84 24.5427
19.845 31.9878
19.85 36.4685
19.855 37.4734
19.86 33.9246
19.865 28.8995
19.87 22.3184
19.875 14.7934
19.88 7.0437
19.885 -0.25932
19.89 -6.53424
19.895 -11.3326
19.9 -14.3617
19.905 -15.4932
19.91 -14.7638
19.915 -12.3646
19.92 -8.61697
19.925 -3.93688
19.93 1.20571
19.935 6.32981
19.94 10.9845
19.945 14.7844
19.95 17.437
19.955 18.759
19.96 18.6841
19.965 17.2606
19.97 14.6404
19.975 11.0606
19.98 6.81804
19.985 2.24414
19.99 -2.32028
19.995 2.89323
20 3.70059
20.005 4.26377
20.01 4.61487
20.015 4.77796
20.02 4.77287
20.025 4.62587
20.03 5.51893
20.035 5.85955
20.04 6.11664
20.045 6.29626
20.05 6.40019
20.055 6.42603
20.06 6.36765
20.065 6.21454
20.07 5.95218
20.075 5.5639
20.08 5.03212
20.085 4.18629
20.09 3.12343
20.095 1.81016
20.1 0.250266
20.105 -1.54188
20.11 -3.54116
20.115 -5.71209
20.12 -8.0098
20.125 -10.3817
20.13 -12.7694
20.135 -15.1116
20.14 -17.3464
20.145 -19.4142
20.15 -21.2607
20.155 -22.839
20.16 -24.1117
20.165 -25.0528
20.17 -25.6485
20.175 -25.8976
20.18 -25.8114
20.185 -25.4679
20.19 -24.8604
20.195 -24.0276
20.2 -23.0067
20.205 -21.8377
20.21 -20.5617
20.215 -17.9736
20.22 -14.8993
20.225 -11.5582
20.23 -8.21684
20.235 -5.11613
20.24 -2.45378
20.245 -0.370939
20.25 1.05336
20.255 1.70248
20.26 1.65564
20.265 1.04652
20.27 0.0346374
20.275 -1.20252
20.28 -2.40099
20.285 -3.5006
20.29 -4.3873
20.295 -4.98915
20.3 -5.26835
20.305 -5.221
20.31 -4.83578
20.315 -4.24722
20.32 -3.48964
20.325 -2.64159
20.33 -1.78582
20.335 -1.0009
20.34 -0.354598
20.345 0.101044
20.35 0.333637
20.355 0.332814
20.36 0.0716164
20.365 -0.422812
20.37 -1.11002
20.375 -1.90709
20.38 -2.72125
20.385 -3.47899
20.39 -4.10896
20.395 -4.5529
20.4 -4.77019
20.405 -4.74059
20.41 -4.08654
20.415 -3.36753
20.42 -2.53035
20.425 -1.63068
20.43 -0.722819
20.435 0.144233
20.44 0.929853
20.445 1.60393
20.45 2.14794
20.455 2.55488
20.46 2.82825
20.465 2.98028
20.47 3.03001
20.475 3.00094
20.48 2.91865
20.485 2.80845
20.49 2.69321
20.495 2.59153
20.5 2.51655
20.505 2.47524
20.51 2.46838
20.515 2.49114
20.52 2.53408
20.525 2.58439
20.53 2.62754
20.535 2.64935
20.54 2.63763
20.545 2.58347
20.55 2.51946
20.555 2.44377
20.56 2.33607
20.565 2.19699
20.57 2.02791
20.575 1.83386
20.58 1.62307
20.585 1.40604
20.59 1.19518
20.595 1.00352
20.6 0.843132
20.605 0.724361
20.61 0.654936
20.615 0.639369
20.62 0.678572
20.625 0.769788
20.63 0.90686
20.635 1.08077
20.64 1.28027
20.645 1.49265
20.65 1.7046
20.655 1.90307
20.66 2.07607
20.665 2.21332
20.67 2.30679
20.675 2.35096
20.68 2.34289
20.685 2.2821
20.69 2.17041
20.695 2.0115
20.7 1.81057
20.705 1.57389
20.71 1.30833
20.715 1.02096
20.72 0.718263
20.725 0.406217
20.73 0.0905776
20.735 -0.223429
20.74 -0.531105
20.745 -0.828246
20.75 -1.11108
20.755 -1.72527
20.76 -2.08484
20.765 -2.36223
20.77 -2.55286
20.775 -2.65713
20.78 -2.67998
20.785 -2.63007
20.79 -2.51892
20.795 -2.35989
20.8 -2.16715
20.805 -1.95472
20.81 -1.7356
20.815 -1.50627
20.82 -1.25418
20.825 -1.0092
20.83 -0.790748
20.835 -0.605368
20.84 -0.45656
20.845 -0.344742
20.85 -0.267301
20.855 -0.219306
20.86 -0.194161
20.865 -0.184463
20.87 -0.182945
20.875 -0.183135
20.88 -0.179905
20.885 -0.169827
20.89 -0.151303
20.895 -0.124505
20.9 -0.0911277
20.905 -0.0540156
20.91 -0.0166941
20.915 0.017132
20.92 0.0440628
20.925 0.0614274
20.93 0.0676082
20.935 0.0622419
20.94 0.0462861
20.945 0.0219514
20.95 -0.00748525
20.955 -0.0379651
20.96 -0.0649978
20.965 -0.084043
20.97 -0.09089
20.975 -0.0895243
