0.005 0.000403749
0.01 0.00120736
0.015 0.00200362
0.02 0.00279564
0.025 0.00359156
0.03 0.00440837
0.035 0.00527689
0.04 0.00624776
0.045 0.00739695
0.05 0.00883087
0.055 0.0106904
0.06 0.0131542
0.065 0.016439
0.07 0.0207962
0.075 0.0265057
0.08 0.0338665
0.085 0.0431859
0.09 0.0547653
0.095 0.0688844
0.1 0.0857825
0.105 0.105642
0.11 0.128571
0.115 0.154596
0.12 0.183651
0.125 0.215569
0.13 0.250086
0.135 0.286838
0.14 0.325355
0.145 0.365074
0.15 0.405347
0.155 0.445466
0.16 0.484685
0.165 0.522259
0.17 0.557484
0.175 0.589744
0.18 0.618537
0.185 0.643484
0.19 0.664331
0.195 0.680943
0.2 0.693288
0.205 0.701438
0.21 0.70557
0.215 0.70595
0.22 0.702914
0.225 0.696843
0.23 0.688448
0.235 0.677743
0.24 0.665272
0.245 0.65145
0.25 0.636529
0.255 0.620665
0.26 0.604017
0.265 0.586654
0.27 0.56864
0.275 0.550097
0.28 0.531208
0.285 0.512216
0.29 0.493426
0.295 0.475206
0.3 0.457987
0.305 0.442251
0.31 0.428477
0.315 0.417077
0.32 0.408383
0.325 0.402618
0.33 0.399869
0.335 0.400066
0.34 0.402961
0.345 0.408176
0.35 0.415042
0.355 0.422817
0.36 0.430672
0.365 0.437825
0.37 0.443563
0.375 0.447207
0.38 0.448133
0.385 0.445782
0.39 0.439702
0.395 0.429715
0.4 0.415506
0.405 0.397204
0.41 0.375099
0.415 0.349701
0.42 0.321728
0.425 0.292078
0.43 0.261746
0.435 0.2318
0.44 0.203351
0.445 0.177499
0.45 0.155282
0.455 0.137554
0.46 0.125009
0.465 0.118255
0.47 0.117792
0.475 0.123936
0.48 0.136813
0.485 0.156754
0.49 0.183274
0.495 0.216475
0.5 0.256323
0.505 0.302685
0.51 0.355297
0.515 0.413819
0.52 0.47783
0.525 0.546802
0.53 0.620108
0.535 0.696984
0.54 0.776468
0.545 0.857384
0.55 0.938379
0.555 1.01797
0.56 1.09459
0.565 1.16663
0.57 1.2325
0.575 1.29065
0.58 1.33963
0.585 1.37808
0.59 1.40473
0.595 1.41815
0.6 1.41701
0.605 1.40051
0.61 1.36906
0.615 1.32279
0.62 1.26318
0.625 1.19229
0.63 1.11285
0.635 1.02823
0.64 0.942365
0.645 0.859162
0.65 0.782411
0.655 0.715854
0.66 0.662812
0.665 0.626103
0.67 0.607884
0.675 0.609534
0.68 0.63164
0.685 0.674101
0.69 0.737167
0.695 0.818695
0.7 0.917561
0.705 1.03172
0.71 1.15862
0.715 1.29529
0.72 1.43844
0.725 1.58471
0.73 1.73076
0.735 1.87337
0.74 2.00967
0.745 2.1373
0.75 2.25447
0.755 2.36016
0.76 2.45406
0.765 2.5364
0.77 2.60787
0.775 2.66948
0.78 2.72243
0.785 2.76807
0.79 2.80781
0.795 2.84303
0.8 2.87466
0.805 2.90297
0.81 2.92741
0.815 2.94674
0.82 2.95866
0.825 2.95958
0.83 2.94521
0.835 2.91122
0.84 2.85279
0.845 2.76567
0.85 2.6465
0.855 2.49335
0.86 2.30609
0.865 2.08652
0.87 1.8384
0.875 1.5673
0.88 1.2805
0.885 0.986458
0.89 0.694226
0.895 0.412929
0.9 0.151122
0.905 -0.0839982
0.91 -0.287337
0.915 -0.456349
0.92 -0.591188
0.925 -0.694633
0.93 -0.772087
0.935 -0.83147
0.94 -0.882827
0.945 -0.937663
0.95 -1.00809
0.955 -1.10594
0.96 -1.24184
0.965 -1.42437
0.97 -1.65918
0.975 -1.94847
0.98 -2.29066
0.985 -2.68023
0.99 -3.10794
0.995 -3.56115
1 -4.02438
1.005 -4.47983
1.01 -4.90789
1.015 -5.28779
1.02 -5.59856
1.025 -5.8205
1.03 -5.93621
1.035 -5.93159
1.04 -5.79647
1.045 -5.52647
1.05 -5.11915
1.055 -4.57774
1.06 -3.90945
1.065 -3.12545
1.07 -2.24028
1.075 -1.27128
1.08 -0.237803
1.085 0.839452
1.09 1.93913
1.095 3.03994
1.1 4.12131
1.105 5.16382
1.11 6.14958
1.115 7.06264
1.12 7.88929
1.125 8.61843
1.13 9.24198
1.135 9.75482
1.14 10.1546
1.145 10.4416
1.15 10.6189
1.155 10.6921
1.16 10.6686
1.165 10.5576
1.17 10.3682
1.175 10.1121
1.18 9.80007
1.185 9.44303
1.19 9.05117
1.195 8.6336
1.2 8.1979
1.205 7.74972
1.21 7.29261
1.215 6.82798
1.22 6.35537
1.225 5.87289
1.23 5.37775
1.235 4.86652
1.24 4.33547
1.245 3.78105
1.25 3.20038
1.255 2.59177
1.26 1.95493
1.265 1.29107
1.27 0.602795
1.275 -0.106094
1.28 -0.83106
1.285 -1.56727
1.29 -2.30985
1.295 -3.05435
1.3 -3.7973
1.305 -4.53653
1.31 -5.27123
1.315 -6.00178
1.32 -6.72975
1.325 -7.45759
1.33 -8.18804
1.335 -8.92346
1.34 -9.6649
1.345 -10.411
1.35 -11.1575
1.355 -11.8962
1.36 -12.6154
1.365 -13.2995
1.37 -13.9295
1.375 -14.4832
1.38 -14.936
1.385 -15.2618
1.39 -15.4342
1.395 -15.4288
1.4 -15.2242
1.405 -14.8052
1.41 -14.1589
1.415 -13.2805
1.42 -12.1723
1.425 -10.8443
1.43 -9.31457
1.435 -7.6084
1.44 -5.75794
1.445 -3.80084
1.45 -1.7787
1.455 0.264569
1.46 2.28454
1.465 4.23801
1.47 6.08477
1.475 7.78927
1.48 9.32208
1.485 10.6607
1.49 11.7901
1.495 12.703
1.5 13.3994
1.505 13.8865
1.51 14.1777
1.515 14.2918
1.52 14.2511
1.525 14.0806
1.53 13.805
1.535 13.4503
1.54 13.0396
1.545 12.5936
1.55 12.1293
1.555 11.6597
1.56 11.1933
1.565 10.7339
1.57 10.2807
1.575 9.82896
1.58 9.37072
1.585 8.8954
1.59 8.39094
1.595 7.8447
1.6 7.24426
1.605 6.57853
1.61 5.83861
1.615 5.01845
1.62 4.11543
1.625 3.13072
1.63 2.06922
1.635 0.939365
1.64 -0.246974
1.645 -1.47468
1.65 -2.72599
1.655 -3.98111
1.66 -5.21906
1.665 -6.41858
1.67 -7.55908
1.675 -8.62161
1.68 -9.58973
1.685 -10.4503
1.69 -11.1939
1.695 -11.8149
1.7 -12.3115
1.705 -12.6861
1.71 -12.9443
1.715 -13.0949
1.72 -13.1495
1.725 -13.1217
1.73 -13.0262
1.735 -12.878
1.74 -12.6924
1.745 -12.4813
1.75 -12.2565
1.755 -12.0263
1.76 -11.7968
1.765 -11.5707
1.77 -11.3481
1.775 -11.1262
1.78 -10.8998
1.785 -10.6621
1.79 -10.4055
1.795 -10.122
1.8 -9.804
1.805 -9.44429
1.81 -9.03701
1.815 -8.5778
1.82 -8.06372
1.825 -7.49291
1.83 -6.86436
1.835 -6.17769
1.84 -5.43282
1.845 -4.62968
1.85 -3.76793
1.855 -2.84676
1.86 -1.86486
1.865 -0.820565
1.87 0.287826
1.875 1.46148
1.88 2.70045
1.885 4.00294
1.89 5.36456
1.895 6.77773
1.9 8.2313
1.905 9.71024
1.91 11.1956
1.915 12.6647
1.92 14.0921
1.925 15.4501
1.93 16.7101
1.935 17.8436
1.94 18.8237
1.945 19.6263
1.95 20.2322
1.955 20.6277
1.96 20.806
1.965 20.7673
1.97 20.5187
1.975 20.0734
1.98 19.4524
1.985 18.6812
1.99 17.789
1.995 16.8072
2 15.7676
2.005 14.7007
2.01 13.6345
2.015 12.593
2.02 11.5949
2.025 10.6535
2.03 9.77534
2.035 8.96124
2.04 8.20622
2.045 7.5002
2.05 6.82894
2.055 6.17516
2.06 5.51978
2.065 4.84334
2.07 4.12721
2.075 3.35483
2.08 2.51262
2.085 1.5905
2.09 0.582155
2.095 -0.514806
2.1 -1.6988
2.105 -2.96453
2.11 -4.30334
2.115 -5.70384
2.12 -7.15228
2.125 -8.63334
2.13 -10.1308
2.135 -11.6285
2.14 -13.1105
2.145 -14.5624
2.15 -15.9709
2.155 -17.3245
2.16 -18.6132
2.165 -19.8287
2.17 -20.9642
2.175 -22.014
2.18 -22.9729
2.185 -23.836
2.19 -24.5985
2.195 -25.255
2.2 -25.7997
2.205 -26.2259
2.21 -26.5263
2.215 -26.6926
2.22 -26.7158
2.225 -26.5861
2.23 -26.2927
2.235 -25.8253
2.24 -25.1722
2.245 -24.3238
2.25 -23.2726
2.255 -22.0142
2.26 -20.5478
2.265 -18.8771
2.27 -17.0102
2.275 -14.9602
2.28 -12.7457
2.285 -10.39
2.29 -7.92091
2.295 -5.37013
2.3 -2.77199
2.305 -0.162722
2.31 2.42078
2.315 4.94206
2.32 7.366
2.325 9.65998
2.33 11.7951
2.335 13.7476
2.34 15.4991
2.345 17.0376
2.35 18.3577
2.355 19.4602
2.36 20.3523
2.365 21.0477
2.37 21.5647
2.375 21.9264
2.38 22.1589
2.385 22.2908
2.39 22.3512
2.395 22.3688
2.4 22.3699
2.405 22.3769
2.41 22.4068
2.415 22.4703
2.42 22.571
2.425 22.7054
2.43 22.8627
2.435 23.0254
2.44 23.1701
2.445 23.2684
2.45 23.2884
2.455 23.1957
2.46 22.9559
2.465 22.5352
2.47 21.9046
2.475 21.0395
2.48 19.9225
2.485 18.5442
2.49 16.9046
2.495 15.0135
2.5 12.8903
2.505 10.564
2.51 8.07139
2.515 5.45635
2.52 2.76786
2.525 0.0582174
2.53 -2.61917
2.535 -5.21212
2.54 -7.67166
2.545 -9.95398
2.55 -12.0219
2.555 -13.8457
2.56 -15.4041
2.565 -16.684
2.57 -17.6811
2.575 -18.3988
2.58 -18.8477
2.585 -19.0445
2.59 -19.0108
2.595 -18.7721
2.6 -18.3564
2.605 -17.7928
2.61 -17.111
2.615 -16.3405
2.62 -15.5101
2.625 -14.6474
2.63 -13.7785
2.635 -12.927
2.64 -12.1148
2.645 -11.3606
2.65 -10.681
2.655 -10.0895
2.66 -9.59721
2.665 -9.21174
2.67 -8.93733
2.675 -8.77422
2.68 -8.71835
2.685 -8.76145
2.69 -8.89389
2.695 -9.09664
2.7 -9.34878
2.705 -9.62562
2.71 -9.89979
2.715 -10.142
2.72 -10.3223
2.725 -10.4112
2.73 -10.3809
2.735 -10.2086
2.74 -9.87432
2.745 -9.3618
2.75 -8.66191
2.755 -7.77267
2.76 -6.69953
2.765 -5.45523
2.77 -4.05942
2.775 -2.53813
2.78 -0.922915
2.785 0.750031
2.79 2.44085
2.795 4.10734
2.8 5.70647
2.805 7.19612
2.81 8.53689
2.815 9.69396
2.82 10.6387
2.825 11.35
2.83 11.8149
2.835 12.0294
2.84 11.9989
2.845 11.7375
2.85 11.2667
2.855 10.6185
2.86 9.8294
2.865 8.9406
2.87 7.99571
2.875 7.03882
2.88 6.11245
2.885 5.25567
2.89 4.5026
2.895 3.88096
2.9 3.41099
2.905 3.10489
2.91 2.96684
2.915 2.99359
2.92 3.17559
2.925 3.50346
2.93 3.954
2.935 4.50754
2.94 5.14147
2.945 5.83302
2.95 6.56022
2.955 7.3025
2.96 8.0413
2.965 8.76038
2.97 9.4462
2.975 10.0879
2.98 10.6772
2.985 11.2079
2.99 11.6759
2.995 12.0782
3 12.4122
3.005 12.6752
3.01 12.8631
3.015 12.9708
3.02 12.9898
3.025 12.9053
3.03 12.7
3.035 12.3521
3.04 11.8399
3.045 11.1429
3.05 10.2442
3.055 9.13194
3.06 7.80144
3.065 6.25607
3.07 4.50796
3.075 2.57804
3.08 0.495558
3.085 -1.70286
3.09 -3.97465
3.095 -6.27295
3.1 -8.54844
3.105 -10.751
3.11 -12.8314
3.115 -14.7429
3.12 -16.4429
3.125 -17.8939
3.13 -19.0651
3.135 -19.9327
3.14 -20.4807
3.145 -20.7011
3.15 -20.5943
3.155 -20.169
3.16 -19.4405
3.165 -18.4296
3.17 -17.1633
3.175 -15.6736
3.18 -13.9972
3.185 -12.1744
3.19 -10.2481
3.195 -8.26356
3.2 -6.26674
3.205 -4.30373
3.21 -2.41958
3.215 -0.657193
3.22 0.943837
3.225 2.34856
3.23 3.52781
3.235 4.45911
3.24 5.12758
3.245 5.52661
3.25 5.65849
3.255 5.53481
3.26 5.17527
3.265 4.60997
3.27 3.87646
3.275 3.01896
3.28 2.08685
3.285 1.13294
3.29 0.211598
3.295 -0.623358
3.3 -1.32067
3.305 -1.83357
3.31 -2.12145
3.315 -2.15136
3.32 -1.89919
3.325 -1.3507
3.33 -0.502114
3.335 0.639307
3.34 2.05579
3.345 3.71938
3.35 5.59297
3.355 7.63141
3.36 9.78288
3.365 11.9905
3.37 14.1938
3.375 16.3309
3.38 18.3403
3.385 20.1624
3.39 21.7415
3.395 23.0266
3.4 23.9732
3.405 24.5447
3.41 24.7129
3.415 24.4581
3.42 23.77
3.425 22.6454
3.43 21.0889
3.435 19.1135
3.44 16.739
3.445 13.9924
3.45 10.9061
3.455 7.51832
3.46 3.87131
3.465 0.0113235
3.47 -4.01215
3.475 -8.14706
3.48 -12.3396
3.485 -16.5351
3.49 -20.6791
3.495 -24.7178
3.5 -28.5992
3.505 -32.2739
3.51 -35.6958
3.515 -38.8224
3.52 -41.6158
3.525 -44.0439
3.53 -44.456
3.535 -45.2419
3.54 -45.8823
3.545 -46.3802
3.55 -46.7367
3.555 -46.9518
3.56 -47.0247
3.565 -46.9545
3.57 -46.7408
3.575 -46.1219
3.58 -45.2918
3.585 -44.2299
3.59 -42.9606
3.595 -41.5124
3.6 -39.9165
3.605 -38.2055
3.61 -36.4124
3.615 -34.5685
3.62 -32.7026
3.625 -30.8401
3.63 -29.0024
3.635 -27.2064
3.64 -25.464
3.645 -23.7824
3.65 -22.1647
3.655 -20.6095
3.66 -19.1122
3.665 -17.6653
3.67 -16.2594
3.675 -14.8834
3.68 -13.5255
3.685 -12.1737
3.69 -10.8162
3.695 -9.44161
3.7 -8.03909
3.705 -6.59863
3.71 -5.11133
3.715 -3.56943
3.72 -1.96682
3.725 -0.299601
3.73 1.43301
3.735 3.51109
3.74 5.54866
3.745 7.60909
3.75 9.66679
3.755 11.6912
3.76 13.647
3.765 15.4949
3.77 17.1922
3.775 18.6939
3.78 19.9533
3.785 20.9233
3.79 21.5575
3.795 21.8113
3.8 21.6439
3.805 21.0184
3.81 19.9048
3.815 18.2826
3.82 16.1407
3.825 13.4785
3.83 10.3075
3.835 6.65221
3.84 2.54851
3.845 -1.9573
3.85 -6.38024
3.855 -11.0543
3.86 -15.9673
3.865 -21.0664
3.87 -26.2944
3.875 -31.5915
3.88 -36.897
3.885 -42.1511
3.89 -47.2964
3.895 -52.2793
3.9 -53.4133
3.905 -55.9183
3.91 -58.3849
3.915 -59.547
3.92 -60.9275
3.925 -62.3203
3.93 -63.7153
3.935 -65.0916
3.94 -66.4369
3.945 -67.9246
3.95 -69.3177
3.955 -70.6364
3.96 -71.8698
3.965 -73.0082
3.97 -74.0433
3.975 -74.9676
3.98 -75.7744
3.985 -76.4578
3.99 -77.0124
3.995 -77.4333
4 -77.7159
4.005 -77.8558
4.01 -77.8487
4.015 -77.6792
4.02 -77.3216
4.025 -76.3017
4.03 -74.8082
4.035 -72.7335
4.04 -70.0206
4.045 -66.6235
4.05 -62.5054
4.055 -57.636
4.06 -52.4673
4.065 -46.5292
4.07 -39.8716
4.075 -32.5183
4.08 -24.511
4.085 -15.9469
4.09 -6.94477
4.095 2.3919
4.1 3.98625
4.105 9.04012
4.11 21.584
4.115 40.5839
4.12 57.024
4.125 58.725
4.13 66.0211
4.135 67.1067
4.14 71.0378
4.145 74.8754
4.15 78.5819
4.155 82.1082
4.16 85.4297
4.165 88.7796
4.17 91.7951
4.175 94.5137
4.18 96.9164
4.185 98.9879
4.19 100.718
4.195 102.1
4.2 103.131
4.205 103.812
4.21 104.154
4.215 104.178
4.22 103.9
4.225 102.617
4.23 100.227
4.235 97.0872
4.24 93.3686
4.245 89.2476
4.25 84.8985
4.255 80.487
4.26 76.1317
4.265 71.9021
4.27 67.8403
4.275 63.9566
4.28 60.236
4.285 56.6447
4.29 53.1366
4.295 49.6607
4.3 46.4879
4.305 43.1076
4.31 39.6372
4.315 36.061
4.32 32.3776
4.325 28.5987
4.33 24.7483
4.335 20.8603
4.34 16.9765
4.345 13.143
4.35 9.40726
4.355 5.8153
4.36 2.40927
4.365 -0.748266
4.37 -3.59747
4.375 -6.10845
4.38 -8.26378
4.385 -10.0625
4.39 -11.5196
4.395 -12.6656
4.4 -13.5442
4.405 -14.2105
4.41 -14.7273
4.415 -15.1621
4.42 -15.5831
4.425 -16.0557
4.43 -16.6396
4.435 -17.3852
4.44 -18.3315
4.445 -19.5035
4.45 -20.9111
4.455 -22.548
4.46 -24.3912
4.465 -24.6177
4.47 -25.4168
4.475 -26.2927
4.48 -27.2343
4.485 -28.2252
4.49 -29.2392
4.495 -30.239
4.5 -31.1809
4.505 -31.0921
4.51 -31.1167
4.515 -31.1104
4.52 -31.0668
4.525 -30.9802
4.53 -30.8462
4.535 -30.2578
4.54 -28.8276
4.545 -26.8035
4.55 -24.2536
4.555 -21.26
4.56 -17.9171
4.565 -14.3244
4.57 -10.5803
4.575 -6.77616
4.58 -2.99165
4.585 0.709266
4.59 4.28008
4.595 7.6922
4.6 10.9338
4.605 14.0077
4.61 16.9275
4.615 19.714
4.62 22.3901
4.625 24.9765
4.63 27.4873
4.635 29.9263
4.64 32.2847
4.645 34.5398
4.65 36.6549
4.655 38.5807
4.66 40.2569
4.665 41.6174
4.67 42.5948
4.675 43.1259
4.68 43.1564
4.685 42.6456
4.69 41.3388
4.695 39.4026
4.7 36.8422
4.705 33.7295
4.71 30.1655
4.715 26.2761
4.72 22.5672
4.725 18.6611
4.73 14.8631
4.735 11.3187
4.74 8.16017
4.745 5.50268
4.75 3.44145
4.755 2.0483
4.76 1.36983
4.765 1.42682
4.77 2.21446
4.775 3.58518
4.78 5.5888
4.785 8.14319
4.79 11.1756
4.795 14.6039
4.8 18.34
4.805 22.2944
4.81 26.3791
4.815 30.5111
4.82 34.6149
4.825 38.623
4.83 42.4778
4.835 46.1308
4.84 49.5422
4.845 52.6792
4.85 55.514
4.855 58.0229
4.86 60.1835
4.865 61.9736
4.87 63.369
4.875 64.3422
4.88 64.8615
4.885 64.8753
4.89 64.308
4.895 62.9232
4.9 60.6991
4.905 57.5325
4.91 53.3581
4.915 48.1352
4.92 41.8445
4.925 34.501
4.93 26.1571
4.935 17.8392
4.94 8.52933
4.945 -1.22417
4.95 -11.2277
4.955 -21.2774
4.96 -31.1643
4.965 -31.4633
4.97 -35.0902
4.975 -33.7318
4.98 -34.3609
4.985 -35.015
4.99 -35.6942
4.995 -36.3956
5 -37.1141
5.005 -37.8416
5.01 -38.5666
5.015 -39.2752
5.02 -39.9527
5.025 -40.584
5.03 -41.1547
5.035 -41.6535
5.04 -42.0714
5.045 -42.7918
5.05 -45.3899
5.055 -46.8549
5.06 -47.7175
5.065 -47.9609
5.07 -47.5842
5.075 -45.5899
5.08 -42.0336
5.085 -37.2811
5.09 -31.5681
5.095 -25.1538
5.1 -18.305
5.105 -11.2825
5.11 -4.33443
5.115 2.31146
5.12 5.44608
5.125 9.5924
5.13 13.337
5.135 16.6461
5.14 19.5073
5.145 21.93
5.15 23.9442
5.155 25.5988
5.16 26.9598
5.165 28.1077
5.17 29.1354
5.175 30.145
5.18 31.2448
5.185 32.5452
5.19 34.155
5.195 36.1774
5.2 38.7065
5.205 39.2088
5.21 40.1375
5.215 41.2548
5.22 42.585
5.225 44.1497
5.23 45.9511
5.235 47.9827
5.24 50.2445
5.245 53.5644
5.25 63.2641
5.255 70.5717
5.26 78.193
5.265 86.3918
5.27 94.7056
5.275 103.032
5.28 111.264
5.285 116.408
5.29 121.968
5.295 127.319
5.3 132.418
5.305 137.225
5.31 141.702
5.315 145.812
5.32 149.521
5.325 152.805
5.33 155.642
5.335 158.017
5.34 159.921
5.345 161.351
5.35 162.309
5.355 162.8
5.36 162.837
5.365 162.437
5.37 160.982
5.375 157.755
5.38 153.431
5.385 148.259
5.39 142.503
5.395 136.434
5.4 130.312
5.405 124.381
5.41 118.854
5.415 113.905
5.42 109.596
5.425 105.879
5.43 102.653
5.435 99.7484
5.44 96.9459
5.445 93.9951
5.45 90.6318
5.455 86.5968
5.46 81.6523
5.465 75.5974
5.47 68.2806
5.475 59.6079
5.48 49.5496
5.485 38.2882
5.49 26.1101
5.495 13.2516
5.5 -0.0197644
5.505 -13.4311
5.51 -26.7163
5.515 -25.5796
5.52 -30.3318
5.525 -35.198
5.53 -40.1929
5.535 -40.3971
5.54 -41.2863
5.545 -42.218
5.55 -43.1892
5.555 -44.1943
5.56 -45.2318
5.565 -46.2996
5.57 -47.3957
5.575 -48.5184
5.58 -49.666
5.585 -50.8362
5.59 -52.0265
5.595 -53.234
5.6 -54.4559
5.605 -55.6895
5.61 -64.9381
5.615 -73.8798
5.62 -82.5895
5.625 -91.8499
5.63 -100.502
5.635 -104.086
5.64 -109.678
5.645 -114.93
5.65 -119.879
5.655 -124.586
5.66 -129.09
5.665 -133.43
5.67 -137.646
5.675 -141.761
5.68 -145.79
5.685 -149.767
5.69 -153.724
5.695 -157.694
5.7 -160.997
5.705 -164.626
5.71 -168.36
5.715 -172.223
5.72 -176.223
5.725 -180.357
5.73 -184.587
5.735 -188.861
5.74 -191.355
5.745 -192.758
5.75 -194.179
5.755 -195.6
5.76 -197.021
5.765 -198.437
5.77 -199.845
5.775 -201.242
5.78 -202.625
5.785 -203.991
5.79 -205.338
5.795 -206.661
5.8 -207.958
5.805 -209.226
5.81 -210.46
5.815 -211.656
5.82 -212.81
5.825 -213.915
5.83 -214.966
5.835 -215.957
5.84 -216.872
5.845 -217.691
5.85 -218.391
5.855 -218.948
5.86 -219.334
5.865 -219.525
5.87 -219.494
5.875 -219.217
5.88 -218.673
5.885 -217.841
5.89 -212.11
5.895 -203.831
5.9 -192.88
5.905 -179.596
5.91 -164.398
5.915 -147.766
5.92 -130.205
5.925 -112.223
5.93 -94.2976
5.935 -76.854
5.94 -60.3258
5.945 -45.0916
5.95 -31.3866
5.955 -19.3415
5.96 -8.97542
5.965 -0.199866
5.97 7.17075
5.975 9.30012
5.98 11.6744
5.985 13.9736
5.99 16.3612
5.995 18.9938
6 22.0168
6.005 25.5592
6.01 29.7286
6.015 34.4721
6.02 39.6525
6.025 45.1885
6.03 42.8955
6.035 43.1745
6.04 43.5756
6.045 43.9817
6.05 44.3932
6.055 44.8108
6.06 45.2355
6.065 45.668
6.07 46.109
6.075 46.559
6.08 47.018
6.085 47.4859
6.09 47.9625
6.095 48.4472
6.1 48.9397
6.105 49.4397
6.11 49.9471
6.115 50.4612
6.12 50.9811
6.125 51.5053
6.13 52.0319
6.135 52.5587
6.14 53.0834
6.145 53.6034
6.15 54.1163
6.155 54.6191
6.16 55.1088
6.165 55.5818
6.17 56.0351
6.175 56.4656
6.18 56.8704
6.185 57.2465
6.19 61.7677
6.195 72.4473
6.2 80.3475
6.205 87.2241
6.21 92.9761
6.215 97.5319
6.22 100.856
6.225 102.964
6.23 103.916
6.235 103.815
6.24 102.758
6.245 98.0314
6.25 92.1274
6.255 85.2788
6.26 77.7843
6.265 69.8155
6.27 61.7341
6.275 53.8604
6.28 46.4941
6.285 39.9031
6.29 34.3144
6.295 29.9069
6.3 26.8061
6.305 25.0817
6.31 24.7467
6.315 25.7592
6.32 26.917
6.325 28.9377
6.33 31.5907
6.335 34.7993
6.34 38.476
6.345 42.5242
6.35 46.8411
6.355 51.3198
6.36 55.852
6.365 60.3306
6.37 64.6517
6.375 68.7114
6.38 72.4068
6.385 75.6425
6.39 78.3315
6.395 80.3987
6.4 81.782
6.405 82.4339
6.41 82.3233
6.415 81.4361
6.42 78.5503
6.425 74.6874
6.43 69.7639
6.435 63.9554
6.44 57.468
6.445 50.5291
6.45 43.3779
6.455 36.2559
6.46 29.3964
6.465 23.015
6.47 17.3005
6.475 12.4067
6.48 8.44684
6.485 5.48856
6.49 3.81191
6.495 2.89871
6.5 2.83695
6.505 3.40694
6.51 4.38927
6.515 5.73611
6.52 7.3167
6.525 8.99015
6.53 10.6104
6.535 12.0311
6.54 13.1115
6.545 13.721
6.55 13.7437
6.555 12.9647
6.56 11.0394
6.565 8.04613
6.57 3.99572
6.575 -1.05369
6.58 -6.40825
6.585 -12.7403
6.59 -19.6607
6.595 -26.9904
6.6 -28.4946
6.605 -31.2797
6.61 -34.1861
6.615 -33.8286
6.62 -34.1869
6.625 -34.5652
6.63 -34.9635
6.635 -35.3811
6.64 -35.8167
6.645 -36.2677
6.65 -36.7297
6.655 -37.1974
6.66 -37.665
6.665 -38.1263
6.67 -38.5746
6.675 -39.0033
6.68 -39.406
6.685 -39.7768
6.69 -40.1104
6.695 -40.4023
6.7 -40.6482
6.705 -40.8443
6.71 -40.9871
6.715 -41.0741
6.72 -41.1034
6.725 -41.0739
6.73 -40.985
6.735 -40.8362
6.74 -40.6274
6.745 -39.4579
6.75 -36.8709
6.755 -33.3163
6.76 -28.9406
6.765 -23.9187
6.77 -18.4449
6.775 -12.7207
6.78 -6.9485
6.785 -1.32493
6.79 2.60301
6.795 6.21404
6.8 9.45296
6.805 12.2546
6.81 14.5672
6.815 16.354
6.82 17.5943
6.825 18.2845
6.83 18.437
6.835 18.0804
6.84 16.951
6.845 15.3292
6.85 13.2986
6.855 10.9919
6.86 8.5527
6.865 6.12892
6.87 3.86686
6.875 1.90492
6.88 0.367726
6.885 -0.638923
6.89 -1.03243
6.895 -0.756954
6.9 -0.235273
6.905 0.510154
6.91 1.55031
6.915 2.8825
6.92 4.49665
6.925 6.37535
6.93 8.49436
6.935 10.823
6.94 13.3247
6.945 15.9581
6.95 18.6794
6.955 21.4429
6.96 24.2016
6.965 26.9075
6.97 29.5134
6.975 31.9733
6.98 34.2441
6.985 36.2864
6.99 38.0648
6.995 39.5488
7 40.7131
7.005 41.5388
7.01 42.0134
7.015 42.1314
7.02 41.8942
7.025 40.2375
7.03 37.8614
7.035 34.9643
7.04 31.5301
7.045 27.7285
7.05 23.741
7.055 19.7587
7.06 15.9774
7.065 12.5736
7.07 9.71347
7.075 7.56426
7.08 6.28091
7.085 6.00536
7.09 6.8638
7.095 7.6375
7.1 9.23238
7.105 11.5291
7.11 14.5929
7.115 18.3676
7.12 22.7341
7.125 27.6183
7.13 32.9309
7.135 38.5771
7.14 44.4587
7.145 50.4753
7.15 56.5264
7.155 62.5125
7.16 68.337
7.165 73.9075
7.17 79.1372
7.175 83.9466
7.18 88.2646
7.185 92.0293
7.19 95.1891
7.195 97.703
7.2 99.5414
7.205 100.686
7.21 101.129
7.215 100.875
7.22 99.3646
7.225 95.9741
7.23 91.2799
7.235 85.5122
7.24 78.9335
7.245 71.8268
7.25 64.4839
7.255 57.1751
7.26 50.0998
7.265 43.3867
7.27 37.1254
7.275 31.3632
7.28 26.1034
7.285 21.3876
7.29 17.2495
7.295 13.653
7.3 10.5472
7.305 7.86299
7.31 5.51891
7.315 3.42678
7.32 1.49714
7.325 -0.355769
7.33 -2.20962
7.335 -4.13039
7.34 -6.16943
7.345 -8.18133
7.35 -10.4209
7.355 -12.8345
7.36 -15.4097
7.365 -18.1196
7.37 -20.9252
7.375 -23.7781
7.38 -23.2968
7.385 -24.4179
7.39 -25.5795
7.395 -26.7775
7.4 -28.0051
7.405 -29.2538
7.41 -30.513
7.415 -31.7709
7.42 -33.0139
7.425 -32.8001
7.43 -32.9806
7.435 -33.1498
7.44 -33.3065
7.445 -33.449
7.45 -33.5757
7.455 -33.6846
7.46 -33.7734
7.465 -33.8391
7.47 -33.8785
7.475 -33.888
7.48 -33.8655
7.485 -33.8096
7.49 -33.7177
7.495 -33.3962
7.5 -32.4777
7.505 -31.1176
7.51 -29.3215
7.515 -27.1074
7.52 -24.5059
7.525 -21.5596
7.53 -18.3223
7.535 -14.8574
7.54 -11.237
7.545 -7.53929
7.55 -3.84719
7.555 -0.245772
7.56 3.18299
7.565 6.36298
7.57 9.22387
7.575 11.7034
7.58 13.7482
7.585 15.3153
7.59 16.3721
7.595 16.8972
7.6 16.8802
7.605 16.3221
7.61 14.2863
7.615 11.6237
7.62 8.25181
7.625 4.29984
7.63 -0.0884154
7.635 -4.76114
7.64 -9.56478
7.645 -14.3502
7.65 -18.5466
7.655 -22.6715
7.66 -26.4686
7.665 -27.605
7.67 -28.7212
7.675 -29.744
7.68 -30.6831
7.685 -31.5497
7.69 -31.384
7.695 -31.503
7.7 -31.6188
7.705 -31.7334
7.71 -31.849
7.715 -31.9673
7.72 -32.0903
7.725 -32.2196
7.73 -32.3573
7.735 -32.5053
7.74 -32.6654
7.745 -32.8393
7.75 -33.0289
7.755 -33.236
7.76 -33.4623
7.765 -33.7094
7.77 -33.9784
7.775 -34.2701
7.78 -34.5849
7.785 -34.9228
7.79 -35.2833
7.795 -35.6658
7.8 -36.0694
7.805 -36.4912
7.81 -36.9264
7.815 -37.3698
7.82 -37.8149
7.825 -38.2545
7.83 -38.6808
7.835 -39.0854
7.84 -39.46
7.845 -39.7984
7.85 -40.0953
7.855 -40.3446
7.86 -40.54
7.865 -40.675
7.87 -40.7432
7.875 -40.7384
7.88 -40.6547
7.885 -40.4862
7.89 -40.2275
7.895 -35.6339
7.9 -30.0578
7.905 -22.8435
7.91 -14.2046
7.915 -4.40485
7.92 6.25383
7.925 13.3574
7.93 21.705
7.935 30.2001
7.94 38.6673
7.945 37.6076
7.95 38.4558
7.955 39.3074
7.96 40.1625
7.965 41.02
7.97 41.8776
7.975 42.7312
7.98 43.5771
7.985 44.4112
7.99 45.2287
7.995 46.0248
8 46.7943
8.005 47.5318
8.01 48.2316
8.015 48.8878
8.02 49.4943
8.025 50.0453
8.03 52.6499
8.035 54.2766
8.04 56.9486
8.045 58.7145
8.05 59.9198
8.055 60.5321
8.06 60.5293
8.065 59.8998
8.07 56.6413
8.075 52.193
8.08 46.4582
8.085 39.6648
8.09 32.4739
8.095 24.8127
8.1 16.8978
8.105 8.98859
8.11 1.33432
8.115 -5.83486
8.12 -9.36673
8.125 -13.4955
8.13 -17.0768
8.135 -20.063
8.14 -22.4233
8.145 -24.1442
8.15 -25.2282
8.155 -25.6943
8.16 -25.5758
8.165 -25.0237
8.17 -24.1341
8.175 -22.9149
8.18 -21.4163
8.185 -19.6918
8.19 -17.7965
8.195 -15.7864
8.2 -13.7168
8.205 -11.6417
8.21 -9.61242
8.215 -7.67735
8.22 -5.88065
8.225 -4.26167
8.23 -2.85447
8.235 -1.68747
8.24 -0.782914
8.245 -0.15665
8.25 0.181841
8.255 0.229351
8.26 -0.0113058
8.265 -1.03661
8.27 -2.48072
8.275 -4.33612
8.28 -6.5213
8.285 -8.79298
8.29 -11.2283
8.295 -13.7292
8.3 -16.216
8.305 -18.6156
8.31 -20.864
8.315 -22.9085
8.32 -24.7093
8.325 -26.2397
8.33 -27.4873
8.335 -28.4532
8.34 -29.152
8.345 -29.2277
8.35 -29.3972
8.355 -29.4674
8.36 -29.4738
8.365 -29.4529
8.37 -29.249
8.375 -29.1402
8.38 -29.0384
8.385 -28.947
8.39 -28.8694
8.395 -28.809
8.4 -28.7686
8.405 -28.7508
8.41 -28.7571
8.415 -28.7887
8.42 -28.8457
8.425 -28.9282
8.43 -29.0351
8.435 -29.1651
8.44 -29.3149
8.445 -29.4794
8.45 -29.6517
8.455 -29.8239
8.46 -29.9867
8.465 -30.1306
8.47 -30.2451
8.475 -30.3192
8.48 -30.342
8.485 -30.303
8.49 -30.1966
8.495 -30.0187
8.5 -28.8048
8.505 -26.9875
8.51 -24.4948
8.515 -21.3411
8.52 -17.556
8.525 -13.1839
8.53 -8.28257
8.535 -2.92173
8.54 2.81843
8.545 8.84938
8.55 15.0763
8.555 21.4004
8.56 27.7214
8.565 33.9396
8.57 39.9578
8.575 45.6837
8.58 51.0308
8.585 55.9206
8.59 60.2834
8.595 64.06
8.6 67.2018
8.605 69.6719
8.61 71.4453
8.615 72.5086
8.62 72.8602
8.625 72.5092
8.63 70.498
8.635 67.0988
8.64 62.5606
8.645 57.0929
8.65 50.929
8.655 44.3162
8.66 37.5046
8.665 30.7374
8.67 24.2411
8.675 18.2181
8.68 12.8394
8.685 8.23985
8.69 4.51448
8.695 1.71736
8.7 -0.138622
8.705 -1.07997
8.71 -1.16939
8.715 -0.501259
8.72 0.306245
8.725 1.50334
8.73 2.95401
8.735 4.5795
8.74 6.3004
8.745 8.03892
8.75 9.72082
8.755 11.2774
8.76 12.6475
8.765 13.7786
8.77 14.6281
8.775 15.1643
8.78 15.3671
8.785 15.2282
8.79 14.3545
8.795 13.0397
8.8 11.3011
8.805 9.22573
8.81 6.91563
8.815 4.49694
8.82 2.1174
8.825 -0.0646669
8.83 -1.87959
8.835 -3.14943
8.84 -3.69028
8.845 -3.30947
8.85 -2.35465
8.855 -0.701862
8.86 1.75054
8.865 5.08788
8.87 9.39203
8.875 14.7404
8.88 21.2019
8.885 28.5707
8.89 36.5307
8.895 44.8941
8.9 53.4426
8.905 61.9593
8.91 70.2342
8.915 78.0688
8.92 85.2814
8.925 91.7104
8.93 97.2184
8.935 101.695
8.94 105.057
8.945 107.254
8.95 108.263
8.955 108.095
8.96 106.786
8.965 102.933
8.97 98.3297
8.975 93.3749
8.98 88.5258
8.985 84.2201
8.99 80.8189
8.995 78.5927
9 77.713
9.005 78.2491
9.01 79.5555
9.015 81.8449
9.02 84.963
9.025 88.6974
9.03 92.7504
9.035 96.7891
9.04 100.454
9.045 103.384
9.05 105.232
9.055 105.692
9.06 104.509
9.065 100.439
9.07 93.8702
9.075 84.8204
9.08 73.5751
9.085 60.5471
9.09 46.1568
9.095 30.8934
9.1 15.2767
9.105 -0.166088
9.11 -14.9241
9.115 -27.3452
9.12 -23.8971
9.125 -27.7561
9.13 -31.2657
9.135 -34.4045
9.14 -34.2747
9.145 -34.6524
9.15 -34.9904
9.155 -35.2911
9.16 -35.5572
9.165 -35.7917
9.17 -35.9979
9.175 -36.1792
9.18 -36.3397
9.185 -36.4833
9.19 -36.6143
9.195 -36.7367
9.2 -36.8552
9.205 -36.9737
9.21 -37.0959
9.215 -37.2247
9.22 -37.362
9.225 -37.5096
9.23 -37.6684
9.235 -37.8385
9.24 -38.0198
9.245 -38.2114
9.25 -38.4115
9.255 -38.6179
9.26 -38.8273
9.265 -39.0356
9.27 -39.2385
9.275 -39.4314
9.28 -39.6095
9.285 -39.7678
9.29 -39.9017
9.295 -40.0067
9.3 -40.0789
9.305 -40.1153
9.31 -39.6045
9.315 -38.545
9.32 -37.0196
9.325 -35.0719
9.33 -32.764
9.335 -30.1776
9.34 -27.4116
9.345 -24.5754
9.35 -21.7855
9.355 -19.161
9.36 -16.8186
9.365 -14.8685
9.37 -13.3961
9.375 -12.4641
9.38 -12.125
9.385 -12.4168
9.39 -13.8052
9.395 -16.3369
9.4 -19.9049
9.405 -24.4568
9.41 -29.9271
9.415 -36.2433
9.42 -38.4545
9.425 -38.3124
9.43 -38.8897
9.435 -39.5124
9.44 -40.1794
9.445 -40.8896
9.45 -41.642
9.455 -42.4355
9.46 -43.2688
9.465 -44.1407
9.47 -45.0498
9.475 -45.9946
9.48 -46.9738
9.485 -47.9862
9.49 -49.0302
9.495 -50.104
9.5 -51.2055
9.505 -52.3348
9.51 -53.5066
9.515 -54.7418
9.52 -56.0544
9.525 -57.4575
9.53 -58.9634
9.535 -60.5832
9.54 -62.3271
9.545 -64.2042
9.55 -70.0046
9.555 -76.5697
9.56 -91.1734
9.565 -104.034
9.57 -117.085
9.575 -130.477
9.58 -144.096
9.585 -157.822
9.59 -171.53
9.595 -185.092
9.6 -198.378
9.605 -211.258
9.61 -223.601
9.615 -227.377
9.62 -231.45
9.625 -235.23
9.63 -238.68
9.635 -236.237
9.64 -235.476
9.645 -234.726
9.65 -233.99
9.655 -233.268
9.66 -232.563
9.665 -231.874
9.67 -231.204
9.675 -230.506
9.68 -226.963
9.685 -215.782
9.69 -199.893
9.695 -179.994
9.7 -156.927
9.705 -131.651
9.71 -105.176
9.715 -78.4973
9.72 -52.5583
9.725 -28.2085
9.73 -6.16996
9.735 12.9886
9.74 8.37153
9.745 13.8537
9.75 18.4508
9.755 22.2164
9.76 25.2274
9.765 27.5771
9.77 29.3731
9.775 28.6994
9.78 28.9544
9.785 29.1828
9.79 29.4165
9.795 29.6862
9.8 30.0211
9.805 30.4485
9.81 30.9929
9.815 31.6759
9.82 32.484
9.825 33.3968
9.83 34.4146
9.835 35.5324
9.84 36.7453
9.845 38.0478
9.85 39.4345
9.855 38.8168
9.86 39.1086
9.865 39.416
9.87 39.7383
9.875 40.0752
9.88 40.4259
9.885 40.7895
9.89 41.1647
9.895 41.5503
9.9 41.9447
9.905 42.3462
9.91 42.7526
9.915 43.1622
9.92 43.5726
9.925 43.9817
9.93 44.3872
9.935 44.7863
9.94 45.1763
9.945 45.5543
9.95 45.9179
9.955 46.2648
9.96 46.5929
9.965 46.8999
9.97 47.1837
9.975 47.442
9.98 47.6731
9.985 47.8751
9.99 48.0465
9.995 48.1861
10 48.293
10.005 48.3665
10.01 48.4061
10.015 48.4119
10.02 48.3839
10.025 48.3227
10.03 48.2291
10.035 48.1043
10.04 47.2014
10.045 46.0744
10.05 44.6237
10.055 42.8787
10.06 40.875
10.065 38.6558
10.07 36.2706
10.075 33.7739
10.08 31.2228
10.085 28.6726
10.09 26.1679
10.095 23.7494
10.1 21.4609
10.105 19.3424
10.11 17.4305
10.115 15.7579
10.12 14.3537
10.125 13.2461
10.13 12.4629
10.135 12.032
10.14 11.9815
10.145 13.0249
10.15 15.9939
10.155 20.4604
10.16 26.2201
10.165 32.96
10.17 35.7738
10.175 34.1613
10.18 34.412
10.185 34.6963
10.19 35.0137
10.195 35.3634
10.2 35.7447
10.205 36.157
10.21 36.5994
10.215 37.0712
10.22 37.5719
10.225 38.1007
10.23 38.6568
10.235 39.2396
10.24 39.8482
10.245 40.4819
10.25 41.1396
10.255 41.8203
10.26 42.5233
10.265 43.2477
10.27 43.9923
10.275 44.7554
10.28 45.535
10.285 46.3285
10.29 47.1327
10.295 47.9436
10.3 48.7563
10.305 49.5654
10.31 50.3652
10.315 51.1494
10.32 58.9464
10.325 71.0155
10.33 78.5535
10.335 85.1736
10.34 90.7409
10.345 95.1423
10.35 98.2888
10.355 100.118
10.36 100.596
10.365 99.7158
10.37 94.1938
10.375 85.7152
10.38 74.6074
10.385 61.4231
10.39 46.8126
10.395 31.4841
10.4 16.1467
10.405 2.63455
10.41 -9.97398
10.415 -9.01157
10.42 -8.62388
10.425 -9.26449
10.43 -9.79925
10.435 -10.2263
10.44 -10.5453
10.445 -10.7571
10.45 -10.8634
10.455 -10.8676
10.46 -10.7738
10.465 -10.2966
10.47 -8.99817
10.475 -7.19301
10.48 -4.96124
10.485 -2.39101
10.49 0.424094
10.495 3.38798
10.5 6.40483
10.505 9.38161
10.51 12.2304
10.515 14.8708
10.52 17.2321
10.525 19.2549
10.53 20.8926
10.535 22.1123
10.54 22.8953
10.545 23.2378
10.55 23.1544
10.555 22.2828
10.56 20.7375
10.565 18.7485
10.57 16.5066
10.575 14.215
10.58 12.0774
10.585 10.2552
10.59 8.86968
10.595 8.03309
10.6 7.83255
10.605 8.32409
10.61 8.9357
10.615 10.0261
10.62 11.5268
10.625 13.4263
10.63 15.7013
10.635 18.3174
10.64 21.2298
10.645 24.3848
10.65 27.7212
10.655 31.1713
10.66 34.6636
10.665 38.1238
10.67 41.4772
10.675 44.6509
10.68 47.5756
10.685 50.1877
10.69 52.4303
10.695 54.2546
10.7 55.6211
10.705 56.4999
10.71 56.8716
10.715 56.7278
10.72 55.7501
10.725 53.7435
10.73 50.9419
10.735 47.461
10.74 43.4379
10.745 39.0247
10.75 34.3817
10.755 29.6709
10.76 25.0494
10.765 20.6636
10.77 16.6446
10.775 13.1032
10.78 10.1271
10.785 7.77883
10.79 6.09487
10.795 5.08572
10.8 5.67357
10.805 5.78996
10.81 6.2611
10.815 7.06867
10.82 8.15148
10.825 9.46895
10.83 10.9784
10.835 12.6361
10.84 14.3982
10.845 16.2248
10.85 18.0809
10.855 19.9327
10.86 21.7494
10.865 23.5023
10.87 25.164
10.875 26.7078
10.88 28.1073
10.885 29.3359
10.89 30.3664
10.895 31.1724
10.9 31.7311
10.905 32.0236
10.91 32.0346
10.915 31.7518
10.92 30.8697
10.925 29.5615
10.93 27.8164
10.935 25.6639
10.94 23.1413
10.945 20.2932
10.95 17.1693
10.955 13.8231
10.96 10.3101
10.965 6.68683
10.97 5.15055
10.975 3.48746
10.98 2.03483
10.985 0.4723
10.99 -1.17693
10.995 -2.91843
11 -4.75509
11.005 -6.6867
11.01 -8.70968
11.015 -10.8168
11.02 -10.2346
11.025 -10.7193
11.03 -11.2289
11.035 -11.7644
11.04 -12.3262
11.045 -12.9142
11.05 -13.5276
11.055 -14.165
11.06 -14.8248
11.065 -15.5045
11.07 -16.2007
11.075 -16.909
11.08 -17.6247
11.085 -18.3423
11.09 -19.0562
11.095 -19.761
11.1 -20.4511
11.105 -21.1215
11.11 -21.7672
11.115 -22.3835
11.12 -22.9663
11.125 -23.5116
11.13 -24.016
11.135 -24.4766
11.14 -24.8913
11.145 -25.2584
11.15 -25.5765
11.155 -25.8445
11.16 -26.0617
11.165 -26.228
11.17 -26.3438
11.175 -26.4095
11.18 -26.4258
11.185 -25.9103
11.19 -24.5447
11.195 -22.638
11.2 -20.2969
11.205 -17.6424
11.21 -14.8044
11.215 -11.9164
11.22 -9.11021
11.225 -6.51066
11.23 -4.23114
11.235 -2.36967
11.24 -1.00566
11.245 -0.197496
11.25 0.0190331
11.255 -0.368874
11.26 -0.668287
11.265 -1.07602
11.27 -1.59954
11.275 -2.23891
11.28 -2.99309
11.285 -3.86001
11.29 -4.83665
11.295 -5.91914
11.3 -7.10301
11.305 -8.38316
11.31 -9.75381
11.315 -11.2089
11.32 -12.7425
11.325 -14.3487
11.33 -16.0223
11.335 -17.7578
11.34 -19.5498
11.345 -21.3931
11.35 -23.2821
11.355 -25.2114
11.36 -27.1754
11.365 -29.1685
11.37 -31.185
11.375 -33.2191
11.38 -35.2645
11.385 -37.3146
11.39 -39.3627
11.395 -41.4021
11.4 -43.4257
11.405 -45.4266
11.41 -47.3989
11.415 -49.3377
11.42 -51.2398
11.425 -53.104
11.43 -54.9318
11.435 -56.7272
11.44 -58.4976
11.445 -60.2532
11.45 -62.007
11.455 -63.7744
11.46 -65.5729
11.465 -67.4213
11.47 -69.3393
11.475 -71.3464
11.48 -73.4614
11.485 -75.7023
11.49 -78.0848
11.495 -80.6211
11.5 -83.3195
11.505 -86.1827
11.51 -89.2081
11.515 -92.3866
11.52 -95.7032
11.525 -99.1361
11.53 -102.658
11.535 -106.233
11.54 -109.815
11.545 -113.351
11.55 -116.783
11.555 -120.05
11.56 -123.091
11.565 -125.846
11.57 -128.258
11.575 -130.277
11.58 -131.857
11.585 -132.964
11.59 -133.571
11.595 -133.661
11.6 -133.227
11.605 -130.325
11.61 -123.935
11.615 -115.201
11.62 -104.574
11.625 -92.5582
11.63 -79.6868
11.635 -66.4925
11.64 -53.4771
11.645 -41.0811
11.65 -29.6652
11.655 -19.4995
11.66 -10.7558
11.665 -3.57778
11.67 1.96616
11.675 5.94068
11.68 8.46437
11.685 9.71643
11.69 9.94248
11.695 9.43091
11.7 9.22703
11.705 8.87174
11.71 8.56635
11.715 8.40809
11.72 8.48869
11.725 9.50077
11.73 11.69
11.735 15.0737
11.74 19.6822
11.745 25.4767
11.75 25.7668
11.755 29.0426
11.76 32.7805
11.765 36.0051
11.77 34.5344
11.775 34.8481
11.78 35.1878
11.785 35.5521
11.79 35.9398
11.795 36.3491
11.8 36.7771
11.805 37.2208
11.81 37.6772
11.815 38.1426
11.82 38.6135
11.825 39.0857
11.83 39.5553
11.835 40.0183
11.84 40.4709
11.845 40.9094
11.85 41.3305
11.855 41.7311
11.86 42.108
11.865 42.4584
11.87 42.7794
11.875 43.068
11.88 43.3215
11.885 43.5378
11.89 43.7148
11.895 43.8512
11.9 43.9456
11.905 43.9968
11.91 44.0039
11.915 43.9663
11.92 43.8834
11.925 43.7549
11.93 42.9091
11.935 41.7891
11.94 40.3239
11.945 38.538
11.95 36.4602
11.955 34.1235
11.96 31.5643
11.965 28.822
11.97 25.938
11.975 22.9555
11.98 19.9185
11.985 16.8721
11.99 13.8611
11.995 10.93
12 8.12186
12.005 5.47791
12.01 3.03113
12.015 0.808633
12.02 -1.16341
12.025 -2.86255
12.03 -4.26991
12.035 -5.37035
12.04 -6.15282
12.045 -6.61065
12.05 -6.74175
12.055 -6.54883
12.06 -4.23554
12.065 -0.894478
12.07 3.14894
12.075 7.90739
12.08 13.1483
12.085 18.6276
12.09 24.0989
12.095 29.324
12.1 29.97
12.105 31.5001
12.11 30.4889
12.115 30.6088
12.12 30.7132
12.125 30.7998
12.13 30.8665
12.135 30.912
12.14 30.9357
12.145 30.9374
12.15 30.9176
12.155 30.6556
12.16 30.2836
12.165 29.8018
12.17 29.2328
12.175 28.602
12.18 27.9283
12.185 27.2288
12.19 26.5254
12.195 25.8391
12.2 25.1905
12.205 24.5989
12.21 24.0825
12.215 23.6571
12.22 23.3365
12.225 23.1315
12.23 23.0504
12.235 23.0987
12.24 23.6456
12.245 24.7241
12.25 26.2096
12.255 28.0308
12.26 30.1005
12.265 30.3249
12.27 30.0524
12.275 30.1487
12.28 30.2477
12.285 30.3478
12.29 30.4475
12.295 30.545
12.3 30.6389
12.305 30.7275
12.31 30.8093
12.315 30.8826
12.32 30.9459
12.325 30.9979
12.33 31.0377
12.335 31.0648
12.34 31.0788
12.345 31.0795
12.35 31.0666
12.355 31.0403
12.36 31.0008
12.365 30.9489
12.37 30.8854
12.375 30.8116
12.38 30.7287
12.385 30.6087
12.39 30.4311
12.395 30.2179
12.4 29.9743
12.405 29.7043
12.41 29.4102
12.415 29.0927
12.42 28.7514
12.425 28.3849
12.43 27.9901
12.435 27.5633
12.44 27.0996
12.445 26.5933
12.45 26.0381
12.455 25.4272
12.46 24.7539
12.465 24.0113
12.47 23.1931
12.475 22.2932
12.48 21.3062
12.485 20.2274
12.49 19.0532
12.495 17.7812
12.5 16.4098
12.505 14.9381
12.51 13.3661
12.515 11.6948
12.52 9.9262
12.525 8.06366
12.53 6.11178
12.535 4.07638
12.54 1.96448
12.545 -0.215845
12.55 -2.45549
12.555 -4.7443
12.56 -7.07117
12.565 -9.42429
12.57 -11.7911
12.575 -14.1583
12.58 -16.5116
12.585 -18.8362
12.59 -21.1165
12.595 -23.3366
12.6 -25.4805
12.605 -27.532
12.61 -29.4747
12.615 -31.2923
12.62 -32.9689
12.625 -34.489
12.63 -35.8383
12.635 -37.0029
12.64 -37.9696
12.645 -38.7268
12.65 -39.2642
12.655 -39.5731
12.66 -39.6466
12.665 -39.4799
12.67 -38.1231
12.675 -35.8305
12.68 -32.7441
12.685 -28.9891
12.69 -24.7118
12.695 -20.0724
12.7 -15.2383
12.705 -10.3771
12.71 -5.64923
12.715 -1.20227
12.72 2.8342
12.725 6.35285
12.73 9.27156
12.735 11.5352
12.74 13.1161
12.745 14.0135
12.75 14.2514
12.755 13.876
12.76 13.6631
12.765 13.2341
12.77 12.6643
12.775 11.9658
12.78 11.1506
12.785 10.2306
12.79 9.21754
12.795 8.12353
12.8 6.96056
12.805 5.74001
12.81 4.47283
12.815 3.16973
12.82 1.84109
12.825 0.496719
12.83 -0.854253
12.835 -2.20356
12.84 -3.54372
12.845 -4.86765
12.85 -6.16841
12.855 -7.43919
12.86 -8.67314
12.865 -9.86318
12.87 -11.0018
12.875 -12.0809
12.88 -13.0923
12.885 -14.0274
12.89 -14.877
12.895 -15.6317
12.9 -16.2807
12.905 -16.8122
12.91 -17.2135
12.915 -17.4714
12.92 -17.5722
12.925 -17.5025
12.93 -16.8951
12.935 -15.5274
12.94 -13.5459
12.945 -11.0102
12.95 -8.00416
12.955 -4.61225
12.96 -0.938694
12.965 2.90465
12.97 6.80848
12.975 10.6652
12.98 14.3733
12.985 17.8405
12.99 20.9863
12.995 20.3312
13 21.3178
13.005 22.2085
13.01 23.0041
13.015 23.7054
13.02 24.3118
13.025 24.8225
13.03 25.2351
13.035 25.5466
13.04 25.7533
13.045 25.8503
13.05 25.8325
13.055 25.6939
13.06 25.4576
13.065 25.1088
13.07 24.6422
13.075 24.0529
13.08 23.3365
13.085 22.4898
13.09 21.511
13.095 20.3998
13.1 19.1582
13.105 17.7895
13.11 16.2991
13.115 14.6943
13.12 12.9839
13.125 11.1788
13.13 9.29155
13.135 7.33634
13.14 5.32859
13.145 3.28468
13.15 1.22164
13.155 -0.843234
13.16 -2.89266
13.165 -4.90953
13.17 -6.8771
13.175 -8.7792
13.18 -10.6005
13.185 -12.3267
13.19 -13.945
13.195 -15.4442
13.2 -16.8145
13.205 -18.0482
13.21 -19.1392
13.215 -20.0834
13.22 -20.8783
13.225 -21.5235
13.23 -22.0202
13.235 -22.3712
13.24 -22.5808
13.245 -22.6547
13.25 -22.6004
13.255 -22.1131
13.26 -21.2953
13.265 -20.2307
13.27 -18.986
13.275 -17.6308
13.28 -16.2348
13.285 -14.8649
13.29 -13.5825
13.295 -12.4418
13.3 -11.4876
13.305 -10.7549
13.31 -10.2681
13.315 -10.0406
13.32 -10.0756
13.325 -10.2513
13.33 -10.4496
13.335 -10.7324
13.34 -11.0977
13.345 -11.5427
13.35 -12.0646
13.355 -12.6602
13.36 -13.3265
13.365 -14.0607
13.37 -14.8603
13.375 -15.7227
13.38 -16.6452
13.385 -17.6251
13.39 -18.6595
13.395 -19.7456
13.4 -20.8803
13.405 -22.0606
13.41 -23.2834
13.415 -24.5452
13.42 -25.8423
13.425 -27.1706
13.43 -28.5253
13.435 -29.9005
13.44 -31.2902
13.445 -32.6875
13.45 -34.0852
13.455 -35.4752
13.46 -36.8488
13.465 -38.1971
13.47 -39.5106
13.475 -40.7796
13.48 -41.9938
13.485 -43.1423
13.49 -44.2135
13.495 -45.1946
13.5 -46.0723
13.505 -46.8331
13.51 -47.461
13.515 -47.9377
13.52 -48.2443
13.525 -48.3599
13.53 -48.2634
13.535 -47.9331
13.54 -46.3653
13.545 -44.2262
13.55 -41.3689
13.555 -37.8264
13.56 -33.6524
13.565 -28.9199
13.57 -23.7185
13.575 -18.1509
13.58 -12.3542
13.585 -6.48471
13.59 -0.698041
13.595 4.85921
13.6 10.0656
13.605 14.8193
13.61 19.0431
13.615 20.3439
13.62 21.6055
13.625 22.7191
13.63 23.7086
13.635 24.5992
13.64 25.4172
13.645 26.1884
13.65 26.9383
13.655 27.6904
13.66 28.4658
13.665 29.2821
13.67 30.1531
13.675 31.088
13.68 31.738
13.685 31.6737
13.69 31.6846
13.695 31.7005
13.7 31.7217
13.705 31.7483
13.71 31.7798
13.715 31.8157
13.72 31.8552
13.725 31.8971
13.73 31.9399
13.735 31.9819
13.74 32.0213
13.745 32.0562
13.75 32.0844
13.755 32.1037
13.76 32.1118
13.765 32.1066
13.77 32.0859
13.775 32.0477
13.78 31.9898
13.785 31.9103
13.79 31.5965
13.795 30.8194
13.8 29.6911
13.805 28.2188
13.81 26.4175
13.815 24.3096
13.82 21.9242
13.825 19.2963
13.83 16.4657
13.835 13.4764
13.84 10.3756
13.845 7.21317
13.85 4.04059
13.855 0.908867
13.86 -2.13199
13.865 -5.03403
13.87 -7.7525
13.875 -10.2466
13.88 -12.4802
13.885 -14.422
13.89 -16.0461
13.895 -17.332
13.9 -18.2642
13.905 -18.8329
13.91 -19.0334
13.915 -18.866
13.92 -17.5192
13.925 -15.2635
13.93 -12.2404
13.935 -8.58563
13.94 -4.45233
13.945 -0.00448673
13.95 4.59036
13.955 9.16767
13.96 13.5719
13.965 17.6617
13.97 21.3145
13.975 24.4295
13.98 24.924
13.985 25.662
13.99 26.0061
13.995 26.2593
14 26.3481
14.005 26.2743
14.01 26.0079
14.015 25.5157
14.02 24.8224
14.025 23.9339
14.03 22.8569
14.035 21.599
14.04 20.1683
14.045 18.574
14.05 16.8263
14.055 14.9363
14.06 12.9162
14.065 10.779
14.07 8.53922
14.075 6.21221
14.08 3.81461
14.085 1.36428
14.09 -1.11975
14.095 -3.61734
14.1 -6.10764
14.105 -8.5692
14.11 -10.9803
14.115 -13.3189
14.12 -15.5631
14.125 -17.6907
14.13 -19.6801
14.135 -21.5106
14.14 -23.1621
14.145 -24.6154
14.15 -25.8527
14.155 -26.8568
14.16 -27.612
14.165 -28.1016
14.17 -28.3085
14.175 -28.217
14.18 -27.8125
14.185 -26.0737
14.19 -23.7736
14.195 -20.7767
14.2 -17.1478
14.205 -12.9697
14.21 -8.34052
14.215 -3.37098
14.22 1.78736
14.225 6.96878
14.23 12.0302
14.235 16.8362
14.24 21.2669
14.245 25.2209
14.25 24.9336
14.255 26.1012
14.26 27.1182
14.265 27.7039
14.27 28.2954
14.275 28.787
14.28 29.1854
14.285 29.4968
14.29 29.7265
14.295 29.8792
14.3 29.9592
14.305 29.9695
14.31 29.9128
14.315 29.791
14.32 29.5488
14.325 29.2206
14.33 28.8014
14.335 28.292
14.34 27.6932
14.345 27.0056
14.35 26.2298
14.355 25.3669
14.36 24.4186
14.365 23.3868
14.37 22.2747
14.375 21.086
14.38 19.8258
14.385 18.5004
14.39 17.117
14.395 15.6835
14.4 14.2087
14.405 12.7021
14.41 11.1738
14.415 9.63453
14.42 8.09504
14.425 6.56665
14.43 5.06071
14.435 3.5885
14.44 2.16126
14.445 0.790038
14.45 -0.514422
14.455 -1.7419
14.46 -2.88273
14.465 -3.92795
14.47 -4.86952
14.475 -5.70037
14.48 -6.41437
14.485 -7.00631
14.49 -7.47186
14.495 -7.80768
14.5 -8.01146
14.505 -8.08173
14.51 -8.01734
14.515 -7.69203
14.52 -7.0274
14.525 -6.09034
14.53 -4.90135
14.535 -3.48559
14.54 -1.87189
14.545 -0.0917195
14.55 1.82168
14.555 3.83396
14.56 5.91026
14.565 8.01557
14.57 10.1153
14.575 12.1757
14.58 14.145
14.585 15.9694
14.59 17.6131
14.595 19.0453
14.6 20.2437
14.605 21.1937
14.61 21.8895
14.615 22.3328
14.62 22.5321
14.625 22.5021
14.63 22.2619
14.635 21.9792
14.64 21.6059
14.645 21.1522
14.65 20.6245
14.655 20.0281
14.66 19.3664
14.665 18.642
14.67 17.8559
14.675 17.0075
14.68 16.0949
14.685 15.1149
14.69 14.0633
14.695 12.9353
14.7 11.7261
14.705 10.4308
14.71 9.04501
14.715 7.56422
14.72 5.9846
14.725 4.30294
14.73 2.51682
14.735 0.624918
14.74 -1.37283
14.745 -3.47514
14.75 -5.67929
14.755 -7.98101
14.76 -10.3743
14.765 -12.8516
14.77 -15.4036
14.775 -18.0196
14.78 -20.688
14.785 -23.3954
14.79 -26.1278
14.795 -28.87
14.8 -31.6058
14.805 -34.3186
14.81 -36.9906
14.815 -39.6038
14.82 -42.14
14.825 -44.5805
14.83 -46.9066
14.835 -49.1001
14.84 -51.1431
14.845 -53.0183
14.85 -54.7093
14.855 -56.2007
14.86 -57.4783
14.865 -58.5288
14.87 -59.3408
14.875 -59.9043
14.88 -60.211
14.885 -60.2541
14.89 -60.0263
14.895 -59.2876
14.9 -57.9186
14.905 -56.0273
14.91 -53.6493
14.915 -50.8291
14.92 -47.6187
14.925 -44.0752
14.93 -40.2588
14.935 -36.2302
14.94 -32.0489
14.945 -27.7712
14.95 -23.4485
14.955 -19.1261
14.96 -14.8421
14.965 -10.6272
14.97 -6.53962
14.975 -2.65363
14.98 0.981517
14.985 4.33385
14.99 7.38637
14.995 10.1372
15 12.5986
15.005 14.7954
15.01 16.7625
15.015 18.543
15.02 20.1848
15.025 20.5397
15.03 21.1513
15.035 21.8084
15.04 22.5378
15.045 23.3623
15.05 24.3
15.055 25.1391
15.06 26.1063
15.065 27.1906
15.07 28.3912
15.075 29.7021
15.08 31.1126
15.085 32.6067
15.09 32.1485
15.095 32.1477
15.1 32.1471
15.105 32.1462
15.11 32.1443
15.115 32.1406
15.12 32.134
15.125 32.1232
15.13 32.1071
15.135 32.0841
15.14 32.053
15.145 32.0123
15.15 31.9603
15.155 31.8952
15.16 31.8152
15.165 31.7188
15.17 31.6042
15.175 31.4703
15.18 31.316
15.185 30.5638
15.19 29.2412
15.195 27.4184
15.2 25.1214
15.205 22.3881
15.21 19.2675
15.215 15.8184
15.22 12.1074
15.225 8.20735
15.23 4.19504
15.235 0.149464
15.24 -3.84999
15.245 -7.72583
15.25 -11.4046
15.255 -14.8189
15.26 -17.909
15.265 -20.6245
15.27 -22.9246
15.275 -24.779
15.28 -26.1684
15.285 -27.0845
15.29 -27.5302
15.295 -27.5195
15.3 -26.8371
15.305 -25.13
15.31 -22.756
15.315 -19.8736
15.32 -16.6574
15.325 -13.2895
15.33 -9.95175
15.335 -6.81853
15.34 -4.04954
15.345 -1.78401
15.35 -0.136177
15.355 0.808075
15.36 0.993329
15.365 0.395461
15.37 -0.231554
15.375 -1.36635
15.38 -2.90191
15.385 -4.82522
15.39 -7.11665
15.395 -9.75039
15.4 -12.6951
15.405 -15.9146
15.41 -19.3685
15.415 -23.0137
15.42 -26.8044
15.425 -30.6937
15.43 -34.6338
15.435 -38.5763
15.44 -42.4737
15.445 -46.2797
15.45 -49.9495
15.455 -53.4412
15.46 -56.7158
15.465 -59.7381
15.47 -62.4769
15.475 -64.9049
15.48 -66.9998
15.485 -68.7437
15.49 -70.1232
15.495 -71.1301
15.5 -71.7606
15.505 -72.016
15.51 -71.9019
15.515 -71.4282
15.52 -69.9405
15.525 -67.9515
15.53 -65.4367
15.535 -62.473
15.54 -59.1387
15.545 -55.5093
15.55 -51.6538
15.555 -47.6326
15.56 -43.4946
15.565 -39.277
15.57 -35.0046
15.575 -30.6913
15.58 -26.3407
15.585 -21.9489
15.59 -17.5069
15.595 -13.0036
15.6 -8.4699
15.605 -3.97508
15.61 0.425303
15.615 4.68835
15.62 8.77745
15.625 12.6637
15.63 16.326
15.635 19.7508
15.64 22.9315
15.645 22.2103
15.65 23.032
15.655 23.9527
15.66 24.9069
15.665 25.911
15.67 26.9783
15.675 28.1183
15.68 29.337
15.685 30.6363
15.69 32.0143
15.695 33.4648
15.7 32.312
15.705 32.3058
15.71 32.3057
15.715 32.3117
15.72 32.3236
15.725 32.3407
15.73 32.3623
15.735 32.3875
15.74 32.4155
15.745 32.4455
15.75 32.4765
15.755 32.5071
15.76 32.5354
15.765 32.5596
15.77 32.5775
15.775 32.5872
15.78 32.5869
15.785 32.5753
15.79 32.551
15.795 32.5125
15.8 32.4582
15.805 32.3865
15.81 32.2962
15.815 31.1684
15.82 29.6278
15.825 27.5635
15.83 25.0076
15.835 22.0047
15.84 18.6107
15.845 14.891
15.85 10.9191
15.855 6.7749
15.86 2.54324
15.865 -1.68786
15.87 -5.83024
15.875 -9.79742
15.88 -13.5067
15.885 -16.8808
15.89 -19.8503
15.895 -22.3546
15.9 -24.3437
15.905 -25.7791
15.91 -26.6344
15.915 -26.8959
15.92 -26.5626
15.925 -24.7246
15.93 -21.7423
15.935 -17.7883
15.94 -13.0505
15.945 -7.7418
15.95 -2.08983
15.955 3.67339
15.96 9.32108
15.965 14.6409
15.97 19.4431
15.975 23.5676
15.98 26.383
15.985 25.797
15.99 26.3263
15.995 26.618
16 26.6746
16.005 26.5009
16.01 25.8878
16.015 24.9386
16.02 23.6743
16.025 22.1256
16.03 20.3275
16.035 18.3181
16.04 16.1377
16.045 13.8283
16.05 11.4323
16.055 8.99167
16.06 6.54742
16.065 4.13885
16.07 1.80324
16.075 -0.424871
16.08 -2.5144
16.085 -4.43831
16.09 -6.17401
16.095 -7.7038
16.1 -9.01502
16.105 -10.0999
16.11 -10.9554
16.115 -11.5831
16.12 -11.9887
16.125 -12.182
16.13 -12.1759
16.135 -11.9865
16.14 -11.2545
16.145 -10.3391
16.15 -9.22756
16.155 -7.98217
16.16 -6.66443
16.165 -5.33249
16.17 -4.03901
16.175 -2.82877
16.18 -1.73654
16.185 -0.786708
16.19 0.0065735
16.195 0.638903
16.2 1.11449
16.205 1.44462
16.21 1.64614
16.215 1.73972
16.22 1.74804
16.225 1.69389
16.23 1.62765
16.235 1.55199
16.24 1.47022
16.245 1.38601
16.25 1.30029
16.255 1.21176
16.26 1.11734
16.265 1.0122
16.27 0.889995
16.275 0.743155
16.28 0.563151
16.285 0.340679
16.29 0.0659066
16.295 -0.271134
16.3 -0.680171
16.305 -1.17022
16.31 -1.74889
16.315 -2.42184
16.32 -3.19227
16.325 -4.06078
16.33 -5.02535
16.335 -6.08138
16.34 -7.22143
16.345 -8.43471
16.35 -9.70673
16.355 -11.019
16.36 -12.3489
16.365 -13.6695
16.37 -14.95
16.375 -16.1545
16.38 -17.2417
16.385 -18.166
16.39 -18.8792
16.395 -19.3314
16.4 -19.4733
16.405 -19.2579
16.41 -18.3094
16.415 -16.5076
16.42 -13.9453
16.425 -10.6911
16.43 -6.82235
16.435 -2.43846
16.44 2.34508
16.445 7.40096
16.45 12.5948
16.455 17.79
16.46 22.8526
16.465 27.6558
16.47 26.589
16.475 27.9983
16.48 29.3556
16.485 30.6588
16.49 31.9041
16.495 33.0862
16.5 33.1286
16.505 33.1728
16.51 33.2092
16.515 33.2375
16.52 33.2574
16.525 33.2688
16.53 33.2716
16.535 33.2652
16.54 33.2492
16.545 33.2228
16.55 33.1852
16.555 33.136
16.56 33.0746
16.565 33.0006
16.57 32.9133
16.575 32.8123
16.58 32.4001
16.585 31.7185
16.59 30.7894
16.595 29.6232
16.6 28.2353
16.605 26.6459
16.61 24.8793
16.615 22.9633
16.62 20.9282
16.625 18.8061
16.63 16.6301
16.635 14.4338
16.64 12.2498
16.645 10.11
16.65 8.04419
16.655 6.07973
16.66 4.24131
16.665 2.55052
16.67 1.02579
16.675 -0.317548
16.68 -1.46719
16.685 -2.4138
16.69 -3.151
16.695 -3.67519
16.7 -3.98541
16.705 -4.08315
16.71 -3.97235
16.715 -3.33286
16.72 -2.38415
16.725 -1.1314
16.73 0.380647
16.735 2.10309
16.74 3.98434
16.745 5.97169
16.75 8.01271
16.755 10.0564
16.76 12.0544
16.765 13.9617
16.77 15.7378
16.775 17.3473
16.78 18.7602
16.785 19.9508
16.79 20.8987
16.795 21.5845
16.8 21.9952
16.805 22.13
16.81 21.9952
16.815 21.7326
16.82 21.3498
16.825 20.8343
16.83 20.193
16.835 19.4332
16.84 18.5627
16.845 17.589
16.85 16.5198
16.855 15.3629
16.86 14.1259
16.865 12.8163
16.87 11.442
16.875 10.0107
16.88 8.5304
16.885 7.00855
16.89 5.45238
16.895 3.86856
16.9 2.26346
16.905 0.643311
16.91 -0.98572
16.915 -2.6176
16.92 -4.24661
16.925 -5.86738
16.93 -7.47502
16.935 -9.06505
16.94 -10.6333
16.945 -12.1758
16.95 -13.6885
16.955 -15.168
16.96 -16.6107
16.965 -18.0133
16.97 -19.3728
16.975 -20.686
16.98 -21.9499
16.985 -23.1617
16.99 -24.3192
16.995 -25.4205
17 -26.464
17.005 -27.4488
17.01 -28.3743
17.015 -29.2401
17.02 -30.0464
17.025 -30.7939
17.03 -31.4837
17.035 -32.1181
17.04 -32.7001
17.045 -33.2335
17.05 -33.7227
17.055 -34.1726
17.06 -34.5885
17.065 -34.9763
17.07 -35.3428
17.075 -35.6945
17.08 -36.0384
17.085 -36.3814
17.09 -36.7304
17.095 -37.0921
17.1 -37.4726
17.105 -37.8772
17.11 -38.3105
17.115 -38.7761
17.12 -39.2767
17.125 -39.8138
17.13 -40.3872
17.135 -40.9956
17.14 -41.6363
17.145 -42.3055
17.15 -42.9981
17.155 -43.7072
17.16 -44.425
17.165 -45.1422
17.17 -45.8485
17.175 -46.5322
17.18 -47.1808
17.185 -47.7806
17.19 -48.3172
17.195 -48.7746
17.2 -49.134
17.205 -49.3736
17.21 -49.4692
17.215 -49.3933
17.22 -49.1159
17.225 -48.3071
17.23 -47.058
17.235 -45.3064
17.24 -43.0189
17.245 -40.1705
17.25 -36.746
17.255 -32.741
17.26 -28.1637
17.265 -23.0358
17.27 -17.4688
17.275 -11.6068
17.28 -5.55275
17.285 0.583012
17.29 6.69529
17.295 12.687
17.3 18.472
17.305 23.9765
17.31 25.3472
17.315 26.592
17.32 28.1874
17.325 29.7968
17.33 31.4385
17.335 33.1271
17.34 34.8728
17.345 33.6312
17.35 33.6912
17.355 33.7574
17.36 33.8305
17.365 33.9107
17.37 33.9979
17.375 34.0919
17.38 34.1923
17.385 34.2987
17.39 34.4106
17.395 34.5269
17.4 34.6464
17.405 34.7672
17.41 34.8871
17.415 35.0042
17.42 35.1162
17.425 35.2212
17.43 35.3169
17.435 35.4015
17.44 35.4731
17.445 35.5295
17.45 35.5688
17.455 35.5892
17.46 35.5893
17.465 35.5677
17.47 35.5234
17.475 35.4555
17.48 35.3633
17.485 34.6158
17.49 33.2669
17.495 31.403
17.5 29.0607
17.505 26.2867
17.51 23.1384
17.515 19.6821
17.52 15.9912
17.525 12.1437
17.53 8.22117
17.535 4.30588
17.54 0.479772
17.545 -3.17759
17.55 -6.59059
17.555 -9.68919
17.56 -12.4102
17.565 -14.6984
17.57 -16.5079
17.575 -17.8027
17.58 -18.5574
17.585 -18.7581
17.59 -18.4019
17.595 -16.1556
17.6 -12.8141
17.605 -8.44657
17.61 -3.25898
17.615 2.51579
17.62 8.62963
17.625 14.8307
17.63 20.8741
17.635 25.8146
17.64 27.256
17.645 28.6958
17.65 29.9719
17.655 31.0714
17.66 30.0976
17.665 30.0585
17.67 30.0079
17.675 29.9457
17.68 29.872
17.685 29.7866
17.69 29.689
17.695 29.579
17.7 29.0691
17.705 28.3754
17.71 27.4709
17.715 26.3686
17.72 25.0844
17.725 23.6369
17.73 22.0466
17.735 20.3357
17.74 18.5274
17.745 16.6454
17.75 14.7132
17.755 12.7541
17.76 10.7906
17.765 8.8436
17.77 6.93241
17.775 5.07424
17.78 3.28356
17.785 1.57175
17.79 -0.0530105
17.795 -1.58575
17.8 -3.02475
17.805 -4.37135
17.81 -5.62964
17.815 -6.80614
17.82 -7.90954
17.825 -8.95048
17.83 -9.94098
17.835 -10.8938
17.84 -11.8222
17.845 -12.739
17.85 -13.6569
17.855 -14.5875
17.86 -15.5408
17.865 -16.5255
17.87 -17.5477
17.875 -18.6115
17.88 -19.7185
17.885 -20.8675
17.89 -22.0549
17.895 -23.2748
17.9 -24.5192
17.905 -25.778
17.91 -27.0396
17.915 -28.2909
17.92 -29.5179
17.925 -30.7059
17.93 -31.8403
17.935 -32.9068
17.94 -33.8921
17.945 -34.7836
17.95 -35.5705
17.955 -36.2435
17.96 -36.7952
17.965 -37.2204
17.97 -37.5162
17.975 -37.6819
17.98 -37.7191
17.985 -37.6314
17.99 -37.3248
17.995 -36.7139
18 -35.8973
18.005 -34.9184
18.01 -33.8249
18.015 -32.6662
18.02 -31.4912
18.025 -30.3472
18.03 -29.2768
18.035 -28.3169
18.04 -27.4971
18.045 -26.8382
18.05 -26.352
18.055 -26.0419
18.06 -25.9027
18.065 -25.9215
18.07 -25.9576
18.075 -26.0509
18.08 -26.1888
18.085 -26.3598
18.09 -26.5512
18.095 -26.7485
18.1 -26.9357
18.105 -27.0951
18.11 -27.2079
18.115 -27.2534
18.12 -27.2101
18.125 -27.055
18.13 -26.5042
18.135 -25.6487
18.14 -24.4327
18.145 -22.833
18.15 -20.8355
18.155 -18.4358
18.16 -15.6403
18.165 -12.4657
18.17 -8.97882
18.175 -5.27482
18.18 -1.42888
18.185 2.48629
18.19 6.39959
18.195 10.2455
18.2 13.9659
18.205 17.5113
18.21 20.8418
18.215 23.9271
18.22 26.7467
18.225 26.2364
18.23 27.2087
18.235 28.1561
18.24 28.7498
18.245 29.5171
18.25 30.3001
18.255 31.1044
18.26 31.9325
18.265 32.7834
18.27 32.0781
18.275 32.1011
18.28 32.1256
18.285 32.151
18.29 32.1766
18.295 32.2014
18.3 32.224
18.305 32.243
18.31 32.2573
18.315 32.2658
18.32 32.2676
18.325 32.2615
18.33 32.2466
18.335 32.2215
18.34 32.1853
18.345 32.1368
18.35 32.0748
18.355 31.7429
18.36 30.9734
18.365 29.8548
18.37 28.3931
18.375 26.6029
18.38 24.5075
18.385 22.1374
18.39 19.5301
18.395 16.7285
18.4 13.7802
18.405 10.7363
18.41 7.64981
18.415 4.57528
18.42 1.56692
18.425 -1.32234
18.43 -4.04189
18.435 -6.54412
18.44 -8.78517
18.445 -10.7258
18.45 -12.3321
18.455 -13.576
18.46 -14.4358
18.465 -14.8962
18.47 -14.9488
18.475 -14.5919
18.48 -12.8731
18.485 -10.5211
18.49 -7.49098
18.495 -3.9024
18.5 0.109956
18.505 4.40242
18.51 8.82821
18.515 13.2431
18.52 17.5106
18.525 21.5072
18.53 25.1258
18.535 28.2769
18.54 27.6539
18.545 28.3377
18.55 28.8907
18.555 29.3151
18.56 29.6141
18.565 29.7918
18.57 29.8529
18.575 29.8031
18.58 29.6489
18.585 29.2836
18.59 28.7988
18.595 28.1948
18.6 27.489
18.605 26.6989
18.61 25.8425
18.615 24.9374
18.62 24.0011
18.625 23.0498
18.63 22.0982
18.635 21.159
18.64 20.2431
18.645 19.3589
18.65 18.513
18.655 17.7095
18.66 16.95
18.665 16.2339
18.67 15.5583
18.675 14.9184
18.68 14.3077
18.685 13.718
18.69 13.14
18.695 12.5634
18.7 11.9773
18.705 11.3706
18.71 10.7321
18.715 10.0511
18.72 9.31797
18.725 8.52418
18.73 7.66257
18.735 6.72768
18.74 5.71599
18.745 4.62592
18.75 3.45788
18.755 2.21433
18.76 0.899612
18.765 -0.480354
18.77 -1.91811
18.775 -3.40471
18.78 -4.93002
18.785 -6.483
18.79 -8.05216
18.795 -9.62593
18.8 -11.193
18.805 -12.7424
18.81 -14.264
18.815 -15.749
18.82 -17.1896
18.825 -18.5797
18.83 -19.9144
18.835 -21.1908
18.84 -22.4079
18.845 -23.5664
18.85 -24.6685
18.855 -25.7176
18.86 -26.7186
18.865 -27.6775
18.87 -28.6012
18.875 -29.497
18.88 -30.3726
18.885 -31.2364
18.89 -32.0958
18.895 -32.9566
18.9 -33.8247
18.905 -34.705
18.91 -35.601
18.915 -36.5152
18.92 -37.4483
18.925 -38.3994
18.93 -39.3657
18.935 -40.343
18.94 -41.3257
18.945 -42.3068
18.95 -43.2781
18.955 -44.2306
18.96 -45.1544
18.965 -46.0392
18.97 -46.8744
18.975 -47.6487
18.98 -48.3515
18.985 -48.972
18.99 -49.5
18.995 -49.9263
19 -50.2425
19.005 -50.4412
19.01 -50.5161
19.015 -50.4615
19.02 -50.2728
19.025 -49.7894
19.03 -49.0233
19.035 -48.001
19.04 -46.7354
19.045 -45.2411
19.05 -43.5326
19.055 -41.6229
19.06 -39.5217
19.065 -37.2348
19.07 -34.7635
19.075 -32.1043
19.08 -29.2491
19.085 -26.1862
19.09 -22.9018
19.095 -19.3815
19.1 -15.6125
19.105 -11.6256
19.11 -7.48907
19.115 -3.25914
19.12 1.01453
19.125 5.28477
19.13 9.50899
19.135 13.6498
19.14 17.6754
19.145 21.5592
19.15 25.2799
19.155 25.4701
19.16 26.8601
19.165 27.8552
19.17 29.0467
19.175 30.2994
19.18 31.6237
19.185 33.025
19.19 32.7307
19.195 32.768
19.2 32.8128
19.205 32.8653
19.21 32.9255
19.215 32.9933
19.22 33.0679
19.225 33.1487
19.23 33.2342
19.235 33.323
19.24 33.4131
19.245 33.5027
19.25 33.5897
19.255 33.6721
19.26 33.7481
19.265 33.8156
19.27 33.8725
19.275 33.9166
19.28 33.9456
19.285 33.9577
19.29 33.9513
19.295 33.925
19.3 33.8778
19.305 33.8086
19.31 33.7166
19.315 32.5341
19.32 30.9962
19.325 28.9631
19.33 26.4714
19.335 23.5688
19.34 20.3128
19.345 16.7691
19.35 13.0112
19.355 9.11889
19.36 5.17431
19.365 1.26089
19.37 -2.53872
19.375 -6.14454
19.38 -9.48078
19.385 -12.4776
19.39 -15.0729
19.395 -17.2131
19.4 -18.8546
19.405 -19.9641
19.41 -20.5195
19.415 -20.5098
19.42 -19.9358
19.425 -17.1024
19.43 -13.518
19.435 -9.00928
19.44 -3.77674
19.445 1.95807
19.45 7.96271
19.455 14.004
19.46 19.8578
19.465 25.3176
19.47 29.5353
19.475 28.1048
19.48 29.2704
19.485 30.2674
19.49 31.0881
19.495 30.2218
19.5 30.1642
19.505 30.0961
19.51 30.0176
19.515 29.9286
19.52 29.8292
19.525 29.5892
19.53 29.0575
19.535 28.3289
19.54 27.4179
19.545 26.3408
19.55 25.1161
19.555 23.7634
19.56 22.3033
19.565 20.757
19.57 19.1457
19.575 17.4904
19.58 15.8109
19.585 14.1258
19.59 12.452
19.595 10.8044
19.6 9.19561
19.605 7.63558
19.61 6.13186
19.615 4.68947
19.62 3.31094
19.625 1.99629
19.63 0.74323
19.635 -0.452658
19.64 -1.59748
19.645 -2.69858
19.65 -3.76413
19.655 -4.80284
19.66 -5.82355
19.665 -6.83481
19.67 -7.84435
19.675 -8.85872
19.68 -9.88292
19.685 -10.9201
19.69 -11.9712
19.695 -13.0351
19.7 -14.1087
19.705 -15.1866
19.71 -16.2614
19.715 -17.3241
19.72 -18.3639
19.725 -19.369
19.73 -20.3264
19.735 -21.2226
19.74 -22.0438
19.745 -22.7766
19.75 -23.4084
19.755 -23.9277
19.76 -24.3241
19.765 -24.5885
19.77 -24.7141
19.775 -24.6964
19.78 -24.5335
19.785 -23.9163
19.79 -23.0622
19.795 -21.9652
19.8 -20.6671
19.805 -19.2166
19.81 -17.6663
19.815 -16.071
19.82 -14.4852
19.825 -12.961
19.83 -11.5458
19.835 -10.2806
19.84 -9.1992
19.845 -8.32668
19.85 -7.67929
19.855 -7.2643
19.86 -7.08027
19.865 -7.11769
19.87 -7.25067
19.875 -7.45616
19.88 -7.74787
19.885 -8.11677
19.89 -8.55305
19.895 -9.04633
19.9 -9.58575
19.905 -10.1598
19.91 -10.7564
19.915 -11.3628
19.92 -11.9651
19.925 -12.5486
19.93 -13.0974
19.935 -13.5948
19.94 -14.0234
19.945 -14.3653
19.95 -14.6021
19.955 -14.7157
19.96 -14.6886
19.965 -14.4157
19.97 -13.7371
19.975 -12.7126
19.98 -11.3468
19.985 -9.65617
19.99 -7.66845
19.995 -5.42199
20 -2.97467
20.005 -0.398136
20.01 2.23146
20.015 4.83726
20.02 7.34861
20.025 9.69998
20.03 11.8339
20.035 13.7028
20.04 15.2701
20.045 16.5114
20.05 17.4141
20.055 17.978
20.06 18.2137
20.065 18.1419
20.07 17.8747
20.075 17.5305
20.08 17.0684
20.085 16.5035
20.09 15.8512
20.095 15.1265
20.1 14.344
20.105 13.5167
20.11 12.6561
20.115 11.7726
20.12 10.8747
20.125 9.96968
20.13 9.06331
20.135 8.16017
20.14 7.26383
20.145 6.37699
20.15 5.50162
20.155 4.63916
20.16 3.79064
20.165 2.95695
20.17 2.13902
20.175 1.33808
20.18 0.555739
20.185 -0.20596
20.19 -0.944566
20.195 -1.65721
20.2 -2.34061
20.205 -2.9911
20.21 -3.60472
20.215 -4.17723
20.22 -4.7043
20.225 -5.18153
20.23 -5.60471
20.235 -5.96987
20.24 -6.27346
20.245 -6.51238
20.25 -6.68411
20.255 -6.78679
20.26 -6.81926
20.265 -6.78094
20.27 -6.61359
20.275 -6.30333
20.28 -5.87569
20.285 -5.34336
20.29 -4.72151
20.295 -4.02728
20.3 -3.2792
20.305 -2.49658
20.31 -1.69892
20.315 -0.905328
20.32 -0.134011
20.325 0.598185
20.33 1.27617
20.335 1.88695
20.34 2.41978
20.345 2.86632
20.35 3.22061
20.355 3.47908
20.36 3.64046
20.365 3.70568
20.37 3.6777
20.375 3.61012
20.38 3.50121
20.385 3.34775
20.39 3.15201
20.395 2.91657
20.4 2.64431
20.405 2.33851
20.41 2.00285
20.415 1.64152
20.42 1.25931
20.425 0.861641
20.43 0.454631
20.435 0.0451146
20.44 -0.359354
20.445 -0.750536
20.45 -1.1196
20.455 -1.45682
20.46 -1.75178
20.465 -1.99393
20.47 -2.17283
20.475 -2.2785
20.48 -2.30187
20.485 -2.23522
20.49 -1.93171
20.495 -1.46706
20.5 -0.834974
20.505 -0.0507336
20.51 0.857899
20.515 1.85772
20.52 2.91622
20.525 3.99862
20.53 5.06998
20.535 6.09661
20.54 7.04727
20.545 7.89435
20.55 8.61475
20.555 9.19064
20.56 9.60994
20.565 9.86653
20.57 9.96026
20.575 9.89671
20.58 9.75727
20.585 9.55446
20.59 9.28221
20.595 8.94804
20.6 8.56017
20.605 8.12731
20.61 7.65831
20.615 7.16208
20.62 6.64733
20.625 6.12243
20.63 5.59521
20.635 5.07282
20.64 4.56163
20.645 4.0671
20.65 3.59373
20.655 3.14502
20.66 2.72345
20.665 2.33051
20.67 1.96677
20.675 1.63191
20.68 1.32487
20.685 1.04393
20.69 0.786862
20.695 0.551061
20.7 0.333687
20.705 0.131815
20.71 -0.0574305
20.715 -0.236745
20.72 -0.408532
20.725 -0.574804
20.73 -0.737111
20.735 -0.896484
20.74 -1.05341
20.745 -1.20783
20.75 -1.35915
20.755 -1.5063
20.76 -1.64778
20.765 -1.78174
20.77 -1.9061
20.775 -2.01861
20.78 -2.11703
20.785 -2.19917
20.79 -2.26292
20.795 -2.30637
20.8 -2.32809
20.805 -2.32716
20.81 -2.30326
20.815 -2.21608
20.82 -2.10007
20.825 -1.9535
20.83 -1.78344
20.835 -1.59802
20.84 -1.40609
20.845 -1.21688
20.85 -1.03963
20.855 -0.883254
20.86 -0.75594
20.865 -0.664902
20.87 -0.616096
20.875 -0.614032
20.88 -0.661638
20.885 -0.704721
20.89 -0.790235
20.895 -0.906685
20.9 -1.05424
20.905 -1.23252
20.91 -1.44066
20.915 -1.67724
20.92 -1.94035
20.925 -2.22761
20.93 -2.53619
20.935 -2.86288
20.94 -3.20414
20.945 -3.5561
20.95 -3.91472
20.955 -4.27577
20.96 -4.63494
20.965 -4.9879
20.97 -5.33038
20.975 -5.65714
