0.01 -0.0760749
0.02 -0.0475765
0.03 0.0145126
0.04 0.123858
0.05 0.282179
0.06 0.476294
0.07 0.68122
0.08 0.866313
0.09 1.00201
0.1 1.06954
0.11 1.06613
0.12 1.00323
0.13 0.909516
0.14 0.805735
0.15 0.714652
0.16 0.652081
0.17 0.622358
0.18 0.626508
0.19 0.655161
0.2 0.736647
0.21 0.864096
0.22 1.00048
0.23 1.16896
0.24 1.46041
0.25 1.7652
0.26 2.10203
0.27 2.25449
0.28 2.06685
0.29 1.85276
0.3 1.57173
0.31 1.14842
0.32 0.63753
0.33 0.104425
0.34 -0.481891
0.35 -1.07401
0.36 -1.51655
0.37 -2.02035
0.38 -2.43191
0.39 -2.79429
0.4 -3.31024
0.41 -3.79592
0.42 -3.5872
0.43 -3.26618
0.44 -2.99121
0.45 -2.60596
0.46 -2.18019
0.47 -1.54449
0.48 -0.900171
0.49 -0.56506
0.5 -0.460266
0.51 -0.361032
0.52 -0.289293
0.53 0.0575155
0.54 0.135672
0.55 0.258279
0.56 0.376615
0.57 0.0898755
0.58 9.47172e-05
0.59 0.142027
0.6 0.35331
0.61 0.952817
0.62 1.65597
0.63 2.39478
0.64 3.85578
0.65 5.58084
0.66 6.78953
0.67 7.4016
0.68 7.30114
0.69 6.64165
0.7 5.5568
0.71 3.55849
0.72 1.18484
0.73 -0.882443
0.74 -2.3501
0.75 -3.97735
0.76 -5.44475
0.77 -6.46058
0.78 -6.53357
0.79 -5.82834
0.8 -5.33199
0.81 -4.58368
0.82 -2.51726
0.83 -0.0505038
0.84 1.18422
0.85 0.973433
0.86 0.677308
0.87 -0.101398
0.88 -1.22602
0.89 -2.33338
0.9 -3.48132
0.91 -5.40756
0.92 -7.12011
0.93 -8.7339
0.94 -10.0756
0.95 -10.6943
0.96 -10.8355
0.97 -9.82495
0.98 -6.59424
0.99 -2.98993
1 -0.0626004
1.01 2.58993
1.02 4.67302
1.03 6.3419
1.04 7.38766
1.05 7.48422
1.06 6.7938
1.07 6.38355
1.08 6.24079
1.09 5.19547
1.1 3.92015
1.11 2.90349
1.12 1.79477
1.13 0.648379
1.14 -0.480581
1.15 -1.26412
1.16 -0.435059
1.17 1.23779
1.18 1.94908
1.19 1.97278
1.2 2.00023
1.21 2.0062
1.22 2.00067
1.23 1.51339
1.24 0.093527
1.25 -0.961211
1.26 -1.9715
1.27 -3.30274
1.28 -4.63676
1.29 -5.61101
1.3 -6.36717
1.31 -7.11999
1.32 -7.85184
1.33 -9.35745
1.34 -10.6996
1.35 -10.8151
1.36 -10.6024
1.37 -9.11295
1.38 -7.81601
1.39 -6.81541
1.4 -4.88814
1.41 -2.03448
1.42 1.33856
1.43 4.12529
1.44 5.74058
1.45 6.46038
1.46 6.7283
1.47 7.06166
1.48 7.64729
1.49 8.29684
1.5 9.07897
1.51 9.82267
1.52 10.0648
1.53 9.32136
1.54 8.33661
1.55 6.3171
1.56 3.88396
1.57 1.70071
1.58 -0.487335
1.59 -2.10583
1.6 -1.35925
1.61 -0.243385
1.62 0.761416
1.63 1.52499
1.64 0.404037
1.65 -0.57405
1.66 -1.13064
1.67 -2.18707
1.68 -3.54557
1.69 -5.20065
1.7 -7.58595
1.71 -10.577
1.72 -13.0084
1.73 -13.438
1.74 -11.4384
1.75 -7.41814
1.76 -4.31396
1.77 -2.67692
1.78 -3.03786
1.79 -4.27104
1.8 -5.01341
1.81 -5.30267
1.82 -4.18308
1.83 -3.04106
1.84 -2.88886
1.85 -2.90159
1.86 -2.48273
1.87 -1.26613
1.88 1.83863
1.89 5.83658
1.9 9.48782
1.91 11.585
1.92 11.8591
1.93 10.2269
1.94 8.27549
1.95 6.48765
1.96 5.37694
1.97 6.20851
1.98 7.99271
1.99 9.54329
2 11.7753
2.01 12.1889
2.02 9.65048
2.03 6.11322
2.04 1.33245
2.05 -2.45599
2.06 -5.11334
2.07 -5.27829
2.08 -3.30811
2.09 -1.23717
2.1 1.73608
2.11 5.53829
2.12 9.37705
2.13 13.0595
2.14 16.8374
2.15 20.7748
2.16 21.2172
2.17 19.8978
2.18 18.5474
2.19 16.298
2.2 12.9085
2.21 9.61942
2.22 7.72691
2.23 6.13369
2.24 4.09331
2.25 2.13744
2.26 -0.035097
2.27 -0.972107
2.28 0.570898
2.29 3.42267
2.3 6.42912
2.31 10.957
2.32 15.4002
2.33 20.5559
2.34 25.4659
2.35 30.4731
2.36 33.1987
2.37 35.0924
2.38 34.7782
2.39 33.0337
2.4 29.5308
2.41 26.1128
2.42 24.8601
2.43 23.1098
2.44 20.8952
2.45 17.0153
2.46 11.4093
2.47 5.93771
2.48 -0.955684
2.49 -6.21827
2.5 -10.1333
2.51 -14.0318
2.52 -16.9293
2.53 -18.0767
2.54 -17.7122
2.55 -15.6224
2.56 -12.9174
2.57 -10.2368
2.58 -9.41579
2.59 -11.5949
2.6 -15.6818
2.61 -20.6493
2.62 -26.4616
2.63 -32.0872
2.64 -36.5715
2.65 -40.7127
2.66 -45.5593
2.67 -47.4228
2.68 -45.8428
2.69 -45.5465
2.7 -44.8325
2.71 -42.494
2.72 -38.1115
2.73 -33.9572
2.74 -30.3921
2.75 -26.3296
2.76 -23.528
2.77 -21.7697
2.78 -20.9865
2.79 -23.9016
2.8 -28.2839
2.81 -32.6155
2.82 -36.5583
2.83 -37.6865
2.84 -36.2436
2.85 -34.7851
2.86 -32.6169
2.87 -31.459
2.88 -30.6434
2.89 -27.7364
2.9 -24.3262
2.91 -22.3799
2.92 -20.7995
2.93 -19.3933
2.94 -22.1289
2.95 -27.024
2.96 -29.5544
2.97 -29.1125
2.98 -27.6785
2.99 -24.6536
3 -20.533
3.01 -15.1862
3.02 -6.90255
3.03 6.91457
3.04 21.9569
3.05 39.0316
3.06 53.8515
3.07 68.7715
3.08 80.3386
3.09 85.8347
3.1 86.1287
3.11 80.4559
3.12 66.0504
3.13 47.3249
3.14 33.0757
3.15 21.5124
3.16 11.256
3.17 2.0734
3.18 -4.96958
3.19 -8.61267
3.2 -7.74442
3.21 -2.56477
3.22 6.66438
3.23 14.527
3.24 19.6289
3.25 18.2547
3.26 12.9895
3.27 7.76631
3.28 2.94432
3.29 -4.6998
3.3 -9.45598
3.31 -10.6341
3.32 -7.07847
3.33 -4.22824
3.34 -4.19905
3.35 -13.5925
3.36 -19.6825
3.37 -23.7829
3.38 -25.1927
3.39 -24.1256
3.4 -20.6264
3.41 -17.1575
3.42 -14.9004
3.43 -14.2537
3.44 -14.0473
3.45 -11.7367
3.46 -6.54922
3.47 2.07897
3.48 6.35245
3.49 15.1524
3.5 23.9857
3.51 26.4375
3.52 25.7827
3.53 30.3035
3.54 32.2901
3.55 30.704
3.56 30.6456
3.57 31.0746
3.58 32.5774
3.59 35.9964
3.6 40.3122
3.61 44.1696
3.62 46.0975
3.63 45.3707
3.64 41.5117
3.65 35.3239
3.66 25.9123
3.67 14.081
3.68 0.233658
3.69 -12.3999
3.7 -18.0387
3.71 -17.2405
3.72 -14.5671
3.73 -8.00218
3.74 -1.85041
3.75 1.30982
3.76 4.42585
3.77 4.76179
3.78 1.18691
3.79 -3.35177
3.8 -8.18657
3.81 -13.9896
3.82 -19.9412
3.83 -20.9053
3.84 -19.5572
3.85 -16.0157
3.86 -9.45528
3.87 -2.26387
3.88 2.69397
3.89 8.48985
3.9 15.0173
3.91 20.168
3.92 24.5346
3.93 28.6844
3.94 29.5954
3.95 24.7354
3.96 17.1198
3.97 10.0094
3.98 4.55885
3.99 4.31062
4 5.22237
4.01 5.99524
4.02 7.92976
4.03 8.20979
4.04 6.31463
4.05 3.78744
4.06 1.83475
4.07 0.927422
4.08 -1.89076
4.09 -4.88323
4.1 -6.43573
4.11 -7.25285
4.12 -7.89675
4.13 -7.29897
4.14 -3.71114
4.15 -0.399183
4.16 0.46423
4.17 -0.636933
4.18 -1.25296
4.19 -1.3562
4.2 -2.26089
4.21 -2.83968
4.22 -2.63257
4.23 -1.08593
4.24 4.66293
4.25 12.3879
4.26 18.4567
4.27 22.7437
4.28 22.8571
4.29 19.5274
4.3 13.435
4.31 6.66443
4.32 1.50302
4.33 -2.74251
4.34 -6.64613
4.35 -8.93886
4.36 -10.5437
4.37 -14.4894
4.38 -18.2238
4.39 -19.8867
4.4 -22.2093
4.41 -23.8756
4.42 -23.4786
4.43 -18.3189
4.44 -14.4148
4.45 -12.014
4.46 -12.6449
4.47 -15.2562
4.48 -20.0994
4.49 -26.8809
4.5 -32.7032
4.51 -35.9166
4.52 -38.3221
4.53 -41.0614
4.54 -42.1739
4.55 -41.0355
4.56 -38.1092
4.57 -33.4882
4.58 -27.5474
4.59 -21.9318
4.6 -16.5675
4.61 -11.8117
4.62 -12.0795
4.63 -10.8676
4.64 -8.25246
4.65 -5.92441
4.66 -4.5741
4.67 0.942749
4.68 3.32011
4.69 4.78031
4.7 7.75564
4.71 11.8746
4.72 25.5415
4.73 35.9795
4.74 40.6583
4.75 39.5649
4.76 34.8065
4.77 27.3255
4.78 18.0781
4.79 9.57641
4.8 4.29318
4.81 2.49677
4.82 0.478145
4.83 -1.55654
4.84 -3.55892
4.85 -5.61852
4.86 -5.23271
4.87 -2.52885
4.88 3.33122
4.89 10.466
4.9 14.5853
4.91 17.2265
4.92 18.7587
4.93 16.909
4.94 12.225
4.95 5.24126
4.96 -2.27564
4.97 -9.05295
4.98 -18.4419
4.99 -28.1346
5 -36.3677
5.01 -42.4505
5.02 -47.0153
5.03 -48.7797
5.04 -46.4303
5.05 -41.7091
5.06 -33.3014
5.07 -21.9677
5.08 -10.5145
5.09 -0.739597
5.1 7.04132
5.11 9.52439
5.12 6.68799
5.13 1.72228
5.14 -4.25704
5.15 -9.27751
5.16 -10.6345
5.17 -11.0636
5.18 -7.97898
5.19 -1.30417
5.2 5.16618
5.21 10.3365
5.22 13.9105
5.23 15.2366
5.24 13.6814
5.25 11.1742
5.26 9.76008
5.27 11.5715
5.28 14.16
5.29 18.0584
5.3 19.7635
5.31 20.7894
5.32 22.3261
5.33 24.046
5.34 22.7658
5.35 21.1984
5.36 19.4788
5.37 17.013
5.38 14.7518
5.39 11.9488
5.4 7.93159
5.41 3.20322
5.42 -0.944734
5.43 -5.40398
5.44 -9.35166
5.45 -11.391
5.46 -13.7497
5.47 -15.2986
5.48 -13.733
5.49 -10.0108
5.5 -5.76524
5.51 -0.392422
5.52 3.51697
5.53 5.26341
5.54 4.60824
5.55 1.84597
5.56 -2.14722
5.57 -8.14191
5.58 -15.6299
5.59 -22.2368
5.6 -26.762
5.61 -28.0093
5.62 -25.934
5.63 -21.6374
5.64 -15.5161
5.65 -9.11878
5.66 -4.91317
5.67 -4.65417
5.68 -5.43833
5.69 -5.20719
5.7 -5.50381
5.71 -5.13375
5.72 -3.87098
5.73 -1.51333
5.74 2.43168
5.75 7.35083
5.76 11.5043
5.77 15.3924
5.78 18.8519
5.79 20.7376
5.8 20.985
5.81 21.1831
5.82 21.4214
5.83 21.4855
5.84 21.4401
5.85 21.4353
5.86 21.386
5.87 20.793
5.88 19.8162
5.89 18.2631
5.9 16.3081
5.91 14.09
5.92 10.4639
5.93 6.04824
5.94 1.67719
5.95 -1.83606
5.96 -5.61457
5.97 -8.78693
5.98 -10.6348
5.99 -11.0083
6 -9.21346
6.01 -6.07028
6.02 -2.11985
6.03 2.54524
6.04 7.01806
6.05 10.9071
6.06 13.2429
6.07 13.688
6.08 13.3132
6.09 12.543
6.1 11.7801
6.11 12.5627
6.12 11.9358
6.13 10.5704
6.14 9.83442
6.15 8.64379
6.16 6.52795
6.17 4.40641
6.18 2.35705
6.19 0.776428
6.2 0.15789
6.21 -0.0179498
6.22 0.53883
6.23 1.76777
6.24 3.0172
6.25 3.14478
6.26 2.39182
6.27 1.2295
6.28 -1.83112
6.29 -6.70807
6.3 -10.2395
6.31 -12.3137
6.32 -13.2083
6.33 -12.1501
6.34 -10.5233
6.35 -8.55449
6.36 -5.96667
6.37 -4.4098
6.38 -4.00045
6.39 -3.89139
6.4 -4.44833
6.41 -4.16446
6.42 -3.13972
6.43 -2.45873
6.44 -1.50827
6.45 0.343966
6.46 2.38064
6.47 4.76883
6.48 6.30666
6.49 5.51445
6.5 2.22285
6.51 -1.69066
6.52 -5.13559
6.53 -8.17014
6.54 -10.9698
6.55 -13.8104
6.56 -15.3149
6.57 -12.816
6.58 -8.22438
6.59 -4.47685
6.6 -0.505476
6.61 2.62289
6.62 6.32183
6.63 9.94003
6.64 13.5271
6.65 17.2927
6.66 20.3827
6.67 22.8192
6.68 24.0863
6.69 25.2754
6.7 26.2638
6.71 26.2196
6.72 23.4917
6.73 19.3735
6.74 15.2805
6.75 11.8076
6.76 9.60116
6.77 7.6817
6.78 6.02083
6.79 5.24925
6.8 6.23403
6.81 5.91577
6.82 4.45779
6.83 1.40162
6.84 -2.78212
6.85 -6.50599
6.86 -9.8162
6.87 -12.5275
6.88 -13.8188
6.89 -16.3686
6.9 -22.9706
6.91 -29.6729
6.92 -36.9827
6.93 -42.9531
6.94 -45.735
6.95 -46.1285
6.96 -43.8978
6.97 -38.4593
6.98 -31.1781
6.99 -24.1516
7 -18.0624
7.01 -13.3597
7.02 -10.6917
7.03 -8.69183
7.04 -6.74167
7.05 -4.95547
7.06 -2.00171
7.07 2.34406
7.08 5.76645
7.09 9.06639
7.1 10.1658
7.11 10.901
7.12 9.03216
7.13 5.82876
7.14 1.95263
7.15 -0.635283
7.16 -1.62294
7.17 -2.2251
7.18 -1.62781
7.19 0.912852
7.2 5.84068
7.21 11.6389
7.22 17.925
7.23 24.1932
7.24 29.7656
7.25 34.003
7.26 36.3345
7.27 36.7466
7.28 35.0829
7.29 31.7405
7.3 26.1383
7.31 20.927
7.32 16.6855
7.33 11.8682
7.34 7.42102
7.35 2.85844
7.36 -2.63489
7.37 -8.45628
7.38 -14.1837
7.39 -19.1313
7.4 -21.7411
7.41 -20.9429
7.42 -19.839
7.43 -19.8458
7.44 -19.2705
7.45 -20.3203
7.46 -24.2735
7.47 -28.3321
7.48 -31.3446
7.49 -32.0481
7.5 -29.5482
7.51 -25.3337
7.52 -21.1277
7.53 -16.283
7.54 -12.7411
7.55 -10.2265
7.56 -8.92913
7.57 -9.01126
7.58 -9.80729
7.59 -9.07667
7.6 -7.62924
7.61 -4.8534
7.62 -1.43461
7.63 2.5628
7.64 7.40311
7.65 11.9139
7.66 12.1265
7.67 12.5961
7.68 14.9644
7.69 13.6692
7.7 13.5431
7.71 13.381
7.72 13.3742
7.73 15.2205
7.74 18.6854
7.75 21.9296
7.76 24.7238
7.77 27.0753
7.78 28.1442
7.79 27.4168
7.8 25.5061
7.81 22.8971
7.82 19.6757
7.83 16.9426
7.84 14.4841
7.85 12.1712
7.86 13.8404
7.87 15.306
7.88 11.8755
7.89 9.56223
7.9 7.58432
7.91 5.45747
7.92 3.76497
7.93 3.7046
7.94 1.51806
7.95 -4.23512
7.96 -13.3212
7.97 -24.4674
7.98 -35.3322
7.99 -43.3667
8 -48.7033
8.01 -49.7253
8.02 -46.4933
8.03 -40.2771
8.04 -32.7394
8.05 -25.5337
8.06 -19.6373
8.07 -15.8165
8.08 -13.7401
8.09 -12.6262
8.1 -11.6463
8.11 -9.35267
8.12 -6.00917
8.13 -3.32036
8.14 0.799927
8.15 4.42329
8.16 6.85683
8.17 7.84682
8.18 8.0904
8.19 8.47652
8.2 7.51122
8.21 6.72942
8.22 8.52237
8.23 12.5068
8.24 17.1285
8.25 21.7487
8.26 25.7504
8.27 28.0535
8.28 28.1479
8.29 25.9012
8.3 22.1233
8.31 18.7489
8.32 16.0499
8.33 12.7165
8.34 9.57205
8.35 6.85443
8.36 4.78934
8.37 4.98369
8.38 5.89536
8.39 4.98979
8.4 4.18163
8.41 4.41169
8.42 4.29158
8.43 3.6353
8.44 3.15939
8.45 2.56765
8.46 2.20252
8.47 1.93696
8.48 0.173976
8.49 -4.09225
8.5 -10.2603
8.51 -18.0815
8.52 -26.9356
8.53 -32.3766
8.54 -34.6264
8.55 -33.4227
8.56 -27.6764
8.57 -18.7263
8.58 -8.42948
8.59 1.16211
8.6 7.96096
8.61 10.9031
8.62 10.1399
8.63 5.90781
8.64 0.718557
8.65 -3.16897
8.66 -4.14081
8.67 -2.53419
8.68 0.327592
8.69 4.11118
8.7 8.18111
8.71 11.7013
8.72 13.9235
8.73 14.0187
8.74 12.1896
8.75 9.73773
8.76 6.97313
8.77 4.08787
8.78 1.96317
8.79 1.46685
8.8 2.17125
8.81 4.16423
8.82 6.04037
8.83 7.66311
8.84 9.27861
8.85 9.78802
8.86 8.9621
8.87 7.46214
8.88 5.46567
8.89 3.08546
8.9 0.701405
8.91 -1.35276
8.92 -3.33131
8.93 -4.88386
8.94 -6.14908
8.95 -7.36193
8.96 -8.2408
8.97 -8.78323
8.98 -9.51968
8.99 -10.1645
9 -10.2508
9.01 -9.91323
9.02 -9.63027
9.03 -9.15977
9.04 -8.52016
9.05 -8.02979
9.06 -7.64688
9.07 -7.26853
9.08 -7.1303
9.09 -6.52044
9.1 -5.76914
9.11 -5.17514
9.12 -4.5617
9.13 -4.19123
9.14 -4.07292
9.15 -3.04545
9.16 -1.70259
9.17 -0.0209578
9.18 2.0562
9.19 4.15964
9.2 6.09998
9.21 7.89367
9.22 8.70481
9.23 9.1071
9.24 9.72934
9.25 10.1806
9.26 9.90992
9.27 10.0275
9.28 10.3335
9.29 10.4263
9.3 10.4899
9.31 9.93577
9.32 8.87323
9.33 7.98675
9.34 6.27001
9.35 3.49668
9.36 1.12704
9.37 -0.267021
9.38 -1.60516
9.39 -2.7943
9.4 -3.21951
9.41 -4.16988
9.42 -5.15093
9.43 -5.85231
9.44 -6.19361
9.45 -6.2124
9.46 -6.09805
9.47 -6.02582
9.48 -6.47671
9.49 -6.55359
9.5 -6.65369
9.51 -6.98223
9.52 -7.46121
9.53 -8.20899
9.54 -8.71484
9.55 -7.77601
9.56 -6.81508
9.57 -5.99591
9.58 -4.70445
9.59 -3.10181
9.6 -0.702643
9.61 1.95676
9.62 4.24007
9.63 6.42219
9.64 8.61939
9.65 10.2773
9.66 10.424
9.67 9.76139
9.68 8.67098
9.69 7.06304
9.7 5.29123
9.71 3.61811
9.72 2.16758
9.73 2.16876
9.74 2.72239
9.75 3.15962
9.76 3.63023
9.77 3.79229
9.78 4.39641
9.79 5.14615
9.8 5.41698
9.81 5.46827
9.82 5.65104
9.83 5.62125
9.84 5.54183
9.85 5.1766
9.86 4.9411
9.87 4.65886
9.88 3.95554
9.89 2.35391
9.9 1.23237
9.91 0.680228
9.92 -0.1279
9.93 -1.79567
9.94 -4.77445
9.95 -9.26656
9.96 -13.9984
9.97 -17.6847
9.98 -19.9794
9.99 -20.5647
10 -19.6775
10.01 -17.7436
10.02 -15.0587
10.03 -11.9765
10.04 -8.95548
10.05 -7.26642
10.06 -5.80709
10.07 -6.30533
10.08 -7.67605
10.09 -7.90012
10.1 -6.79624
10.11 -5.32186
10.12 -2.82224
10.13 -0.234647
10.14 2.17533
10.15 4.6861
10.16 6.6634
10.17 7.26856
10.18 7.67311
10.19 7.94638
10.2 7.95073
10.21 8.07356
10.22 8.5674
10.23 9.23886
10.24 9.50834
10.25 9.7401
10.26 9.88627
10.27 9.6534
10.28 9.20508
10.29 8.73455
10.3 7.99315
10.31 7.15191
10.32 6.39564
10.33 5.64403
10.34 4.82347
10.35 3.48476
10.36 2.68193
10.37 2.38345
10.38 1.78856
10.39 1.02335
10.4 0.337898
10.41 -0.33561
10.42 0.0574575
10.43 0.554948
10.44 0.223548
10.45 -0.0479092
10.46 0.127076
10.47 -0.255069
10.48 -0.885618
10.49 -1.32389
10.5 -1.01912
10.51 -0.558301
10.52 -0.376902
10.53 -0.877482
10.54 -1.38895
10.55 -1.2681
10.56 -0.730807
10.57 0.561097
10.58 1.04642
10.59 1.53034
10.6 1.50875
10.61 0.26941
10.62 -2.36882
10.63 -5.74156
10.64 -9.36474
10.65 -12.034
10.66 -13.112
10.67 -12.7247
10.68 -10.9724
10.69 -8.53086
10.7 -5.83132
10.71 -3.50127
10.72 -1.88163
10.73 -1.17983
10.74 -1.26449
10.75 -2.12978
10.76 -2.15799
10.77 -0.906254
10.78 0.837449
10.79 2.44878
10.8 3.9988
10.81 5.28007
10.82 6.10615
10.83 6.20138
10.84 5.52106
10.85 4.41711
10.86 3.0986
10.87 1.43366
10.88 -0.162594
10.89 -1.10406
10.9 -1.30762
10.91 -0.796196
10.92 0.219135
10.93 1.74564
10.94 3.409
10.95 4.81004
10.96 5.55456
10.97 5.63009
10.98 5.32891
10.99 4.63531
11 3.58522
11.01 2.38985
11.02 0.972009
11.03 -0.253008
11.04 -0.963989
11.05 -1.30218
11.06 -1.64419
11.07 -2.48112
11.08 -3.05856
11.09 -3.28872
11.1 -3.23209
11.11 -3.01536
11.12 -2.73901
11.13 -2.63056
11.14 -2.50374
11.15 -2.41589
11.16 -2.31027
11.17 -2.20295
11.18 -2.28614
11.19 -2.4834
11.2 -2.74176
11.21 -3.04275
11.22 -3.19827
11.23 -3.2037
11.24 -3.07723
11.25 -2.78666
11.26 -2.33983
11.27 -1.77473
11.28 -1.15248
11.29 -0.441922
11.3 0.305592
11.31 1.06438
11.32 1.77496
11.33 2.38504
11.34 2.83788
11.35 3.12516
11.36 3.12791
11.37 3.07891
11.38 3.0889
11.39 3.17754
11.4 3.32147
11.41 3.47055
11.42 3.58028
11.43 3.6183
11.44 3.57735
11.45 3.4018
11.46 3.18148
11.47 2.95091
11.48 2.73102
11.49 2.51549
11.5 2.27824
11.51 1.97974
11.52 1.58459
11.53 1.07728
11.54 0.466626
11.55 -0.21327
11.56 -0.913812
11.57 -1.58238
11.58 -2.17451
11.59 -2.66128
11.6 -3.03078
11.61 -3.28562
11.62 -3.43806
11.63 -3.50416
11.64 -3.49927
11.65 -3.43568
11.66 -3.32233
11.67 -3.16584
11.68 -2.9716
11.69 -2.65986
11.7 -2.40287
11.71 -2.12407
11.72 -1.82803
11.73 -1.5177
