0.01 0.0789875
0.02 0.283644
0.03 0.541426
0.04 0.777288
0.05 0.936137
0.06 0.995131
0.07 0.964284
0.08 0.877149
0.09 0.775883
0.1 0.696328
0.11 0.657914
0.12 0.660662
0.13 0.689646
0.14 0.723057
0.15 0.740417
0.16 0.729292
0.17 0.687776
0.18 0.623654
0.19 0.550849
0.2 0.485247
0.21 0.440036
0.22 0.420333
0.23 0.425347
0.24 0.466686
0.25 0.562514
0.26 0.717651
0.27 0.915022
0.28 1.10405
0.29 1.23393
0.3 1.28073
0.31 1.24203
0.32 1.13722
0.33 0.993933
0.34 0.831318
0.35 0.619118
0.36 0.303283
0.37 -0.14666
0.38 -0.71925
0.39 -1.35347
0.4 -1.98388
0.41 -2.56324
0.42 -2.98947
0.43 -3.13359
0.44 -2.95435
0.45 -2.50777
0.46 -1.93743
0.47 -1.40929
0.48 -1.02912
0.49 -0.858869
0.5 -0.928713
0.51 -1.20617
0.52 -1.59481
0.53 -1.89856
0.54 -1.89765
0.55 -1.50156
0.56 -0.755234
0.57 0.1876
0.58 1.13509
0.59 1.94699
0.6 2.51622
0.61 2.77267
0.62 2.74664
0.63 2.54076
0.64 2.24794
0.65 1.93809
0.66 1.66528
0.67 1.45622
0.68 1.31831
0.69 1.24014
0.7 1.18924
0.71 1.08749
0.72 0.830078
0.73 0.362486
0.74 -0.303313
0.75 -1.08559
0.76 -1.87018
0.77 -2.58065
0.78 -3.11073
0.79 -3.28488
0.8 -3.01045
0.81 -2.3332
0.82 -1.29719
0.83 0.0584261
0.84 1.53604
0.85 2.738
0.86 3.33732
0.87 3.25315
0.88 2.58102
0.89 1.54595
0.9 0.403334
0.91 -0.738571
0.92 -1.90633
0.93 -3.12443
0.94 -4.38754
0.95 -5.63553
0.96 -6.7891
0.97 -7.78685
0.98 -8.40574
0.99 -8.31645
1 -7.41188
1.01 -5.82706
1.02 -3.8414
1.03 -1.79116
1.04 0.0702191
1.05 1.58159
1.06 2.62457
1.07 3.2004
1.08 3.42577
1.09 3.33137
1.1 2.84633
1.11 1.94968
1.12 0.688807
1.13 -0.841178
1.14 -2.49957
1.15 -4.12956
1.16 -5.44874
1.17 -6.04338
1.18 -5.68607
1.19 -4.44077
1.2 -2.53705
1.21 -0.300339
1.22 1.94026
1.23 3.93393
1.24 5.3603
1.25 6.0273
1.26 5.98504
1.27 5.39296
1.28 4.43309
1.29 3.30624
1.3 2.22078
1.31 1.26694
1.32 0.394919
1.33 -0.490059
1.34 -1.41832
1.35 -2.24772
1.36 -2.80185
1.37 -2.99461
1.38 -2.86065
1.39 -2.55809
1.4 -2.22612
1.41 -1.91434
1.42 -1.54856
1.43 -1.00424
1.44 -0.249299
1.45 0.641477
1.46 1.49842
1.47 2.13489
1.48 2.43177
1.49 2.34615
1.5 1.91642
1.51 1.26009
1.52 0.506542
1.53 -0.327622
1.54 -1.27439
1.55 -2.30866
1.56 -3.35613
1.57 -4.29135
1.58 -5.00396
1.59 -5.42674
1.6 -5.32575
1.61 -4.40095
1.62 -2.61747
1.63 -0.204147
1.64 2.26781
1.65 4.15443
1.66 5.1268
1.67 5.11202
1.68 4.24039
1.69 2.82075
1.7 1.20659
1.71 -0.406076
1.72 -1.98238
1.73 -3.53278
1.74 -4.97877
1.75 -5.98593
1.76 -6.21582
1.77 -5.6137
1.78 -4.46915
1.79 -3.35391
1.8 -2.74627
1.81 -2.82687
1.82 -3.39918
1.83 -4.03607
1.84 -4.38705
1.85 -4.24619
1.86 -3.56714
1.87 -2.4754
1.88 -1.1962
1.89 0.110118
1.9 1.40184
1.91 2.67175
1.92 3.91589
1.93 5.09268
1.94 6.14319
1.95 7.07309
1.96 7.79565
1.97 8.03733
1.98 7.6327
1.99 6.67183
2 5.46811
2.01 4.45323
2.02 3.92325
2.03 3.92238
2.04 4.17678
2.05 4.26691
2.06 3.89269
2.07 3.12242
2.08 2.45012
2.09 2.34141
2.1 3.00449
2.11 4.49526
2.12 6.69265
2.13 9.31147
2.14 12.0958
2.15 15.0056
2.16 18.0986
2.17 21.3956
2.18 24.8684
2.19 28.1098
2.2 30.4122
2.21 31.0603
2.22 29.8289
2.23 27.0011
2.24 23.0457
2.25 18.5094
2.26 13.9429
2.27 9.8262
2.28 6.56653
2.29 4.45418
2.3 3.1147
2.31 2.37464
2.32 2.31831
2.33 3.24128
2.34 5.42379
2.35 8.92569
2.36 13.407
2.37 18.0901
2.38 21.9052
2.39 23.7405
2.4 22.683
2.41 18.5115
2.42 12.2077
2.43 5.34485
2.44 -0.339419
2.45 -3.51886
2.46 -3.80044
2.47 -1.74373
2.48 1.34149
2.49 3.97757
2.5 5.23395
2.51 4.81457
2.52 2.9481
2.53 0.278618
2.54 -2.41759
2.55 -4.58943
2.56 -6.04576
2.57 -6.90025
2.58 -7.56011
2.59 -8.69744
2.6 -10.8909
2.61 -14.3387
2.62 -18.9895
2.63 -24.63
2.64 -30.8849
2.65 -37.3962
2.66 -44.9411
2.67 -52.0952
2.68 -57.569
2.69 -62.1044
2.7 -62.5479
2.71 -56.4051
2.72 -47.5077
2.73 -39.6824
2.74 -34.0063
2.75 -30.7098
2.76 -29.6182
2.77 -30.4008
2.78 -32.6618
2.79 -35.8471
2.8 -39.6333
2.81 -43.0586
2.82 -45.3102
2.83 -41.0508
2.84 -32.738
2.85 -21.7711
2.86 -10.5443
2.87 -1.42072
2.88 3.89177
2.89 3.54086
2.9 -2.01973
2.91 -11.0743
2.92 -21.2078
2.93 -29.7154
2.94 -34.5955
2.95 -33.6507
2.96 -30.325
2.97 -25.1218
2.98 -19.0054
2.99 -12.9813
3 -7.72775
3.01 -3.22677
3.02 1.40433
3.03 -0.714259
3.04 -8.43391
3.05 -14.5937
3.06 13.9221
3.07 62.8762
3.08 105.12
3.09 98.5146
3.1 92.5719
3.11 84.0795
3.12 74.4999
3.13 64.6857
3.14 54.6813
3.15 44.9968
3.16 35.6606
3.17 15.5132
3.18 -7.83583
3.19 -29.0706
3.2 -46.3072
3.21 -57.7582
3.22 -61.1473
3.23 -57.3247
3.24 -53.9304
3.25 -38.7593
3.26 -19.9386
3.27 -5.37899
3.28 5.05566
3.29 11.7886
3.3 15.7968
3.31 18.2261
3.32 20.1891
3.33 25.3444
3.34 33.2436
3.35 41.4531
3.36 47.7549
3.37 48.8886
3.38 42.7078
3.39 29.8007
3.4 19.2792
3.41 8.39588
3.42 -3.33195
3.43 -12.1727
3.44 -19.2569
3.45 -21.0019
3.46 -17.6473
3.47 -10.3861
3.48 -0.937506
3.49 8.65993
3.5 16.6333
3.51 21.7051
3.52 23.3526
3.53 22.2145
3.54 19.5833
3.55 17.3872
3.56 15.9572
3.57 14.7437
3.58 12.9567
3.59 11.8225
3.6 11.8612
3.61 12.5597
3.62 13.2577
3.63 13.3283
3.64 11.7301
3.65 8.59391
3.66 4.33292
3.67 -0.322666
3.68 -4.57504
3.69 -7.90959
3.7 -9.8709
3.71 -12.0706
3.72 -11.42
3.73 -8.18203
3.74 -3.35118
3.75 1.67903
3.76 5.72253
3.77 8.10105
3.78 14.1089
3.79 16.0834
3.8 16.2706
3.81 14.1456
3.82 10.5
3.83 6.42378
3.84 2.82064
3.85 0.275815
3.86 -0.999814
3.87 -1.14715
3.88 -0.668896
3.89 -0.0354684
3.9 0.300934
3.91 7.9896
3.92 16.0344
3.93 23.7646
3.94 29.687
3.95 26.1329
3.96 13.1705
3.97 0.900897
3.98 -9.63567
3.99 -16.0453
4 -17.8161
4.01 18.4713
4.02 45.1789
4.03 59.2942
4.04 57.9325
4.05 42.9117
4.06 18.823
4.07 -5.79729
4.08 -24.4282
4.09 -32.6273
4.1 -30.3636
4.11 -20.7741
4.12 -8.45222
4.13 2.25449
4.14 6.12678
4.15 7.64152
4.16 6.87976
4.17 4.50602
4.18 1.23371
4.19 -2.25774
4.2 -5.49996
4.21 2.60689
4.22 8.03906
4.23 12.7494
4.24 14.8287
4.25 14.3329
4.26 10.9081
4.27 5.74869
4.28 0.212049
4.29 -5.80749
4.3 -50.7015
4.31 -65.7256
4.32 -61.564
4.33 -43.0586
4.34 -18.4438
4.35 3.66489
4.36 16.8632
4.37 18.4746
4.38 9.16781
4.39 -6.53999
4.4 -22.6722
4.41 -33.9869
4.42 -37.487
4.43 -32.958
4.44 -22.7079
4.45 -10.551
4.46 -0.495885
4.47 4.50672
4.48 3.47635
4.49 -2.54557
4.5 -11.0116
4.51 -18.7078
4.52 -22.8103
4.53 -22.9044
4.54 -18.9936
4.55 -12.3873
4.56 -4.81313
4.57 2.43017
4.58 8.35085
4.59 12.3799
4.6 14.3762
4.61 14.4173
4.62 12.6802
4.63 4.71862
4.64 -0.495039
4.65 -3.5837
4.66 -4.61571
4.67 -6.13003
4.68 -7.61277
4.69 -9.81405
4.7 -12.8389
4.71 -16.1137
4.72 -18.7598
4.73 -20.0258
4.74 -20.3151
4.75 -19.1491
4.76 -17.02
4.77 -14.7362
4.78 -13.1482
4.79 -12.6881
4.8 -13.0841
4.81 -13.4976
4.82 -13.8618
4.83 -12.5778
4.84 -9.20894
4.85 -4.33241
4.86 1.70094
4.87 6.77589
4.88 9.98195
4.89 10.7794
4.9 8.99261
4.91 5.18474
4.92 0.26929
4.93 -4.60221
4.94 -8.461
4.95 -10.6788
4.96 -9.32891
4.97 -8.07515
4.98 -6.64967
4.99 -5.32265
5 -4.28745
5.01 -3.37315
5.02 -2.09882
5.03 -0.126545
5.04 -3.85106
5.05 -6.92302
5.06 -8.40942
5.07 -8.29845
5.08 -6.63457
5.09 -3.62547
5.1 0.113155
5.11 4.06121
5.12 7.80061
5.13 11.0547
5.14 13.6892
5.15 17.2753
5.16 33.8325
5.17 36.3512
5.18 30.3895
5.19 17.349
5.2 2.40529
5.21 -10.4143
5.22 -17.6308
5.23 -18.5991
5.24 -14.6599
5.25 -8.42772
5.26 -4.18272
5.27 -0.399848
5.28 1.85338
5.29 2.81385
5.3 3.10889
5.31 3.20495
5.32 3.60095
5.33 4.73804
5.34 6.40678
5.35 7.95877
5.36 8.78758
5.37 8.44294
5.38 6.70746
5.39 3.5187
5.4 -0.538469
5.41 -4.81213
5.42 -8.65634
5.43 -11.6536
5.44 -13.6393
5.45 -14.4047
5.46 -13.8565
5.47 -12.5435
5.48 -10.0775
5.49 -6.50181
5.5 -1.86763
5.51 3.35349
5.52 8.82213
5.53 13.7837
5.54 17.3307
5.55 18.6998
5.56 17.6663
5.57 14.5273
5.58 10.0838
5.59 4.34736
5.6 -2.0251
5.61 -8.24691
5.62 -13.2667
5.63 -16.5696
5.64 -18.2149
5.65 -18.4577
5.66 -17.6157
5.67 -16.1136
5.68 -14.246
5.69 -11.9403
5.7 -9.38686
5.71 -6.22094
5.72 -2.5679
5.73 1.26609
5.74 4.90055
5.75 8.05164
5.76 10.4501
5.77 11.9043
5.78 12.44
5.79 12.1922
5.8 11.4068
5.81 10.2832
5.82 9.03574
5.83 7.84051
5.84 6.84505
5.85 6.21409
5.86 6.116
5.87 7.57904
5.88 9.08195
5.89 10.3744
5.9 11.3265
5.91 11.9769
5.92 12.4629
5.93 14.5914
5.94 15.3996
5.95 15.2704
5.96 14.3172
5.97 12.83
5.98 11.2043
5.99 9.81155
6 8.80484
6.01 8.75682
6.02 9.35637
6.03 10.2358
6.04 11.0005
6.05 11.4772
6.06 11.7279
6.07 11.8985
6.08 12.129
6.09 12.4662
6.1 11.8816
6.11 12.2083
6.12 12.8278
6.13 13.1222
6.14 12.5886
6.15 11.0558
6.16 8.54385
6.17 5.26275
6.18 1.59177
6.19 -2.02368
6.2 -5.13312
6.21 -7.48997
6.22 -9.16371
6.23 -10.3787
6.24 -5.04087
6.25 -1.18373
6.26 1.07959
6.27 2.87408
6.28 2.9363
6.29 1.49205
6.3 -1.03269
6.31 -3.89129
6.32 -6.45965
6.33 -8.31602
6.34 -9.29853
6.35 -10.8225
6.36 -40.9915
6.37 -47.6726
6.38 -41.7064
6.39 -26.8944
6.4 -8.83487
6.41 7.00336
6.42 16.9058
6.43 19.0583
6.44 14.9039
6.45 7.89557
6.46 1.86747
6.47 -0.333435
6.48 2.19948
6.49 9.09432
6.5 15.9933
6.51 20.2628
6.52 15.7621
6.53 10.3072
6.54 4.71216
6.55 -0.445962
6.56 -5.46536
6.57 -9.20139
6.58 -10.7299
6.59 -9.75886
6.6 -8.55656
6.61 -6.87129
6.62 -4.86463
6.63 -2.57841
6.64 -0.0883133
6.65 2.57221
6.66 5.3628
6.67 8.19868
6.68 10.9293
6.69 13.3629
6.7 15.3071
6.71 16.6088
6.72 17.2015
6.73 13.1278
6.74 7.14879
6.75 0.684785
6.76 -4.66594
6.77 -7.97389
6.78 -9.93883
6.79 -9.97812
6.8 -8.93223
6.81 -7.71538
6.82 -7.04963
6.83 -5.28938
6.84 -3.40633
6.85 -2.64151
6.86 -2.90845
6.87 -3.98662
6.88 -5.29458
6.89 -6.37867
6.9 -6.92806
6.91 -6.83277
6.92 -6.35479
6.93 -5.54456
6.94 -4.64209
6.95 -4.32003
6.96 -16.0572
6.97 -24.823
6.98 -28.7711
6.99 -27.6927
7 -22.7385
7.01 -15.7792
7.02 -8.797
7.03 -3.38101
7.04 -0.501738
7.05 0.0363852
7.06 -0.579405
7.07 -0.996422
7.08 -0.343085
7.09 1.51163
7.1 4.15841
7.11 6.79176
7.12 8.4736
7.13 8.52799
7.14 7.28307
7.15 4.54387
7.16 1.24836
7.17 -1.48555
7.18 -2.80954
7.19 -2.41269
7.2 -0.545468
7.21 2.212
7.22 1.24611
7.23 -1.03009
7.24 -3.21896
7.25 -4.52844
7.26 -4.68086
7.27 -3.61017
7.28 -1.01323
7.29 2.59125
7.3 6.78845
7.31 11.0664
7.32 14.9503
7.33 18.0509
7.34 21.6857
7.35 36.0933
7.36 35.6214
7.37 25.4304
7.38 8.9397
7.39 -8.83005
7.4 -23.3985
7.41 -30.7353
7.42 -31.0118
7.43 -26.0496
7.44 -18.4556
7.45 -10.3206
7.46 -4.06319
7.47 -0.0513296
7.48 1.83161
7.49 2.02329
7.5 1.62978
7.51 0.666537
7.52 -0.216098
7.53 -0.671976
7.54 -0.591824
7.55 -0.230041
7.56 0.251279
7.57 0.578521
7.58 0.529287
7.59 -0.163389
7.6 -1.51046
7.61 -3.41627
7.62 -5.71559
7.63 -6.2021
7.64 -5.6804
7.65 -4.3452
7.66 -2.71144
7.67 -1.30674
7.68 -0.479512
7.69 0.589611
7.7 0.601448
7.71 -0.0478144
7.72 -1.03567
7.73 -1.95757
7.74 -2.40804
7.75 -2.20184
7.76 -1.36014
7.77 -0.189091
7.78 0.792088
7.79 1.32034
7.8 1.33855
7.81 1.10638
7.82 1.04737
7.83 1.54549
7.84 2.82385
7.85 4.50238
7.86 6.62191
7.87 9.0186
7.88 11.4613
7.89 13.3838
7.9 14.4673
7.91 14.5256
7.92 13.4676
7.93 11.3817
7.94 7.94388
7.95 4.09332
7.96 0.276429
7.97 -2.9704
7.98 -5.50591
7.99 -7.22192
8 -8.07317
8.01 -8.25605
8.02 -8.03357
8.03 -7.58938
8.04 -6.97669
8.05 -6.12976
8.06 -5.00473
8.07 -3.57566
8.08 -1.76866
8.09 0.298854
8.1 2.26103
8.11 3.67415
8.12 3.88191
8.13 2.97173
8.14 1.21658
8.15 -0.895992
8.16 -2.86204
8.17 -4.31039
8.18 -5.0819
8.19 -5.21897
8.2 -4.92602
8.21 -4.49868
8.22 -4.30592
8.23 -4.58117
8.24 -5.16495
8.25 -5.91453
8.26 -6.62071
8.27 -7.07935
8.28 -7.09126
8.29 -6.54649
8.3 -5.52838
8.31 -4.17895
8.32 -2.57661
8.33 -0.824125
8.34 0.935303
8.35 2.59552
8.36 4.10128
8.37 5.4663
8.38 6.73346
8.39 7.8239
8.4 8.6117
8.41 9.08975
8.42 9.75692
8.43 9.85102
8.44 9.27361
8.45 8.09868
8.46 6.5199
8.47 4.79572
8.48 3.15323
8.49 1.74635
8.5 0.55549
8.51 -0.355336
8.52 -0.988653
8.53 -1.36464
8.54 -1.45097
8.55 -1.23915
8.56 -0.750403
8.57 0.00740988
8.58 1.00766
8.59 2.1873
8.6 3.43749
8.61 4.5983
8.62 5.51679
8.63 6.09736
8.64 6.26114
8.65 5.95017
8.66 5.20177
8.67 3.69289
8.68 2.25122
8.69 0.921624
8.7 -0.239404
8.71 -1.21055
8.72 -1.96289
8.73 -2.49289
8.74 -2.83088
8.75 -2.95922
8.76 -2.82402
8.77 -2.4831
8.78 -2.11859
8.79 -1.53139
8.8 -0.618606
8.81 0.650816
8.82 2.15057
8.83 3.5911
8.84 4.6923
8.85 5.27755
8.86 5.24959
8.87 4.61389
8.88 3.48485
8.89 2.03539
8.9 0.450849
8.91 -1.18566
8.92 -2.70946
8.93 -3.96933
8.94 -4.83675
8.95 -5.27325
8.96 -5.35361
8.97 -5.15339
8.98 -4.76826
8.99 -4.25796
9 -3.64006
9.01 -2.93391
9.02 -2.16268
9.03 -1.38986
9.04 -0.708519
9.05 -0.218613
9.06 0.00749344
9.07 -0.0640836
9.08 -0.456131
9.09 -1.15917
9.1 -2.09174
9.11 -3.11583
9.12 -4.25344
9.13 -5.17083
9.14 -5.59849
9.15 -5.4489
9.16 -4.09394
9.17 -3.29874
9.18 -2.08979
9.19 -0.945543
9.2 0.159621
9.21 1.29909
9.22 2.47185
9.23 3.56492
9.24 4.47441
9.25 5.13983
9.26 5.44298
9.27 5.26066
9.28 4.57105
9.29 3.43884
9.3 2.53877
9.31 1.0188
9.32 -0.773926
9.33 -2.58123
9.34 -4.11003
9.35 -5.10751
9.36 -5.49732
9.37 -5.21694
9.38 -4.28922
9.39 -2.86182
9.4 -1.17544
9.41 0.478872
9.42 1.84409
9.43 2.77741
9.44 3.26588
9.45 3.18027
9.46 2.84986
9.47 2.40676
9.48 1.87668
9.49 1.19827
9.5 0.333331
9.51 -0.718082
9.52 -1.90111
9.53 -3.11693
9.54 -4.23959
9.55 -5.52795
9.56 -5.80195
9.57 -5.1065
9.58 -3.62422
9.59 -1.78421
9.6 0.0164179
9.61 1.58277
9.62 2.64174
9.63 3.36355
9.64 3.89945
9.65 4.42658
9.66 4.94696
9.67 5.30968
9.68 5.36795
9.69 4.99286
9.7 4.08835
9.71 2.65866
9.72 0.831291
9.73 -1.07524
9.74 -2.4232
9.75 -3.16919
9.76 -3.27382
9.77 -2.78405
9.78 -1.86327
9.79 -0.707128
9.8 0.48632
9.81 1.53902
9.82 2.34412
9.83 2.87673
9.84 3.18286
9.85 3.34503
9.86 3.42195
9.87 3.44145
9.88 3.37344
9.89 3.21597
9.9 2.94578
9.91 2.50941
9.92 1.82686
9.93 0.893103
9.94 -0.205069
9.95 -1.38497
9.96 -2.57701
9.97 -3.69835
9.98 -4.67032
9.99 -5.72204
10 -6.35029
10.01 -6.54211
10.02 -6.47059
10.03 -6.4468
10.04 -6.75164
10.05 -4.53556
10.06 -3.18135
10.07 -2.39651
10.08 -1.91368
10.09 -1.6619
10.1 -1.78846
10.11 -2.2422
10.12 -2.8785
10.13 -3.58867
10.14 -4.30546
10.15 -5.00268
10.16 -5.68598
10.17 -4.17464
10.18 -1.60742
10.19 1.44254
10.2 4.29322
10.21 6.45933
10.22 7.75533
10.23 8.27296
10.24 8.24151
10.25 9.05644
10.26 8.90296
10.27 8.30516
10.28 7.418
10.29 6.41222
10.3 5.4306
10.31 4.58805
10.32 3.97149
10.33 3.60841
10.34 3.45947
10.35 3.40374
10.36 3.28507
10.37 3.00248
10.38 2.26299
10.39 1.2293
10.4 -0.0658231
10.41 -1.51437
10.42 -2.91603
10.43 -4.001
10.44 -4.64496
10.45 -4.8814
10.46 -4.74412
10.47 -5.37997
10.48 -5.03129
10.49 -3.9499
10.5 -2.35796
10.51 -0.621143
10.52 0.904872
10.53 1.9469
10.54 4.38507
10.55 6.08529
10.56 6.94234
10.57 6.8377
10.58 5.81789
10.59 4.21547
10.6 2.32829
10.61 0.381015
10.62 -1.50128
10.63 -3.28712
10.64 -5.01077
10.65 -6.73154
10.66 -7.12356
10.67 -6.59351
10.68 -5.48514
10.69 -4.18295
10.7 -2.96977
10.71 -1.96962
10.72 -0.407549
10.73 0.640802
10.74 1.32276
10.75 1.74883
10.76 2.06511
10.77 2.38604
10.78 2.75297
10.79 3.10678
10.8 3.33342
10.81 3.32687
10.82 3.00555
10.83 1.94805
10.84 0.537433
10.85 -1.03809
10.86 -2.52752
10.87 -3.73354
10.88 -4.55894
10.89 -4.99283
10.9 -5.07203
10.91 -4.87624
10.92 -4.5092
10.93 -4.03164
10.94 -3.74192
10.95 -3.38129
10.96 -2.714
10.97 -1.80433
10.98 -0.804948
10.99 0.0646048
11 0.602433
11.01 0.712415
11.02 0.387497
11.03 0.610867
11.04 1.14687
11.05 1.14216
11.06 0.524688
11.07 -0.711353
11.08 -2.38209
11.09 -4.28302
11.1 -6.21437
11.11 -6.86646
11.12 -6.34924
11.13 -4.91844
11.14 -3.02218
11.15 -1.11204
11.16 0.484903
11.17 1.63322
11.18 2.36266
11.19 3.3039
11.2 3.9449
11.21 4.3008
11.22 4.46121
11.23 4.51053
11.24 4.50823
11.25 4.48162
11.26 4.43216
11.27 4.33707
11.28 4.16013
11.29 3.88293
11.3 3.51771
11.31 3.09616
11.32 2.53122
11.33 1.99063
11.34 1.56524
11.35 1.28277
11.36 1.12735
11.37 1.05227
11.38 0.999734
11.39 0.921237
11.4 0.790668
11.41 0.607026
11.42 0.388101
11.43 0.158382
11.44 -0.063297
11.45 -0.271494
11.46 -1.09532
11.47 -1.4513
11.48 -1.51439
11.49 -1.37973
11.5 -1.21542
11.51 -1.18406
11.52 -1.36116
11.53 -1.72486
11.54 -2.17415
11.55 -2.57081
11.56 -2.18237
11.57 -2.4507
11.58 -2.63181
11.59 -2.66756
11.6 -2.49469
11.61 -2.13774
11.62 -1.67486
11.63 -1.20625
11.64 -0.82001
11.65 -0.566417
11.66 -0.447436
11.67 -0.422606
11.68 -0.427238
11.69 -0.389007
11.7 -0.256927
11.71 -0.0202359
11.72 0.570876
11.73 1.13026
