0.01 0.00201755
0.02 0.00605935
0.03 0.0102466
0.04 0.0150797
0.05 0.021715
0.06 0.0323237
0.07 0.0503516
0.08 0.0805169
0.09 0.12841
0.1 0.199674
0.11 0.298859
0.12 0.428172
0.13 0.586407
0.14 0.76832
0.15 0.964676
0.16 1.16306
0.17 1.34931
0.18 1.50944
0.19 1.63154
0.2 1.70745
0.21 1.73381
0.22 1.71223
0.23 1.64891
0.24 1.55578
0.25 1.437
0.26 1.30261
0.27 1.16045
0.28 1.0173
0.29 0.879738
0.3 0.754327
0.31 0.647149
0.32 0.56395
0.33 0.509605
0.34 0.486915
0.35 0.495046
0.36 0.529689
0.37 0.584062
0.38 0.64429
0.39 0.694933
0.4 0.716382
0.41 0.686866
0.42 0.587089
0.43 0.397708
0.44 0.100717
0.45 -0.316791
0.46 -0.859745
0.47 -1.52102
0.48 -2.27813
0.49 -3.09376
0.5 -3.91636
0.51 -4.68305
0.52 -5.32686
0.53 -5.78469
0.54 -6.00927
0.55 -5.97942
0.56 -5.70346
0.57 -5.21603
0.58 -4.57246
0.59 -3.83706
0.6 -3.07164
0.61 -2.32189
0.62 -1.60675
0.63 -0.917309
0.64 -0.222275
0.65 0.522749
0.66 1.3614
0.67 2.32163
0.68 3.40495
0.69 4.58092
0.7 5.78871
0.71 6.94463
0.72 7.95563
0.73 8.73493
0.74 9.21394
0.75 9.3509
0.76 9.13342
0.77 8.57278
0.78 7.70603
0.79 6.58071
0.8 5.24377
0.81 3.73682
0.82 2.09858
0.83 0.365067
0.84 -1.4282
0.85 -3.23707
0.86 -4.99626
0.87 -6.61855
0.88 -8.00304
0.89 -9.04449
0.9 -9.65017
0.91 -9.76035
0.92 -9.36242
0.93 -8.49759
0.94 -7.26314
0.95 -5.80524
0.96 -4.30218
0.97 -2.94111
0.98 -1.88775
0.99 -1.26609
1 -1.14538
1.01 -1.5354
1.02 -2.37827
1.03 -3.55537
1.04 -4.91186
1.05 -6.2763
1.06 -7.47935
1.07 -8.36608
1.08 -8.79719
1.09 -8.65439
1.1 -7.87174
1.11 -6.41085
1.12 -4.30709
1.13 -1.67289
1.14 1.30366
1.15 4.37306
1.16 7.25442
1.17 9.66784
1.18 11.3634
1.19 12.1574
1.2 11.9599
1.21 10.7823
1.22 8.75091
1.23 6.08733
1.24 3.08448
1.25 0.0774287
1.26 -2.59544
1.27 -4.63709
1.28 -5.82686
1.29 -6.05142
1.3 -5.32706
1.31 -3.79145
1.32 -1.67694
1.33 0.721707
1.34 3.08958
1.35 5.13269
1.36 6.60835
1.37 7.35111
1.38 7.27615
1.39 6.37554
1.4 4.73204
1.41 2.50664
1.42 -0.0761054
1.43 -2.75319
1.44 -5.2542
1.45 -7.33115
1.46 -8.78833
1.47 -9.50403
1.48 -9.44238
1.49 -8.65611
1.5 -7.26939
1.51 -5.45944
1.52 -3.43212
1.53 -1.39699
1.54 0.459344
1.55 1.99164
1.56 3.10386
1.57 3.75214
1.58 3.93913
1.59 3.70553
1.6 3.12284
1.61 2.28035
1.62 1.2653
1.63 0.162556
1.64 -0.950373
1.65 -1.99749
1.66 -2.89862
1.67 -3.57426
1.68 -3.94624
1.69 -3.94271
1.7 -3.51366
1.71 -2.64769
1.72 -1.38428
1.73 0.179379
1.74 1.88992
1.75 3.55331
1.76 4.94992
1.77 5.86409
1.78 6.11994
1.79 5.61009
1.8 4.32266
1.81 2.34848
1.82 -0.129207
1.83 -2.86065
1.84 -5.56814
1.85 -7.98292
1.86 -9.88494
1.87 -11.1343
1.88 -11.6853
1.89 -11.5821
1.9 -10.9424
1.91 -9.92607
1.92 -8.70095
1.93 -7.40959
1.94 -6.14401
1.95 -4.93329
1.96 -3.75117
1.97 -2.52947
1.98 -1.17138
1.99 0.421715
2 2.3242
2.01 4.56672
2.02 7.12103
2.03 9.89887
2.04 12.7577
2.05 15.5199
2.06 17.9962
2.07 20.0117
2.08 21.4265
2.09 22.1426
2.1 22.1165
2.11 21.3654
2.12 19.9595
2.13 18.0122
2.14 15.6737
2.15 13.1223
2.16 10.551
2.17 8.15926
2.18 6.14658
2.19 4.69835
2.2 3.97354
2.21 4.06943
2.22 5.0201
2.23 6.78309
2.24 9.25538
2.25 12.2945
2.26 15.7327
2.27 19.3857
2.28 23.0584
2.29 26.5413
2.3 29.6145
2.31 32.062
2.32 33.6794
2.33 34.2805
2.34 33.6841
2.35 31.7683
2.36 28.4712
2.37 23.9022
2.38 18.3509
2.39 12.2838
2.4 6.29928
2.41 1.05192
2.42 -2.84242
2.43 -4.92496
2.44 -4.99099
2.45 -3.13685
2.46 0.247913
2.47 4.51887
2.48 8.85655
2.49 12.4017
2.5 14.403
2.51 14.3405
2.52 12.0124
2.53 7.59832
2.54 1.618
2.55 -5.16095
2.56 -11.8561
2.57 -17.6216
2.58 -21.7921
2.59 -23.9869
2.6 -24.1509
2.61 -22.5505
2.62 -19.6983
2.63 -16.2595
2.64 -12.9423
2.65 -10.4009
2.66 -9.16038
2.67 -9.55597
2.68 -11.7603
2.69 -15.7192
2.7 -21.2569
2.71 -28.0932
2.72 -35.896
2.73 -44.3183
2.74 -48.8151
2.75 -53.5177
2.76 -58.5725
2.77 -61.5711
2.78 -64.6783
2.79 -67.6909
2.8 -70.4951
2.81 -72.9782
2.82 -75.043
2.83 -76.6049
2.84 -77.5927
2.85 -77.9544
2.86 -77.6331
2.87 -75.68
2.88 -71.9668
2.89 -66.5204
2.9 -59.4135
2.91 -50.7813
2.92 -41.5522
2.93 -31.2083
2.94 -20.009
2.95 -8.2968
2.96 -1.11755
2.97 4.91119
2.98 17.4823
2.99 35.3605
3 47.0022
3.01 47.5108
3.02 48.0417
3.03 45.2058
3.04 38.4633
3.05 29.6793
3.06 20.4978
3.07 12.4353
3.08 6.67359
3.09 3.95695
3.1 4.59943
3.11 8.62161
3.12 15.7362
3.13 25.5372
3.14 37.5718
3.15 51.2671
3.16 57.593
3.17 61.6188
3.18 65.7016
3.19 69.7
3.2 73.5166
3.21 77.0644
3.22 80.2849
3.23 83.1035
3.24 85.3402
3.25 86.6315
3.26 86.4249
3.27 79.6222
3.28 63.6893
3.29 39.4095
3.3 10.7891
3.31 -21.7131
3.32 -39.6908
3.33 -38.4546
3.34 -41.43
3.35 -44.6549
3.36 -62.8948
3.37 -78.7258
3.38 -88.1037
3.39 -95.2562
3.4 -99.2091
3.41 -99.5564
3.42 -90.3976
3.43 -69.3465
3.44 -41.2395
3.45 -11.7991
3.46 15.6035
3.47 30.2421
3.48 33.0335
3.49 33.9614
3.5 34.6339
3.51 35.0876
3.52 35.3476
3.53 35.4411
3.54 35.3818
3.55 34.1897
3.56 31.9838
3.57 29.21
3.58 26.3627
3.59 23.9703
3.6 22.5241
3.61 22.4087
3.62 24.434
3.63 28.4644
3.64 31.5015
3.65 31.4477
3.66 32.1528
3.67 32.9317
3.68 33.7129
3.69 34.4077
3.7 34.929
3.71 35.2018
3.72 35.1515
3.73 33.6737
3.74 28.9833
3.75 21.6409
3.76 12.0847
3.77 6.6769
3.78 -1.15111
3.79 -9.68472
3.8 -18.5965
3.81 -32.6056
3.82 -44.7196
3.83 -54.7398
3.84 -61.6914
3.85 -65.0391
3.86 -64.5292
3.87 -57.7284
3.88 -45.9859
3.89 -30.941
3.9 -15.7427
3.91 -0.690281
3.92 12.2846
3.93 21.9902
3.94 27.7831
3.95 29.6847
3.96 28.319
3.97 25.2744
3.98 21.3059
3.99 17.6128
4 15.1261
4.01 14.4411
4.02 15.8926
4.03 19.3834
4.04 24.2384
4.05 29.6703
4.06 30.6769
4.07 30.5703
4.08 30.9321
4.09 31.3837
4.1 31.9548
4.11 32.66
4.12 33.4788
4.13 34.3499
4.14 35.1799
4.15 35.8461
4.16 36.2185
4.17 36.1825
4.18 33.7359
4.19 26.9052
4.2 16.5846
4.21 8.50257
4.22 -0.580988
4.23 -10.3514
4.24 -20.2227
4.25 -35.5015
4.26 -47.6252
4.27 -56.7303
4.28 -62.1823
4.29 -63.7989
4.3 -61.1459
4.31 -52.7539
4.32 -40.8087
4.33 -27.8338
4.34 -15.2427
4.35 -4.6704
4.36 2.50423
4.37 5.43981
4.38 3.9167
4.39 -0.682706
4.4 -8.15404
4.41 -17.3448
4.42 -27.0017
4.43 -35.782
4.44 -42.4515
4.45 -46.0847
4.46 -46.2087
4.47 -42.0985
4.48 -34.4178
4.49 -24.4679
4.5 -14.0845
4.51 -4.37136
4.52 3.84937
4.53 9.93189
4.54 13.59
4.55 14.8387
4.56 13.943
4.57 11.5584
4.58 8.03693
4.59 3.89517
4.6 -0.408026
4.61 -4.42791
4.62 -7.72261
4.63 -9.86135
4.64 -10.4603
4.65 -9.16319
4.66 -5.78558
4.67 -0.852966
4.68 5.42363
4.69 12.3823
4.7 19.2201
4.71 25.0699
4.72 26.087
4.73 26.7916
4.74 26.4969
4.75 23.2259
4.76 17.2567
4.77 8.88825
4.78 -1.14747
4.79 -11.9155
4.8 -22.4255
4.81 -31.772
4.82 -39.2528
4.83 -44.4376
4.84 -47.1895
4.85 -47.6453
4.86 -46.029
4.87 -42.7656
4.88 -38.5908
4.89 -34.1026
4.9 -29.7331
4.91 -25.7059
4.92 -22.0291
4.93 -18.5464
4.94 -15.02
4.95 -11.272
4.96 -7.37241
4.97 -3.26737
4.98 1.03146
4.99 5.35718
5 9.48751
5.01 13.1964
5.02 16.2924
5.03 18.6466
5.04 20.2182
5.05 21.0552
5.06 21.2775
5.07 21.0454
5.08 20.5245
5.09 19.8083
5.1 18.924
5.11 17.8122
5.12 16.3573
5.13 14.4387
5.14 11.9893
5.15 9.03967
5.16 5.7436
5.17 2.37984
5.18 -0.67274
5.19 -3.00357
5.2 -4.26364
5.21 -4.22834
5.22 -2.72202
5.23 0.102013
5.24 3.71533
5.25 7.7768
5.26 11.6978
5.27 14.793
5.28 16.3595
5.29 15.8455
5.3 13.0388
5.31 8.06067
5.32 1.45117
5.33 -5.99377
5.34 -13.3349
5.35 -19.6251
5.36 -24.0433
5.37 -26.011
5.38 -25.2719
5.39 -21.6833
5.4 -15.8528
5.41 -8.55841
5.42 -0.760837
5.43 6.05124
5.44 11.8504
5.45 15.8689
5.46 17.7318
5.47 17.3113
5.48 14.7479
5.49 10.393
5.5 4.76214
5.51 -1.52658
5.52 -7.81578
5.53 -13.4701
5.54 -17.9093
5.55 -20.6614
5.56 -21.4066
5.57 -19.9375
5.58 -16.1952
5.59 -10.4592
5.6 -3.19945
5.61 4.51524
5.62 12.3785
5.63 19.5486
5.64 25.2543
5.65 25.2669
5.66 25.8612
5.67 25.5864
5.68 22.7285
5.69 17.614
5.7 10.5028
5.71 1.99634
5.72 -7.08828
5.73 -15.8658
5.74 -23.5143
5.75 -29.375
5.76 -33.0238
5.77 -34.2955
5.78 -33.2712
5.79 -29.9691
5.8 -25.0318
5.81 -18.9717
5.82 -12.3377
5.83 -5.62684
5.84 0.392258
5.85 5.89535
5.86 10.5908
5.87 14.3308
5.88 17.0821
5.89 18.9183
5.9 20.0007
5.91 20.5535
5.92 20.8348
5.93 21.1011
5.94 21.5698
5.95 22.3887
5.96 23.6219
5.97 25.247
5.98 25.5633
5.99 26.4517
6 27.4903
6.01 28.6326
6.02 29.8054
6.03 29.5348
6.04 29.664
6.05 29.7528
6.06 29.7755
6.07 29.7018
6.08 28.5566
6.09 25.8501
6.1 21.8014
6.11 16.7279
6.12 11.0876
6.13 5.41381
6.14 0.228602
6.15 -4.04224
6.16 -7.12353
6.17 -8.9068
6.18 -9.44435
6.19 -8.92441
6.2 -7.32525
6.21 -5.31945
6.22 -3.3222
6.23 -1.81423
6.24 -1.01732
6.25 -1.11831
6.26 -2.07518
6.27 -3.89065
6.28 -6.45679
6.29 -9.58124
6.3 -12.986
6.31 -16.3285
6.32 -19.2403
6.33 -21.3633
6.34 -22.3919
6.35 -22.1284
6.36 -20.2317
6.37 -17.0078
6.38 -12.924
6.39 -8.65249
6.4 -5.03587
6.41 -2.61184
6.42 -1.78643
6.43 -2.75119
6.44 -5.35893
6.45 -9.38667
6.46 -14.3285
6.47 -19.4819
6.48 -23.9555
6.49 -26.7827
6.5 -27.1463
6.51 -24.1938
6.52 -17.7313
6.53 -8.35108
6.54 2.24797
6.55 13.4649
6.56 23.9798
6.57 28.6338
6.58 31.3509
6.59 30.6714
6.6 30.8951
6.61 31.0302
6.62 31.0709
6.63 30.9985
6.64 30.3733
6.65 27.8478
6.66 23.7324
6.67 18.2632
6.68 11.8568
6.69 5.06341
6.7 -1.49702
6.71 -7.21876
6.72 -11.6
6.73 -14.3045
6.74 -15.1911
6.75 -14.3163
6.76 -11.113
6.77 -6.72049
6.78 -1.97751
6.79 2.58012
6.8 6.32061
6.81 8.72307
6.82 9.44823
6.83 8.46443
6.84 6.0554
6.85 2.33926
6.86 -2.38038
6.87 -7.69527
6.88 -13.1255
6.89 -18.1667
6.9 -22.3453
6.91 -25.2713
6.92 -26.6846
6.93 -26.4882
6.94 -24.3508
6.95 -20.7263
6.96 -16.163
6.97 -11.3178
6.98 -6.84318
6.99 -3.46497
7 -1.37278
7.01 -0.778045
7.02 -1.6446
7.03 -3.72883
7.04 -6.84512
7.05 -10.6785
7.06 -14.8448
7.07 -18.9201
7.08 -22.4782
7.09 -25.1221
7.1 -26.4783
7.11 -26.2221
7.12 -23.7802
7.13 -19.2238
7.14 -12.8236
7.15 -5.2987
7.16 2.67743
7.17 10.5424
7.18 17.5325
7.19 23.0267
7.2 26.6232
7.21 26.3067
7.22 26.2535
7.23 24.9947
7.24 22.7403
7.25 19.9031
7.26 16.8675
7.27 13.9544
7.28 11.3869
7.29 9.27684
7.3 7.62588
7.31 6.35461
7.32 5.34068
7.33 4.45226
7.34 3.58703
7.35 2.71063
7.36 1.87418
7.37 1.1933
7.38 0.806977
7.39 0.849113
7.4 1.52627
7.41 2.85419
7.42 4.68173
7.43 6.90198
7.44 9.20375
7.45 11.0987
7.46 11.9333
7.47 11.0515
7.48 8.24903
7.49 3.31997
7.5 -3.45174
7.51 -11.4896
7.52 -19.9638
7.53 -27.899
7.54 -34.3232
7.55 -38.4142
7.56 -39.6267
7.57 -37.6711
7.58 -32.5112
7.59 -25.0098
7.6 -16.2392
7.61 -7.36749
7.62 0.164673
7.63 6.08908
7.64 10.0045
7.65 11.8401
7.66 11.781
7.67 10.2653
7.68 7.82969
7.69 5.06635
7.7 2.52806
7.71 0.655023
7.72 -0.271142
7.73 -0.137982
7.74 1.06698
7.75 3.08036
7.76 5.63047
7.77 8.367
7.78 10.9317
7.79 12.9975
7.8 14.3024
7.81 14.67
7.82 14.029
7.83 12.4212
7.84 9.96217
7.85 6.86179
7.86 3.40194
7.87 -0.0915983
7.88 -3.28622
7.89 -5.8704
7.9 -7.58122
7.91 -8.24215
7.92 -7.79827
7.93 -6.20045
7.94 -3.71597
7.95 -0.620621
7.96 2.75712
7.97 5.87131
7.98 8.78296
7.99 11.2222
8 13.0356
8.01 14.1139
8.02 14.3952
8.03 13.8404
8.04 12.412
8.05 10.0767
8.06 6.86701
8.07 2.9125
8.08 -1.54496
8.09 -6.16082
8.1 -10.5258
8.11 -14.2117
8.12 -16.8386
8.13 -18.153
8.14 -18.0698
8.15 -16.5981
8.16 -14.0352
8.17 -10.8054
8.18 -7.39288
8.19 -4.26525
8.2 -1.8079
8.21 -0.350567
8.22 0.149002
8.23 -0.259741
8.24 -1.39786
8.25 -3.02147
8.26 -4.83482
8.27 -6.54402
8.28 -7.89413
8.29 -8.70334
8.3 -8.88368
8.31 -8.41997
8.32 -7.38839
8.33 -5.96815
8.34 -4.37134
8.35 -2.80776
8.36 -1.54564
8.37 -0.535658
8.38 0.157166
8.39 0.566513
8.4 0.78814
8.41 0.964864
8.42 1.2549
8.43 1.80547
8.44 2.73249
8.45 4.10022
8.46 5.9098
8.47 8.09909
8.48 10.5492
8.49 13.0998
8.5 15.5676
8.51 17.7647
8.52 19.5175
8.53 20.685
8.54 21.169
8.55 20.9074
8.56 19.8723
8.57 18.074
8.58 15.5728
8.59 12.4838
8.6 8.97583
8.61 5.26156
8.62 1.58103
8.63 -1.82232
8.64 -4.73016
8.65 -6.97353
8.66 -8.45093
8.67 -9.14041
8.68 -9.10042
8.69 -8.42683
8.7 -7.31107
8.71 -5.97694
8.72 -4.65091
8.73 -3.53678
8.74 -2.79268
8.75 -2.51314
8.76 -2.72318
8.77 -3.33929
8.78 -4.28653
8.79 -5.42014
8.8 -6.57949
8.81 -7.60102
8.82 -8.33673
8.83 -8.66827
8.84 -8.51292
8.85 -7.79682
8.86 -6.54319
8.87 -4.80596
8.88 -2.67739
8.89 -0.276146
8.9 2.12485
8.91 4.56794
8.92 6.91181
8.93 9.03379
8.94 10.8161
8.95 12.15
8.96 12.9453
8.97 13.139
8.98 12.694
8.99 11.6031
9 9.90696
9.01 7.69649
9.02 5.11062
9.03 2.3266
9.04 -0.457062
9.05 -3.04385
9.06 -5.2633
9.07 -6.99268
9.08 -8.17223
9.09 -8.79725
9.1 -8.91593
9.11 -8.62824
9.12 -8.08325
9.13 -7.46872
9.14 -6.95978
9.15 -6.69306
9.16 -6.75004
9.17 -7.12964
9.18 -7.80198
9.19 -8.67598
9.2 -9.6268
9.21 -10.5102
9.22 -11.1802
9.23 -11.5037
9.24 -11.3695
9.25 -10.672
9.26 -9.3874
9.27 -7.53136
9.28 -5.16362
9.29 -2.38303
9.3 0.595438
9.31 3.65104
9.32 6.706
9.33 9.60656
9.34 12.1976
9.35 14.332
9.36 15.8848
9.37 16.7669
9.38 16.9304
9.39 16.3674
9.4 15.1127
9.41 13.2519
9.42 10.9162
9.43 8.27678
9.44 5.53134
9.45 2.88616
9.46 0.533493
9.47 -1.37087
9.48 -2.7282
9.49 -3.50827
9.5 -3.75331
9.51 -3.57445
9.52 -3.11422
9.53 -2.59369
9.54 -2.21574
9.55 -2.15463
9.56 -2.51435
9.57 -3.3268
9.58 -4.54665
9.59 -6.07091
9.6 -7.76056
9.61 -9.45853
9.62 -11.008
9.63 -12.2652
9.64 -13.1077
9.65 -13.4411
9.66 -13.2001
9.67 -12.31
9.68 -10.7808
9.69 -8.64724
9.7 -5.99061
9.71 -2.93247
9.72 0.370552
9.73 3.51302
9.74 6.64491
9.75 9.52258
9.76 11.9758
9.77 13.8553
9.78 15.0486
9.79 15.4958
9.8 15.1989
9.81 14.2112
9.82 12.6662
9.83 10.7426
9.84 8.65463
9.85 6.62655
9.86 4.86467
9.87 3.53153
9.88 2.72418
9.89 2.45949
9.9 2.67177
9.91 3.24813
9.92 3.96869
9.93 4.58853
9.94 4.94286
9.95 4.87804
9.96 4.29044
9.97 3.15669
9.98 1.5244
9.99 -0.496784
10 -2.75551
10.01 -5.08254
10.02 -7.3153
10.03 -9.29592
10.04 -10.8946
10.05 -12.0511
10.06 -12.7725
10.07 -13.1263
10.08 -13.2219
10.09 -13.1768
10.1 -13.0905
10.11 -13.0256
10.12 -13.0048
10.13 -12.9839
10.14 -12.8872
10.15 -12.6014
10.16 -12.0274
10.17 -11.1023
10.18 -9.816
10.19 -8.21532
10.2 -6.39828
10.21 -4.4913
10.22 -2.61777
10.23 -0.867952
10.24 0.654279
10.25 2.06261
10.26 3.45215
10.27 4.9394
10.28 6.6406
10.29 8.64301
10.3 10.9802
10.31 13.6178
10.32 16.4501
10.33 19.3077
10.34 21.9788
10.35 23.3471
10.36 23.9983
10.37 24.4632
10.38 24.7038
10.39 24.6715
10.4 24.0734
10.41 22.5432
10.42 20.2097
10.43 17.2076
10.44 13.7163
10.45 9.93094
10.46 6.03429
10.47 2.1705
10.48 -1.56419
10.49 -5.11582
10.5 -8.43541
10.51 -11.4469
10.52 -14.0835
10.53 -16.323
10.54 -18.1801
10.55 -19.6886
10.56 -20.8846
10.57 -21.7899
10.58 -22.3969
10.59 -22.6627
10.6 -22.5059
10.61 -21.7777
10.62 -20.3738
10.63 -18.2267
10.64 -15.3437
10.65 -11.8245
10.66 -7.86281
10.67 -3.73077
10.68 0.120467
10.69 3.50061
10.7 6.22922
10.71 8.13951
10.72 9.16615
10.73 9.35509
10.74 8.85882
10.75 7.91266
10.76 6.79677
10.77 5.79729
10.78 5.16404
10.79 5.07409
10.8 5.61132
10.81 6.75218
10.82 8.37216
10.83 10.268
10.84 12.1892
10.85 13.8731
10.86 15.0783
10.87 15.6112
10.88 15.3452
10.89 14.2345
10.9 12.3058
10.91 9.65475
10.92 6.42999
10.93 2.81718
10.94 -0.980194
10.95 -4.75782
10.96 -8.32329
10.97 -11.5077
10.98 -14.1759
10.99 -16.2054
11 -17.5067
11.01 -18.0706
11.02 -17.9647
11.03 -17.2868
11.04 -16.2175
11.05 -14.9457
11.06 -13.6358
11.07 -12.4002
11.08 -11.2895
11.09 -10.293
11.1 -9.35347
11.11 -8.39001
11.12 -7.32421
11.13 -6.10369
11.14 -4.71753
11.15 -3.20004
11.16 -1.62252
11.17 -0.152577
11.18 1.22584
11.19 2.45532
11.2 3.51614
11.21 4.42576
11.22 5.23467
11.23 6.01566
11.24 6.84764
11.25 7.79767
11.26 8.9049
11.27 10.169
11.28 11.5465
11.29 12.9551
11.3 14.2849
11.31 15.4133
11.32 16.2239
11.33 16.6228
11.34 16.5495
11.35 15.9803
11.36 14.9346
11.37 13.4681
11.38 11.6631
11.39 9.61672
11.4 7.4291
11.41 5.19285
11.42 2.98568
11.43 0.866445
11.44 -1.12554
11.45 -2.96845
11.46 -4.65319
11.47 -6.17679
11.48 -7.53703
11.49 -8.73023
11.5 -9.72735
11.51 -10.4932
11.52 -11.0246
11.53 -11.3437
11.54 -11.4923
11.55 -11.5231
11.56 -11.4873
11.57 -11.4244
11.58 -11.3528
11.59 -11.2648
11.6 -11.1224
11.61 -10.8656
11.62 -10.4265
11.63 -9.74456
11.64 -8.78039
11.65 -7.52523
11.66 -6.00431
11.67 -4.27392
11.68 -2.41319
11.69 -0.512244
11.7 1.27658
11.71 2.93306
11.72 4.43757
11.73 5.75925
