0.01 0.00606436
0.02 0.0311707
0.03 0.0913851
0.04 0.199814
0.05 0.356373
0.06 0.545421
0.07 0.739436
0.08 0.906981
0.09 1.02192
0.1 1.07069
0.11 1.05549
0.12 0.992657
0.13 0.907215
0.14 0.825627
0.15 0.769057
0.16 0.749005
0.17 0.766182
0.18 0.812401
0.19 0.874391
0.2 0.937899
0.21 0.990653
0.22 1.02356
0.23 1.03029
0.24 0.992644
0.25 0.915038
0.26 0.797797
0.27 0.642773
0.28 0.453666
0.29 0.238381
0.3 0.0107907
0.31 -0.209018
0.32 -0.396519
0.33 -0.525991
0.34 -0.574823
0.35 -0.530447
0.36 -0.397683
0.37 -0.201819
0.38 0.0153126
0.39 0.206806
0.4 0.334947
0.41 0.38174
0.42 0.355724
0.43 0.28326
0.44 0.201529
0.45 0.146922
0.46 0.142646
0.47 0.189832
0.48 0.266195
0.49 0.333258
0.5 0.350346
0.51 0.289041
0.52 0.142645
0.53 -0.0684508
0.54 -0.296104
0.55 -0.471662
0.56 -0.520177
0.57 -0.387374
0.58 -0.0465937
0.59 0.507331
0.6 1.24912
0.61 2.12146
0.62 3.03847
0.63 3.90285
0.64 4.6069
0.65 5.03795
0.66 5.0987
0.67 4.72128
0.68 3.8868
0.69 2.56641
0.7 0.862827
0.71 -1.00408
0.72 -2.80118
0.73 -4.30393
0.74 -5.38002
0.75 -5.9867
0.76 -6.14797
0.77 -5.92543
0.78 -5.36381
0.79 -4.56241
0.8 -3.6086
0.81 -2.58305
0.82 -1.57669
0.83 -0.696489
0.84 -0.0603404
0.85 0.221766
0.86 0.0783064
0.87 -0.495101
0.88 -1.41935
0.89 -2.5387
0.9 -3.65408
0.91 -4.5652
0.92 -5.12225
0.93 -5.24077
0.94 -4.90171
0.95 -4.13556
0.96 -3.00379
0.97 -1.59211
0.98 -0.013306
0.99 1.62031
1 3.10449
1.01 4.29512
1.02 5.08252
1.03 5.4222
1.04 5.34313
1.05 4.93932
1.06 4.34721
1.07 3.71396
1.08 3.16172
1.09 2.75979
1.1 2.5177
1.11 2.38779
1.12 2.29763
1.13 2.17577
1.14 1.97149
1.15 1.65964
1.16 1.23118
1.17 0.678043
1.18 -0.0150686
1.19 -0.861195
1.2 -1.85206
1.21 -2.91425
1.22 -4.00065
1.23 -5.03112
1.24 -5.92223
1.25 -6.61714
1.26 -7.09615
1.27 -7.37372
1.28 -7.48545
1.29 -7.47231
1.3 -7.36967
1.31 -7.2031
1.32 -6.98876
1.33 -6.72929
1.34 -6.39889
1.35 -5.94779
1.36 -5.29802
1.37 -4.37888
1.38 -3.16682
1.39 -1.71076
1.4 -0.132779
1.41 1.39379
1.42 2.68202
1.43 3.57454
1.44 4.04205
1.45 4.04014
1.46 3.68256
1.47 3.17395
1.48 2.73931
1.49 2.55355
1.5 2.69108
1.51 3.11245
1.52 3.69021
1.53 4.25881
1.54 4.66789
1.55 4.83058
1.56 4.73936
1.57 4.46407
1.58 4.11855
1.59 3.81237
1.6 3.60666
1.61 3.4929
1.62 3.39956
1.63 3.22161
1.64 2.86044
1.65 2.30765
1.66 1.48188
1.67 0.445944
1.68 -0.714173
1.69 -1.89884
1.7 -3.0046
1.71 -3.92589
1.72 -4.55913
1.73 -4.8266
1.74 -4.7189
1.75 -4.32637
1.76 -3.83337
1.77 -3.46371
1.78 -3.38872
1.79 -3.6616
1.8 -4.19805
1.81 -4.81887
1.82 -5.32727
1.83 -5.58347
1.84 -5.53993
1.85 -5.22658
1.86 -4.70747
1.87 -4.04122
1.88 -3.2796
1.89 -2.49446
1.9 -1.80164
1.91 -1.35079
1.92 -1.26855
1.93 -1.58349
1.94 -2.12646
1.95 -2.66798
1.96 -2.96197
1.97 -2.82191
1.98 -2.1222
1.99 -1.06275
2 -0.0635422
2.01 0.400383
2.02 -0.0128413
2.03 -1.13036
2.04 -2.81894
2.05 -4.64416
2.06 -6.15388
2.07 -6.98658
2.08 -6.99068
2.09 -6.26217
2.1 -5.09471
2.11 -3.87421
2.12 -2.95965
2.13 -2.59048
2.14 -2.84332
2.15 -3.63996
2.16 -4.77645
2.17 -5.95787
2.18 -6.84389
2.19 -7.1035
2.2 -6.48457
2.21 -4.65427
2.22 -1.78514
2.23 1.81368
2.24 5.72941
2.25 9.56635
2.26 13.0339
2.27 15.9932
2.28 18.4987
2.29 20.5663
2.3 22.1875
2.31 23.3131
2.32 23.8421
2.33 23.2811
2.34 21.9788
2.35 20.4527
2.36 18.9084
2.37 18.6039
2.38 17.7566
2.39 16.8215
2.4 15.8874
2.41 14.8111
2.42 14.0317
2.43 13.2178
2.44 12.2798
2.45 11.1402
2.46 9.86181
2.47 8.66759
2.48 7.88266
2.49 7.81615
2.5 8.63595
2.51 10.2955
2.52 12.5394
2.53 13.1788
2.54 15.8467
2.55 18.162
2.56 19.377
2.57 19.0043
2.58 16.9722
2.59 13.3754
2.6 8.48278
2.61 2.72455
2.62 -3.19937
2.63 -8.66429
2.64 -13.1366
2.65 -15.6671
2.66 -17.4701
2.67 -18.2448
2.68 -18.0427
2.69 -17.2134
2.7 -16.0097
2.71 -14.5572
2.72 -12.9831
2.73 -12.148
2.74 -10.7973
2.75 -10.0906
2.76 -10.4474
2.77 -12.1227
2.78 -15.0932
2.79 -18.5681
2.8 -22.3473
2.81 -26.1782
2.82 -29.4692
2.83 -31.2662
2.84 -32.443
2.85 -32.1326
2.86 -30.5944
2.87 -27.4973
2.88 -23.5152
2.89 -19.3908
2.9 -15.6147
2.91 -12.7415
2.92 -11.1843
2.93 -11.1439
2.94 -12.5254
2.95 -14.9037
2.96 -17.57
2.97 -19.6786
2.98 -20.4563
2.99 -19.4018
3 -16.3971
3.01 -11.6827
3.02 -5.71853
3.03 0.997871
3.04 8.12604
3.05 15.0158
3.06 23.2126
3.07 30.8748
3.08 35.9546
3.09 38.3039
3.1 39.861
3.11 39.6951
3.12 38.6439
3.13 37.2848
3.14 37.1906
3.15 37.1926
3.16 35.8981
3.17 33.416
3.18 29.7418
3.19 25.7983
3.2 19.0621
3.21 10.8311
3.22 2.91437
3.23 -4.65638
3.24 -11.6994
3.25 -18.1395
3.26 -23.9077
3.27 -28.824
3.28 -27.0995
3.29 -37.4273
3.3 -38.9723
3.31 -32.7097
3.32 -26.5019
3.33 -21.7697
3.34 -22.4235
3.35 -19.61
3.36 -15.8167
3.37 -11.5957
3.38 -6.24955
3.39 -1.34635
3.4 2.48416
3.41 3.42869
3.42 2.93328
3.43 2.01094
3.44 1.3735
3.45 1.87659
3.46 2.47769
3.47 2.93263
3.48 5.17055
3.49 6.75052
3.5 6.5123
3.51 5.5229
3.52 4.17621
3.53 2.79289
3.54 -2.06775
3.55 -4.55425
3.56 -3.45163
3.57 0.0670505
3.58 6.14446
3.59 14.8706
3.6 24.876
3.61 34.4321
3.62 40.93
3.63 47.6784
3.64 52.9577
3.65 55.7695
3.66 54.8026
3.67 48.2923
3.68 37.4674
3.69 23.9548
3.7 9.73419
3.71 -3.29023
3.72 -13.627
3.73 -20.3868
3.74 -20.7991
3.75 -18.3903
3.76 -20.5278
3.77 -18.8095
3.78 -15.2037
3.79 -10.0928
3.8 -2.15402
3.81 3.85393
3.82 8.50783
3.83 10.7092
3.84 9.40223
3.85 4.59341
3.86 -3.67311
3.87 -14.2055
3.88 -25.1532
3.89 -35.0935
3.9 -42.6312
3.91 -46.8294
3.92 -47.3445
3.93 -44.3943
3.94 -38.5073
3.95 -30.6685
3.96 -21.9455
3.97 -13.3861
3.98 -5.92781
3.99 -0.0335066
4 4.07216
4.01 6.39768
4.02 7.1194
4.03 8.20192
4.04 7.31323
4.05 6.07098
4.06 4.01657
4.07 1.40434
4.08 -1.39046
4.09 -3.89802
4.1 -5.65181
4.11 -6.27969
4.12 -5.56225
4.13 -3.43969
4.14 -0.0174439
4.15 4.43518
4.16 9.57991
4.17 15.1943
4.18 20.1211
4.19 25.6134
4.2 30.7168
4.21 34.4855
4.22 36.5821
4.23 36.8423
4.24 35.2281
4.25 31.6564
4.26 26.3134
4.27 19.438
4.28 11.3514
4.29 2.48158
4.3 -6.54979
4.31 -14.9047
4.32 -20.9047
4.33 -24.2675
4.34 -26.0292
4.35 -28.4432
4.36 -30.0771
4.37 -29.7393
4.38 -27.53
4.39 -25.5961
4.4 -19.1585
4.41 -13.7415
4.42 -9.27442
4.43 -6.91929
4.44 -7.27082
4.45 -10.3696
4.46 -15.8406
4.47 -23.0041
4.48 -30.4417
4.49 -37.1322
4.5 -43.4095
4.51 -48.5001
4.52 -51.6476
4.53 -52.3389
4.54 -49.484
4.55 -43.2336
4.56 -34.4726
4.57 -24.3229
4.58 -13.9036
4.59 -3.91813
4.6 4.97162
4.61 12.5504
4.62 18.8908
4.63 20.9457
4.64 27.6493
4.65 34.1078
4.66 39.716
4.67 44.5475
4.68 48.4234
4.69 41.4864
4.7 38.8195
4.71 37.971
4.72 40.9251
4.73 41.5577
4.74 41.8015
4.75 41.0656
4.76 39.3564
4.77 36.6523
4.78 32.1691
4.79 26.3056
4.8 19.6999
4.81 14.5621
4.82 10.8932
4.83 8.87268
4.84 8.39714
4.85 9.28916
4.86 10.8269
4.87 13.1611
4.88 15.9529
4.89 18.7756
4.9 16.7908
4.91 14.1504
4.92 14.0108
4.93 13.3506
4.94 12.0791
4.95 9.36578
4.96 4.66027
4.97 -1.95851
4.98 -7.43072
4.99 -17.7269
5 -28.194
5.01 -37.4702
5.02 -44.8105
5.03 -47.7737
5.04 -50.0087
5.05 -50.4489
5.06 -49.579
5.07 -47.575
5.08 -43.3553
5.09 -37.1315
5.1 -29.9254
5.11 -22.0784
5.12 -13.8926
5.13 -5.8021
5.14 1.87518
5.15 8.62979
5.16 14.0103
5.17 17.6232
5.18 17.6948
5.19 15.5035
5.2 11.9183
5.21 11.1668
5.22 8.22576
5.23 4.45491
5.24 0.809496
5.25 -1.87327
5.26 -2.8905
5.27 -2.51589
5.28 0.366089
5.29 5.98272
5.3 13.4283
5.31 21.4326
5.32 28.3608
5.33 33.2109
5.34 35.4081
5.35 34.5884
5.36 31.3416
5.37 26.5633
5.38 21.2513
5.39 16.2193
5.4 11.9627
5.41 8.6412
5.42 6.15727
5.43 2.29296
5.44 -0.425623
5.45 -0.368188
5.46 -0.826133
5.47 -1.28831
5.48 -1.82947
5.49 -2.4704
5.5 -3.22425
5.51 -4.12355
5.52 -4.20884
5.53 -4.80679
5.54 -6.73211
5.55 -8.89157
5.56 -11.0804
5.57 -12.5561
5.58 -13.6825
5.59 -14.6287
5.6 -14.5402
5.61 -13.5691
5.62 -12.1587
5.63 -10.7924
5.64 -9.90298
5.65 -9.73473
5.66 -10.3059
5.67 -11.4145
5.68 -12.6904
5.69 -13.6894
5.7 -13.9881
5.71 -13.6729
5.72 -12.5221
5.73 -10.1766
5.74 -6.91317
5.75 -3.19425
5.76 0.445697
5.77 3.82781
5.78 6.19083
5.79 7.46741
5.8 7.67209
5.81 6.96452
5.82 5.59025
5.83 3.81452
5.84 1.71132
5.85 -0.417174
5.86 -2.43041
5.87 -4.1229
5.88 -5.45161
5.89 -6.44888
5.9 -7.17599
5.91 -7.70402
5.92 -8.08529
5.93 -8.33139
5.94 -8.40898
5.95 -7.7067
5.96 -6.94796
5.97 -6.10336
5.98 -5.12724
5.99 -3.98163
6 -2.69095
6.01 -1.3658
6.02 -0.0530177
6.03 0.906162
6.04 1.18937
6.05 0.696497
6.06 -0.53631
6.07 -2.30484
6.08 -4.26597
6.09 -6.00611
6.1 -7.1324
6.11 -7.36292
6.12 -6.57204
6.13 -4.81786
6.14 -2.95615
6.15 -0.182718
6.16 2.71617
6.17 5.42777
6.18 7.68209
6.19 9.2892
6.2 10.1564
6.21 10.281
6.22 9.7267
6.23 8.59532
6.24 6.84728
6.25 4.71101
6.26 2.37308
6.27 0.200923
6.28 -1.71915
6.29 -3.23491
6.3 -4.24323
6.31 -4.6678
6.32 -4.46988
6.33 -3.68221
6.34 -2.43773
6.35 -0.770073
6.36 0.795317
6.37 1.91091
6.38 2.38937
6.39 2.15561
6.4 1.2579
6.41 -0.143903
6.42 -1.81172
6.43 -3.4766
6.44 -4.92978
6.45 -5.94435
6.46 -6.35312
6.47 -5.99998
6.48 -5.01375
6.49 -3.54646
6.5 -1.75127
6.51 0.261354
6.52 2.44062
6.53 4.78269
6.54 7.29888
6.55 9.03857
6.56 11.2603
6.57 13.8278
6.58 17.7727
6.59 21.1304
6.6 23.9236
6.61 25.4517
6.62 25.9292
6.63 25.936
6.64 25.6157
6.65 25.7392
6.66 25.4912
6.67 24.7722
6.68 23.6019
6.69 22.0529
6.7 20.2387
6.71 18.1796
6.72 15.9447
6.73 14.0792
6.74 12.5643
6.75 11.3653
6.76 10.4184
6.77 9.63062
6.78 8.86776
6.79 5.92303
6.8 3.52575
6.81 3.00214
6.82 1.69142
6.83 -0.402957
6.84 -3.36216
6.85 -7.01788
6.86 -11.0082
6.87 -13.391
6.88 -16.3879
6.89 -18.1902
6.9 -22.0191
6.91 -24.0009
6.92 -24.8953
6.93 -25.0088
6.94 -24.7409
6.95 -24.4168
6.96 -24.2049
6.97 -24.0986
6.98 -24.0701
6.99 -23.8683
7 -23.2877
7.01 -22.2368
7.02 -20.6687
7.03 -18.9132
7.04 -17.227
7.05 -15.8138
7.06 -14.7425
7.07 -13.9242
7.08 -13.1469
7.09 -12.1203
7.1 -10.5848
7.11 -9.21849
7.12 -7.5621
7.13 -4.99959
7.14 -0.152782
7.15 4.25365
7.16 8.3348
7.17 11.8662
7.18 14.7493
7.19 16.977
7.2 18.5761
7.21 19.5556
7.22 19.4346
7.23 18.8612
7.24 17.7442
7.25 16.0424
7.26 13.7142
7.27 10.2491
7.28 6.34683
7.29 2.80689
7.3 -0.0299551
7.31 -2.01232
7.32 -3.1983
7.33 -3.80521
7.34 -3.579
7.35 -4.45752
7.36 -5.50255
7.37 -6.65959
7.38 -7.86732
7.39 -9.07429
7.4 -9.05872
7.41 -9.73902
7.42 -11.0268
7.43 -11.8518
7.44 -13.975
7.45 -16.219
7.46 -18.2027
7.47 -19.7108
7.48 -20.5683
7.49 -20.6615
7.5 -19.922
7.51 -18.3629
7.52 -16.0364
7.53 -13.2015
7.54 -10.0478
7.55 -6.77067
7.56 -3.52825
7.57 -0.422618
7.58 1.48614
7.59 2.76969
7.6 4.6374
7.61 8.83337
7.62 13.7384
7.63 18.2959
7.64 22.1221
7.65 23.6642
7.66 24.8454
7.67 27.23
7.68 28.6523
7.69 29.3263
7.7 29.4405
7.71 29.2235
7.72 28.8847
7.73 28.5625
7.74 28.3034
7.75 28.0385
7.76 27.7554
7.77 27.1905
7.78 25.9837
7.79 23.8903
7.8 20.815
7.81 16.8788
7.82 12.4068
7.83 6.24419
7.84 0.584606
7.85 -4.07136
7.86 -5.2044
7.87 -5.89767
7.88 -6.27885
7.89 -6.65312
7.9 -7.21017
7.91 -5.74595
7.92 -6.79759
7.93 -8.07825
7.94 -12.2809
7.95 -16.9124
7.96 -21.8205
7.97 -26.8224
7.98 -31.6418
7.99 -35.9141
8 -39.1944
8.01 -40.6244
8.02 -40.6773
8.03 -38.4811
8.04 -33.9731
8.05 -27.5985
8.06 -20.1104
8.07 -12.4156
8.08 -5.41368
8.09 0.1627
8.1 4.10311
8.11 6.11008
8.12 6.45109
8.13 4.50483
8.14 1.61982
8.15 -0.470172
8.16 3.21452
8.17 5.79385
8.18 8.53985
8.19 11.2573
8.2 12.671
8.21 14.5966
8.22 18.5927
8.23 21.9119
8.24 24.6294
8.25 26.5249
8.26 27.4566
8.27 27.3676
8.28 26.3153
8.29 24.5019
8.3 22.0597
8.31 19.1691
8.32 15.9947
8.33 12.6558
8.34 9.26038
8.35 4.52601
8.36 0.354596
8.37 -1.76239
8.38 -2.69096
8.39 -3.10933
8.4 -3.20889
8.41 -3.14414
8.42 -3.0387
8.43 -3.01866
8.44 -1.14783
8.45 -1.92449
8.46 -3.56259
8.47 -6.24902
8.48 -9.18098
8.49 -14.2816
8.5 -19.058
8.51 -23.0921
8.52 -25.8671
8.53 -27.0839
8.54 -26.718
8.55 -24.8378
8.56 -22.0212
8.57 -18.863
8.58 -15.9205
8.59 -13.5868
8.6 -12.0295
8.61 -11.1939
8.62 -10.8599
8.63 -10.7195
8.64 -10.4549
8.65 -9.80284
8.66 -9.4343
8.67 -8.28744
8.68 -6.25562
8.69 -3.58447
8.7 -0.109998
8.71 2.95221
8.72 5.13982
8.73 6.22673
8.74 6.20865
8.75 5.28086
8.76 3.7733
8.77 2.06868
8.78 0.319833
8.79 -0.980703
8.8 -1.54782
8.81 -1.37721
8.82 -0.652654
8.83 0.365985
8.84 1.41273
8.85 2.27008
8.86 2.7967
8.87 2.93085
8.88 2.67768
8.89 2.08918
8.9 1.24352
8.91 0.226218
8.92 -0.883796
8.93 -1.85806
8.94 -2.71428
8.95 -3.64541
8.96 -4.60563
8.97 -5.51291
8.98 -6.27019
8.99 -6.78654
9 -6.99448
9.01 -6.85226
9.02 -6.29079
9.03 -5.39043
9.04 -4.23363
9.05 -2.89894
9.06 -1.44177
9.07 0.112931
9.08 1.7641
9.09 3.51431
9.1 5.34496
9.11 7.20121
9.12 8.30984
9.13 9.46441
9.14 10.648
9.15 11.7805
9.16 13.7252
9.17 14.9715
9.18 15.6262
9.19 15.71
9.2 15.3519
9.21 14.7452
9.22 14.0949
9.23 13.571
9.24 13.0816
9.25 12.8801
9.26 13.0009
9.27 13.3604
9.28 13.835
9.29 14.4361
9.3 14.8997
9.31 15.03
9.32 14.8041
9.33 14.2262
9.34 13.3185
9.35 12.1144
9.36 10.6647
9.37 9.04772
9.38 6.99043
9.39 4.70704
9.4 3.83219
9.41 3.0066
9.42 2.39831
9.43 1.98945
9.44 1.75146
9.45 1.63566
9.46 1.57499
9.47 1.49579
9.48 1.3343
9.49 1.04978
9.5 0.630625
9.51 0.0932401
9.52 -0.587422
9.53 -1.3461
9.54 -2.00317
9.55 -2.45792
9.56 -2.65063
9.57 -2.54942
9.58 -2.14611
9.59 -1.45235
9.6 -0.50551
9.61 0.621515
9.62 1.8187
9.63 2.95104
9.64 3.88349
9.65 4.50993
9.66 4.77617
9.67 4.69376
9.68 4.34075
9.69 4.19994
9.7 3.79798
9.71 3.34912
9.72 2.9809
9.73 2.69952
9.74 2.64633
9.75 2.73713
9.76 2.8944
9.77 3.02187
9.78 3.03202
9.79 2.85639
9.8 2.44738
9.81 1.77517
9.82 0.824259
9.83 -0.408228
9.84 -1.91264
9.85 -3.66423
9.86 -5.61913
9.87 -7.0636
9.88 -8.70347
9.89 -10.5614
9.9 -12.5207
9.91 -14.3892
9.92 -15.9466
9.93 -17.002
9.94 -17.4406
9.95 -17.2479
9.96 -16.5085
9.97 -15.3847
9.98 -13.9178
9.99 -12.6635
10 -11.6019
10.01 -10.7435
10.02 -10.2708
10.03 -10.0924
10.04 -10.1161
10.05 -10.2448
10.06 -10.3293
10.07 -10.4677
10.08 -10.6418
10.09 -10.8157
10.1 -10.911
10.11 -10.8165
10.12 -10.4164
10.13 -9.95707
10.14 -9.16404
10.15 -7.81685
10.16 -6.00324
10.17 -3.89541
10.18 -1.70114
10.19 0.391044
10.2 2.24877
10.21 3.80455
10.22 5.04661
10.23 6.1302
10.24 6.98734
10.25 7.52164
10.26 7.75127
10.27 7.70266
10.28 7.41201
10.29 6.92586
10.3 6.29952
10.31 5.54861
10.32 4.78495
10.33 4.07512
10.34 3.48033
10.35 3.04351
10.36 2.86086
10.37 2.86395
10.38 2.9949
10.39 3.15128
10.4 3.21607
10.41 3.08281
10.42 2.67682
10.43 1.96834
10.44 0.976248
10.45 -0.238315
10.46 -1.58614
10.47 -2.96696
10.48 -4.2849
10.49 -5.45963
10.5 -6.43299
10.51 -6.58662
10.52 -6.9169
10.53 -7.24266
10.54 -7.55148
10.55 -7.81117
10.56 -7.98989
10.57 -8.07687
10.58 -8.08727
10.59 -8.0523
10.6 -8.00127
10.61 -7.94042
10.62 -7.80448
10.63 -7.56454
10.64 -7.15401
10.65 -6.5309
10.66 -5.70226
10.67 -4.69736
10.68 -3.57326
10.69 -2.39524
10.7 -1.21198
10.71 -0.0384886
10.72 1.14415
10.73 2.36969
10.74 2.90245
10.75 3.85783
10.76 5.08484
10.77 7.16851
10.78 8.9867
10.79 10.3112
10.8 10.9868
10.81 10.9933
10.82 10.4405
10.83 9.53166
10.84 8.50982
10.85 7.60131
10.86 6.97209
10.87 6.70558
10.88 6.8111
10.89 7.31264
10.9 8.03999
10.91 8.84103
10.92 9.58598
10.93 10.1815
10.94 10.5698
10.95 10.7177
10.96 10.6026
10.97 10.2064
10.98 9.51613
10.99 8.53162
11 7.2744
11.01 5.79408
11.02 4.16878
11.03 2.49837
11.04 0.890962
11.05 -0.554736
11.06 -1.30461
11.07 -2.03775
11.08 -2.67641
11.09 -3.20486
11.1 -3.59671
11.11 -3.832
11.12 -3.9115
11.13 -3.86248
11.14 -3.7352
11.15 -3.59185
11.16 -3.4924
11.17 -3.4818
11.18 -3.58144
11.19 -3.78541
11.2 -4.06161
11.21 -4.38045
11.22 -4.64152
11.23 -4.75873
11.24 -4.69893
11.25 -4.45009
11.26 -4.02492
11.27 -3.45558
11.28 -2.78737
11.29 -2.07191
11.3 -1.36065
11.31 -0.699042
11.32 -0.1221
11.33 0.348307
11.34 0.70469
11.35 0.953865
11.36 1.1148
11.37 1.21436
11.38 1.2817
11.39 1.3427
11.4 1.41552
11.41 1.50836
11.42 1.61948
11.43 1.7392
11.44 1.85318
11.45 1.93244
11.46 1.97797
11.47 1.98369
11.48 1.94709
11.49 1.86558
11.5 1.7357
11.51 1.55335
11.52 1.31502
11.53 1.01963
11.54 0.670354
11.55 0.275843
11.56 -0.149489
11.57 -0.586344
11.58 -1.01243
11.59 -1.405
11.6 -1.74363
11.61 -2.01263
11.62 -2.20279
11.63 -2.31216
11.64 -2.34582
11.65 -2.31473
11.66 -2.2339
11.67 -2.12017
11.68 -1.98986
11.69 -1.86515
11.7 -1.75163
11.71 -1.64886
11.72 -1.55145
11.73 -1.45115
