0.01 0.00529302
0.02 0.0270785
0.03 0.079516
0.04 0.175038
0.05 0.315332
0.06 0.488703
0.07 0.672358
0.08 0.838504
0.09 0.961971
0.1 1.02685
0.11 1.03016
0.12 0.981705
0.13 0.900567
0.14 0.809633
0.15 0.72984
0.16 0.675764
0.17 0.65345
0.18 0.660703
0.19 0.689324
0.2 0.728396
0.21 0.767578
0.22 0.799393
0.23 0.820313
0.24 0.856961
0.25 0.888413
0.26 0.92195
0.27 0.962603
0.28 1.01388
0.29 1.07388
0.3 1.13331
0.31 1.1768
0.32 1.18784
0.33 1.15415
0.34 1.07101
0.35 0.939635
0.36 0.762208
0.37 0.536925
0.38 0.256499
0.39 -0.091824
0.4 -0.510441
0.41 -0.993327
0.42 -1.5178
0.43 -2.04142
0.44 -2.50532
0.45 -2.84468
0.46 -3.00892
0.47 -2.98045
0.48 -2.78328
0.49 -2.48029
0.5 -2.15868
0.51 -1.90877
0.52 -1.80176
0.53 -1.86626
0.54 -2.07365
0.55 -2.34233
0.56 -2.55439
0.57 -2.59318
0.58 -2.37984
0.59 -1.89417
0.6 -1.17917
0.61 -0.326754
0.62 0.549889
0.63 1.34685
0.64 1.99413
0.65 2.46772
0.66 2.78582
0.67 2.99364
0.68 3.14432
0.69 3.28089
0.7 3.42421
0.71 3.56668
0.72 3.6729
0.73 3.68864
0.74 3.5555
0.75 3.23036
0.76 2.69597
0.77 1.97941
0.78 1.1411
0.79 0.27013
0.8 -0.531122
0.81 -1.16543
0.82 -1.55691
0.83 -1.66343
0.84 -1.48658
0.85 -1.08257
0.86 -0.563922
0.87 -0.0847026
0.88 0.193681
0.89 0.148866
0.9 -0.267672
0.91 -1.02573
0.92 -2.03331
0.93 -3.16786
0.94 -4.31809
0.95 -5.40314
0.96 -6.37721
0.97 -7.22209
0.98 -7.92125
0.99 -8.48303
1 -8.84983
1.01 -8.86108
1.02 -8.36722
1.03 -7.27457
1.04 -5.58284
1.05 -3.40326
1.06 -0.948573
1.07 1.50353
1.08 3.39465
1.09 4.53975
1.1 4.88856
1.11 4.52444
1.12 3.61396
1.13 2.35753
1.14 0.947962
1.15 -0.457325
1.16 -1.73728
1.17 -2.78755
1.18 -3.50419
1.19 -3.77685
1.2 -3.48898
1.21 -2.6136
1.22 -1.18616
1.23 0.625188
1.24 2.63228
1.25 4.59868
1.26 6.27634
1.27 7.44384
1.28 7.94654
1.29 7.83736
1.3 7.09873
1.31 5.73623
1.32 3.8843
1.33 1.72543
1.34 -0.532775
1.35 -2.67819
1.36 -4.50977
1.37 -5.85007
1.38 -6.3027
1.39 -5.99034
1.4 -5.02857
1.41 -3.65109
1.42 -2.12696
1.43 -0.699288
1.44 0.459847
1.45 1.26781
1.46 1.71832
1.47 1.85186
1.48 1.72458
1.49 1.38213
1.5 0.86467
1.51 0.212938
1.52 -0.529408
1.53 -1.30593
1.54 -2.05408
1.55 -2.71495
1.56 -3.24276
1.57 -3.60645
1.58 -3.79043
1.59 -3.7939
1.6 -3.6163
1.61 -3.24458
1.62 -2.62943
1.63 -1.74742
1.64 -0.583809
1.65 0.81267
1.66 2.28017
1.67 3.58782
1.68 4.49165
1.69 4.79102
1.7 4.42158
1.71 3.43534
1.72 1.98879
1.73 0.294328
1.74 -1.44501
1.75 -3.04776
1.76 -4.35996
1.77 -5.2642
1.78 -5.66454
1.79 -5.54621
1.8 -4.99408
1.81 -4.19098
1.82 -3.36947
1.83 -2.73983
1.84 -2.42885
1.85 -2.44852
1.86 -2.70885
1.87 -3.06217
1.88 -3.35846
1.89 -3.48791
1.9 -3.39804
1.91 -3.08566
1.92 -2.56819
1.93 -1.88034
1.94 -1.0296
1.95 -0.0114491
1.96 1.18405
1.97 2.54291
1.98 4.00487
1.99 5.45762
2 6.76388
2.01 7.81049
2.02 8.54749
2.03 9.00155
2.04 9.2482
2.05 9.36387
2.06 9.38308
2.07 9.29259
2.08 9.07075
2.09 8.73437
2.1 8.3714
2.11 8.12754
2.12 8.18064
2.13 8.675
2.14 9.67988
2.15 11.1756
2.16 13.0705
2.17 15.2152
2.18 17.4003
2.19 19.5535
2.2 21.585
2.21 24.0103
2.22 26.1889
2.23 27.8063
2.24 28.4582
2.25 27.8369
2.26 25.8117
2.27 22.4723
2.28 18.1323
2.29 13.1048
2.3 8.1385
2.31 3.85117
2.32 0.770337
2.33 -0.559871
2.34 0.590819
2.35 3.68418
2.36 8.13246
2.37 13.2459
2.38 18.3055
2.39 22.6143
2.4 25.6045
2.41 26.7962
2.42 25.7382
2.43 22.4715
2.44 17.3077
2.45 10.6977
2.46 3.48568
2.47 -2.96914
2.48 -7.80082
2.49 -10.4534
2.5 -10.8944
2.51 -9.56304
2.52 -7.20497
2.53 -4.64266
2.54 -2.56
2.55 -1.36227
2.56 -1.14122
2.57 -1.74065
2.58 -2.88967
2.59 -4.35524
2.6 -6.05366
2.61 -8.08695
2.62 -10.7007
2.63 -14.1806
2.64 -18.7323
2.65 -24.3919
2.66 -30.049
2.67 -36.3931
2.68 -43.1472
2.69 -47.8464
2.7 -52.6701
2.71 -56.455
2.72 -58.5005
2.73 -58.6307
2.74 -56.6835
2.75 -54.9574
2.76 -51.9065
2.77 -53.8383
2.78 -54.4475
2.79 -53.5911
2.8 -51.3265
2.81 -48.2948
2.82 -45.1113
2.83 -42.0369
2.84 -38.7886
2.85 -35.4625
2.86 -32.3784
2.87 -28.6689
2.88 -24.4846
2.89 -19.509
2.9 -14.5767
2.91 -10.6674
2.92 -8.65221
2.93 -8.94834
2.94 -11.3508
2.95 -16.8545
2.96 -20.1466
2.97 -21.2654
2.98 -20.6584
2.99 -18.4432
3 -15.0336
3.01 -10.7086
3.02 -5.64947
3.03 1.41174
3.04 6.90652
3.05 10.874
3.06 14.3065
3.07 20.2673
3.08 31.5633
3.09 46.6166
3.1 62.5818
3.11 77.4172
3.12 88.5578
3.13 94.2741
3.14 94.225
3.15 90.3862
3.16 90.2597
3.17 90.8511
3.18 84.8713
3.19 68.6729
3.2 44.0153
3.21 13.389
3.22 -23.7017
3.23 -59.4617
3.24 -81.8052
3.25 -90.074
3.26 -85.716
3.27 -72.3856
3.28 -51.1661
3.29 -33.077
3.3 -14.2103
3.31 4.35286
3.32 20.4892
3.33 36.9578
3.34 44.578
3.35 40.719
3.36 32.8585
3.37 18.5773
3.38 4.03609
3.39 -6.5755
3.4 -11.3465
3.41 -9.66197
3.42 -2.95829
3.43 4.44765
3.44 10.5559
3.45 13.1553
3.46 11.0782
3.47 4.79036
3.48 -3.69848
3.49 -11.7092
3.5 -16.8371
3.51 -17.5296
3.52 -13.3601
3.53 -4.99951
3.54 6.04696
3.55 17.0302
3.56 26.5682
3.57 34.361
3.58 40.6892
3.59 44.2356
3.6 44.5315
3.61 42.1842
3.62 38.0854
3.63 32.9459
3.64 27.4974
3.65 22.4577
3.66 18.5831
3.67 15.6884
3.68 13.2003
3.69 10.4247
3.7 6.79471
3.71 3.49876
3.72 -1.63591
3.73 -7.44279
3.74 -13.12
3.75 -17.7224
3.76 -20.438
3.77 -20.9355
3.78 -19.2079
3.79 -15.4918
3.8 -10.4232
3.81 -4.33194
3.82 1.92027
3.83 7.22724
3.84 10.7557
3.85 11.8646
3.86 10.6137
3.87 7.47612
3.88 3.14924
3.89 -1.80836
3.9 -6.87316
3.91 -11.0532
3.92 -13.0916
3.93 -10.8582
3.94 -6.01901
3.95 -1.51409
3.96 4.7012
3.97 10.5178
3.98 14.87
3.99 15.9854
4 15.4535
4.01 15.5858
4.02 18.5411
4.03 25.0093
4.04 34.7854
4.05 45.6885
4.06 53.6203
4.07 55.9233
4.08 51.3238
4.09 39.5402
4.1 22.9238
4.11 5.29783
4.12 -9.11353
4.13 -17.2031
4.14 -15.5988
4.15 -10.3676
4.16 -6.79408
4.17 -2.47658
4.18 0.182392
4.19 0.16687
4.2 -2.67845
4.21 -7.44489
4.22 -12.5701
4.23 -16.5402
4.24 -18.1861
4.25 -16.8408
4.26 -11.8145
4.27 -4.42417
4.28 3.52028
4.29 10.0363
4.3 11.5701
4.31 6.30105
4.32 -5.41711
4.33 -20.9507
4.34 -36.2841
4.35 -47.646
4.36 -53.4912
4.37 -52.7116
4.38 -45.6101
4.39 -34.522
4.4 -22.5354
4.41 -12.3601
4.42 -6.22078
4.43 -4.5491
4.44 -5.80892
4.45 -7.94503
4.46 -9.14178
4.47 -8.49529
4.48 -6.26227
4.49 -3.62515
4.5 -2.1061
4.51 -2.89108
4.52 -6.60274
4.53 -11.9048
4.54 -17.3176
4.55 -21.3205
4.56 -22.9966
4.57 -21.6915
4.58 -17.1789
4.59 -9.47662
4.6 0.127046
4.61 10.0269
4.62 18.5992
4.63 24.4879
4.64 26.7679
4.65 26.2717
4.66 22.3483
4.67 15.9537
4.68 7.79539
4.69 -0.66006
4.7 -8.32035
4.71 -14.4645
4.72 -18.3011
4.73 -19.7346
4.74 -18.6192
4.75 -16.515
4.76 -14.3139
4.77 -13.4419
4.78 -13.0785
4.79 -12.9093
4.8 -12.8761
4.81 -12.9608
4.82 -12.2595
4.83 -11.7038
4.84 -11.617
4.85 -11.9553
4.86 -13.1978
4.87 -13.658
4.88 -14.2437
4.89 -14.443
4.9 -13.9927
4.91 -13.1788
4.92 -12.24
4.93 -11.3426
4.94 -10.5167
4.95 -8.44849
4.96 -8.50406
4.97 -7.46581
4.98 -5.85644
4.99 -3.66747
5 -1.0463
5.01 1.76273
5.02 4.50253
5.03 6.98461
5.04 8.89991
5.05 9.86897
5.06 9.77304
5.07 8.7806
5.08 7.13667
5.09 5.20645
5.1 3.9704
5.11 3.70852
5.12 4.54388
5.13 6.28255
5.14 8.53507
5.15 10.916
5.16 13.7866
5.17 17.0261
5.18 20.0571
5.19 22.3887
5.2 23.0672
5.21 21.0673
5.22 15.4179
5.23 6.81957
5.24 -3.20846
5.25 -12.7392
5.26 -18.2902
5.27 -20.3616
5.28 -19.0569
5.29 -15.0563
5.3 -9.57758
5.31 -4.83082
5.32 -0.0120461
5.33 4.01994
5.34 6.9846
5.35 8.8716
5.36 9.71305
5.37 9.51986
5.38 8.60309
5.39 7.06358
5.4 4.86906
5.41 1.96082
5.42 -1.60697
5.43 -5.63491
5.44 -9.72829
5.45 -13.38
5.46 -16.0566
5.47 -17.0206
5.48 -16.6514
5.49 -14.7783
5.5 -11.4719
5.51 -6.73341
5.52 -1.05959
5.53 5.02347
5.54 10.5869
5.55 15.5644
5.56 19.0213
5.57 20.2788
5.58 18.8968
5.59 15.3467
5.6 10.3283
5.61 4.45887
5.62 -0.974984
5.63 -6.57847
5.64 -11.6278
5.65 -15.4643
5.66 -17.4349
5.67 -17.5175
5.68 -16.0341
5.69 -13.4881
5.7 -10.0565
5.71 -7.25831
5.72 -4.92818
5.73 -2.68824
5.74 -0.511509
5.75 1.58611
5.76 3.51017
5.77 5.09097
5.78 6.15196
5.79 6.58083
5.8 5.69732
5.81 3.97219
5.82 1.70101
5.83 -0.604414
5.84 -2.3876
5.85 -2.66343
5.86 -1.43529
5.87 -0.300376
5.88 1.9267
5.89 5.11011
5.9 9.00221
5.91 13.2385
5.92 17.4063
5.93 19.3464
5.94 21.6432
5.95 23.6808
5.96 25.2859
5.97 26.2748
5.98 26.5433
5.99 26.0909
6 24.9881
6.01 22.928
6.02 20.3876
6.03 17.8948
6.04 15.7679
6.05 14.1471
6.06 12.9811
6.07 12.0872
6.08 11.266
6.09 10.4118
6.1 10.6096
6.11 10.181
6.12 9.39241
6.13 8.5697
6.14 8.14238
6.15 8.10779
6.16 8.2694
6.17 8.28888
6.18 7.7776
6.19 6.40415
6.2 3.98622
6.21 0.547448
6.22 -3.67265
6.23 -8.26644
6.24 -12.5135
6.25 -15.5844
6.26 -16.9821
6.27 -16.5614
6.28 -14.5249
6.29 -11.1885
6.3 -7.25268
6.31 -3.68575
6.32 -1.23304
6.33 -0.401709
6.34 -1.22415
6.35 -3.30882
6.36 -7.071
6.37 -13.1707
6.38 -20.5477
6.39 -27.7138
6.4 -33.0855
6.41 -34.8367
6.42 -32.1085
6.43 -24.5355
6.44 -13.5463
6.45 -1.44461
6.46 9.47749
6.47 17.5461
6.48 20.0393
6.49 18.0923
6.5 14.691
6.51 11.3588
6.52 9.03943
6.53 7.84611
6.54 8.91256
6.55 9.2551
6.56 8.78401
6.57 7.25446
6.58 4.87158
6.59 2.19269
6.6 -0.220791
6.61 -1.9492
6.62 -2.24579
6.63 -0.962838
6.64 1.32198
6.65 3.96133
6.66 6.40096
6.67 8.30179
6.68 9.57762
6.69 10.3575
6.7 10.7094
6.71 11.0282
6.72 11.6579
6.73 12.3771
6.74 12.5863
6.75 11.6411
6.76 9.10607
6.77 4.94459
6.78 0.432263
6.79 -4.80957
6.8 -9.95134
6.81 -14.276
6.82 -17.2382
6.83 -18.5005
6.84 -17.9503
6.85 -15.7863
6.86 -12.5012
6.87 -8.61544
6.88 -4.97369
6.89 -2.20414
6.9 -0.684443
6.91 -0.481823
6.92 -1.21517
6.93 -2.72584
6.94 -4.61109
6.95 -6.56711
6.96 -8.834
6.97 -11.9602
6.98 -16.0242
6.99 -20.5473
7 -24.6471
7.01 -27.7736
7.02 -29.0088
7.03 -27.863
7.04 -24.0486
7.05 -17.9366
7.06 -10.5471
7.07 -2.99975
7.08 3.71372
7.09 8.90947
7.1 11.3364
7.11 11.5636
7.12 10.1815
7.13 7.92851
7.14 4.90094
7.15 2.14504
7.16 -0.0335909
7.17 -0.655115
7.18 -1.01371
7.19 -1.08966
7.2 -0.792056
7.21 0.0946081
7.22 1.62127
7.23 3.52975
7.24 5.47899
7.25 7.17524
7.26 8.60671
7.27 9.73506
7.28 10.1249
7.29 10.1374
7.3 9.95878
7.31 9.82081
7.32 9.89342
7.33 10.2429
7.34 10.9033
7.35 12.4476
7.36 14.5713
7.37 17.2255
7.38 19.2245
7.39 19.0744
7.4 15.7412
7.41 7.90215
7.42 -2.90022
7.43 -14.8705
7.44 -23.2599
7.45 -28.2351
7.46 -28.7067
7.47 -25.1034
7.48 -19.8359
7.49 -13.4556
7.5 -6.9203
7.51 -1.18217
7.52 2.75284
7.53 4.54629
7.54 4.34448
7.55 2.49882
7.56 -0.186152
7.57 -2.94206
7.58 -5.25227
7.59 -6.79828
7.6 -7.70719
7.61 -8.29048
7.62 -8.87653
7.63 -9.57632
7.64 -10.1958
7.65 -10.3496
7.66 -8.86524
7.67 -6.79372
7.68 -3.89341
7.69 -1.32508
7.7 1.94948
7.71 5.36232
7.72 8.42342
7.73 10.6605
7.74 11.7339
7.75 11.5142
7.76 10.0412
7.77 7.54137
7.78 4.58697
7.79 1.71355
7.8 -0.645176
7.81 -2.10517
7.82 -2.63878
7.83 -2.28113
7.84 -1.16341
7.85 0.532339
7.86 2.60055
7.87 4.84612
7.88 6.95901
7.89 8.87596
7.9 10.4612
7.91 11.6866
7.92 12.7461
7.93 13.3287
7.94 13.1798
7.95 12.0768
7.96 9.91447
7.97 6.5909
7.98 2.37785
7.99 -2.24768
8 -6.70987
8.01 -10.4354
8.02 -12.9544
8.03 -13.4415
8.04 -11.9062
8.05 -8.93658
8.06 -5.2786
8.07 -1.59748
8.08 1.4727
8.09 3.53869
8.1 4.50455
8.11 4.29991
8.12 3.41112
8.13 2.14553
8.14 0.632868
8.15 -0.998508
8.16 -2.75353
8.17 -4.59824
8.18 -6.45469
8.19 -8.19053
8.2 -9.63786
8.21 -10.6279
8.22 -11.0359
8.23 -10.6456
8.24 -9.63893
8.25 -8.19467
8.26 -6.56045
8.27 -4.98116
8.28 -3.64948
8.29 -2.67452
8.3 -2.07537
8.31 -1.79122
8.32 -1.70535
8.33 -1.67567
8.34 -1.56039
8.35 -1.24031
8.36 -0.634958
8.37 0.292105
8.38 1.53459
8.39 3.04414
8.4 4.73474
8.41 6.49087
8.42 7.65367
8.43 8.74542
8.44 9.70818
8.45 10.4409
8.46 10.8262
8.47 10.7648
8.48 10.2062
8.49 9.16979
8.5 7.74496
8.51 6.07606
8.52 4.28199
8.53 2.55731
8.54 1.12197
8.55 0.362909
8.56 0.370656
8.57 1.03532
8.58 2.16877
8.59 3.53697
8.6 4.90362
8.61 6.06294
8.62 6.86001
8.63 7.19943
8.64 7.04217
8.65 6.39635
8.66 5.30701
8.67 4.31481
8.68 2.82404
8.69 0.983653
8.7 -1.07449
8.71 -3.18009
8.72 -5.14673
8.73 -6.7976
8.74 -7.989
8.75 -8.62582
8.76 -8.66969
8.77 -8.22477
8.78 -7.14767
8.79 -5.62967
8.8 -3.82068
8.81 -1.87674
8.82 0.0706272
8.83 1.90853
8.84 3.53466
8.85 4.84827
8.86 5.74954
8.87 6.15276
8.88 6.00464
8.89 5.30254
8.9 4.10955
8.91 2.54986
8.92 0.79092
8.93 -0.972573
8.94 -2.54074
8.95 -3.74334
8.96 -4.4325
8.97 -4.55382
8.98 -3.94781
8.99 -2.83994
9 -1.45099
9.01 -0.0353594
9.02 1.18095
9.03 2.03467
9.04 2.44008
9.05 2.38409
9.06 1.90929
9.07 1.09141
9.08 0.0164586
9.09 -1.5
9.1 -3.07562
9.11 -4.56102
9.12 -5.70135
9.13 -6.62306
9.14 -7.46232
9.15 -8.17468
9.16 -8.64848
9.17 -8.77033
9.18 -8.47114
9.19 -7.67081
9.2 -6.32353
9.21 -4.54703
9.22 -2.51137
9.23 -0.381039
9.24 1.66791
9.25 3.47388
9.26 4.89867
9.27 5.83819
9.28 6.22942
9.29 6.05513
9.3 4.77617
9.31 3.46259
9.32 2.0661
9.33 0.712307
9.34 -0.491414
9.35 -1.4506
9.36 -2.08017
9.37 -2.30711
9.38 -2.07926
9.39 -1.28945
9.4 0.0218297
9.41 1.69432
9.42 3.52146
9.43 5.26298
9.44 6.67388
9.45 7.53962
9.46 7.71481
9.47 7.159
9.48 5.93667
9.49 4.19352
9.5 2.1185
9.51 -0.0953067
9.52 -2.27828
9.53 -4.29832
9.54 -6.06131
9.55 -6.96188
9.56 -7.79885
9.57 -8.68083
9.58 -9.17925
9.59 -9.07653
9.6 -8.28346
9.61 -6.81374
9.62 -4.61248
9.63 -2.05004
9.64 0.566694
9.65 2.92195
9.66 4.64707
9.67 5.67643
9.68 5.98441
9.69 5.64774
9.7 4.79668
9.71 3.58285
9.72 2.15522
9.73 0.660551
9.74 -0.960257
9.75 -2.30077
9.76 -3.12984
9.77 -3.32108
9.78 -2.81744
9.79 -1.6439
9.8 0.0889862
9.81 2.25272
9.82 4.56573
9.83 6.74518
9.84 8.53097
9.85 9.72868
9.86 10.2338
9.87 9.87863
9.88 8.86525
9.89 7.35723
9.9 5.57179
9.91 3.71583
9.92 1.95114
9.93 0.377875
9.94 -0.96568
9.95 -2.09074
9.96 -3.03655
9.97 -3.84983
9.98 -4.56917
9.99 -4.87624
10 -5.19379
10.01 -5.55821
10.02 -5.95541
10.03 -6.88482
10.04 -7.644
10.05 -8.15225
10.06 -8.25974
10.07 -7.94737
10.08 -7.29739
10.09 -6.44716
10.1 -5.56196
10.11 -4.758
10.12 -4.21372
10.13 -4.12634
10.14 -4.47516
10.15 -5.17268
10.16 -6.06915
10.17 -6.89543
10.18 -7.26697
10.19 -6.83472
10.2 -5.40011
10.21 -2.9839
10.22 0.172059
10.23 3.66501
10.24 7.03083
10.25 8.65646
10.26 10.2364
10.27 11.2837
10.28 11.7918
10.29 11.81
10.3 11.4342
10.31 10.7918
10.32 10.0243
10.33 9.26727
10.34 8.63345
10.35 8.21121
10.36 8.05134
10.37 8.13334
10.38 8.38646
10.39 8.54406
10.4 8.38307
10.41 7.7195
10.42 6.36764
10.43 4.50513
10.44 2.29268
10.45 -0.0281008
10.46 -2.20018
10.47 -2.82527
10.48 -3.52787
10.49 -4.12584
10.5 -5.26231
10.51 -6.74593
10.52 -7.66049
10.53 -7.92297
10.54 -7.50542
10.55 -6.43447
10.56 -4.86844
10.57 -3.07272
10.58 -1.22926
10.59 0.254812
10.6 0.869488
10.61 0.51642
10.62 -0.744645
10.63 -2.68816
10.64 -4.99383
10.65 -7.32122
10.66 -9.31286
10.67 -10.6102
10.68 -10.939
10.69 -10.1722
10.7 -8.36327
10.71 -5.73347
10.72 -3.39803
10.73 -0.602345
10.74 2.26127
10.75 4.93494
10.76 7.20172
10.77 8.91432
10.78 10.0071
10.79 10.4887
10.8 10.4221
10.81 9.89924
10.82 9.01654
10.83 7.77901
10.84 6.2105
10.85 4.38462
10.86 2.41537
10.87 0.440154
10.88 -1.40547
10.89 -2.97628
10.9 -4.14707
10.91 -4.83923
10.92 -5.04009
10.93 -4.8078
10.94 -3.9548
10.95 -2.87381
10.96 -1.98268
10.97 -1.4326
10.98 -1.29417
10.99 -2.21824
11 -3.1707
11.01 -4.06435
11.02 -4.83936
11.03 -5.45384
11.04 -5.85132
11.05 -6.00703
11.06 -5.9897
11.07 -5.82828
11.08 -5.67687
11.09 -5.664
11.1 -5.87759
11.11 -6.29238
11.12 -6.73422
11.13 -6.94437
11.14 -6.66698
11.15 -5.73474
11.16 -4.12422
11.17 -1.96402
11.18 0.498418
11.19 2.43664
11.2 4.21612
11.21 5.75438
11.22 6.95483
11.23 7.77252
11.24 8.21724
11.25 8.34498
11.26 8.2412
11.27 7.99976
11.28 7.70301
11.29 7.40821
11.3 7.14185
11.31 6.9025
11.32 6.66535
11.33 6.3415
11.34 5.94126
11.35 5.4507
11.36 4.89976
11.37 4.32729
11.38 3.77155
11.39 3.25678
11.4 2.78508
11.41 2.3356
11.42 1.87088
11.43 1.34781
11.44 0.729702
11.45 -0.00385991
11.46 -0.184055
11.47 -0.832602
11.48 -1.76153
11.49 -2.89071
11.5 -4.64299
11.51 -5.98187
11.52 -6.95076
11.53 -7.50105
11.54 -7.65421
11.55 -7.48211
11.56 -7.05562
11.57 -6.42722
11.58 -5.68293
11.59 -5.00448
11.6 -4.47527
11.61 -4.08973
11.62 -3.79675
11.63 -3.5211
11.64 -3.19132
11.65 -2.76149
11.66 -2.22152
11.67 -1.59484
11.68 -0.926232
11.69 -0.264568
11.7 0.353914
11.71 0.914999
11.72 1.14022
11.73 1.36911
