0.02 -0.000255397 -0.000255397 -0.000255397 -0.000255397 -0.000255397 -0.000255397 -0.000255397 -0.000255397 -0.000255397
0.04 -0.0131258 -0.0131258 -0.0131258 -0.0131258 -0.0131258 -0.0131258 -0.0131258 -0.0131258 -0.0131258
0.06 0.157264 0.157264 0.157264 0.157264 0.157264 0.157264 0.157264 0.157264 0.157264
0.08 0.612775 0.612775 0.612775 0.612775 0.612775 0.612775 0.612775 0.612775 0.612775
0.1 0.543821 0.543821 0.543821 0.543821 0.543821 0.543821 0.543821 0.543821 0.543821
0.12 -1.35056 -1.35056 -1.35056 -1.35056 -1.35056 -1.35056 -1.35056 -1.35056 -1.35056
0.14 -5.45064 -5.45064 -5.45064 -5.45064 -5.45064 -5.45064 -5.45064 -5.45064 -5.45064
0.16 -10.135 -10.135 -10.135 -10.135 -10.135 -10.135 -10.135 -10.135 -10.135
0.18 -13.0287 -13.0287 -13.0287 -13.0287 -13.0287 -13.0287 -13.0287 -13.0287 -13.0287
0.2 -13.0564 -13.0564 -13.0564 -13.0564 -13.0564 -13.0564 -13.0564 -13.0564 -13.0564
0.22 -10.235 -10.235 -10.235 -10.235 -10.235 -10.235 -10.235 -10.235 -10.235
0.24 -4.78961 -4.78961 -4.78961 -4.78961 -4.78961 -4.78961 -4.78961 -4.78961 -4.78961
0.26 1.67636 1.67636 1.67636 1.67636 1.67636 1.67636 1.67636 1.67636 1.67636
0.28 6.56219 6.56219 6.56219 6.56219 6.56219 6.56219 6.56219 6.56219 6.56219
0.3 9.12986 9.12986 9.12986 9.12986 9.12986 9.12986 9.12986 9.12986 9.12986
0.32 9.60356 9.60356 9.60356 9.60356 9.60356 9.60356 9.60356 9.60356 9.60356
0.34 6.81879 6.81879 6.81879 6.81879 6.81879 6.81879 6.81879 6.81879 6.81879
0.36 0.00124155 0.00124155 0.00124155 0.00124155 0.00124155 0.00124155 0.00124155 0.00124155 0.00124155
0.38 -7.78668 -7.78668 -7.78668 -7.78668 -7.78668 -7.78668 -7.78668 -7.78668 -7.78668
0.4 -12.0528 -12.0528 -12.0528 -12.0528 -12.0528 -12.0528 -12.0528 -12.0528 -12.0528
0.42 -10.6661 -10.6661 -10.6661 -10.6661 -10.6661 -10.6661 -10.6661 -10.6661 -10.6661
0.44 -5.33208 -5.33208 -5.33208 -5.33208 -5.33208 -5.33208 -5.33208 -5.33208 -5.33208
0.46 0.712041 0.712041 0.712041 0.712041 0.712041 0.712041 0.712041 0.712041 0.712041
0.48 7.32416 7.32416 7.32416 7.32416 7.32416 7.32416 7.32416 7.32416 7.32416
0.5 17.7398 17.7398 17.7398 17.7398 17.7398 17.7398 17.7398 17.7398 17.7398
0.52 29.2174 29.2174 29.2174 29.2174 29.2174 29.2174 29.2174 29.2174 29.2174
0.54 28.255 28.255 28.255 28.255 28.255 28.255 28.255 28.255 28.255
0.56 10.0345 10.0345 10.0345 10.0345 10.0345 10.0345 10.0345 10.0345 10.0345
0.58 -10.8524 -10.8524 -10.8524 -10.8524 -10.8524 -10.8524 -10.8524 -10.8524 -10.8524
0.6 -20.3008 -20.3008 -20.3008 -20.3008 -20.3008 -20.3008 -20.3008 -20.3008 -20.3008
0.62 -25.9388 -25.9388 -25.9388 -25.9388 -25.9388 -25.9388 -25.9388 -25.9388 -25.9388
0.64 -35.4993 -35.4993 -35.4993 -35.4993 -35.4993 -35.4993 -35.4993 -35.4993 -35.4993
0.66 -36.6966 -36.6966 -36.6966 -36.6966 -36.6966 -36.6966 -36.6966 -36.6966 -36.6966
0.68 -22.921 -22.921 -22.921 -22.921 -22.921 -22.921 -22.921 -22.921 -22.921
0.7 -12.5346 -12.5346 -12.5346 -12.5346 -12.5346 -12.5346 -12.5346 -12.5346 -12.5346
0.72 -25.2344 -25.2344 -25.2344 -25.2344 -25.2344 -25.2344 -25.2344 -25.2344 -25.2344
0.74 -42.1655 -42.1655 -42.1655 -42.1655 -42.1655 -42.1655 -42.1655 -42.1655 -42.1655
0.76 -35.381 -35.381 -35.381 -35.381 -35.381 -35.381 -35.381 -35.381 -35.381
0.78 -22.636 -22.636 -22.636 -22.636 -22.636 -22.636 -22.636 -22.636 -22.636
0.8 -36.229 -36.229 -36.229 -36.229 -36.229 -36.229 -36.229 -36.229 -36.229
0.82 -61.9454 -61.9454 -61.9454 -61.9454 -61.9454 -61.9454 -61.9454 -61.9454 -61.9454
0.84 -60.4406 -60.4406 -60.4406 -60.4406 -60.4406 -60.4406 -60.4406 -60.4406 -60.4406
0.86 -38.2377 -38.2377 -38.2377 -38.2377 -38.2377 -38.2377 -38.2377 -38.2377 -38.2377
0.88 -41.055 -41.055 -41.055 -41.055 -41.055 -41.055 -41.055 -41.055 -41.055
0.9 -76.2839 -76.2839 -76.2839 -76.2839 -76.2839 -76.2839 -76.2839 -76.2839 -76.2839
0.92 -94.8305 -94.8305 -94.8305 -94.8305 -94.8305 -94.8305 -94.8305 -94.8305 -94.8305
0.94 -65.1681 -65.1681 -65.1681 -65.1681 -65.1681 -65.1681 -65.1681 -65.1681 -65.1681
0.96 -22.0771 -22.0771 -22.0771 -22.0771 -22.0771 -22.0771 -22.0771 -22.0771 -22.0771
0.98 -11.5406 -11.5406 -11.5406 -11.5406 -11.5406 -11.5406 -11.5406 -11.5406 -11.5406
1 -22.2353 -22.2353 -22.2353 -22.2353 -22.2353 -22.2353 -22.2353 -22.2353 -22.2353
1.02 -10.5056 -10.5056 -10.5056 -10.5056 -10.5056 -10.5056 -10.5056 -10.5056 -10.5056
1.04 29.1242 29.1242 29.1242 29.1242 29.1242 29.1242 29.1242 29.1242 29.1242
1.06 57.6544 57.6544 57.6544 57.6544 57.6544 57.6544 57.6544 57.6544 57.6544
1.08 51.8003 51.8003 51.8003 51.8003 51.8003 51.8003 51.8003 51.8003 51.8003
1.1 35.0206 35.0206 35.0206 35.0206 35.0206 35.0206 35.0206 35.0206 35.0206
1.12 38.2466 38.2466 38.2466 38.2466 38.2466 38.2466 38.2466 38.2466 38.2466
1.14 53.5452 53.5452 53.5452 53.5452 53.5452 53.5452 53.5452 53.5452 53.5452
1.16 53.0221 53.0221 53.0221 53.0221 53.0221 53.0221 53.0221 53.0221 53.0221
1.18 45.177 45.177 45.177 45.177 45.177 45.177 45.177 45.177 45.177
1.2 70.669 70.669 70.669 70.669 70.669 70.669 70.669 70.669 70.669
1.22 131.606 131.606 131.606 131.606 131.606 131.606 131.606 131.606 131.606
1.24 167.873 167.873 167.873 167.873 167.873 167.873 167.873 167.873 167.873
1.26 142.748 142.748 142.748 142.748 142.748 142.748 142.748 142.748 142.748
1.28 110.818 110.818 110.818 110.818 110.818 110.818 110.818 110.818 110.818
1.3 138.064 138.064 138.064 138.064 138.064 138.064 138.064 138.064 138.064
1.32 184.637 184.637 184.637 184.637 184.637 184.637 184.637 184.637 184.637
1.34 155.108 155.108 155.108 155.108 155.108 155.108 155.108 155.108 155.108
1.36 59.9434 59.9434 59.9434 59.9434 59.9434 59.9434 59.9434 59.9434 59.9434
1.38 14.3674 14.3674 14.3674 14.3674 14.3674 14.3674 14.3674 14.3674 14.3674
1.4 56.0208 56.0208 56.0208 56.0208 56.0208 56.0208 56.0208 56.0208 56.0208
1.42 84.4211 84.4211 84.4211 84.4211 84.4211 84.4211 84.4211 84.4211 84.4211
1.44 31.7712 31.7712 31.7712 31.7712 31.7712 31.7712 31.7712 31.7712 31.7712
1.46 -22.5911 -22.5911 -22.5911 -22.5911 -22.5911 -22.5911 -22.5911 -22.5911 -22.5911
1.48 8.57676 8.57676 8.57676 8.57676 8.57676 8.57676 8.57676 8.57676 8.57676
1.5 65.9776 65.9776 65.9776 65.9776 65.9776 65.9776 65.9776 65.9776 65.9776
1.52 43.2728 43.2728 43.2728 43.2728 43.2728 43.2728 43.2728 43.2728 43.2728
1.54 -25.7828 -25.7828 -25.7828 -25.7828 -25.7828 -25.7828 -25.7828 -25.7828 -25.7828
1.56 -24.5811 -24.5811 -24.5811 -24.5811 -24.5811 -24.5811 -24.5811 -24.5811 -24.5811
1.58 36.7434 36.7434 36.7434 36.7434 36.7434 36.7434 36.7434 36.7434 36.7434
1.6 31.1853 31.1853 31.1853 31.1853 31.1853 31.1853 31.1853 31.1853 31.1853
1.62 -66.0788 -66.0788 -66.0788 -66.0788 -66.0788 -66.0788 -66.0788 -66.0788 -66.0788
1.64 -127.291 -127.291 -127.291 -127.291 -127.291 -127.291 -127.291 -127.291 -127.291
1.66 -80.8321 -80.8321 -80.8321 -80.8321 -80.8321 -80.8321 -80.8321 -80.8321 -80.8321
1.68 -26.0718 -26.0718 -26.0718 -26.0718 -26.0718 -26.0718 -26.0718 -26.0718 -26.0718
1.7 -59.484 -59.484 -59.484 -59.484 -59.484 -59.484 -59.484 -59.484 -59.484
1.72 -106.444 -106.444 -106.444 -106.444 -106.444 -106.444 -106.444 -106.444 -106.444
1.74 -48.2336 -48.2336 -48.2336 -48.2336 -48.2336 -48.2336 -48.2336 -48.2336 -48.2336
1.76 66.546 66.546 66.546 66.546 66.546 66.546 66.546 66.546 66.546
1.78 90.8752 90.8752 90.8752 90.8752 90.8752 90.8752 90.8752 90.8752 90.8752
1.8 23.7403 23.7403 23.7403 23.7403 23.7403 23.7403 23.7403 23.7403 23.7403
1.82 15.4114 15.4114 15.4114 15.4114 15.4114 15.4114 15.4114 15.4114 15.4114
1.84 114.438 114.438 114.438 114.438 114.438 114.438 114.438 114.438 114.438
1.86 181.429 181.429 181.429 181.429 181.429 181.429 181.429 181.429 181.429
1.88 112.9 112.9 112.9 112.9 112.9 112.9 112.9 112.9 112.9
1.9 2.17326 2.17326 2.17326 2.17326 2.17326 2.17326 2.17326 2.17326 2.17326
1.92 -15.9524 -15.9524 -15.9524 -15.9524 -15.9524 -15.9524 -15.9524 -15.9524 -15.9524
1.94 31.5059 31.5059 31.5059 31.5059 31.5059 31.5059 31.5059 31.5059 31.5059
1.96 35.473 35.473 35.473 35.473 35.473 35.473 35.473 35.473 35.473
1.98 8.99591 8.99591 8.99591 8.99591 8.99591 8.99591 8.99591 8.99591 8.99591
2 56.4152 56.4152 56.4152 56.4152 56.4152 56.4152 56.4152 56.4152 56.4152
2.02 166.028 166.028 166.028 166.028 166.028 166.028 166.028 166.028 166.028
2.04 197.917 197.917 197.917 197.917 197.917 197.917 197.917 197.917 197.917
2.06 106.261 106.261 106.261 106.261 106.261 106.261 106.261 106.261 106.261
2.08 20.5567 20.5567 20.5567 20.5567 20.5567 20.5567 20.5567 20.5567 20.5567
2.1 45.2368 45.2368 45.2368 45.2368 45.2368 45.2368 45.2368 45.2368 45.2368
2.12 107.127 107.127 107.127 107.127 107.127 107.127 107.127 107.127 107.127
2.14 86.2886 86.2886 86.2886 86.2886 86.2886 86.2886 86.2886 86.2886 86.2886
2.16 -4.05571 -4.05571 -4.05571 -4.05571 -4.05571 -4.05571 -4.05571 -4.05571 -4.05571
2.18 -65.9643 -65.9643 -65.9643 -65.9643 -65.9643 -65.9643 -65.9643 -65.9643 -65.9643
2.2 -76.4677 -76.4677 -76.4677 -76.4677 -76.4677 -76.4677 -76.4677 -76.4677 -76.4677
2.22 -90.1966 -90.1966 -90.1966 -90.1966 -90.1966 -90.1966 -90.1966 -90.1966 -90.1966
2.24 -114.19 -114.19 -114.19 -114.19 -114.19 -114.19 -114.19 -114.19 -114.19
2.26 -83.289 -83.289 -83.289 -83.289 -83.289 -83.289 -83.289 -83.289 -83.289
2.28 27.4186 27.4186 27.4186 27.4186 27.4186 27.4186 27.4186 27.4186 27.4186
2.3 133.263 133.263 133.263 133.263 133.263 133.263 133.263 133.263 133.263
2.32 135.27 135.27 135.27 135.27 135.27 135.27 135.27 135.27 135.27
2.34 42.9515 42.9515 42.9515 42.9515 42.9515 42.9515 42.9515 42.9515 42.9515
2.36 -56.6955 -56.6955 -56.6955 -56.6955 -56.6955 -56.6955 -56.6955 -56.6955 -56.6955
2.38 -112.23 -112.23 -112.23 -112.23 -112.23 -112.23 -112.23 -112.23 -112.23
2.4 -139.231 -139.231 -139.231 -139.231 -139.231 -139.231 -139.231 -139.231 -139.231
2.42 -161.467 -161.467 -161.467 -161.467 -161.467 -161.467 -161.467 -161.467 -161.467
2.44 -160.706 -160.706 -160.706 -160.706 -160.706 -160.706 -160.706 -160.706 -160.706
2.46 -110.579 -110.579 -110.579 -110.579 -110.579 -110.579 -110.579 -110.579 -110.579
2.48 -41.7378 -41.7378 -41.7378 -41.7378 -41.7378 -41.7378 -41.7378 -41.7378 -41.7378
2.5 -26.1233 -26.1233 -26.1233 -26.1233 -26.1233 -26.1233 -26.1233 -26.1233 -26.1233
2.52 -80.531 -80.531 -80.531 -80.531 -80.531 -80.531 -80.531 -80.531 -80.531
2.54 -125.928 -125.928 -125.928 -125.928 -125.928 -125.928 -125.928 -125.928 -125.928
2.56 -77.4294 -77.4294 -77.4294 -77.4294 -77.4294 -77.4294 -77.4294 -77.4294 -77.4294
2.58 56.2714 56.2714 56.2714 56.2714 56.2714 56.2714 56.2714 56.2714 56.2714
2.6 191.825 191.825 191.825 191.825 191.825 191.825 191.825 191.825 191.825
2.62 256.441 256.441 256.441 256.441 256.441 256.441 256.441 256.441 256.441
2.64 224.44 224.44 224.44 224.44 224.44 224.44 224.44 224.44 224.44
2.66 106 106 106 106 106 106 106 106 106
2.68 -57.5458 -57.5458 -57.5458 -57.5458 -57.5458 -57.5458 -57.5458 -57.5458 -57.5458
2.7 -185.037 -185.037 -185.037 -185.037 -185.037 -185.037 -185.037 -185.037 -185.037
2.72 -183.819 -183.819 -183.819 -183.819 -183.819 -183.819 -183.819 -183.819 -183.819
2.74 -25.4954 -25.4954 -25.4954 -25.4954 -25.4954 -25.4954 -25.4954 -25.4954 -25.4954
2.76 207.094 207.094 207.094 207.094 207.094 207.094 207.094 207.094 207.094
2.78 367.127 367.127 367.127 367.127 367.127 367.127 367.127 367.127 367.127
2.8 364.838 364.838 364.838 364.838 364.838 364.838 364.838 364.838 364.838
2.82 242.28 242.28 242.28 242.28 242.28 242.28 242.28 242.28 242.28
2.84 121.021 121.021 121.021 121.021 121.021 121.021 121.021 121.021 121.021
2.86 89.8737 89.8737 89.8737 89.8737 89.8737 89.8737 89.8737 89.8737 89.8737
2.88 143.464 143.464 143.464 143.464 143.464 143.464 143.464 143.464 143.464
2.9 207.116 207.116 207.116 207.116 207.116 207.116 207.116 207.116 207.116
2.92 209.158 209.158 209.158 209.158 209.158 209.158 209.158 209.158 209.158
2.94 135.673 135.673 135.673 135.673 135.673 135.673 135.673 135.673 135.673
2.96 21.35 21.35 21.35 21.35 21.35 21.35 21.35 21.35 21.35
2.98 -90.5461 -90.5461 -90.5461 -90.5461 -90.5461 -90.5461 -90.5461 -90.5461 -90.5461
3 -152.009 -152.009 -152.009 -152.009 -152.009 -152.009 -152.009 -152.009 -152.009
3.02 -103.009 -103.009 -103.009 -103.009 -103.009 -103.009 -103.009 -103.009 -103.009
3.04 68.9805 68.9805 68.9805 68.9805 68.9805 68.9805 68.9805 68.9805 68.9805
3.06 261.652 261.652 261.652 261.652 261.652 261.652 261.652 261.652 261.652
3.08 324.345 324.345 324.345 324.345 324.345 324.345 324.345 324.345 324.345
3.1 199.005 199.005 199.005 199.005 199.005 199.005 199.005 199.005 199.005
3.12 -45.9258 -45.9258 -45.9258 -45.9258 -45.9258 -45.9258 -45.9258 -45.9258 -45.9258
3.14 -307.473 -307.473 -307.473 -307.473 -307.473 -307.473 -307.473 -307.473 -307.473
3.16 -526.577 -526.577 -526.577 -526.577 -526.577 -526.577 -526.577 -526.577 -526.577
3.18 -679.569 -679.569 -679.569 -679.569 -679.569 -679.569 -679.569 -679.569 -679.569
3.2 -596.525 -596.525 -596.525 -596.525 -596.525 -596.525 -596.525 -596.525 -596.525
3.22 -298.675 -298.675 -298.675 -298.675 -298.675 -298.675 -298.675 -298.675 -298.675
3.23 -117.211 -117.211 -117.211 -117.211 -117.211 -117.211 -117.211 -117.211 -117.211
3.24 38.5312 38.5312 38.5312 38.5312 38.5312 38.5312 38.5312 38.5312 38.5312
3.25 124.129 124.129 124.129 124.129 124.129 124.129 124.129 124.129 124.129
3.26 108.139 108.139 108.139 108.139 108.139 108.139 108.139 108.139 108.139
3.27 -4.35902 -4.35902 -4.35902 -4.35902 -4.35902 -4.35902 -4.35902 -4.35902 -4.35902
3.28 -179.062 -179.062 -179.062 -179.062 -179.062 -179.062 -179.062 -179.062 -179.062
3.29 -365.571 -365.571 -365.571 -365.571 -365.571 -365.571 -365.571 -365.571 -365.571
3.3 -414.814 -414.814 -414.814 -414.814 -414.814 -414.814 -414.814 -414.814 -414.814
3.31 -405.201 -405.201 -405.201 -405.201 -405.201 -405.201 -405.201 -405.201 -405.201
3.32 -363.96 -363.96 -363.96 -363.96 -363.96 -363.96 -363.96 -363.96 -363.96
3.33 -328.252 -328.252 -328.252 -328.252 -328.252 -328.252 -328.252 -328.252 -328.252
3.34 -325.341 -325.341 -325.341 -325.341 -325.341 -325.341 -325.341 -325.341 -325.341
3.35 -349.143 -349.143 -349.143 -349.143 -349.143 -349.143 -349.143 -349.143 -349.143
3.36 -370.92 -370.92 -370.92 -370.92 -370.92 -370.92 -370.92 -370.92 -370.92
3.37 -385.207 -385.207 -385.207 -385.207 -385.207 -385.207 -385.207 -385.207 -385.207
3.38 -371.355 -371.355 -371.355 -371.355 -371.355 -371.355 -371.355 -371.355 -371.355
3.39 -326.146 -326.146 -326.146 -326.146 -326.146 -326.146 -326.146 -326.146 -326.146
3.4 -246.151 -246.151 -246.151 -246.151 -246.151 -246.151 -246.151 -246.151 -246.151
3.41 -149.503 -149.503 -149.503 -149.503 -149.503 -149.503 -149.503 -149.503 -149.503
3.43 8.75262 8.75262 8.75262 8.75262 8.75262 8.75262 8.75262 8.75262 8.75262
3.45 51.9902 51.9902 51.9902 51.9902 51.9902 51.9902 51.9902 51.9902 51.9902
3.46 44.2784 44.2784 44.2784 44.2784 44.2784 44.2784 44.2784 44.2784 44.2784
3.47 3.74955 3.74955 3.74955 3.74955 3.74955 3.74955 3.74955 3.74955 3.74955
3.48 -49.8972 -49.8972 -49.8972 -49.8972 -49.8972 -49.8972 -49.8972 -49.8972 -49.8972
3.49 -118.58 -118.58 -118.58 -118.58 -118.58 -118.58 -118.58 -118.58 -118.58
3.5 -183.578 -183.578 -183.578 -183.578 -183.578 -183.578 -183.578 -183.578 -183.578
3.51 -250.589 -250.589 -250.589 -250.589 -250.589 -250.589 -250.589 -250.589 -250.589
3.52 -305.78 -305.78 -305.78 -305.78 -305.78 -305.78 -305.78 -305.78 -305.78
3.53 -364.989 -364.989 -364.989 -364.989 -364.989 -364.989 -364.989 -364.989 -364.989
3.54 -427.703 -427.703 -427.703 -427.703 -427.703 -427.703 -427.703 -427.703 -427.703
3.55 -509.797 -509.797 -509.797 -509.797 -509.797 -509.797 -509.797 -509.797 -509.797
3.56 -588.531 -588.531 -588.531 -588.531 -588.531 -588.531 -588.531 -588.531 -588.531
3.57 -650.439 -650.439 -650.439 -650.439 -650.439 -650.439 -650.439 -650.439 -650.439
3.58 -568.87 -568.87 -568.87 -568.87 -568.87 -568.87 -568.87 -568.87 -568.87
3.59 -428.862 -428.862 -428.862 -428.862 -428.862 -428.862 -428.862 -428.862 -428.862
3.6 -374.428 -374.428 -374.428 -374.428 -374.428 -374.428 -374.428 -374.428 -374.428
3.61 -140.271 -140.271 -140.271 -140.271 -140.271 -140.271 -140.271 -140.271 -140.271
3.62 157.937 157.937 157.937 157.937 157.937 157.937 157.937 157.937 157.937
3.63 500.672 500.672 500.672 500.672 500.672 500.672 500.672 500.672 500.672
3.64 770.321 770.321 770.321 770.321 770.321 770.321 770.321 770.321 770.321
3.65 990.914 990.914 990.914 990.914 990.914 990.914 990.914 990.914 990.914
3.66 1091.65 1091.65 1091.65 1091.65 1091.65 1091.65 1091.65 1091.65 1091.65
3.67 1121.18 1121.18 1121.18 1121.18 1121.18 1121.18 1121.18 1121.18 1121.18
3.68 1027.04 1027.04 1027.04 1027.04 1027.04 1027.04 1027.04 1027.04 1027.04
3.69 852.571 852.571 852.571 852.571 852.571 852.571 852.571 852.571 852.571
3.7 555.597 555.597 555.597 555.597 555.597 555.597 555.597 555.597 555.597
3.71 207.184 207.184 207.184 207.184 207.184 207.184 207.184 207.184 207.184
3.72 -177.213 -177.213 -177.213 -177.213 -177.213 -177.213 -177.213 -177.213 -177.213
3.73 -412.024 -412.024 -412.024 -412.024 -412.024 -412.024 -412.024 -412.024 -412.024
3.74 -417.926 -417.926 -417.926 -417.926 -417.926 -417.926 -417.926 -417.926 -417.926
3.75 -279.006 -279.006 -279.006 -279.006 -279.006 -279.006 -279.006 -279.006 -279.006
3.76 -135.935 -135.935 -135.935 -135.935 -135.935 -135.935 -135.935 -135.935 -135.935
3.77 82.52 82.52 82.52 82.52 82.52 82.52 82.52 82.52 82.52
3.78 326.184 326.184 326.184 326.184 326.184 326.184 326.184 326.184 326.184
3.79 587.688 587.688 587.688 587.688 587.688 587.688 587.688 587.688 587.688
3.8 801.165 801.165 801.165 801.165 801.165 801.165 801.165 801.165 801.165
3.81 959.837 959.837 959.837 959.837 959.837 959.837 959.837 959.837 959.837
3.82 979.498 979.498 979.498 979.498 979.498 979.498 979.498 979.498 979.498
3.83 929.557 929.557 929.557 929.557 929.557 929.557 929.557 929.557 929.557
3.84 834.981 834.981 834.981 834.981 834.981 834.981 834.981 834.981 834.981
3.85 785.852 785.852 785.852 785.852 785.852 785.852 785.852 785.852 785.852
3.86 770.688 770.688 770.688 770.688 770.688 770.688 770.688 770.688 770.688
3.87 812.627 812.627 812.627 812.627 812.627 812.627 812.627 812.627 812.627
3.88 833.526 833.526 833.526 833.526 833.526 833.526 833.526 833.526 833.526
3.89 824.559 824.559 824.559 824.559 824.559 824.559 824.559 824.559 824.559
3.9 748.14 748.14 748.14 748.14 748.14 748.14 748.14 748.14 748.14
3.91 656.079 656.079 656.079 656.079 656.079 656.079 656.079 656.079 656.079
3.92 555.141 555.141 555.141 555.141 555.141 555.141 555.141 555.141 555.141
3.93 514.187 514.187 514.187 514.187 514.187 514.187 514.187 514.187 514.187
3.94 507.327 507.327 507.327 507.327 507.327 507.327 507.327 507.327 507.327
3.95 523.626 523.626 523.626 523.626 523.626 523.626 523.626 523.626 523.626
3.96 501.315 501.315 501.315 501.315 501.315 501.315 501.315 501.315 501.315
3.97 439.267 439.267 439.267 439.267 439.267 439.267 439.267 439.267 439.267
3.98 329.45 329.45 329.45 329.45 329.45 329.45 329.45 329.45 329.45
3.99 224.226 224.226 224.226 224.226 224.226 224.226 224.226 224.226 224.226
4 131.803 131.803 131.803 131.803 131.803 131.803 131.803 131.803 131.803
4.01 85.8305 85.8305 85.8305 85.8305 85.8305 85.8305 85.8305 85.8305 85.8305
4.02 48.1878 48.1878 48.1878 48.1878 48.1878 48.1878 48.1878 48.1878 48.1878
4.03 -16.3663 -16.3663 -16.3663 -16.3663 -16.3663 -16.3663 -16.3663 -16.3663 -16.3663
4.04 -133.849 -133.849 -133.849 -133.849 -133.849 -133.849 -133.849 -133.849 -133.849
4.05 -225.61 -225.61 -225.61 -225.61 -225.61 -225.61 -225.61 -225.61 -225.61
4.06 -294.987 -294.987 -294.987 -294.987 -294.987 -294.987 -294.987 -294.987 -294.987
4.07 -300.647 -300.647 -300.647 -300.647 -300.647 -300.647 -300.647 -300.647 -300.647
4.08 -239.47 -239.47 -239.47 -239.47 -239.47 -239.47 -239.47 -239.47 -239.47
4.09 -88.2214 -88.2214 -88.2214 -88.2214 -88.2214 -88.2214 -88.2214 -88.2214 -88.2214
4.1 93.878 93.878 93.878 93.878 93.878 93.878 93.878 93.878 93.878
4.11 254.92 254.92 254.92 254.92 254.92 254.92 254.92 254.92 254.92
4.12 307.77 307.77 307.77 307.77 307.77 307.77 307.77 307.77 307.77
4.13 256.252 256.252 256.252 256.252 256.252 256.252 256.252 256.252 256.252
4.14 111.613 111.613 111.613 111.613 111.613 111.613 111.613 111.613 111.613
4.15 -38.9024 -38.9024 -38.9024 -38.9024 -38.9024 -38.9024 -38.9024 -38.9024 -38.9024
4.16 -107.219 -107.219 -107.219 -107.219 -107.219 -107.219 -107.219 -107.219 -107.219
4.17 -98.5384 -98.5384 -98.5384 -98.5384 -98.5384 -98.5384 -98.5384 -98.5384 -98.5384
4.18 -35.6413 -35.6413 -35.6413 -35.6413 -35.6413 -35.6413 -35.6413 -35.6413 -35.6413
4.19 23.2772 23.2772 23.2772 23.2772 23.2772 23.2772 23.2772 23.2772 23.2772
4.2 48.8674 48.8674 48.8674 48.8674 48.8674 48.8674 48.8674 48.8674 48.8674
4.21 37.2677 37.2677 37.2677 37.2677 37.2677 37.2677 37.2677 37.2677 37.2677
4.22 -12.7127 -12.7127 -12.7127 -12.7127 -12.7127 -12.7127 -12.7127 -12.7127 -12.7127
4.23 -56.911 -56.911 -56.911 -56.911 -56.911 -56.911 -56.911 -56.911 -56.911
4.24 -87.1503 -87.1503 -87.1503 -87.1503 -87.1503 -87.1503 -87.1503 -87.1503 -87.1503
4.25 -85.9756 -85.9756 -85.9756 -85.9756 -85.9756 -85.9756 -85.9756 -85.9756 -85.9756
4.26 -77.8958 -77.8958 -77.8958 -77.8958 -77.8958 -77.8958 -77.8958 -77.8958 -77.8958
4.27 -42.6775 -42.6775 -42.6775 -42.6775 -42.6775 -42.6775 -42.6775 -42.6775 -42.6775
4.28 -10.3926 -10.3926 -10.3926 -10.3926 -10.3926 -10.3926 -10.3926 -10.3926 -10.3926
4.29 21.2671 21.2671 21.2671 21.2671 21.2671 21.2671 21.2671 21.2671 21.2671
4.3 38.8961 38.8961 38.8961 38.8961 38.8961 38.8961 38.8961 38.8961 38.8961
4.31 60.0857 60.0857 60.0857 60.0857 60.0857 60.0857 60.0857 60.0857 60.0857
4.32 83.8042 83.8042 83.8042 83.8042 83.8042 83.8042 83.8042 83.8042 83.8042
4.33 125.695 125.695 125.695 125.695 125.695 125.695 125.695 125.695 125.695
4.34 173.435 173.435 173.435 173.435 173.435 173.435 173.435 173.435 173.435
4.35 239.88 239.88 239.88 239.88 239.88 239.88 239.88 239.88 239.88
4.36 383.599 383.599 383.599 383.599 383.599 383.599 383.599 383.599 383.599
4.37 357.355 357.355 357.355 357.355 357.355 357.355 357.355 357.355 357.355
4.38 210.341 210.341 210.341 210.341 210.341 210.341 210.341 210.341 210.341
4.39 119.64 119.64 119.64 119.64 119.64 119.64 119.64 119.64 119.64
4.4 100.5 100.5 100.5 100.5 100.5 100.5 100.5 100.5 100.5
4.41 225.31 225.31 225.31 225.31 225.31 225.31 225.31 225.31 225.31
4.42 413.703 413.703 413.703 413.703 413.703 413.703 413.703 413.703 413.703
4.43 581.553 581.553 581.553 581.553 581.553 581.553 581.553 581.553 581.553
4.44 621.908 621.908 621.908 621.908 621.908 621.908 621.908 621.908 621.908
4.45 631.519 631.519 631.519 631.519 631.519 631.519 631.519 631.519 631.519
4.46 621.253 621.253 621.253 621.253 621.253 621.253 621.253 621.253 621.253
4.47 601.168 601.168 601.168 601.168 601.168 601.168 601.168 601.168 601.168
4.48 570.914 570.914 570.914 570.914 570.914 570.914 570.914 570.914 570.914
4.49 539.153 539.153 539.153 539.153 539.153 539.153 539.153 539.153 539.153
4.5 569.911 569.911 569.911 569.911 569.911 569.911 569.911 569.911 569.911
4.51 525.551 525.551 525.551 525.551 525.551 525.551 525.551 525.551 525.551
4.52 482.375 482.375 482.375 482.375 482.375 482.375 482.375 482.375 482.375
4.53 456.97 456.97 456.97 456.97 456.97 456.97 456.97 456.97 456.97
4.54 482.617 482.617 482.617 482.617 482.617 482.617 482.617 482.617 482.617
4.55 517.858 517.858 517.858 517.858 517.858 517.858 517.858 517.858 517.858
4.56 590.188 590.188 590.188 590.188 590.188 590.188 590.188 590.188 590.188
4.57 645.102 645.102 645.102 645.102 645.102 645.102 645.102 645.102 645.102
4.58 708.37 708.37 708.37 708.37 708.37 708.37 708.37 708.37 708.37
4.59 756.08 756.08 756.08 756.08 756.08 756.08 756.08 756.08 756.08
