0.02 -0.015957 -0.015957 -0.015957 -0.015957 -0.015957 -0.015957 -0.015957 -0.015957 -0.015957
0.04 0.199553 0.199553 0.199553 0.199553 0.199553 0.199553 0.199553 0.199553 0.199553
0.06 0.189211 0.189211 0.189211 0.189211 0.189211 0.189211 0.189211 0.189211 0.189211
0.08 -1.63227 -1.63227 -1.63227 -1.63227 -1.63227 -1.63227 -1.63227 -1.63227 -1.63227
0.1 -5.53608 -5.53608 -5.53608 -5.53608 -5.53608 -5.53608 -5.53608 -5.53608 -5.53608
0.12 -9.92602 -9.92602 -9.92602 -9.92602 -9.92602 -9.92602 -9.92602 -9.92602 -9.92602
0.14 -12.6578 -12.6578 -12.6578 -12.6578 -12.6578 -12.6578 -12.6578 -12.6578 -12.6578
0.16 -13.2538 -13.2538 -13.2538 -13.2538 -13.2538 -13.2538 -13.2538 -13.2538 -13.2538
0.18 -12.3206 -12.3206 -12.3206 -12.3206 -12.3206 -12.3206 -12.3206 -12.3206 -12.3206
0.2 -8.24752 -8.24752 -8.24752 -8.24752 -8.24752 -8.24752 -8.24752 -8.24752 -8.24752
0.22 0.167539 0.167539 0.167539 0.167539 0.167539 0.167539 0.167539 0.167539 0.167539
0.24 9.46839 9.46839 9.46839 9.46839 9.46839 9.46839 9.46839 9.46839 9.46839
0.26 16.5536 16.5536 16.5536 16.5536 16.5536 16.5536 16.5536 16.5536 16.5536
0.28 22.1305 22.1305 22.1305 22.1305 22.1305 22.1305 22.1305 22.1305 22.1305
0.3 23.0944 23.0944 23.0944 23.0944 23.0944 23.0944 23.0944 23.0944 23.0944
0.32 14.7927 14.7927 14.7927 14.7927 14.7927 14.7927 14.7927 14.7927 14.7927
0.34 0.315583 0.315583 0.315583 0.315583 0.315583 0.315583 0.315583 0.315583 0.315583
0.36 -12.4771 -12.4771 -12.4771 -12.4771 -12.4771 -12.4771 -12.4771 -12.4771 -12.4771
0.38 -21.382 -21.382 -21.382 -21.382 -21.382 -21.382 -21.382 -21.382 -21.382
0.4 -26.8805 -26.8805 -26.8805 -26.8805 -26.8805 -26.8805 -26.8805 -26.8805 -26.8805
0.42 -27.5573 -27.5573 -27.5573 -27.5573 -27.5573 -27.5573 -27.5573 -27.5573 -27.5573
0.44 -21.0925 -21.0925 -21.0925 -21.0925 -21.0925 -21.0925 -21.0925 -21.0925 -21.0925
0.46 -3.9721 -3.9721 -3.9721 -3.9721 -3.9721 -3.9721 -3.9721 -3.9721 -3.9721
0.48 20.9923 20.9923 20.9923 20.9923 20.9923 20.9923 20.9923 20.9923 20.9923
0.5 36.5876 36.5876 36.5876 36.5876 36.5876 36.5876 36.5876 36.5876 36.5876
0.52 27.6102 27.6102 27.6102 27.6102 27.6102 27.6102 27.6102 27.6102 27.6102
0.54 12.2254 12.2254 12.2254 12.2254 12.2254 12.2254 12.2254 12.2254 12.2254
0.56 9.04537 9.04537 9.04537 9.04537 9.04537 9.04537 9.04537 9.04537 9.04537
0.58 -0.173016 -0.173016 -0.173016 -0.173016 -0.173016 -0.173016 -0.173016 -0.173016 -0.173016
0.6 -35.2574 -35.2574 -35.2574 -35.2574 -35.2574 -35.2574 -35.2574 -35.2574 -35.2574
0.62 -64.142 -64.142 -64.142 -64.142 -64.142 -64.142 -64.142 -64.142 -64.142
0.64 -52.0771 -52.0771 -52.0771 -52.0771 -52.0771 -52.0771 -52.0771 -52.0771 -52.0771
0.66 -32.6275 -32.6275 -32.6275 -32.6275 -32.6275 -32.6275 -32.6275 -32.6275 -32.6275
0.68 -40.441 -40.441 -40.441 -40.441 -40.441 -40.441 -40.441 -40.441 -40.441
0.7 -52.662 -52.662 -52.662 -52.662 -52.662 -52.662 -52.662 -52.662 -52.662
0.72 -21.6092 -21.6092 -21.6092 -21.6092 -21.6092 -21.6092 -21.6092 -21.6092 -21.6092
0.74 23.2897 23.2897 23.2897 23.2897 23.2897 23.2897 23.2897 23.2897 23.2897
0.76 5.23432 5.23432 5.23432 5.23432 5.23432 5.23432 5.23432 5.23432 5.23432
0.78 -42.8189 -42.8189 -42.8189 -42.8189 -42.8189 -42.8189 -42.8189 -42.8189 -42.8189
0.8 -36.5885 -36.5885 -36.5885 -36.5885 -36.5885 -36.5885 -36.5885 -36.5885 -36.5885
0.82 3.217 3.217 3.217 3.217 3.217 3.217 3.217 3.217 3.217
0.84 -13.4626 -13.4626 -13.4626 -13.4626 -13.4626 -13.4626 -13.4626 -13.4626 -13.4626
0.86 -85.2528 -85.2528 -85.2528 -85.2528 -85.2528 -85.2528 -85.2528 -85.2528 -85.2528
0.88 -112.859 -112.859 -112.859 -112.859 -112.859 -112.859 -112.859 -112.859 -112.859
0.9 -62.4762 -62.4762 -62.4762 -62.4762 -62.4762 -62.4762 -62.4762 -62.4762 -62.4762
0.92 -16.6269 -16.6269 -16.6269 -16.6269 -16.6269 -16.6269 -16.6269 -16.6269 -16.6269
0.94 -36.6991 -36.6991 -36.6991 -36.6991 -36.6991 -36.6991 -36.6991 -36.6991 -36.6991
0.96 -62.8653 -62.8653 -62.8653 -62.8653 -62.8653 -62.8653 -62.8653 -62.8653 -62.8653
0.98 -16.5135 -16.5135 -16.5135 -16.5135 -16.5135 -16.5135 -16.5135 -16.5135 -16.5135
1 67.8059 67.8059 67.8059 67.8059 67.8059 67.8059 67.8059 67.8059 67.8059
1.02 99.4674 99.4674 99.4674 99.4674 99.4674 99.4674 99.4674 99.4674 99.4674
1.04 66.5581 66.5581 66.5581 66.5581 66.5581 66.5581 66.5581 66.5581 66.5581
1.06 38.2963 38.2963 38.2963 38.2963 38.2963 38.2963 38.2963 38.2963 38.2963
1.08 52.0348 52.0348 52.0348 52.0348 52.0348 52.0348 52.0348 52.0348 52.0348
1.1 64.2107 64.2107 64.2107 64.2107 64.2107 64.2107 64.2107 64.2107 64.2107
1.12 26.0779 26.0779 26.0779 26.0779 26.0779 26.0779 26.0779 26.0779 26.0779
1.14 -31.2595 -31.2595 -31.2595 -31.2595 -31.2595 -31.2595 -31.2595 -31.2595 -31.2595
1.16 -27.0293 -27.0293 -27.0293 -27.0293 -27.0293 -27.0293 -27.0293 -27.0293 -27.0293
1.18 45.4622 45.4622 45.4622 45.4622 45.4622 45.4622 45.4622 45.4622 45.4622
1.2 95.1994 95.1994 95.1994 95.1994 95.1994 95.1994 95.1994 95.1994 95.1994
1.22 71.1708 71.1708 71.1708 71.1708 71.1708 71.1708 71.1708 71.1708 71.1708
1.24 58.6959 58.6959 58.6959 58.6959 58.6959 58.6959 58.6959 58.6959 58.6959
1.26 144.8 144.8 144.8 144.8 144.8 144.8 144.8 144.8 144.8
1.28 240.634 240.634 240.634 240.634 240.634 240.634 240.634 240.634 240.634
1.3 192.582 192.582 192.582 192.582 192.582 192.582 192.582 192.582 192.582
1.32 44.1055 44.1055 44.1055 44.1055 44.1055 44.1055 44.1055 44.1055 44.1055
1.34 -0.665928 -0.665928 -0.665928 -0.665928 -0.665928 -0.665928 -0.665928 -0.665928 -0.665928
1.36 86.6401 86.6401 86.6401 86.6401 86.6401 86.6401 86.6401 86.6401 86.6401
1.38 97.7321 97.7321 97.7321 97.7321 97.7321 97.7321 97.7321 97.7321 97.7321
1.4 -46.9605 -46.9605 -46.9605 -46.9605 -46.9605 -46.9605 -46.9605 -46.9605 -46.9605
1.42 -138.712 -138.712 -138.712 -138.712 -138.712 -138.712 -138.712 -138.712 -138.712
1.44 -26.6521 -26.6521 -26.6521 -26.6521 -26.6521 -26.6521 -26.6521 -26.6521 -26.6521
1.46 117.861 117.861 117.861 117.861 117.861 117.861 117.861 117.861 117.861
1.48 84.9306 84.9306 84.9306 84.9306 84.9306 84.9306 84.9306 84.9306 84.9306
1.5 -19.8534 -19.8534 -19.8534 -19.8534 -19.8534 -19.8534 -19.8534 -19.8534 -19.8534
1.52 38.3814 38.3814 38.3814 38.3814 38.3814 38.3814 38.3814 38.3814 38.3814
1.54 197.856 197.856 197.856 197.856 197.856 197.856 197.856 197.856 197.856
1.56 185.239 185.239 185.239 185.239 185.239 185.239 185.239 185.239 185.239
1.58 -7.32576 -7.32576 -7.32576 -7.32576 -7.32576 -7.32576 -7.32576 -7.32576 -7.32576
1.6 -101.335 -101.335 -101.335 -101.335 -101.335 -101.335 -101.335 -101.335 -101.335
1.62 -7.01059 -7.01059 -7.01059 -7.01059 -7.01059 -7.01059 -7.01059 -7.01059 -7.01059
1.64 35.2869 35.2869 35.2869 35.2869 35.2869 35.2869 35.2869 35.2869 35.2869
1.66 -117.226 -117.226 -117.226 -117.226 -117.226 -117.226 -117.226 -117.226 -117.226
1.68 -248.159 -248.159 -248.159 -248.159 -248.159 -248.159 -248.159 -248.159 -248.159
1.7 -134.895 -134.895 -134.895 -134.895 -134.895 -134.895 -134.895 -134.895 -134.895
1.72 72.8203 72.8203 72.8203 72.8203 72.8203 72.8203 72.8203 72.8203 72.8203
1.74 92.0471 92.0471 92.0471 92.0471 92.0471 92.0471 92.0471 92.0471 92.0471
1.76 -24.104 -24.104 -24.104 -24.104 -24.104 -24.104 -24.104 -24.104 -24.104
1.78 18.1859 18.1859 18.1859 18.1859 18.1859 18.1859 18.1859 18.1859 18.1859
1.8 237.534 237.534 237.534 237.534 237.534 237.534 237.534 237.534 237.534
1.82 319.284 319.284 319.284 319.284 319.284 319.284 319.284 319.284 319.284
1.84 135.084 135.084 135.084 135.084 135.084 135.084 135.084 135.084 135.084
1.86 -49.1391 -49.1391 -49.1391 -49.1391 -49.1391 -49.1391 -49.1391 -49.1391 -49.1391
1.88 -21.2336 -21.2336 -21.2336 -21.2336 -21.2336 -21.2336 -21.2336 -21.2336 -21.2336
1.9 51.971 51.971 51.971 51.971 51.971 51.971 51.971 51.971 51.971
1.92 -56.6931 -56.6931 -56.6931 -56.6931 -56.6931 -56.6931 -56.6931 -56.6931 -56.6931
1.94 -226.287 -226.287 -226.287 -226.287 -226.287 -226.287 -226.287 -226.287 -226.287
1.96 -181.173 -181.173 -181.173 -181.173 -181.173 -181.173 -181.173 -181.173 -181.173
1.98 41.862 41.862 41.862 41.862 41.862 41.862 41.862 41.862 41.862
2 149.644 149.644 149.644 149.644 149.644 149.644 149.644 149.644 149.644
2.02 74.0868 74.0868 74.0868 74.0868 74.0868 74.0868 74.0868 74.0868 74.0868
2.04 63.793 63.793 63.793 63.793 63.793 63.793 63.793 63.793 63.793
2.06 229.805 229.805 229.805 229.805 229.805 229.805 229.805 229.805 229.805
2.08 340.959 340.959 340.959 340.959 340.959 340.959 340.959 340.959 340.959
2.1 214.28 214.28 214.28 214.28 214.28 214.28 214.28 214.28 214.28
2.12 10.7942 10.7942 10.7942 10.7942 10.7942 10.7942 10.7942 10.7942 10.7942
2.14 -46.868 -46.868 -46.868 -46.868 -46.868 -46.868 -46.868 -46.868 -46.868
2.16 -16.4602 -16.4602 -16.4602 -16.4602 -16.4602 -16.4602 -16.4602 -16.4602 -16.4602
2.18 -82.0617 -82.0617 -82.0617 -82.0617 -82.0617 -82.0617 -82.0617 -82.0617 -82.0617
2.2 -218.121 -218.121 -218.121 -218.121 -218.121 -218.121 -218.121 -218.121 -218.121
2.22 -235.663 -235.663 -235.663 -235.663 -235.663 -235.663 -235.663 -235.663 -235.663
2.24 -87.9509 -87.9509 -87.9509 -87.9509 -87.9509 -87.9509 -87.9509 -87.9509 -87.9509
2.26 71.8086 71.8086 71.8086 71.8086 71.8086 71.8086 71.8086 71.8086 71.8086
2.28 113.036 113.036 113.036 113.036 113.036 113.036 113.036 113.036 113.036
2.3 90.7555 90.7555 90.7555 90.7555 90.7555 90.7555 90.7555 90.7555 90.7555
2.32 115.68 115.68 115.68 115.68 115.68 115.68 115.68 115.68 115.68
2.34 145.821 145.821 145.821 145.821 145.821 145.821 145.821 145.821 145.821
2.36 71.9753 71.9753 71.9753 71.9753 71.9753 71.9753 71.9753 71.9753 71.9753
2.38 -90.5517 -90.5517 -90.5517 -90.5517 -90.5517 -90.5517 -90.5517 -90.5517 -90.5517
2.4 -224.116 -224.116 -224.116 -224.116 -224.116 -224.116 -224.116 -224.116 -224.116
2.42 -244.498 -244.498 -244.498 -244.498 -244.498 -244.498 -244.498 -244.498 -244.498
2.44 -188.172 -188.172 -188.172 -188.172 -188.172 -188.172 -188.172 -188.172 -188.172
2.46 -156.95 -156.95 -156.95 -156.95 -156.95 -156.95 -156.95 -156.95 -156.95
2.48 -169.451 -169.451 -169.451 -169.451 -169.451 -169.451 -169.451 -169.451 -169.451
2.5 -132.357 -132.357 -132.357 -132.357 -132.357 -132.357 -132.357 -132.357 -132.357
2.52 13.845 13.845 13.845 13.845 13.845 13.845 13.845 13.845 13.845
2.54 188.274 188.274 188.274 188.274 188.274 188.274 188.274 188.274 188.274
2.56 283.829 283.829 283.829 283.829 283.829 283.829 283.829 283.829 283.829
2.58 304.744 304.744 304.744 304.744 304.744 304.744 304.744 304.744 304.744
2.6 300.079 300.079 300.079 300.079 300.079 300.079 300.079 300.079 300.079
2.62 247.225 247.225 247.225 247.225 247.225 247.225 247.225 247.225 247.225
2.64 99.4833 99.4833 99.4833 99.4833 99.4833 99.4833 99.4833 99.4833 99.4833
2.66 -111.415 -111.415 -111.415 -111.415 -111.415 -111.415 -111.415 -111.415 -111.415
2.68 -277.146 -277.146 -277.146 -277.146 -277.146 -277.146 -277.146 -277.146 -277.146
2.7 -313.291 -313.291 -313.291 -313.291 -313.291 -313.291 -313.291 -313.291 -313.291
2.72 -236.164 -236.164 -236.164 -236.164 -236.164 -236.164 -236.164 -236.164 -236.164
2.74 -115.961 -115.961 -115.961 -115.961 -115.961 -115.961 -115.961 -115.961 -115.961
2.76 6.14146 6.14146 6.14146 6.14146 6.14146 6.14146 6.14146 6.14146 6.14146
2.78 147.636 147.636 147.636 147.636 147.636 147.636 147.636 147.636 147.636
2.8 319.672 319.672 319.672 319.672 319.672 319.672 319.672 319.672 319.672
2.82 460.265 460.265 460.265 460.265 460.265 460.265 460.265 460.265 460.265
2.84 494.773 494.773 494.773 494.773 494.773 494.773 494.773 494.773 494.773
2.86 415.434 415.434 415.434 415.434 415.434 415.434 415.434 415.434 415.434
2.88 272.065 272.065 272.065 272.065 272.065 272.065 272.065 272.065 272.065
2.9 123.438 123.438 123.438 123.438 123.438 123.438 123.438 123.438 123.438
2.92 0.000574605 0.000574605 0.000574605 0.000574605 0.000574605 0.000574605 0.000574605 0.000574605 0.000574605
2.94 -113.742 -113.742 -113.742 -113.742 -113.742 -113.742 -113.742 -113.742 -113.742
2.96 -230.231 -230.231 -230.231 -230.231 -230.231 -230.231 -230.231 -230.231 -230.231
2.98 -283.853 -283.853 -283.853 -283.853 -283.853 -283.853 -283.853 -283.853 -283.853
3 -190.976 -190.976 -190.976 -190.976 -190.976 -190.976 -190.976 -190.976 -190.976
3.02 -1.32593 -1.32593 -1.32593 -1.32593 -1.32593 -1.32593 -1.32593 -1.32593 -1.32593
3.04 134.415 134.415 134.415 134.415 134.415 134.415 134.415 134.415 134.415
3.06 169.567 169.567 169.567 169.567 169.567 169.567 169.567 169.567 169.567
3.08 162.921 162.921 162.921 162.921 162.921 162.921 162.921 162.921 162.921
3.1 102.801 102.801 102.801 102.801 102.801 102.801 102.801 102.801 102.801
3.12 -91.3401 -91.3401 -91.3401 -91.3401 -91.3401 -91.3401 -91.3401 -91.3401 -91.3401
3.14 -407.649 -407.649 -407.649 -407.649 -407.649 -407.649 -407.649 -407.649 -407.649
3.16 -704.917 -704.917 -704.917 -704.917 -704.917 -704.917 -704.917 -704.917 -704.917
3.18 -621.912 -621.912 -621.912 -621.912 -621.912 -621.912 -621.912 -621.912 -621.912
3.2 -418.681 -418.681 -418.681 -418.681 -418.681 -418.681 -418.681 -418.681 -418.681
3.22 -308.007 -308.007 -308.007 -308.007 -308.007 -308.007 -308.007 -308.007 -308.007
3.23 -320.128 -320.128 -320.128 -320.128 -320.128 -320.128 -320.128 -320.128 -320.128
3.24 -373.861 -373.861 -373.861 -373.861 -373.861 -373.861 -373.861 -373.861 -373.861
3.25 -429.714 -429.714 -429.714 -429.714 -429.714 -429.714 -429.714 -429.714 -429.714
3.26 -430.425 -430.425 -430.425 -430.425 -430.425 -430.425 -430.425 -430.425 -430.425
3.27 -373.247 -373.247 -373.247 -373.247 -373.247 -373.247 -373.247 -373.247 -373.247
3.28 -291.373 -291.373 -291.373 -291.373 -291.373 -291.373 -291.373 -291.373 -291.373
3.29 -229.552 -229.552 -229.552 -229.552 -229.552 -229.552 -229.552 -229.552 -229.552
3.3 -289.522 -289.522 -289.522 -289.522 -289.522 -289.522 -289.522 -289.522 -289.522
3.31 -426.857 -426.857 -426.857 -426.857 -426.857 -426.857 -426.857 -426.857 -426.857
3.32 -553.643 -553.643 -553.643 -553.643 -553.643 -553.643 -553.643 -553.643 -553.643
3.33 -613.921 -613.921 -613.921 -613.921 -613.921 -613.921 -613.921 -613.921 -613.921
3.34 -584.342 -584.342 -584.342 -584.342 -584.342 -584.342 -584.342 -584.342 -584.342
3.35 -471.699 -471.699 -471.699 -471.699 -471.699 -471.699 -471.699 -471.699 -471.699
3.36 -324.567 -324.567 -324.567 -324.567 -324.567 -324.567 -324.567 -324.567 -324.567
3.37 -185.013 -185.013 -185.013 -185.013 -185.013 -185.013 -185.013 -185.013 -185.013
3.38 -92.283 -92.283 -92.283 -92.283 -92.283 -92.283 -92.283 -92.283 -92.283
3.39 -76.1087 -76.1087 -76.1087 -76.1087 -76.1087 -76.1087 -76.1087 -76.1087 -76.1087
3.4 -134.774 -134.774 -134.774 -134.774 -134.774 -134.774 -134.774 -134.774 -134.774
3.41 -245.723 -245.723 -245.723 -245.723 -245.723 -245.723 -245.723 -245.723 -245.723
3.43 -422.712 -422.712 -422.712 -422.712 -422.712 -422.712 -422.712 -422.712 -422.712
3.45 -457.685 -457.685 -457.685 -457.685 -457.685 -457.685 -457.685 -457.685 -457.685
3.46 -445.319 -445.319 -445.319 -445.319 -445.319 -445.319 -445.319 -445.319 -445.319
3.47 -401.21 -401.21 -401.21 -401.21 -401.21 -401.21 -401.21 -401.21 -401.21
3.48 -356.179 -356.179 -356.179 -356.179 -356.179 -356.179 -356.179 -356.179 -356.179
3.49 -312.222 -312.222 -312.222 -312.222 -312.222 -312.222 -312.222 -312.222 -312.222
3.5 -291.041 -291.041 -291.041 -291.041 -291.041 -291.041 -291.041 -291.041 -291.041
3.51 -278 -278 -278 -278 -278 -278 -278 -278 -278
3.52 -293.792 -293.792 -293.792 -293.792 -293.792 -293.792 -293.792 -293.792 -293.792
3.53 -289.773 -289.773 -289.773 -289.773 -289.773 -289.773 -289.773 -289.773 -289.773
3.54 -225.946 -225.946 -225.946 -225.946 -225.946 -225.946 -225.946 -225.946 -225.946
3.55 -27.707 -27.707 -27.707 -27.707 -27.707 -27.707 -27.707 -27.707 -27.707
3.56 262.682 262.682 262.682 262.682 262.682 262.682 262.682 262.682 262.682
3.57 598.577 598.577 598.577 598.577 598.577 598.577 598.577 598.577 598.577
3.58 704.833 704.833 704.833 704.833 704.833 704.833 704.833 704.833 704.833
3.59 790.855 790.855 790.855 790.855 790.855 790.855 790.855 790.855 790.855
3.6 1071.34 1071.34 1071.34 1071.34 1071.34 1071.34 1071.34 1071.34 1071.34
3.61 1179.14 1179.14 1179.14 1179.14 1179.14 1179.14 1179.14 1179.14 1179.14
3.62 1231.57 1231.57 1231.57 1231.57 1231.57 1231.57 1231.57 1231.57 1231.57
3.63 1238.33 1238.33 1238.33 1238.33 1238.33 1238.33 1238.33 1238.33 1238.33
3.64 1300.92 1300.92 1300.92 1300.92 1300.92 1300.92 1300.92 1300.92 1300.92
3.65 1331.94 1331.94 1331.94 1331.94 1331.94 1331.94 1331.94 1331.94 1331.94
3.66 1326.75 1326.75 1326.75 1326.75 1326.75 1326.75 1326.75 1326.75 1326.75
3.67 1160.62 1160.62 1160.62 1160.62 1160.62 1160.62 1160.62 1160.62 1160.62
3.68 883.646 883.646 883.646 883.646 883.646 883.646 883.646 883.646 883.646
3.69 498.339 498.339 498.339 498.339 498.339 498.339 498.339 498.339 498.339
3.7 168.479 168.479 168.479 168.479 168.479 168.479 168.479 168.479 168.479
3.71 -64.6213 -64.6213 -64.6213 -64.6213 -64.6213 -64.6213 -64.6213 -64.6213 -64.6213
3.72 -94.8586 -94.8586 -94.8586 -94.8586 -94.8586 -94.8586 -94.8586 -94.8586 -94.8586
3.73 -17.93 -17.93 -17.93 -17.93 -17.93 -17.93 -17.93 -17.93 -17.93
3.74 88.2387 88.2387 88.2387 88.2387 88.2387 88.2387 88.2387 88.2387 88.2387
3.75 124.393 124.393 124.393 124.393 124.393 124.393 124.393 124.393 124.393
3.76 167.929 167.929 167.929 167.929 167.929 167.929 167.929 167.929 167.929
3.77 118.88 118.88 118.88 118.88 118.88 118.88 118.88 118.88 118.88
3.78 63.2381 63.2381 63.2381 63.2381 63.2381 63.2381 63.2381 63.2381 63.2381
3.79 9.78917 9.78917 9.78917 9.78917 9.78917 9.78917 9.78917 9.78917 9.78917
3.8 31.0889 31.0889 31.0889 31.0889 31.0889 31.0889 31.0889 31.0889 31.0889
3.81 108.617 108.617 108.617 108.617 108.617 108.617 108.617 108.617 108.617
3.82 323.695 323.695 323.695 323.695 323.695 323.695 323.695 323.695 323.695
3.83 548.195 548.195 548.195 548.195 548.195 548.195 548.195 548.195 548.195
3.84 796.69 796.69 796.69 796.69 796.69 796.69 796.69 796.69 796.69
3.85 917.597 917.597 917.597 917.597 917.597 917.597 917.597 917.597 917.597
3.86 907.877 907.877 907.877 907.877 907.877 907.877 907.877 907.877 907.877
3.87 752.495 752.495 752.495 752.495 752.495 752.495 752.495 752.495 752.495
3.88 594.374 594.374 594.374 594.374 594.374 594.374 594.374 594.374 594.374
3.89 471.571 471.571 471.571 471.571 471.571 471.571 471.571 471.571 471.571
3.9 472.71 472.71 472.71 472.71 472.71 472.71 472.71 472.71 472.71
3.91 499.319 499.319 499.319 499.319 499.319 499.319 499.319 499.319 499.319
3.92 521.296 521.296 521.296 521.296 521.296 521.296 521.296 521.296 521.296
3.93 427.641 427.641 427.641 427.641 427.641 427.641 427.641 427.641 427.641
3.94 260.078 260.078 260.078 260.078 260.078 260.078 260.078 260.078 260.078
3.95 25.3077 25.3077 25.3077 25.3077 25.3077 25.3077 25.3077 25.3077 25.3077
3.96 -136.264 -136.264 -136.264 -136.264 -136.264 -136.264 -136.264 -136.264 -136.264
3.97 -228.279 -228.279 -228.279 -228.279 -228.279 -228.279 -228.279 -228.279 -228.279
3.98 -218.756 -218.756 -218.756 -218.756 -218.756 -218.756 -218.756 -218.756 -218.756
3.99 -231.057 -231.057 -231.057 -231.057 -231.057 -231.057 -231.057 -231.057 -231.057
4 -293.249 -293.249 -293.249 -293.249 -293.249 -293.249 -293.249 -293.249 -293.249
4.01 -486.027 -486.027 -486.027 -486.027 -486.027 -486.027 -486.027 -486.027 -486.027
4.02 -732.426 -732.426 -732.426 -732.426 -732.426 -732.426 -732.426 -732.426 -732.426
4.03 -857.174 -857.174 -857.174 -857.174 -857.174 -857.174 -857.174 -857.174 -857.174
4.04 -858.746 -858.746 -858.746 -858.746 -858.746 -858.746 -858.746 -858.746 -858.746
4.05 -701.785 -701.785 -701.785 -701.785 -701.785 -701.785 -701.785 -701.785 -701.785
4.06 -373.465 -373.465 -373.465 -373.465 -373.465 -373.465 -373.465 -373.465 -373.465
4.07 -63.5771 -63.5771 -63.5771 -63.5771 -63.5771 -63.5771 -63.5771 -63.5771 -63.5771
4.08 166.544 166.544 166.544 166.544 166.544 166.544 166.544 166.544 166.544
4.09 193.042 193.042 193.042 193.042 193.042 193.042 193.042 193.042 193.042
4.1 107.19 107.19 107.19 107.19 107.19 107.19 107.19 107.19 107.19
4.11 11.443 11.443 11.443 11.443 11.443 11.443 11.443 11.443 11.443
4.12 15.1582 15.1582 15.1582 15.1582 15.1582 15.1582 15.1582 15.1582 15.1582
4.13 113.612 113.612 113.612 113.612 113.612 113.612 113.612 113.612 113.612
4.14 297.679 297.679 297.679 297.679 297.679 297.679 297.679 297.679 297.679
4.15 460.861 460.861 460.861 460.861 460.861 460.861 460.861 460.861 460.861
4.16 500.14 500.14 500.14 500.14 500.14 500.14 500.14 500.14 500.14
4.17 397.532 397.532 397.532 397.532 397.532 397.532 397.532 397.532 397.532
4.18 258.481 258.481 258.481 258.481 258.481 258.481 258.481 258.481 258.481
4.19 123.304 123.304 123.304 123.304 123.304 123.304 123.304 123.304 123.304
4.2 73.9454 73.9454 73.9454 73.9454 73.9454 73.9454 73.9454 73.9454 73.9454
4.21 103.493 103.493 103.493 103.493 103.493 103.493 103.493 103.493 103.493
4.22 195.304 195.304 195.304 195.304 195.304 195.304 195.304 195.304 195.304
4.23 283.79 283.79 283.79 283.79 283.79 283.79 283.79 283.79 283.79
4.24 340.576 340.576 340.576 340.576 340.576 340.576 340.576 340.576 340.576
4.25 322.528 322.528 322.528 322.528 322.528 322.528 322.528 322.528 322.528
4.26 260.615 260.615 260.615 260.615 260.615 260.615 260.615 260.615 260.615
4.27 165.106 165.106 165.106 165.106 165.106 165.106 165.106 165.106 165.106
4.28 89.2655 89.2655 89.2655 89.2655 89.2655 89.2655 89.2655 89.2655 89.2655
4.29 34.6819 34.6819 34.6819 34.6819 34.6819 34.6819 34.6819 34.6819 34.6819
4.3 26.8136 26.8136 26.8136 26.8136 26.8136 26.8136 26.8136 26.8136 26.8136
4.31 32.1092 32.1092 32.1092 32.1092 32.1092 32.1092 32.1092 32.1092 32.1092
4.32 43.1901 43.1901 43.1901 43.1901 43.1901 43.1901 43.1901 43.1901 43.1901
4.33 26.6355 26.6355 26.6355 26.6355 26.6355 26.6355 26.6355 26.6355 26.6355
4.34 -6.95209 -6.95209 -6.95209 -6.95209 -6.95209 -6.95209 -6.95209 -6.95209 -6.95209
4.35 -67.4912 -67.4912 -67.4912 -67.4912 -67.4912 -67.4912 -67.4912 -67.4912 -67.4912
4.36 -316.047 -316.047 -316.047 -316.047 -316.047 -316.047 -316.047 -316.047 -316.047
4.37 -235.988 -235.988 -235.988 -235.988 -235.988 -235.988 -235.988 -235.988 -235.988
4.38 206.722 206.722 206.722 206.722 206.722 206.722 206.722 206.722 206.722
4.39 676.396 676.396 676.396 676.396 676.396 676.396 676.396 676.396 676.396
4.4 906.036 906.036 906.036 906.036 906.036 906.036 906.036 906.036 906.036
4.41 833.071 833.071 833.071 833.071 833.071 833.071 833.071 833.071 833.071
4.42 573.442 573.442 573.442 573.442 573.442 573.442 573.442 573.442 573.442
4.43 340.216 340.216 340.216 340.216 340.216 340.216 340.216 340.216 340.216
4.44 601.249 601.249 601.249 601.249 601.249 601.249 601.249 601.249 601.249
4.45 589.398 589.398 589.398 589.398 589.398 589.398 589.398 589.398 589.398
4.46 624.582 624.582 624.582 624.582 624.582 624.582 624.582 624.582 624.582
4.47 637.263 637.263 637.263 637.263 637.263 637.263 637.263 637.263 637.263
4.48 658.554 658.554 658.554 658.554 658.554 658.554 658.554 658.554 658.554
4.49 794.14 794.14 794.14 794.14 794.14 794.14 794.14 794.14 794.14
4.5 1181.71 1181.71 1181.71 1181.71 1181.71 1181.71 1181.71 1181.71 1181.71
4.51 1194.45 1194.45 1194.45 1194.45 1194.45 1194.45 1194.45 1194.45 1194.45
4.52 1142.9 1142.9 1142.9 1142.9 1142.9 1142.9 1142.9 1142.9 1142.9
4.53 1040.88 1040.88 1040.88 1040.88 1040.88 1040.88 1040.88 1040.88 1040.88
4.54 920.595 920.595 920.595 920.595 920.595 920.595 920.595 920.595 920.595
4.55 807.019 807.019 807.019 807.019 807.019 807.019 807.019 807.019 807.019
4.56 713.941 713.941 713.941 713.941 713.941 713.941 713.941 713.941 713.941
4.57 697.263 697.263 697.263 697.263 697.263 697.263 697.263 697.263 697.263
4.58 766.132 766.132 766.132 766.132 766.132 766.132 766.132 766.132 766.132
4.59 892.914 892.914 892.914 892.914 892.914 892.914 892.914 892.914 892.914
