0.02 0.00236546 0.00236546 0.00236546 0.00236546 0.00236546 0.00236546 0.00236546 0.00236546 0.00236546
0.04 -0.0211285 -0.0211285 -0.0211285 -0.0211285 -0.0211285 -0.0211285 -0.0211285 -0.0211285 -0.0211285
0.06 -0.0958576 -0.0958576 -0.0958576 -0.0958576 -0.0958576 -0.0958576 -0.0958576 -0.0958576 -0.0958576
0.08 -0.153283 -0.153283 -0.153283 -0.153283 -0.153283 -0.153283 -0.153283 -0.153283 -0.153283
0.1 0.0720385 0.0720385 0.0720385 0.0720385 0.0720385 0.0720385 0.0720385 0.0720385 0.0720385
0.12 0.830872 0.830872 0.830872 0.830872 0.830872 0.830872 0.830872 0.830872 0.830872
0.14 1.77091 1.77091 1.77091 1.77091 1.77091 1.77091 1.77091 1.77091 1.77091
0.16 1.85673 1.85673 1.85673 1.85673 1.85673 1.85673 1.85673 1.85673 1.85673
0.18 -0.0839589 -0.0839589 -0.0839589 -0.0839589 -0.0839589 -0.0839589 -0.0839589 -0.0839589 -0.0839589
0.2 -4.49369 -4.49369 -4.49369 -4.49369 -4.49369 -4.49369 -4.49369 -4.49369 -4.49369
0.22 -10.8013 -10.8013 -10.8013 -10.8013 -10.8013 -10.8013 -10.8013 -10.8013 -10.8013
0.24 -17.5967 -17.5967 -17.5967 -17.5967 -17.5967 -17.5967 -17.5967 -17.5967 -17.5967
0.26 -22.8603 -22.8603 -22.8603 -22.8603 -22.8603 -22.8603 -22.8603 -22.8603 -22.8603
0.28 -24.4956 -24.4956 -24.4956 -24.4956 -24.4956 -24.4956 -24.4956 -24.4956 -24.4956
0.3 -21.3038 -21.3038 -21.3038 -21.3038 -21.3038 -21.3038 -21.3038 -21.3038 -21.3038
0.32 -13.3594 -13.3594 -13.3594 -13.3594 -13.3594 -13.3594 -13.3594 -13.3594 -13.3594
0.34 -1.49746 -1.49746 -1.49746 -1.49746 -1.49746 -1.49746 -1.49746 -1.49746 -1.49746
0.36 12.2515 12.2515 12.2515 12.2515 12.2515 12.2515 12.2515 12.2515 12.2515
0.38 24.4296 24.4296 24.4296 24.4296 24.4296 24.4296 24.4296 24.4296 24.4296
0.4 31.2239 31.2239 31.2239 31.2239 31.2239 31.2239 31.2239 31.2239 31.2239
0.42 30.7976 30.7976 30.7976 30.7976 30.7976 30.7976 30.7976 30.7976 30.7976
0.44 23.7893 23.7893 23.7893 23.7893 23.7893 23.7893 23.7893 23.7893 23.7893
0.46 12.4583 12.4583 12.4583 12.4583 12.4583 12.4583 12.4583 12.4583 12.4583
0.48 -0.854238 -0.854238 -0.854238 -0.854238 -0.854238 -0.854238 -0.854238 -0.854238 -0.854238
0.5 -13.5609 -13.5609 -13.5609 -13.5609 -13.5609 -13.5609 -13.5609 -13.5609 -13.5609
0.52 -21.3086 -21.3086 -21.3086 -21.3086 -21.3086 -21.3086 -21.3086 -21.3086 -21.3086
0.54 -19.3306 -19.3306 -19.3306 -19.3306 -19.3306 -19.3306 -19.3306 -19.3306 -19.3306
0.56 -7.24521 -7.24521 -7.24521 -7.24521 -7.24521 -7.24521 -7.24521 -7.24521 -7.24521
0.58 7.84817 7.84817 7.84817 7.84817 7.84817 7.84817 7.84817 7.84817 7.84817
0.6 18.671 18.671 18.671 18.671 18.671 18.671 18.671 18.671 18.671
0.62 22.809 22.809 22.809 22.809 22.809 22.809 22.809 22.809 22.809
0.64 20.1775 20.1775 20.1775 20.1775 20.1775 20.1775 20.1775 20.1775 20.1775
0.66 8.14497 8.14497 8.14497 8.14497 8.14497 8.14497 8.14497 8.14497 8.14497
0.68 -12.6846 -12.6846 -12.6846 -12.6846 -12.6846 -12.6846 -12.6846 -12.6846 -12.6846
0.7 -33.4724 -33.4724 -33.4724 -33.4724 -33.4724 -33.4724 -33.4724 -33.4724 -33.4724
0.72 -47.7131 -47.7131 -47.7131 -47.7131 -47.7131 -47.7131 -47.7131 -47.7131 -47.7131
0.74 -57.8563 -57.8563 -57.8563 -57.8563 -57.8563 -57.8563 -57.8563 -57.8563 -57.8563
0.76 -69.305 -69.305 -69.305 -69.305 -69.305 -69.305 -69.305 -69.305 -69.305
0.78 -77.0198 -77.0198 -77.0198 -77.0198 -77.0198 -77.0198 -77.0198 -77.0198 -77.0198
0.8 -72.7307 -72.7307 -72.7307 -72.7307 -72.7307 -72.7307 -72.7307 -72.7307 -72.7307
0.82 -61.8494 -61.8494 -61.8494 -61.8494 -61.8494 -61.8494 -61.8494 -61.8494 -61.8494
0.84 -55.8974 -55.8974 -55.8974 -55.8974 -55.8974 -55.8974 -55.8974 -55.8974 -55.8974
0.86 -54.0041 -54.0041 -54.0041 -54.0041 -54.0041 -54.0041 -54.0041 -54.0041 -54.0041
0.88 -45.2988 -45.2988 -45.2988 -45.2988 -45.2988 -45.2988 -45.2988 -45.2988 -45.2988
0.9 -30.7369 -30.7369 -30.7369 -30.7369 -30.7369 -30.7369 -30.7369 -30.7369 -30.7369
0.92 -26.4018 -26.4018 -26.4018 -26.4018 -26.4018 -26.4018 -26.4018 -26.4018 -26.4018
0.94 -40.6939 -40.6939 -40.6939 -40.6939 -40.6939 -40.6939 -40.6939 -40.6939 -40.6939
0.96 -60.9309 -60.9309 -60.9309 -60.9309 -60.9309 -60.9309 -60.9309 -60.9309 -60.9309
0.98 -70.0126 -70.0126 -70.0126 -70.0126 -70.0126 -70.0126 -70.0126 -70.0126 -70.0126
1 -67.4615 -67.4615 -67.4615 -67.4615 -67.4615 -67.4615 -67.4615 -67.4615 -67.4615
1.02 -63.128 -63.128 -63.128 -63.128 -63.128 -63.128 -63.128 -63.128 -63.128
1.04 -56.5639 -56.5639 -56.5639 -56.5639 -56.5639 -56.5639 -56.5639 -56.5639 -56.5639
1.06 -35.8883 -35.8883 -35.8883 -35.8883 -35.8883 -35.8883 -35.8883 -35.8883 -35.8883
1.08 4.02341 4.02341 4.02341 4.02341 4.02341 4.02341 4.02341 4.02341 4.02341
1.1 52.2212 52.2212 52.2212 52.2212 52.2212 52.2212 52.2212 52.2212 52.2212
1.12 94.4385 94.4385 94.4385 94.4385 94.4385 94.4385 94.4385 94.4385 94.4385
1.14 126.854 126.854 126.854 126.854 126.854 126.854 126.854 126.854 126.854
1.16 151.209 151.209 151.209 151.209 151.209 151.209 151.209 151.209 151.209
1.18 161.858 161.858 161.858 161.858 161.858 161.858 161.858 161.858 161.858
1.2 149.683 149.683 149.683 149.683 149.683 149.683 149.683 149.683 149.683
1.22 121.459 121.459 121.459 121.459 121.459 121.459 121.459 121.459 121.459
1.24 100.515 100.515 100.515 100.515 100.515 100.515 100.515 100.515 100.515
1.26 100.052 100.052 100.052 100.052 100.052 100.052 100.052 100.052 100.052
1.28 106.423 106.423 106.423 106.423 106.423 106.423 106.423 106.423 106.423
1.3 104.01 104.01 104.01 104.01 104.01 104.01 104.01 104.01 104.01
1.32 105.111 105.111 105.111 105.111 105.111 105.111 105.111 105.111 105.111
1.34 131.616 131.616 131.616 131.616 131.616 131.616 131.616 131.616 131.616
1.36 172.505 172.505 172.505 172.505 172.505 172.505 172.505 172.505 172.505
1.38 188.583 188.583 188.583 188.583 188.583 188.583 188.583 188.583 188.583
1.4 165.432 165.432 165.432 165.432 165.432 165.432 165.432 165.432 165.432
1.42 129.766 129.766 129.766 129.766 129.766 129.766 129.766 129.766 129.766
1.44 101.735 101.735 101.735 101.735 101.735 101.735 101.735 101.735 101.735
1.46 64.017 64.017 64.017 64.017 64.017 64.017 64.017 64.017 64.017
1.48 0.0019369 0.0019369 0.0019369 0.0019369 0.0019369 0.0019369 0.0019369 0.0019369 0.0019369
1.5 -66.2319 -66.2319 -66.2319 -66.2319 -66.2319 -66.2319 -66.2319 -66.2319 -66.2319
1.52 -100.131 -100.131 -100.131 -100.131 -100.131 -100.131 -100.131 -100.131 -100.131
1.54 -106.651 -106.651 -106.651 -106.651 -106.651 -106.651 -106.651 -106.651 -106.651
1.56 -114.143 -114.143 -114.143 -114.143 -114.143 -114.143 -114.143 -114.143 -114.143
1.58 -119.017 -119.017 -119.017 -119.017 -119.017 -119.017 -119.017 -119.017 -119.017
1.6 -90.1987 -90.1987 -90.1987 -90.1987 -90.1987 -90.1987 -90.1987 -90.1987 -90.1987
1.62 -29.4169 -29.4169 -29.4169 -29.4169 -29.4169 -29.4169 -29.4169 -29.4169 -29.4169
1.64 18.4645 18.4645 18.4645 18.4645 18.4645 18.4645 18.4645 18.4645 18.4645
1.66 26.4768 26.4768 26.4768 26.4768 26.4768 26.4768 26.4768 26.4768 26.4768
1.68 17.7663 17.7663 17.7663 17.7663 17.7663 17.7663 17.7663 17.7663 17.7663
1.7 17.0878 17.0878 17.0878 17.0878 17.0878 17.0878 17.0878 17.0878 17.0878
1.72 6.35864 6.35864 6.35864 6.35864 6.35864 6.35864 6.35864 6.35864 6.35864
1.74 -38.8175 -38.8175 -38.8175 -38.8175 -38.8175 -38.8175 -38.8175 -38.8175 -38.8175
1.76 -93.9799 -93.9799 -93.9799 -93.9799 -93.9799 -93.9799 -93.9799 -93.9799 -93.9799
1.78 -110.266 -110.266 -110.266 -110.266 -110.266 -110.266 -110.266 -110.266 -110.266
1.8 -83.3497 -83.3497 -83.3497 -83.3497 -83.3497 -83.3497 -83.3497 -83.3497 -83.3497
1.82 -52.7899 -52.7899 -52.7899 -52.7899 -52.7899 -52.7899 -52.7899 -52.7899 -52.7899
1.84 -31.4643 -31.4643 -31.4643 -31.4643 -31.4643 -31.4643 -31.4643 -31.4643 -31.4643
1.86 17.0328 17.0328 17.0328 17.0328 17.0328 17.0328 17.0328 17.0328 17.0328
1.88 113.251 113.251 113.251 113.251 113.251 113.251 113.251 113.251 113.251
1.9 216.823 216.823 216.823 216.823 216.823 216.823 216.823 216.823 216.823
1.92 274.015 274.015 274.015 274.015 274.015 274.015 274.015 274.015 274.015
1.94 278.627 278.627 278.627 278.627 278.627 278.627 278.627 278.627 278.627
1.96 254.987 254.987 254.987 254.987 254.987 254.987 254.987 254.987 254.987
1.98 204.602 204.602 204.602 204.602 204.602 204.602 204.602 204.602 204.602
2 114.436 114.436 114.436 114.436 114.436 114.436 114.436 114.436 114.436
2.02 8.14621 8.14621 8.14621 8.14621 8.14621 8.14621 8.14621 8.14621 8.14621
2.04 -59.2329 -59.2329 -59.2329 -59.2329 -59.2329 -59.2329 -59.2329 -59.2329 -59.2329
2.06 -67.1326 -67.1326 -67.1326 -67.1326 -67.1326 -67.1326 -67.1326 -67.1326 -67.1326
2.08 -51.8866 -51.8866 -51.8866 -51.8866 -51.8866 -51.8866 -51.8866 -51.8866 -51.8866
2.1 -46.8027 -46.8027 -46.8027 -46.8027 -46.8027 -46.8027 -46.8027 -46.8027 -46.8027
2.12 -35.968 -35.968 -35.968 -35.968 -35.968 -35.968 -35.968 -35.968 -35.968
2.14 9.7182 9.7182 9.7182 9.7182 9.7182 9.7182 9.7182 9.7182 9.7182
2.16 78.7624 78.7624 78.7624 78.7624 78.7624 78.7624 78.7624 78.7624 78.7624
2.18 131.321 131.321 131.321 131.321 131.321 131.321 131.321 131.321 131.321
2.2 146.743 146.743 146.743 146.743 146.743 146.743 146.743 146.743 146.743
2.22 130.392 130.392 130.392 130.392 130.392 130.392 130.392 130.392 130.392
2.24 82.7493 82.7493 82.7493 82.7493 82.7493 82.7493 82.7493 82.7493 82.7493
2.26 -4.85487 -4.85487 -4.85487 -4.85487 -4.85487 -4.85487 -4.85487 -4.85487 -4.85487
2.28 -117.801 -117.801 -117.801 -117.801 -117.801 -117.801 -117.801 -117.801 -117.801
2.3 -207.387 -207.387 -207.387 -207.387 -207.387 -207.387 -207.387 -207.387 -207.387
2.32 -227.45 -227.45 -227.45 -227.45 -227.45 -227.45 -227.45 -227.45 -227.45
2.34 -176.762 -176.762 -176.762 -176.762 -176.762 -176.762 -176.762 -176.762 -176.762
2.36 -93.161 -93.161 -93.161 -93.161 -93.161 -93.161 -93.161 -93.161 -93.161
2.38 -13.1542 -13.1542 -13.1542 -13.1542 -13.1542 -13.1542 -13.1542 -13.1542 -13.1542
2.4 46.3432 46.3432 46.3432 46.3432 46.3432 46.3432 46.3432 46.3432 46.3432
2.42 75.952 75.952 75.952 75.952 75.952 75.952 75.952 75.952 75.952
2.44 65.1759 65.1759 65.1759 65.1759 65.1759 65.1759 65.1759 65.1759 65.1759
2.46 12.9852 12.9852 12.9852 12.9852 12.9852 12.9852 12.9852 12.9852 12.9852
2.48 -57.9639 -57.9639 -57.9639 -57.9639 -57.9639 -57.9639 -57.9639 -57.9639 -57.9639
2.5 -114.371 -114.371 -114.371 -114.371 -114.371 -114.371 -114.371 -114.371 -114.371
2.52 -144.847 -144.847 -144.847 -144.847 -144.847 -144.847 -144.847 -144.847 -144.847
2.54 -169.364 -169.364 -169.364 -169.364 -169.364 -169.364 -169.364 -169.364 -169.364
2.56 -208.176 -208.176 -208.176 -208.176 -208.176 -208.176 -208.176 -208.176 -208.176
2.58 -247.616 -247.616 -247.616 -247.616 -247.616 -247.616 -247.616 -247.616 -247.616
2.6 -246.187 -246.187 -246.187 -246.187 -246.187 -246.187 -246.187 -246.187 -246.187
2.62 -168.752 -168.752 -168.752 -168.752 -168.752 -168.752 -168.752 -168.752 -168.752
2.64 -10.6315 -10.6315 -10.6315 -10.6315 -10.6315 -10.6315 -10.6315 -10.6315 -10.6315
2.66 199.727 199.727 199.727 199.727 199.727 199.727 199.727 199.727 199.727
2.68 405.611 405.611 405.611 405.611 405.611 405.611 405.611 405.611 405.611
2.7 536.202 536.202 536.202 536.202 536.202 536.202 536.202 536.202 536.202
2.72 535.985 535.985 535.985 535.985 535.985 535.985 535.985 535.985 535.985
2.74 401.467 401.467 401.467 401.467 401.467 401.467 401.467 401.467 401.467
2.76 194.288 194.288 194.288 194.288 194.288 194.288 194.288 194.288 194.288
2.78 7.60721 7.60721 7.60721 7.60721 7.60721 7.60721 7.60721 7.60721 7.60721
2.8 -91.7679 -91.7679 -91.7679 -91.7679 -91.7679 -91.7679 -91.7679 -91.7679 -91.7679
2.82 -99.8747 -99.8747 -99.8747 -99.8747 -99.8747 -99.8747 -99.8747 -99.8747 -99.8747
2.84 -59.407 -59.407 -59.407 -59.407 -59.407 -59.407 -59.407 -59.407 -59.407
2.86 -12.5706 -12.5706 -12.5706 -12.5706 -12.5706 -12.5706 -12.5706 -12.5706 -12.5706
2.88 30.1333 30.1333 30.1333 30.1333 30.1333 30.1333 30.1333 30.1333 30.1333
2.9 85.1815 85.1815 85.1815 85.1815 85.1815 85.1815 85.1815 85.1815 85.1815
2.92 168.573 168.573 168.573 168.573 168.573 168.573 168.573 168.573 168.573
2.94 273.359 273.359 273.359 273.359 273.359 273.359 273.359 273.359 273.359
2.96 368.718 368.718 368.718 368.718 368.718 368.718 368.718 368.718 368.718
2.98 414.853 414.853 414.853 414.853 414.853 414.853 414.853 414.853 414.853
3 377.034 377.034 377.034 377.034 377.034 377.034 377.034 377.034 377.034
3.02 240.274 240.274 240.274 240.274 240.274 240.274 240.274 240.274 240.274
3.04 31.5396 31.5396 31.5396 31.5396 31.5396 31.5396 31.5396 31.5396 31.5396
3.06 -173.096 -173.096 -173.096 -173.096 -173.096 -173.096 -173.096 -173.096 -173.096
3.08 -286.411 -286.411 -286.411 -286.411 -286.411 -286.411 -286.411 -286.411 -286.411
3.1 -271.463 -271.463 -271.463 -271.463 -271.463 -271.463 -271.463 -271.463 -271.463
3.12 -161.846 -161.846 -161.846 -161.846 -161.846 -161.846 -161.846 -161.846 -161.846
3.14 -29.8881 -29.8881 -29.8881 -29.8881 -29.8881 -29.8881 -29.8881 -29.8881 -29.8881
3.16 53.251 53.251 53.251 53.251 53.251 53.251 53.251 53.251 53.251
3.18 34.2954 34.2954 34.2954 34.2954 34.2954 34.2954 34.2954 34.2954 34.2954
3.2 -132.146 -132.146 -132.146 -132.146 -132.146 -132.146 -132.146 -132.146 -132.146
3.22 -401.887 -401.887 -401.887 -401.887 -401.887 -401.887 -401.887 -401.887 -401.887
3.23 -542.649 -542.649 -542.649 -542.649 -542.649 -542.649 -542.649 -542.649 -542.649
3.24 -646.788 -646.788 -646.788 -646.788 -646.788 -646.788 -646.788 -646.788 -646.788
3.25 -692.899 -692.899 -692.899 -692.899 -692.899 -692.899 -692.899 -692.899 -692.899
3.26 -682.347 -682.347 -682.347 -682.347 -682.347 -682.347 -682.347 -682.347 -682.347
3.27 -620.613 -620.613 -620.613 -620.613 -620.613 -620.613 -620.613 -620.613 -620.613
3.28 -522.889 -522.889 -522.889 -522.889 -522.889 -522.889 -522.889 -522.889 -522.889
3.29 -411.281 -411.281 -411.281 -411.281 -411.281 -411.281 -411.281 -411.281 -411.281
3.3 -355.529 -355.529 -355.529 -355.529 -355.529 -355.529 -355.529 -355.529 -355.529
3.31 -315.413 -315.413 -315.413 -315.413 -315.413 -315.413 -315.413 -315.413 -315.413
3.32 -292.892 -292.892 -292.892 -292.892 -292.892 -292.892 -292.892 -292.892 -292.892
3.33 -272.659 -272.659 -272.659 -272.659 -272.659 -272.659 -272.659 -272.659 -272.659
3.34 -255.152 -255.152 -255.152 -255.152 -255.152 -255.152 -255.152 -255.152 -255.152
3.35 -235.462 -235.462 -235.462 -235.462 -235.462 -235.462 -235.462 -235.462 -235.462
3.36 -226.751 -226.751 -226.751 -226.751 -226.751 -226.751 -226.751 -226.751 -226.751
3.37 -221.681 -221.681 -221.681 -221.681 -221.681 -221.681 -221.681 -221.681 -221.681
3.38 -227.671 -227.671 -227.671 -227.671 -227.671 -227.671 -227.671 -227.671 -227.671
3.39 -237.744 -237.744 -237.744 -237.744 -237.744 -237.744 -237.744 -237.744 -237.744
3.4 -255.622 -255.622 -255.622 -255.622 -255.622 -255.622 -255.622 -255.622 -255.622
3.41 -270.9 -270.9 -270.9 -270.9 -270.9 -270.9 -270.9 -270.9 -270.9
3.43 -279.792 -279.792 -279.792 -279.792 -279.792 -279.792 -279.792 -279.792 -279.792
3.45 -237.103 -237.103 -237.103 -237.103 -237.103 -237.103 -237.103 -237.103 -237.103
3.46 -197.712 -197.712 -197.712 -197.712 -197.712 -197.712 -197.712 -197.712 -197.712
3.47 -144.832 -144.832 -144.832 -144.832 -144.832 -144.832 -144.832 -144.832 -144.832
3.48 -87.3085 -87.3085 -87.3085 -87.3085 -87.3085 -87.3085 -87.3085 -87.3085 -87.3085
3.49 -25.7932 -25.7932 -25.7932 -25.7932 -25.7932 -25.7932 -25.7932 -25.7932 -25.7932
3.5 29.935 29.935 29.935 29.935 29.935 29.935 29.935 29.935 29.935
3.51 78.526 78.526 78.526 78.526 78.526 78.526 78.526 78.526 78.526
3.52 111.388 111.388 111.388 111.388 111.388 111.388 111.388 111.388 111.388
3.53 128.31 128.31 128.31 128.31 128.31 128.31 128.31 128.31 128.31
3.54 122.928 122.928 122.928 122.928 122.928 122.928 122.928 122.928 122.928
3.55 96.3579 96.3579 96.3579 96.3579 96.3579 96.3579 96.3579 96.3579 96.3579
3.56 43.3286 43.3286 43.3286 43.3286 43.3286 43.3286 43.3286 43.3286 43.3286
3.57 -34.7746 -34.7746 -34.7746 -34.7746 -34.7746 -34.7746 -34.7746 -34.7746 -34.7746
3.58 -142.289 -142.289 -142.289 -142.289 -142.289 -142.289 -142.289 -142.289 -142.289
3.59 -261.703 -261.703 -261.703 -261.703 -261.703 -261.703 -261.703 -261.703 -261.703
3.6 -383.345 -383.345 -383.345 -383.345 -383.345 -383.345 -383.345 -383.345 -383.345
3.61 -538.086 -538.086 -538.086 -538.086 -538.086 -538.086 -538.086 -538.086 -538.086
3.62 -698.463 -698.463 -698.463 -698.463 -698.463 -698.463 -698.463 -698.463 -698.463
3.63 -838.466 -838.466 -838.466 -838.466 -838.466 -838.466 -838.466 -838.466 -838.466
3.64 -921.914 -921.914 -921.914 -921.914 -921.914 -921.914 -921.914 -921.914 -921.914
3.65 -935.693 -935.693 -935.693 -935.693 -935.693 -935.693 -935.693 -935.693 -935.693
3.66 -855.69 -855.69 -855.69 -855.69 -855.69 -855.69 -855.69 -855.69 -855.69
3.67 -683.28 -683.28 -683.28 -683.28 -683.28 -683.28 -683.28 -683.28 -683.28
3.68 -416.434 -416.434 -416.434 -416.434 -416.434 -416.434 -416.434 -416.434 -416.434
3.69 -75.0831 -75.0831 -75.0831 -75.0831 -75.0831 -75.0831 -75.0831 -75.0831 -75.0831
3.7 321.189 321.189 321.189 321.189 321.189 321.189 321.189 321.189 321.189
3.71 735.136 735.136 735.136 735.136 735.136 735.136 735.136 735.136 735.136
3.72 1128.77 1128.77 1128.77 1128.77 1128.77 1128.77 1128.77 1128.77 1128.77
3.73 1385.56 1385.56 1385.56 1385.56 1385.56 1385.56 1385.56 1385.56 1385.56
3.74 1428.08 1428.08 1428.08 1428.08 1428.08 1428.08 1428.08 1428.08 1428.08
3.75 1369.14 1369.14 1369.14 1369.14 1369.14 1369.14 1369.14 1369.14 1369.14
3.76 1286.79 1286.79 1286.79 1286.79 1286.79 1286.79 1286.79 1286.79 1286.79
3.77 1182.68 1182.68 1182.68 1182.68 1182.68 1182.68 1182.68 1182.68 1182.68
3.78 1038.29 1038.29 1038.29 1038.29 1038.29 1038.29 1038.29 1038.29 1038.29
3.79 878.996 878.996 878.996 878.996 878.996 878.996 878.996 878.996 878.996
3.8 727.802 727.802 727.802 727.802 727.802 727.802 727.802 727.802 727.802
3.81 609.611 609.611 609.611 609.611 609.611 609.611 609.611 609.611 609.611
3.82 538.884 538.884 538.884 538.884 538.884 538.884 538.884 538.884 538.884
3.83 511.015 511.015 511.015 511.015 511.015 511.015 511.015 511.015 511.015
3.84 507.138 507.138 507.138 507.138 507.138 507.138 507.138 507.138 507.138
3.85 511.021 511.021 511.021 511.021 511.021 511.021 511.021 511.021 511.021
3.86 513.347 513.347 513.347 513.347 513.347 513.347 513.347 513.347 513.347
3.87 517.033 517.033 517.033 517.033 517.033 517.033 517.033 517.033 517.033
3.88 531.773 531.773 531.773 531.773 531.773 531.773 531.773 531.773 531.773
3.89 565.399 565.399 565.399 565.399 565.399 565.399 565.399 565.399 565.399
3.9 622.532 622.532 622.532 622.532 622.532 622.532 622.532 622.532 622.532
3.91 694.051 694.051 694.051 694.051 694.051 694.051 694.051 694.051 694.051
3.92 761.904 761.904 761.904 761.904 761.904 761.904 761.904 761.904 761.904
3.93 801.771 801.771 801.771 801.771 801.771 801.771 801.771 801.771 801.771
3.94 820.51 820.51 820.51 820.51 820.51 820.51 820.51 820.51 820.51
3.95 833.12 833.12 833.12 833.12 833.12 833.12 833.12 833.12 833.12
3.96 840.686 840.686 840.686 840.686 840.686 840.686 840.686 840.686 840.686
3.97 857.901 857.901 857.901 857.901 857.901 857.901 857.901 857.901 857.901
3.98 868.506 868.506 868.506 868.506 868.506 868.506 868.506 868.506 868.506
3.99 868.763 868.763 868.763 868.763 868.763 868.763 868.763 868.763 868.763
4 844.665 844.665 844.665 844.665 844.665 844.665 844.665 844.665 844.665
4.01 794.163 794.163 794.163 794.163 794.163 794.163 794.163 794.163 794.163
4.02 717.012 717.012 717.012 717.012 717.012 717.012 717.012 717.012 717.012
4.03 627.204 627.204 627.204 627.204 627.204 627.204 627.204 627.204 627.204
4.04 523.848 523.848 523.848 523.848 523.848 523.848 523.848 523.848 523.848
4.05 399.948 399.948 399.948 399.948 399.948 399.948 399.948 399.948 399.948
4.06 251.834 251.834 251.834 251.834 251.834 251.834 251.834 251.834 251.834
4.07 74.3798 74.3798 74.3798 74.3798 74.3798 74.3798 74.3798 74.3798 74.3798
4.08 -128.439 -128.439 -128.439 -128.439 -128.439 -128.439 -128.439 -128.439 -128.439
4.09 -317.602 -317.602 -317.602 -317.602 -317.602 -317.602 -317.602 -317.602 -317.602
4.1 -476.494 -476.494 -476.494 -476.494 -476.494 -476.494 -476.494 -476.494 -476.494
4.11 -592.886 -592.886 -592.886 -592.886 -592.886 -592.886 -592.886 -592.886 -592.886
4.12 -657.141 -657.141 -657.141 -657.141 -657.141 -657.141 -657.141 -657.141 -657.141
4.13 -662.131 -662.131 -662.131 -662.131 -662.131 -662.131 -662.131 -662.131 -662.131
4.14 -619.876 -619.876 -619.876 -619.876 -619.876 -619.876 -619.876 -619.876 -619.876
4.15 -553.142 -553.142 -553.142 -553.142 -553.142 -553.142 -553.142 -553.142 -553.142
4.16 -509.265 -509.265 -509.265 -509.265 -509.265 -509.265 -509.265 -509.265 -509.265
4.17 -482.498 -482.498 -482.498 -482.498 -482.498 -482.498 -482.498 -482.498 -482.498
4.18 -470.076 -470.076 -470.076 -470.076 -470.076 -470.076 -470.076 -470.076 -470.076
4.19 -451.742 -451.742 -451.742 -451.742 -451.742 -451.742 -451.742 -451.742 -451.742
4.2 -424.515 -424.515 -424.515 -424.515 -424.515 -424.515 -424.515 -424.515 -424.515
4.21 -381.858 -381.858 -381.858 -381.858 -381.858 -381.858 -381.858 -381.858 -381.858
4.22 -323.588 -323.588 -323.588 -323.588 -323.588 -323.588 -323.588 -323.588 -323.588
4.23 -256.376 -256.376 -256.376 -256.376 -256.376 -256.376 -256.376 -256.376 -256.376
4.24 -188.205 -188.205 -188.205 -188.205 -188.205 -188.205 -188.205 -188.205 -188.205
4.25 -120.816 -120.816 -120.816 -120.816 -120.816 -120.816 -120.816 -120.816 -120.816
4.26 -53.7488 -53.7488 -53.7488 -53.7488 -53.7488 -53.7488 -53.7488 -53.7488 -53.7488
4.27 8.98468 8.98468 8.98468 8.98468 8.98468 8.98468 8.98468 8.98468 8.98468
4.28 69.3385 69.3385 69.3385 69.3385 69.3385 69.3385 69.3385 69.3385 69.3385
4.29 128.23 128.23 128.23 128.23 128.23 128.23 128.23 128.23 128.23
4.3 184.043 184.043 184.043 184.043 184.043 184.043 184.043 184.043 184.043
4.31 234.616 234.616 234.616 234.616 234.616 234.616 234.616 234.616 234.616
4.32 276.794 276.794 276.794 276.794 276.794 276.794 276.794 276.794 276.794
4.33 310.25 310.25 310.25 310.25 310.25 310.25 310.25 310.25 310.25
4.34 335.778 335.778 335.778 335.778 335.778 335.778 335.778 335.778 335.778
4.35 354.078 354.078 354.078 354.078 354.078 354.078 354.078 354.078 354.078
4.36 351.301 351.301 351.301 351.301 351.301 351.301 351.301 351.301 351.301
4.37 381.217 381.217 381.217 381.217 381.217 381.217 381.217 381.217 381.217
4.38 425.542 425.542 425.542 425.542 425.542 425.542 425.542 425.542 425.542
4.39 442.421 442.421 442.421 442.421 442.421 442.421 442.421 442.421 442.421
4.4 438.071 438.071 438.071 438.071 438.071 438.071 438.071 438.071 438.071
4.41 399.255 399.255 399.255 399.255 399.255 399.255 399.255 399.255 399.255
4.42 351.377 351.377 351.377 351.377 351.377 351.377 351.377 351.377 351.377
4.43 314.382 314.382 314.382 314.382 314.382 314.382 314.382 314.382 314.382
4.44 304.022 304.022 304.022 304.022 304.022 304.022 304.022 304.022 304.022
4.45 314.739 314.739 314.739 314.739 314.739 314.739 314.739 314.739 314.739
4.46 336.584 336.584 336.584 336.584 336.584 336.584 336.584 336.584 336.584
4.47 368.14 368.14 368.14 368.14 368.14 368.14 368.14 368.14 368.14
4.48 407.469 407.469 407.469 407.469 407.469 407.469 407.469 407.469 407.469
4.49 442.861 442.861 442.861 442.861 442.861 442.861 442.861 442.861 442.861
4.5 465.337 465.337 465.337 465.337 465.337 465.337 465.337 465.337 465.337
4.51 519.383 519.383 519.383 519.383 519.383 519.383 519.383 519.383 519.383
4.52 568.008 568.008 568.008 568.008 568.008 568.008 568.008 568.008 568.008
4.53 606.64 606.64 606.64 606.64 606.64 606.64 606.64 606.64 606.64
4.54 620.244 620.244 620.244 620.244 620.244 620.244 620.244 620.244 620.244
4.55 625.136 625.136 625.136 625.136 625.136 625.136 625.136 625.136 625.136
4.56 613.929 613.929 613.929 613.929 613.929 613.929 613.929 613.929 613.929
4.57 606.196 606.196 606.196 606.196 606.196 606.196 606.196 606.196 606.196
4.58 595.15 595.15 595.15 595.15 595.15 595.15 595.15 595.15 595.15
4.59 593.974 593.974 593.974 593.974 593.974 593.974 593.974 593.974 593.974
