0.02 0.109 0.109 0.109 0.109 0.109 0.109 0.109 0.109 0.109
0.04 -0.987969 -0.987969 -0.987969 -0.987969 -0.987969 -0.987969 -0.987969 -0.987969 -0.987969
0.06 -4.34306 -4.34306 -4.34306 -4.34306 -4.34306 -4.34306 -4.34306 -4.34306 -4.34306
0.08 -8.20976 -8.20976 -8.20976 -8.20976 -8.20976 -8.20976 -8.20976 -8.20976 -8.20976
0.1 -11.0375 -11.0375 -11.0375 -11.0375 -11.0375 -11.0375 -11.0375 -11.0375 -11.0375
0.12 -11.8706 -11.8706 -11.8706 -11.8706 -11.8706 -11.8706 -11.8706 -11.8706 -11.8706
0.14 -11.1839 -11.1839 -11.1839 -11.1839 -11.1839 -11.1839 -11.1839 -11.1839 -11.1839
0.16 -8.36914 -8.36914 -8.36914 -8.36914 -8.36914 -8.36914 -8.36914 -8.36914 -8.36914
0.18 -1.53795 -1.53795 -1.53795 -1.53795 -1.53795 -1.53795 -1.53795 -1.53795 -1.53795
0.2 6.23647 6.23647 6.23647 6.23647 6.23647 6.23647 6.23647 6.23647 6.23647
0.22 10.3986 10.3986 10.3986 10.3986 10.3986 10.3986 10.3986 10.3986 10.3986
0.24 13.8087 13.8087 13.8087 13.8087 13.8087 13.8087 13.8087 13.8087 13.8087
0.26 18.0146 18.0146 18.0146 18.0146 18.0146 18.0146 18.0146 18.0146 18.0146
0.28 15.5748 15.5748 15.5748 15.5748 15.5748 15.5748 15.5748 15.5748 15.5748
0.3 7.10091 7.10091 7.10091 7.10091 7.10091 7.10091 7.10091 7.10091 7.10091
0.32 0.374234 0.374234 0.374234 0.374234 0.374234 0.374234 0.374234 0.374234 0.374234
0.34 -3.90379 -3.90379 -3.90379 -3.90379 -3.90379 -3.90379 -3.90379 -3.90379 -3.90379
0.36 -10.7599 -10.7599 -10.7599 -10.7599 -10.7599 -10.7599 -10.7599 -10.7599 -10.7599
0.38 -16.3752 -16.3752 -16.3752 -16.3752 -16.3752 -16.3752 -16.3752 -16.3752 -16.3752
0.4 -17.5023 -17.5023 -17.5023 -17.5023 -17.5023 -17.5023 -17.5023 -17.5023 -17.5023
0.42 -13.558 -13.558 -13.558 -13.558 -13.558 -13.558 -13.558 -13.558 -13.558
0.44 -2.29883 -2.29883 -2.29883 -2.29883 -2.29883 -2.29883 -2.29883 -2.29883 -2.29883
0.46 8.93234 8.93234 8.93234 8.93234 8.93234 8.93234 8.93234 8.93234 8.93234
0.48 5.70903 5.70903 5.70903 5.70903 5.70903 5.70903 5.70903 5.70903 5.70903
0.5 -5.98823 -5.98823 -5.98823 -5.98823 -5.98823 -5.98823 -5.98823 -5.98823 -5.98823
0.52 1.22463 1.22463 1.22463 1.22463 1.22463 1.22463 1.22463 1.22463 1.22463
0.54 8.82185 8.82185 8.82185 8.82185 8.82185 8.82185 8.82185 8.82185 8.82185
0.56 -10.9742 -10.9742 -10.9742 -10.9742 -10.9742 -10.9742 -10.9742 -10.9742 -10.9742
0.58 -36.6933 -36.6933 -36.6933 -36.6933 -36.6933 -36.6933 -36.6933 -36.6933 -36.6933
0.6 -24.5753 -24.5753 -24.5753 -24.5753 -24.5753 -24.5753 -24.5753 -24.5753 -24.5753
0.62 -6.70454 -6.70454 -6.70454 -6.70454 -6.70454 -6.70454 -6.70454 -6.70454 -6.70454
0.64 -36.2238 -36.2238 -36.2238 -36.2238 -36.2238 -36.2238 -36.2238 -36.2238 -36.2238
0.66 -67.1641 -67.1641 -67.1641 -67.1641 -67.1641 -67.1641 -67.1641 -67.1641 -67.1641
0.68 -52.0175 -52.0175 -52.0175 -52.0175 -52.0175 -52.0175 -52.0175 -52.0175 -52.0175
0.7 -3.28082 -3.28082 -3.28082 -3.28082 -3.28082 -3.28082 -3.28082 -3.28082 -3.28082
0.72 -4.76795 -4.76795 -4.76795 -4.76795 -4.76795 -4.76795 -4.76795 -4.76795 -4.76795
0.74 -50.7427 -50.7427 -50.7427 -50.7427 -50.7427 -50.7427 -50.7427 -50.7427 -50.7427
0.76 -28.897 -28.897 -28.897 -28.897 -28.897 -28.897 -28.897 -28.897 -28.897
0.78 29.9578 29.9578 29.9578 29.9578 29.9578 29.9578 29.9578 29.9578 29.9578
0.8 16.2539 16.2539 16.2539 16.2539 16.2539 16.2539 16.2539 16.2539 16.2539
0.82 -57.9194 -57.9194 -57.9194 -57.9194 -57.9194 -57.9194 -57.9194 -57.9194 -57.9194
0.84 -81.9332 -81.9332 -81.9332 -81.9332 -81.9332 -81.9332 -81.9332 -81.9332 -81.9332
0.86 -33.3415 -33.3415 -33.3415 -33.3415 -33.3415 -33.3415 -33.3415 -33.3415 -33.3415
0.88 -7.18198 -7.18198 -7.18198 -7.18198 -7.18198 -7.18198 -7.18198 -7.18198 -7.18198
0.9 -44.1972 -44.1972 -44.1972 -44.1972 -44.1972 -44.1972 -44.1972 -44.1972 -44.1972
0.92 -70.1713 -70.1713 -70.1713 -70.1713 -70.1713 -70.1713 -70.1713 -70.1713 -70.1713
0.94 -21.6627 -21.6627 -21.6627 -21.6627 -21.6627 -21.6627 -21.6627 -21.6627 -21.6627
0.96 45.5626 45.5626 45.5626 45.5626 45.5626 45.5626 45.5626 45.5626 45.5626
0.98 51.7426 51.7426 51.7426 51.7426 51.7426 51.7426 51.7426 51.7426 51.7426
1 24.3807 24.3807 24.3807 24.3807 24.3807 24.3807 24.3807 24.3807 24.3807
1.02 33.38 33.38 33.38 33.38 33.38 33.38 33.38 33.38 33.38
1.04 74.6546 74.6546 74.6546 74.6546 74.6546 74.6546 74.6546 74.6546 74.6546
1.06 84.726 84.726 84.726 84.726 84.726 84.726 84.726 84.726 84.726
1.08 40.9921 40.9921 40.9921 40.9921 40.9921 40.9921 40.9921 40.9921 40.9921
1.1 -8.62809 -8.62809 -8.62809 -8.62809 -8.62809 -8.62809 -8.62809 -8.62809 -8.62809
1.12 -4.90929 -4.90929 -4.90929 -4.90929 -4.90929 -4.90929 -4.90929 -4.90929 -4.90929
1.14 47.1333 47.1333 47.1333 47.1333 47.1333 47.1333 47.1333 47.1333 47.1333
1.16 68.0838 68.0838 68.0838 68.0838 68.0838 68.0838 68.0838 68.0838 68.0838
1.18 22.613 22.613 22.613 22.613 22.613 22.613 22.613 22.613 22.613
1.2 -10.0432 -10.0432 -10.0432 -10.0432 -10.0432 -10.0432 -10.0432 -10.0432 -10.0432
1.22 56.3564 56.3564 56.3564 56.3564 56.3564 56.3564 56.3564 56.3564 56.3564
1.24 153.132 153.132 153.132 153.132 153.132 153.132 153.132 153.132 153.132
1.26 136.87 136.87 136.87 136.87 136.87 136.87 136.87 136.87 136.87
1.28 35.4611 35.4611 35.4611 35.4611 35.4611 35.4611 35.4611 35.4611 35.4611
1.3 23.1943 23.1943 23.1943 23.1943 23.1943 23.1943 23.1943 23.1943 23.1943
1.32 122.538 122.538 122.538 122.538 122.538 122.538 122.538 122.538 122.538
1.34 130.669 130.669 130.669 130.669 130.669 130.669 130.669 130.669 130.669
1.36 -19.7356 -19.7356 -19.7356 -19.7356 -19.7356 -19.7356 -19.7356 -19.7356 -19.7356
1.38 -105.425 -105.425 -105.425 -105.425 -105.425 -105.425 -105.425 -105.425 -105.425
1.4 3.28344 3.28344 3.28344 3.28344 3.28344 3.28344 3.28344 3.28344 3.28344
1.42 106.318 106.318 106.318 106.318 106.318 106.318 106.318 106.318 106.318
1.44 20.2864 20.2864 20.2864 20.2864 20.2864 20.2864 20.2864 20.2864 20.2864
1.46 -92.9977 -92.9977 -92.9977 -92.9977 -92.9977 -92.9977 -92.9977 -92.9977 -92.9977
1.48 0.821428 0.821428 0.821428 0.821428 0.821428 0.821428 0.821428 0.821428 0.821428
1.5 194.698 194.698 194.698 194.698 194.698 194.698 194.698 194.698 194.698
1.52 191.44 191.44 191.44 191.44 191.44 191.44 191.44 191.44 191.44
1.54 11.712 11.712 11.712 11.712 11.712 11.712 11.712 11.712 11.712
1.56 -31.5619 -31.5619 -31.5619 -31.5619 -31.5619 -31.5619 -31.5619 -31.5619 -31.5619
1.58 108.709 108.709 108.709 108.709 108.709 108.709 108.709 108.709 108.709
1.6 140.127 140.127 140.127 140.127 140.127 140.127 140.127 140.127 140.127
1.62 -45.4878 -45.4878 -45.4878 -45.4878 -45.4878 -45.4878 -45.4878 -45.4878 -45.4878
1.64 -181.078 -181.078 -181.078 -181.078 -181.078 -181.078 -181.078 -181.078 -181.078
1.66 -72.094 -72.094 -72.094 -72.094 -72.094 -72.094 -72.094 -72.094 -72.094
1.68 82.3326 82.3326 82.3326 82.3326 82.3326 82.3326 82.3326 82.3326 82.3326
1.7 25.3375 25.3375 25.3375 25.3375 25.3375 25.3375 25.3375 25.3375 25.3375
1.72 -122.681 -122.681 -122.681 -122.681 -122.681 -122.681 -122.681 -122.681 -122.681
1.74 -59.5776 -59.5776 -59.5776 -59.5776 -59.5776 -59.5776 -59.5776 -59.5776 -59.5776
1.76 180.834 180.834 180.834 180.834 180.834 180.834 180.834 180.834 180.834
1.78 261.339 261.339 261.339 261.339 261.339 261.339 261.339 261.339 261.339
1.8 96.6156 96.6156 96.6156 96.6156 96.6156 96.6156 96.6156 96.6156 96.6156
1.82 -10.7806 -10.7806 -10.7806 -10.7806 -10.7806 -10.7806 -10.7806 -10.7806 -10.7806
1.84 90.377 90.377 90.377 90.377 90.377 90.377 90.377 90.377 90.377
1.86 151.56 151.56 151.56 151.56 151.56 151.56 151.56 151.56 151.56
1.88 -14.5954 -14.5954 -14.5954 -14.5954 -14.5954 -14.5954 -14.5954 -14.5954 -14.5954
1.9 -202.676 -202.676 -202.676 -202.676 -202.676 -202.676 -202.676 -202.676 -202.676
1.92 -143.509 -143.509 -143.509 -143.509 -143.509 -143.509 -143.509 -143.509 -143.509
1.94 47.4014 47.4014 47.4014 47.4014 47.4014 47.4014 47.4014 47.4014 47.4014
1.96 57.4216 57.4216 57.4216 57.4216 57.4216 57.4216 57.4216 57.4216 57.4216
1.98 -101.535 -101.535 -101.535 -101.535 -101.535 -101.535 -101.535 -101.535 -101.535
2 -118.011 -118.011 -118.011 -118.011 -118.011 -118.011 -118.011 -118.011 -118.011
2.02 93.8843 93.8843 93.8843 93.8843 93.8843 93.8843 93.8843 93.8843 93.8843
2.04 246.032 246.032 246.032 246.032 246.032 246.032 246.032 246.032 246.032
2.06 170.531 170.531 170.531 170.531 170.531 170.531 170.531 170.531 170.531
2.08 73.3334 73.3334 73.3334 73.3334 73.3334 73.3334 73.3334 73.3334 73.3334
2.1 128.07 128.07 128.07 128.07 128.07 128.07 128.07 128.07 128.07
2.12 173.253 173.253 173.253 173.253 173.253 173.253 173.253 173.253 173.253
2.14 31.1831 31.1831 31.1831 31.1831 31.1831 31.1831 31.1831 31.1831 31.1831
2.16 -162.156 -162.156 -162.156 -162.156 -162.156 -162.156 -162.156 -162.156 -162.156
2.18 -174.745 -174.745 -174.745 -174.745 -174.745 -174.745 -174.745 -174.745 -174.745
2.2 -37.958 -37.958 -37.958 -37.958 -37.958 -37.958 -37.958 -37.958 -37.958
2.22 42.6378 42.6378 42.6378 42.6378 42.6378 42.6378 42.6378 42.6378 42.6378
2.24 7.45137 7.45137 7.45137 7.45137 7.45137 7.45137 7.45137 7.45137 7.45137
2.26 -35.9811 -35.9811 -35.9811 -35.9811 -35.9811 -35.9811 -35.9811 -35.9811 -35.9811
2.28 6.04719 6.04719 6.04719 6.04719 6.04719 6.04719 6.04719 6.04719 6.04719
2.3 68.3737 68.3737 68.3737 68.3737 68.3737 68.3737 68.3737 68.3737 68.3737
2.32 36.4649 36.4649 36.4649 36.4649 36.4649 36.4649 36.4649 36.4649 36.4649
2.34 -32.887 -32.887 -32.887 -32.887 -32.887 -32.887 -32.887 -32.887 -32.887
2.36 -39.025 -39.025 -39.025 -39.025 -39.025 -39.025 -39.025 -39.025 -39.025
2.38 -11.3011 -11.3011 -11.3011 -11.3011 -11.3011 -11.3011 -11.3011 -11.3011 -11.3011
2.4 -16.5694 -16.5694 -16.5694 -16.5694 -16.5694 -16.5694 -16.5694 -16.5694 -16.5694
2.42 -89.761 -89.761 -89.761 -89.761 -89.761 -89.761 -89.761 -89.761 -89.761
2.44 -194.597 -194.597 -194.597 -194.597 -194.597 -194.597 -194.597 -194.597 -194.597
2.46 -227.658 -227.658 -227.658 -227.658 -227.658 -227.658 -227.658 -227.658 -227.658
2.48 -134.625 -134.625 -134.625 -134.625 -134.625 -134.625 -134.625 -134.625 -134.625
2.5 19.5076 19.5076 19.5076 19.5076 19.5076 19.5076 19.5076 19.5076 19.5076
2.52 143.172 143.172 143.172 143.172 143.172 143.172 143.172 143.172 143.172
2.54 241.713 241.713 241.713 241.713 241.713 241.713 241.713 241.713 241.713
2.56 329.295 329.295 329.295 329.295 329.295 329.295 329.295 329.295 329.295
2.58 324.226 324.226 324.226 324.226 324.226 324.226 324.226 324.226 324.226
2.6 171.905 171.905 171.905 171.905 171.905 171.905 171.905 171.905 171.905
2.62 -30.9377 -30.9377 -30.9377 -30.9377 -30.9377 -30.9377 -30.9377 -30.9377 -30.9377
2.64 -150.163 -150.163 -150.163 -150.163 -150.163 -150.163 -150.163 -150.163 -150.163
2.66 -143.058 -143.058 -143.058 -143.058 -143.058 -143.058 -143.058 -143.058 -143.058
2.68 -73.0153 -73.0153 -73.0153 -73.0153 -73.0153 -73.0153 -73.0153 -73.0153 -73.0153
2.7 -32.2895 -32.2895 -32.2895 -32.2895 -32.2895 -32.2895 -32.2895 -32.2895 -32.2895
2.72 -47.4178 -47.4178 -47.4178 -47.4178 -47.4178 -47.4178 -47.4178 -47.4178 -47.4178
2.74 -84.7139 -84.7139 -84.7139 -84.7139 -84.7139 -84.7139 -84.7139 -84.7139 -84.7139
2.76 -75.7573 -75.7573 -75.7573 -75.7573 -75.7573 -75.7573 -75.7573 -75.7573 -75.7573
2.78 8.72165 8.72165 8.72165 8.72165 8.72165 8.72165 8.72165 8.72165 8.72165
2.8 144.398 144.398 144.398 144.398 144.398 144.398 144.398 144.398 144.398
2.82 305.88 305.88 305.88 305.88 305.88 305.88 305.88 305.88 305.88
2.84 431.326 431.326 431.326 431.326 431.326 431.326 431.326 431.326 431.326
2.86 435.88 435.88 435.88 435.88 435.88 435.88 435.88 435.88 435.88
2.88 303.143 303.143 303.143 303.143 303.143 303.143 303.143 303.143 303.143
2.9 94.9329 94.9329 94.9329 94.9329 94.9329 94.9329 94.9329 94.9329 94.9329
2.92 -112.346 -112.346 -112.346 -112.346 -112.346 -112.346 -112.346 -112.346 -112.346
2.94 -228.751 -228.751 -228.751 -228.751 -228.751 -228.751 -228.751 -228.751 -228.751
2.96 -178.39 -178.39 -178.39 -178.39 -178.39 -178.39 -178.39 -178.39 -178.39
2.98 -22.3494 -22.3494 -22.3494 -22.3494 -22.3494 -22.3494 -22.3494 -22.3494 -22.3494
3 61.6352 61.6352 61.6352 61.6352 61.6352 61.6352 61.6352 61.6352 61.6352
3.02 13.7553 13.7553 13.7553 13.7553 13.7553 13.7553 13.7553 13.7553 13.7553
3.04 -52.2998 -52.2998 -52.2998 -52.2998 -52.2998 -52.2998 -52.2998 -52.2998 -52.2998
3.06 -104.393 -104.393 -104.393 -104.393 -104.393 -104.393 -104.393 -104.393 -104.393
3.08 -213.159 -213.159 -213.159 -213.159 -213.159 -213.159 -213.159 -213.159 -213.159
3.1 -352.976 -352.976 -352.976 -352.976 -352.976 -352.976 -352.976 -352.976 -352.976
3.12 -425.839 -425.839 -425.839 -425.839 -425.839 -425.839 -425.839 -425.839 -425.839
3.14 -434.541 -434.541 -434.541 -434.541 -434.541 -434.541 -434.541 -434.541 -434.541
3.16 -366.003 -366.003 -366.003 -366.003 -366.003 -366.003 -366.003 -366.003 -366.003
3.18 -327.114 -327.114 -327.114 -327.114 -327.114 -327.114 -327.114 -327.114 -327.114
3.2 -521.629 -521.629 -521.629 -521.629 -521.629 -521.629 -521.629 -521.629 -521.629
3.22 -745.982 -745.982 -745.982 -745.982 -745.982 -745.982 -745.982 -745.982 -745.982
3.23 -811.339 -811.339 -811.339 -811.339 -811.339 -811.339 -811.339 -811.339 -811.339
3.24 -812.979 -812.979 -812.979 -812.979 -812.979 -812.979 -812.979 -812.979 -812.979
3.25 -787.069 -787.069 -787.069 -787.069 -787.069 -787.069 -787.069 -787.069 -787.069
3.26 -766.393 -766.393 -766.393 -766.393 -766.393 -766.393 -766.393 -766.393 -766.393
3.27 -753.35 -753.35 -753.35 -753.35 -753.35 -753.35 -753.35 -753.35 -753.35
3.28 -729.204 -729.204 -729.204 -729.204 -729.204 -729.204 -729.204 -729.204 -729.204
3.29 -663.981 -663.981 -663.981 -663.981 -663.981 -663.981 -663.981 -663.981 -663.981
3.3 -523.094 -523.094 -523.094 -523.094 -523.094 -523.094 -523.094 -523.094 -523.094
3.31 -336.058 -336.058 -336.058 -336.058 -336.058 -336.058 -336.058 -336.058 -336.058
3.32 -178.293 -178.293 -178.293 -178.293 -178.293 -178.293 -178.293 -178.293 -178.293
3.33 -106.473 -106.473 -106.473 -106.473 -106.473 -106.473 -106.473 -106.473 -106.473
3.34 -123.287 -123.287 -123.287 -123.287 -123.287 -123.287 -123.287 -123.287 -123.287
3.35 -229.399 -229.399 -229.399 -229.399 -229.399 -229.399 -229.399 -229.399 -229.399
3.36 -375.534 -375.534 -375.534 -375.534 -375.534 -375.534 -375.534 -375.534 -375.534
3.37 -519.21 -519.21 -519.21 -519.21 -519.21 -519.21 -519.21 -519.21 -519.21
3.38 -620.019 -620.019 -620.019 -620.019 -620.019 -620.019 -620.019 -620.019 -620.019
3.39 -647.005 -647.005 -647.005 -647.005 -647.005 -647.005 -647.005 -647.005 -647.005
3.4 -600.032 -600.032 -600.032 -600.032 -600.032 -600.032 -600.032 -600.032 -600.032
3.41 -499.585 -499.585 -499.585 -499.585 -499.585 -499.585 -499.585 -499.585 -499.585
3.43 -323.488 -323.488 -323.488 -323.488 -323.488 -323.488 -323.488 -323.488 -323.488
3.45 -237.557 -237.557 -237.557 -237.557 -237.557 -237.557 -237.557 -237.557 -237.557
3.46 -213.746 -213.746 -213.746 -213.746 -213.746 -213.746 -213.746 -213.746 -213.746
3.47 -197.047 -197.047 -197.047 -197.047 -197.047 -197.047 -197.047 -197.047 -197.047
3.48 -161.118 -161.118 -161.118 -161.118 -161.118 -161.118 -161.118 -161.118 -161.118
3.49 -96.9702 -96.9702 -96.9702 -96.9702 -96.9702 -96.9702 -96.9702 -96.9702 -96.9702
3.5 10.0518 10.0518 10.0518 10.0518 10.0518 10.0518 10.0518 10.0518 10.0518
3.51 149.242 149.242 149.242 149.242 149.242 149.242 149.242 149.242 149.242
3.52 390.466 390.466 390.466 390.466 390.466 390.466 390.466 390.466 390.466
3.53 676.164 676.164 676.164 676.164 676.164 676.164 676.164 676.164 676.164
3.54 920.389 920.389 920.389 920.389 920.389 920.389 920.389 920.389 920.389
3.55 1044.7 1044.7 1044.7 1044.7 1044.7 1044.7 1044.7 1044.7 1044.7
3.56 1070.44 1070.44 1070.44 1070.44 1070.44 1070.44 1070.44 1070.44 1070.44
3.57 1051.64 1051.64 1051.64 1051.64 1051.64 1051.64 1051.64 1051.64 1051.64
3.58 1192.34 1192.34 1192.34 1192.34 1192.34 1192.34 1192.34 1192.34 1192.34
3.59 1322.4 1322.4 1322.4 1322.4 1322.4 1322.4 1322.4 1322.4 1322.4
3.6 1339.14 1339.14 1339.14 1339.14 1339.14 1339.14 1339.14 1339.14 1339.14
3.61 1388.49 1388.49 1388.49 1388.49 1388.49 1388.49 1388.49 1388.49 1388.49
3.62 1398.65 1398.65 1398.65 1398.65 1398.65 1398.65 1398.65 1398.65 1398.65
3.63 1302.8 1302.8 1302.8 1302.8 1302.8 1302.8 1302.8 1302.8 1302.8
3.64 1043.39 1043.39 1043.39 1043.39 1043.39 1043.39 1043.39 1043.39 1043.39
3.65 683.107 683.107 683.107 683.107 683.107 683.107 683.107 683.107 683.107
3.66 328.871 328.871 328.871 328.871 328.871 328.871 328.871 328.871 328.871
3.67 129.671 129.671 129.671 129.671 129.671 129.671 129.671 129.671 129.671
3.68 136.294 136.294 136.294 136.294 136.294 136.294 136.294 136.294 136.294
3.69 338.532 338.532 338.532 338.532 338.532 338.532 338.532 338.532 338.532
3.7 618.788 618.788 618.788 618.788 618.788 618.788 618.788 618.788 618.788
3.71 858.849 858.849 858.849 858.849 858.849 858.849 858.849 858.849 858.849
3.72 918.977 918.977 918.977 918.977 918.977 918.977 918.977 918.977 918.977
3.73 811.958 811.958 811.958 811.958 811.958 811.958 811.958 811.958 811.958
3.74 650.349 650.349 650.349 650.349 650.349 650.349 650.349 650.349 650.349
3.75 544.029 544.029 544.029 544.029 544.029 544.029 544.029 544.029 544.029
3.76 498.573 498.573 498.573 498.573 498.573 498.573 498.573 498.573 498.573
3.77 488.58 488.58 488.58 488.58 488.58 488.58 488.58 488.58 488.58
3.78 495.828 495.828 495.828 495.828 495.828 495.828 495.828 495.828 495.828
3.79 473.155 473.155 473.155 473.155 473.155 473.155 473.155 473.155 473.155
3.8 397.566 397.566 397.566 397.566 397.566 397.566 397.566 397.566 397.566
3.81 274.814 274.814 274.814 274.814 274.814 274.814 274.814 274.814 274.814
3.82 102.031 102.031 102.031 102.031 102.031 102.031 102.031 102.031 102.031
3.83 -37.7729 -37.7729 -37.7729 -37.7729 -37.7729 -37.7729 -37.7729 -37.7729 -37.7729
3.84 -181.672 -181.672 -181.672 -181.672 -181.672 -181.672 -181.672 -181.672 -181.672
3.85 -212.175 -212.175 -212.175 -212.175 -212.175 -212.175 -212.175 -212.175 -212.175
3.86 -104.741 -104.741 -104.741 -104.741 -104.741 -104.741 -104.741 -104.741 -104.741
3.87 119.194 119.194 119.194 119.194 119.194 119.194 119.194 119.194 119.194
3.88 304.171 304.171 304.171 304.171 304.171 304.171 304.171 304.171 304.171
3.89 366.603 366.603 366.603 366.603 366.603 366.603 366.603 366.603 366.603
3.9 271.076 271.076 271.076 271.076 271.076 271.076 271.076 271.076 271.076
3.91 97.3556 97.3556 97.3556 97.3556 97.3556 97.3556 97.3556 97.3556 97.3556
3.92 -74.9299 -74.9299 -74.9299 -74.9299 -74.9299 -74.9299 -74.9299 -74.9299 -74.9299
3.93 -146.624 -146.624 -146.624 -146.624 -146.624 -146.624 -146.624 -146.624 -146.624
3.94 -139.43 -139.43 -139.43 -139.43 -139.43 -139.43 -139.43 -139.43 -139.43
3.95 -88.6377 -88.6377 -88.6377 -88.6377 -88.6377 -88.6377 -88.6377 -88.6377 -88.6377
3.96 -121.099 -121.099 -121.099 -121.099 -121.099 -121.099 -121.099 -121.099 -121.099
3.97 -272.74 -272.74 -272.74 -272.74 -272.74 -272.74 -272.74 -272.74 -272.74
3.98 -544.201 -544.201 -544.201 -544.201 -544.201 -544.201 -544.201 -544.201 -544.201
3.99 -821.338 -821.338 -821.338 -821.338 -821.338 -821.338 -821.338 -821.338 -821.338
4 -1029.48 -1029.48 -1029.48 -1029.48 -1029.48 -1029.48 -1029.48 -1029.48 -1029.48
4.01 -1074.2 -1074.2 -1074.2 -1074.2 -1074.2 -1074.2 -1074.2 -1074.2 -1074.2
4.02 -947.64 -947.64 -947.64 -947.64 -947.64 -947.64 -947.64 -947.64 -947.64
4.03 -684.556 -684.556 -684.556 -684.556 -684.556 -684.556 -684.556 -684.556 -684.556
4.04 -370.532 -370.532 -370.532 -370.532 -370.532 -370.532 -370.532 -370.532 -370.532
4.05 -233.822 -233.822 -233.822 -233.822 -233.822 -233.822 -233.822 -233.822 -233.822
4.06 -273.586 -273.586 -273.586 -273.586 -273.586 -273.586 -273.586 -273.586 -273.586
4.07 -356.201 -356.201 -356.201 -356.201 -356.201 -356.201 -356.201 -356.201 -356.201
4.08 -387.951 -387.951 -387.951 -387.951 -387.951 -387.951 -387.951 -387.951 -387.951
4.09 -297.967 -297.967 -297.967 -297.967 -297.967 -297.967 -297.967 -297.967 -297.967
4.1 -140.484 -140.484 -140.484 -140.484 -140.484 -140.484 -140.484 -140.484 -140.484
4.11 -4.64251 -4.64251 -4.64251 -4.64251 -4.64251 -4.64251 -4.64251 -4.64251 -4.64251
4.12 60.4003 60.4003 60.4003 60.4003 60.4003 60.4003 60.4003 60.4003 60.4003
4.13 50.2653 50.2653 50.2653 50.2653 50.2653 50.2653 50.2653 50.2653 50.2653
4.14 -13.7988 -13.7988 -13.7988 -13.7988 -13.7988 -13.7988 -13.7988 -13.7988 -13.7988
4.15 -50.1883 -50.1883 -50.1883 -50.1883 -50.1883 -50.1883 -50.1883 -50.1883 -50.1883
4.16 4.94631 4.94631 4.94631 4.94631 4.94631 4.94631 4.94631 4.94631 4.94631
4.17 161.76 161.76 161.76 161.76 161.76 161.76 161.76 161.76 161.76
4.18 356.748 356.748 356.748 356.748 356.748 356.748 356.748 356.748 356.748
4.19 519.748 519.748 519.748 519.748 519.748 519.748 519.748 519.748 519.748
4.2 584.988 584.988 584.988 584.988 584.988 584.988 584.988 584.988 584.988
4.21 549.565 549.565 549.565 549.565 549.565 549.565 549.565 549.565 549.565
4.22 427.398 427.398 427.398 427.398 427.398 427.398 427.398 427.398 427.398
4.23 303.608 303.608 303.608 303.608 303.608 303.608 303.608 303.608 303.608
4.24 213.275 213.275 213.275 213.275 213.275 213.275 213.275 213.275 213.275
4.25 189.525 189.525 189.525 189.525 189.525 189.525 189.525 189.525 189.525
4.26 186.076 186.076 186.076 186.076 186.076 186.076 186.076 186.076 186.076
4.27 213.907 213.907 213.907 213.907 213.907 213.907 213.907 213.907 213.907
4.28 214.523 214.523 214.523 214.523 214.523 214.523 214.523 214.523 214.523
4.29 182.193 182.193 182.193 182.193 182.193 182.193 182.193 182.193 182.193
4.3 98.264 98.264 98.264 98.264 98.264 98.264 98.264 98.264 98.264
4.31 -7.09594 -7.09594 -7.09594 -7.09594 -7.09594 -7.09594 -7.09594 -7.09594 -7.09594
4.32 -123.932 -123.932 -123.932 -123.932 -123.932 -123.932 -123.932 -123.932 -123.932
4.33 -215.702 -215.702 -215.702 -215.702 -215.702 -215.702 -215.702 -215.702 -215.702
4.34 -275.001 -275.001 -275.001 -275.001 -275.001 -275.001 -275.001 -275.001 -275.001
4.35 -263.661 -263.661 -263.661 -263.661 -263.661 -263.661 -263.661 -263.661 -263.661
4.36 907.624 907.624 907.624 907.624 907.624 907.624 907.624 907.624 907.624
4.37 1071.54 1071.54 1071.54 1071.54 1071.54 1071.54 1071.54 1071.54 1071.54
4.38 529.912 529.912 529.912 529.912 529.912 529.912 529.912 529.912 529.912
4.39 -61.1107 -61.1107 -61.1107 -61.1107 -61.1107 -61.1107 -61.1107 -61.1107 -61.1107
4.4 -393.712 -393.712 -393.712 -393.712 -393.712 -393.712 -393.712 -393.712 -393.712
4.41 -400.116 -400.116 -400.116 -400.116 -400.116 -400.116 -400.116 -400.116 -400.116
4.42 -233.386 -233.386 -233.386 -233.386 -233.386 -233.386 -233.386 -233.386 -233.386
4.43 -96.4625 -96.4625 -96.4625 -96.4625 -96.4625 -96.4625 -96.4625 -96.4625 -96.4625
4.44 1.13001 1.13001 1.13001 1.13001 1.13001 1.13001 1.13001 1.13001 1.13001
4.45 -104.87 -104.87 -104.87 -104.87 -104.87 -104.87 -104.87 -104.87 -104.87
4.46 -96.4288 -96.4288 -96.4288 -96.4288 -96.4288 -96.4288 -96.4288 -96.4288 -96.4288
4.47 -25.1783 -25.1783 -25.1783 -25.1783 -25.1783 -25.1783 -25.1783 -25.1783 -25.1783
4.48 39.5456 39.5456 39.5456 39.5456 39.5456 39.5456 39.5456 39.5456 39.5456
4.49 177.849 177.849 177.849 177.849 177.849 177.849 177.849 177.849 177.849
4.5 -58.2871 -58.2871 -58.2871 -58.2871 -58.2871 -58.2871 -58.2871 -58.2871 -58.2871
4.51 35.4113 35.4113 35.4113 35.4113 35.4113 35.4113 35.4113 35.4113 35.4113
4.52 259.748 259.748 259.748 259.748 259.748 259.748 259.748 259.748 259.748
4.53 587.657 587.657 587.657 587.657 587.657 587.657 587.657 587.657 587.657
4.54 889.654 889.654 889.654 889.654 889.654 889.654 889.654 889.654 889.654
4.55 1188.74 1188.74 1188.74 1188.74 1188.74 1188.74 1188.74 1188.74 1188.74
4.56 1383.63 1383.63 1383.63 1383.63 1383.63 1383.63 1383.63 1383.63 1383.63
4.57 1473.31 1473.31 1473.31 1473.31 1473.31 1473.31 1473.31 1473.31 1473.31
4.58 1375.4 1375.4 1375.4 1375.4 1375.4 1375.4 1375.4 1375.4 1375.4
4.59 1167.65 1167.65 1167.65 1167.65 1167.65 1167.65 1167.65 1167.65 1167.65
