0.02 0.675463 0.675463 0.675463 0.675463 0.675463 0.675463 0.675463 0.675463 0.675463
0.04 -7.86034 -7.86034 -7.86034 -7.86034 -7.86034 -7.86034 -7.86034 -7.86034 -7.86034
0.06 -8.06048 -8.06048 -8.06048 -8.06048 -8.06048 -8.06048 -8.06048 -8.06048 -8.06048
0.08 -13.7969 -13.7969 -13.7969 -13.7969 -13.7969 -13.7969 -13.7969 -13.7969 -13.7969
0.1 -13.7193 -13.7193 -13.7193 -13.7193 -13.7193 -13.7193 -13.7193 -13.7193 -13.7193
0.12 -8.11609 -8.11609 -8.11609 -8.11609 -8.11609 -8.11609 -8.11609 -8.11609 -8.11609
0.14 -11.1658 -11.1658 -11.1658 -11.1658 -11.1658 -11.1658 -11.1658 -11.1658 -11.1658
0.16 7.27368 7.27368 7.27368 7.27368 7.27368 7.27368 7.27368 7.27368 7.27368
0.18 8.31424 8.31424 8.31424 8.31424 8.31424 8.31424 8.31424 8.31424 8.31424
0.2 16.4229 16.4229 16.4229 16.4229 16.4229 16.4229 16.4229 16.4229 16.4229
0.22 11.9564 11.9564 11.9564 11.9564 11.9564 11.9564 11.9564 11.9564 11.9564
0.24 28.7458 28.7458 28.7458 28.7458 28.7458 28.7458 28.7458 28.7458 28.7458
0.26 2.25071 2.25071 2.25071 2.25071 2.25071 2.25071 2.25071 2.25071 2.25071
0.28 -3.08926 -3.08926 -3.08926 -3.08926 -3.08926 -3.08926 -3.08926 -3.08926 -3.08926
0.3 -4.90342 -4.90342 -4.90342 -4.90342 -4.90342 -4.90342 -4.90342 -4.90342 -4.90342
0.32 -12.3177 -12.3177 -12.3177 -12.3177 -12.3177 -12.3177 -12.3177 -12.3177 -12.3177
0.34 -7.73003 -7.73003 -7.73003 -7.73003 -7.73003 -7.73003 -7.73003 -7.73003 -7.73003
0.36 -17.2093 -17.2093 -17.2093 -17.2093 -17.2093 -17.2093 -17.2093 -17.2093 -17.2093
0.38 15.9725 15.9725 15.9725 15.9725 15.9725 15.9725 15.9725 15.9725 15.9725
0.4 -26.3911 -26.3911 -26.3911 -26.3911 -26.3911 -26.3911 -26.3911 -26.3911 -26.3911
0.42 39.2431 39.2431 39.2431 39.2431 39.2431 39.2431 39.2431 39.2431 39.2431
0.44 -0.668175 -0.668175 -0.668175 -0.668175 -0.668175 -0.668175 -0.668175 -0.668175 -0.668175
0.46 30.4113 30.4113 30.4113 30.4113 30.4113 30.4113 30.4113 30.4113 30.4113
0.48 -66.1005 -66.1005 -66.1005 -66.1005 -66.1005 -66.1005 -66.1005 -66.1005 -66.1005
0.5 5.18445 5.18445 5.18445 5.18445 5.18445 5.18445 5.18445 5.18445 5.18445
0.52 -13.1583 -13.1583 -13.1583 -13.1583 -13.1583 -13.1583 -13.1583 -13.1583 -13.1583
0.54 -58.5702 -58.5702 -58.5702 -58.5702 -58.5702 -58.5702 -58.5702 -58.5702 -58.5702
0.56 -20.593 -20.593 -20.593 -20.593 -20.593 -20.593 -20.593 -20.593 -20.593
0.58 -61.8406 -61.8406 -61.8406 -61.8406 -61.8406 -61.8406 -61.8406 -61.8406 -61.8406
0.6 98.5075 98.5075 98.5075 98.5075 98.5075 98.5075 98.5075 98.5075 98.5075
0.62 -136.119 -136.119 -136.119 -136.119 -136.119 -136.119 -136.119 -136.119 -136.119
0.64 64.009 64.009 64.009 64.009 64.009 64.009 64.009 64.009 64.009
0.66 -95.7527 -95.7527 -95.7527 -95.7527 -95.7527 -95.7527 -95.7527 -95.7527 -95.7527
0.68 33.0521 33.0521 33.0521 33.0521 33.0521 33.0521 33.0521 33.0521 33.0521
0.7 8.13284 8.13284 8.13284 8.13284 8.13284 8.13284 8.13284 8.13284 8.13284
0.72 -172.492 -172.492 -172.492 -172.492 -172.492 -172.492 -172.492 -172.492 -172.492
0.74 69.1755 69.1755 69.1755 69.1755 69.1755 69.1755 69.1755 69.1755 69.1755
0.76 -37.637 -37.637 -37.637 -37.637 -37.637 -37.637 -37.637 -37.637 -37.637
0.78 13.1737 13.1737 13.1737 13.1737 13.1737 13.1737 13.1737 13.1737 13.1737
0.8 -59.5472 -59.5472 -59.5472 -59.5472 -59.5472 -59.5472 -59.5472 -59.5472 -59.5472
0.82 -43.1351 -43.1351 -43.1351 -43.1351 -43.1351 -43.1351 -43.1351 -43.1351 -43.1351
0.84 -24.8854 -24.8854 -24.8854 -24.8854 -24.8854 -24.8854 -24.8854 -24.8854 -24.8854
0.86 -20.1987 -20.1987 -20.1987 -20.1987 -20.1987 -20.1987 -20.1987 -20.1987 -20.1987
0.88 7.81305 7.81305 7.81305 7.81305 7.81305 7.81305 7.81305 7.81305 7.81305
0.9 -26.1366 -26.1366 -26.1366 -26.1366 -26.1366 -26.1366 -26.1366 -26.1366 -26.1366
0.92 -11.9647 -11.9647 -11.9647 -11.9647 -11.9647 -11.9647 -11.9647 -11.9647 -11.9647
0.94 28.6627 28.6627 28.6627 28.6627 28.6627 28.6627 28.6627 28.6627 28.6627
0.96 49.7821 49.7821 49.7821 49.7821 49.7821 49.7821 49.7821 49.7821 49.7821
0.98 72.5607 72.5607 72.5607 72.5607 72.5607 72.5607 72.5607 72.5607 72.5607
1 33.7898 33.7898 33.7898 33.7898 33.7898 33.7898 33.7898 33.7898 33.7898
1.02 -2.16859 -2.16859 -2.16859 -2.16859 -2.16859 -2.16859 -2.16859 -2.16859 -2.16859
1.04 37.917 37.917 37.917 37.917 37.917 37.917 37.917 37.917 37.917
1.06 42.934 42.934 42.934 42.934 42.934 42.934 42.934 42.934 42.934
1.08 35.8983 35.8983 35.8983 35.8983 35.8983 35.8983 35.8983 35.8983 35.8983
1.1 -38.4578 -38.4578 -38.4578 -38.4578 -38.4578 -38.4578 -38.4578 -38.4578 -38.4578
1.12 70.3428 70.3428 70.3428 70.3428 70.3428 70.3428 70.3428 70.3428 70.3428
1.14 89.9188 89.9188 89.9188 89.9188 89.9188 89.9188 89.9188 89.9188 89.9188
1.16 69.0899 69.0899 69.0899 69.0899 69.0899 69.0899 69.0899 69.0899 69.0899
1.18 -11.3935 -11.3935 -11.3935 -11.3935 -11.3935 -11.3935 -11.3935 -11.3935 -11.3935
1.2 29.1651 29.1651 29.1651 29.1651 29.1651 29.1651 29.1651 29.1651 29.1651
1.22 157.2 157.2 157.2 157.2 157.2 157.2 157.2 157.2 157.2
1.24 72.9214 72.9214 72.9214 72.9214 72.9214 72.9214 72.9214 72.9214 72.9214
1.26 -21.7715 -21.7715 -21.7715 -21.7715 -21.7715 -21.7715 -21.7715 -21.7715 -21.7715
1.28 -86.2283 -86.2283 -86.2283 -86.2283 -86.2283 -86.2283 -86.2283 -86.2283 -86.2283
1.3 89.4423 89.4423 89.4423 89.4423 89.4423 89.4423 89.4423 89.4423 89.4423
1.32 99.9294 99.9294 99.9294 99.9294 99.9294 99.9294 99.9294 99.9294 99.9294
1.34 -18.5838 -18.5838 -18.5838 -18.5838 -18.5838 -18.5838 -18.5838 -18.5838 -18.5838
1.36 -49.643 -49.643 -49.643 -49.643 -49.643 -49.643 -49.643 -49.643 -49.643
1.38 19.2322 19.2322 19.2322 19.2322 19.2322 19.2322 19.2322 19.2322 19.2322
1.4 88.6502 88.6502 88.6502 88.6502 88.6502 88.6502 88.6502 88.6502 88.6502
1.42 47.6996 47.6996 47.6996 47.6996 47.6996 47.6996 47.6996 47.6996 47.6996
1.44 -5.2117 -5.2117 -5.2117 -5.2117 -5.2117 -5.2117 -5.2117 -5.2117 -5.2117
1.46 16.8229 16.8229 16.8229 16.8229 16.8229 16.8229 16.8229 16.8229 16.8229
1.48 111.176 111.176 111.176 111.176 111.176 111.176 111.176 111.176 111.176
1.5 124.223 124.223 124.223 124.223 124.223 124.223 124.223 124.223 124.223
1.52 -13.7619 -13.7619 -13.7619 -13.7619 -13.7619 -13.7619 -13.7619 -13.7619 -13.7619
1.54 39.8995 39.8995 39.8995 39.8995 39.8995 39.8995 39.8995 39.8995 39.8995
1.56 58.4103 58.4103 58.4103 58.4103 58.4103 58.4103 58.4103 58.4103 58.4103
1.58 69.8025 69.8025 69.8025 69.8025 69.8025 69.8025 69.8025 69.8025 69.8025
1.6 12.0439 12.0439 12.0439 12.0439 12.0439 12.0439 12.0439 12.0439 12.0439
1.62 -35.0481 -35.0481 -35.0481 -35.0481 -35.0481 -35.0481 -35.0481 -35.0481 -35.0481
1.64 -13.2948 -13.2948 -13.2948 -13.2948 -13.2948 -13.2948 -13.2948 -13.2948 -13.2948
1.66 79.8072 79.8072 79.8072 79.8072 79.8072 79.8072 79.8072 79.8072 79.8072
1.68 91.4335 91.4335 91.4335 91.4335 91.4335 91.4335 91.4335 91.4335 91.4335
1.7 -0.42067 -0.42067 -0.42067 -0.42067 -0.42067 -0.42067 -0.42067 -0.42067 -0.42067
1.72 -11.4157 -11.4157 -11.4157 -11.4157 -11.4157 -11.4157 -11.4157 -11.4157 -11.4157
1.74 96.8194 96.8194 96.8194 96.8194 96.8194 96.8194 96.8194 96.8194 96.8194
1.76 168.233 168.233 168.233 168.233 168.233 168.233 168.233 168.233 168.233
1.78 79.9105 79.9105 79.9105 79.9105 79.9105 79.9105 79.9105 79.9105 79.9105
1.8 11.1833 11.1833 11.1833 11.1833 11.1833 11.1833 11.1833 11.1833 11.1833
1.82 7.33356 7.33356 7.33356 7.33356 7.33356 7.33356 7.33356 7.33356 7.33356
1.84 -20.019 -20.019 -20.019 -20.019 -20.019 -20.019 -20.019 -20.019 -20.019
1.86 7.65231 7.65231 7.65231 7.65231 7.65231 7.65231 7.65231 7.65231 7.65231
1.88 -57.7448 -57.7448 -57.7448 -57.7448 -57.7448 -57.7448 -57.7448 -57.7448 -57.7448
1.9 -69.8387 -69.8387 -69.8387 -69.8387 -69.8387 -69.8387 -69.8387 -69.8387 -69.8387
1.92 32.3226 32.3226 32.3226 32.3226 32.3226 32.3226 32.3226 32.3226 32.3226
1.94 39.0404 39.0404 39.0404 39.0404 39.0404 39.0404 39.0404 39.0404 39.0404
1.96 33.8206 33.8206 33.8206 33.8206 33.8206 33.8206 33.8206 33.8206 33.8206
1.98 -56.8656 -56.8656 -56.8656 -56.8656 -56.8656 -56.8656 -56.8656 -56.8656 -56.8656
2 25.1936 25.1936 25.1936 25.1936 25.1936 25.1936 25.1936 25.1936 25.1936
2.02 34.7658 34.7658 34.7658 34.7658 34.7658 34.7658 34.7658 34.7658 34.7658
2.04 52.8538 52.8538 52.8538 52.8538 52.8538 52.8538 52.8538 52.8538 52.8538
2.06 66.9495 66.9495 66.9495 66.9495 66.9495 66.9495 66.9495 66.9495 66.9495
2.08 43.8628 43.8628 43.8628 43.8628 43.8628 43.8628 43.8628 43.8628 43.8628
2.1 27.4612 27.4612 27.4612 27.4612 27.4612 27.4612 27.4612 27.4612 27.4612
2.12 7.97355 7.97355 7.97355 7.97355 7.97355 7.97355 7.97355 7.97355 7.97355
2.14 54.4299 54.4299 54.4299 54.4299 54.4299 54.4299 54.4299 54.4299 54.4299
2.16 -34.3698 -34.3698 -34.3698 -34.3698 -34.3698 -34.3698 -34.3698 -34.3698 -34.3698
2.18 -0.712558 -0.712558 -0.712558 -0.712558 -0.712558 -0.712558 -0.712558 -0.712558 -0.712558
2.2 10.8013 10.8013 10.8013 10.8013 10.8013 10.8013 10.8013 10.8013 10.8013
2.22 199.079 199.079 199.079 199.079 199.079 199.079 199.079 199.079 199.079
2.24 72.0359 72.0359 72.0359 72.0359 72.0359 72.0359 72.0359 72.0359 72.0359
2.26 -38.1528 -38.1528 -38.1528 -38.1528 -38.1528 -38.1528 -38.1528 -38.1528 -38.1528
2.28 -37.0974 -37.0974 -37.0974 -37.0974 -37.0974 -37.0974 -37.0974 -37.0974 -37.0974
2.3 -133.215 -133.215 -133.215 -133.215 -133.215 -133.215 -133.215 -133.215 -133.215
2.32 -98.0066 -98.0066 -98.0066 -98.0066 -98.0066 -98.0066 -98.0066 -98.0066 -98.0066
2.34 -78.1082 -78.1082 -78.1082 -78.1082 -78.1082 -78.1082 -78.1082 -78.1082 -78.1082
2.36 -162.308 -162.308 -162.308 -162.308 -162.308 -162.308 -162.308 -162.308 -162.308
2.38 20.8201 20.8201 20.8201 20.8201 20.8201 20.8201 20.8201 20.8201 20.8201
2.4 137.8 137.8 137.8 137.8 137.8 137.8 137.8 137.8 137.8
2.42 -12.6279 -12.6279 -12.6279 -12.6279 -12.6279 -12.6279 -12.6279 -12.6279 -12.6279
2.44 -87.5508 -87.5508 -87.5508 -87.5508 -87.5508 -87.5508 -87.5508 -87.5508 -87.5508
2.46 -145.555 -145.555 -145.555 -145.555 -145.555 -145.555 -145.555 -145.555 -145.555
2.48 51.1871 51.1871 51.1871 51.1871 51.1871 51.1871 51.1871 51.1871 51.1871
2.5 96.7006 96.7006 96.7006 96.7006 96.7006 96.7006 96.7006 96.7006 96.7006
2.52 242.863 242.863 242.863 242.863 242.863 242.863 242.863 242.863 242.863
2.54 259.285 259.285 259.285 259.285 259.285 259.285 259.285 259.285 259.285
2.56 218.429 218.429 218.429 218.429 218.429 218.429 218.429 218.429 218.429
2.58 61.0623 61.0623 61.0623 61.0623 61.0623 61.0623 61.0623 61.0623 61.0623
2.6 -36.4513 -36.4513 -36.4513 -36.4513 -36.4513 -36.4513 -36.4513 -36.4513 -36.4513
2.62 -171.847 -171.847 -171.847 -171.847 -171.847 -171.847 -171.847 -171.847 -171.847
2.64 -229.253 -229.253 -229.253 -229.253 -229.253 -229.253 -229.253 -229.253 -229.253
2.66 -15.7797 -15.7797 -15.7797 -15.7797 -15.7797 -15.7797 -15.7797 -15.7797 -15.7797
2.68 77.9711 77.9711 77.9711 77.9711 77.9711 77.9711 77.9711 77.9711 77.9711
2.7 218.147 218.147 218.147 218.147 218.147 218.147 218.147 218.147 218.147
2.72 73.2258 73.2258 73.2258 73.2258 73.2258 73.2258 73.2258 73.2258 73.2258
2.74 13.3021 13.3021 13.3021 13.3021 13.3021 13.3021 13.3021 13.3021 13.3021
2.76 4.59503 4.59503 4.59503 4.59503 4.59503 4.59503 4.59503 4.59503 4.59503
2.78 -48.1316 -48.1316 -48.1316 -48.1316 -48.1316 -48.1316 -48.1316 -48.1316 -48.1316
2.8 46.0751 46.0751 46.0751 46.0751 46.0751 46.0751 46.0751 46.0751 46.0751
2.82 86.3217 86.3217 86.3217 86.3217 86.3217 86.3217 86.3217 86.3217 86.3217
2.84 136.814 136.814 136.814 136.814 136.814 136.814 136.814 136.814 136.814
2.86 203.952 203.952 203.952 203.952 203.952 203.952 203.952 203.952 203.952
2.88 233.747 233.747 233.747 233.747 233.747 233.747 233.747 233.747 233.747
2.9 89.7733 89.7733 89.7733 89.7733 89.7733 89.7733 89.7733 89.7733 89.7733
2.92 -112.005 -112.005 -112.005 -112.005 -112.005 -112.005 -112.005 -112.005 -112.005
2.94 -67.5487 -67.5487 -67.5487 -67.5487 -67.5487 -67.5487 -67.5487 -67.5487 -67.5487
2.96 89.4514 89.4514 89.4514 89.4514 89.4514 89.4514 89.4514 89.4514 89.4514
2.98 176.185 176.185 176.185 176.185 176.185 176.185 176.185 176.185 176.185
3 64.5089 64.5089 64.5089 64.5089 64.5089 64.5089 64.5089 64.5089 64.5089
3.02 19.3222 19.3222 19.3222 19.3222 19.3222 19.3222 19.3222 19.3222 19.3222
3.04 -166.951 -166.951 -166.951 -166.951 -166.951 -166.951 -166.951 -166.951 -166.951
3.06 -495.289 -495.289 -495.289 -495.289 -495.289 -495.289 -495.289 -495.289 -495.289
3.08 -589.536 -589.536 -589.536 -589.536 -589.536 -589.536 -589.536 -589.536 -589.536
3.1 -713.656 -713.656 -713.656 -713.656 -713.656 -713.656 -713.656 -713.656 -713.656
3.12 -606.051 -606.051 -606.051 -606.051 -606.051 -606.051 -606.051 -606.051 -606.051
3.14 -560.748 -560.748 -560.748 -560.748 -560.748 -560.748 -560.748 -560.748 -560.748
3.16 -559.748 -559.748 -559.748 -559.748 -559.748 -559.748 -559.748 -559.748 -559.748
3.18 -647.326 -647.326 -647.326 -647.326 -647.326 -647.326 -647.326 -647.326 -647.326
3.2 -788.847 -788.847 -788.847 -788.847 -788.847 -788.847 -788.847 -788.847 -788.847
3.22 -797.163 -797.163 -797.163 -797.163 -797.163 -797.163 -797.163 -797.163 -797.163
3.23 -826.272 -826.272 -826.272 -826.272 -826.272 -826.272 -826.272 -826.272 -826.272
3.24 -855.38 -855.38 -855.38 -855.38 -855.38 -855.38 -855.38 -855.38 -855.38
3.25 -921.99 -921.99 -921.99 -921.99 -921.99 -921.99 -921.99 -921.99 -921.99
3.26 -988.6 -988.6 -988.6 -988.6 -988.6 -988.6 -988.6 -988.6 -988.6
3.27 -895.562 -895.562 -895.562 -895.562 -895.562 -895.562 -895.562 -895.562 -895.562
3.28 -802.525 -802.525 -802.525 -802.525 -802.525 -802.525 -802.525 -802.525 -802.525
3.29 -605.153 -605.153 -605.153 -605.153 -605.153 -605.153 -605.153 -605.153 -605.153
3.3 -407.781 -407.781 -407.781 -407.781 -407.781 -407.781 -407.781 -407.781 -407.781
3.31 -368.563 -368.563 -368.563 -368.563 -368.563 -368.563 -368.563 -368.563 -368.563
3.32 -329.346 -329.346 -329.346 -329.346 -329.346 -329.346 -329.346 -329.346 -329.346
3.33 -359.719 -359.719 -359.719 -359.719 -359.719 -359.719 -359.719 -359.719 -359.719
3.34 -390.093 -390.093 -390.093 -390.093 -390.093 -390.093 -390.093 -390.093 -390.093
3.35 -487.158 -487.158 -487.158 -487.158 -487.158 -487.158 -487.158 -487.158 -487.158
3.36 -584.223 -584.223 -584.223 -584.223 -584.223 -584.223 -584.223 -584.223 -584.223
3.37 -610.509 -610.509 -610.509 -610.509 -610.509 -610.509 -610.509 -610.509 -610.509
3.38 -636.794 -636.794 -636.794 -636.794 -636.794 -636.794 -636.794 -636.794 -636.794
3.39 -656.128 -656.128 -656.128 -656.128 -656.128 -656.128 -656.128 -656.128 -656.128
3.4 -675.461 -675.461 -675.461 -675.461 -675.461 -675.461 -675.461 -675.461 -675.461
3.41 -656.778 -656.778 -656.778 -656.778 -656.778 -656.778 -656.778 -656.778 -656.778
3.43 -367.744 -367.744 -367.744 -367.744 -367.744 -367.744 -367.744 -367.744 -367.744
3.45 150.546 150.546 150.546 150.546 150.546 150.546 150.546 150.546 150.546
3.46 398.485 398.485 398.485 398.485 398.485 398.485 398.485 398.485 398.485
3.47 598.799 598.799 598.799 598.799 598.799 598.799 598.799 598.799 598.799
3.48 799.113 799.113 799.113 799.113 799.113 799.113 799.113 799.113 799.113
3.49 955.81 955.81 955.81 955.81 955.81 955.81 955.81 955.81 955.81
3.5 1112.51 1112.51 1112.51 1112.51 1112.51 1112.51 1112.51 1112.51 1112.51
3.51 1194.53 1194.53 1194.53 1194.53 1194.53 1194.53 1194.53 1194.53 1194.53
3.52 1276.55 1276.55 1276.55 1276.55 1276.55 1276.55 1276.55 1276.55 1276.55
3.53 1194.17 1194.17 1194.17 1194.17 1194.17 1194.17 1194.17 1194.17 1194.17
3.54 1111.78 1111.78 1111.78 1111.78 1111.78 1111.78 1111.78 1111.78 1111.78
3.55 1162.46 1162.46 1162.46 1162.46 1162.46 1162.46 1162.46 1162.46 1162.46
3.56 1213.14 1213.14 1213.14 1213.14 1213.14 1213.14 1213.14 1213.14 1213.14
3.57 1345.11 1345.11 1345.11 1345.11 1345.11 1345.11 1345.11 1345.11 1345.11
3.58 1477.08 1477.08 1477.08 1477.08 1477.08 1477.08 1477.08 1477.08 1477.08
3.59 1512.76 1512.76 1512.76 1512.76 1512.76 1512.76 1512.76 1512.76 1512.76
3.6 1548.44 1548.44 1548.44 1548.44 1548.44 1548.44 1548.44 1548.44 1548.44
3.61 1240.25 1240.25 1240.25 1240.25 1240.25 1240.25 1240.25 1240.25 1240.25
3.62 932.063 932.063 932.063 932.063 932.063 932.063 932.063 932.063 932.063
3.63 517.996 517.996 517.996 517.996 517.996 517.996 517.996 517.996 517.996
3.64 103.928 103.928 103.928 103.928 103.928 103.928 103.928 103.928 103.928
3.65 27.8485 27.8485 27.8485 27.8485 27.8485 27.8485 27.8485 27.8485 27.8485
3.66 -48.2312 -48.2312 -48.2312 -48.2312 -48.2312 -48.2312 -48.2312 -48.2312 -48.2312
3.67 151.729 151.729 151.729 151.729 151.729 151.729 151.729 151.729 151.729
3.68 351.689 351.689 351.689 351.689 351.689 351.689 351.689 351.689 351.689
3.69 713.286 713.286 713.286 713.286 713.286 713.286 713.286 713.286 713.286
3.7 1074.88 1074.88 1074.88 1074.88 1074.88 1074.88 1074.88 1074.88 1074.88
3.71 1012.9 1012.9 1012.9 1012.9 1012.9 1012.9 1012.9 1012.9 1012.9
3.72 950.919 950.919 950.919 950.919 950.919 950.919 950.919 950.919 950.919
3.73 955.273 955.273 955.273 955.273 955.273 955.273 955.273 955.273 955.273
3.74 959.628 959.628 959.628 959.628 959.628 959.628 959.628 959.628 959.628
3.75 963.677 963.677 963.677 963.677 963.677 963.677 963.677 963.677 963.677
3.76 967.726 967.726 967.726 967.726 967.726 967.726 967.726 967.726 967.726
3.77 822.37 822.37 822.37 822.37 822.37 822.37 822.37 822.37 822.37
3.78 677.013 677.013 677.013 677.013 677.013 677.013 677.013 677.013 677.013
3.79 634.586 634.586 634.586 634.586 634.586 634.586 634.586 634.586 634.586
3.8 592.159 592.159 592.159 592.159 592.159 592.159 592.159 592.159 592.159
3.81 397.976 397.976 397.976 397.976 397.976 397.976 397.976 397.976 397.976
3.82 203.792 203.792 203.792 203.792 203.792 203.792 203.792 203.792 203.792
3.83 7.12361 7.12361 7.12361 7.12361 7.12361 7.12361 7.12361 7.12361 7.12361
3.84 -189.545 -189.545 -189.545 -189.545 -189.545 -189.545 -189.545 -189.545 -189.545
3.85 -328.127 -328.127 -328.127 -328.127 -328.127 -328.127 -328.127 -328.127 -328.127
3.86 -466.709 -466.709 -466.709 -466.709 -466.709 -466.709 -466.709 -466.709 -466.709
3.87 -539.25 -539.25 -539.25 -539.25 -539.25 -539.25 -539.25 -539.25 -539.25
3.88 -611.79 -611.79 -611.79 -611.79 -611.79 -611.79 -611.79 -611.79 -611.79
3.89 -542.667 -542.667 -542.667 -542.667 -542.667 -542.667 -542.667 -542.667 -542.667
3.9 -473.543 -473.543 -473.543 -473.543 -473.543 -473.543 -473.543 -473.543 -473.543
3.91 -331.074 -331.074 -331.074 -331.074 -331.074 -331.074 -331.074 -331.074 -331.074
3.92 -188.605 -188.605 -188.605 -188.605 -188.605 -188.605 -188.605 -188.605 -188.605
3.93 -229.353 -229.353 -229.353 -229.353 -229.353 -229.353 -229.353 -229.353 -229.353
3.94 -270.1 -270.1 -270.1 -270.1 -270.1 -270.1 -270.1 -270.1 -270.1
3.95 -452.956 -452.956 -452.956 -452.956 -452.956 -452.956 -452.956 -452.956 -452.956
3.96 -635.812 -635.812 -635.812 -635.812 -635.812 -635.812 -635.812 -635.812 -635.812
3.97 -769.907 -769.907 -769.907 -769.907 -769.907 -769.907 -769.907 -769.907 -769.907
3.98 -904.003 -904.003 -904.003 -904.003 -904.003 -904.003 -904.003 -904.003 -904.003
3.99 -1000.12 -1000.12 -1000.12 -1000.12 -1000.12 -1000.12 -1000.12 -1000.12 -1000.12
4 -1096.24 -1096.24 -1096.24 -1096.24 -1096.24 -1096.24 -1096.24 -1096.24 -1096.24
4.01 -714.21 -714.21 -714.21 -714.21 -714.21 -714.21 -714.21 -714.21 -714.21
4.02 -332.182 -332.182 -332.182 -332.182 -332.182 -332.182 -332.182 -332.182 -332.182
4.03 -156.882 -156.882 -156.882 -156.882 -156.882 -156.882 -156.882 -156.882 -156.882
4.04 18.4188 18.4188 18.4188 18.4188 18.4188 18.4188 18.4188 18.4188 18.4188
4.05 -153.477 -153.477 -153.477 -153.477 -153.477 -153.477 -153.477 -153.477 -153.477
4.06 -325.373 -325.373 -325.373 -325.373 -325.373 -325.373 -325.373 -325.373 -325.373
4.07 -387.006 -387.006 -387.006 -387.006 -387.006 -387.006 -387.006 -387.006 -387.006
4.08 -448.638 -448.638 -448.638 -448.638 -448.638 -448.638 -448.638 -448.638 -448.638
4.09 -468.156 -468.156 -468.156 -468.156 -468.156 -468.156 -468.156 -468.156 -468.156
4.1 -487.674 -487.674 -487.674 -487.674 -487.674 -487.674 -487.674 -487.674 -487.674
4.11 -556.458 -556.458 -556.458 -556.458 -556.458 -556.458 -556.458 -556.458 -556.458
4.12 -625.242 -625.242 -625.242 -625.242 -625.242 -625.242 -625.242 -625.242 -625.242
4.13 -605.374 -605.374 -605.374 -605.374 -605.374 -605.374 -605.374 -605.374 -605.374
4.14 -585.505 -585.505 -585.505 -585.505 -585.505 -585.505 -585.505 -585.505 -585.505
4.15 -312.464 -312.464 -312.464 -312.464 -312.464 -312.464 -312.464 -312.464 -312.464
4.16 -39.4232 -39.4232 -39.4232 -39.4232 -39.4232 -39.4232 -39.4232 -39.4232 -39.4232
4.17 75.2095 75.2095 75.2095 75.2095 75.2095 75.2095 75.2095 75.2095 75.2095
4.18 189.842 189.842 189.842 189.842 189.842 189.842 189.842 189.842 189.842
4.19 162.295 162.295 162.295 162.295 162.295 162.295 162.295 162.295 162.295
4.2 134.749 134.749 134.749 134.749 134.749 134.749 134.749 134.749 134.749
4.21 163.005 163.005 163.005 163.005 163.005 163.005 163.005 163.005 163.005
4.22 191.262 191.262 191.262 191.262 191.262 191.262 191.262 191.262 191.262
4.23 259.196 259.196 259.196 259.196 259.196 259.196 259.196 259.196 259.196
4.24 327.129 327.129 327.129 327.129 327.129 327.129 327.129 327.129 327.129
4.25 224.868 224.868 224.868 224.868 224.868 224.868 224.868 224.868 224.868
4.26 122.606 122.606 122.606 122.606 122.606 122.606 122.606 122.606 122.606
4.27 41.4287 41.4287 41.4287 41.4287 41.4287 41.4287 41.4287 41.4287 41.4287
4.28 -39.7484 -39.7484 -39.7484 -39.7484 -39.7484 -39.7484 -39.7484 -39.7484 -39.7484
4.29 -120.02 -120.02 -120.02 -120.02 -120.02 -120.02 -120.02 -120.02 -120.02
4.3 -200.291 -200.291 -200.291 -200.291 -200.291 -200.291 -200.291 -200.291 -200.291
4.31 -274.043 -274.043 -274.043 -274.043 -274.043 -274.043 -274.043 -274.043 -274.043
4.32 -347.795 -347.795 -347.795 -347.795 -347.795 -347.795 -347.795 -347.795 -347.795
4.33 -320.4 -320.4 -320.4 -320.4 -320.4 -320.4 -320.4 -320.4 -320.4
4.34 -293.005 -293.005 -293.005 -293.005 -293.005 -293.005 -293.005 -293.005 -293.005
4.35 -169.795 -169.795 -169.795 -169.795 -169.795 -169.795 -169.795 -169.795 -169.795
4.36 -46.5856 -46.5856 -46.5856 -46.5856 -46.5856 -46.5856 -46.5856 -46.5856 -46.5856
4.37 8.63508 8.63508 8.63508 8.63508 8.63508 8.63508 8.63508 8.63508 8.63508
4.38 63.8557 63.8557 63.8557 63.8557 63.8557 63.8557 63.8557 63.8557 63.8557
4.39 -58.9362 -58.9362 -58.9362 -58.9362 -58.9362 -58.9362 -58.9362 -58.9362 -58.9362
4.4 -181.728 -181.728 -181.728 -181.728 -181.728 -181.728 -181.728 -181.728 -181.728
4.41 -237.323 -237.323 -237.323 -237.323 -237.323 -237.323 -237.323 -237.323 -237.323
4.42 -292.918 -292.918 -292.918 -292.918 -292.918 -292.918 -292.918 -292.918 -292.918
4.43 -241.494 -241.494 -241.494 -241.494 -241.494 -241.494 -241.494 -241.494 -241.494
4.44 -190.071 -190.071 -190.071 -190.071 -190.071 -190.071 -190.071 -190.071 -190.071
4.45 -172.4 -172.4 -172.4 -172.4 -172.4 -172.4 -172.4 -172.4 -172.4
4.46 -154.73 -154.73 -154.73 -154.73 -154.73 -154.73 -154.73 -154.73 -154.73
4.47 -232.57 -232.57 -232.57 -232.57 -232.57 -232.57 -232.57 -232.57 -232.57
4.48 -310.41 -310.41 -310.41 -310.41 -310.41 -310.41 -310.41 -310.41 -310.41
4.49 -216.415 -216.415 -216.415 -216.415 -216.415 -216.415 -216.415 -216.415 -216.415
4.5 -122.42 -122.42 -122.42 -122.42 -122.42 -122.42 -122.42 -122.42 -122.42
4.51 49.3792 49.3792 49.3792 49.3792 49.3792 49.3792 49.3792 49.3792 49.3792
4.52 221.178 221.178 221.178 221.178 221.178 221.178 221.178 221.178 221.178
4.53 383.723 383.723 383.723 383.723 383.723 383.723 383.723 383.723 383.723
4.54 546.267 546.267 546.267 546.267 546.267 546.267 546.267 546.267 546.267
4.55 417.298 417.298 417.298 417.298 417.298 417.298 417.298 417.298 417.298
4.56 288.328 288.328 288.328 288.328 288.328 288.328 288.328 288.328 288.328
4.57 -30.3588 -30.3588 -30.3588 -30.3588 -30.3588 -30.3588 -30.3588 -30.3588 -30.3588
4.58 -349.046 -349.046 -349.046 -349.046 -349.046 -349.046 -349.046 -349.046 -349.046
4.59 -423.606 -423.606 -423.606 -423.606 -423.606 -423.606 -423.606 -423.606 -423.606
