0.01 -0.0796869
0.02 -0.0707395
0.03 -0.0617593
0.04 -0.0520969
0.05 -0.040426
0.06 -0.0244373
0.07 -4.47738e-05
0.08 0.0379835
0.09 0.0938855
0.1 0.172354
0.11 0.278457
0.12 0.414609
0.13 0.586315
0.14 0.78256
0.15 0.992331
0.16 1.20152
0.17 1.3924
0.18 1.55345
0.19 1.67178
0.2 1.77953
0.21 1.87903
0.22 1.94634
0.23 2.0205
0.24 2.18937
0.25 2.37616
0.26 2.61519
0.27 2.70369
0.28 2.49254
0.29 2.29227
0.3 2.04857
0.31 1.66329
0.32 1.16269
0.33 0.582355
0.34 -0.13446
0.35 -0.95506
0.36 -1.71969
0.37 -2.61128
0.38 -3.42845
0.39 -4.15729
0.4 -4.94856
0.41 -5.58377
0.42 -5.38602
0.43 -4.95239
0.44 -4.47359
0.45 -3.83277
0.46 -3.13567
0.47 -2.23369
0.48 -1.32885
0.49 -0.72357
0.5 -0.318061
0.51 0.126596
0.52 0.586773
0.53 1.34211
0.54 1.80179
0.55 2.21106
0.56 2.44596
0.57 2.04383
0.58 1.57395
0.59 1.07757
0.6 0.425996
0.61 0.0133119
0.62 -0.331722
0.63 -0.640265
0.64 -0.0472282
0.65 1.14611
0.66 2.31399
0.67 3.49978
0.68 4.63232
0.69 5.86584
0.7 7.20196
0.71 7.89236
0.72 8.16464
0.73 8.3848
0.74 8.13371
0.75 6.79099
0.76 4.62881
0.77 2.0316
0.78 -0.358204
0.79 -2.5189
0.8 -5.22454
0.81 -7.77837
0.82 -8.85954
0.83 -9.11995
0.84 -9.93297
0.85 -11.2937
0.86 -11.7073
0.87 -11.5361
0.88 -10.7747
0.89 -9.32202
0.9 -7.58216
0.91 -6.6588
0.92 -5.88417
0.93 -5.61113
0.94 -5.79953
0.95 -6.03081
0.96 -6.49624
0.97 -6.39493
0.98 -4.46858
0.99 -2.32498
1 -0.754593
1.01 0.886588
1.02 2.48595
1.03 4.29047
1.04 6.07978
1.05 7.41769
1.06 8.27955
1.07 9.50525
1.08 10.8588
1.09 10.9883
1.1 10.4698
1.11 9.76648
1.12 8.54954
1.13 6.93976
1.14 5.07768
1.15 3.38095
1.16 3.20618
1.17 3.8747
1.18 3.66827
1.19 2.92998
1.2 2.38037
1.21 1.97104
1.22 1.64261
1.23 0.831065
1.24 -1.00411
1.25 -2.62531
1.26 -4.36921
1.27 -6.57284
1.28 -8.85647
1.29 -10.7791
1.3 -12.4017
1.31 -13.8661
1.32 -15.0956
1.33 -16.8397
1.34 -18.1591
1.35 -18.0437
1.36 -17.4826
1.37 -15.6247
1.38 -14.0001
1.39 -12.7058
1.4 -10.4417
1.41 -7.07764
1.42 -2.86809
1.43 1.21406
1.44 4.6488
1.45 7.6698
1.46 10.558
1.47 13.5727
1.48 16.6049
1.49 19.2009
1.5 21.2525
1.51 22.5274
1.52 22.6099
1.53 21.1534
1.54 19.0488
1.55 15.6472
1.56 11.6763
1.57 7.85312
1.58 3.93809
1.59 0.51144
1.6 -0.603798
1.61 -1.33728
1.62 -2.06766
1.63 -2.8077
1.64 -5.09606
1.65 -6.84071
1.66 -7.75256
1.67 -8.7915
1.68 -9.83026
1.69 -10.9496
1.7 -12.6792
1.71 -15.0009
1.72 -16.8619
1.73 -16.9182
1.74 -14.7755
1.75 -10.7859
1.76 -7.73557
1.77 -5.98102
1.78 -5.89418
1.79 -6.29418
1.8 -5.8889
1.81 -4.88335
1.82 -2.52228
1.83 -0.35948
1.84 0.497441
1.85 0.846822
1.86 1.29734
1.87 2.23994
1.88 4.80433
1.89 8.07592
1.9 10.9539
1.91 12.4169
1.92 12.3659
1.93 10.7963
1.94 9.22677
1.95 7.92862
1.96 7.11589
1.97 7.80117
1.98 8.91743
1.99 9.43811
2 10.6326
2.01 10.423
2.02 7.9149
2.03 5.17447
2.04 1.76788
2.05 -0.36865
2.06 -1.50089
2.07 -0.676125
2.08 1.48351
2.09 2.88256
2.1 4.46351
2.11 6.43195
2.12 8.34187
2.13 10.3471
2.14 12.8928
2.15 16.1811
2.16 16.5502
2.17 15.5994
2.18 14.8027
2.19 12.958
2.2 9.49204
2.21 5.27979
2.22 1.72815
2.23 -2.06567
2.24 -6.4953
2.25 -10.6326
2.26 -14.4293
2.27 -16.1936
2.28 -14.5652
2.29 -10.6847
2.3 -5.6997
2.31 1.77119
2.32 10.9171
2.33 21.6577
2.34 32.3181
2.35 42.9198
2.36 51.6304
2.37 56.5506
2.38 57.7706
2.39 56.8934
2.4 53.7166
2.41 50.572
2.42 49.1635
2.43 46.6183
2.44 43.0023
2.45 37.0657
2.46 28.6549
2.47 19.5031
2.48 7.93929
2.49 -3.01181
2.5 -13.5055
2.51 -24.5574
2.52 -34.7017
2.53 -42.604
2.54 -47.8912
2.55 -49.9094
2.56 -48.9602
2.57 -45.7315
2.58 -41.7158
2.59 -38.0735
2.6 -34.0098
2.61 -29.1287
2.62 -24.3104
2.63 -19.5929
2.64 -15.0851
2.65 -12.4051
2.66 -13.0884
2.67 -13.5772
2.68 -13.2243
2.69 -16.3534
2.7 -20.9899
2.71 -25.4694
2.72 -28.5147
2.73 -31.2564
2.74 -33.8573
2.75 -35.0156
2.76 -36.0152
2.77 -36.2833
2.78 -35.6373
2.79 -38.0853
2.8 -40.2753
2.81 -41.4523
2.82 -42.8743
2.83 -41.7334
2.84 -38.8069
2.85 -37.0394
2.86 -35.8911
2.87 -37.0948
2.88 -40.0492
2.89 -41.4399
2.9 -41.933
2.91 -42.5933
2.92 -41.6157
2.93 -38.4442
2.94 -37.118
2.95 -36.1772
2.96 -31.9829
2.97 -24.9937
2.98 -18.2014
2.99 -11.7457
3 -6.45977
3.01 -2.1489
3.02 3.24756
3.03 12.8023
3.04 23.8454
3.05 36.5469
3.06 46.4847
3.07 54.0246
3.08 60.0753
3.09 64.498
3.1 65.2785
3.11 62.4544
3.12 54.5975
3.13 43.4356
3.14 37.4079
3.15 32.1947
3.16 25.6151
3.17 20.7167
3.18 16.4859
3.19 17.2359
3.2 24.135
3.21 36.1809
3.22 52.8724
3.23 68.2484
3.24 78.9224
3.25 80.4
3.26 74.7833
3.27 62.1429
3.28 46.6334
3.29 30.1975
3.3 12.0575
3.31 2.04942
3.32 -18.7629
3.33 -29.2398
3.34 -38.3403
3.35 -49.0305
3.36 -59.6969
3.37 -71.072
3.38 -82.5914
3.39 -92.7235
3.4 -100.281
3.41 -103.855
3.42 -105.685
3.43 -101.44
3.44 -91.6208
3.45 -74.6301
3.46 -51.0227
3.47 -22.7743
3.48 6.68724
3.49 34.1778
3.5 53.0354
3.51 59.4605
3.52 61.661
3.53 62.7647
3.54 59.9476
3.55 51.7895
3.56 44.1949
3.57 40.0788
3.58 40.6357
3.59 44.7461
3.6 51.7584
3.61 57.5152
3.62 62.8498
3.63 67.0932
3.64 70.2285
3.65 71.9452
3.66 68.7674
3.67 63.6424
3.68 56.3567
3.69 46.7835
3.7 39.0469
3.71 32.9083
3.72 24.4931
3.73 15.2324
3.74 3.59167
3.75 -7.78706
3.76 -18.319
3.77 -30.4471
3.78 -36.883
3.79 -40.3869
3.8 -42.6296
3.81 -43.4149
3.82 -43.2478
3.83 -38.2403
3.84 -32.1199
3.85 -25.7607
3.86 -18.6252
3.87 -13.0541
3.88 -10.4566
3.89 -7.31226
3.9 -1.13661
3.91 4.53399
3.92 9.97761
3.93 15.1866
3.94 17.4846
3.95 14.5081
3.96 8.84705
3.97 3.49279
3.98 -0.555728
3.99 0.243642
4 1.9154
4.01 3.35852
4.02 5.60792
4.03 6.59157
4.04 6.07717
4.05 5.78168
4.06 6.90034
4.07 9.68849
4.08 10.7953
4.09 11.4488
4.1 12.7376
4.11 13.5158
4.12 12.9408
4.13 12.02
4.14 12.5162
4.15 11.5236
4.16 7.30816
4.17 0.831106
4.18 -5.01609
4.19 -9.83151
4.2 -14.6288
4.21 -17.8413
4.22 -19.2695
4.23 -18.4774
4.24 -12.1754
4.25 -1.90716
4.26 8.55371
4.27 19.3993
4.28 27.7256
4.29 33.8131
4.3 37.604
4.31 39.7361
4.32 40.1453
4.33 38.25
4.34 34.2665
4.35 29.4726
4.36 23.1204
4.37 14.0776
4.38 3.14792
4.39 -9.52481
4.4 -22.0326
4.41 -33.7764
4.42 -43.2821
4.43 -48.7814
4.44 -53.1024
4.45 -56.3861
4.46 -59.7441
4.47 -61.9757
4.48 -63.4253
4.49 -63.1165
4.5 -58.8353
4.51 -50.4995
4.52 -41.5443
4.53 -34.6774
4.54 -29.3723
4.55 -25.881
4.56 -24.85
4.57 -25.7513
4.58 -27.872
4.59 -31.8796
4.6 -36.5853
4.61 -41.2353
4.62 -46.0353
4.63 -48.687
4.64 -47.2283
4.65 -43.1432
4.66 -36.6945
4.67 -24.5817
4.68 -9.26686
4.69 -6.56211
4.7 -2.18703
4.71 4.69961
4.72 11.4696
4.73 18.5208
4.74 29.6579
4.75 42.5195
4.76 55.6049
4.77 63.0734
4.78 69.9239
4.79 76.3586
4.8 83.4691
4.81 90.5779
4.82 94.4447
4.83 95.6705
4.84 85.8758
4.85 70.1414
4.86 50.9992
4.87 30.8845
4.88 9.83248
4.89 -10.0353
4.9 -28.0491
4.91 -31.7628
4.92 -33.5179
4.93 -33.9499
4.94 -34.0417
4.95 -33.9531
4.96 -33.9642
4.97 -33.2135
4.98 -32.1372
4.99 -31.685
5 -30.775
5.01 -28.5606
5.02 -26.8825
5.03 -25.584
5.04 -24.1463
5.05 -24.4824
5.06 -25.0668
5.07 -25.4838
5.08 -26.7952
5.09 -29.0342
5.1 -31.0738
5.11 -33.3673
5.12 -35.954
5.13 -37.79
5.14 -39.4312
5.15 -40.8768
5.16 -40.8168
5.17 -36.2425
5.18 -26.8807
5.19 -13.6337
5.2 -1.74996
5.21 9.31632
5.22 20.1369
5.23 29.3891
5.24 36.0805
5.25 36.2313
5.26 38.3176
5.27 41.9349
5.28 45.1589
5.29 47.8551
5.3 47.8168
5.31 45.9478
5.32 44.1132
5.33 41.7322
5.34 36.6407
5.35 31.2901
5.36 25.9101
5.37 19.9602
5.38 14.5297
5.39 9.10311
5.4 3.28085
5.41 -1.65942
5.42 -5.33983
5.43 -8.3385
5.44 -10.1156
5.45 -9.62809
5.46 -9.59364
5.47 -9.39869
5.48 -7.15856
5.49 -4.05843
5.5 -1.90218
5.51 -0.137599
5.52 -1.11675
5.53 -5.07137
5.54 -11.2837
5.55 -18.2554
5.56 -23.7453
5.57 -28.607
5.58 -33.0141
5.59 -35.6953
5.6 -36.9748
5.61 -36.1478
5.62 -33.4925
5.63 -30.0534
5.64 -25.5822
5.65 -19.8393
5.66 -14.8393
5.67 -11.8707
5.68 -8.2354
5.69 -2.56898
5.7 2.22442
5.71 6.66806
5.72 11.0532
5.73 15.1255
5.74 19.2144
5.75 22.8238
5.76 24.5854
5.77 25.6419
5.78 26.3622
5.79 25.1512
5.8 22.6409
5.81 20.5157
5.82 18.9739
5.83 17.7796
5.84 17.3184
5.85 17.6083
5.86 18.3434
5.87 18.8979
5.88 19.522
5.89 19.9911
5.9 20.3446
5.91 20.4896
5.92 18.9876
5.93 15.8044
5.94 11.6553
5.95 6.67994
5.96 0.912748
5.97 -5.05837
5.98 -10.5324
5.99 -14.9687
6 -17.6995
6.01 -19.4022
6.02 -20.0926
6.03 -19.1464
6.04 -16.6611
6.05 -13.1314
6.06 -9.15185
6.07 -5.29877
6.08 -0.920968
6.09 3.84605
6.1 9.32145
6.11 15.1559
6.12 19.1184
6.13 21.5686
6.14 23.7879
6.15 24.6827
6.16 23.8002
6.17 22.0767
6.18 19.6026
6.19 16.5596
6.2 13.27
6.21 9.63677
6.22 6.3353
6.23 3.756
6.24 1.61027
6.25 -0.639796
6.26 -2.16226
6.27 -2.46628
6.28 -3.40518
6.29 -5.30405
6.3 -5.61957
6.31 -4.88724
6.32 -4.12383
6.33 -3.23045
6.34 -3.3643
6.35 -4.12999
6.36 -4.8466
6.37 -6.31578
6.38 -8.90281
6.39 -11.3889
6.4 -13.93
6.41 -14.9103
6.42 -14.4221
6.43 -13.6268
6.44 -12.2913
6.45 -9.82113
6.46 -6.99739
6.47 -3.7254
6.48 -1.23707
6.49 -1.04011
6.5 -3.3325
6.51 -6.27843
6.52 -8.84831
6.53 -11.1721
6.54 -13.0193
6.55 -14.9991
6.56 -16.7026
6.57 -14.7697
6.58 -10.9539
6.59 -7.97116
6.6 -4.52616
6.61 0.034503
6.62 5.02254
6.63 9.95535
6.64 14.3878
6.65 18.913
6.66 24.1728
6.67 29.1287
6.68 33.2984
6.69 37.6153
6.7 41.7654
6.71 44.8583
6.72 45.1161
6.73 43.5458
6.74 41.1047
6.75 37.7236
6.76 34.0168
6.77 29.0588
6.78 23.0726
6.79 17.1148
6.8 11.4782
6.81 5.91791
6.82 0.673291
6.83 -4.87406
6.84 -10.2657
6.85 -14.5758
6.86 -18.9214
6.87 -23.4541
6.88 -26.1912
6.89 -28.5477
6.9 -31.3794
6.91 -34.0544
6.92 -36.9175
6.93 -37.579
6.94 -37.2651
6.95 -37.2131
6.96 -37.2225
6.97 -36.406
6.98 -34.9885
6.99 -33.7515
7 -32.3425
7.01 -30.712
7.02 -29.6177
7.03 -28.2883
7.04 -26.9272
7.05 -26.4006
7.06 -25.8228
7.07 -22.9155
7.08 -18.5542
7.09 -12.1239
7.1 -4.29286
7.11 3.01235
7.12 5.36193
7.13 7.71047
7.14 9.34734
7.15 11.7276
7.16 14.6736
7.17 16.5793
7.18 18.0327
7.19 19.6972
7.2 22.113
7.21 24.1347
7.22 25.9997
7.23 28.5899
7.24 30.9742
7.25 33.0332
7.26 34.6022
7.27 35.8387
7.28 37.3241
7.29 38.5393
7.3 37.7806
7.31 37.0138
7.32 36.2592
7.33 33.2784
7.34 27.3805
7.35 20.556
7.36 12.4734
7.37 3.8642
7.38 -5.63333
7.39 -15.6708
7.4 -22.602
7.41 -28.0067
7.42 -33.4373
7.43 -38.4915
7.44 -41.327
7.45 -42.7851
7.46 -41.7379
7.47 -40.619
7.48 -39.6984
7.49 -38.8075
7.5 -37.6954
7.51 -37.0388
7.52 -37.5524
7.53 -37.1872
7.54 -36.6225
7.55 -34.7878
7.56 -31.7022
7.57 -27.9382
7.58 -22.979
7.59 -17.1996
7.6 -10.845
7.61 -6.36759
7.62 -1.55651
7.63 3.12756
7.64 8.09142
7.65 12.5613
7.66 15.5102
7.67 17.8909
7.68 20.0564
7.69 20.3545
7.7 21.1409
7.71 22.1884
7.72 23.3443
7.73 26.1041
7.74 29.4541
7.75 33.8643
7.76 38.7443
7.77 44.0426
7.78 49.0196
7.79 53.0597
7.8 56.4302
7.81 58.1224
7.82 56.7553
7.83 53.2886
7.84 47.4359
7.85 39.2972
7.86 30.6819
7.87 21.7499
7.88 11.302
7.89 4.77169
7.9 -1.68074
7.91 -8.47788
7.92 -15.4223
7.93 -21.6904
7.94 -23.9162
7.95 -26.0781
7.96 -28.4387
7.97 -30.8362
7.98 -32.8095
7.99 -33.8567
8 -35.7187
8.01 -37.4872
8.02 -38.9938
8.03 -40.7091
8.04 -42.472
8.05 -44.1712
8.06 -46.0233
8.07 -50.0842
8.08 -53.5354
8.09 -56.0825
8.1 -57.5156
8.11 -55.888
8.12 -49.2618
8.13 -38.5401
8.14 -24.7496
8.15 -9.85256
8.16 1.95141
8.17 11.4282
8.18 20.1131
8.19 28.2386
8.2 29.7316
8.21 30.8876
8.22 32.121
8.23 33.3946
8.24 34.2455
8.25 34.9623
8.26 35.819
8.27 36.4084
8.28 36.7974
8.29 36.8828
8.3 37.3476
8.31 39.1984
8.32 42.6795
8.33 44.9229
8.34 45.6933
8.35 43.3776
8.36 38.6348
8.37 32.1887
8.38 24.2451
8.39 14.2771
8.4 7.57686
8.41 1.6902
8.42 -4.51899
8.43 -10.9117
8.44 -16.3746
8.45 -21.0961
8.46 -24.903
8.47 -28.0043
8.48 -29.6639
8.49 -31.7885
8.5 -33.2862
8.51 -34.4529
8.52 -33.8168
8.53 -31.1248
8.54 -27.575
8.55 -23.3553
8.56 -18.1036
8.57 -13.1861
8.58 -9.19858
8.59 -6.65731
8.6 -5.45845
8.61 -5.31273
8.62 -5.90689
8.63 -7.53542
8.64 -8.66074
8.65 -9.09183
8.66 -7.65528
8.67 -4.68027
8.68 -1.44037
8.69 2.24414
8.7 6.34412
8.71 10.5873
8.72 14.5819
8.73 17.5529
8.74 19.451
8.75 21.0867
8.76 22.1569
8.77 22.2609
8.78 21.8348
8.79 21.439
8.8 20.5317
8.81 19.2051
8.82 16.6884
8.83 13.4736
8.84 10.5271
8.85 7.1583
8.86 3.34421
8.87 -0.211911
8.88 -3.36127
8.89 -6.02417
8.9 -7.85493
8.91 -8.57557
8.92 -8.69919
8.93 -8.13307
8.94 -7.15235
8.95 -6.19891
8.96 -5.2069
8.97 -4.3597
8.98 -4.31243
8.99 -4.83107
9 -5.66991
9.01 -6.87113
9.02 -8.70711
9.03 -10.6787
9.04 -12.5504
9.05 -14.3948
9.06 -15.9494
9.07 -16.9498
9.08 -17.7311
9.09 -17.6137
9.1 -16.8818
9.11 -15.8219
9.12 -14.26
9.13 -12.2253
9.14 -9.83647
9.15 -6.41286
9.16 -2.69231
9.17 0.973091
9.18 4.72675
9.19 8.42721
9.2 11.8546
9.21 14.9599
9.22 16.8227
9.23 17.9393
9.24 19.2633
9.25 19.9651
9.26 19.4327
9.27 18.8875
9.28 18.263
9.29 17.2357
9.3 16.1599
9.31 14.9676
9.32 13.7837
9.33 13.1164
9.34 11.7952
9.35 9.3984
9.36 7.20973
9.37 5.66277
9.38 3.74827
9.39 1.52127
9.4 -1.29928
9.41 -4.51311
9.42 -7.03468
9.43 -9.39537
9.44 -11.3512
9.45 -12.8714
9.46 -14.0431
9.47 -14.923
9.48 -15.8869
9.49 -15.9736
9.5 -15.5753
9.51 -15.0626
9.52 -14.3842
9.53 -13.7388
9.54 -12.833
9.55 -10.649
9.56 -8.67772
9.57 -7.11522
9.58 -5.3471
9.59 -3.51523
9.6 -1.09925
9.61 1.42225
9.62 3.49898
9.63 5.51514
9.64 7.70444
9.65 9.61731
9.66 10.3521
9.67 10.6274
9.68 10.7754
9.69 10.7162
9.7 10.4131
9.71 9.98179
9.72 9.45348
9.73 10.0033
9.74 10.6989
9.75 10.8872
9.76 10.4468
9.77 9.38618
9.78 8.51198
9.79 7.69709
9.8 6.49473
9.81 5.33235
9.82 4.69725
9.83 4.33158
9.84 4.42163
9.85 4.68616
9.86 4.96966
9.87 5.39123
9.88 5.62529
9.89 4.64567
9.9 3.25588
9.91 1.36804
9.92 -1.30838
9.93 -4.32256
9.94 -7.42776
9.95 -10.765
9.96 -13.6076
9.97 -16.0241
9.98 -18.1504
9.99 -19.7075
10 -21.0673
10.01 -22.462
10.02 -24.4245
10.03 -25.9195
10.04 -25.5621
10.05 -25.0823
10.06 -23.0036
10.07 -21.0272
10.08 -18.6095
10.09 -14.4106
10.1 -8.90106
10.11 -3.52362
10.12 2.11313
10.13 7.29262
10.14 11.6052
10.15 15.0375
10.16 17.1569
10.17 17.2132
10.18 16.4616
10.19 14.6954
10.2 12.1666
10.21 9.57931
10.22 7.49758
10.23 5.98701
10.24 4.72175
10.25 4.0213
10.26 3.97461
10.27 4.28435
10.28 5.02894
10.29 6.24072
10.3 7.46513
10.31 8.65367
10.32 9.79109
10.33 10.6555
10.34 11.104
10.35 10.67
10.36 10.4173
10.37 10.3081
10.38 9.60279
10.39 8.30296
10.4 6.79816
10.41 5.09146
10.42 4.34743
10.43 3.72295
10.44 2.39291
10.45 1.32225
10.46 1.03863
10.47 0.366901
10.48 -0.424337
10.49 -0.989173
10.5 -1.3968
10.51 -1.62074
10.52 -1.7791
10.53 -2.50499
10.54 -3.48074
10.55 -4.2975
10.56 -5.18731
10.57 -5.6758
10.58 -7.06671
10.59 -8.3755
10.6 -9.33373
10.61 -9.84245
10.62 -10.0227
10.63 -9.81725
10.64 -9.50922
10.65 -8.78328
10.66 -7.7337
10.67 -6.84406
10.68 -6.41701
10.69 -6.85654
10.7 -7.91137
10.71 -9.06578
10.72 -10.1787
10.73 -11.0343
10.74 -11.4148
10.75 -10.9603
10.76 -9.24562
10.77 -6.39582
10.78 -3.08503
10.79 0.280732
10.8 3.79815
10.81 7.19242
10.82 10.1564
10.83 12.3435
10.84 13.6471
10.85 14.3392
10.86 14.5166
10.87 13.9095
10.88 12.763
10.89 11.4705
10.9 10.1668
10.91 8.66902
10.92 7.1189
10.93 5.78597
10.94 4.63119
10.95 3.57015
10.96 2.45574
10.97 1.42357
10.98 0.80399
10.99 0.519217
11 0.52022
11.01 0.748004
11.02 0.916129
11.03 1.23038
11.04 1.5763
11.05 1.73842
11.06 1.61664
11.07 1.1597
11.08 0.34068
11.09 -0.628993
11.1 -1.77286
11.11 -3.10651
11.12 -4.56023
11.13 -6.1621
11.14 -7.53362
11.15 -8.5801
11.16 -9.15444
11.17 -9.25114
11.18 -9.10281
11.19 -8.73595
11.2 -8.23074
11.21 -7.60451
11.22 -6.87929
11.23 -6.09665
11.24 -5.32098
11.25 -4.53405
11.26 -3.73844
11.27 -2.95345
11.28 -2.21048
11.29 -1.43825
11.3 -0.639679
11.31 0.212095
11.32 1.10805
11.33 2.03645
11.34 2.96295
11.35 3.87732
11.36 4.82784
11.37 5.76907
11.38 6.6378
11.39 7.39969
11.4 8.01081
11.41 8.42438
11.42 8.61115
11.43 8.55608
11.44 8.22805
11.45 7.64571
11.46 6.86903
11.47 5.96453
11.48 4.99314
11.49 4.00598
11.5 3.04297
11.51 2.17311
11.52 1.34263
11.53 0.552584
11.54 -0.205322
11.55 -0.937471
11.56 -1.64846
11.57 -2.33899
11.58 -3.00698
11.59 -3.64794
11.6 -4.25459
11.61 -4.81673
11.62 -5.3217
11.63 -5.75463
11.64 -6.09902
11.65 -6.33789
11.66 -6.45525
11.67 -6.4378
11.68 -6.28879
11.69 -5.92294
11.7 -5.50477
11.71 -4.95688
11.72 -4.28996
11.73 -3.52075
