0.01 0.0840387
0.02 0.0844711
0.03 0.0878948
0.04 0.0983672
0.05 0.121846
0.06 0.165073
0.07 0.233109
0.08 0.327896
0.09 0.448535
0.1 0.588766
0.11 0.737014
0.12 0.880406
0.13 1.0007
0.14 1.09568
0.15 1.16419
0.16 1.2101
0.17 1.24313
0.18 1.26874
0.19 1.29521
0.2 1.28675
0.21 1.23821
0.22 1.1717
0.23 1.04686
0.24 0.779344
0.25 0.445176
0.26 0.0143555
0.27 -0.303444
0.28 -0.348983
0.29 -0.420268
0.3 -0.450711
0.31 -0.332911
0.32 -0.0888814
0.33 0.243693
0.34 0.713689
0.35 1.27642
0.36 1.76129
0.37 2.34624
0.38 2.83142
0.39 3.21036
0.4 3.64493
0.41 3.92843
0.42 3.39655
0.43 2.65668
0.44 1.90511
0.45 1.03102
0.46 0.146973
0.47 -0.884331
0.48 -1.84507
0.49 -2.41876
0.5 -2.69845
0.51 -2.92815
0.52 -3.10517
0.53 -3.54331
0.54 -3.69675
0.55 -3.86078
0.56 -3.94933
0.57 -3.51125
0.58 -3.09522
0.59 -2.68857
0.6 -2.08544
0.61 -1.59226
0.62 -0.952698
0.63 -0.0751732
0.64 0.19256
0.65 0.118491
0.66 0.277572
0.67 0.566564
0.68 0.96575
0.69 1.23443
0.7 1.28665
0.71 1.79333
0.72 2.45571
0.73 2.8395
0.74 3.27662
0.75 4.28346
0.76 5.50018
0.77 6.47275
0.78 6.54747
0.79 5.76541
0.8 5.03984
0.81 3.88476
0.82 1.24534
0.83 -1.93659
0.84 -4.02879
0.85 -4.79612
0.86 -5.54432
0.87 -5.84524
0.88 -5.75379
0.89 -5.52986
0.9 -5.02091
0.91 -3.43204
0.92 -1.74723
0.93 0.113672
0.94 1.91522
0.95 3.14412
0.96 4.00052
0.97 3.78212
0.98 1.39971
0.99 -1.32372
1 -3.39228
1.01 -5.27625
1.02 -6.73317
1.03 -7.93542
1.04 -8.64239
1.05 -8.45546
1.06 -7.44381
1.07 -6.58584
1.08 -5.77416
1.09 -3.87101
1.1 -1.62923
1.11 0.327066
1.12 2.2186
1.13 3.88135
1.14 5.15114
1.15 5.75283
1.16 4.44838
1.17 2.05195
1.18 0.405246
1.19 -0.730849
1.2 -1.99791
1.21 -3.29391
1.22 -4.52569
1.23 -5.1125
1.24 -4.51204
1.25 -3.96757
1.26 -3.15374
1.27 -1.75423
1.28 -0.175452
1.29 1.09859
1.3 2.09922
1.31 2.97301
1.32 3.66138
1.33 4.9551
1.34 5.97695
1.35 5.79022
1.36 5.45091
1.37 4.13384
1.38 3.40183
1.39 3.37444
1.4 2.75172
1.41 1.38058
1.42 -0.555038
1.43 -2.11772
1.44 -2.86879
1.45 -3.14973
1.46 -3.36729
1.47 -3.91311
1.48 -4.80411
1.49 -5.69505
1.5 -6.55923
1.51 -7.21043
1.52 -7.24024
1.53 -6.273
1.54 -5.13636
1.55 -3.08884
1.56 -0.758268
1.57 1.22759
1.58 3.17518
1.59 4.53932
1.6 3.54119
1.61 2.12591
1.62 0.685274
1.63 -0.717422
1.64 -0.457105
1.65 -0.505266
1.66 -1.01288
1.67 -0.901286
1.68 -0.228298
1.69 1.08195
1.7 3.47047
1.71 6.74087
1.72 9.64064
1.73 10.6356
1.74 9.17148
1.75 5.51548
1.76 2.45152
1.77 0.412798
1.78 -0.0873246
1.79 -0.0635553
1.8 -0.641564
1.81 -1.49877
1.82 -3.38309
1.83 -4.76475
1.84 -4.68315
1.85 -4.14286
1.86 -3.9692
1.87 -4.72586
1.88 -7.62575
1.89 -11.7177
1.9 -15.7482
1.91 -18.4564
1.92 -19.4685
1.93 -18.5249
1.94 -16.9595
1.95 -14.9601
1.96 -12.7766
1.97 -11.5665
1.98 -10.4645
1.99 -8.66179
2 -7.69439
2.01 -5.55013
2.02 -1.42526
2.03 2.5888
2.04 6.94032
2.05 9.73625
2.06 11.2972
2.07 10.7185
2.08 8.64307
2.09 7.14177
2.1 5.21801
2.11 2.61472
2.12 -0.244933
2.13 -3.48435
2.14 -7.44683
2.15 -12.1689
2.16 -13.7853
2.17 -13.6905
2.18 -13.1917
2.19 -10.9818
2.2 -6.45455
2.21 -0.591246
2.22 5.16702
2.23 11.6316
2.24 19.0961
2.25 26.5401
2.26 33.8406
2.27 39.2502
2.28 41.3702
2.29 41.302
2.3 40.1591
2.31 36.5431
2.32 31.2285
2.33 24.2158
2.34 17.1438
2.35 9.92095
2.36 4.26147
2.37 0.458144
2.38 -0.301275
2.39 1.13766
2.4 4.82264
2.41 8.15939
2.42 8.66161
2.43 8.64481
2.44 7.86359
2.45 7.49051
2.46 7.7906
2.47 7.34014
2.48 8.32354
2.49 8.38754
2.5 8.43876
2.51 10.2121
2.52 12.7223
2.53 15.15
2.54 17.2006
2.55 18.0841
2.56 17.7873
2.57 16.6004
2.58 15.61
2.59 15.6218
2.6 15.5656
2.61 14.8268
2.62 14.0611
2.63 13.0468
2.64 11.576
2.65 10.8664
2.66 12.0127
2.67 11.049
2.68 7.05213
2.69 4.23665
2.7 0.75652
2.71 -4.72944
2.72 -11.9905
2.73 -19.592
2.74 -27.7599
2.75 -40.2128
2.76 -45.0718
2.77 -50.7891
2.78 -56.2687
2.79 -58.8183
2.8 -59.9847
2.81 -60.9619
2.82 -60.5218
2.83 -61.6402
2.84 -63.7065
2.85 -62.6098
2.86 -59.0117
2.87 -51.6782
2.88 -42.0252
2.89 -34.481
2.9 -28.2909
2.91 -22.1876
2.92 -17.3094
2.93 -14.6778
2.94 -9.26041
2.95 -2.53626
2.96 -2.33556
2.97 -0.974438
2.98 1.55491
2.99 4.03392
3 6.73693
3.01 8.51825
3.02 8.31184
3.03 3.27265
3.04 -2.19804
3.05 -9.99764
3.06 -15.3473
3.07 -18.1007
3.08 -18.5053
3.09 -15.3424
3.1 -6.43851
3.11 8.20383
3.12 26.7577
3.13 49.6981
3.14 69.3857
3.15 81.5709
3.16 94.9217
3.17 108.127
3.18 118.48
3.19 123.533
3.2 120.701
3.21 110.145
3.22 91.5235
3.23 68.18
3.24 39.0652
3.25 9.82055
3.26 -19.1749
3.27 -41.4065
3.28 -49.5808
3.29 -52.5659
3.3 -52.3187
3.31 -53.9146
3.32 -70.3274
3.33 -89.1973
3.34 -99.0293
3.35 -99.8146
3.36 -83.1856
3.37 -59.9723
3.38 -33.365
3.39 -3.73899
3.4 22.5814
3.41 41.4768
3.42 48.9388
3.43 44.6682
3.44 32.2115
3.45 14.2209
3.46 -5.53662
3.47 -16.4439
3.48 -19.9844
3.49 -24.1701
3.5 -28.0953
3.51 -27.6613
3.52 -25.1816
3.53 -21.6772
3.54 -13.5849
3.55 0.120785
3.56 13.3209
3.57 26.0926
3.58 36.1416
3.59 41.2531
3.6 41.6134
3.61 39.85
3.62 37.0227
3.63 33.5892
3.64 30.1484
3.65 27.4083
3.66 25.5045
3.67 25.8554
3.68 28.7844
3.69 32.0548
3.7 31.3124
3.71 24.5738
3.72 16.5316
3.73 5.91793
3.74 -1.54143
3.75 -7.01973
3.76 -11.9942
3.77 -13.0924
3.78 -11.5712
3.79 -10.0611
3.8 -7.53945
3.81 -6.5512
3.82 -6.8208
3.83 -12.5666
3.84 -20.1425
3.85 -28.462
3.86 -37.8726
3.87 -45.6264
3.88 -49.9489
3.89 -52.4716
3.9 -54.1518
3.91 -53.4339
3.92 -51.0429
3.93 -47.7209
3.94 -41.4501
3.95 -30.2752
3.96 -18.4672
3.97 -6.67755
3.98 4.33805
3.99 11.3644
4 18.4415
4.01 25.9209
4.02 32.3308
4.03 39.6636
4.04 47.5287
4.05 57.0908
4.06 60.6469
4.07 59.851
4.08 60.189
4.09 52.4364
4.1 41.8336
4.11 29.44
4.12 18.8446
4.13 10.3691
4.14 4.62867
4.15 2.79713
4.16 6.0595
4.17 12.2552
4.18 17.3098
4.19 16.2553
4.2 13.8438
4.21 7.7236
4.22 1.70939
4.23 -4.21353
4.24 -12.7013
4.25 -21.8486
4.26 -28.478
4.27 -32.9336
4.28 -33.706
4.29 -32.4984
4.3 -31.4453
4.31 -32.447
4.32 -36.283
4.33 -41.47
4.34 -47.4195
4.35 -54.074
4.36 -58.5366
4.37 -59.3343
4.38 -55.8905
4.39 -47.2639
4.4 -35.1713
4.41 -21.2391
4.42 -8.25413
4.43 0.701529
4.44 7.20618
4.45 9.44174
4.46 8.2703
4.47 3.90405
4.48 -0.293121
4.49 -2.84412
4.5 -5.98158
4.51 -10.0688
4.52 -12.3832
4.53 -11.2638
4.54 -8.15331
4.55 -3.54927
4.56 1.89571
4.57 7.28679
4.58 11.7682
4.59 16.2654
4.6 19.3807
4.61 23.1339
4.62 28.8393
4.63 34.6104
4.64 39.1346
4.65 43.9062
4.66 48.7444
4.67 48.7067
4.68 46.5374
4.69 44.7486
4.7 41.3707
4.71 35.0986
4.72 28.11
4.73 20.1902
4.74 13.849
4.75 9.37073
4.76 4.50433
4.77 0.447158
4.78 -3.58527
4.79 -6.78879
4.8 -10.7763
4.81 -15.2364
4.82 -17.4782
4.83 -20.6874
4.84 -22.0829
4.85 -22.0938
4.86 -22.7592
4.87 -23.9198
4.88 -24.8885
4.89 -25.692
4.9 -24.9836
4.91 -23.7735
4.92 -21.8641
4.93 -17.7999
4.94 -12.803
4.95 -6.72696
4.96 -0.191248
4.97 4.95866
4.98 6.80912
4.99 8.47606
5 9.04264
5.01 7.79323
5.02 6.71721
5.03 5.78992
5.04 4.5916
5.05 5.08688
5.06 5.7487
5.07 6.11186
5.08 7.23307
5.09 9.00421
5.1 10.1726
5.11 11.1388
5.12 12.003
5.13 11.943
5.14 11.8768
5.15 12.222
5.16 11.739
5.17 11.818
5.18 13.1802
5.19 14.8721
5.2 16.5884
5.21 17.3446
5.22 16.0499
5.23 13.036
5.24 9.30002
5.25 4.7793
5.26 -0.839023
5.27 -8.36926
5.28 -14.5309
5.29 -18.7917
5.3 -20.8576
5.31 -20.896
5.32 -20.013
5.33 -17.774
5.34 -12.405
5.35 -6.8486
5.36 -1.61391
5.37 3.30354
5.38 5.78955
5.39 7.02797
5.4 7.62263
5.41 7.1485
5.42 7.32338
5.43 8.10522
5.44 7.80654
5.45 5.36216
5.46 3.48335
5.47 1.54932
5.48 -1.93898
5.49 -6.03192
5.5 -9.20877
5.51 -12.2901
5.52 -13.0757
5.53 -11.3049
5.54 -7.46446
5.55 -2.97806
5.56 1.20377
5.57 5.76131
5.58 11.2578
5.59 16.3742
5.6 20.7332
5.61 22.2058
5.62 22.863
5.63 22.8123
5.64 20.9741
5.65 16.789
5.66 11.7953
5.67 7.55174
5.68 2.44512
5.69 -4.56662
5.7 -10.1173
5.71 -14.5575
5.72 -19.1916
5.73 -23.3475
5.74 -26.7464
5.75 -29.0713
5.76 -29.249
5.77 -28.7587
5.78 -28.2707
5.79 -27.0419
5.8 -25.6026
5.81 -25.416
5.82 -26.0434
5.83 -26.5764
5.84 -26.9348
5.85 -25.7037
5.86 -23.3959
5.87 -20.2682
5.88 -16.7665
5.89 -13.5938
5.9 -10.8573
5.91 -7.83574
5.92 -3.21017
5.93 2.56182
5.94 8.58427
5.95 14.5809
5.96 20.4711
5.97 25.7012
5.98 29.6739
5.99 32.0168
6 32.2791
6.01 31.3791
6.02 29.5712
6.03 26.2771
6.04 22.1925
6.05 16.6679
6.06 11.2008
6.07 7.15531
6.08 3.92345
6.09 1.58925
6.1 -0.420201
6.11 -0.887532
6.12 -0.10292
6.13 0.888074
6.14 0.919543
6.15 1.27506
6.16 2.35902
6.17 3.26299
6.18 3.98376
6.19 4.19827
6.2 3.51896
6.21 2.59923
6.22 1.20373
6.23 -0.726909
6.24 -2.77782
6.25 -4.18096
6.26 -5.60758
6.27 -7.76401
6.28 -8.6913
6.29 -7.25445
6.3 -6.22598
6.31 -5.39356
6.32 -4.34526
6.33 -3.83365
6.34 -3.64885
6.35 -4.97272
6.36 -8.63057
6.37 -13.7349
6.38 -19.7185
6.39 -25.9988
6.4 -30.8602
6.41 -34.4241
6.42 -36.1613
6.43 -34.3748
6.44 -29.1426
6.45 -22.566
6.46 -15.1528
6.47 -8.32504
6.48 -2.94485
6.49 2.26122
6.5 7.68109
6.51 12.2712
6.52 14.2623
6.53 17.5917
6.54 22.2807
6.55 29.619
6.56 38.4087
6.57 44.2732
6.58 47.5633
6.59 50.45
6.6 50.9821
6.61 48.2938
6.62 41.9532
6.63 34.0384
6.64 25.9288
6.65 18.1807
6.66 13.1653
6.67 9.34213
6.68 7.84921
6.69 7.5739
6.7 8.37582
6.71 10.6331
6.72 15.2644
6.73 20.0153
6.74 22.6576
6.75 21.1557
6.76 16.0479
6.77 9.21339
6.78 1.73276
6.79 -6.01539
6.8 -12.8555
6.81 -18.0167
6.82 -21.5572
6.83 -22.4423
6.84 -21.1479
6.85 -18.9569
6.86 -15.3608
6.87 -10.9386
6.88 -7.13872
6.89 -4.11191
6.9 -1.82197
6.91 -0.998485
6.92 -1.88304
6.93 -4.22135
6.94 -7.96578
6.95 -10.9463
6.96 -12.8069
6.97 -14.7093
6.98 -16.7529
6.99 -18.6377
7 -21.0889
7.01 -24.3352
7.02 -27.3928
7.03 -30.5651
7.04 -33.0315
7.05 -33.3741
7.06 -32.1613
7.07 -29.6609
7.08 -24.2073
7.09 -18.1234
7.1 -12.4932
7.11 -7.93932
7.12 -3.49158
7.13 0.0179082
7.14 2.92265
7.15 4.0249
7.16 4.07768
7.17 5.12448
7.18 5.1986
7.19 7.62279
7.2 8.43626
7.21 9.55841
7.22 10.7108
7.23 10.7029
7.24 10.1723
7.25 8.94834
7.26 7.12957
7.27 4.64111
7.28 1.05858
7.29 -2.87961
7.3 -5.35431
7.31 -7.73603
7.32 -9.46872
7.33 -8.34498
7.34 -3.52826
7.35 2.96389
7.36 10.7567
7.37 18.2883
7.38 23.8192
7.39 27.837
7.4 28.8453
7.41 25.5933
7.42 20.1252
7.43 13.2683
7.44 4.52947
7.45 -4.26707
7.46 -10.8723
7.47 -15.5711
7.48 -17.6343
7.49 -17.5655
7.5 -16.2775
7.51 -13.4752
7.52 -9.42487
7.53 -6.86838
7.54 -5.4067
7.55 -6.08532
7.56 -8.2985
7.57 -10.5086
7.58 -12.3813
7.59 -13.1481
7.6 -12.5504
7.61 -11.3057
7.62 -9.17413
7.63 -6.59275
7.64 -4.25587
7.65 -1.51015
7.66 2.90215
7.67 8.22924
7.68 14.1325
7.69 20.4076
7.7 25.5839
7.71 30.1644
7.72 33.6688
7.73 34.4688
7.74 31.5841
7.75 27.9872
7.76 23.8714
7.77 19.035
7.78 15.4978
7.79 12.144
7.8 8.08832
7.81 3.55091
7.82 -0.396626
7.83 -4.19655
7.84 -7.05498
7.85 -8.54663
7.86 -10.005
7.87 -11.1914
7.88 -10.4731
7.89 -9.9028
7.9 -9.63536
7.91 -8.8596
7.92 -7.88961
7.93 -7.38974
7.94 -6.66713
7.95 -5.47569
7.96 -3.86056
7.97 -1.959
7.98 -0.29801
7.99 0.466367
8 1.85382
8.01 2.70891
8.02 2.77173
8.03 2.39119
8.04 1.48877
8.05 0.157366
8.06 -1.60923
8.07 -3.16716
8.08 -4.22209
8.09 -4.55812
8.1 -4.01523
8.11 -3.41731
8.12 -2.51012
8.13 -1.76518
8.14 -1.5199
8.15 -1.50902
8.16 -1.75163
8.17 -2.07844
8.18 -2.7743
8.19 -4.09391
8.2 -5.05193
8.21 -5.33866
8.22 -5.24689
8.23 -4.72402
8.24 -3.33199
8.25 -1.49596
8.26 0.32191
8.27 2.31779
8.28 4.2276
8.29 5.99218
8.3 7.13384
8.31 6.27331
8.32 3.76848
8.33 1.42665
8.34 -1.09179
8.35 -3.53954
8.36 -5.65322
8.37 -7.43028
8.38 -8.2981
8.39 -6.99258
8.4 -5.50936
8.41 -4.2539
8.42 -2.10095
8.43 0.740394
8.44 3.06377
8.45 4.9657
8.46 5.59867
8.47 6.06028
8.48 7.44419
8.49 9.22373
8.5 10.3595
8.51 11.2273
8.52 11.2191
8.53 9.90821
8.54 8.24943
8.55 6.16588
8.56 2.93588
8.57 -0.461487
8.58 -3.76894
8.59 -6.68379
8.6 -9.31847
8.61 -12.0278
8.62 -14.3177
8.63 -15.0301
8.64 -14.8993
8.65 -14.5613
8.66 -14.5867
8.67 -14.7995
8.68 -14.197
8.69 -13.3753
8.7 -12.7558
8.71 -12.5552
8.72 -12.7399
8.73 -12.7438
8.74 -12.5602
8.75 -12.9065
8.76 -13.274
8.77 -13.0363
8.78 -12.4276
8.79 -11.9715
8.8 -11.1889
8.81 -10.08
8.82 -7.91305
8.83 -5.24995
8.84 -3.10081
8.85 -0.777595
8.86 1.8382
8.87 4.22358
8.88 6.36934
8.89 8.34767
8.9 9.91127
8.91 10.8053
8.92 11.3405
8.93 11.2394
8.94 10.6305
8.95 10.1869
8.96 9.49702
8.97 8.71693
8.98 8.36684
8.99 8.12467
9 7.46548
9.01 6.47462
9.02 5.59528
9.03 4.57202
9.04 3.45083
9.05 2.58336
9.06 1.94699
9.07 1.44989
9.08 1.35111
9.09 0.965621
9.1 0.618858
9.11 0.573212
9.12 0.592308
9.13 0.616174
9.14 0.659299
9.15 -0.0591495
9.16 -0.896414
9.17 -1.58397
9.18 -2.3376
9.19 -3.05675
9.2 -3.53272
9.21 -3.70842
9.22 -2.65214
9.23 -0.857957
9.24 0.706724
9.25 2.78534
9.26 5.95305
9.27 8.91742
9.28 11.6446
9.29 14.1898
9.3 15.7507
9.31 16.5904
9.32 17.3618
9.33 17.5651
9.34 18.381
9.35 20.1386
9.36 21.4022
9.37 21.5661
9.38 21.3979
9.39 20.6787
9.4 19.7961
9.41 18.7372
9.42 16.7078
9.43 14.5696
9.44 12.3576
9.45 10.2324
9.46 8.36812
9.47 6.81324
9.48 5.8655
9.49 4.45263
9.5 2.8566
9.51 1.28098
9.52 -0.280044
9.53 -1.61863
9.54 -3.00755
9.55 -5.44523
9.56 -7.42693
9.57 -8.74972
9.58 -10.0228
9.59 -11.097
9.6 -12.4799
9.61 -13.6704
9.62 -14.0924
9.63 -14.0552
9.64 -13.8199
9.65 -12.9942
9.66 -10.7547
9.67 -7.90763
9.68 -4.97282
9.69 -1.83597
9.7 1.46666
9.71 4.67599
9.72 7.60566
9.73 8.97912
9.74 9.11047
9.75 9.15833
9.76 9.27297
9.77 9.75713
9.78 9.77205
9.79 9.49279
9.8 9.41427
9.81 9.04892
9.82 7.96114
9.83 6.46573
9.84 4.41324
9.85 2.0973
9.86 -0.335462
9.87 -3.02644
9.88 -5.66746
9.89 -7.23195
9.9 -8.5154
9.91 -9.41929
9.92 -9.62492
9.93 -9.52435
9.94 -9.2801
9.95 -8.64604
9.96 -8.25293
9.97 -7.99377
9.98 -7.76527
9.99 -7.93588
10 -8.24789
10.01 -8.56159
10.02 -8.36928
10.03 -8.63399
10.04 -9.79619
10.05 -11.1915
10.06 -13.882
10.07 -15.6797
10.08 -16.9562
10.09 -18.9853
10.1 -21.3738
10.11 -22.886
10.12 -24.2088
10.13 -24.9492
10.14 -24.9448
10.15 -24.432
10.16 -23.1195
10.17 -20.3054
10.18 -17.2022
10.19 -13.8427
10.2 -10.1814
10.21 -6.40569
10.22 -2.78403
10.23 0.753137
10.24 4.6069
10.25 6.8344
10.26 9.25764
10.27 11.9788
10.28 14.7121
10.29 17.0901
10.3 19.6011
10.31 21.107
10.32 21.422
10.33 20.751
10.34 19.2063
10.35 17.6204
10.36 15.352
10.37 12.8537
10.38 11.2137
10.39 10.7463
10.4 11.1841
10.41 12.4331
10.42 13.0088
10.43 13.2398
10.44 13.405
10.45 11.8819
10.46 8.07072
10.47 3.16662
10.48 -2.65514
10.49 -9.10177
10.5 -15.3748
10.51 -20.8378
10.52 -24.8488
10.53 -26.5103
10.54 -26.1772
10.55 -24.5844
10.56 -22.0416
10.57 -19.6549
10.58 -16.6126
10.59 -14.2664
10.6 -13.0902
10.61 -12.9823
10.62 -13.4588
10.63 -13.9699
10.64 -13.5962
10.65 -12.5332
10.66 -10.5091
10.67 -7.29178
10.68 -3.0234
10.69 2.14595
10.7 7.41856
10.71 11.8724
10.72 15.1383
10.73 17.2284
10.74 18.3513
10.75 18.5607
10.76 17.7578
10.77 16.5617
10.78 15.6952
10.79 15.4567
10.8 15.4875
10.81 15.7023
10.82 16.0217
10.83 16.4465
10.84 16.675
10.85 16.3634
10.86 15.4207
10.87 14.2584
10.88 12.8235
10.89 10.897
10.9 8.66996
10.91 6.57512
10.92 4.6312
10.93 2.6389
10.94 0.641864
10.95 -1.29864
10.96 -3.04797
10.97 -4.71632
10.98 -6.55855
10.99 -8.37721
11 -9.93321
11.01 -11.1427
11.02 -11.5943
11.03 -11.5158
11.04 -10.9207
11.05 -9.82009
11.06 -8.4021
11.07 -6.93148
11.08 -5.54284
11.09 -4.60009
11.1 -4.10948
11.11 -3.95966
11.12 -3.99858
11.13 -3.88473
11.14 -3.6519
11.15 -3.09186
11.16 -2.18974
11.17 -0.948722
11.18 0.747239
11.19 2.687
11.2 4.64953
11.21 6.39172
11.22 7.40199
11.23 7.77758
11.24 7.87854
11.25 7.77703
11.26 7.58706
11.27 7.43424
11.28 7.42822
11.29 7.53329
11.3 7.73895
11.31 7.85184
11.32 7.82772
11.33 7.60648
11.34 7.16901
11.35 6.49428
11.36 5.52722
11.37 4.3266
11.38 2.98065
11.39 1.55125
11.4 0.105054
11.41 -1.29667
11.42 -2.61764
11.43 -3.839
11.44 -4.94525
11.45 -5.92178
11.46 -6.77104
11.47 -7.50936
11.48 -8.15106
11.49 -8.70266
11.5 -9.16005
11.51 -9.50314
11.52 -9.70166
11.53 -9.72272
11.54 -9.53739
11.55 -9.10598
11.56 -8.45078
11.57 -7.61471
11.58 -6.65539
11.59 -5.63262
11.6 -4.62884
11.61 -3.64391
11.62 -2.66904
11.63 -1.66224
11.64 -0.644508
11.65 0.391518
11.66 1.44552
11.67 2.50531
11.68 3.54697
11.69 4.44097
11.7 5.30335
11.71 6.02037
11.72 6.58092
11.73 6.99107
