0.01 0.0839307
0.02 0.0834897
0.03 0.0833792
0.04 0.0841782
0.05 0.0873711
0.06 0.0958647
0.07 0.113728
0.08 0.14667
0.09 0.203065
0.1 0.290397
0.11 0.412563
0.12 0.570019
0.13 0.751804
0.14 0.954176
0.15 1.16483
0.16 1.36851
0.17 1.55136
0.18 1.69565
0.19 1.79168
0.2 1.79451
0.21 1.70033
0.22 1.54256
0.23 1.30247
0.24 0.915598
0.25 0.476184
0.26 -0.0301252
0.27 -0.387624
0.28 -0.440488
0.29 -0.49805
0.3 -0.509267
0.31 -0.381667
0.32 -0.146993
0.33 0.155514
0.34 0.581873
0.35 1.1013
0.36 1.56033
0.37 2.15343
0.38 2.69357
0.39 3.18172
0.4 3.77909
0.41 4.27154
0.42 3.97979
0.43 3.48801
0.44 2.96166
0.45 2.25221
0.46 1.43095
0.47 0.321919
0.48 -0.884108
0.49 -1.87618
0.5 -2.7235
0.51 -3.6141
0.52 -4.46139
0.53 -5.47952
0.54 -6.02582
0.55 -6.32303
0.56 -6.25785
0.57 -5.40718
0.58 -4.40045
0.59 -3.34473
0.6 -2.16722
0.61 -1.29045
0.62 -0.529564
0.63 0.197859
0.64 0.100339
0.65 -0.435713
0.66 -0.703074
0.67 -0.683055
0.68 -0.295984
0.69 0.26453
0.7 0.897526
0.71 2.20059
0.72 3.75949
0.73 5.00704
0.74 6.15223
0.75 7.62236
0.76 9.01734
0.77 9.89307
0.78 9.65022
0.79 8.40912
0.8 7.16506
0.81 5.4958
0.82 2.37753
0.83 -1.25409
0.84 -3.78542
0.85 -5.04293
0.86 -6.40695
0.87 -7.46608
0.88 -8.23683
0.89 -8.88168
0.9 -9.10526
0.91 -7.95364
0.92 -6.27328
0.93 -3.905
0.94 -1.08448
0.95 1.58586
0.96 4.14016
0.97 5.66042
0.98 4.82831
0.99 3.25092
1 1.76801
1.01 -0.17478
1.02 -2.33791
1.03 -4.82119
1.04 -7.25384
1.05 -9.06279
1.06 -10.1132
1.07 -11.1656
1.08 -11.9385
1.09 -11.0729
1.1 -9.18723
1.11 -6.80118
1.12 -3.68472
1.13 -0.0872112
1.14 3.69247
1.15 7.05671
1.16 8.46809
1.17 8.44031
1.18 8.5533
1.19 8.37328
1.2 7.15173
1.21 4.9754
1.22 2.02091
1.23 -0.960941
1.24 -3.18577
1.25 -5.60497
1.26 -7.57796
1.27 -8.48028
1.28 -8.45022
1.29 -7.76094
1.3 -6.28277
1.31 -3.91395
1.32 -0.876118
1.33 3.34662
1.34 7.52128
1.35 10.3202
1.36 12.4265
1.37 12.7347
1.38 12.6075
1.39 12.0852
1.4 9.93465
1.41 6.20047
1.42 1.39653
1.43 -3.20182
1.44 -6.7798
1.45 -9.33338
1.46 -11.0083
1.47 -12.0564
1.48 -12.4923
1.49 -12.1017
1.5 -11.0882
1.51 -9.55622
1.52 -7.39995
1.53 -4.51267
1.54 -1.92214
1.55 1.00246
1.56 3.61727
1.57 5.36363
1.58 6.67947
1.59 7.18947
1.6 5.26219
1.61 2.98292
1.62 0.838045
1.63 -1.0891
1.64 -1.2142
1.65 -1.58836
1.66 -2.45011
1.67 -2.77862
1.68 -2.62986
1.69 -1.85159
1.7 0.135893
1.71 3.3204
1.72 6.59414
1.73 8.49131
1.74 8.44198
1.75 6.59184
1.76 5.50956
1.77 5.34967
1.78 6.32498
1.79 7.15554
1.8 6.5273
1.81 4.70253
1.82 1.04773
1.83 -2.71618
1.84 -5.29179
1.85 -7.28707
1.86 -9.1478
1.87 -11.1497
1.88 -14.3653
1.89 -17.8745
1.9 -20.6152
1.91 -21.6318
1.92 -20.9054
1.93 -18.5118
1.94 -16.0388
1.95 -13.8054
1.96 -12.0547
1.97 -11.8091
1.98 -11.9719
1.99 -11.4488
2 -11.4247
2.01 -9.73203
2.02 -5.40243
2.03 -0.478335
2.04 5.41842
2.05 10.2132
2.06 13.9636
2.07 15.4684
2.08 15.0944
2.09 14.7035
2.1 13.1851
2.11 10.2659
2.12 6.43612
2.13 1.69844
2.14 -4.13685
2.15 -10.9456
2.16 -14.7073
2.17 -16.6763
2.18 -18.0401
2.19 -17.395
2.2 -14.0601
2.21 -8.88773
2.22 -3.31143
2.23 3.49372
2.24 11.8328
2.25 20.6965
2.26 29.9642
2.27 37.862
2.28 42.9089
2.29 46.0554
2.3 48.1827
2.31 47.5779
2.32 44.6691
2.33 39.132
2.34 32.2785
2.35 23.7802
2.36 15.3084
2.37 7.31939
2.38 1.373
2.39 -2.82868
2.4 -4.57332
2.41 -5.74993
2.42 -8.18672
2.43 -9.0507
2.44 -8.30296
2.45 -4.80008
2.46 1.33478
2.47 7.94337
2.48 16.1919
2.49 22.5762
2.5 26.9161
2.51 30.1319
2.52 30.9731
2.53 28.6586
2.54 23.6627
2.55 16.3593
2.56 8.10801
2.57 0.514399
2.58 -4.3197
2.59 -5.04751
2.6 -2.74913
2.61 1.44712
2.62 7.32614
2.63 13.6074
2.64 19.0321
2.65 23.9682
2.66 28.9652
2.67 29.8593
2.68 25.797
2.69 21.3343
2.7 15.0441
2.71 6.06161
2.72 -5.90855
2.73 -18.6548
2.74 -31.009
2.75 -38.6827
2.76 -46.4766
2.77 -53.6985
2.78 -60.5053
2.79 -60.9217
2.8 -61.446
2.81 -62.4735
2.82 -62.9885
2.83 -65.9669
2.84 -70.7003
2.85 -74.1986
2.86 -76.8234
2.87 -76.5538
2.88 -73.0736
2.89 -68.0699
2.9 -60.842
2.91 -50.3033
2.92 -39.017
2.93 -27.4205
2.94 -12.2628
2.95 4.137
2.96 17.0301
2.97 22.7447
2.98 26.3887
2.99 28.7274
3 30.2227
3.01 31.4649
3.02 28.7174
3.03 19.0762
3.04 5.50934
3.05 -10.4951
3.06 -23.0502
3.07 -31.244
3.08 -35.0202
3.09 -34.4528
3.1 -26.9398
3.11 -12.5864
3.12 9.63884
3.13 37.2283
3.14 58.7246
3.15 75.6604
3.16 91.9323
3.17 103.764
3.18 112.523
3.19 116.774
3.2 114.735
3.21 107.277
3.22 94.6514
3.23 82.3916
3.24 71.761
3.25 66.1631
3.26 62.6225
3.27 54.0962
3.28 36.199
3.29 9.84841
3.3 -20.6366
3.31 -53.7803
3.32 -66.3577
3.33 -69.6765
3.34 -70.5124
3.35 -69.8575
3.36 -85.7081
3.37 -95.4474
3.38 -96.378
3.39 -96.8952
3.4 -95.4748
3.41 -92.7823
3.42 -78.6796
3.43 -51.6978
3.44 -17.911
3.45 15.0465
3.46 41.8689
3.47 42.7973
3.48 31.6284
3.49 24.3628
3.5 16.6532
3.51 13.1743
3.52 12.0125
3.53 10.6223
3.54 10.9081
3.55 15.2462
3.56 18.4169
3.57 21.4408
3.58 22.9344
3.59 21.433
3.6 17.5806
3.61 14.1119
3.62 12.377
3.63 13.1588
3.64 15.8285
3.65 20.0856
3.66 25.2586
3.67 28.1377
3.68 28.7784
3.69 31.8878
3.7 33.5878
3.71 33.8627
3.72 35.8761
3.73 37.3125
3.74 38.9852
3.75 31.275
3.76 17.9171
3.77 2.88668
3.78 -7.84314
3.79 -17.3474
3.8 -26.7869
3.81 -35.292
3.82 -41.5492
3.83 -48.9956
3.84 -53.8479
3.85 -55.5721
3.86 -55.5246
3.87 -52.3955
3.88 -46.0229
3.89 -42.3529
3.9 -40.5322
3.91 -38.1696
3.92 -36.075
3.93 -34.8815
3.94 -32.2654
3.95 -25.8226
3.96 -17.7658
3.97 -10.4512
3.98 -4.07982
3.99 -1.40501
4 2.13152
4.01 7.36292
4.02 13.2587
4.03 22.2244
4.04 34.1468
4.05 40.9883
4.06 46.6685
4.07 50.6395
4.08 55.0621
4.09 64.8778
4.1 70.7288
4.11 74.6778
4.12 76.9429
4.13 76.1445
4.14 65.0943
4.15 49.9649
4.16 33.7591
4.17 17.836
4.18 1.74316
4.19 -6.71648
4.2 -14.1793
4.21 -13.8658
4.22 -14.175
4.23 -16.0841
4.24 -22.6394
4.25 -31.814
4.26 -40.1911
4.27 -48.2566
4.28 -53.4382
4.29 -56.3553
4.3 -55.7829
4.31 -52.9264
4.32 -48.4806
4.33 -42.3938
4.34 -35.7785
4.35 -31.0193
4.36 -29.0154
4.37 -26.9313
4.38 -25.5286
4.39 -24.4733
4.4 -24.8643
4.41 -26.2695
4.42 -29.0337
4.43 -33.8772
4.44 -37.1071
4.45 -35.9122
4.46 -28.4382
4.47 -17.1521
4.48 -5.56077
4.49 5.73673
4.5 14.7995
4.51 19.7123
4.52 22.2643
4.53 23.8591
4.54 22.7907
4.55 18.6184
4.56 12.9155
4.57 6.85818
4.58 1.61258
4.59 -0.719491
4.6 1.31988
4.61 5.03645
4.62 12.1727
4.63 21.178
4.64 29.6449
4.65 38.4986
4.66 47.1864
4.67 51.4554
4.68 52.9064
4.69 54.0073
4.7 52.8149
4.71 48.1766
4.72 42.5955
4.73 35.5322
4.74 29.1557
4.75 23.4077
4.76 15.8028
4.77 7.51342
4.78 2.56296
4.79 -4.23211
4.8 -13.224
4.81 -23.5417
4.82 -31.6885
4.83 -34.8107
4.84 -38.0572
4.85 -39.6463
4.86 -41.2832
4.87 -41.6321
4.88 -39.0695
4.89 -34.949
4.9 -29.1523
4.91 -23.8135
4.92 -19.4873
4.93 -14.8395
4.94 -10.7577
4.95 -7.70954
4.96 -4.8713
4.97 -2.35775
4.98 0.354802
4.99 4.13161
5 7.71384
5.01 10.026
5.02 12.6539
5.03 15.172
5.04 16.8103
5.05 19.2771
5.06 20.9074
5.07 21.2223
5.08 20.8592
5.09 20.0462
5.1 17.952
5.11 15.4024
5.12 12.8429
5.13 9.63697
5.14 6.73622
5.15 4.51106
5.16 2.47314
5.17 1.05182
5.18 0.679107
5.19 1.27065
5.2 3.74366
5.21 7.64108
5.22 12.0039
5.23 16.6039
5.24 20.9884
5.25 23.7347
5.26 23.0416
5.27 17.0037
5.28 8.41629
5.29 -1.95379
5.3 -10.7176
5.31 -17.5337
5.32 -24.5326
5.33 -30.3799
5.34 -32.3583
5.35 -32.5604
5.36 -31.0252
5.37 -27.163
5.38 -20.8094
5.39 -12.659
5.4 -2.77674
5.41 6.83848
5.42 14.1097
5.43 19.9511
5.44 23.8843
5.45 24.5676
5.46 24.45
5.47 22.7029
5.48 16.7554
5.49 7.99003
5.5 -1.35351
5.51 -11.2148
5.52 -18.5206
5.53 -22.284
5.54 -22.5004
5.55 -19.5446
5.56 -16.3654
5.57 -10.9567
5.58 -3.29932
5.59 5.20665
5.6 13.986
5.61 21.8664
5.62 26.9831
5.63 30.6484
5.64 32.6085
5.65 32.1423
5.66 30.8847
5.67 29.8598
5.68 25.3549
5.69 16.5405
5.7 6.64841
5.71 -4.24669
5.72 -14.1498
5.73 -22.9998
5.74 -31.8732
5.75 -40.0097
5.76 -45.7751
5.77 -50.0496
5.78 -52.9515
5.79 -53.4461
5.8 -50.7639
5.81 -46.3786
5.82 -40.5968
5.83 -33.5101
5.84 -26.0446
5.85 -20.319
5.86 -15.7167
5.87 -11.2537
5.88 -7.35507
5.89 -3.99147
5.9 -1.37385
5.91 0.489385
5.92 3.04307
5.93 6.09315
5.94 9.14225
5.95 12.3763
5.96 16.1333
5.97 20.1795
5.98 24.0988
5.99 27.5433
6 29.9355
6.01 31.9389
6.02 33.4732
6.03 33.7568
6.04 31.8711
6.05 29.1985
6.06 26.0382
6.07 22.0568
6.08 16.913
6.09 10.9836
6.1 4.25062
6.11 -2.59723
6.12 -7.0452
6.13 -8.53839
6.14 -9.13892
6.15 -8.50786
6.16 -6.41541
6.17 -3.96752
6.18 -1.35385
6.19 1.0401
6.2 2.72539
6.21 4.09854
6.22 4.74118
6.23 4.56443
6.24 4.26402
6.25 4.38492
6.26 4.02098
6.27 2.50804
6.28 1.34364
6.29 0.786223
6.3 -1.73594
6.31 -5.63319
6.32 -9.96788
6.33 -14.6891
6.34 -18.4343
6.35 -21.3757
6.36 -23.9996
6.37 -25.3555
6.38 -24.1656
6.39 -22.7246
6.4 -21.2388
6.41 -21.6899
6.42 -23.2415
6.43 -25.0129
6.44 -27.252
6.45 -30.1072
6.46 -32.4219
6.47 -33.9017
6.48 -31.4084
6.49 -23.8006
6.5 -11.2855
6.51 3.41726
6.52 18.1125
6.53 31.7471
6.54 43.2021
6.55 51.9027
6.56 58.062
6.57 58.9442
6.58 57.4303
6.59 56.0795
6.6 53.9481
6.61 50.5023
6.62 46.4354
6.63 42.0939
6.64 37.7202
6.65 32.5184
6.66 25.8141
6.67 18.7846
6.68 12.1043
6.69 5.09166
6.7 -1.64879
6.71 -6.93171
6.72 -8.72152
6.73 -7.86585
6.74 -5.51123
6.75 -0.559211
6.76 4.68391
6.77 10.4132
6.78 15.4058
6.79 17.7805
6.8 16.9574
6.81 13.6768
6.82 8.37763
6.83 2.09483
6.84 -4.9827
6.85 -13.0927
6.86 -20.4524
6.87 -26.318
6.88 -30.9464
6.89 -33.5825
6.9 -33.6745
6.91 -31.8717
6.92 -26.8584
6.93 -20.4157
6.94 -14.1111
6.95 -7.48363
6.96 -1.91208
6.97 1.41606
6.98 2.23398
6.99 1.15247
7 -2.0094
7.01 -6.74697
7.02 -12.1818
7.03 -18.7912
7.04 -25.986
7.05 -32.4134
7.06 -38.3887
7.07 -43.5551
7.08 -45.5497
7.09 -45.534
7.1 -43.4759
7.11 -37.2232
7.12 -27.1893
7.13 -14.9278
7.14 -2.12343
7.15 9.09569
7.16 17.9607
7.17 25.4189
7.18 30.4342
7.19 30.0532
7.2 28.4402
7.21 25.5597
7.22 21.3157
7.23 15.4238
7.24 9.32513
7.25 3.64377
7.26 -0.992841
7.27 -4.43918
7.28 -7.16758
7.29 -8.76799
7.3 -8.02686
7.31 -7.14064
7.32 -6.5878
7.33 -4.86462
7.34 -1.4946
7.35 1.48417
7.36 4.71124
7.37 8.08512
7.38 12.6612
7.39 18.4602
7.4 24.1224
7.41 28.0674
7.42 31.5171
7.43 33.3335
7.44 31.089
7.45 25.883
7.46 18.4762
7.47 8.42898
7.48 -2.97092
7.49 -14.9431
7.5 -26.6315
7.51 -35.8129
7.52 -41.0131
7.53 -43.7171
7.54 -42.9477
7.55 -39.3555
7.56 -33.1679
7.57 -24.6351
7.58 -15.2918
7.59 -5.97093
7.6 2.05678
7.61 8.29938
7.62 12.7937
7.63 15.2275
7.64 15.1459
7.65 13.6809
7.66 12.1662
7.67 10.2487
7.68 8.3011
7.69 7.13165
7.7 6.36044
7.71 7.47895
7.72 11.1602
7.73 15.4222
7.74 20.0256
7.75 25.6217
7.76 30.8225
7.77 34.0546
7.78 33.2516
7.79 31.1323
7.8 27.889
7.81 22.9147
7.82 16.3743
7.83 8.37743
7.84 0.209505
7.85 -7.117
7.86 -14.3259
7.87 -20.6125
7.88 -23.869
7.89 -25.7994
7.9 -26.3584
7.91 -24.7037
7.92 -21.0173
7.93 -16.5642
7.94 -11.2964
7.95 -5.57842
7.96 0.0894266
7.97 5.17325
7.98 8.95133
7.99 10.7798
8 12.3497
8.01 12.7772
8.02 11.9943
8.03 10.5382
8.04 8.35442
8.05 5.47736
8.06 1.79772
8.07 -2.10841
8.08 -5.91189
8.09 -9.2265
8.1 -11.5941
8.11 -13.4596
8.12 -14.183
8.13 -13.9265
8.14 -12.8267
8.15 -10.5719
8.16 -7.48103
8.17 -3.85225
8.18 -0.546717
8.19 1.59663
8.2 2.94179
8.21 3.71048
8.22 3.46284
8.23 2.40871
8.24 1.25329
8.25 -0.0208487
8.26 -1.40062
8.27 -2.21827
8.28 -2.33912
8.29 -1.55219
8.3 -0.135101
8.31 0.415951
8.32 0.0932697
8.33 0.418598
8.34 0.6149
8.35 0.500089
8.36 -0.023736
8.37 -1.19418
8.38 -2.52357
8.39 -2.6478
8.4 -3.30254
8.41 -4.55966
8.42 -4.91296
8.43 -4.20052
8.44 -3.29484
8.45 -1.84356
8.46 0.00274869
8.47 2.37382
8.48 6.17997
8.49 10.5789
8.5 14.209
8.51 17.146
8.52 18.5383
8.53 17.8482
8.54 16.089
8.55 13.2038
8.56 8.5926
8.57 3.44475
8.58 -1.73039
8.59 -6.39001
8.6 -10.4681
8.61 -14.234
8.62 -17.2048
8.63 -18.3078
8.64 -18.3955
8.65 -18.2097
8.66 -18.3836
8.67 -18.7425
8.68 -18.2211
8.69 -17.3108
8.7 -16.3171
8.71 -15.3756
8.72 -14.4529
8.73 -13.0776
8.74 -11.4212
8.75 -10.4217
8.76 -9.81294
8.77 -9.15045
8.78 -8.76068
8.79 -9.11253
8.8 -9.64404
8.81 -10.1777
8.82 -9.76283
8.83 -8.73083
8.84 -7.88011
8.85 -6.29916
8.86 -3.77813
8.87 -0.893577
8.88 2.38489
8.89 6.02657
8.9 9.62663
8.91 12.7264
8.92 15.4059
8.93 17.1563
8.94 18.0112
8.95 18.1792
8.96 17.4385
8.97 15.8979
8.98 14.2101
8.99 12.2268
9 9.63121
9.01 6.72295
9.02 4.13753
9.03 1.76779
9.04 -0.250447
9.05 -1.53909
9.06 -2.15361
9.07 -2.26622
9.08 -1.7473
9.09 -1.42558
9.1 -1.0865
9.11 -0.539779
9.12 -0.0550969
9.13 0.305172
9.14 0.575439
9.15 -0.00925332
9.16 -0.792823
9.17 -1.51394
9.18 -2.41
9.19 -3.41538
9.2 -4.35134
9.21 -5.16742
9.22 -4.90109
9.23 -3.97237
9.24 -3.23518
9.25 -1.75976
9.26 1.14103
9.27 4.28174
9.28 7.58383
9.29 11.297
9.3 14.9993
9.31 18.5766
9.32 21.7496
9.33 23.738
9.34 25.582
9.35 27.6105
9.36 28.5011
9.37 27.8364
9.38 26.6871
9.39 25.0737
9.4 23.3814
9.41 21.5524
9.42 18.7158
9.43 15.6696
9.44 12.4313
9.45 9.20722
9.46 6.27455
9.47 3.81864
9.48 2.27293
9.49 0.66496
9.5 -0.685234
9.51 -1.63294
9.52 -2.31106
9.53 -2.6498
9.54 -3.05976
9.55 -4.66281
9.56 -6.05465
9.57 -7.10561
9.58 -8.46886
9.59 -10.0076
9.6 -12.2095
9.61 -14.5217
9.62 -16.2812
9.63 -17.7277
9.64 -18.9328
9.65 -19.2692
9.66 -17.7131
9.67 -14.9289
9.68 -11.2801
9.69 -6.81631
9.7 -1.77917
9.71 3.46355
9.72 8.62292
9.73 12.2115
9.74 14.8463
9.75 16.8955
9.76 17.9925
9.77 18.3927
9.78 17.3813
9.79 15.394
9.8 13.241
9.81 10.8584
9.82 8.06299
9.83 5.324
9.84 2.55793
9.85 0.0422693
9.86 -2.1598
9.87 -4.31664
9.88 -6.26355
9.89 -7.10897
9.9 -7.75667
9.91 -8.18064
9.92 -8.09876
9.93 -7.90993
9.94 -7.76274
9.95 -7.39822
9.96 -7.43334
9.97 -7.72477
9.98 -8.11045
9.99 -8.8863
10 -9.72105
10.01 -10.4145
10.02 -10.4226
10.03 -10.701
10.04 -11.7106
10.05 -12.8266
10.06 -15.1603
10.07 -16.5725
10.08 -17.4787
10.09 -19.1921
10.1 -21.3576
10.11 -22.7804
10.12 -24.1947
10.13 -25.2589
10.14 -25.8958
10.15 -26.3188
10.16 -26.1729
10.17 -24.632
10.18 -22.7279
10.19 -20.284
10.2 -16.8988
10.21 -12.7746
10.22 -8.20633
10.23 -3.11087
10.24 2.82622
10.25 8.77089
10.26 14.2416
10.27 19.1117
10.28 22.9592
10.29 25.508
10.3 26.3751
10.31 26.8406
10.32 26.8155
10.33 26.1304
10.34 24.9866
10.35 23.8227
10.36 21.5937
10.37 18.3879
10.38 15.0537
10.39 11.8631
10.4 8.75502
10.41 6.10134
10.42 3.11272
10.43 0.942138
10.44 0.584805
10.45 1.08898
10.46 1.75178
10.47 3.03016
10.48 4.09727
10.49 3.97813
10.5 2.20657
10.51 -1.53181
10.52 -7.12517
10.53 -13.5946
10.54 -20.6251
10.55 -27.7987
10.56 -33.9894
10.57 -38.8514
10.58 -40.4493
10.59 -39.414
10.6 -35.8915
10.61 -30.3182
10.62 -23.2772
10.63 -15.6021
10.64 -8.02674
10.65 -1.47951
10.66 3.5611
10.67 7.19351
10.68 9.59581
10.69 11.2964
10.7 12.3698
10.71 12.7737
10.72 12.8381
10.73 12.9793
10.74 13.4909
10.75 14.2421
10.76 14.8841
10.77 15.4289
10.78 16.2668
10.79 17.4222
10.8 18.3919
10.81 19.077
10.82 19.4852
10.83 19.7637
10.84 19.9174
10.85 19.6517
10.86 18.9086
10.87 18.0356
10.88 16.8551
10.89 14.9957
10.9 12.498
10.91 9.67642
10.92 6.51283
10.93 2.88144
10.94 -1.00088
10.95 -4.83398
10.96 -8.22667
10.97 -11.0691
10.98 -13.483
10.99 -15.2529
11 -16.2349
11.01 -16.4987
11.02 -15.9102
11.03 -14.8903
11.04 -13.56
11.05 -11.9275
11.06 -10.0792
11.07 -8.08154
11.08 -6.05074
11.09 -4.15172
11.1 -2.40028
11.11 -0.813779
11.12 0.511056
11.13 1.59656
11.14 2.09985
11.15 2.02096
11.16 1.37163
11.17 0.358799
11.18 -0.548213
11.19 -1.11499
11.2 -1.10761
11.21 -0.395983
11.22 1.02781
11.23 3.05659
11.24 5.51206
11.25 8.08857
11.26 10.4982
11.27 12.5053
11.28 13.954
11.29 14.6731
11.3 14.6566
11.31 13.9414
11.32 12.6557
11.33 10.9577
11.34 9.03246
11.35 7.02359
11.36 4.98402
11.37 3.01985
11.38 1.21379
11.39 -0.414908
11.4 -1.86066
11.41 -3.12508
11.42 -4.22529
11.43 -5.18187
11.44 -6.02038
11.45 -6.76509
11.46 -7.43569
11.47 -8.04898
11.48 -8.61323
11.49 -9.13228
11.5 -9.60838
11.51 -10.0361
11.52 -10.402
11.53 -10.6835
11.54 -10.8478
11.55 -10.8547
11.56 -10.6545
11.57 -10.2015
11.58 -9.4652
11.59 -8.43447
11.6 -7.12628
11.61 -5.58677
11.62 -3.88451
11.63 -2.15008
11.64 -0.409455
11.65 1.26785
11.66 2.8229
11.67 4.21299
11.68 5.41325
11.69 6.32963
11.7 7.13148
11.71 7.74586
11.72 8.18527
11.73 8.46364
