0.01 0.0920421
0.02 0.32866
0.03 0.621817
0.04 0.882135
0.05 1.04645
0.06 1.09189
0.07 1.03505
0.08 0.919156
0.09 0.795274
0.1 0.704757
0.11 0.668053
0.12 0.682353
0.13 0.727347
0.14 0.77569
0.15 0.803888
0.16 0.799783
0.17 0.764482
0.18 0.709616
0.19 0.651575
0.2 0.602099
0.21 0.560507
0.22 0.515483
0.23 0.451791
0.24 0.374849
0.25 0.267757
0.26 0.126818
0.27 -0.0443721
0.28 -0.217763
0.29 -0.353666
0.3 -0.42657
0.31 -0.421971
0.32 -0.327745
0.33 -0.141225
0.34 0.121798
0.35 0.403024
0.36 0.616413
0.37 0.711097
0.38 0.693583
0.39 0.613433
0.4 0.535265
0.41 0.508847
0.42 0.553537
0.43 0.660647
0.44 0.802241
0.45 0.936595
0.46 0.994744
0.47 0.906188
0.48 0.653078
0.49 0.275069
0.5 -0.156474
0.51 -0.570007
0.52 -0.913611
0.53 -1.11356
0.54 -1.07041
0.55 -0.748649
0.56 -0.192147
0.57 0.557581
0.58 1.46544
0.59 2.46435
0.6 3.43869
0.61 4.21879
0.62 4.67672
0.63 4.78557
0.64 4.4916
0.65 3.69252
0.66 2.3963
0.67 0.766491
0.68 -0.944346
0.69 -2.42
0.7 -3.53175
0.71 -4.32083
0.72 -4.86565
0.73 -5.27009
0.74 -5.61665
0.75 -5.83503
0.76 -5.73506
0.77 -5.20042
0.78 -4.24834
0.79 -2.99556
0.8 -1.61884
0.81 -0.303808
0.82 0.74956
0.83 1.3444
0.84 1.40142
0.85 1.01087
0.86 0.378607
0.87 -0.261697
0.88 -0.743296
0.89 -1.01305
0.9 -1.12875
0.91 -1.19869
0.92 -1.28904
0.93 -1.36905
0.94 -1.31489
0.95 -1.00414
0.96 -0.404361
0.97 0.351173
0.98 1.02702
0.99 1.45368
1 1.59653
1.01 1.54235
1.02 1.41759
1.03 1.31163
1.04 1.28821
1.05 1.38647
1.06 1.58378
1.07 1.79358
1.08 1.87795
1.09 1.71885
1.1 1.30242
1.11 0.712542
1.12 0.0660717
1.13 -0.523545
1.14 -0.986827
1.15 -1.35847
1.16 -1.76332
1.17 -2.31825
1.18 -3.03595
1.19 -3.76089
1.2 -4.28204
1.21 -4.4996
1.22 -4.44035
1.23 -4.21387
1.24 -3.95918
1.25 -3.78644
1.26 -3.73267
1.27 -3.76035
1.28 -3.7937
1.29 -3.76685
1.3 -3.66277
1.31 -3.50154
1.32 -3.30178
1.33 -2.98527
1.34 -2.36486
1.35 -1.30595
1.36 0.130029
1.37 1.66143
1.38 2.92312
1.39 3.70311
1.4 3.93939
1.41 3.59848
1.42 2.72911
1.43 1.52972
1.44 0.324104
1.45 -0.540192
1.46 -0.881116
1.47 -0.753846
1.48 -0.390184
1.49 -0.0729238
1.5 -0.00125321
1.51 -0.215907
1.52 -0.604821
1.53 -0.996026
1.54 -1.24103
1.55 -1.1924
1.56 -0.729216
1.57 0.119733
1.58 1.17268
1.59 2.17853
1.6 2.92208
1.61 3.30827
1.62 3.35875
1.63 3.16539
1.64 2.85811
1.65 2.55454
1.66 2.26016
1.67 1.87648
1.68 1.32443
1.69 0.640496
1.7 0.0154045
1.71 -0.324058
1.72 -0.271848
1.73 -0.00934543
1.74 0.00422358
1.75 -0.60468
1.76 -1.86426
1.77 -3.40694
1.78 -4.68429
1.79 -5.32902
1.8 -5.30692
1.81 -4.88052
1.82 -4.43158
1.83 -4.25579
1.84 -4.35653
1.85 -4.43814
1.86 -4.18443
1.87 -3.51541
1.88 -2.74917
1.89 -2.39644
1.9 -2.76009
1.91 -3.73695
1.92 -4.81429
1.93 -5.30716
1.94 -4.77371
1.95 -3.10335
1.96 -0.695394
1.97 1.42869
1.98 2.14258
1.99 1.05998
2 -1.52948
2.01 -4.77546
2.02 -7.45557
2.03 -8.76761
2.04 -8.26566
2.05 -6.3516
2.06 -3.9421
2.07 -1.9939
2.08 -1.11279
2.09 -1.42899
2.1 -2.64425
2.11 -4.21856
2.12 -5.6239
2.13 -6.55258
2.14 -6.95565
2.15 -6.94579
2.16 -6.44459
2.17 -5.09095
2.18 -2.70299
2.19 0.522088
2.2 4.1294
2.21 7.40669
2.22 10.1712
2.23 12.4275
2.24 14.3496
2.25 16.1777
2.26 18.124
2.27 20.2228
2.28 22.1672
2.29 23.3185
2.3 23.1315
2.31 21.535
2.32 18.9195
2.33 16.3174
2.34 13.9527
2.35 11.7973
2.36 9.98044
2.37 8.52687
2.38 7.38026
2.39 6.36573
2.4 5.25823
2.41 4.03336
2.42 2.52763
2.43 0.881352
2.44 -0.420371
2.45 -0.631391
2.46 0.89413
2.47 4.28045
2.48 9.04306
2.49 14.3113
2.5 19.1807
2.51 23.0725
2.52 25.7865
2.53 27.2471
2.54 27.4655
2.55 26.4522
2.56 24.0931
2.57 20.4243
2.58 15.4939
2.59 9.6804
2.6 3.68153
2.61 -1.74904
2.62 -6.25582
2.63 -9.82824
2.64 -12.7109
2.65 -15.2119
2.66 -17.5414
2.67 -19.6781
2.68 -21.2239
2.69 -21.6226
2.7 -20.63
2.71 -18.5334
2.72 -16.1839
2.73 -14.6849
2.74 -14.7438
2.75 -16.2898
2.76 -18.5352
2.77 -20.5326
2.78 -21.6952
2.79 -22.2275
2.8 -21.7667
2.81 -20.222
2.82 -18.0924
2.83 -16.3763
2.84 -14.8535
2.85 -13.5099
2.86 -12.254
2.87 -11.3443
2.88 -10.4417
2.89 -10.0591
2.9 -10.7324
2.91 -12.597
2.92 -15.4131
2.93 -18.4931
2.94 -20.7997
2.95 -21.4048
2.96 -19.8963
2.97 -16.6013
2.98 -12.4089
2.99 -8.23964
3 -4.60251
3.01 -1.24319
3.02 2.65701
3.03 7.76953
3.04 14.1375
3.05 21.8898
3.06 27.6042
3.07 31.8543
3.08 34.4011
3.09 36.2791
3.1 35.7247
3.11 34.2118
3.12 31.7251
3.13 28.539
3.14 24.9622
3.15 20.882
3.16 16.2055
3.17 10.9517
3.18 5.07923
3.19 -0.785069
3.2 -6.98126
3.21 -13.5261
3.22 -20.2255
3.23 -26.7675
3.24 -32.8261
3.25 -37.7532
3.26 -40.4271
3.27 -39.6074
3.28 -39.7194
3.29 -29.3019
3.3 -15.8392
3.31 -4.47556
3.32 5.35865
3.33 11.73
3.34 14.6344
3.35 13.306
3.36 10.5738
3.37 8.05177
3.38 6.11954
3.39 7.01162
3.4 10.6813
3.41 15.7946
3.42 20.1736
3.43 22.0669
3.44 20.733
3.45 16.4392
3.46 10.2586
3.47 3.68551
3.48 -1.76994
3.49 -3.43603
3.5 -3.08968
3.51 -2.29187
3.52 -1.70434
3.53 -1.44217
3.54 -2.47814
3.55 -2.25547
3.56 -0.511531
3.57 3.34771
3.58 9.23895
3.59 16.2849
3.6 22.7702
3.61 27.559
3.62 31.2265
3.63 28.9782
3.64 22.3592
3.65 13.1648
3.66 4.0066
3.67 -2.07697
3.68 -5.28665
3.69 -6.33967
3.7 -6.2126
3.71 -5.67906
3.72 -5.10728
3.73 -4.44592
3.74 -5.6816
3.75 -5.10427
3.76 -2.47347
3.77 1.26352
3.78 5.22778
3.79 8.65257
3.8 10.9262
3.81 12.4823
3.82 11.4581
3.83 8.32909
3.84 3.68789
3.85 -2.09416
3.86 -8.66381
3.87 -15.4892
3.88 -21.639
3.89 -26.1855
3.9 -28.6849
3.91 -28.9761
3.92 -27.024
3.93 -23.2325
3.94 -18.2594
3.95 -12.7001
3.96 -7.17847
3.97 -2.19082
3.98 1.79382
3.99 4.18171
4 4.57307
4.01 3.08327
4.02 0.124908
4.03 -3.60211
4.04 -5.2699
4.05 -7.26619
4.06 -8.5623
4.07 -8.91095
4.08 -8.14389
4.09 -6.37939
4.1 -3.99087
4.11 -1.33643
4.12 1.362
4.13 4.00403
4.14 6.59918
4.15 9.22194
4.16 11.9707
4.17 14.9249
4.18 18.6492
4.19 21.0988
4.2 22.6051
4.21 23.6545
4.22 24.1651
4.23 23.7845
4.24 21.9423
4.25 18.209
4.26 12.2925
4.27 4.46469
4.28 -4.46864
4.29 -13.2883
4.3 -20.6493
4.31 -25.6218
4.32 -28.9905
4.33 -30.5916
4.34 -29.404
4.35 -26.1594
4.36 -22.0843
4.37 -18.2294
4.38 -15.1333
4.39 -11.3423
4.4 -10.0554
4.41 -9.58943
4.42 -9.51238
4.43 -9.80334
4.44 -10.8138
4.45 -12.871
4.46 -16.1152
4.47 -20.4204
4.48 -26.0218
4.49 -31.6694
4.5 -34.7538
4.51 -34.4871
4.52 -31.0663
4.53 -25.2117
4.54 -18.7048
4.55 -12.4162
4.56 -6.58299
4.57 -1.08655
4.58 4.3709
4.59 10.0297
4.6 15.8073
4.61 21.2432
4.62 25.8501
4.63 32.3597
4.64 36.2926
4.65 37.4128
4.66 36.3214
4.67 33.3999
4.68 29.3246
4.69 25.8079
4.7 22.8493
4.71 23.3828
4.72 22.3183
4.73 21.8363
4.74 19.7542
4.75 16.6099
4.76 12.9391
4.77 9.29664
4.78 6.91982
4.79 5.78377
4.8 5.46072
4.81 5.34814
4.82 5.15185
4.83 4.97686
4.84 5.07645
4.85 5.66736
4.86 6.82621
4.87 8.47655
4.88 10.4606
4.89 12.5669
4.9 14.2356
4.91 14.4901
4.92 10.5905
4.93 5.7006
4.94 0.706716
4.95 -3.68134
4.96 -7.13717
4.97 -9.73487
4.98 -11.65
4.99 -11.2596
5 -11.7497
5.01 -14.055
5.02 -17.8092
5.03 -23.835
5.04 -27.0698
5.05 -27.7969
5.06 -25.3939
5.07 -20.2732
5.08 -14.5739
5.09 -9.24217
5.1 -4.89401
5.11 -1.67582
5.12 0.585981
5.13 2.15824
5.14 3.36548
5.15 4.53815
5.16 5.76066
5.17 6.80842
5.18 8.64702
5.19 9.35923
5.2 8.06969
5.21 5.29337
5.22 1.92178
5.23 -1.155
5.24 -3.15029
5.25 -3.60624
5.26 -2.52221
5.27 0.281829
5.28 2.95948
5.29 4.43196
5.3 4.90227
5.31 5.64855
5.32 7.18829
5.33 9.6016
5.34 12.5223
5.35 15.5943
5.36 17.8573
5.37 18.5381
5.38 17.1834
5.39 13.8568
5.4 9.24991
5.41 4.42894
5.42 0.425034
5.43 -2.16293
5.44 -3.24882
5.45 -4.9634
5.46 -4.25702
5.47 -2.31953
5.48 0.0380556
5.49 1.97962
5.5 2.88848
5.51 2.52369
5.52 1.13098
5.53 -0.662326
5.54 -2.22755
5.55 -3.17515
5.56 -3.42063
5.57 -3.49714
5.58 -3.00267
5.59 -1.94928
5.6 -1.52914
5.61 -1.91767
5.62 -3.03024
5.63 -4.54684
5.64 -6.27365
5.65 -8.08749
5.66 -9.85288
5.67 -11.3146
5.68 -12.1852
5.69 -12.3828
5.7 -11.983
5.71 -10.716
5.72 -8.87755
5.73 -7.13331
5.74 -5.64336
5.75 -4.43633
5.76 -3.44436
5.77 -2.56388
5.78 -1.74568
5.79 -1.03121
5.8 -0.516085
5.81 -0.360273
5.82 -0.764714
5.83 -1.82471
5.84 -3.2926
5.85 -5.05304
5.86 -6.80677
5.87 -8.29231
5.88 -9.32604
5.89 -9.82143
5.9 -9.81653
5.91 -9.46571
5.92 -8.85948
5.93 -7.92986
5.94 -6.63724
5.95 -5.55864
5.96 -3.92528
5.97 -1.78214
5.98 0.7011
5.99 3.18934
6 5.18
6.01 6.26021
6.02 6.22674
6.03 5.2937
6.04 3.68236
6.05 1.69193
6.06 -0.322352
6.07 -1.99553
6.08 -3.06399
6.09 -3.48617
6.1 -3.39775
6.11 -3.00176
6.12 -2.47653
6.13 -1.91336
6.14 -0.718999
6.15 0.358552
6.16 1.251
6.17 1.9707
6.18 2.51387
6.19 2.8566
6.2 2.97661
6.21 2.8023
6.22 2.20544
6.23 1.11779
6.24 -0.24257
6.25 -1.75413
6.26 -3.1441
6.27 -4.21664
6.28 -4.81719
6.29 -4.73678
6.3 -3.85088
6.31 -2.28043
6.32 -0.419542
6.33 1.19313
6.34 2.18002
6.35 2.27261
6.36 1.82995
6.37 1.11702
6.38 0.334923
6.39 -0.307107
6.4 -0.5942
6.41 -0.427833
6.42 0.100029
6.43 0.803836
6.44 1.50336
6.45 2.07251
6.46 2.41907
6.47 2.46061
6.48 2.39763
6.49 2.46328
6.5 2.91388
6.51 3.97014
6.52 5.69214
6.53 7.93958
6.54 10.4904
6.55 14.0058
6.56 16.8948
6.57 19.0262
6.58 20.3797
6.59 21.1295
6.6 21.5533
6.61 22.2952
6.62 22.9646
6.63 22.9056
6.64 22.0978
6.65 19.973
6.66 17.5575
6.67 15.1895
6.68 13.0426
6.69 11.0827
6.7 9.1521
6.71 7.21309
6.72 5.39342
6.73 4.00479
6.74 3.30074
6.75 3.24367
6.76 3.49883
6.77 3.60127
6.78 3.20249
6.79 2.01769
6.8 -0.129976
6.81 -4.72199
6.82 -8.66098
6.83 -11.4954
6.84 -12.7277
6.85 -12.429
6.86 -11.1362
6.87 -9.46178
6.88 -7.95356
6.89 -7.93506
6.9 -6.13641
6.91 -6.48533
6.92 -8.08329
6.93 -10.3064
6.94 -12.436
6.95 -13.9144
6.96 -14.4605
6.97 -14.1735
6.98 -13.6447
6.99 -13.3561
7 -13.641
7.01 -14.4656
7.02 -15.4691
7.03 -16.2221
7.04 -16.3924
7.05 -15.7144
7.06 -14.106
7.07 -11.8144
7.08 -9.31485
7.09 -7.10587
7.1 -5.50925
7.11 -3.81477
7.12 -2.32873
7.13 -1.36118
7.14 -0.413531
7.15 0.983578
7.16 3.00668
7.17 5.544
7.18 8.29736
7.19 10.7573
7.2 12.2594
7.21 12.3563
7.22 11.4512
7.23 9.08144
7.24 5.74456
7.25 2.05752
7.26 -1.31344
7.27 -3.35741
7.28 -4.50218
7.29 -5.07737
7.3 -5.51017
7.31 -6.08537
7.32 -6.91111
7.33 -7.91665
7.34 -10.1608
7.35 -11.379
7.36 -11.5863
7.37 -10.8866
7.38 -9.54168
7.39 -7.92125
7.4 -6.39143
7.41 -5.24802
7.42 -4.71287
7.43 -5.47947
7.44 -5.56694
7.45 -5.78931
7.46 -6.1369
7.47 -6.38919
7.48 -6.33605
7.49 -5.81556
7.5 -4.8575
7.51 -3.52281
7.52 -1.88236
7.53 -0.106808
7.54 1.65079
7.55 3.29478
7.56 4.77965
7.57 6.10615
7.58 8.25551
7.59 10.5945
7.6 12.0142
7.61 12.6651
7.62 13.004
7.63 13.4659
7.64 14.279
7.65 16.6878
7.66 18.4272
7.67 17.8995
7.68 17.4866
7.69 17.2477
7.7 17.2248
7.71 17.2878
7.72 17.2655
7.73 17.018
7.74 16.4186
7.75 15.4021
7.76 14.1833
7.77 12.8056
7.78 11.2606
7.79 9.48811
7.8 7.43512
7.81 5.0965
7.82 2.53561
7.83 -0.218465
7.84 -3.08953
7.85 -5.75086
7.86 -9.83172
7.87 -11.6828
7.88 -11.3322
7.89 -9.24449
7.9 -6.33508
7.91 -3.57643
7.92 -1.85415
7.93 -2.34129
7.94 -2.74179
7.95 -5.40421
7.96 -9.66353
7.97 -14.5796
7.98 -19.1356
7.99 -22.3977
8 -23.6874
8.01 -23.2189
8.02 -20.4672
8.03 -16.6921
8.04 -12.6803
8.05 -8.90319
8.06 -5.56338
8.07 -2.63235
8.08 0.0191264
8.09 2.47727
8.1 4.66454
8.11 6.34879
8.12 7.30083
8.13 8.45321
8.14 8.96742
8.15 7.93071
8.16 5.95903
8.17 4.03541
8.18 2.92644
8.19 2.95455
8.2 5.05556
8.21 6.89179
8.22 6.60791
8.23 6.76838
8.24 7.03897
8.25 7.35858
8.26 7.58854
8.27 7.60141
8.28 7.61119
8.29 7.73678
8.3 7.90282
8.31 7.9233
8.32 7.55584
8.33 6.64829
8.34 5.23106
8.35 3.41871
8.36 1.3856
8.37 -1.61408
8.38 -4.04892
8.39 -4.94443
8.4 -4.30646
8.41 -2.61209
8.42 -0.628413
8.43 0.88951
8.44 1.49013
8.45 0.988293
8.46 -0.613687
8.47 -3.05923
8.48 -6.41142
8.49 -7.7543
8.5 -8.78142
8.51 -9.28734
8.52 -9.4418
8.53 -9.48711
8.54 -9.54604
8.55 -9.84573
8.56 -10.2716
8.57 -10.7956
8.58 -11.3153
8.59 -11.6946
8.6 -11.8221
8.61 -11.7213
8.62 -11.489
8.63 -11.0636
8.64 -10.2793
8.65 -9.08782
8.66 -6.83964
8.67 -4.92553
8.68 -3.83494
8.69 -3.59279
8.7 -3.94429
8.71 -4.5253
8.72 -5.01044
8.73 -5.19416
8.74 -5.00613
8.75 -4.52619
8.76 -3.96772
8.77 -3.53276
8.78 -3.1036
8.79 -2.89095
8.8 -2.8024
8.81 -2.67814
8.82 -2.32427
8.83 -1.62905
8.84 -0.644821
8.85 0.454184
8.86 1.46346
8.87 2.19436
8.88 2.51712
8.89 2.40734
8.9 1.93713
8.91 1.20198
8.92 0.299859
8.93 -0.792955
8.94 -1.8513
8.95 -2.5376
8.96 -2.84165
8.97 -2.85574
8.98 -2.67659
8.99 -2.35625
9 -1.94516
9.01 -1.5088
9.02 -1.1068
9.03 -0.63576
9.04 -0.016631
9.05 0.823019
9.06 1.94972
9.07 3.36568
9.08 4.97843
9.09 6.60506
9.1 8.032
9.11 9.13117
9.12 10.5229
9.13 11.2878
9.14 11.4326
9.15 11.1495
9.16 10.7519
9.17 10.5317
9.18 10.6311
9.19 11.0319
9.2 11.5826
9.21 12.0742
9.22 12.3315
9.23 12.255
9.24 11.9977
9.25 11.3789
9.26 10.4867
9.27 9.51508
9.28 8.63292
9.29 7.96194
9.3 7.69765
9.31 7.79602
9.32 7.99085
9.33 8.00798
9.34 7.71277
9.35 7.21518
9.36 6.72239
9.37 6.37047
9.38 6.19391
9.39 6.13645
9.4 5.23133
9.41 5.01253
9.42 5.23144
9.43 5.64974
9.44 6.02191
9.45 6.17969
9.46 6.06062
9.47 5.70015
9.48 5.18706
9.49 4.58911
9.5 3.93154
9.51 3.23837
9.52 2.54545
9.53 1.90041
9.54 1.29538
9.55 0.774805
9.56 0.430231
9.57 0.391099
9.58 0.728056
9.59 1.38411
9.6 2.15556
9.61 2.77902
9.62 3.08299
9.63 3.01973
9.64 2.62444
9.65 1.99201
9.66 1.25365
9.67 0.578006
9.68 0.138238
9.69 0.0258771
9.7 0.25083
9.71 0.615112
9.72 0.968543
9.73 1.26889
9.74 1.40233
9.75 1.35635
9.76 1.1633
9.77 0.889741
9.78 0.540386
9.79 0.0414954
9.8 -0.658955
9.81 -1.56839
9.82 -2.69254
9.83 -4.02337
9.84 -5.51273
9.85 -7.08248
9.86 -8.64772
9.87 -10.7475
9.88 -12.4629
9.89 -13.5062
9.9 -13.7437
9.91 -13.2906
9.92 -12.4186
9.93 -11.3753
9.94 -10.3374
9.95 -9.417
9.96 -8.66622
9.97 -8.08766
9.98 -7.77206
9.99 -7.27076
10 -6.74746
10.01 -6.32696
10.02 -6.0075
10.03 -5.88016
10.04 -6.14557
10.05 -6.94561
10.06 -8.20797
10.07 -9.63281
10.08 -10.8129
10.09 -11.4556
10.1 -11.4645
10.11 -10.8661
10.12 -9.78762
10.13 -8.14646
10.14 -6.45708
10.15 -5.12891
10.16 -4.18685
10.17 -3.51524
10.18 -2.92961
10.19 -2.2571
10.2 -1.39131
10.21 -0.320127
10.22 0.876056
10.23 2.06824
10.24 3.13135
10.25 3.97114
10.26 4.54119
10.27 4.85452
10.28 4.96633
10.29 4.91016
10.3 4.69144
10.31 4.38901
10.32 4.01086
10.33 3.59802
10.34 3.18472
10.35 2.81294
10.36 2.4769
10.37 2.1025
10.38 1.62937
10.39 1.05908
10.4 0.436882
10.41 -0.182732
10.42 -0.773983
10.43 -1.3319
10.44 -1.84706
10.45 -2.32804
10.46 -2.81292
10.47 -3.31916
10.48 -3.81998
10.49 -4.2774
10.5 -4.66633
10.51 -5.52616
10.52 -5.82275
10.53 -5.7893
10.54 -5.53212
10.55 -5.18363
10.56 -4.86975
10.57 -4.74909
10.58 -4.84691
10.59 -4.98785
10.6 -4.99732
10.61 -4.76898
10.62 -4.34404
10.63 -3.73308
10.64 -3.01084
10.65 -2.26977
10.66 -1.60491
10.67 -1.06771
10.68 -0.633337
10.69 -0.179078
10.7 0.459026
10.71 1.36673
10.72 2.49858
10.73 3.69176
10.74 5.45935
10.75 6.48459
10.76 6.79703
10.77 6.46387
10.78 5.73238
10.79 4.92078
10.8 4.30556
10.81 4.0346
10.82 4.08715
10.83 4.33571
10.84 4.64517
10.85 4.90382
10.86 5.04027
10.87 5.08062
10.88 5.18101
10.89 5.44148
10.9 5.93192
10.91 6.64501
10.92 7.49938
10.93 8.36173
10.94 9.06305
10.95 9.42504
10.96 9.3443
10.97 8.83964
10.98 7.99356
10.99 6.90899
11 5.71533
11.01 4.53861
11.02 3.45684
11.03 2.49523
11.04 1.64545
11.05 0.877699
11.06 -0.268026
11.07 -1.04633
11.08 -1.52663
11.09 -1.76169
11.1 -1.8464
11.11 -1.88575
11.12 -1.95465
11.13 -2.06985
11.14 -2.20722
11.15 -2.33391
11.16 -2.42113
11.17 -2.45365
11.18 -2.4387
11.19 -2.39687
11.2 -2.33456
11.21 -2.24755
11.22 -2.16503
11.23 -2.11498
11.24 -2.07398
11.25 -2.01169
11.26 -1.89759
11.27 -1.7242
11.28 -1.51121
11.29 -1.28102
11.3 -1.05143
11.31 -0.844495
11.32 -0.679253
11.33 -0.560039
11.34 -0.476358
11.35 -0.408334
11.36 -0.338535
11.37 -0.259365
11.38 -0.169765
11.39 -0.0721472
11.4 0.0282201
11.41 0.125808
11.42 0.217214
11.43 0.301337
11.44 0.378233
11.45 0.446794
11.46 0.503837
11.47 0.545281
11.48 0.567201
11.49 0.566959
11.5 0.543423
11.51 0.496447
11.52 0.426454
11.53 0.334174
11.54 0.220661
11.55 0.0876785
11.56 -0.061662
11.57 -0.222349
11.58 -0.387295
11.59 -0.547523
11.6 -0.692923
11.61 -0.813635
11.62 -0.901715
11.63 -0.952651
11.64 -0.966317
11.65 -0.947093
11.66 -0.903091
11.67 -0.844658
11.68 -0.782481
11.69 -0.726222
11.7 -0.682842
11.71 -0.655411
11.72 -0.642337
11.73 -0.637899
