0.01 0.00234559
0.02 0.00777445
0.03 0.016359
0.04 0.0326685
0.05 0.0632993
0.06 0.115542
0.07 0.195222
0.08 0.304433
0.09 0.439998
0.1 0.593296
0.11 0.751662
0.12 0.901016
0.13 1.02901
0.14 1.12776
0.15 1.19546
0.16 1.23632
0.17 1.25897
0.18 1.27388
0.19 1.29037
0.2 1.31405
0.21 1.3454
0.22 1.37973
0.23 1.40696
0.24 1.41517
0.25 1.39498
0.26 1.33525
0.27 1.22933
0.28 1.07532
0.29 0.875778
0.3 0.637121
0.31 0.369516
0.32 0.0861923
0.33 -0.19769
0.34 -0.465964
0.35 -0.702924
0.36 -0.894139
0.37 -1.02741
0.38 -1.09561
0.39 -1.09904
0.4 -1.04611
0.41 -0.95208
0.42 -0.836918
0.43 -0.717592
0.44 -0.604911
0.45 -0.501749
0.46 -0.402252
0.47 -0.293743
0.48 -0.160604
0.49 0.0091089
0.5 0.217944
0.51 0.455954
0.52 0.70118
0.53 0.924756
0.54 1.09692
0.55 1.19304
0.56 1.20233
0.57 1.13378
0.58 1.01534
0.59 0.889734
0.6 0.806522
0.61 0.813799
0.62 0.950301
0.63 1.22978
0.64 1.64137
0.65 2.15572
0.66 2.7235
0.67 3.27688
0.68 3.74347
0.69 4.04458
0.7 4.1083
0.71 3.88362
0.72 3.3531
0.73 2.51547
0.74 1.42893
0.75 0.189781
0.76 -1.09785
0.77 -2.33164
0.78 -3.46408
0.79 -4.42133
0.8 -5.1718
0.81 -5.72082
0.82 -6.09411
0.83 -6.32722
0.84 -6.45476
0.85 -6.50588
0.86 -6.50329
0.87 -6.46065
0.88 -6.38488
0.89 -6.27726
0.9 -6.12671
0.91 -5.90889
0.92 -5.58864
0.93 -5.12652
0.94 -4.48864
0.95 -3.65703
0.96 -2.63548
0.97 -1.45145
0.98 -0.151351
0.99 1.177
1 2.51224
1.01 3.77994
1.02 4.91446
1.03 5.85776
1.04 6.56796
1.05 7.02517
1.06 7.2343
1.07 7.22561
1.08 7.04999
1.09 6.77051
1.1 6.4501
1.11 6.13707
1.12 5.85259
1.13 5.58531
1.14 5.29466
1.15 4.9202
1.16 4.39666
1.17 3.6699
1.18 2.70828
1.19 1.50865
1.2 0.0941058
1.21 -1.52081
1.22 -3.2422
1.23 -4.97941
1.24 -6.64834
1.25 -8.17155
1.26 -9.48597
1.27 -10.5495
1.28 -11.3444
1.29 -11.8767
1.3 -12.1716
1.31 -12.2645
1.32 -12.1916
1.33 -11.9807
1.34 -11.644
1.35 -11.179
1.36 -10.5678
1.37 -9.7758
1.38 -8.75603
1.39 -7.45842
1.4 -5.84926
1.41 -3.92872
1.42 -1.73882
1.43 0.633413
1.44 3.00482
1.45 5.28822
1.46 7.34654
1.47 9.05574
1.48 10.3373
1.49 11.1725
1.5 11.6018
1.51 11.7094
1.52 11.5964
1.53 11.3522
1.54 11.0326
1.55 10.6484
1.56 10.1692
1.57 9.53641
1.58 8.68929
1.59 7.58941
1.6 6.23799
1.61 4.68101
1.62 3.0007
1.63 1.29856
1.64 -0.324685
1.65 -1.83772
1.66 -3.11189
1.67 -4.14445
1.68 -4.95213
1.69 -5.57307
1.7 -6.05314
1.71 -6.4344
1.72 -6.74396
1.73 -6.98781
1.74 -7.14852
1.75 -7.18718
1.76 -7.06052
1.77 -6.74383
1.78 -6.24902
1.79 -5.63075
1.8 -4.97353
1.81 -4.36832
1.82 -3.88702
1.83 -3.56381
1.84 -3.38781
1.85 -3.3116
1.86 -3.27063
1.87 -3.20038
1.88 -3.05104
1.89 -2.79281
1.9 -2.41854
1.91 -1.95342
1.92 -1.45418
1.93 -1.00288
1.94 -0.68856
1.95 -0.578283
1.96 -0.69634
1.97 -1.00629
1.98 -1.4192
1.99 -1.80367
2 -2.03568
2.01 -2.04206
2.02 -1.82032
2.03 -1.47337
2.04 -1.16285
2.05 -1.06143
2.06 -1.2814
2.07 -1.85774
2.08 -2.73033
2.09 -3.75936
2.1 -4.76541
2.11 -5.57992
2.12 -6.0914
2.13 -6.27327
2.14 -6.18563
2.15 -5.95418
2.16 -5.72856
2.17 -5.64256
2.18 -5.78403
2.19 -6.16134
2.2 -6.68459
2.21 -7.17656
2.22 -7.39342
2.23 -7.06197
2.24 -5.97052
2.25 -4.01023
2.26 -1.19475
2.27 2.34324
2.28 6.32285
2.29 10.5207
2.3 14.7291
2.31 18.7576
2.32 22.4665
2.33 25.7501
2.34 28.5259
2.35 30.7504
2.36 32.4237
2.37 32.4895
2.38 32.8983
2.39 34.1902
2.4 34.524
2.41 34.2556
2.42 33.2636
2.43 31.6229
2.44 29.2758
2.45 26.2491
2.46 22.6036
2.47 18.4403
2.48 13.9144
2.49 9.24405
2.5 4.70382
2.51 0.600655
2.52 -2.65459
2.53 -3.16998
2.54 -4.88888
2.55 -5.89744
2.56 -5.94929
2.57 -5.10854
2.58 -3.57242
2.59 -1.63686
2.6 0.352359
2.61 2.05426
2.62 3.14023
2.63 3.60441
2.64 3.30535
2.65 1.72174
2.66 0.33436
2.67 -1.07188
2.68 -2.53214
2.69 -3.89407
2.7 -5.1425
2.71 -6.37989
2.72 -7.71398
2.73 -8.37293
2.74 -10.2368
2.75 -12.5384
2.76 -15.2319
2.77 -18.2405
2.78 -21.475
2.79 -24.8186
2.8 -28.1248
2.81 -31.2425
2.82 -34.0253
2.83 -36.3136
2.84 -37.3938
2.85 -38.111
2.86 -38.2084
2.87 -37.6531
2.88 -36.4335
2.89 -34.3454
2.9 -31.5686
2.91 -28.2467
2.92 -24.6172
2.93 -20.9629
2.94 -17.5707
2.95 -14.6895
2.96 -12.4787
2.97 -10.9645
2.98 -10.0167
2.99 -9.3582
3 -8.54037
3.01 -7.29539
3.02 -5.317
3.03 -2.4196
3.04 1.36226
3.05 5.2517
3.06 9.48602
3.07 14.1472
3.08 20.6055
3.09 27.0985
3.1 33.0037
3.11 37.9649
3.12 41.7872
3.13 44.4726
3.14 44.6881
3.15 45.3398
3.16 47.08
3.17 48.442
3.18 49.2832
3.19 48.5438
3.2 47.9591
3.21 46.3981
3.22 42.2802
3.23 36.7346
3.24 29.6116
3.25 21.1572
3.26 11.6333
3.27 1.34446
3.28 -9.21171
3.29 -12.3653
3.3 -22.7782
3.31 -36.9763
3.32 -46.3169
3.33 -54.124
3.34 -54.0909
3.35 -56.8381
3.36 -58.1877
3.37 -58.6908
3.38 -58.2837
3.39 -56.8303
3.4 -53.9626
3.41 -47.7596
3.42 -39.3368
3.43 -31.0108
3.44 -22.7827
3.45 -15.8721
3.46 -9.67342
3.47 -4.30177
3.48 -1.9356
3.49 -1.9325
3.5 4.45676
3.51 9.96747
3.52 12.4981
3.53 14.2502
3.54 22.0762
3.55 28.7172
3.56 35.3411
3.57 41.0191
3.58 44.9409
3.59 46.8534
3.6 48.2604
3.61 50.0772
3.62 51.7548
3.63 53.2247
3.64 54.3582
3.65 54.9944
3.66 54.9134
3.67 53.7959
3.68 51.2564
3.69 46.9617
3.7 40.7545
3.71 32.7357
3.72 23.2759
3.73 12.9693
3.74 2.63143
3.75 -6.87328
3.76 -8.81532
3.77 -11.9353
3.78 -14.8189
3.79 -17.806
3.8 -24.048
3.81 -33.9553
3.82 -41.3343
3.83 -46.0699
3.84 -47.6653
3.85 -46.372
3.86 -42.5793
3.87 -34.3444
3.88 -27.014
3.89 -20.9202
3.9 -17.0996
3.91 -17.1409
3.92 -21.0887
3.93 -27.4807
3.94 -34.6551
3.95 -40.8697
3.96 -44.6244
3.97 -44.8778
3.98 -41.1551
3.99 -34.5652
4 -25.3949
4.01 -14.6873
4.02 -3.59169
4.03 5.00286
4.04 10.2501
4.05 13.2823
4.06 14.3068
4.07 13.8013
4.08 13.6986
4.09 13.7101
4.1 13.3259
4.11 12.8044
4.12 12.4012
4.13 13.2081
4.14 13.828
4.15 14.319
4.16 16.8345
4.17 19.6642
4.18 22.5078
4.19 24.8519
4.2 26.3887
4.21 27.0404
4.22 26.884
4.23 26.5918
4.24 26.0797
4.25 25.5419
4.26 25.0351
4.27 24.5236
4.28 24.634
4.29 23.8333
4.3 21.9785
4.31 18.6659
4.32 14.2255
4.33 9.02053
4.34 3.23107
4.35 -0.685098
4.36 -4.05623
4.37 -8.92541
4.38 -14.9893
4.39 -21.3608
4.4 -29.8556
4.41 -36.6311
4.42 -42.3346
4.43 -49.5389
4.44 -53.7477
4.45 -55.2823
4.46 -54.6012
4.47 -52.2525
4.48 -48.6459
4.49 -44.6712
4.5 -41.1172
4.51 -38.634
4.52 -38.4075
4.53 -40.4303
4.54 -43.8725
4.55 -47.5656
4.56 -50.2087
4.57 -50.6462
4.58 -48.0997
4.59 -42.486
4.6 -33.9395
4.61 -23.1204
4.62 -10.9721
4.63 1.39668
4.64 8.28921
4.65 14.3775
4.66 20.0031
4.67 25.531
4.68 33.7303
4.69 50.3723
4.7 63.7555
4.71 71.5058
4.72 72.6179
4.73 72.3931
4.74 71.2038
4.75 70.4563
4.76 69.5055
4.77 68.0254
4.78 66.1006
4.79 63.6746
4.8 60.9105
4.81 56.2981
4.82 50.4078
4.83 43.4606
4.84 40.0563
4.85 37.4314
4.86 35.709
4.87 33.7988
4.88 31.0014
4.89 26.752
4.9 25.2136
4.91 21.9122
4.92 15.8915
4.93 7.56007
4.94 -2.78529
4.95 -13.776
4.96 -24.0237
4.97 -32.6289
4.98 -41.6958
4.99 -46.5596
5 -48.901
5.01 -51.6374
5.02 -53.2958
5.03 -56.2129
5.04 -58.5689
5.05 -60.3074
5.06 -61.3511
5.07 -61.6054
5.08 -60.9429
5.09 -59.1885
5.1 -55.249
5.11 -43.0926
5.12 -31.9396
5.13 -20.7785
5.14 -10.2817
5.15 -1.17076
5.16 5.24954
5.17 6.77672
5.18 5.227
5.19 2.16699
5.2 -0.676398
5.21 -5.74466
5.22 -6.60678
5.23 7.76434
5.24 17.3215
5.25 25.7807
5.26 32.573
5.27 37.3266
5.28 39.9077
5.29 40.46
5.3 39.3688
5.31 36.5925
5.32 33.2003
5.33 29.853
5.34 27.0729
5.35 25.1118
5.36 23.9485
5.37 25.0156
5.38 26.5713
5.39 27.9574
5.4 28.3747
5.41 27.2695
5.42 24.4135
5.43 21.9394
5.44 17.5084
5.45 11.9892
5.46 5.64539
5.47 -0.782833
5.48 -6.6922
5.49 -11.6968
5.5 -15.5556
5.51 -18.189
5.52 -20.7008
5.53 -22.0347
5.54 -21.6461
5.55 -20.8287
5.56 -19.8993
5.57 -19.2239
5.58 -19.5639
5.59 -20.0027
5.6 -20.7217
5.61 -22.1132
5.62 -23.4103
5.63 -24.1412
5.64 -23.9026
5.65 -22.4991
5.66 -19.9733
5.67 -16.5846
5.68 -12.7435
5.69 -8.91548
5.7 -5.11613
5.71 -2.17488
5.72 -0.222877
5.73 0.774699
5.74 1.03772
5.75 0.905035
5.76 0.748125
5.77 0.571077
5.78 0.981508
5.79 1.94091
5.8 3.37792
5.81 5.13557
5.82 6.9566
5.83 8.52171
5.84 9.58118
5.85 10.0446
5.86 9.77462
5.87 8.62737
5.88 6.65018
5.89 4.00426
5.9 0.914997
5.91 -2.20074
5.92 -4.90788
5.93 -7.08186
5.94 -8.69081
5.95 -9.79436
5.96 -10.5109
5.97 -10.9988
5.98 -11.4096
5.99 -11.8473
6 -12.5815
6.01 -13.1915
6.02 -13.4277
6.03 -13.2909
6.04 -12.6453
6.05 -11.4958
6.06 -9.91121
6.07 -8.02687
6.08 -6.01575
6.09 -4.04961
6.1 -2.25811
6.11 -0.701754
6.12 1.11833
6.13 2.54241
6.14 3.64922
6.15 4.15496
6.16 4.722
6.17 5.45831
6.18 6.41775
6.19 7.65264
6.2 9.02505
6.21 10.3725
6.22 11.5106
6.23 12.3086
6.24 12.7436
6.25 12.6811
6.26 12.0449
6.27 10.6372
6.28 8.58621
6.29 6.00247
6.3 3.07975
6.31 0.227677
6.32 -2.12782
6.33 -3.87799
6.34 -4.98109
6.35 -5.49218
6.36 -5.5475
6.37 -5.34226
6.38 -5.09291
6.39 -4.99528
6.4 -5.18798
6.41 -5.72958
6.42 -6.58761
6.43 -7.64345
6.44 -8.67298
6.45 -9.4983
6.46 -9.91975
6.47 -9.78231
6.48 -8.99643
6.49 -7.55788
6.5 -5.54931
6.51 -3.12344
6.52 -0.472319
6.53 2.21391
6.54 4.78797
6.55 7.13993
6.56 9.22288
6.57 11.0933
6.58 11.6794
6.59 13.4091
6.6 15.4594
6.61 17.8693
6.62 20.5611
6.63 23.3989
6.64 26.2226
6.65 28.8834
6.66 31.2588
6.67 33.2411
6.68 34.7377
6.69 35.6762
6.7 36.4557
6.71 36.3951
6.72 35.5156
6.73 33.4243
6.74 30.3093
6.75 26.8182
6.76 23.2231
6.77 19.7081
6.78 16.3573
6.79 15.2248
6.8 13.3346
6.81 10.8282
6.82 6.16516
6.83 1.48378
6.84 -3.35274
6.85 -8.21647
6.86 -13.0071
6.87 -19.1642
6.88 -24.0042
6.89 -27.9781
6.9 -31.2386
6.91 -33.9158
6.92 -35.9831
6.93 -39.1604
6.94 -41.0918
6.95 -41.9228
6.96 -41.6415
6.97 -40.3313
6.98 -38.5326
6.99 -35.0385
7 -31.086
7.01 -27.1519
7.02 -23.9679
7.03 -22.0746
7.04 -21.1117
7.05 -20.6548
7.06 -20.2048
7.07 -19.3025
7.08 -17.6128
7.09 -13.9776
7.1 -9.92486
7.11 -5.67758
7.12 -1.51158
7.13 2.34728
7.14 4.22388
7.15 6.50287
7.16 8.7936
7.17 11.1328
7.18 13.5185
7.19 15.9091
7.2 18.2322
7.21 20.4032
7.22 22.3224
7.23 23.8849
7.24 25.0048
7.25 25.6184
7.26 25.6812
7.27 25.1507
7.28 23.9865
7.29 21.7814
7.3 18.6439
7.31 15.0533
7.32 11.3597
7.33 7.72443
7.34 5.11996
7.35 3.35431
7.36 1.32976
7.37 -1.23874
7.38 -6.00124
7.39 -10.427
7.4 -16.0471
7.41 -20.728
7.42 -24.3698
7.43 -27.1975
7.44 -29.1995
7.45 -30.519
7.46 -31.2592
7.47 -31.5673
7.48 -31.5703
7.49 -31.3411
7.5 -30.8419
7.51 -30.0461
7.52 -28.8851
7.53 -27.1198
7.54 -24.6225
7.55 -21.3108
7.56 -17.1876
7.57 -12.3463
7.58 -6.99246
7.59 -0.919436
7.6 5.41936
7.61 9.61148
7.62 12.9574
7.63 16.2017
7.64 19.496
7.65 22.9026
7.66 26.3936
7.67 29.9422
7.68 33.5085
7.69 38.5815
7.7 42.9712
7.71 46.4602
7.72 48.8487
7.73 50.02
7.74 50.3974
7.75 48.8806
7.76 45.6068
7.77 41.3567
7.78 36.5879
7.79 31.6989
7.8 26.9869
7.81 24.1027
7.82 22.0424
7.83 22.0016
7.84 21.5589
7.85 19.9295
7.86 16.6425
7.87 11.5999
7.88 3.67126
7.89 -4.72248
7.9 -13.0682
7.91 -23.1357
7.92 -30.0345
7.93 -35.2286
7.94 -38.5093
7.95 -40.0096
7.96 -44.0837
7.97 -45.5763
7.98 -45.9266
7.99 -45.4527
8 -44.4713
8.01 -43.3763
8.02 -40.7457
8.03 -38.1701
8.04 -35.987
8.05 -34.0552
8.06 -32.0812
8.07 -29.7126
8.08 -27.757
8.09 -25.5028
8.1 -22.7867
8.11 -19.0743
8.12 -14.2525
8.13 -8.43976
8.14 -1.98145
8.15 5.65395
8.16 9.08643
8.17 13.9849
8.18 18.7411
8.19 23.2717
8.2 27.456
8.21 32.5663
8.22 36.9797
8.23 40.3565
8.24 42.6875
8.25 43.9925
8.26 44.3085
8.27 43.6824
8.28 41.949
8.29 39.0505
8.3 35.168
8.31 30.4784
8.32 25.1881
8.33 19.526
8.34 14.9132
8.35 13.0585
8.36 11.9885
8.37 11.0949
8.38 9.83998
8.39 6.65715
8.4 2.38647
8.41 -2.26995
8.42 -7.06841
8.43 -11.7455
8.44 -18.185
8.45 -21.8993
8.46 -24.6933
8.47 -26.4241
8.48 -27.2665
8.49 -27.5411
8.5 -28.3299
8.51 -28.5493
8.52 -28.6691
8.53 -29.1258
8.54 -29.8846
8.55 -30.5817
8.56 -30.8527
8.57 -30.3431
8.58 -28.8276
8.59 -26.265
8.6 -22.8092
8.61 -18.7729
8.62 -14.5527
8.63 -10.5382
8.64 -7.03697
8.65 -4.2216
8.66 -1.76238
8.67 0.318308
8.68 1.70192
8.69 2.58047
8.7 2.62379
8.71 2.82247
8.72 3.43127
8.73 4.53103
8.74 6.06571
8.75 7.86074
8.76 9.66391
8.77 11.3095
8.78 12.4153
8.79 12.781
8.8 12.1784
8.81 10.6719
8.82 8.5032
8.83 5.99415
8.84 3.47996
8.85 1.24484
8.86 -0.524471
8.87 -1.76096
8.88 -2.51196
8.89 -2.91157
8.9 -3.14044
8.91 -3.38216
8.92 -3.78282
8.93 -4.418
8.94 -5.28089
8.95 -6.22401
8.96 -7.10261
8.97 -7.90113
8.98 -8.57904
8.99 -9.09565
9 -9.4125
9.01 -9.47937
9.02 -9.26155
9.03 -8.73472
9.04 -7.88972
9.05 -6.73651
9.06 -5.30524
9.07 -3.64431
9.08 -1.8131
9.09 0.127047
9.1 2.12146
9.11 4.12793
9.12 6.09203
9.13 7.95282
9.14 9.67681
9.15 11.2565
9.16 11.7082
9.17 12.4371
9.18 13.3109
9.19 14.3607
9.2 15.5687
9.21 16.8779
9.22 18.2076
9.23 19.4694
9.24 20.5771
9.25 21.4585
9.26 22.0688
9.27 22.3915
9.28 22.4331
9.29 22.3048
9.3 21.8772
9.31 21.1875
9.32 20.2276
9.33 18.9859
9.34 17.4578
9.35 15.6529
9.36 13.5962
9.37 11.3291
9.38 9.29971
9.39 7.51258
9.4 5.54562
9.41 3.47085
9.42 1.381
9.43 -0.618984
9.44 -2.42601
9.45 -3.95471
9.46 -5.14901
9.47 -5.98826
9.48 -6.48775
9.49 -6.69349
9.5 -6.67095
9.51 -6.49111
9.52 -6.15396
9.53 -5.56656
9.54 -4.90914
9.55 -4.24872
9.56 -3.63825
9.57 -3.09325
9.58 -2.59482
9.59 -2.0963
9.6 -1.53438
9.61 -0.842151
9.62 0.0362679
9.63 1.12856
9.64 2.42193
9.65 3.85932
9.66 5.34352
9.67 6.75054
9.68 7.94849
9.69 8.45184
9.7 8.74028
9.71 8.78116
9.72 8.58514
9.73 8.1828
9.74 7.54968
9.75 6.79223
9.76 6.11043
9.77 5.51396
9.78 5.00772
9.79 4.54732
9.8 4.06125
9.81 3.4659
9.82 2.68164
9.83 1.64879
9.84 0.33754
9.85 -1.24933
9.86 -3.07948
9.87 -5.07858
9.88 -7.14651
9.89 -9.19804
9.9 -11.1778
9.91 -13.0614
9.92 -14.8417
9.93 -16.5131
9.94 -18.0611
9.95 -19.456
9.96 -20.6526
9.97 -21.5969
9.98 -22.231
9.99 -22.5127
10 -22.6807
10.01 -22.2514
10.02 -21.2108
10.03 -19.7079
10.04 -17.8908
10.05 -15.9304
10.06 -14.0732
10.07 -12.3226
10.08 -10.7618
10.09 -9.42484
10.1 -8.30854
10.11 -7.37388
10.12 -6.55407
10.13 -5.77623
10.14 -4.97348
10.15 -4.07931
10.16 -3.03328
10.17 -1.79603
10.18 -0.362755
10.19 1.36488
10.2 3.16891
10.21 4.88294
10.22 6.33563
10.23 7.26679
10.24 7.74653
10.25 7.98402
10.26 8.00082
10.27 7.85475
10.28 7.61101
10.29 7.33224
10.3 7.07127
10.31 6.86517
10.32 6.7308
10.33 6.66539
10.34 6.65024
10.35 6.67738
10.36 6.69519
10.37 6.66267
10.38 6.51211
10.39 6.20039
10.4 5.70172
10.41 5.00781
10.42 4.12558
10.43 3.07451
10.44 1.88329
10.45 0.585666
10.46 -0.781995
10.47 -2.18147
10.48 -3.57491
10.49 -4.92758
10.5 -6.2092
10.51 -7.3764
10.52 -8.38927
10.53 -9.23954
10.54 -9.94053
10.55 -10.5179
10.56 -10.9992
10.57 -11.4061
10.58 -11.7444
10.59 -12.0042
10.6 -12.1683
10.61 -12.1968
10.62 -12.0139
10.63 -11.6288
10.64 -11.0565
10.65 -10.3087
10.66 -9.3774
10.67 -8.26743
10.68 -6.98677
10.69 -5.54948
10.7 -3.9787
10.71 -2.30712
10.72 -0.572222
10.73 1.19013
10.74 2.92621
10.75 4.58307
10.76 6.14453
10.77 6.90729
10.78 7.8103
10.79 8.89725
10.8 10.18
10.81 11.6053
10.82 13.0654
10.83 14.4224
10.84 15.5361
10.85 16.2906
10.86 16.615
10.87 16.4961
10.88 15.9281
10.89 14.9304
10.9 13.7561
10.91 12.5612
10.92 11.4741
10.93 10.5355
10.94 9.79723
10.95 9.22172
10.96 8.73942
10.97 8.26425
10.98 7.71189
10.99 7.01669
11 6.1435
11.01 5.09105
11.02 3.88935
11.03 2.59954
11.04 1.28975
11.05 0.00782135
11.06 -1.15026
11.07 -2.12038
11.08 -2.87867
11.09 -3.44161
11.1 -3.85621
11.11 -4.18519
11.12 -4.49051
11.13 -4.81958
11.14 -5.19713
11.15 -5.62283
11.16 -6.07385
11.17 -6.512
11.18 -6.89289
11.19 -7.15306
11.2 -7.26975
11.21 -7.21561
11.22 -7.01325
11.23 -6.6819
11.24 -6.24408
11.25 -5.71944
11.26 -5.12293
11.27 -4.4652
11.28 -3.75399
11.29 -2.99609
11.3 -2.20022
11.31 -1.37932
11.32 -0.551048
11.33 0.262841
11.34 1.03797
11.35 1.74988
11.36 2.37693
11.37 2.90317
11.38 3.32054
11.39 3.62959
11.4 3.83865
11.41 3.96174
11.42 4.01546
11.43 4.01555
11.44 3.97387
11.45 3.94937
11.46 3.89797
11.47 3.80096
11.48 3.6314
11.49 3.36748
11.5 2.99763
11.51 2.52323
11.52 1.95858
11.53 1.32843
11.54 0.663786
11.55 -0.0030157
11.56 -0.642879
11.57 -1.23341
11.58 -1.76069
11.59 -2.21931
11.6 -2.61083
11.61 -2.94127
11.62 -3.21817
11.63 -3.44795
11.64 -3.63403
11.65 -3.77598
11.66 -3.86981
11.67 -3.90909
11.68 -3.88675
11.69 -3.77775
11.7 -3.58441
11.71 -3.31594
11.72 -2.9864
11.73 -2.61237
