0.02 -6.37427e-008
0.04 4.87357e-007
0.06 3.2136e-006
0.08 9.48265e-006
0.1 2.0396e-005
0.12 3.60607e-005
0.14 5.59509e-005
0.16 7.86256e-005
0.18 0.000100704
0.2 0.000118698
0.22 0.000129781
0.24 0.000130184
0.26 0.000117277
0.28 9.31978e-005
0.3 6.11339e-005
0.32 2.3838e-005
0.34 -1.4618e-005
0.36 -4.92023e-005
0.38 -7.68158e-005
0.4 -9.45817e-005
0.42 -0.000101435
0.44 -0.000102115
0.46 -0.000100663
0.48 -9.41171e-005
0.5 -7.86889e-005
0.52 -6.14042e-005
0.54 -4.37223e-005
0.56 -1.81166e-005
0.58 2.03323e-005
0.6 6.56836e-005
0.62 0.000117564
0.64 0.000187833
0.66 0.00027469
0.68 0.000372742
0.7 0.000468031
0.72 0.000562926
0.74 0.000665483
0.76 0.000752798
0.78 0.000813546
0.8 0.000852963
0.82 0.000879571
0.84 0.000898449
0.86 0.00090648
0.88 0.000900143
0.9 0.000880109
0.92 0.000852808
0.94 0.000815769
0.96 0.000753742
0.98 0.000650678
1 0.00050054
1.02 0.000311951
1.04 9.3281e-005
1.06 -0.00015652
1.08 -0.000433214
1.1 -0.000714823
1.12 -0.000979995
1.14 -0.00122852
1.16 -0.00145999
1.18 -0.001656
1.2 -0.00180001
1.22 -0.00190817
1.24 -0.00200908
1.26 -0.00209661
1.28 -0.00214021
1.3 -0.00213441
1.32 -0.00210711
1.34 -0.00206323
1.36 -0.00196938
1.38 -0.00180319
1.4 -0.00157662
1.42 -0.0013117
1.44 -0.00101384
1.46 -0.000683479
1.48 -0.000344583
1.5 -4.03096e-005
1.52 0.000209186
1.54 0.000410411
1.56 0.000559361
1.58 0.000643872
1.6 0.000666599
1.62 0.000652615
1.64 0.000633023
1.66 0.000614929
1.68 0.000582766
1.7 0.000533259
1.72 0.000481774
1.74 0.00042247
1.76 0.000314329
1.78 0.000125673
1.8 -0.000132784
1.82 -0.000432848
1.84 -0.000754335
1.86 -0.00108279
1.88 -0.00139437
1.9 -0.00164552
1.92 -0.0018033
1.94 -0.00186548
1.96 -0.00183844
1.98 -0.00172207
2 -0.00152678
2.02 -0.00129236
2.04 -0.00106513
2.06 -0.000874359
2.08 -0.000728659
2.1 -0.000620822
2.12 -0.00054028
2.14 -0.000479326
2.16 -0.000420288
2.18 -0.000331555
2.2 -0.000194228
2.22 -2.51566e-005
2.24 0.000144794
2.26 0.000313423
2.28 0.00048173
2.3 0.000630882
2.32 0.000746086
2.34 0.000820409
2.36 0.000870337
2.38 0.000920801
2.4 0.000962718
2.42 0.000992485
2.44 0.00104483
2.46 0.0011495
2.48 0.00128833
2.5 0.00140151
2.52 0.00142766
2.54 0.0013198
2.56 0.00105365
2.58 0.000636871
2.6 0.000101376
2.62 -0.00050278
2.64 -0.00110551
2.66 -0.00164613
2.68 -0.00209421
2.7 -0.0024297
2.72 -0.00263011
2.74 -0.002676
2.76 -0.00258659
2.78 -0.00241922
2.8 -0.00223638
2.82 -0.002092
2.84 -0.00201451
2.86 -0.00201233
2.88 -0.00208902
2.9 -0.00222521
2.92 -0.00235499
2.94 -0.00239977
2.96 -0.00232697
2.98 -0.0021464
3 -0.00186459
3.02 -0.00148005
3.04 -0.00100529
3.06 -0.000441489
3.08 0.00023083
3.1 0.00103294
3.12 0.00198958
3.14 0.00312248
3.16 0.00445601
3.18 0.0060206
3.2 0.00783789
3.22 0.00989194
3.24 0.0121116
3.25 0.0132579
3.26 0.0144166
3.27 0.0155833
3.28 0.0167511
3.29 0.0179116
3.3 0.0190551
3.31 0.0201757
3.32 0.0212749
3.33 0.0223578
3.34 0.023429
3.35 0.0244942
3.36 0.0255615
3.37 0.0266384
3.38 0.0277284
3.39 0.0288321
3.4 0.0299493
3.41 0.0310774
3.42 0.0322109
3.43 0.0333372
3.44 0.0344343
3.45 0.0354787
3.46 0.0364517
3.47 0.0373378
3.48 0.038124
3.49 0.0388006
3.5 0.0393605
3.51 0.0397995
3.52 0.0401154
3.53 0.0403105
3.54 0.0403922
3.55 0.0403654
3.56 0.0402253
3.57 0.0399579
3.58 0.0395401
3.59 0.038942
3.6 0.0381339
3.61 0.037098
3.62 0.0358398
3.63 0.0343855
3.64 0.032778
3.65 0.0310649
3.66 0.0292869
3.67 0.027476
3.68 0.0256554
3.69 0.0238404
3.7 0.0220366
3.71 0.0202501
3.72 0.0184992
3.73 0.0167993
3.74 0.0151509
3.75 0.0135459
3.76 0.011972
3.77 0.0104172
3.78 0.00887515
3.79 0.00734315
3.8 0.00582113
3.81 0.0043153
3.82 0.00283988
3.83 0.00141282
3.84 5.27159e-005
3.85 -0.00122212
3.86 -0.0023948
3.87 -0.00345076
3.88 -0.00437899
3.89 -0.00517455
3.9 -0.00584044
3.91 -0.00638536
3.92 -0.00682125
3.93 -0.00715657
3.94 -0.00739045
3.95 -0.00751419
3.96 -0.00751264
3.97 -0.00736913
3.98 -0.00707024
3.99 -0.00660554
4 -0.00596707
4.01 -0.00515969
4.02 -0.00421118
4.03 -0.0031551
4.04 -0.00201386
4.05 -0.000795689
4.06 0.000506927
4.07 0.00190412
4.08 0.00339557
4.09 0.00497091
4.1 0.00661142
4.11 0.00829348
4.12 0.00999391
4.13 0.0116919
4.14 0.0133687
4.15 0.015003
4.16 0.0165663
4.17 0.0180327
4.18 0.0193879
4.19 0.0206286
4.2 0.0217608
4.21 0.0227951
4.22 0.0237408
4.23 0.0246042
4.24 0.0253877
4.25 0.0260925
4.26 0.026723
4.27 0.0272816
4.28 0.0277666
4.29 0.028175
4.3 0.0285064
4.31 0.0287651
4.32 0.02896
4.33 0.0291027
4.34 0.029204
4.35 0.0292731
4.36 0.0293159
4.37 0.0293379
4.38 0.0293474
4.39 0.0293573
4.4 0.0293868
4.41 0.0294547
4.42 0.0295723
4.43 0.0297416
4.44 0.0299547
4.45 0.0301988
4.46 0.0304611
4.47 0.0307335
4.48 0.0310152
4.49 0.0313071
4.5 0.0316046
4.51 0.0318984
4.52 0.0321741
4.53 0.032413
4.54 0.032594
4.55 0.032701
4.56 0.03273
4.57 0.0326884
4.58 0.0325923
4.59 0.0324572
4.6 0.0322882
4.61 0.0320819
4.62 0.031829
4.63 0.0315204
4.64 0.0311525
4.65 0.0307323
4.66 0.0302805
4.67 0.0298217
4.68 0.0293754
4.69 0.0289515
4.7 0.028548
4.71 0.028155
4.72 0.0277599
4.73 0.0273486
4.74 0.0269058
4.75 0.0264254
4.76 0.0259194
4.77 0.0254101
4.78 0.0249222
4.79 0.0244771
4.8 0.0240876
4.81 0.0237597
4.82 0.023494
4.83 0.0232867
4.84 0.0231304
4.85 0.0230223
4.86 0.0229727
4.87 0.0229984
4.88 0.0231159
4.89 0.0233359
4.9 0.0236572
4.91 0.0240676
4.92 0.024545
4.93 0.0250617
4.94 0.0255897
4.95 0.0261024
4.96 0.0265777
4.97 0.0269959
4.98 0.0273379
4.99 0.0275835
5 0.0277101
5.01 0.0276951
5.02 0.0275188
5.03 0.0271716
5.04 0.026659
5.05 0.0260042
5.06 0.0252509
5.07 0.0244533
5.08 0.0236648
5.09 0.0229309
5.1 0.0222835
5.11 0.0217435
5.12 0.0213255
5.13 0.0210411
5.14 0.0209018
5.15 0.0209181
5.16 0.0211018
5.17 0.0214643
5.18 0.0220141
5.19 0.0227502
5.2 0.0236563
5.21 0.0247016
5.22 0.025842
5.23 0.0270262
5.24 0.0282037
5.25 0.0293306
5.26 0.0303762
5.27 0.0313228
5.28 0.0321668
5.29 0.0329145
5.3 0.0335736
5.31 0.0341478
5.32 0.034638
5.33 0.0350447
5.34 0.0353684
5.35 0.0356116
5.36 0.0357848
5.37 0.0359065
5.38 0.0360023
5.39 0.0361019
5.4 0.0362349
5.41 0.0364267
5.42 0.036695
5.43 0.0370464
5.44 0.0374731
5.45 0.0379651
5.46 0.0385224
5.47 0.0391483
5.48 0.0398459
5.49 0.0406115
5.5 0.04143
5.51 0.0422805
5.52 0.043141
5.53 0.0439893
5.54 0.0448041
5.55 0.0455675
5.56 0.0462691
5.57 0.0469043
5.58 0.047471
5.59 0.0479662
5.6 0.0483818
5.61 0.048706
5.62 0.0489253
5.63 0.0490241
5.64 0.0489825
5.65 0.0487784
5.66 0.0483913
5.67 0.0478126
5.68 0.0470536
5.69 0.04614
5.7 0.0451044
5.71 0.0439787
5.72 0.0427865
5.73 0.0415493
5.74 0.0402936
5.75 0.0390536
5.76 0.0378731
5.77 0.0367968
5.78 0.0358616
5.79 0.0350891
5.8 0.034476
5.81 0.0340076
5.82 0.0336734
5.83 0.0334655
5.84 0.0333761
5.85 0.0333972
5.86 0.0335184
5.87 0.0337305
5.88 0.0340279
5.89 0.0344054
5.9 0.034857
5.91 0.0353801
5.92 0.0359789
5.93 0.0366602
5.94 0.0374261
5.95 0.0382693
5.96 0.0391678
5.97 0.0400878
5.98 0.0409879
5.99 0.0418315
6 0.0425984
6.01 0.0432847
6.02 0.0438999
6.03 0.0444582
6.04 0.0449697
6.05 0.0454402
6.06 0.0458736
6.07 0.046272
6.08 0.0466349
6.09 0.0469626
6.1 0.0472563
6.11 0.0475172
6.12 0.0477468
6.13 0.0479427
6.14 0.0480961
6.15 0.0481954
6.16 0.0482298
6.17 0.0481946
6.18 0.048096
6.19 0.047949
6.2 0.047775
6.21 0.0475938
6.22 0.0474165
6.23 0.0472463
6.24 0.0470811
6.25 0.0469154
6.26 0.0467422
6.27 0.0465554
6.28 0.0463511
6.29 0.0461316
6.3 0.0459069
6.31 0.0456925
