0.02 -4.87803e-008
0.04 2.69e-007
0.06 3.23623e-006
0.08 1.27768e-005
0.1 3.13752e-005
0.12 5.76012e-005
0.14 8.692e-005
0.16 0.000113938
0.18 0.000132352
0.2 0.000134776
0.22 0.000117677
0.24 8.52316e-005
0.26 4.48273e-005
0.28 4.14732e-006
0.3 -2.57336e-005
0.32 -3.49265e-005
0.34 -2.49599e-005
0.36 -6.7358e-006
0.38 9.83958e-006
0.4 1.81695e-005
0.42 1.1748e-005
0.44 -1.66155e-005
0.46 -7.01705e-005
0.48 -0.000135178
0.5 -0.000176655
0.52 -0.000168593
0.54 -0.000121957
0.56 -5.45339e-005
0.58 4.41246e-005
0.6 0.000174962
0.62 0.000289282
0.64 0.000348364
0.66 0.000386116
0.68 0.000449178
0.7 0.000515486
0.72 0.000541158
0.74 0.000563303
0.76 0.000650039
0.78 0.000763931
0.8 0.000813657
0.82 0.000817553
0.84 0.000875317
0.86 0.000990177
0.88 0.00104995
0.9 0.00099974
0.92 0.000914887
0.94 0.000858852
0.96 0.000769631
0.98 0.000563164
1 0.000277981
1.02 2.5877e-005
1.04 -0.000160796
1.06 -0.000346116
1.08 -0.000566558
1.1 -0.000768057
1.12 -0.000896233
1.14 -0.00100237
1.16 -0.0011948
1.18 -0.00148323
1.2 -0.00174986
1.22 -0.00191955
1.24 -0.00207345
1.26 -0.00229224
1.28 -0.00246158
1.3 -0.00240137
1.32 -0.00215931
1.34 -0.00196367
1.36 -0.00185971
1.38 -0.00164459
1.4 -0.00124883
1.42 -0.000908684
1.44 -0.000797926
1.46 -0.000737187
1.48 -0.000497195
1.5 -0.000192936
1.52 -8.32285e-005
1.54 -0.000104194
1.56 4.51643e-005
1.58 0.000391284
1.6 0.000637119
1.62 0.000664015
1.64 0.000711169
1.66 0.000924758
1.68 0.00105851
1.7 0.000853838
1.72 0.000471258
1.74 0.00023805
1.76 0.000119613
1.78 -0.000194685
1.8 -0.000723953
1.82 -0.00110918
1.84 -0.00116403
1.86 -0.00113342
1.88 -0.00124474
1.9 -0.00134017
1.92 -0.00120534
1.94 -0.00101013
1.96 -0.00108802
1.98 -0.0014032
2 -0.00159501
2.02 -0.00152943
2.04 -0.00144595
2.06 -0.00148943
2.08 -0.00145324
2.1 -0.00115114
2.12 -0.000740605
2.14 -0.000453806
2.16 -0.000234531
2.18 0.000104283
2.2 0.000502042
2.22 0.000686542
2.24 0.000545976
2.26 0.000264271
2.28 7.13028e-005
2.3 1.27678e-005
2.32 4.44546e-005
2.34 0.000216579
2.36 0.000602621
2.38 0.00111423
2.4 0.00152622
2.42 0.00168465
2.44 0.00164364
2.46 0.00157482
2.48 0.00155014
2.5 0.00146656
2.52 0.00120021
2.54 0.000752622
2.56 0.00019501
2.58 -0.000426607
2.6 -0.00103114
2.62 -0.00143448
2.64 -0.00147293
2.66 -0.00119532
2.68 -0.000875208
2.7 -0.000811981
2.72 -0.00112175
2.74 -0.00170096
2.76 -0.00234631
2.78 -0.00288562
2.8 -0.00321595
2.82 -0.00329477
2.84 -0.00315974
2.86 -0.00292281
2.88 -0.00268921
2.9 -0.00247674
2.92 -0.00221026
2.94 -0.00179995
2.96 -0.00127615
2.98 -0.000850077
3 -0.00074723
3.02 -0.000949776
3.04 -0.00118985
3.06 -0.00118292
3.08 -0.00074212
3.1 0.000277543
3.12 0.00193085
3.14 0.00403403
3.16 0.00621738
3.18 0.00813546
3.2 0.00967923
3.22 0.011082
3.24 0.0127532
3.25 0.0137972
3.26 0.0150136
3.27 0.0163835
3.28 0.0178849
3.29 0.0195085
3.3 0.0212491
3.31 0.023087
3.32 0.0249718
3.33 0.0268157
3.34 0.0285117
3.35 0.0299806
3.36 0.0312114
3.37 0.0322687
3.38 0.0332683
3.39 0.0343388
3.4 0.0355831
3.41 0.0370427
3.42 0.038686
3.43 0.0404329
3.44 0.0421968
3.45 0.0439246
3.46 0.0456017
3.47 0.0472127
3.48 0.0487178
3.49 0.0500649
3.5 0.0512076
3.51 0.0520921
3.52 0.0526414
3.53 0.0527778
3.54 0.0524631
3.55 0.0517278
3.56 0.0506806
3.57 0.0494773
3.58 0.0482299
3.59 0.0469258
3.6 0.0454516
3.61 0.0437047
3.62 0.0417047
3.63 0.0396337
3.64 0.0377663
3.65 0.0363431
3.66 0.0354697
3.67 0.0350741
3.68 0.0349339
3.69 0.0347578
3.7 0.0343118
3.71 0.0335286
3.72 0.0324851
3.73 0.0313048
3.74 0.0300953
3.75 0.0289155
3.76 0.0277694
3.77 0.0266244
3.78 0.0254246
3.79 0.0241167
3.8 0.0226891
3.81 0.0211678
3.82 0.0195874
3.83 0.0179842
3.84 0.0164064
3.85 0.0149304
3.86 0.0136541
3.87 0.0126636
3.88 0.011997
3.89 0.0116264
3.9 0.0114666
3.91 0.0114078
3.92 0.0113624
3.93 0.0112971
3.94 0.0112301
3.95 0.0112204
3.96 0.011356
3.97 0.0117257
3.98 0.012383
3.99 0.0133273
4 0.01451
4.01 0.0158527
4.02 0.0172647
4.03 0.0186629
4.04 0.0199985
4.05 0.0212618
4.06 0.0224653
4.07 0.0236243
4.08 0.0247449
4.09 0.0258199
4.1 0.0268379
4.11 0.0278007
4.12 0.0287352
4.13 0.0296859
4.14 0.030711
4.15 0.0318848
4.16 0.0332776
4.17 0.0349237
4.18 0.0367923
4.19 0.0387716
4.2 0.0406963
4.21 0.0424104
4.22 0.0438222
4.23 0.044931
4.24 0.0458091
4.25 0.0465462
4.26 0.0471971
4.27 0.0477629
4.28 0.0482064
4.29 0.0484946
4.3 0.0486486
4.31 0.0487597
4.32 0.0489607
4.33 0.049372
4.34 0.0500471
4.35 0.050942
4.36 0.05193
4.37 0.052857
4.38 0.0536
4.39 0.0540947
4.4 0.0543418
4.41 0.0544023
4.42 0.0543744
4.43 0.0543539
4.44 0.054399
4.45 0.0545166
4.46 0.0546748
4.47 0.0548322
4.48 0.0549636
4.49 0.0550699
4.5 0.0551762
4.51 0.0553173
4.52 0.0555025
4.53 0.0556772
4.54 0.0557279
4.55 0.0555344
4.56 0.0550456
4.57 0.0543353
4.58 0.0535889
4.59 0.0530238
4.6 0.0527912
4.61 0.0529126
4.62 0.0532837
4.63 0.053739
4.64 0.0541362
4.65 0.0544092
4.66 0.0545683
4.67 0.0546544
4.68 0.0546827
4.69 0.0546099
4.7 0.0543474
4.71 0.0538099
4.72 0.0529723
4.73 0.0518963
4.74 0.0507083
4.75 0.049541
4.76 0.0484797
4.77 0.0475486
4.78 0.0467385
4.79 0.0460485
4.8 0.0455117
4.81 0.045187
4.82 0.0451263
4.83 0.0453418
4.84 0.0457923
4.85 0.0463988
4.86 0.0470826
4.87 0.0478024
4.88 0.0485648
4.89 0.0493965
4.9 0.0502954
4.91 0.0511932
4.92 0.0519561
4.93 0.0524287
4.94 0.0524983
4.95 0.0521425
4.96 0.0514354
4.97 0.0505095
4.98 0.0494971
4.99 0.0484852
5 0.0475022
5.01 0.0465409
5.02 0.0455984
5.03 0.0447186
5.04 0.0439968
5.05 0.0435163
5.06 0.0432985
5.07 0.0433244
5.08 0.043585
5.09 0.0441039
5.1 0.0449205
5.11 0.0460452
5.12 0.0474707
5.13 0.0491974
5.14 0.0511523
5.15 0.0531215
5.16 0.0548083
5.17 0.0559774
5.18 0.0565571
5.19 0.0566289
5.2 0.0564074
5.21 0.0561928
5.22 0.0562508
5.23 0.0566841
5.24 0.0573606
5.25 0.0579716
5.26 0.0582277
5.27 0.0580621
5.28 0.0576495
5.29 0.0572193
5.3 0.0568933
5.31 0.056694
5.32 0.0566359
5.33 0.0567579
5.34 0.0570941
5.35 0.0576518
5.36 0.0584184
5.37 0.0593871
5.38 0.0606011
5.39 0.0621369
5.4 0.0639852
5.41 0.0660035
5.42 0.0679887
5.43 0.0697684
5.44 0.0712539
5.45 0.0724279
5.46 0.0733059
5.47 0.073914
5.48 0.0742865
5.49 0.074477
5.5 0.0745712
5.51 0.0746897
5.52 0.0749706
5.53 0.0755216
5.54 0.0763762
5.55 0.0774744
5.56 0.0786594
5.57 0.079721
5.58 0.0804836
5.59 0.0808612
5.6 0.0808693
5.61 0.0806244
5.62 0.0803042
5.63 0.080055
5.64 0.0799029
5.65 0.079744
5.66 0.0794197
5.67 0.0788244
5.68 0.0779794
5.69 0.0770243
5.7 0.0761342
5.71 0.0754131
5.72 0.0748307
5.73 0.0742429
5.74 0.0734892
5.75 0.0725085
5.76 0.0714011
5.77 0.0704094
5.78 0.0698455
5.79 0.0699674
5.8 0.0708262
5.81 0.0722051
5.82 0.073704
5.83 0.074915
5.84 0.075599
5.85 0.0757746
5.86 0.0756909
5.87 0.0756911
5.88 0.0760104
5.89 0.0766284
5.9 0.0772836
5.91 0.077645
5.92 0.0775292
5.93 0.0770267
5.94 0.0764589
5.95 0.076197
5.96 0.0764555
5.97 0.0771902
5.98 0.0781534
5.99 0.0790621
6 0.0797726
6.01 0.0803528
6.02 0.0810163
6.03 0.0819953
6.04 0.0834077
6.05 0.0851452
6.06 0.0868994
6.07 0.088334
6.08 0.0892716
6.09 0.0897561
6.1 0.0899628
6.11 0.0900886
6.12 0.0902899
6.13 0.090631
6.14 0.0910605
6.15 0.0914442
6.16 0.0916402
6.17 0.0915741
6.18 0.0912751
6.19 0.0908542
6.2 0.0904388
6.21 0.0901042
6.22 0.089842
6.23 0.0895815
6.24 0.0892506
6.25 0.0888347
6.26 0.0883976
6.27 0.0880503
6.28 0.0878873
6.29 0.087932
6.3 0.0881261
6.31 0.0883685
