0.02 6.08712e-009
0.04 -5.88441e-008
0.06 -2.96286e-007
0.08 2.3564e-007
0.1 4.88405e-006
0.12 1.85087e-005
0.14 4.40231e-005
0.16 7.97369e-005
0.18 0.000120426
0.2 0.000159902
0.22 0.00019128
0.24 0.000207084
0.26 0.000201873
0.28 0.000173389
0.3 0.000121475
0.32 5.05433e-005
0.34 -2.73568e-005
0.36 -9.73289e-005
0.38 -0.000149702
0.4 -0.000180787
0.42 -0.000188378
0.44 -0.000170825
0.46 -0.000132531
0.48 -8.97602e-005
0.5 -6.32009e-005
0.52 -5.60777e-005
0.54 -4.87997e-005
0.56 -2.79847e-005
0.58 -4.30695e-006
0.6 1.72566e-005
0.62 6.12567e-005
0.64 0.000147421
0.66 0.00025987
0.68 0.00038246
0.7 0.000532823
0.72 0.000719963
0.74 0.000894377
0.76 0.00100037
0.78 0.00105695
0.8 0.00111357
0.82 0.00115291
0.84 0.00112312
0.86 0.00104955
0.88 0.0010224
0.9 0.00106432
0.92 0.00109296
0.94 0.00104398
0.96 0.000958148
0.98 0.000895003
1 0.000816503
1.02 0.000626643
1.04 0.000301071
1.06 -8.91427e-005
1.08 -0.000478947
1.1 -0.000872775
1.12 -0.00128475
1.14 -0.00166549
1.16 -0.00194395
1.18 -0.00212686
1.2 -0.0022883
1.22 -0.00244541
1.24 -0.00252224
1.26 -0.00249097
1.28 -0.00246936
1.3 -0.00257127
1.32 -0.00271159
1.34 -0.00270256
1.36 -0.00252737
1.38 -0.00234475
1.4 -0.00219746
1.42 -0.00191512
1.44 -0.00139541
1.46 -0.000797757
1.48 -0.000316835
1.5 8.30997e-005
1.52 0.000522174
1.54 0.000911239
1.56 0.00104554
1.58 0.000945768
1.6 0.000850233
1.62 0.00085237
1.64 0.000796618
1.66 0.000604997
1.68 0.000465054
1.7 0.000542291
1.72 0.000695171
1.74 0.00068266
1.76 0.000525941
1.78 0.000413639
1.8 0.000310022
1.82 -5.09274e-005
1.84 -0.000740856
1.86 -0.00147555
1.88 -0.00198578
1.9 -0.0023206
1.92 -0.00262602
1.94 -0.00281836
1.96 -0.00270876
1.98 -0.00234204
2 -0.00195279
2.02 -0.0016133
2.04 -0.00118601
2.06 -0.000666272
2.08 -0.000315821
2.1 -0.000329976
2.12 -0.000563723
2.14 -0.000736228
2.16 -0.000762229
2.18 -0.000720236
2.2 -0.000605488
2.22 -0.000316962
2.24 0.000130294
2.26 0.000553288
2.28 0.000811418
2.3 0.000958679
2.32 0.00111336
2.34 0.00125976
2.36 0.00128319
2.38 0.00115744
2.4 0.000997651
2.42 0.000928145
2.44 0.000967395
2.46 0.00107865
2.48 0.00128675
2.5 0.00165424
2.52 0.00211774
2.54 0.00242628
2.56 0.00231136
2.58 0.00169442
2.6 0.000699949
2.62 -0.000472551
2.64 -0.00163133
2.66 -0.00260395
2.68 -0.00327213
2.7 -0.00363372
2.72 -0.00378888
2.74 -0.00381771
2.76 -0.00367692
2.78 -0.00325806
2.8 -0.00257157
2.82 -0.00184922
2.84 -0.00142552
2.86 -0.00150614
2.88 -0.00203733
2.9 -0.00276348
2.92 -0.00339278
2.94 -0.00372857
2.96 -0.00368953
2.98 -0.003281
3 -0.00260795
3.02 -0.00186867
3.04 -0.00121917
3.06 -0.000624538
3.08 7.95308e-005
3.1 0.000983262
3.12 0.00204295
3.14 0.00321483
3.16 0.00455328
3.18 0.00615807
3.2 0.00800213
3.22 0.00989253
3.24 0.0117454
3.25 0.0127017
3.26 0.013748
3.27 0.0149324
3.28 0.0162687
3.29 0.0177226
3.3 0.0192241
3.31 0.0206927
3.32 0.0220661
3.33 0.0233293
3.34 0.0245168
3.35 0.0256695
3.36 0.026794
3.37 0.0278569
3.38 0.0288037
3.39 0.0295835
3.4 0.0301731
3.41 0.0306027
3.42 0.0309657
3.43 0.0313886
3.44 0.0319814
3.45 0.0327907
3.46 0.0338032
3.47 0.0349974
3.48 0.0363669
3.49 0.0379029
3.5 0.0395793
3.51 0.0413577
3.52 0.0431905
3.53 0.0450052
3.54 0.0466894
3.55 0.0480886
3.56 0.0490211
3.57 0.049311
3.58 0.0488706
3.59 0.0477805
3.6 0.0462618
3.61 0.0445593
3.62 0.0428253
3.63 0.0410659
3.64 0.0391862
3.65 0.0370852
3.66 0.0347164
3.67 0.0321139
3.68 0.0293877
3.69 0.0266714
3.7 0.0240278
3.71 0.0213812
3.72 0.0185783
3.73 0.0155079
3.74 0.0121445
3.75 0.0085359
3.76 0.00479169
3.77 0.00106697
3.78 -0.00245968
3.79 -0.00564125
3.8 -0.00841902
3.81 -0.0107973
3.82 -0.0127918
3.83 -0.0144201
3.84 -0.0157132
3.85 -0.016735
3.86 -0.017583
3.87 -0.0183583
3.88 -0.0191292
3.89 -0.0199098
3.9 -0.0206632
3.91 -0.0213269
3.92 -0.0218538
3.93 -0.0222402
3.94 -0.0225152
3.95 -0.0227203
3.96 -0.0228949
3.97 -0.0230604
3.98 -0.0232038
3.99 -0.0232725
4 -0.023182
4.01 -0.0228268
4.02 -0.0220961
4.03 -0.0209066
4.04 -0.0192488
4.05 -0.0172011
4.06 -0.014903
4.07 -0.0125119
4.08 -0.0101585
4.09 -0.00791695
4.1 -0.00579647
4.11 -0.00375745
4.12 -0.00173603
4.13 0.000336621
4.14 0.00251094
4.15 0.00479498
4.16 0.00715607
4.17 0.00954291
4.18 0.0119092
4.19 0.0142248
4.2 0.016461
4.21 0.0185687
4.22 0.0204693
4.23 0.0220622
4.24 0.0232473
4.25 0.0239565
4.26 0.0241869
4.27 0.0240225
4.28 0.0236124
4.29 0.0231166
4.3 0.0226501
4.31 0.0222546
4.32 0.0219063
4.33 0.0215477
4.34 0.0211295
4.35 0.0206415
4.36 0.0201158
4.37 0.0196059
4.38 0.0191557
4.39 0.0187782
4.4 0.0184491
4.41 0.0181222
4.42 0.0177588
4.43 0.0173593
4.44 0.0169799
4.45 0.0167233
4.46 0.0167065
4.47 0.0170159
4.48 0.0176706
4.49 0.0186082
4.5 0.0197002
4.51 0.0207919
4.52 0.0217537
4.53 0.0225174
4.54 0.0230773
4.55 0.0234579
4.56 0.0236701
4.57 0.0236855
4.58 0.0234499
4.59 0.0229297
4.6 0.02216
4.61 0.0212607
4.62 0.0204033
4.63 0.0197414
4.64 0.0193408
4.65 0.0191489
4.66 0.0190183
4.67 0.0187742
4.68 0.0182901
4.69 0.0175384
4.7 0.0165958
4.71 0.0156033
4.72 0.0147066
4.73 0.0140045
4.74 0.0135288
4.75 0.0132553
4.76 0.0131275
4.77 0.0130739
4.78 0.0130141
4.79 0.0128618
4.8 0.0125365
4.81 0.011988
4.82 0.0112218
4.83 0.0103116
4.84 0.0093874
4.85 0.0085986
4.86 0.00806636
4.87 0.0078468
4.88 0.00792308
4.89 0.00823061
4.9 0.00870112
4.91 0.00929976
4.92 0.0100344
4.93 0.0109327
4.94 0.012004
4.95 0.0132098
4.96 0.0144615
4.97 0.0156477
4.98 0.016671
4.99 0.0174753
5 0.0180504
5.01 0.0184109
5.02 0.0185621
5.03 0.0184709
5.04 0.0180741
5.05 0.0173223
5.06 0.0162011
5.07 0.0147271
5.08 0.0129447
5.09 0.0109289
5.1 0.00879239
5.11 0.00669312
5.12 0.00476481
5.13 0.00303866
5.14 0.00151471
5.15 0.000258411
5.16 -0.000612796
5.17 -0.00100741
5.18 -0.000897971
5.19 -0.000306607
5.2 0.000686664
5.21 0.00195857
5.22 0.00341403
5.23 0.0050506
5.24 0.00696305
5.25 0.00926542
5.26 0.0119638
5.27 0.0148682
5.28 0.0176323
5.29 0.0199167
5.3 0.0215424
5.31 0.0225
5.32 0.0228561
5.33 0.0227037
5.34 0.0221777
5.35 0.0214607
5.36 0.020748
5.37 0.0201884
5.38 0.0198251
5.39 0.019597
5.4 0.0194239
5.41 0.0192694
5.42 0.0191351
5.43 0.0190181
5.44 0.0188766
5.45 0.0186547
5.46 0.0183352
5.47 0.0179726
5.48 0.0176865
5.49 0.0176249
5.5 0.0179161
5.51 0.0186262
5.52 0.0197399
5.53 0.02118
5.54 0.0228477
5.55 0.0246587
5.56 0.0265544
5.57 0.0284751
5.58 0.0303233
5.59 0.0319777
5.6 0.0333258
5.61 0.0342544
5.62 0.0346542
5.63 0.0344859
5.64 0.033841
5.65 0.0329263
5.66 0.031978
5.67 0.0311542
5.68 0.0304659
5.69 0.0297824
5.7 0.0289065
5.71 0.0276768
5.72 0.0260432
5.73 0.0240772
5.74 0.0219204
5.75 0.0197073
5.76 0.0175179
5.77 0.0153685
5.78 0.0132124
5.79 0.0109783
5.8 0.00866565
5.81 0.00639181
5.82 0.00435444
5.83 0.00275562
5.84 0.00172609
5.85 0.00128436
5.86 0.00133334
5.87 0.00170182
5.88 0.00224247
5.89 0.00292168
5.9 0.00381819
5.91 0.00502821
5.92 0.00654803
5.93 0.0082202
5.94 0.00978741
5.95 0.011026
5.96 0.0118756
5.97 0.0124812
5.98 0.0131179
5.99 0.0140416
6 0.0153457
6.01 0.0169063
6.02 0.0184427
6.03 0.0196487
6.04 0.0203321
6.05 0.0205075
6.06 0.0203749
6.07 0.0201932
6.08 0.0201374
6.09 0.0202288
6.1 0.0203656
6.11 0.0204035
6.12 0.0202354
6.13 0.0198487
6.14 0.0193389
6.15 0.0188704
6.16 0.0186025
6.17 0.018617
6.18 0.0188804
6.19 0.019258
6.2 0.0195766
6.21 0.0196987
6.22 0.0195714
6.23 0.0192289
6.24 0.0187567
6.25 0.0182427
6.26 0.0177445
6.27 0.0172855
6.28 0.0168751
6.29 0.0165288
6.3 0.0162704
6.31 0.016114
