0.02 1.0172e-009
0.04 7.82844e-010
0.06 -1.03907e-007
0.08 -7.08811e-007
0.1 -2.19494e-006
0.12 -3.49615e-006
0.14 -4.56184e-007
0.16 1.37618e-005
0.18 4.52256e-005
0.2 9.48315e-005
0.22 0.000155962
0.24 0.000214993
0.26 0.000254211
0.28 0.000257125
0.3 0.000214302
0.32 0.000126602
0.34 5.82423e-006
0.36 -0.000125634
0.38 -0.000238186
0.4 -0.000303878
0.42 -0.000306979
0.44 -0.000249407
0.46 -0.000148298
0.48 -2.98319e-005
0.5 7.46064e-005
0.52 0.000131659
0.54 0.000118424
0.56 4.15251e-005
0.58 -6.01565e-005
0.6 -0.000138755
0.62 -0.000160559
0.64 -0.000107306
0.66 2.60026e-005
0.68 0.000220091
0.7 0.000431514
0.72 0.000621798
0.74 0.000780211
0.76 0.000904334
0.78 0.000974581
0.8 0.00097483
0.82 0.000925355
0.84 0.000863472
0.86 0.000799017
0.88 0.000722362
0.9 0.000654025
0.92 0.000646344
0.94 0.000719474
0.96 0.000823278
0.98 0.000883447
1 0.000865091
1.02 0.000768006
1.04 0.000578671
1.06 0.000265295
1.08 -0.000173295
1.1 -0.000679032
1.12 -0.00116804
1.14 -0.0015778
1.16 -0.00186998
1.18 -0.00201124
1.2 -0.00199212
1.22 -0.00186965
1.24 -0.00175056
1.26 -0.00170474
1.28 -0.0017203
1.3 -0.00176927
1.32 -0.00187763
1.34 -0.0020706
1.36 -0.00226902
1.38 -0.00232062
1.4 -0.0021494
1.42 -0.00180695
1.44 -0.001359
1.46 -0.000804843
1.48 -0.000159045
1.5 0.00046224
1.52 0.00092087
1.54 0.00118423
1.56 0.00129341
1.58 0.00124019
1.6 0.000982884
1.62 0.00058422
1.64 0.000223719
1.66 3.33281e-005
1.68 8.31832e-007
1.7 7.44126e-005
1.72 0.000269003
1.74 0.00058531
1.76 0.00089033
1.78 0.000995047
1.8 0.000838085
1.82 0.000492246
1.84 -5.70058e-006
1.86 -0.000708491
1.88 -0.00159657
1.9 -0.00246475
1.92 -0.00305183
1.94 -0.00323199
1.96 -0.00302006
1.98 -0.00246371
2 -0.00164612
2.02 -0.000768474
2.04 -9.19541e-005
2.06 0.000254262
2.08 0.000336267
2.1 0.00025799
2.12 2.36126e-005
2.14 -0.000388421
2.16 -0.000883822
2.18 -0.00126737
2.2 -0.00137724
2.22 -0.0011495
2.24 -0.000585296
2.26 0.000249568
2.28 0.00116591
2.3 0.00186638
2.32 0.00210229
2.34 0.00183595
2.36 0.00124201
2.38 0.000572468
2.4 3.85718e-005
2.42 -0.000218901
2.44 -0.000130165
2.46 0.000276051
2.48 0.000860698
2.5 0.00144646
2.52 0.00193182
2.54 0.0023155
2.56 0.00258904
2.58 0.00262477
2.6 0.00220091
2.62 0.00115005
2.64 -0.000495905
2.66 -0.00245499
2.68 -0.00425176
2.7 -0.00536834
2.72 -0.00545936
2.74 -0.00453951
2.76 -0.00300993
2.78 -0.00146401
2.8 -0.000382323
2.82 6.8546e-005
2.84 3.26543e-006
2.86 -0.000376646
2.88 -0.000951343
2.9 -0.00170223
2.92 -0.0026085
2.94 -0.00354032
2.96 -0.00424474
2.98 -0.00442657
3 -0.00387121
3.02 -0.00257102
3.04 -0.000810606
3.06 0.000884826
3.08 0.00198741
3.1 0.00225924
3.12 0.00187966
3.14 0.00133417
3.16 0.00118532
3.18 0.00186818
3.2 0.00356441
3.22 0.00611678
3.24 0.0089696
3.25 0.010279
3.26 0.0113505
3.27 0.0121186
3.28 0.012568
3.29 0.0127354
3.3 0.0126996
3.31 0.0125618
3.32 0.0124207
3.33 0.012343
3.34 0.0123497
3.35 0.0124391
3.36 0.0126103
3.37 0.0128654
3.38 0.0132031
3.39 0.0136123
3.4 0.0140679
3.41 0.0145198
3.42 0.0148897
3.43 0.0150902
3.44 0.0150579
3.45 0.014782
3.46 0.0142993
3.47 0.0136587
3.48 0.0129081
3.49 0.0121043
3.5 0.0113169
3.51 0.0106208
3.52 0.0100902
3.53 0.00979607
3.54 0.0098029
3.55 0.0101615
3.56 0.0108968
3.57 0.011994
3.58 0.013361
3.59 0.0147911
3.6 0.0159889
3.61 0.0166495
3.62 0.0165361
3.63 0.0155248
3.64 0.0136088
3.65 0.0108733
3.66 0.00746356
3.67 0.00355602
3.68 -0.000657471
3.69 -0.00496804
3.7 -0.00914566
3.71 -0.0129492
3.72 -0.0161698
3.73 -0.0187
3.74 -0.0205496
3.75 -0.0218047
3.76 -0.0226014
3.77 -0.0231139
3.78 -0.0235348
3.79 -0.0240222
3.8 -0.0246464
3.81 -0.025417
3.82 -0.0263331
3.83 -0.0273918
3.84 -0.0285821
3.85 -0.0298736
3.86 -0.0312136
3.87 -0.032541
3.88 -0.0338058
3.89 -0.034982
3.9 -0.0360678
3.91 -0.0370747
3.92 -0.038009
3.93 -0.0388596
3.94 -0.0396024
3.95 -0.0402118
3.96 -0.0406663
3.97 -0.0409538
3.98 -0.0410739
3.99 -0.041037
4 -0.0408594
4.01 -0.0405607
4.02 -0.0401586
4.03 -0.039652
4.04 -0.0389995
4.05 -0.0381162
4.06 -0.0368963
4.07 -0.0352465
4.08 -0.03312
4.09 -0.030539
4.1 -0.0275991
4.11 -0.0244555
4.12 -0.0212925
4.13 -0.0182842
4.14 -0.0155726
4.15 -0.0132573
4.16 -0.0113889
4.17 -0.00997247
4.18 -0.00897937
4.19 -0.00835496
4.2 -0.00801852
4.21 -0.00786468
4.22 -0.00777398
4.23 -0.00763049
4.24 -0.00734423
4.25 -0.00687136
4.26 -0.00623017
4.27 -0.00550753
4.28 -0.00484097
4.29 -0.00437968
4.3 -0.00424319
4.31 -0.00449736
4.32 -0.00514871
4.33 -0.00615045
4.34 -0.00741985
4.35 -0.00885824
4.36 -0.0103648
4.37 -0.0118442
4.38 -0.0132067
4.39 -0.0143654
4.4 -0.0152375
4.41 -0.015759
4.42 -0.0159047
4.43 -0.0157018
4.44 -0.0152294
4.45 -0.0146026
4.46 -0.0139424
4.47 -0.0133426
4.48 -0.0128441
4.49 -0.0124276
4.5 -0.0120274
4.51 -0.0115644
4.52 -0.0109803
4.53 -0.0102569
4.54 -0.00941824
4.55 -0.00851839
4.56 -0.00762488
4.57 -0.0068098
4.58 -0.00614991
4.59 -0.00573244
4.6 -0.00565733
4.61 -0.00602488
4.62 -0.00690601
4.63 -0.00830493
4.64 -0.0101319
4.65 -0.0122032
4.66 -0.0142749
4.67 -0.0160969
4.68 -0.0174697
4.69 -0.0182861
4.7 -0.0185453
4.71 -0.0183367
4.72 -0.017805
4.73 -0.01711
4.74 -0.0163962
4.75 -0.0157749
4.76 -0.0153199
4.77 -0.015068
4.78 -0.0150248
4.79 -0.0151735
4.8 -0.0154882
4.81 -0.0159492
4.82 -0.0165551
4.83 -0.0173237
4.84 -0.0182798
4.85 -0.0194327
4.86 -0.0207519
4.87 -0.0221544
4.88 -0.0235075
4.89 -0.0246496
4.9 -0.0254219
4.91 -0.0256981
4.92 -0.0254033
4.93 -0.0245163
4.94 -0.0230621
4.95 -0.0211023
4.96 -0.0187315
4.97 -0.0160793
4.98 -0.0133101
4.99 -0.0106177
5 -0.00821197
5.01 -0.00629461
5.02 -0.00503015
5.03 -0.00451843
5.04 -0.00479039
5.05 -0.00582605
5.06 -0.00756422
5.07 -0.00990766
5.08 -0.0127333
5.09 -0.015906
5.1 -0.0192899
5.11 -0.0227511
5.12 -0.0261263
5.13 -0.029202
5.14 -0.0317675
5.15 -0.0336712
5.16 -0.0348259
5.17 -0.0351916
5.18 -0.0347673
5.19 -0.0335941
5.2 -0.0317471
5.21 -0.029332
5.22 -0.0264963
5.23 -0.023433
5.24 -0.0203571
5.25 -0.0174529
5.26 -0.0148218
5.27 -0.0124681
5.28 -0.0103207
5.29 -0.00828746
5.3 -0.00634156
5.31 -0.00455232
5.32 -0.0030354
5.33 -0.00190933
5.34 -0.00129358
5.35 -0.00130825
5.36 -0.00204377
5.37 -0.00351128
5.38 -0.00561479
5.39 -0.00816675
5.4 -0.0109312
5.41 -0.0136672
5.42 -0.0161543
5.43 -0.0181958
5.44 -0.0196199
5.45 -0.020305
5.46 -0.0202137
5.47 -0.0194128
5.48 -0.0180634
5.49 -0.0163849
5.5 -0.0146072
5.51 -0.0129224
5.52 -0.0114527
5.53 -0.0102457
5.54 -0.00929331
5.55 -0.00856258
5.56 -0.0080075
5.57 -0.00756158
5.58 -0.00713609
5.59 -0.00665145
5.6 -0.00607047
5.61 -0.00538707
5.62 -0.00461335
5.63 -0.00380359
5.64 -0.00308147
5.65 -0.00262449
5.66 -0.00260787
5.67 -0.00314206
5.68 -0.00423351
5.69 -0.00578559
5.7 -0.00763756
5.71 -0.00962118
5.72 -0.0116099
5.73 -0.0135406
5.74 -0.015403
5.75 -0.0172126
5.76 -0.0189874
5.77 -0.0207325
5.78 -0.0224211
5.79 -0.0239998
5.8 -0.0254307
5.81 -0.0267094
5.82 -0.0278494
5.83 -0.0288633
5.84 -0.0297465
5.85 -0.0304691
5.86 -0.03097
5.87 -0.0311635
5.88 -0.0309734
5.89 -0.03037
5.9 -0.029376
5.91 -0.0280391
5.92 -0.0263967
5.93 -0.0244645
5.94 -0.0222604
5.95 -0.0198521
5.96 -0.0173912
5.97 -0.0151051
5.98 -0.0132433
5.99 -0.0119979
6 -0.0114346
6.01 -0.0114681
6.02 -0.0118972
6.03 -0.0124884
6.04 -0.0130685
6.05 -0.0135701
6.06 -0.0140198
6.07 -0.0144846
6.08 -0.0150065
6.09 -0.0155664
6.1 -0.0160926
6.11 -0.0164987
6.12 -0.0167263
6.13 -0.0167734
6.14 -0.016698
6.15 -0.0165939
6.16 -0.01655
6.17 -0.0166113
6.18 -0.0167603
6.19 -0.0169265
6.2 -0.01702
6.21 -0.0169721
6.22 -0.0167654
6.23 -0.0164404
6.24 -0.0160808
6.25 -0.0157863
6.26 -0.0156469
6.27 -0.0157269
6.28 -0.0160588
6.29 -0.016643
6.3 -0.0174472
6.31 -0.0184049
