0.02 -1.96678e-007
0.04 1.59947e-006
0.06 9.26227e-006
0.08 2.38332e-005
0.1 4.45059e-005
0.12 6.76769e-005
0.14 8.91651e-005
0.16 0.000103906
0.18 0.000104356
0.2 8.89962e-005
0.22 6.26004e-005
0.24 2.63998e-005
0.26 -1.52408e-005
0.28 -4.46403e-005
0.3 -5.14371e-005
0.32 -3.90102e-005
0.34 -1.22725e-005
0.36 2.37686e-005
0.38 5.43849e-005
0.4 6.78629e-005
0.42 5.79483e-005
0.44 1.38865e-005
0.46 -5.70995e-005
0.48 -0.000118634
0.5 -0.000141638
0.52 -0.000142472
0.54 -0.000113797
0.56 -2.99888e-005
0.58 9.26309e-005
0.6 0.000193317
0.62 0.000262196
0.64 0.000343406
0.66 0.000409872
0.68 0.00043185
0.7 0.000400716
0.72 0.000390355
0.74 0.000450868
0.76 0.000489377
0.78 0.000498144
0.8 0.000547923
0.82 0.000651035
0.84 0.000750391
0.86 0.000800435
0.88 0.000816336
0.9 0.00081099
0.92 0.000767684
0.94 0.000660211
0.96 0.000496115
0.98 0.000304386
1 9.34675e-005
1.02 -0.00011887
1.04 -0.000297032
1.06 -0.000422827
1.08 -0.000505075
1.1 -0.000558917
1.12 -0.000616404
1.14 -0.000730649
1.16 -0.000901084
1.18 -0.00107527
1.2 -0.0012398
1.22 -0.00145476
1.24 -0.00172552
1.26 -0.00192051
1.28 -0.00193523
1.3 -0.00183336
1.32 -0.00172739
1.34 -0.0015769
1.36 -0.00130452
1.38 -0.00100284
1.4 -0.000806984
1.42 -0.000693338
1.44 -0.000559774
1.46 -0.000426281
1.48 -0.000398517
1.5 -0.000461049
1.52 -0.000441709
1.54 -0.000265184
1.56 -6.82229e-005
1.58 6.99792e-005
1.6 0.000248433
1.62 0.000525718
1.64 0.000781968
1.66 0.000865333
1.68 0.000781793
1.7 0.000648133
1.72 0.000490566
1.74 0.000210372
1.76 -0.000212691
1.78 -0.000618311
1.8 -0.000863901
1.82 -0.000993455
1.84 -0.00106759
1.86 -0.00102139
1.88 -0.000821935
1.9 -0.000588671
1.92 -0.000493725
1.94 -0.000564106
1.96 -0.000681538
1.98 -0.000795187
2 -0.000981386
2.02 -0.00126202
2.04 -0.00148424
2.06 -0.00151582
2.08 -0.00139815
2.1 -0.00118913
2.12 -0.000842612
2.14 -0.000354458
2.16 0.000130571
2.18 0.00045836
2.2 0.000603993
2.22 0.000601018
2.24 0.000450047
2.26 0.00020066
2.28 -5.46637e-005
2.3 -0.000209275
2.32 -0.000162222
2.34 6.39124e-005
2.36 0.000410948
2.38 0.000848146
2.4 0.00125224
2.42 0.0015112
2.44 0.00162583
2.46 0.00161083
2.48 0.00143712
2.5 0.00107907
2.52 0.000568281
2.54 -4.46443e-005
2.56 -0.000665892
2.58 -0.00112487
2.6 -0.00129026
2.62 -0.00117066
2.64 -0.000853389
2.66 -0.000476464
2.68 -0.000212892
2.7 -0.000185321
2.72 -0.000425981
2.74 -0.000871412
2.76 -0.0014547
2.78 -0.00210808
2.8 -0.00271574
2.82 -0.00315914
2.84 -0.00331367
2.86 -0.00310692
2.88 -0.00261274
2.9 -0.00198805
2.92 -0.0013358
2.94 -0.000737967
2.96 -0.0003452
2.98 -0.000263342
3 -0.000413354
3.02 -0.00063623
3.04 -0.000824161
3.06 -0.000798678
3.08 -0.000331243
3.1 0.000658531
3.12 0.00209204
3.14 0.00381975
3.16 0.00571117
3.18 0.00770958
3.2 0.0098538
3.22 0.0121893
3.24 0.0146598
3.25 0.0159209
3.26 0.0172057
3.27 0.0185304
3.28 0.0198906
3.29 0.0212613
3.3 0.0226041
3.31 0.0238961
3.32 0.0251559
3.33 0.0264337
3.34 0.0277924
3.35 0.0292883
3.36 0.030956
3.37 0.0327934
3.38 0.0347597
3.39 0.036798
3.4 0.0388593
3.41 0.0409149
3.42 0.0429588
3.43 0.0449817
3.44 0.0469382
3.45 0.0487576
3.46 0.0503638
3.47 0.0516885
3.48 0.0526832
3.49 0.0533157
3.5 0.053563
3.51 0.0534241
3.52 0.052937
3.53 0.0521795
3.54 0.0512554
3.55 0.0502482
3.56 0.0491828
3.57 0.0480392
3.58 0.0467923
3.59 0.0454562
3.6 0.0440888
3.61 0.0427697
3.62 0.0415761
3.63 0.0405476
3.64 0.039687
3.65 0.0389699
3.66 0.0383632
3.67 0.0378616
3.68 0.0374796
3.69 0.037227
3.7 0.0370728
3.71 0.036952
3.72 0.0368138
3.73 0.0366084
3.74 0.0362733
3.75 0.0357601
3.76 0.0350442
3.77 0.0341276
3.78 0.0330488
3.79 0.0318553
3.8 0.0305675
3.81 0.0291975
3.82 0.0277795
3.83 0.0263605
3.84 0.0249834
3.85 0.0236773
3.86 0.0224568
3.87 0.0213345
3.88 0.0203331
3.89 0.0194848
3.9 0.0188201
3.91 0.0183592
3.92 0.0181003
3.93 0.0180282
3.94 0.018135
3.95 0.0184139
3.96 0.0188583
3.97 0.0194585
3.98 0.0202044
3.99 0.0210972
4 0.0221487
4.01 0.0233343
4.02 0.0245501
4.03 0.0256719
4.04 0.0266157
4.05 0.027354
4.06 0.0279334
4.07 0.0284343
4.08 0.0289248
4.09 0.0294587
4.1 0.0300709
4.11 0.0307759
4.12 0.0315717
4.13 0.0324363
4.14 0.0333304
4.15 0.0341912
4.16 0.0349255
4.17 0.0354583
4.18 0.0357805
4.19 0.0359569
4.2 0.0361106
4.21 0.0363693
4.22 0.0368117
4.23 0.0374486
4.24 0.038233
4.25 0.0391115
4.26 0.0400697
4.27 0.041119
4.28 0.0422752
4.29 0.0435468
4.3 0.0449185
4.31 0.0463458
4.32 0.0477705
4.33 0.0491371
4.34 0.0504087
4.35 0.051579
4.36 0.0526641
4.37 0.053689
4.38 0.0546747
4.39 0.0556368
4.4 0.056593
4.41 0.0575425
4.42 0.058451
4.43 0.0592645
4.44 0.0599233
4.45 0.0603845
4.46 0.060634
4.47 0.0606848
4.48 0.0605758
4.49 0.0603475
4.5 0.0600178
4.51 0.0595878
4.52 0.0590598
4.53 0.0584585
4.54 0.0578341
4.55 0.05726
4.56 0.0568183
4.57 0.0565588
4.58 0.0564927
4.59 0.0565911
4.6 0.0567956
4.61 0.0570574
4.62 0.0573455
4.63 0.057641
4.64 0.057919
4.65 0.0581476
4.66 0.058307
4.67 0.0583847
4.68 0.0583737
4.69 0.0582779
4.7 0.0581002
4.71 0.0578336
4.72 0.0574539
4.73 0.0569085
4.74 0.0561293
4.75 0.0550963
4.76 0.0538934
4.77 0.0526776
4.78 0.0516235
4.79 0.0508723
4.8 0.0504901
4.81 0.0504737
4.82 0.0507733
4.83 0.0513138
4.84 0.0520115
4.85 0.0528019
4.86 0.053658
4.87 0.0545543
4.88 0.0554425
4.89 0.0562517
4.9 0.056899
4.91 0.057319
4.92 0.0574763
4.93 0.0573642
4.94 0.0569931
4.95 0.0563752
4.96 0.0555266
4.97 0.0544712
4.98 0.053254
4.99 0.0519459
5 0.0506342
5.01 0.0494089
5.02 0.0483419
5.03 0.0474772
5.04 0.0468338
5.05 0.0464486
5.06 0.0464219
5.07 0.0468677
5.08 0.0478407
5.09 0.0493006
5.1 0.0511078
5.11 0.0530709
5.12 0.0549852
5.13 0.0566758
5.14 0.0580626
5.15 0.059181
5.16 0.0601559
5.17 0.0611217
5.18 0.0621479
5.19 0.0632145
5.2 0.0642092
5.21 0.0649554
5.22 0.0652709
5.23 0.0650503
5.24 0.0643321
5.25 0.0632932
5.26 0.0621619
5.27 0.0611061
5.28 0.0602016
5.29 0.0594876
5.3 0.0590195
5.31 0.0588605
5.32 0.0590445
5.33 0.0595621
5.34 0.0603701
5.35 0.0614165
5.36 0.0626573
5.37 0.0640445
5.38 0.0655093
5.39 0.0669804
5.4 0.0684365
5.41 0.0699151
5.42 0.0714643
5.43 0.0730895
5.44 0.0747254
5.45 0.0762921
5.46 0.0777578
5.47 0.0791227
5.48 0.0804043
5.49 0.0816048
5.5 0.0826831
5.51 0.0835677
5.52 0.0841767
5.53 0.0844446
5.54 0.0843434
5.55 0.0839069
5.56 0.0832479
5.57 0.0825297
5.58 0.0819087
5.59 0.0814873
5.6 0.081289
5.61 0.0812626
5.62 0.0813085
5.63 0.0813218
5.64 0.0812359
5.65 0.0810354
5.66 0.0807327
5.67 0.0803471
5.68 0.0798971
5.69 0.0793834
5.7 0.0788023
5.71 0.0781719
5.72 0.0775382
5.73 0.0769877
5.74 0.0766262
5.75 0.0765271
5.76 0.0767066
5.77 0.0771034
5.78 0.0775931
5.79 0.0780413
5.8 0.0783575
5.81 0.0785723
5.82 0.078839
5.83 0.0793224
5.84 0.0800871
5.85 0.0810434
5.86 0.0819637
5.87 0.0825857
5.88 0.0827427
5.89 0.0824373
5.9 0.0818307
5.91 0.0811634
5.92 0.0806512
5.93 0.0803919
5.94 0.0803528
5.95 0.0804355
5.96 0.0805574
5.97 0.0807073
5.98 0.0809307
5.99 0.0812882
6 0.0818086
6.01 0.0824521
6.02 0.0831336
6.03 0.083764
6.04 0.0842922
6.05 0.0847626
6.06 0.0853104
6.07 0.0860704
6.08 0.0870812
6.09 0.0882688
6.1 0.0895078
6.11 0.0906801
6.12 0.0916949
6.13 0.0924953
6.14 0.0930622
6.15 0.0934093
6.16 0.0935602
6.17 0.0935316
6.18 0.093334
6.19 0.0929812
6.2 0.0925123
6.21 0.0919943
6.22 0.0915067
6.23 0.0911296
6.24 0.0909182
6.25 0.0908755
6.26 0.0909481
6.27 0.0910506
6.28 0.0911065
6.29 0.0910889
6.3 0.0910371
6.31 0.0910256
