0.02 0.00302521 0.00302521 0.00302521 0.00302521 0.00302521 0.00302521 0.00302521 0.00302521 0.00302521
0.04 -0.026845 -0.026845 -0.026845 -0.026845 -0.026845 -0.026845 -0.026845 -0.026845 -0.026845
0.06 -0.120081 -0.120081 -0.120081 -0.120081 -0.120081 -0.120081 -0.120081 -0.120081 -0.120081
0.08 -0.191782 -0.191782 -0.191782 -0.191782 -0.191782 -0.191782 -0.191782 -0.191782 -0.191782
0.1 0.0901221 0.0901221 0.0901221 0.0901221 0.0901221 0.0901221 0.0901221 0.0901221 0.0901221
0.12 1.0388 1.0388 1.0388 1.0388 1.0388 1.0388 1.0388 1.0388 1.0388
0.14 2.21378 2.21378 2.21378 2.21378 2.21378 2.21378 2.21378 2.21378 2.21378
0.16 2.32103 2.32103 2.32103 2.32103 2.32103 2.32103 2.32103 2.32103 2.32103
0.18 -0.104893 -0.104893 -0.104893 -0.104893 -0.104893 -0.104893 -0.104893 -0.104893 -0.104893
0.2 -5.61713 -5.61713 -5.61713 -5.61713 -5.61713 -5.61713 -5.61713 -5.61713 -5.61713
0.22 -13.5017 -13.5017 -13.5017 -13.5017 -13.5017 -13.5017 -13.5017 -13.5017 -13.5017
0.24 -21.9958 -21.9958 -21.9958 -21.9958 -21.9958 -21.9958 -21.9958 -21.9958 -21.9958
0.26 -28.575 -28.575 -28.575 -28.575 -28.575 -28.575 -28.575 -28.575 -28.575
0.28 -30.6191 -30.6191 -30.6191 -30.6191 -30.6191 -30.6191 -30.6191 -30.6191 -30.6191
0.3 -26.6296 -26.6296 -26.6296 -26.6296 -26.6296 -26.6296 -26.6296 -26.6296 -26.6296
0.32 -16.6994 -16.6994 -16.6994 -16.6994 -16.6994 -16.6994 -16.6994 -16.6994 -16.6994
0.34 -1.87194 -1.87194 -1.87194 -1.87194 -1.87194 -1.87194 -1.87194 -1.87194 -1.87194
0.36 15.3143 15.3143 15.3143 15.3143 15.3143 15.3143 15.3143 15.3143 15.3143
0.38 30.5371 30.5371 30.5371 30.5371 30.5371 30.5371 30.5371 30.5371 30.5371
0.4 39.0299 39.0299 39.0299 39.0299 39.0299 39.0299 39.0299 39.0299 39.0299
0.42 38.497 38.497 38.497 38.497 38.497 38.497 38.497 38.497 38.497
0.44 29.7365 29.7365 29.7365 29.7365 29.7365 29.7365 29.7365 29.7365 29.7365
0.46 15.5727 15.5727 15.5727 15.5727 15.5727 15.5727 15.5727 15.5727 15.5727
0.48 -1.068 -1.068 -1.068 -1.068 -1.068 -1.068 -1.068 -1.068 -1.068
0.5 -16.9513 -16.9513 -16.9513 -16.9513 -16.9513 -16.9513 -16.9513 -16.9513 -16.9513
0.52 -26.6356 -26.6356 -26.6356 -26.6356 -26.6356 -26.6356 -26.6356 -26.6356 -26.6356
0.54 -24.1631 -24.1631 -24.1631 -24.1631 -24.1631 -24.1631 -24.1631 -24.1631 -24.1631
0.56 -9.05651 -9.05651 -9.05651 -9.05651 -9.05651 -9.05651 -9.05651 -9.05651 -9.05651
0.58 9.81003 9.81003 9.81003 9.81003 9.81003 9.81003 9.81003 9.81003 9.81003
0.6 23.3384 23.3384 23.3384 23.3384 23.3384 23.3384 23.3384 23.3384 23.3384
0.62 28.5111 28.5111 28.5111 28.5111 28.5111 28.5111 28.5111 28.5111 28.5111
0.64 25.2217 25.2217 25.2217 25.2217 25.2217 25.2217 25.2217 25.2217 25.2217
0.66 10.1811 10.1811 10.1811 10.1811 10.1811 10.1811 10.1811 10.1811 10.1811
0.68 -15.8557 -15.8557 -15.8557 -15.8557 -15.8557 -15.8557 -15.8557 -15.8557 -15.8557
0.7 -41.8405 -41.8405 -41.8405 -41.8405 -41.8405 -41.8405 -41.8405 -41.8405 -41.8405
0.72 -59.6416 -59.6416 -59.6416 -59.6416 -59.6416 -59.6416 -59.6416 -59.6416 -59.6416
0.74 -72.3206 -72.3206 -72.3206 -72.3206 -72.3206 -72.3206 -72.3206 -72.3206 -72.3206
0.76 -86.6313 -86.6313 -86.6313 -86.6313 -86.6313 -86.6313 -86.6313 -86.6313 -86.6313
0.78 -96.2747 -96.2747 -96.2747 -96.2747 -96.2747 -96.2747 -96.2747 -96.2747 -96.2747
0.8 -90.9132 -90.9132 -90.9132 -90.9132 -90.9132 -90.9132 -90.9132 -90.9132 -90.9132
0.82 -77.3115 -77.3115 -77.3115 -77.3115 -77.3115 -77.3115 -77.3115 -77.3115 -77.3115
0.84 -69.8717 -69.8717 -69.8717 -69.8717 -69.8717 -69.8717 -69.8717 -69.8717 -69.8717
0.86 -67.5052 -67.5052 -67.5052 -67.5052 -67.5052 -67.5052 -67.5052 -67.5052 -67.5052
0.88 -56.6235 -56.6235 -56.6235 -56.6235 -56.6235 -56.6235 -56.6235 -56.6235 -56.6235
0.9 -38.4211 -38.4211 -38.4211 -38.4211 -38.4211 -38.4211 -38.4211 -38.4211 -38.4211
0.92 -33.0022 -33.0022 -33.0022 -33.0022 -33.0022 -33.0022 -33.0022 -33.0022 -33.0022
0.94 -50.8672 -50.8672 -50.8672 -50.8672 -50.8672 -50.8672 -50.8672 -50.8672 -50.8672
0.96 -76.1635 -76.1635 -76.1635 -76.1635 -76.1635 -76.1635 -76.1635 -76.1635 -76.1635
0.98 -87.5156 -87.5156 -87.5156 -87.5156 -87.5156 -87.5156 -87.5156 -87.5156 -87.5156
1 -84.3269 -84.3269 -84.3269 -84.3269 -84.3269 -84.3269 -84.3269 -84.3269 -84.3269
1.02 -78.91 -78.91 -78.91 -78.91 -78.91 -78.91 -78.91 -78.91 -78.91
1.04 -70.7048 -70.7048 -70.7048 -70.7048 -70.7048 -70.7048 -70.7048 -70.7048 -70.7048
1.06 -44.8601 -44.8601 -44.8601 -44.8601 -44.8601 -44.8601 -44.8601 -44.8601 -44.8601
1.08 5.02957 5.02957 5.02957 5.02957 5.02957 5.02957 5.02957 5.02957 5.02957
1.1 65.2766 65.2766 65.2766 65.2766 65.2766 65.2766 65.2766 65.2766 65.2766
1.12 118.048 118.048 118.048 118.048 118.048 118.048 118.048 118.048 118.048
1.14 158.568 158.568 158.568 158.568 158.568 158.568 158.568 158.568 158.568
1.16 189.011 189.011 189.011 189.011 189.011 189.011 189.011 189.011 189.011
1.18 202.323 202.323 202.323 202.323 202.323 202.323 202.323 202.323 202.323
1.2 187.103 187.103 187.103 187.103 187.103 187.103 187.103 187.103 187.103
1.22 151.824 151.824 151.824 151.824 151.824 151.824 151.824 151.824 151.824
1.24 125.643 125.643 125.643 125.643 125.643 125.643 125.643 125.643 125.643
1.26 125.065 125.065 125.065 125.065 125.065 125.065 125.065 125.065 125.065
1.28 133.028 133.028 133.028 133.028 133.028 133.028 133.028 133.028 133.028
1.3 130.013 130.013 130.013 130.013 130.013 130.013 130.013 130.013 130.013
1.32 131.389 131.389 131.389 131.389 131.389 131.389 131.389 131.389 131.389
1.34 164.52 164.52 164.52 164.52 164.52 164.52 164.52 164.52 164.52
1.36 215.631 215.631 215.631 215.631 215.631 215.631 215.631 215.631 215.631
1.38 235.729 235.729 235.729 235.729 235.729 235.729 235.729 235.729 235.729
1.4 206.79 206.79 206.79 206.79 206.79 206.79 206.79 206.79 206.79
1.42 162.207 162.207 162.207 162.207 162.207 162.207 162.207 162.207 162.207
1.44 127.169 127.169 127.169 127.169 127.169 127.169 127.169 127.169 127.169
1.46 80.0213 80.0213 80.0213 80.0213 80.0213 80.0213 80.0213 80.0213 80.0213
1.48 0.00259374 0.00259374 0.00259374 0.00259374 0.00259374 0.00259374 0.00259374 0.00259374 0.00259374
1.5 -82.7898 -82.7898 -82.7898 -82.7898 -82.7898 -82.7898 -82.7898 -82.7898 -82.7898
1.52 -125.163 -125.163 -125.163 -125.163 -125.163 -125.163 -125.163 -125.163 -125.163
1.54 -133.314 -133.314 -133.314 -133.314 -133.314 -133.314 -133.314 -133.314 -133.314
1.56 -142.678 -142.678 -142.678 -142.678 -142.678 -142.678 -142.678 -142.678 -142.678
1.58 -148.771 -148.771 -148.771 -148.771 -148.771 -148.771 -148.771 -148.771 -148.771
1.6 -112.748 -112.748 -112.748 -112.748 -112.748 -112.748 -112.748 -112.748 -112.748
1.62 -36.771 -36.771 -36.771 -36.771 -36.771 -36.771 -36.771 -36.771 -36.771
1.64 23.0806 23.0806 23.0806 23.0806 23.0806 23.0806 23.0806 23.0806 23.0806
1.66 33.096 33.096 33.096 33.096 33.096 33.096 33.096 33.096 33.096
1.68 22.2078 22.2078 22.2078 22.2078 22.2078 22.2078 22.2078 22.2078 22.2078
1.7 21.3599 21.3599 21.3599 21.3599 21.3599 21.3599 21.3599 21.3599 21.3599
1.72 7.94853 7.94853 7.94853 7.94853 7.94853 7.94853 7.94853 7.94853 7.94853
1.74 -48.5217 -48.5217 -48.5217 -48.5217 -48.5217 -48.5217 -48.5217 -48.5217 -48.5217
1.76 -117.475 -117.475 -117.475 -117.475 -117.475 -117.475 -117.475 -117.475 -117.475
1.78 -137.833 -137.833 -137.833 -137.833 -137.833 -137.833 -137.833 -137.833 -137.833
1.8 -104.187 -104.187 -104.187 -104.187 -104.187 -104.187 -104.187 -104.187 -104.187
1.82 -65.9871 -65.9871 -65.9871 -65.9871 -65.9871 -65.9871 -65.9871 -65.9871 -65.9871
1.84 -39.3304 -39.3304 -39.3304 -39.3304 -39.3304 -39.3304 -39.3304 -39.3304 -39.3304
1.86 21.2911 21.2911 21.2911 21.2911 21.2911 21.2911 21.2911 21.2911 21.2911
1.88 141.564 141.564 141.564 141.564 141.564 141.564 141.564 141.564 141.564
1.9 271.029 271.029 271.029 271.029 271.029 271.029 271.029 271.029 271.029
1.92 342.519 342.519 342.519 342.519 342.519 342.519 342.519 342.519 342.519
1.94 348.284 348.284 348.284 348.284 348.284 348.284 348.284 348.284 348.284
1.96 318.733 318.733 318.733 318.733 318.733 318.733 318.733 318.733 318.733
1.98 255.753 255.753 255.753 255.753 255.753 255.753 255.753 255.753 255.753
2 143.044 143.044 143.044 143.044 143.044 143.044 143.044 143.044 143.044
2.02 10.1827 10.1827 10.1827 10.1827 10.1827 10.1827 10.1827 10.1827 10.1827
2.04 -74.0412 -74.0412 -74.0412 -74.0412 -74.0412 -74.0412 -74.0412 -74.0412 -74.0412
2.06 -83.9159 -83.9159 -83.9159 -83.9159 -83.9159 -83.9159 -83.9159 -83.9159 -83.9159
2.08 -64.8584 -64.8584 -64.8584 -64.8584 -64.8584 -64.8584 -64.8584 -64.8584 -64.8584
2.1 -58.5035 -58.5035 -58.5035 -58.5035 -58.5035 -58.5035 -58.5035 -58.5035 -58.5035
2.12 -44.96 -44.96 -44.96 -44.96 -44.96 -44.96 -44.96 -44.96 -44.96
2.14 12.1476 12.1476 12.1476 12.1476 12.1476 12.1476 12.1476 12.1476 12.1476
2.16 98.4527 98.4527 98.4527 98.4527 98.4527 98.4527 98.4527 98.4527 98.4527
2.18 164.151 164.151 164.151 164.151 164.151 164.151 164.151 164.151 164.151
2.2 183.429 183.429 183.429 183.429 183.429 183.429 183.429 183.429 183.429
2.22 162.99 162.99 162.99 162.99 162.99 162.99 162.99 162.99 162.99
2.24 103.437 103.437 103.437 103.437 103.437 103.437 103.437 103.437 103.437
2.26 -6.06845 -6.06845 -6.06845 -6.06845 -6.06845 -6.06845 -6.06845 -6.06845 -6.06845
2.28 -147.251 -147.251 -147.251 -147.251 -147.251 -147.251 -147.251 -147.251 -147.251
2.3 -259.233 -259.233 -259.233 -259.233 -259.233 -259.233 -259.233 -259.233 -259.233
2.32 -284.312 -284.312 -284.312 -284.312 -284.312 -284.312 -284.312 -284.312 -284.312
2.34 -220.953 -220.953 -220.953 -220.953 -220.953 -220.953 -220.953 -220.953 -220.953
2.36 -116.451 -116.451 -116.451 -116.451 -116.451 -116.451 -116.451 -116.451 -116.451
2.38 -16.4425 -16.4425 -16.4425 -16.4425 -16.4425 -16.4425 -16.4425 -16.4425 -16.4425
2.4 57.9292 57.9292 57.9292 57.9292 57.9292 57.9292 57.9292 57.9292 57.9292
2.42 94.9401 94.9401 94.9401 94.9401 94.9401 94.9401 94.9401 94.9401 94.9401
2.44 81.4699 81.4699 81.4699 81.4699 81.4699 81.4699 81.4699 81.4699 81.4699
2.46 16.2315 16.2315 16.2315 16.2315 16.2315 16.2315 16.2315 16.2315 16.2315
2.48 -72.4549 -72.4549 -72.4549 -72.4549 -72.4549 -72.4549 -72.4549 -72.4549 -72.4549
2.5 -142.963 -142.963 -142.963 -142.963 -142.963 -142.963 -142.963 -142.963 -142.963
2.52 -181.059 -181.059 -181.059 -181.059 -181.059 -181.059 -181.059 -181.059 -181.059
2.54 -211.705 -211.705 -211.705 -211.705 -211.705 -211.705 -211.705 -211.705 -211.705
2.56 -260.22 -260.22 -260.22 -260.22 -260.22 -260.22 -260.22 -260.22 -260.22
2.58 -309.52 -309.52 -309.52 -309.52 -309.52 -309.52 -309.52 -309.52 -309.52
2.6 -307.734 -307.734 -307.734 -307.734 -307.734 -307.734 -307.734 -307.734 -307.734
2.62 -210.94 -210.94 -210.94 -210.94 -210.94 -210.94 -210.94 -210.94 -210.94
2.64 -13.2894 -13.2894 -13.2894 -13.2894 -13.2894 -13.2894 -13.2894 -13.2894 -13.2894
2.66 249.659 249.659 249.659 249.659 249.659 249.659 249.659 249.659 249.659
2.68 507.014 507.014 507.014 507.014 507.014 507.014 507.014 507.014 507.014
2.7 670.253 670.253 670.253 670.253 670.253 670.253 670.253 670.253 670.253
2.72 669.981 669.981 669.981 669.981 669.981 669.981 669.981 669.981 669.981
2.74 501.834 501.834 501.834 501.834 501.834 501.834 501.834 501.834 501.834
2.76 242.86 242.86 242.86 242.86 242.86 242.86 242.86 242.86 242.86
2.78 9.50891 9.50891 9.50891 9.50891 9.50891 9.50891 9.50891 9.50891 9.50891
2.8 -114.71 -114.71 -114.71 -114.71 -114.71 -114.71 -114.71 -114.71 -114.71
2.82 -124.843 -124.843 -124.843 -124.843 -124.843 -124.843 -124.843 -124.843 -124.843
2.84 -74.2588 -74.2588 -74.2588 -74.2588 -74.2588 -74.2588 -74.2588 -74.2588 -74.2588
2.86 -15.7135 -15.7135 -15.7135 -15.7135 -15.7135 -15.7135 -15.7135 -15.7135 -15.7135
2.88 37.6664 37.6664 37.6664 37.6664 37.6664 37.6664 37.6664 37.6664 37.6664
2.9 106.477 106.477 106.477 106.477 106.477 106.477 106.477 106.477 106.477
2.92 210.717 210.717 210.717 210.717 210.717 210.717 210.717 210.717 210.717
2.94 341.699 341.699 341.699 341.699 341.699 341.699 341.699 341.699 341.699
2.96 460.897 460.897 460.897 460.897 460.897 460.897 460.897 460.897 460.897
2.98 518.566 518.566 518.566 518.566 518.566 518.566 518.566 518.566 518.566
3 471.293 471.293 471.293 471.293 471.293 471.293 471.293 471.293 471.293
3.02 300.342 300.342 300.342 300.342 300.342 300.342 300.342 300.342 300.342
3.04 39.4242 39.4242 39.4242 39.4242 39.4242 39.4242 39.4242 39.4242 39.4242
3.06 -216.37 -216.37 -216.37 -216.37 -216.37 -216.37 -216.37 -216.37 -216.37
3.08 -358.013 -358.013 -358.013 -358.013 -358.013 -358.013 -358.013 -358.013 -358.013
3.1 -339.329 -339.329 -339.329 -339.329 -339.329 -339.329 -339.329 -339.329 -339.329
3.12 -202.308 -202.308 -202.308 -202.308 -202.308 -202.308 -202.308 -202.308 -202.308
3.14 -37.3603 -37.3603 -37.3603 -37.3603 -37.3603 -37.3603 -37.3603 -37.3603 -37.3603
3.16 65.6035 65.6035 65.6035 65.6035 65.6035 65.6035 65.6035 65.6035 65.6035
3.18 22.2625 22.2625 22.2625 22.2625 22.2625 22.2625 22.2625 22.2625 22.2625
3.2 -181.573 -181.573 -181.573 -181.573 -181.573 -181.573 -181.573 -181.573 -181.573
3.22 -473.264 -473.264 -473.264 -473.264 -473.264 -473.264 -473.264 -473.264 -473.264
3.23 -602.605 -602.605 -602.605 -602.605 -602.605 -602.605 -602.605 -602.605 -602.605
3.24 -677.317 -677.317 -677.317 -677.317 -677.317 -677.317 -677.317 -677.317 -677.317
3.25 -688.766 -688.766 -688.766 -688.766 -688.766 -688.766 -688.766 -688.766 -688.766
3.26 -634.999 -634.999 -634.999 -634.999 -634.999 -634.999 -634.999 -634.999 -634.999
3.28 -408.241 -408.241 -408.241 -408.241 -408.241 -408.241 -408.241 -408.241 -408.241
3.3 -298.519 -298.519 -298.519 -298.519 -298.519 -298.519 -298.519 -298.519 -298.519
3.32 -217.214 -217.214 -217.214 -217.214 -217.214 -217.214 -217.214 -217.214 -217.214
3.34 -156.778 -156.778 -156.778 -156.778 -156.778 -156.778 -156.778 -156.778 -156.778
3.36 -108.605 -108.605 -108.605 -108.605 -108.605 -108.605 -108.605 -108.605 -108.605
3.37 -95.1402 -95.1402 -95.1402 -95.1402 -95.1402 -95.1402 -95.1402 -95.1402 -95.1402
3.38 -81.4315 -81.4315 -81.4315 -81.4315 -81.4315 -81.4315 -81.4315 -81.4315 -81.4315
3.39 -78.5366 -78.5366 -78.5366 -78.5366 -78.5366 -78.5366 -78.5366 -78.5366 -78.5366
3.4 -78.093 -78.093 -78.093 -78.093 -78.093 -78.093 -78.093 -78.093 -78.093
3.41 -87.74 -87.74 -87.74 -87.74 -87.74 -87.74 -87.74 -87.74 -87.74
3.42 -96.0126 -96.0126 -96.0126 -96.0126 -96.0126 -96.0126 -96.0126 -96.0126 -96.0126
3.43 -103.073 -103.073 -103.073 -103.073 -103.073 -103.073 -103.073 -103.073 -103.073
3.44 -99.6307 -99.6307 -99.6307 -99.6307 -99.6307 -99.6307 -99.6307 -99.6307 -99.6307
3.45 -91.7505 -91.7505 -91.7505 -91.7505 -91.7505 -91.7505 -91.7505 -91.7505 -91.7505
3.46 -71.0293 -71.0293 -71.0293 -71.0293 -71.0293 -71.0293 -71.0293 -71.0293 -71.0293
3.47 -43.5196 -43.5196 -43.5196 -43.5196 -43.5196 -43.5196 -43.5196 -43.5196 -43.5196
3.48 -2.76641 -2.76641 -2.76641 -2.76641 -2.76641 -2.76641 -2.76641 -2.76641 -2.76641
3.49 44.6835 44.6835 44.6835 44.6835 44.6835 44.6835 44.6835 44.6835 44.6835
