0.02 0.136403 0.136403 0.136403 0.136403 0.136403 0.136403 0.136403 0.136403 0.136403
0.04 -1.23543 -1.23543 -1.23543 -1.23543 -1.23543 -1.23543 -1.23543 -1.23543 -1.23543
0.06 -5.42828 -5.42828 -5.42828 -5.42828 -5.42828 -5.42828 -5.42828 -5.42828 -5.42828
0.08 -10.2624 -10.2624 -10.2624 -10.2624 -10.2624 -10.2624 -10.2624 -10.2624 -10.2624
0.1 -13.7977 -13.7977 -13.7977 -13.7977 -13.7977 -13.7977 -13.7977 -13.7977 -13.7977
0.12 -14.8382 -14.8382 -14.8382 -14.8382 -14.8382 -14.8382 -14.8382 -14.8382 -14.8382
0.14 -13.9789 -13.9789 -13.9789 -13.9789 -13.9789 -13.9789 -13.9789 -13.9789 -13.9789
0.16 -10.4608 -10.4608 -10.4608 -10.4608 -10.4608 -10.4608 -10.4608 -10.4608 -10.4608
0.18 -1.92306 -1.92306 -1.92306 -1.92306 -1.92306 -1.92306 -1.92306 -1.92306 -1.92306
0.2 7.79476 7.79476 7.79476 7.79476 7.79476 7.79476 7.79476 7.79476 7.79476
0.22 12.9984 12.9984 12.9984 12.9984 12.9984 12.9984 12.9984 12.9984 12.9984
0.24 17.2615 17.2615 17.2615 17.2615 17.2615 17.2615 17.2615 17.2615 17.2615
0.26 22.5183 22.5183 22.5183 22.5183 22.5183 22.5183 22.5183 22.5183 22.5183
0.28 19.4682 19.4682 19.4682 19.4682 19.4682 19.4682 19.4682 19.4682 19.4682
0.3 8.87622 8.87622 8.87622 8.87622 8.87622 8.87622 8.87622 8.87622 8.87622
0.32 0.468186 0.468186 0.468186 0.468186 0.468186 0.468186 0.468186 0.468186 0.468186
0.34 -4.87988 -4.87988 -4.87988 -4.87988 -4.87988 -4.87988 -4.87988 -4.87988 -4.87988
0.36 -13.4505 -13.4505 -13.4505 -13.4505 -13.4505 -13.4505 -13.4505 -13.4505 -13.4505
0.38 -20.4691 -20.4691 -20.4691 -20.4691 -20.4691 -20.4691 -20.4691 -20.4691 -20.4691
0.4 -21.8771 -21.8771 -21.8771 -21.8771 -21.8771 -21.8771 -21.8771 -21.8771 -21.8771
0.42 -16.9469 -16.9469 -16.9469 -16.9469 -16.9469 -16.9469 -16.9469 -16.9469 -16.9469
0.44 -2.87386 -2.87386 -2.87386 -2.87386 -2.87386 -2.87386 -2.87386 -2.87386 -2.87386
0.46 11.1648 11.1648 11.1648 11.1648 11.1648 11.1648 11.1648 11.1648 11.1648
0.48 7.13624 7.13624 7.13624 7.13624 7.13624 7.13624 7.13624 7.13624 7.13624
0.5 -7.48497 -7.48497 -7.48497 -7.48497 -7.48497 -7.48497 -7.48497 -7.48497 -7.48497
0.52 1.53081 1.53081 1.53081 1.53081 1.53081 1.53081 1.53081 1.53081 1.53081
0.54 11.0271 11.0271 11.0271 11.0271 11.0271 11.0271 11.0271 11.0271 11.0271
0.56 -13.7178 -13.7178 -13.7178 -13.7178 -13.7178 -13.7178 -13.7178 -13.7178 -13.7178
0.58 -45.8663 -45.8663 -45.8663 -45.8663 -45.8663 -45.8663 -45.8663 -45.8663 -45.8663
0.6 -30.7193 -30.7193 -30.7193 -30.7193 -30.7193 -30.7193 -30.7193 -30.7193 -30.7193
0.62 -8.38117 -8.38117 -8.38117 -8.38117 -8.38117 -8.38117 -8.38117 -8.38117 -8.38117
0.64 -45.28 -45.28 -45.28 -45.28 -45.28 -45.28 -45.28 -45.28 -45.28
0.66 -83.9547 -83.9547 -83.9547 -83.9547 -83.9547 -83.9547 -83.9547 -83.9547 -83.9547
0.68 -65.0213 -65.0213 -65.0213 -65.0213 -65.0213 -65.0213 -65.0213 -65.0213 -65.0213
0.7 -4.1011 -4.1011 -4.1011 -4.1011 -4.1011 -4.1011 -4.1011 -4.1011 -4.1011
0.72 -5.96034 -5.96034 -5.96034 -5.96034 -5.96034 -5.96034 -5.96034 -5.96034 -5.96034
0.74 -63.4285 -63.4285 -63.4285 -63.4285 -63.4285 -63.4285 -63.4285 -63.4285 -63.4285
0.76 -36.1212 -36.1212 -36.1212 -36.1212 -36.1212 -36.1212 -36.1212 -36.1212 -36.1212
0.78 37.4473 37.4473 37.4473 37.4473 37.4473 37.4473 37.4473 37.4473 37.4473
0.8 20.3173 20.3173 20.3173 20.3173 20.3173 20.3173 20.3173 20.3173 20.3173
0.82 -72.3992 -72.3992 -72.3992 -72.3992 -72.3992 -72.3992 -72.3992 -72.3992 -72.3992
0.84 -102.416 -102.416 -102.416 -102.416 -102.416 -102.416 -102.416 -102.416 -102.416
0.86 -41.6769 -41.6769 -41.6769 -41.6769 -41.6769 -41.6769 -41.6769 -41.6769 -41.6769
0.88 -8.97782 -8.97782 -8.97782 -8.97782 -8.97782 -8.97782 -8.97782 -8.97782 -8.97782
0.9 -55.2467 -55.2467 -55.2467 -55.2467 -55.2467 -55.2467 -55.2467 -55.2467 -55.2467
0.92 -87.7139 -87.7139 -87.7139 -87.7139 -87.7139 -87.7139 -87.7139 -87.7139 -87.7139
0.94 -27.078 -27.078 -27.078 -27.078 -27.078 -27.078 -27.078 -27.078 -27.078
0.96 56.9534 56.9534 56.9534 56.9534 56.9534 56.9534 56.9534 56.9534 56.9534
0.98 64.6781 64.6781 64.6781 64.6781 64.6781 64.6781 64.6781 64.6781 64.6781
1 30.4757 30.4757 30.4757 30.4757 30.4757 30.4757 30.4757 30.4757 30.4757
1.02 41.725 41.725 41.725 41.725 41.725 41.725 41.725 41.725 41.725
1.04 93.3183 93.3183 93.3183 93.3183 93.3183 93.3183 93.3183 93.3183 93.3183
1.06 105.908 105.908 105.908 105.908 105.908 105.908 105.908 105.908 105.908
1.08 51.2402 51.2402 51.2402 51.2402 51.2402 51.2402 51.2402 51.2402 51.2402
1.1 -10.7849 -10.7849 -10.7849 -10.7849 -10.7849 -10.7849 -10.7849 -10.7849 -10.7849
1.12 -6.13657 -6.13657 -6.13657 -6.13657 -6.13657 -6.13657 -6.13657 -6.13657 -6.13657
1.14 58.9164 58.9164 58.9164 58.9164 58.9164 58.9164 58.9164 58.9164 58.9164
1.16 85.1047 85.1047 85.1047 85.1047 85.1047 85.1047 85.1047 85.1047 85.1047
1.18 28.2664 28.2664 28.2664 28.2664 28.2664 28.2664 28.2664 28.2664 28.2664
1.2 -12.5536 -12.5536 -12.5536 -12.5536 -12.5536 -12.5536 -12.5536 -12.5536 -12.5536
1.22 70.4455 70.4455 70.4455 70.4455 70.4455 70.4455 70.4455 70.4455 70.4455
1.24 191.415 191.415 191.415 191.415 191.415 191.415 191.415 191.415 191.415
1.26 171.087 171.087 171.087 171.087 171.087 171.087 171.087 171.087 171.087
1.28 44.3263 44.3263 44.3263 44.3263 44.3263 44.3263 44.3263 44.3263 44.3263
1.3 28.9929 28.9929 28.9929 28.9929 28.9929 28.9929 28.9929 28.9929 28.9929
1.32 153.172 153.172 153.172 153.172 153.172 153.172 153.172 153.172 153.172
1.34 163.337 163.337 163.337 163.337 163.337 163.337 163.337 163.337 163.337
1.36 -24.6694 -24.6694 -24.6694 -24.6694 -24.6694 -24.6694 -24.6694 -24.6694 -24.6694
1.38 -131.781 -131.781 -131.781 -131.781 -131.781 -131.781 -131.781 -131.781 -131.781
1.4 4.10411 4.10411 4.10411 4.10411 4.10411 4.10411 4.10411 4.10411 4.10411
1.42 132.897 132.897 132.897 132.897 132.897 132.897 132.897 132.897 132.897
1.44 25.3582 25.3582 25.3582 25.3582 25.3582 25.3582 25.3582 25.3582 25.3582
1.46 -116.247 -116.247 -116.247 -116.247 -116.247 -116.247 -116.247 -116.247 -116.247
1.48 1.02683 1.02683 1.02683 1.02683 1.02683 1.02683 1.02683 1.02683 1.02683
1.5 243.372 243.372 243.372 243.372 243.372 243.372 243.372 243.372 243.372
1.52 239.3 239.3 239.3 239.3 239.3 239.3 239.3 239.3 239.3
1.54 14.6399 14.6399 14.6399 14.6399 14.6399 14.6399 14.6399 14.6399 14.6399
1.56 -39.4524 -39.4524 -39.4524 -39.4524 -39.4524 -39.4524 -39.4524 -39.4524 -39.4524
1.58 135.887 135.887 135.887 135.887 135.887 135.887 135.887 135.887 135.887
1.6 175.159 175.159 175.159 175.159 175.159 175.159 175.159 175.159 175.159
1.62 -56.8596 -56.8596 -56.8596 -56.8596 -56.8596 -56.8596 -56.8596 -56.8596 -56.8596
1.64 -226.348 -226.348 -226.348 -226.348 -226.348 -226.348 -226.348 -226.348 -226.348
1.66 -90.1177 -90.1177 -90.1177 -90.1177 -90.1177 -90.1177 -90.1177 -90.1177 -90.1177
1.68 102.916 102.916 102.916 102.916 102.916 102.916 102.916 102.916 102.916
1.7 31.672 31.672 31.672 31.672 31.672 31.672 31.672 31.672 31.672
1.72 -153.351 -153.351 -153.351 -153.351 -153.351 -153.351 -153.351 -153.351 -153.351
1.74 -74.4719 -74.4719 -74.4719 -74.4719 -74.4719 -74.4719 -74.4719 -74.4719 -74.4719
1.76 226.042 226.042 226.042 226.042 226.042 226.042 226.042 226.042 226.042
1.78 326.674 326.674 326.674 326.674 326.674 326.674 326.674 326.674 326.674
1.8 120.769 120.769 120.769 120.769 120.769 120.769 120.769 120.769 120.769
1.82 -13.476 -13.476 -13.476 -13.476 -13.476 -13.476 -13.476 -13.476 -13.476
1.84 112.971 112.971 112.971 112.971 112.971 112.971 112.971 112.971 112.971
1.86 189.451 189.451 189.451 189.451 189.451 189.451 189.451 189.451 189.451
1.88 -18.2441 -18.2441 -18.2441 -18.2441 -18.2441 -18.2441 -18.2441 -18.2441 -18.2441
1.9 -253.345 -253.345 -253.345 -253.345 -253.345 -253.345 -253.345 -253.345 -253.345
1.92 -179.386 -179.386 -179.386 -179.386 -179.386 -179.386 -179.386 -179.386 -179.386
1.94 59.2517 59.2517 59.2517 59.2517 59.2517 59.2517 59.2517 59.2517 59.2517
1.96 71.777 71.777 71.777 71.777 71.777 71.777 71.777 71.777 71.777
1.98 -126.918 -126.918 -126.918 -126.918 -126.918 -126.918 -126.918 -126.918 -126.918
2 -147.514 -147.514 -147.514 -147.514 -147.514 -147.514 -147.514 -147.514 -147.514
2.02 117.355 117.355 117.355 117.355 117.355 117.355 117.355 117.355 117.355
2.04 307.54 307.54 307.54 307.54 307.54 307.54 307.54 307.54 307.54
2.06 213.163 213.163 213.163 213.163 213.163 213.163 213.163 213.163 213.163
2.08 91.6665 91.6665 91.6665 91.6665 91.6665 91.6665 91.6665 91.6665 91.6665
2.1 160.087 160.087 160.087 160.087 160.087 160.087 160.087 160.087 160.087
2.12 216.566 216.566 216.566 216.566 216.566 216.566 216.566 216.566 216.566
2.14 38.9791 38.9791 38.9791 38.9791 38.9791 38.9791 38.9791 38.9791 38.9791
2.16 -202.694 -202.694 -202.694 -202.694 -202.694 -202.694 -202.694 -202.694 -202.694
2.18 -218.431 -218.431 -218.431 -218.431 -218.431 -218.431 -218.431 -218.431 -218.431
2.2 -47.4476 -47.4476 -47.4476 -47.4476 -47.4476 -47.4476 -47.4476 -47.4476 -47.4476
2.22 53.2973 53.2973 53.2973 53.2973 53.2973 53.2973 53.2973 53.2973 53.2973
2.24 9.3143 9.3143 9.3143 9.3143 9.3143 9.3143 9.3143 9.3143 9.3143
2.26 -44.9763 -44.9763 -44.9763 -44.9763 -44.9763 -44.9763 -44.9763 -44.9763 -44.9763
2.28 7.55908 7.55908 7.55908 7.55908 7.55908 7.55908 7.55908 7.55908 7.55908
2.3 85.4671 85.4671 85.4671 85.4671 85.4671 85.4671 85.4671 85.4671 85.4671
2.32 45.5809 45.5809 45.5809 45.5809 45.5809 45.5809 45.5809 45.5809 45.5809
2.34 -41.109 -41.109 -41.109 -41.109 -41.109 -41.109 -41.109 -41.109 -41.109
2.36 -48.7813 -48.7813 -48.7813 -48.7813 -48.7813 -48.7813 -48.7813 -48.7813 -48.7813
2.38 -14.1262 -14.1262 -14.1262 -14.1262 -14.1262 -14.1262 -14.1262 -14.1262 -14.1262
2.4 -20.7114 -20.7114 -20.7114 -20.7114 -20.7114 -20.7114 -20.7114 -20.7114 -20.7114
2.42 -112.201 -112.201 -112.201 -112.201 -112.201 -112.201 -112.201 -112.201 -112.201
2.44 -243.247 -243.247 -243.247 -243.247 -243.247 -243.247 -243.247 -243.247 -243.247
2.46 -284.572 -284.572 -284.572 -284.572 -284.572 -284.572 -284.572 -284.572 -284.572
2.48 -168.281 -168.281 -168.281 -168.281 -168.281 -168.281 -168.281 -168.281 -168.281
2.5 24.3846 24.3846 24.3846 24.3846 24.3846 24.3846 24.3846 24.3846 24.3846
2.52 178.966 178.966 178.966 178.966 178.966 178.966 178.966 178.966 178.966
2.54 302.141 302.141 302.141 302.141 302.141 302.141 302.141 302.141 302.141
2.56 411.619 411.619 411.619 411.619 411.619 411.619 411.619 411.619 411.619
2.58 405.282 405.282 405.282 405.282 405.282 405.282 405.282 405.282 405.282
2.6 214.881 214.881 214.881 214.881 214.881 214.881 214.881 214.881 214.881
2.62 -38.6723 -38.6723 -38.6723 -38.6723 -38.6723 -38.6723 -38.6723 -38.6723 -38.6723
2.64 -187.704 -187.704 -187.704 -187.704 -187.704 -187.704 -187.704 -187.704 -187.704
2.66 -178.822 -178.822 -178.822 -178.822 -178.822 -178.822 -178.822 -178.822 -178.822
2.68 -91.2691 -91.2691 -91.2691 -91.2691 -91.2691 -91.2691 -91.2691 -91.2691 -91.2691
2.7 -40.3618 -40.3618 -40.3618 -40.3618 -40.3618 -40.3618 -40.3618 -40.3618 -40.3618
2.72 -59.2721 -59.2721 -59.2721 -59.2721 -59.2721 -59.2721 -59.2721 -59.2721 -59.2721
2.74 -105.893 -105.893 -105.893 -105.893 -105.893 -105.893 -105.893 -105.893 -105.893
2.76 -94.6971 -94.6971 -94.6971 -94.6971 -94.6971 -94.6971 -94.6971 -94.6971 -94.6971
2.78 10.9018 10.9018 10.9018 10.9018 10.9018 10.9018 10.9018 10.9018 10.9018
2.8 180.499 180.499 180.499 180.499 180.499 180.499 180.499 180.499 180.499
2.82 382.351 382.351 382.351 382.351 382.351 382.351 382.351 382.351 382.351
2.84 539.157 539.157 539.157 539.157 539.157 539.157 539.157 539.157 539.157
2.86 544.849 544.849 544.849 544.849 544.849 544.849 544.849 544.849 544.849
2.88 378.929 378.929 378.929 378.929 378.929 378.929 378.929 378.929 378.929
2.9 118.666 118.666 118.666 118.666 118.666 118.666 118.666 118.666 118.666
2.92 -140.432 -140.432 -140.432 -140.432 -140.432 -140.432 -140.432 -140.432 -140.432
2.94 -285.939 -285.939 -285.939 -285.939 -285.939 -285.939 -285.939 -285.939 -285.939
2.96 -222.988 -222.988 -222.988 -222.988 -222.988 -222.988 -222.988 -222.988 -222.988
2.98 -27.9367 -27.9367 -27.9367 -27.9367 -27.9367 -27.9367 -27.9367 -27.9367 -27.9367
3 77.044 77.044 77.044 77.044 77.044 77.044 77.044 77.044 77.044
3.02 17.1938 17.1938 17.1938 17.1938 17.1938 17.1938 17.1938 17.1938 17.1938
3.04 -65.375 -65.375 -65.375 -65.375 -65.375 -65.375 -65.375 -65.375 -65.375
3.06 -130.49 -130.49 -130.49 -130.49 -130.49 -130.49 -130.49 -130.49 -130.49
3.08 -266.448 -266.448 -266.448 -266.448 -266.448 -266.448 -266.448 -266.448 -266.448
3.1 -441.22 -441.22 -441.22 -441.22 -441.22 -441.22 -441.22 -441.22 -441.22
3.12 -532.299 -532.299 -532.299 -532.299 -532.299 -532.299 -532.299 -532.299 -532.299
3.14 -543.178 -543.178 -543.178 -543.178 -543.178 -543.178 -543.178 -543.178 -543.178
3.16 -220.85 -220.85 -220.85 -220.85 -220.85 -220.85 -220.85 -220.85 -220.85
3.18 -323.234 -323.234 -323.234 -323.234 -323.234 -323.234 -323.234 -323.234 -323.234
3.2 -664.927 -664.927 -664.927 -664.927 -664.927 -664.927 -664.927 -664.927 -664.927
3.22 -898.815 -898.815 -898.815 -898.815 -898.815 -898.815 -898.815 -898.815 -898.815
3.23 -947.85 -947.85 -947.85 -947.85 -947.85 -947.85 -947.85 -947.85 -947.85
3.24 -939.236 -939.236 -939.236 -939.236 -939.236 -939.236 -939.236 -939.236 -939.236
3.25 -905.684 -905.684 -905.684 -905.684 -905.684 -905.684 -905.684 -905.684 -905.684
3.26 -879.952 -879.952 -879.952 -879.952 -879.952 -879.952 -879.952 -879.952 -879.952
3.28 -895.598 -895.598 -895.598 -895.598 -895.598 -895.598 -895.598 -895.598 -895.598
3.3 -733.968 -733.968 -733.968 -733.968 -733.968 -733.968 -733.968 -733.968 -733.968
3.32 -398.087 -398.087 -398.087 -398.087 -398.087 -398.087 -398.087 -398.087 -398.087
3.34 -84.5 -84.5 -84.5 -84.5 -84.5 -84.5 -84.5 -84.5 -84.5
3.36 -57.1589 -57.1589 -57.1589 -57.1589 -57.1589 -57.1589 -57.1589 -57.1589 -57.1589
3.37 -186.223 -186.223 -186.223 -186.223 -186.223 -186.223 -186.223 -186.223 -186.223
3.38 -395.75 -395.75 -395.75 -395.75 -395.75 -395.75 -395.75 -395.75 -395.75
3.39 -614.86 -614.86 -614.86 -614.86 -614.86 -614.86 -614.86 -614.86 -614.86
3.4 -783.286 -783.286 -783.286 -783.286 -783.286 -783.286 -783.286 -783.286 -783.286
3.41 -848.625 -848.625 -848.625 -848.625 -848.625 -848.625 -848.625 -848.625 -848.625
3.42 -798.947 -798.947 -798.947 -798.947 -798.947 -798.947 -798.947 -798.947 -798.947
3.43 -732.297 -732.297 -732.297 -732.297 -732.297 -732.297 -732.297 -732.297 -732.297
3.44 -607.051 -607.051 -607.051 -607.051 -607.051 -607.051 -607.051 -607.051 -607.051
3.45 -399.125 -399.125 -399.125 -399.125 -399.125 -399.125 -399.125 -399.125 -399.125
3.46 -146.014 -146.014 -146.014 -146.014 -146.014 -146.014 -146.014 -146.014 -146.014
3.47 143.493 143.493 143.493 143.493 143.493 143.493 143.493 143.493 143.493
3.48 413.529 413.529 413.529 413.529 413.529 413.529 413.529 413.529 413.529
3.49 647.844 647.844 647.844 647.844 647.844 647.844 647.844 647.844 647.844
