0.02 0.844328 0.844328 0.844328 0.844328 0.844328 0.844328 0.844328 0.844328 0.844328
0.04 -9.82543 -9.82543 -9.82543 -9.82543 -9.82543 -9.82543 -9.82543 -9.82543 -9.82543
0.06 -10.0756 -10.0756 -10.0756 -10.0756 -10.0756 -10.0756 -10.0756 -10.0756 -10.0756
0.08 -17.2461 -17.2461 -17.2461 -17.2461 -17.2461 -17.2461 -17.2461 -17.2461 -17.2461
0.1 -17.1491 -17.1491 -17.1491 -17.1491 -17.1491 -17.1491 -17.1491 -17.1491 -17.1491
0.12 -10.1451 -10.1451 -10.1451 -10.1451 -10.1451 -10.1451 -10.1451 -10.1451 -10.1451
0.14 -13.9572 -13.9572 -13.9572 -13.9572 -13.9572 -13.9572 -13.9572 -13.9572 -13.9572
0.16 9.0921 9.0921 9.0921 9.0921 9.0921 9.0921 9.0921 9.0921 9.0921
0.18 10.3928 10.3928 10.3928 10.3928 10.3928 10.3928 10.3928 10.3928 10.3928
0.2 20.5286 20.5286 20.5286 20.5286 20.5286 20.5286 20.5286 20.5286 20.5286
0.22 14.9455 14.9455 14.9455 14.9455 14.9455 14.9455 14.9455 14.9455 14.9455
0.24 35.9323 35.9323 35.9323 35.9323 35.9323 35.9323 35.9323 35.9323 35.9323
0.26 2.81338 2.81338 2.81338 2.81338 2.81338 2.81338 2.81338 2.81338 2.81338
0.28 -3.86158 -3.86158 -3.86158 -3.86158 -3.86158 -3.86158 -3.86158 -3.86158 -3.86158
0.3 -6.12928 -6.12928 -6.12928 -6.12928 -6.12928 -6.12928 -6.12928 -6.12928 -6.12928
0.32 -15.3971 -15.3971 -15.3971 -15.3971 -15.3971 -15.3971 -15.3971 -15.3971 -15.3971
0.34 -9.66254 -9.66254 -9.66254 -9.66254 -9.66254 -9.66254 -9.66254 -9.66254 -9.66254
0.36 -21.5116 -21.5116 -21.5116 -21.5116 -21.5116 -21.5116 -21.5116 -21.5116 -21.5116
0.38 19.9656 19.9656 19.9656 19.9656 19.9656 19.9656 19.9656 19.9656 19.9656
0.4 -32.9889 -32.9889 -32.9889 -32.9889 -32.9889 -32.9889 -32.9889 -32.9889 -32.9889
0.42 49.0539 49.0539 49.0539 49.0539 49.0539 49.0539 49.0539 49.0539 49.0539
0.44 -0.835219 -0.835219 -0.835219 -0.835219 -0.835219 -0.835219 -0.835219 -0.835219 -0.835219
0.46 38.0142 38.0142 38.0142 38.0142 38.0142 38.0142 38.0142 38.0142 38.0142
0.48 -82.6257 -82.6257 -82.6257 -82.6257 -82.6257 -82.6257 -82.6257 -82.6257 -82.6257
0.5 6.48056 6.48056 6.48056 6.48056 6.48056 6.48056 6.48056 6.48056 6.48056
0.52 -16.4479 -16.4479 -16.4479 -16.4479 -16.4479 -16.4479 -16.4479 -16.4479 -16.4479
0.54 -73.2128 -73.2128 -73.2128 -73.2128 -73.2128 -73.2128 -73.2128 -73.2128 -73.2128
0.56 -25.7412 -25.7412 -25.7412 -25.7412 -25.7412 -25.7412 -25.7412 -25.7412 -25.7412
0.58 -77.3007 -77.3007 -77.3007 -77.3007 -77.3007 -77.3007 -77.3007 -77.3007 -77.3007
0.6 123.134 123.134 123.134 123.134 123.134 123.134 123.134 123.134 123.134
0.62 -170.149 -170.149 -170.149 -170.149 -170.149 -170.149 -170.149 -170.149 -170.149
0.64 80.0112 80.0112 80.0112 80.0112 80.0112 80.0112 80.0112 80.0112 80.0112
0.66 -119.691 -119.691 -119.691 -119.691 -119.691 -119.691 -119.691 -119.691 -119.691
0.68 41.3151 41.3151 41.3151 41.3151 41.3151 41.3151 41.3151 41.3151 41.3151
0.7 10.166 10.166 10.166 10.166 10.166 10.166 10.166 10.166 10.166
0.72 -215.615 -215.615 -215.615 -215.615 -215.615 -215.615 -215.615 -215.615 -215.615
0.74 86.4694 86.4694 86.4694 86.4694 86.4694 86.4694 86.4694 86.4694 86.4694
0.76 -47.0462 -47.0462 -47.0462 -47.0462 -47.0462 -47.0462 -47.0462 -47.0462 -47.0462
0.78 16.4671 16.4671 16.4671 16.4671 16.4671 16.4671 16.4671 16.4671 16.4671
0.8 -74.434 -74.434 -74.434 -74.434 -74.434 -74.434 -74.434 -74.434 -74.434
0.82 -53.9188 -53.9188 -53.9188 -53.9188 -53.9188 -53.9188 -53.9188 -53.9188 -53.9188
0.84 -31.1067 -31.1067 -31.1067 -31.1067 -31.1067 -31.1067 -31.1067 -31.1067 -31.1067
0.86 -25.2484 -25.2484 -25.2484 -25.2484 -25.2484 -25.2484 -25.2484 -25.2484 -25.2484
0.88 9.76631 9.76631 9.76631 9.76631 9.76631 9.76631 9.76631 9.76631 9.76631
0.9 -32.6708 -32.6708 -32.6708 -32.6708 -32.6708 -32.6708 -32.6708 -32.6708 -32.6708
0.92 -14.9559 -14.9559 -14.9559 -14.9559 -14.9559 -14.9559 -14.9559 -14.9559 -14.9559
0.94 35.8284 35.8284 35.8284 35.8284 35.8284 35.8284 35.8284 35.8284 35.8284
0.96 62.2276 62.2276 62.2276 62.2276 62.2276 62.2276 62.2276 62.2276 62.2276
0.98 90.7009 90.7009 90.7009 90.7009 90.7009 90.7009 90.7009 90.7009 90.7009
1 42.2373 42.2373 42.2373 42.2373 42.2373 42.2373 42.2373 42.2373 42.2373
1.02 -2.71073 -2.71073 -2.71073 -2.71073 -2.71073 -2.71073 -2.71073 -2.71073 -2.71073
1.04 47.3963 47.3963 47.3963 47.3963 47.3963 47.3963 47.3963 47.3963 47.3963
1.06 53.6674 53.6674 53.6674 53.6674 53.6674 53.6674 53.6674 53.6674 53.6674
1.08 44.8729 44.8729 44.8729 44.8729 44.8729 44.8729 44.8729 44.8729 44.8729
1.1 -48.0723 -48.0723 -48.0723 -48.0723 -48.0723 -48.0723 -48.0723 -48.0723 -48.0723
1.12 87.9285 87.9285 87.9285 87.9285 87.9285 87.9285 87.9285 87.9285 87.9285
1.14 112.399 112.399 112.399 112.399 112.399 112.399 112.399 112.399 112.399
1.16 86.3624 86.3624 86.3624 86.3624 86.3624 86.3624 86.3624 86.3624 86.3624
1.18 -14.2419 -14.2419 -14.2419 -14.2419 -14.2419 -14.2419 -14.2419 -14.2419 -14.2419
1.2 36.4564 36.4564 36.4564 36.4564 36.4564 36.4564 36.4564 36.4564 36.4564
1.22 196.5 196.5 196.5 196.5 196.5 196.5 196.5 196.5 196.5
1.24 91.1517 91.1517 91.1517 91.1517 91.1517 91.1517 91.1517 91.1517 91.1517
1.26 -27.2144 -27.2144 -27.2144 -27.2144 -27.2144 -27.2144 -27.2144 -27.2144 -27.2144
1.28 -107.785 -107.785 -107.785 -107.785 -107.785 -107.785 -107.785 -107.785 -107.785
1.3 111.803 111.803 111.803 111.803 111.803 111.803 111.803 111.803 111.803
1.32 124.912 124.912 124.912 124.912 124.912 124.912 124.912 124.912 124.912
1.34 -23.2297 -23.2297 -23.2297 -23.2297 -23.2297 -23.2297 -23.2297 -23.2297 -23.2297
1.36 -62.0538 -62.0538 -62.0538 -62.0538 -62.0538 -62.0538 -62.0538 -62.0538 -62.0538
1.38 24.0402 24.0402 24.0402 24.0402 24.0402 24.0402 24.0402 24.0402 24.0402
1.4 110.813 110.813 110.813 110.813 110.813 110.813 110.813 110.813 110.813
1.42 59.6245 59.6245 59.6245 59.6245 59.6245 59.6245 59.6245 59.6245 59.6245
1.44 -6.51462 -6.51462 -6.51462 -6.51462 -6.51462 -6.51462 -6.51462 -6.51462 -6.51462
1.46 21.0286 21.0286 21.0286 21.0286 21.0286 21.0286 21.0286 21.0286 21.0286
1.48 138.971 138.971 138.971 138.971 138.971 138.971 138.971 138.971 138.971
1.5 155.279 155.279 155.279 155.279 155.279 155.279 155.279 155.279 155.279
1.52 -17.2024 -17.2024 -17.2024 -17.2024 -17.2024 -17.2024 -17.2024 -17.2024 -17.2024
1.54 49.8744 49.8744 49.8744 49.8744 49.8744 49.8744 49.8744 49.8744 49.8744
1.56 73.0128 73.0128 73.0128 73.0128 73.0128 73.0128 73.0128 73.0128 73.0128
1.58 87.2531 87.2531 87.2531 87.2531 87.2531 87.2531 87.2531 87.2531 87.2531
1.6 15.0549 15.0549 15.0549 15.0549 15.0549 15.0549 15.0549 15.0549 15.0549
1.62 -43.8101 -43.8101 -43.8101 -43.8101 -43.8101 -43.8101 -43.8101 -43.8101 -43.8101
1.64 -16.6185 -16.6185 -16.6185 -16.6185 -16.6185 -16.6185 -16.6185 -16.6185 -16.6185
1.66 99.7591 99.7591 99.7591 99.7591 99.7591 99.7591 99.7591 99.7591 99.7591
1.68 114.292 114.292 114.292 114.292 114.292 114.292 114.292 114.292 114.292
1.7 -0.525838 -0.525838 -0.525838 -0.525838 -0.525838 -0.525838 -0.525838 -0.525838 -0.525838
1.72 -14.2696 -14.2696 -14.2696 -14.2696 -14.2696 -14.2696 -14.2696 -14.2696 -14.2696
1.74 121.024 121.024 121.024 121.024 121.024 121.024 121.024 121.024 121.024
1.76 210.292 210.292 210.292 210.292 210.292 210.292 210.292 210.292 210.292
1.78 99.8881 99.8881 99.8881 99.8881 99.8881 99.8881 99.8881 99.8881 99.8881
1.8 13.9791 13.9791 13.9791 13.9791 13.9791 13.9791 13.9791 13.9791 13.9791
1.82 9.16695 9.16695 9.16695 9.16695 9.16695 9.16695 9.16695 9.16695 9.16695
1.84 -25.0238 -25.0238 -25.0238 -25.0238 -25.0238 -25.0238 -25.0238 -25.0238 -25.0238
1.86 9.56538 9.56538 9.56538 9.56538 9.56538 9.56538 9.56538 9.56538 9.56538
1.88 -72.181 -72.181 -72.181 -72.181 -72.181 -72.181 -72.181 -72.181 -72.181
1.9 -87.2984 -87.2984 -87.2984 -87.2984 -87.2984 -87.2984 -87.2984 -87.2984 -87.2984
1.92 40.4033 40.4033 40.4033 40.4033 40.4033 40.4033 40.4033 40.4033 40.4033
1.94 48.8004 48.8004 48.8004 48.8004 48.8004 48.8004 48.8004 48.8004 48.8004
1.96 42.2757 42.2757 42.2757 42.2757 42.2757 42.2757 42.2757 42.2757 42.2757
1.98 -71.082 -71.082 -71.082 -71.082 -71.082 -71.082 -71.082 -71.082 -71.082
2 31.492 31.492 31.492 31.492 31.492 31.492 31.492 31.492 31.492
2.02 43.4572 43.4572 43.4572 43.4572 43.4572 43.4572 43.4572 43.4572 43.4572
2.04 66.0672 66.0672 66.0672 66.0672 66.0672 66.0672 66.0672 66.0672 66.0672
2.06 83.6869 83.6869 83.6869 83.6869 83.6869 83.6869 83.6869 83.6869 83.6869
2.08 54.8285 54.8285 54.8285 54.8285 54.8285 54.8285 54.8285 54.8285 54.8285
2.1 34.3265 34.3265 34.3265 34.3265 34.3265 34.3265 34.3265 34.3265 34.3265
2.12 9.96693 9.96693 9.96693 9.96693 9.96693 9.96693 9.96693 9.96693 9.96693
2.14 68.0374 68.0374 68.0374 68.0374 68.0374 68.0374 68.0374 68.0374 68.0374
2.16 -42.9622 -42.9622 -42.9622 -42.9622 -42.9622 -42.9622 -42.9622 -42.9622 -42.9622
2.18 -0.890698 -0.890698 -0.890698 -0.890698 -0.890698 -0.890698 -0.890698 -0.890698 -0.890698
2.2 13.5017 13.5017 13.5017 13.5017 13.5017 13.5017 13.5017 13.5017 13.5017
2.22 248.849 248.849 248.849 248.849 248.849 248.849 248.849 248.849 248.849
2.24 90.0448 90.0448 90.0448 90.0448 90.0448 90.0448 90.0448 90.0448 90.0448
2.26 -47.691 -47.691 -47.691 -47.691 -47.691 -47.691 -47.691 -47.691 -47.691
2.28 -46.3717 -46.3717 -46.3717 -46.3717 -46.3717 -46.3717 -46.3717 -46.3717 -46.3717
2.3 -166.519 -166.519 -166.519 -166.519 -166.519 -166.519 -166.519 -166.519 -166.519
2.32 -122.508 -122.508 -122.508 -122.508 -122.508 -122.508 -122.508 -122.508 -122.508
2.34 -97.6353 -97.6353 -97.6353 -97.6353 -97.6353 -97.6353 -97.6353 -97.6353 -97.6353
2.36 -202.885 -202.885 -202.885 -202.885 -202.885 -202.885 -202.885 -202.885 -202.885
2.38 26.0251 26.0251 26.0251 26.0251 26.0251 26.0251 26.0251 26.0251 26.0251
2.4 172.25 172.25 172.25 172.25 172.25 172.25 172.25 172.25 172.25
2.42 -15.7848 -15.7848 -15.7848 -15.7848 -15.7848 -15.7848 -15.7848 -15.7848 -15.7848
2.44 -109.438 -109.438 -109.438 -109.438 -109.438 -109.438 -109.438 -109.438 -109.438
2.46 -181.944 -181.944 -181.944 -181.944 -181.944 -181.944 -181.944 -181.944 -181.944
2.48 63.9839 63.9839 63.9839 63.9839 63.9839 63.9839 63.9839 63.9839 63.9839
2.5 120.876 120.876 120.876 120.876 120.876 120.876 120.876 120.876 120.876
2.52 303.579 303.579 303.579 303.579 303.579 303.579 303.579 303.579 303.579
2.54 324.106 324.106 324.106 324.106 324.106 324.106 324.106 324.106 324.106
2.56 273.036 273.036 273.036 273.036 273.036 273.036 273.036 273.036 273.036
2.58 76.3278 76.3278 76.3278 76.3278 76.3278 76.3278 76.3278 76.3278 76.3278
2.6 -45.5641 -45.5641 -45.5641 -45.5641 -45.5641 -45.5641 -45.5641 -45.5641 -45.5641
2.62 -214.809 -214.809 -214.809 -214.809 -214.809 -214.809 -214.809 -214.809 -214.809
2.64 -286.566 -286.566 -286.566 -286.566 -286.566 -286.566 -286.566 -286.566 -286.566
2.66 -19.7246 -19.7246 -19.7246 -19.7246 -19.7246 -19.7246 -19.7246 -19.7246 -19.7246
2.68 97.4639 97.4639 97.4639 97.4639 97.4639 97.4639 97.4639 97.4639 97.4639
2.7 272.683 272.683 272.683 272.683 272.683 272.683 272.683 272.683 272.683
2.72 91.5323 91.5323 91.5323 91.5323 91.5323 91.5323 91.5323 91.5323 91.5323
2.74 16.6277 16.6277 16.6277 16.6277 16.6277 16.6277 16.6277 16.6277 16.6277
2.76 5.74379 5.74379 5.74379 5.74379 5.74379 5.74379 5.74379 5.74379 5.74379
2.78 -60.1645 -60.1645 -60.1645 -60.1645 -60.1645 -60.1645 -60.1645 -60.1645 -60.1645
2.8 57.5938 57.5938 57.5938 57.5938 57.5938 57.5938 57.5938 57.5938 57.5938
2.82 107.902 107.902 107.902 107.902 107.902 107.902 107.902 107.902 107.902
2.84 171.018 171.018 171.018 171.018 171.018 171.018 171.018 171.018 171.018
2.86 254.94 254.94 254.94 254.94 254.94 254.94 254.94 254.94 254.94
2.88 292.183 292.183 292.183 292.183 292.183 292.183 292.183 292.183 292.183
2.9 112.217 112.217 112.217 112.217 112.217 112.217 112.217 112.217 112.217
2.92 -140.006 -140.006 -140.006 -140.006 -140.006 -140.006 -140.006 -140.006 -140.006
2.94 -84.4359 -84.4359 -84.4359 -84.4359 -84.4359 -84.4359 -84.4359 -84.4359 -84.4359
2.96 111.814 111.814 111.814 111.814 111.814 111.814 111.814 111.814 111.814
2.98 220.231 220.231 220.231 220.231 220.231 220.231 220.231 220.231 220.231
3 80.6361 80.6361 80.6361 80.6361 80.6361 80.6361 80.6361 80.6361 80.6361
3.02 24.1527 24.1527 24.1527 24.1527 24.1527 24.1527 24.1527 24.1527 24.1527
3.04 -208.689 -208.689 -208.689 -208.689 -208.689 -208.689 -208.689 -208.689 -208.689
3.06 -619.112 -619.112 -619.112 -619.112 -619.112 -619.112 -619.112 -619.112 -619.112
3.08 -736.92 -736.92 -736.92 -736.92 -736.92 -736.92 -736.92 -736.92 -736.92
3.1 -892.07 -892.07 -892.07 -892.07 -892.07 -892.07 -892.07 -892.07 -892.07
3.12 -757.563 -757.563 -757.563 -757.563 -757.563 -757.563 -757.563 -757.563 -757.563
3.14 -700.935 -700.935 -700.935 -700.935 -700.935 -700.935 -700.935 -700.935 -700.935
3.16 -699.686 -699.686 -699.686 -699.686 -699.686 -699.686 -699.686 -699.686 -699.686
3.18 -809.158 -809.158 -809.158 -809.158 -809.158 -809.158 -809.158 -809.158 -809.158
3.2 -986.059 -986.059 -986.059 -986.059 -986.059 -986.059 -986.059 -986.059 -986.059
3.22 -996.454 -996.454 -996.454 -996.454 -996.454 -996.454 -996.454 -996.454 -996.454
3.23 -1032.84 -1032.84 -1032.84 -1032.84 -1032.84 -1032.84 -1032.84 -1032.84 -1032.84
3.24 -1069.23 -1069.23 -1069.23 -1069.23 -1069.23 -1069.23 -1069.23 -1069.23 -1069.23
3.25 -1152.49 -1152.49 -1152.49 -1152.49 -1152.49 -1152.49 -1152.49 -1152.49 -1152.49
3.26 -1235.75 -1235.75 -1235.75 -1235.75 -1235.75 -1235.75 -1235.75 -1235.75 -1235.75
3.28 -1003.16 -1003.16 -1003.16 -1003.16 -1003.16 -1003.16 -1003.16 -1003.16 -1003.16
3.3 -509.726 -509.726 -509.726 -509.726 -509.726 -509.726 -509.726 -509.726 -509.726
3.32 -411.682 -411.682 -411.682 -411.682 -411.682 -411.682 -411.682 -411.682 -411.682
3.34 -487.616 -487.616 -487.616 -487.616 -487.616 -487.616 -487.616 -487.616 -487.616
3.36 -730.279 -730.279 -730.279 -730.279 -730.279 -730.279 -730.279 -730.279 -730.279
3.37 -763.136 -763.136 -763.136 -763.136 -763.136 -763.136 -763.136 -763.136 -763.136
3.38 -795.993 -795.993 -795.993 -795.993 -795.993 -795.993 -795.993 -795.993 -795.993
3.39 -820.159 -820.159 -820.159 -820.159 -820.159 -820.159 -820.159 -820.159 -820.159
3.4 -844.326 -844.326 -844.326 -844.326 -844.326 -844.326 -844.326 -844.326 -844.326
3.41 -820.973 -820.973 -820.973 -820.973 -820.973 -820.973 -820.973 -820.973 -820.973
3.42 -797.62 -797.62 -797.62 -797.62 -797.62 -797.62 -797.62 -797.62 -797.62
3.43 -459.681 -459.681 -459.681 -459.681 -459.681 -459.681 -459.681 -459.681 -459.681
3.44 -121.741 -121.741 -121.741 -121.741 -121.741 -121.741 -121.741 -121.741 -121.741
3.45 188.182 188.182 188.182 188.182 188.182 188.182 188.182 188.182 188.182
3.46 498.106 498.106 498.106 498.106 498.106 498.106 498.106 498.106 498.106
3.47 748.498 748.498 748.498 748.498 748.498 748.498 748.498 748.498 748.498
3.48 998.891 998.891 998.891 998.891 998.891 998.891 998.891 998.891 998.891
3.49 1194.76 1194.76 1194.76 1194.76 1194.76 1194.76 1194.76 1194.76 1194.76
