0.02 -0.000178343 -0.000178343 -0.000178343 -0.000178343 -0.000178343 -0.000178343 -0.000178343 -0.000178343 -0.000178343
0.04 -0.0177453 -0.0177453 -0.0177453 -0.0177453 -0.0177453 -0.0177453 -0.0177453 -0.0177453 -0.0177453
0.06 0.197371 0.197371 0.197371 0.197371 0.197371 0.197371 0.197371 0.197371 0.197371
0.08 0.76646 0.76646 0.76646 0.76646 0.76646 0.76646 0.76646 0.76646 0.76646
0.1 0.679586 0.679586 0.679586 0.679586 0.679586 0.679586 0.679586 0.679586 0.679586
0.12 -1.68855 -1.68855 -1.68855 -1.68855 -1.68855 -1.68855 -1.68855 -1.68855 -1.68855
0.14 -6.81338 -6.81338 -6.81338 -6.81338 -6.81338 -6.81338 -6.81338 -6.81338 -6.81338
0.16 -12.6687 -12.6687 -12.6687 -12.6687 -12.6687 -12.6687 -12.6687 -12.6687 -12.6687
0.18 -16.2858 -16.2858 -16.2858 -16.2858 -16.2858 -16.2858 -16.2858 -16.2858 -16.2858
0.2 -16.3202 -16.3202 -16.3202 -16.3202 -16.3202 -16.3202 -16.3202 -16.3202 -16.3202
0.22 -12.7931 -12.7931 -12.7931 -12.7931 -12.7931 -12.7931 -12.7931 -12.7931 -12.7931
0.24 -5.98675 -5.98675 -5.98675 -5.98675 -5.98675 -5.98675 -5.98675 -5.98675 -5.98675
0.26 2.09507 2.09507 2.09507 2.09507 2.09507 2.09507 2.09507 2.09507 2.09507
0.28 8.20218 8.20218 8.20218 8.20218 8.20218 8.20218 8.20218 8.20218 8.20218
0.3 11.4123 11.4123 11.4123 11.4123 11.4123 11.4123 11.4123 11.4123 11.4123
0.32 12.005 12.005 12.005 12.005 12.005 12.005 12.005 12.005 12.005
0.34 8.52398 8.52398 8.52398 8.52398 8.52398 8.52398 8.52398 8.52398 8.52398
0.36 0.00159077 0.00159077 0.00159077 0.00159077 0.00159077 0.00159077 0.00159077 0.00159077 0.00159077
0.38 -9.73354 -9.73354 -9.73354 -9.73354 -9.73354 -9.73354 -9.73354 -9.73354 -9.73354
0.4 -15.0662 -15.0662 -15.0662 -15.0662 -15.0662 -15.0662 -15.0662 -15.0662 -15.0662
0.42 -13.3327 -13.3327 -13.3327 -13.3327 -13.3327 -13.3327 -13.3327 -13.3327 -13.3327
0.44 -6.6652 -6.6652 -6.6652 -6.6652 -6.6652 -6.6652 -6.6652 -6.6652 -6.6652
0.46 0.890162 0.890162 0.890162 0.890162 0.890162 0.890162 0.890162 0.890162 0.890162
0.48 9.15555 9.15555 9.15555 9.15555 9.15555 9.15555 9.15555 9.15555 9.15555
0.5 22.1749 22.1749 22.1749 22.1749 22.1749 22.1749 22.1749 22.1749 22.1749
0.52 36.5214 36.5214 36.5214 36.5214 36.5214 36.5214 36.5214 36.5214 36.5214
0.54 35.3182 35.3182 35.3182 35.3182 35.3182 35.3182 35.3182 35.3182 35.3182
0.56 12.5428 12.5428 12.5428 12.5428 12.5428 12.5428 12.5428 12.5428 12.5428
0.58 -13.5653 -13.5653 -13.5653 -13.5653 -13.5653 -13.5653 -13.5653 -13.5653 -13.5653
0.6 -25.3758 -25.3758 -25.3758 -25.3758 -25.3758 -25.3758 -25.3758 -25.3758 -25.3758
0.62 -32.4234 -32.4234 -32.4234 -32.4234 -32.4234 -32.4234 -32.4234 -32.4234 -32.4234
0.64 -44.3743 -44.3743 -44.3743 -44.3743 -44.3743 -44.3743 -44.3743 -44.3743 -44.3743
0.66 -45.871 -45.871 -45.871 -45.871 -45.871 -45.871 -45.871 -45.871 -45.871
0.68 -28.6516 -28.6516 -28.6516 -28.6516 -28.6516 -28.6516 -28.6516 -28.6516 -28.6516
0.7 -15.6685 -15.6685 -15.6685 -15.6685 -15.6685 -15.6685 -15.6685 -15.6685 -15.6685
0.72 -31.543 -31.543 -31.543 -31.543 -31.543 -31.543 -31.543 -31.543 -31.543
0.74 -52.7066 -52.7066 -52.7066 -52.7066 -52.7066 -52.7066 -52.7066 -52.7066 -52.7066
0.76 -44.2261 -44.2261 -44.2261 -44.2261 -44.2261 -44.2261 -44.2261 -44.2261 -44.2261
0.78 -28.2951 -28.2951 -28.2951 -28.2951 -28.2951 -28.2951 -28.2951 -28.2951 -28.2951
0.8 -45.2866 -45.2866 -45.2866 -45.2866 -45.2866 -45.2866 -45.2866 -45.2866 -45.2866
0.82 -77.432 -77.432 -77.432 -77.432 -77.432 -77.432 -77.432 -77.432 -77.432
0.84 -75.5506 -75.5506 -75.5506 -75.5506 -75.5506 -75.5506 -75.5506 -75.5506 -75.5506
0.86 -47.7968 -47.7968 -47.7968 -47.7968 -47.7968 -47.7968 -47.7968 -47.7968 -47.7968
0.88 -51.3185 -51.3185 -51.3185 -51.3185 -51.3185 -51.3185 -51.3185 -51.3185 -51.3185
0.9 -95.3548 -95.3548 -95.3548 -95.3548 -95.3548 -95.3548 -95.3548 -95.3548 -95.3548
0.92 -118.538 -118.538 -118.538 -118.538 -118.538 -118.538 -118.538 -118.538 -118.538
0.94 -81.4602 -81.4602 -81.4602 -81.4602 -81.4602 -81.4602 -81.4602 -81.4602 -81.4602
0.96 -27.5965 -27.5965 -27.5965 -27.5965 -27.5965 -27.5965 -27.5965 -27.5965 -27.5965
0.98 -14.4257 -14.4257 -14.4257 -14.4257 -14.4257 -14.4257 -14.4257 -14.4257 -14.4257
1 -27.7938 -27.7938 -27.7938 -27.7938 -27.7938 -27.7938 -27.7938 -27.7938 -27.7938
1.02 -13.1316 -13.1316 -13.1316 -13.1316 -13.1316 -13.1316 -13.1316 -13.1316 -13.1316
1.04 36.4053 36.4053 36.4053 36.4053 36.4053 36.4053 36.4053 36.4053 36.4053
1.06 72.0679 72.0679 72.0679 72.0679 72.0679 72.0679 72.0679 72.0679 72.0679
1.08 64.7501 64.7501 64.7501 64.7501 64.7501 64.7501 64.7501 64.7501 64.7501
1.1 43.7759 43.7759 43.7759 43.7759 43.7759 43.7759 43.7759 43.7759 43.7759
1.12 47.8085 47.8085 47.8085 47.8085 47.8085 47.8085 47.8085 47.8085 47.8085
1.14 66.9319 66.9319 66.9319 66.9319 66.9319 66.9319 66.9319 66.9319 66.9319
1.16 66.2777 66.2777 66.2777 66.2777 66.2777 66.2777 66.2777 66.2777 66.2777
1.18 56.4711 56.4711 56.4711 56.4711 56.4711 56.4711 56.4711 56.4711 56.4711
1.2 88.336 88.336 88.336 88.336 88.336 88.336 88.336 88.336 88.336
1.22 164.507 164.507 164.507 164.507 164.507 164.507 164.507 164.507 164.507
1.24 209.841 209.841 209.841 209.841 209.841 209.841 209.841 209.841 209.841
1.26 178.435 178.435 178.435 178.435 178.435 178.435 178.435 178.435 178.435
1.28 138.523 138.523 138.523 138.523 138.523 138.523 138.523 138.523 138.523
1.3 172.58 172.58 172.58 172.58 172.58 172.58 172.58 172.58 172.58
1.32 230.796 230.796 230.796 230.796 230.796 230.796 230.796 230.796 230.796
1.34 193.884 193.884 193.884 193.884 193.884 193.884 193.884 193.884 193.884
1.36 74.9292 74.9292 74.9292 74.9292 74.9292 74.9292 74.9292 74.9292 74.9292
1.38 17.9593 17.9593 17.9593 17.9593 17.9593 17.9593 17.9593 17.9593 17.9593
1.4 70.0262 70.0262 70.0262 70.0262 70.0262 70.0262 70.0262 70.0262 70.0262
1.42 105.526 105.526 105.526 105.526 105.526 105.526 105.526 105.526 105.526
1.44 39.714 39.714 39.714 39.714 39.714 39.714 39.714 39.714 39.714
1.46 -28.2391 -28.2391 -28.2391 -28.2391 -28.2391 -28.2391 -28.2391 -28.2391 -28.2391
1.48 10.7207 10.7207 10.7207 10.7207 10.7207 10.7207 10.7207 10.7207 10.7207
1.5 82.4719 82.4719 82.4719 82.4719 82.4719 82.4719 82.4719 82.4719 82.4719
1.52 54.0913 54.0913 54.0913 54.0913 54.0913 54.0913 54.0913 54.0913 54.0913
1.54 -32.2282 -32.2282 -32.2282 -32.2282 -32.2282 -32.2282 -32.2282 -32.2282 -32.2282
1.56 -30.7263 -30.7263 -30.7263 -30.7263 -30.7263 -30.7263 -30.7263 -30.7263 -30.7263
1.58 45.929 45.929 45.929 45.929 45.929 45.929 45.929 45.929 45.929
1.6 38.9815 38.9815 38.9815 38.9815 38.9815 38.9815 38.9815 38.9815 38.9815
1.62 -82.5985 -82.5985 -82.5985 -82.5985 -82.5985 -82.5985 -82.5985 -82.5985 -82.5985
1.64 -159.113 -159.113 -159.113 -159.113 -159.113 -159.113 -159.113 -159.113 -159.113
1.66 -101.04 -101.04 -101.04 -101.04 -101.04 -101.04 -101.04 -101.04 -101.04
1.68 -32.5895 -32.5895 -32.5895 -32.5895 -32.5895 -32.5895 -32.5895 -32.5895 -32.5895
1.7 -74.3549 -74.3549 -74.3549 -74.3549 -74.3549 -74.3549 -74.3549 -74.3549 -74.3549
1.72 -133.055 -133.055 -133.055 -133.055 -133.055 -133.055 -133.055 -133.055 -133.055
1.74 -60.2922 -60.2922 -60.2922 -60.2922 -60.2922 -60.2922 -60.2922 -60.2922 -60.2922
1.76 83.1825 83.1825 83.1825 83.1825 83.1825 83.1825 83.1825 83.1825 83.1825
1.78 113.594 113.594 113.594 113.594 113.594 113.594 113.594 113.594 113.594
1.8 29.6756 29.6756 29.6756 29.6756 29.6756 29.6756 29.6756 29.6756 29.6756
1.82 19.2644 19.2644 19.2644 19.2644 19.2644 19.2644 19.2644 19.2644 19.2644
1.84 143.047 143.047 143.047 143.047 143.047 143.047 143.047 143.047 143.047
1.86 226.787 226.787 226.787 226.787 226.787 226.787 226.787 226.787 226.787
1.88 141.125 141.125 141.125 141.125 141.125 141.125 141.125 141.125 141.125
1.9 2.71662 2.71662 2.71662 2.71662 2.71662 2.71662 2.71662 2.71662 2.71662
1.92 -19.9402 -19.9402 -19.9402 -19.9402 -19.9402 -19.9402 -19.9402 -19.9402 -19.9402
1.94 39.3826 39.3826 39.3826 39.3826 39.3826 39.3826 39.3826 39.3826 39.3826
1.96 44.3413 44.3413 44.3413 44.3413 44.3413 44.3413 44.3413 44.3413 44.3413
1.98 11.2447 11.2447 11.2447 11.2447 11.2447 11.2447 11.2447 11.2447 11.2447
2 70.5187 70.5187 70.5187 70.5187 70.5187 70.5187 70.5187 70.5187 70.5187
2.02 207.535 207.535 207.535 207.535 207.535 207.535 207.535 207.535 207.535
2.04 247.397 247.397 247.397 247.397 247.397 247.397 247.397 247.397 247.397
2.06 132.827 132.827 132.827 132.827 132.827 132.827 132.827 132.827 132.827
2.08 25.6959 25.6959 25.6959 25.6959 25.6959 25.6959 25.6959 25.6959 25.6959
2.1 56.5458 56.5458 56.5458 56.5458 56.5458 56.5458 56.5458 56.5458 56.5458
2.12 133.909 133.909 133.909 133.909 133.909 133.909 133.909 133.909 133.909
2.14 107.861 107.861 107.861 107.861 107.861 107.861 107.861 107.861 107.861
2.16 -5.06973 -5.06973 -5.06973 -5.06973 -5.06973 -5.06973 -5.06973 -5.06973 -5.06973
2.18 -82.4554 -82.4554 -82.4554 -82.4554 -82.4554 -82.4554 -82.4554 -82.4554 -82.4554
2.2 -95.5844 -95.5844 -95.5844 -95.5844 -95.5844 -95.5844 -95.5844 -95.5844 -95.5844
2.22 -112.746 -112.746 -112.746 -112.746 -112.746 -112.746 -112.746 -112.746 -112.746
2.24 -142.737 -142.737 -142.737 -142.737 -142.737 -142.737 -142.737 -142.737 -142.737
2.26 -104.111 -104.111 -104.111 -104.111 -104.111 -104.111 -104.111 -104.111 -104.111
2.28 34.273 34.273 34.273 34.273 34.273 34.273 34.273 34.273 34.273
2.3 166.578 166.578 166.578 166.578 166.578 166.578 166.578 166.578 166.578
2.32 169.087 169.087 169.087 169.087 169.087 169.087 169.087 169.087 169.087
2.34 53.6896 53.6896 53.6896 53.6896 53.6896 53.6896 53.6896 53.6896 53.6896
2.36 -70.8693 -70.8693 -70.8693 -70.8693 -70.8693 -70.8693 -70.8693 -70.8693 -70.8693
2.38 -140.287 -140.287 -140.287 -140.287 -140.287 -140.287 -140.287 -140.287 -140.287
2.4 -174.039 -174.039 -174.039 -174.039 -174.039 -174.039 -174.039 -174.039 -174.039
2.42 -201.834 -201.834 -201.834 -201.834 -201.834 -201.834 -201.834 -201.834 -201.834
2.44 -200.882 -200.882 -200.882 -200.882 -200.882 -200.882 -200.882 -200.882 -200.882
2.46 -138.223 -138.223 -138.223 -138.223 -138.223 -138.223 -138.223 -138.223 -138.223
2.48 -52.1719 -52.1719 -52.1719 -52.1719 -52.1719 -52.1719 -52.1719 -52.1719 -52.1719
2.5 -32.6541 -32.6541 -32.6541 -32.6541 -32.6541 -32.6541 -32.6541 -32.6541 -32.6541
2.52 -100.664 -100.664 -100.664 -100.664 -100.664 -100.664 -100.664 -100.664 -100.664
2.54 -157.41 -157.41 -157.41 -157.41 -157.41 -157.41 -157.41 -157.41 -157.41
2.56 -96.7868 -96.7868 -96.7868 -96.7868 -96.7868 -96.7868 -96.7868 -96.7868 -96.7868
2.58 70.3395 70.3395 70.3395 70.3395 70.3395 70.3395 70.3395 70.3395 70.3395
2.6 239.782 239.782 239.782 239.782 239.782 239.782 239.782 239.782 239.782
2.62 320.552 320.552 320.552 320.552 320.552 320.552 320.552 320.552 320.552
2.64 280.55 280.55 280.55 280.55 280.55 280.55 280.55 280.55 280.55
2.66 132.5 132.5 132.5 132.5 132.5 132.5 132.5 132.5 132.5
2.68 -71.9328 -71.9328 -71.9328 -71.9328 -71.9328 -71.9328 -71.9328 -71.9328 -71.9328
2.7 -231.297 -231.297 -231.297 -231.297 -231.297 -231.297 -231.297 -231.297 -231.297
2.72 -229.773 -229.773 -229.773 -229.773 -229.773 -229.773 -229.773 -229.773 -229.773
2.74 -31.8685 -31.8685 -31.8685 -31.8685 -31.8685 -31.8685 -31.8685 -31.8685 -31.8685
2.76 258.868 258.868 258.868 258.868 258.868 258.868 258.868 258.868 258.868
2.78 458.909 458.909 458.909 458.909 458.909 458.909 458.909 458.909 458.909
2.8 456.047 456.047 456.047 456.047 456.047 456.047 456.047 456.047 456.047
2.82 302.849 302.849 302.849 302.849 302.849 302.849 302.849 302.849 302.849
2.84 151.276 151.276 151.276 151.276 151.276 151.276 151.276 151.276 151.276
2.86 112.342 112.342 112.342 112.342 112.342 112.342 112.342 112.342 112.342
2.88 179.33 179.33 179.33 179.33 179.33 179.33 179.33 179.33 179.33
2.9 258.895 258.895 258.895 258.895 258.895 258.895 258.895 258.895 258.895
2.92 261.447 261.447 261.447 261.447 261.447 261.447 261.447 261.447 261.447
2.94 169.591 169.591 169.591 169.591 169.591 169.591 169.591 169.591 169.591
2.96 26.6874 26.6874 26.6874 26.6874 26.6874 26.6874 26.6874 26.6874 26.6874
2.98 -113.182 -113.182 -113.182 -113.182 -113.182 -113.182 -113.182 -113.182 -113.182
3 -190.01 -190.01 -190.01 -190.01 -190.01 -190.01 -190.01 -190.01 -190.01
3.02 -128.761 -128.761 -128.761 -128.761 -128.761 -128.761 -128.761 -128.761 -128.761
3.04 86.2254 86.2254 86.2254 86.2254 86.2254 86.2254 86.2254 86.2254 86.2254
3.06 327.064 327.064 327.064 327.064 327.064 327.064 327.064 327.064 327.064
3.08 405.431 405.431 405.431 405.431 405.431 405.431 405.431 405.431 405.431
3.1 248.756 248.756 248.756 248.756 248.756 248.756 248.756 248.756 248.756
3.12 -57.4066 -57.4066 -57.4066 -57.4066 -57.4066 -57.4066 -57.4066 -57.4066 -57.4066
3.14 -384.34 -384.34 -384.34 -384.34 -384.34 -384.34 -384.34 -384.34 -384.34
3.16 -664.64 -664.64 -664.64 -664.64 -664.64 -664.64 -664.64 -664.64 -664.64
3.18 -739.401 -739.401 -739.401 -739.401 -739.401 -739.401 -739.401 -739.401 -739.401
3.2 -559.503 -559.503 -559.503 -559.503 -559.503 -559.503 -559.503 -559.503 -559.503
3.22 -173.441 -173.441 -173.441 -173.441 -173.441 -173.441 -173.441 -173.441 -173.441
3.23 34.8723 34.8723 34.8723 34.8723 34.8723 34.8723 34.8723 34.8723 34.8723
3.24 187.847 187.847 187.847 187.847 187.847 187.847 187.847 187.847 187.847
3.25 234.287 234.287 234.287 234.287 234.287 234.287 234.287 234.287 234.287
3.26 150.188 150.188 150.188 150.188 150.188 150.188 150.188 150.188 150.188
3.28 -241.243 -241.243 -241.243 -241.243 -241.243 -241.243 -241.243 -241.243 -241.243
3.3 -344.219 -344.219 -344.219 -344.219 -344.219 -344.219 -344.219 -344.219 -344.219
3.32 -311.615 -311.615 -311.615 -311.615 -311.615 -311.615 -311.615 -311.615 -311.615
3.34 -257.876 -257.876 -257.876 -257.876 -257.876 -257.876 -257.876 -257.876 -257.876
3.36 -217.805 -217.805 -217.805 -217.805 -217.805 -217.805 -217.805 -217.805 -217.805
3.37 -213.308 -213.308 -213.308 -213.308 -213.308 -213.308 -213.308 -213.308 -213.308
3.38 -222.257 -222.257 -222.257 -222.257 -222.257 -222.257 -222.257 -222.257 -222.257
3.39 -225.515 -225.515 -225.515 -225.515 -225.515 -225.515 -225.515 -225.515 -225.515
3.4 -199.037 -199.037 -199.037 -199.037 -199.037 -199.037 -199.037 -199.037 -199.037
3.41 -133.296 -133.296 -133.296 -133.296 -133.296 -133.296 -133.296 -133.296 -133.296
3.42 -25.8165 -25.8165 -25.8165 -25.8165 -25.8165 -25.8165 -25.8165 -25.8165 -25.8165
3.43 26.9332 26.9332 26.9332 26.9332 26.9332 26.9332 26.9332 26.9332 26.9332
3.44 67.0432 67.0432 67.0432 67.0432 67.0432 67.0432 67.0432 67.0432 67.0432
3.45 110.724 110.724 110.724 110.724 110.724 110.724 110.724 110.724 110.724
3.46 146.59 146.59 146.59 146.59 146.59 146.59 146.59 146.59 146.59
3.47 182.762 182.762 182.762 182.762 182.762 182.762 182.762 182.762 182.762
3.48 210.187 210.187 210.187 210.187 210.187 210.187 210.187 210.187 210.187
3.49 236.492 236.492 236.492 236.492 236.492 236.492 236.492 236.492 236.492
