0.02 -0.0195769 -0.0195769 -0.0195769 -0.0195769 -0.0195769 -0.0195769 -0.0195769 -0.0195769 -0.0195769
0.04 0.249195 0.249195 0.249195 0.249195 0.249195 0.249195 0.249195 0.249195 0.249195
0.06 0.235583 0.235583 0.235583 0.235583 0.235583 0.235583 0.235583 0.235583 0.235583
0.08 -2.04053 -2.04053 -2.04053 -2.04053 -2.04053 -2.04053 -2.04053 -2.04053 -2.04053
0.1 -6.91936 -6.91936 -6.91936 -6.91936 -6.91936 -6.91936 -6.91936 -6.91936 -6.91936
0.12 -12.4071 -12.4071 -12.4071 -12.4071 -12.4071 -12.4071 -12.4071 -12.4071 -12.4071
0.14 -15.8227 -15.8227 -15.8227 -15.8227 -15.8227 -15.8227 -15.8227 -15.8227 -15.8227
0.16 -16.5674 -16.5674 -16.5674 -16.5674 -16.5674 -16.5674 -16.5674 -16.5674 -16.5674
0.18 -15.4003 -15.4003 -15.4003 -15.4003 -15.4003 -15.4003 -15.4003 -15.4003 -15.4003
0.2 -10.309 -10.309 -10.309 -10.309 -10.309 -10.309 -10.309 -10.309 -10.309
0.22 0.209023 0.209023 0.209023 0.209023 0.209023 0.209023 0.209023 0.209023 0.209023
0.24 11.835 11.835 11.835 11.835 11.835 11.835 11.835 11.835 11.835
0.26 20.6923 20.6923 20.6923 20.6923 20.6923 20.6923 20.6923 20.6923 20.6923
0.28 27.6638 27.6638 27.6638 27.6638 27.6638 27.6638 27.6638 27.6638 27.6638
0.3 28.8681 28.8681 28.8681 28.8681 28.8681 28.8681 28.8681 28.8681 28.8681
0.32 18.4903 18.4903 18.4903 18.4903 18.4903 18.4903 18.4903 18.4903 18.4903
0.34 0.394295 0.394295 0.394295 0.394295 0.394295 0.394295 0.394295 0.394295 0.394295
0.36 -15.5959 -15.5959 -15.5959 -15.5959 -15.5959 -15.5959 -15.5959 -15.5959 -15.5959
0.38 -26.7271 -26.7271 -26.7271 -26.7271 -26.7271 -26.7271 -26.7271 -26.7271 -26.7271
0.4 -33.6008 -33.6008 -33.6008 -33.6008 -33.6008 -33.6008 -33.6008 -33.6008 -33.6008
0.42 -34.4468 -34.4468 -34.4468 -34.4468 -34.4468 -34.4468 -34.4468 -34.4468 -34.4468
0.44 -26.3653 -26.3653 -26.3653 -26.3653 -26.3653 -26.3653 -26.3653 -26.3653 -26.3653
0.46 -4.96489 -4.96489 -4.96489 -4.96489 -4.96489 -4.96489 -4.96489 -4.96489 -4.96489
0.48 26.24 26.24 26.24 26.24 26.24 26.24 26.24 26.24 26.24
0.5 45.734 45.734 45.734 45.734 45.734 45.734 45.734 45.734 45.734
0.52 34.5128 34.5128 34.5128 34.5128 34.5128 34.5128 34.5128 34.5128 34.5128
0.54 15.2821 15.2821 15.2821 15.2821 15.2821 15.2821 15.2821 15.2821 15.2821
0.56 11.3067 11.3067 11.3067 11.3067 11.3067 11.3067 11.3067 11.3067 11.3067
0.58 -0.216715 -0.216715 -0.216715 -0.216715 -0.216715 -0.216715 -0.216715 -0.216715 -0.216715
0.6 -44.0721 -44.0721 -44.0721 -44.0721 -44.0721 -44.0721 -44.0721 -44.0721 -44.0721
0.62 -80.1773 -80.1773 -80.1773 -80.1773 -80.1773 -80.1773 -80.1773 -80.1773 -80.1773
0.64 -65.0962 -65.0962 -65.0962 -65.0962 -65.0962 -65.0962 -65.0962 -65.0962 -65.0962
0.66 -40.7845 -40.7845 -40.7845 -40.7845 -40.7845 -40.7845 -40.7845 -40.7845 -40.7845
0.68 -50.5513 -50.5513 -50.5513 -50.5513 -50.5513 -50.5513 -50.5513 -50.5513 -50.5513
0.7 -65.8273 -65.8273 -65.8273 -65.8273 -65.8273 -65.8273 -65.8273 -65.8273 -65.8273
0.72 -27.0113 -27.0113 -27.0113 -27.0113 -27.0113 -27.0113 -27.0113 -27.0113 -27.0113
0.74 29.1119 29.1119 29.1119 29.1119 29.1119 29.1119 29.1119 29.1119 29.1119
0.76 6.54256 6.54256 6.54256 6.54256 6.54256 6.54256 6.54256 6.54256 6.54256
0.78 -53.5236 -53.5236 -53.5236 -53.5236 -53.5236 -53.5236 -53.5236 -53.5236 -53.5236
0.8 -45.7354 -45.7354 -45.7354 -45.7354 -45.7354 -45.7354 -45.7354 -45.7354 -45.7354
0.82 4.02134 4.02134 4.02134 4.02134 4.02134 4.02134 4.02134 4.02134 4.02134
0.84 -16.8285 -16.8285 -16.8285 -16.8285 -16.8285 -16.8285 -16.8285 -16.8285 -16.8285
0.86 -106.566 -106.566 -106.566 -106.566 -106.566 -106.566 -106.566 -106.566 -106.566
0.88 -141.074 -141.074 -141.074 -141.074 -141.074 -141.074 -141.074 -141.074 -141.074
0.9 -78.0951 -78.0951 -78.0951 -78.0951 -78.0951 -78.0951 -78.0951 -78.0951 -78.0951
0.92 -20.7836 -20.7836 -20.7836 -20.7836 -20.7836 -20.7836 -20.7836 -20.7836 -20.7836
0.94 -45.8738 -45.8738 -45.8738 -45.8738 -45.8738 -45.8738 -45.8738 -45.8738 -45.8738
0.96 -78.5814 -78.5814 -78.5814 -78.5814 -78.5814 -78.5814 -78.5814 -78.5814 -78.5814
0.98 -20.6416 -20.6416 -20.6416 -20.6416 -20.6416 -20.6416 -20.6416 -20.6416 -20.6416
1 84.7573 84.7573 84.7573 84.7573 84.7573 84.7573 84.7573 84.7573 84.7573
1.02 124.334 124.334 124.334 124.334 124.334 124.334 124.334 124.334 124.334
1.04 83.1976 83.1976 83.1976 83.1976 83.1976 83.1976 83.1976 83.1976 83.1976
1.06 47.8706 47.8706 47.8706 47.8706 47.8706 47.8706 47.8706 47.8706 47.8706
1.08 65.0436 65.0436 65.0436 65.0436 65.0436 65.0436 65.0436 65.0436 65.0436
1.1 80.2633 80.2633 80.2633 80.2633 80.2633 80.2633 80.2633 80.2633 80.2633
1.12 32.5973 32.5973 32.5973 32.5973 32.5973 32.5973 32.5973 32.5973 32.5973
1.14 -39.0743 -39.0743 -39.0743 -39.0743 -39.0743 -39.0743 -39.0743 -39.0743 -39.0743
1.16 -33.7864 -33.7864 -33.7864 -33.7864 -33.7864 -33.7864 -33.7864 -33.7864 -33.7864
1.18 56.8278 56.8278 56.8278 56.8278 56.8278 56.8278 56.8278 56.8278 56.8278
1.2 118.999 118.999 118.999 118.999 118.999 118.999 118.999 118.999 118.999
1.22 88.9636 88.9636 88.9636 88.9636 88.9636 88.9636 88.9636 88.9636 88.9636
1.24 73.3699 73.3699 73.3699 73.3699 73.3699 73.3699 73.3699 73.3699 73.3699
1.26 180.999 180.999 180.999 180.999 180.999 180.999 180.999 180.999 180.999
1.28 300.792 300.792 300.792 300.792 300.792 300.792 300.792 300.792 300.792
1.3 240.727 240.727 240.727 240.727 240.727 240.727 240.727 240.727 240.727
1.32 55.1319 55.1319 55.1319 55.1319 55.1319 55.1319 55.1319 55.1319 55.1319
1.34 -0.832365 -0.832365 -0.832365 -0.832365 -0.832365 -0.832365 -0.832365 -0.832365 -0.832365
1.36 108.3 108.3 108.3 108.3 108.3 108.3 108.3 108.3 108.3
1.38 122.165 122.165 122.165 122.165 122.165 122.165 122.165 122.165 122.165
1.4 -58.7005 -58.7005 -58.7005 -58.7005 -58.7005 -58.7005 -58.7005 -58.7005 -58.7005
1.42 -173.391 -173.391 -173.391 -173.391 -173.391 -173.391 -173.391 -173.391 -173.391
1.44 -33.3151 -33.3151 -33.3151 -33.3151 -33.3151 -33.3151 -33.3151 -33.3151 -33.3151
1.46 147.326 147.326 147.326 147.326 147.326 147.326 147.326 147.326 147.326
1.48 106.163 106.163 106.163 106.163 106.163 106.163 106.163 106.163 106.163
1.5 -24.8169 -24.8169 -24.8169 -24.8169 -24.8169 -24.8169 -24.8169 -24.8169 -24.8169
1.52 47.9766 47.9766 47.9766 47.9766 47.9766 47.9766 47.9766 47.9766 47.9766
1.54 247.319 247.319 247.319 247.319 247.319 247.319 247.319 247.319 247.319
1.56 231.549 231.549 231.549 231.549 231.549 231.549 231.549 231.549 231.549
1.58 -9.15706 -9.15706 -9.15706 -9.15706 -9.15706 -9.15706 -9.15706 -9.15706 -9.15706
1.6 -126.668 -126.668 -126.668 -126.668 -126.668 -126.668 -126.668 -126.668 -126.668
1.62 -8.76318 -8.76318 -8.76318 -8.76318 -8.76318 -8.76318 -8.76318 -8.76318 -8.76318
1.64 44.1087 44.1087 44.1087 44.1087 44.1087 44.1087 44.1087 44.1087 44.1087
1.66 -146.533 -146.533 -146.533 -146.533 -146.533 -146.533 -146.533 -146.533 -146.533
1.68 -310.198 -310.198 -310.198 -310.198 -310.198 -310.198 -310.198 -310.198 -310.198
1.7 -168.619 -168.619 -168.619 -168.619 -168.619 -168.619 -168.619 -168.619 -168.619
1.72 91.0255 91.0255 91.0255 91.0255 91.0255 91.0255 91.0255 91.0255 91.0255
1.74 115.059 115.059 115.059 115.059 115.059 115.059 115.059 115.059 115.059
1.76 -30.13 -30.13 -30.13 -30.13 -30.13 -30.13 -30.13 -30.13 -30.13
1.78 22.7323 22.7323 22.7323 22.7323 22.7323 22.7323 22.7323 22.7323 22.7323
1.8 296.918 296.918 296.918 296.918 296.918 296.918 296.918 296.918 296.918
1.82 399.105 399.105 399.105 399.105 399.105 399.105 399.105 399.105 399.105
1.84 168.855 168.855 168.855 168.855 168.855 168.855 168.855 168.855 168.855
1.86 -61.4238 -61.4238 -61.4238 -61.4238 -61.4238 -61.4238 -61.4238 -61.4238 -61.4238
1.88 -26.5418 -26.5418 -26.5418 -26.5418 -26.5418 -26.5418 -26.5418 -26.5418 -26.5418
1.9 64.9638 64.9638 64.9638 64.9638 64.9638 64.9638 64.9638 64.9638 64.9638
1.92 -70.8664 -70.8664 -70.8664 -70.8664 -70.8664 -70.8664 -70.8664 -70.8664 -70.8664
1.94 -282.858 -282.858 -282.858 -282.858 -282.858 -282.858 -282.858 -282.858 -282.858
1.96 -226.467 -226.467 -226.467 -226.467 -226.467 -226.467 -226.467 -226.467 -226.467
1.98 52.3276 52.3276 52.3276 52.3276 52.3276 52.3276 52.3276 52.3276 52.3276
2 187.055 187.055 187.055 187.055 187.055 187.055 187.055 187.055 187.055
2.02 92.6084 92.6084 92.6084 92.6084 92.6084 92.6084 92.6084 92.6084 92.6084
2.04 79.741 79.741 79.741 79.741 79.741 79.741 79.741 79.741 79.741
2.06 287.256 287.256 287.256 287.256 287.256 287.256 287.256 287.256 287.256
2.08 426.199 426.199 426.199 426.199 426.199 426.199 426.199 426.199 426.199
2.1 267.85 267.85 267.85 267.85 267.85 267.85 267.85 267.85 267.85
2.12 13.4927 13.4927 13.4927 13.4927 13.4927 13.4927 13.4927 13.4927 13.4927
2.14 -58.585 -58.585 -58.585 -58.585 -58.585 -58.585 -58.585 -58.585 -58.585
2.16 -20.5752 -20.5752 -20.5752 -20.5752 -20.5752 -20.5752 -20.5752 -20.5752 -20.5752
2.18 -102.577 -102.577 -102.577 -102.577 -102.577 -102.577 -102.577 -102.577 -102.577
2.2 -272.652 -272.652 -272.652 -272.652 -272.652 -272.652 -272.652 -272.652 -272.652
2.22 -294.579 -294.579 -294.579 -294.579 -294.579 -294.579 -294.579 -294.579 -294.579
2.24 -109.939 -109.939 -109.939 -109.939 -109.939 -109.939 -109.939 -109.939 -109.939
2.26 89.7609 89.7609 89.7609 89.7609 89.7609 89.7609 89.7609 89.7609 89.7609
2.28 141.295 141.295 141.295 141.295 141.295 141.295 141.295 141.295 141.295
2.3 113.444 113.444 113.444 113.444 113.444 113.444 113.444 113.444 113.444
2.32 144.599 144.599 144.599 144.599 144.599 144.599 144.599 144.599 144.599
2.34 182.276 182.276 182.276 182.276 182.276 182.276 182.276 182.276 182.276
2.36 89.9691 89.9691 89.9691 89.9691 89.9691 89.9691 89.9691 89.9691 89.9691
2.38 -113.19 -113.19 -113.19 -113.19 -113.19 -113.19 -113.19 -113.19 -113.19
2.4 -280.145 -280.145 -280.145 -280.145 -280.145 -280.145 -280.145 -280.145 -280.145
2.42 -305.623 -305.623 -305.623 -305.623 -305.623 -305.623 -305.623 -305.623 -305.623
2.44 -235.215 -235.215 -235.215 -235.215 -235.215 -235.215 -235.215 -235.215 -235.215
2.46 -196.188 -196.188 -196.188 -196.188 -196.188 -196.188 -196.188 -196.188 -196.188
2.48 -211.813 -211.813 -211.813 -211.813 -211.813 -211.813 -211.813 -211.813 -211.813
2.5 -165.446 -165.446 -165.446 -165.446 -165.446 -165.446 -165.446 -165.446 -165.446
2.52 17.3063 17.3063 17.3063 17.3063 17.3063 17.3063 17.3063 17.3063 17.3063
2.54 235.343 235.343 235.343 235.343 235.343 235.343 235.343 235.343 235.343
2.56 354.786 354.786 354.786 354.786 354.786 354.786 354.786 354.786 354.786
2.58 380.93 380.93 380.93 380.93 380.93 380.93 380.93 380.93 380.93
2.6 375.099 375.099 375.099 375.099 375.099 375.099 375.099 375.099 375.099
2.62 309.031 309.031 309.031 309.031 309.031 309.031 309.031 309.031 309.031
2.64 124.354 124.354 124.354 124.354 124.354 124.354 124.354 124.354 124.354
2.66 -139.269 -139.269 -139.269 -139.269 -139.269 -139.269 -139.269 -139.269 -139.269
2.68 -346.433 -346.433 -346.433 -346.433 -346.433 -346.433 -346.433 -346.433 -346.433
2.7 -391.613 -391.613 -391.613 -391.613 -391.613 -391.613 -391.613 -391.613 -391.613
2.72 -295.205 -295.205 -295.205 -295.205 -295.205 -295.205 -295.205 -295.205 -295.205
2.74 -144.952 -144.952 -144.952 -144.952 -144.952 -144.952 -144.952 -144.952 -144.952
2.76 7.67707 7.67707 7.67707 7.67707 7.67707 7.67707 7.67707 7.67707 7.67707
2.78 184.545 184.545 184.545 184.545 184.545 184.545 184.545 184.545 184.545
2.8 399.59 399.59 399.59 399.59 399.59 399.59 399.59 399.59 399.59
2.82 575.331 575.331 575.331 575.331 575.331 575.331 575.331 575.331 575.331
2.84 618.467 618.467 618.467 618.467 618.467 618.467 618.467 618.467 618.467
2.86 519.293 519.293 519.293 519.293 519.293 519.293 519.293 519.293 519.293
2.88 340.081 340.081 340.081 340.081 340.081 340.081 340.081 340.081 340.081
2.9 154.297 154.297 154.297 154.297 154.297 154.297 154.297 154.297 154.297
2.92 0.000624223 0.000624223 0.000624223 0.000624223 0.000624223 0.000624223 0.000624223 0.000624223 0.000624223
2.94 -142.177 -142.177 -142.177 -142.177 -142.177 -142.177 -142.177 -142.177 -142.177
2.96 -287.788 -287.788 -287.788 -287.788 -287.788 -287.788 -287.788 -287.788 -287.788
2.98 -354.817 -354.817 -354.817 -354.817 -354.817 -354.817 -354.817 -354.817 -354.817
3 -238.72 -238.72 -238.72 -238.72 -238.72 -238.72 -238.72 -238.72 -238.72
3.02 -1.6576 -1.6576 -1.6576 -1.6576 -1.6576 -1.6576 -1.6576 -1.6576 -1.6576
3.04 168.019 168.019 168.019 168.019 168.019 168.019 168.019 168.019 168.019
3.06 211.959 211.959 211.959 211.959 211.959 211.959 211.959 211.959 211.959
3.08 203.651 203.651 203.651 203.651 203.651 203.651 203.651 203.651 203.651
3.1 128.501 128.501 128.501 128.501 128.501 128.501 128.501 128.501 128.501
3.12 -114.175 -114.175 -114.175 -114.175 -114.175 -114.175 -114.175 -114.175 -114.175
3.14 -509.56 -509.56 -509.56 -509.56 -509.56 -509.56 -509.56 -509.56 -509.56
3.16 -748.004 -748.004 -748.004 -748.004 -748.004 -748.004 -748.004 -748.004 -748.004
3.18 -571.212 -571.212 -571.212 -571.212 -571.212 -571.212 -571.212 -571.212 -571.212
3.2 -332.732 -332.732 -332.732 -332.732 -332.732 -332.732 -332.732 -332.732 -332.732
3.22 -297.978 -297.978 -297.978 -297.978 -297.978 -297.978 -297.978 -297.978 -297.978
3.23 -365.374 -365.374 -365.374 -365.374 -365.374 -365.374 -365.374 -365.374 -365.374
3.24 -458.439 -458.439 -458.439 -458.439 -458.439 -458.439 -458.439 -458.439 -458.439
3.25 -511.363 -511.363 -511.363 -511.363 -511.363 -511.363 -511.363 -511.363 -511.363
3.26 -473.885 -473.885 -473.885 -473.885 -473.885 -473.885 -473.885 -473.885 -473.885
3.28 -218.03 -218.03 -218.03 -218.03 -218.03 -218.03 -218.03 -218.03 -218.03
3.3 -212.908 -212.908 -212.908 -212.908 -212.908 -212.908 -212.908 -212.908 -212.908
3.32 -408.135 -408.135 -408.135 -408.135 -408.135 -408.135 -408.135 -408.135 -408.135
3.34 -589.736 -589.736 -589.736 -589.736 -589.736 -589.736 -589.736 -589.736 -589.736
3.36 -584.669 -584.669 -584.669 -584.669 -584.669 -584.669 -584.669 -584.669 -584.669
3.37 -469.24 -469.24 -469.24 -469.24 -469.24 -469.24 -469.24 -469.24 -469.24
3.38 -291.674 -291.674 -291.674 -291.674 -291.674 -291.674 -291.674 -291.674 -291.674
3.39 -99.9323 -99.9323 -99.9323 -99.9323 -99.9323 -99.9323 -99.9323 -99.9323 -99.9323
3.4 28.44 28.44 28.44 28.44 28.44 28.44 28.44 28.44 28.44
3.41 64.167 64.167 64.167 64.167 64.167 64.167 64.167 64.167 64.167
3.42 -16.6864 -16.6864 -16.6864 -16.6864 -16.6864 -16.6864 -16.6864 -16.6864 -16.6864
3.43 -25.1475 -25.1475 -25.1475 -25.1475 -25.1475 -25.1475 -25.1475 -25.1475 -25.1475
3.44 -56.6302 -56.6302 -56.6302 -56.6302 -56.6302 -56.6302 -56.6302 -56.6302 -56.6302
3.45 -138.427 -138.427 -138.427 -138.427 -138.427 -138.427 -138.427 -138.427 -138.427
3.46 -248.706 -248.706 -248.706 -248.706 -248.706 -248.706 -248.706 -248.706 -248.706
3.47 -386.725 -386.725 -386.725 -386.725 -386.725 -386.725 -386.725 -386.725 -386.725
3.48 -521.096 -521.096 -521.096 -521.096 -521.096 -521.096 -521.096 -521.096 -521.096
3.49 -645.686 -645.686 -645.686 -645.686 -645.686 -645.686 -645.686 -645.686 -645.686
