0.005 -0.477545
0.01 -0.4407
0.015 -0.392436
0.02 -0.33732
0.025 -0.280344
0.03 -0.225713
0.035 -0.177447
0.04 -0.138575
0.045 -0.110925
0.05 -0.0950677
0.055 -0.0905224
0.06 -0.0969394
0.065 -0.113036
0.07 -0.135896
0.075 -0.163523
0.08 -0.19194
0.085 -0.217619
0.09 -0.237401
0.095 -0.250952
0.1 -0.254355
0.105 -0.246741
0.11 -0.228899
0.115 -0.202422
0.12 -0.173017
0.125 -0.1404
0.13 -0.111606
0.135 -0.0868088
0.14 -0.0640128
0.145 -0.0473944
0.15 -0.0360592
0.155 -0.045244
0.16 -0.0849721
0.165 -0.171774
0.17 -0.320973
0.175 -0.51622
0.18 -0.71297
0.185 -0.896679
0.19 -1.05399
0.195 -1.14857
0.2 -1.14871
0.205 -1.04032
0.21 -0.871041
0.215 -0.717484
0.22 -0.599877
0.225 -0.506185
0.23 -0.416145
0.235 -0.318416
0.24 -0.220203
0.245 -0.123894
0.25 -0.0515599
0.255 -0.00714399
0.26 0.0244253
0.265 0.0722903
0.27 0.126434
0.275 0.173919
0.28 0.215623
0.285 0.248746
0.29 0.29163
0.295 0.333928
0.3 0.355386
0.305 0.344443
0.31 0.299128
0.315 0.217084
0.32 0.077175
0.325 -0.126304
0.33 -0.386658
0.335 -0.673623
0.34 -0.936238
0.345 -1.13011
0.35 -1.23116
0.355 -1.2565
0.36 -1.23205
0.365 -1.2292
0.37 -1.26876
0.375 -1.37112
0.38 -1.54112
0.385 -1.74777
0.39 -1.96834
0.395 -2.13747
0.4 -2.2174
0.405 -2.17026
0.41 -2.01452
0.415 -1.76422
0.42 -1.45116
0.425 -1.11535
0.43 -0.76673
0.435 -0.480167
0.44 -0.245567
0.445 -0.0359851
0.45 0.215316
0.455 0.484718
0.46 0.745755
0.465 0.951317
0.47 1.05614
0.475 1.12553
0.48 1.16356
0.485 1.23545
0.49 1.31071
0.495 1.29914
0.5 1.15988
0.505 0.881252
0.51 0.492737
0.515 0.0167598
0.52 -0.461507
0.525 -0.886131
0.53 -1.21782
0.535 -1.46478
0.54 -1.61733
0.545 -1.63785
0.55 -1.54511
0.555 -1.37321
0.56 -1.18059
0.565 -1.00617
0.57 -0.848559
0.575 -0.694937
0.58 -0.514097
0.585 -0.280643
0.59 -0.0184231
0.595 0.24887
0.6 0.532843
0.605 0.816048
0.61 1.06321
0.615 1.25687
0.62 1.37927
0.625 1.4909
0.63 1.63804
0.635 1.81622
0.64 1.95622
0.645 1.98805
0.65 1.89398
0.655 1.65017
0.66 1.24671
0.665 0.657166
0.67 -0.0376242
0.675 -0.76461
0.68 -1.45338
0.685 -2.07324
0.69 -2.66922
0.695 -3.23846
0.7 -3.7571
0.705 -4.17057
0.71 -4.47795
0.715 -4.60121
0.72 -4.49144
0.725 -4.14002
0.73 -3.48071
0.735 -2.50749
0.74 -1.28828
0.745 0.043863
0.75 1.3199
0.755 2.32662
0.76 2.94918
0.765 3.20209
0.77 3.07159
0.775 2.64738
0.78 1.98874
0.785 1.0854
0.79 -0.0412054
0.795 -1.31976
0.8 -2.54263
0.805 -3.50883
0.81 -4.01452
0.815 -4.05193
0.82 -3.58662
0.825 -2.71972
0.83 -1.76064
0.835 -0.817798
0.84 0.0603772
0.845 0.890475
0.85 1.62159
0.855 2.19558
0.86 2.65898
0.865 2.9384
0.87 3.13906
0.875 3.19916
0.88 3.13105
0.885 3.06684
0.89 3.02107
0.895 2.97865
0.9 2.86583
0.905 2.75249
0.91 2.68365
0.915 2.64503
0.92 2.56399
0.925 2.28642
0.93 1.84048
0.935 1.30365
0.94 0.764291
0.945 0.231858
0.95 -0.326239
0.955 -0.845914
0.96 -1.34939
0.965 -1.75752
0.97 -2.14224
0.975 -2.45503
0.98 -2.68256
0.985 -2.86327
0.99 -2.9886
0.995 -3.11529
1 -3.22676
1.005 -3.40997
1.01 -3.71279
1.015 -4.15891
1.02 -4.8068
1.025 -5.52076
1.03 -6.15632
1.035 -6.45308
1.04 -6.34802
1.045 -5.86166
1.05 -5.08474
1.055 -4.28615
1.06 -3.56411
1.065 -3.00319
1.07 -2.65437
1.075 -2.45782
1.08 -2.40655
1.085 -2.26825
1.09 -1.8857
1.095 -1.13805
1.1 -0.153793
1.105 0.935593
1.11 2.09437
1.115 3.20464
1.12 4.14974
1.125 4.72563
1.13 4.81388
1.135 4.51824
1.14 4.10253
1.145 3.72145
1.15 3.45542
1.155 3.40998
1.16 3.48923
1.165 3.59169
1.17 3.63463
1.175 3.55675
1.18 3.31987
1.185 2.84963
1.19 2.18512
1.195 1.36624
1.2 0.58602
1.205 0.00174584
1.21 -0.231687
1.215 -0.0174111
1.22 0.586061
1.225 1.43475
1.23 2.35875
1.235 3.26152
1.24 4.0632
1.245 4.63613
1.25 4.94675
1.255 4.90345
1.26 4.55819
1.265 3.85242
1.27 2.76222
1.275 1.45889
1.28 0.0753595
1.285 -1.28656
1.29 -2.72485
1.295 -4.18858
1.3 -5.59942
1.305 -6.91049
1.31 -8.1337
1.315 -9.26552
1.32 -10.1264
1.325 -10.7018
1.33 -11.0528
1.335 -11.1504
1.34 -11.1079
1.345 -11.043
1.35 -11.0386
1.355 -11.1032
1.36 -11.2014
1.365 -11.2618
1.37 -11.177
1.375 -10.9396
1.38 -10.4546
1.385 -9.75121
1.39 -8.66295
1.395 -7.12179
1.4 -5.18639
1.405 -3.07506
1.41 -1.10318
1.415 0.603627
1.42 1.90843
1.425 2.80985
1.43 3.39369
1.435 3.73115
1.44 3.86723
1.445 3.80642
1.45 3.57917
1.455 3.27324
1.46 2.97957
1.465 2.80841
1.47 2.7469
1.475 2.79634
1.48 2.89957
1.485 3.14455
1.49 3.50389
1.495 3.91359
1.5 4.38875
1.505 4.91568
1.51 5.40832
1.515 5.80341
1.52 6.11384
1.525 6.37194
1.53 6.66806
1.535 7.07859
1.54 7.58411
1.545 8.12623
1.55 8.48831
1.555 8.63162
1.56 8.57769
1.565 8.39613
1.57 8.03899
1.575 7.54404
1.58 6.98695
1.585 6.33702
1.59 5.62646
1.595 4.9789
1.6 4.53982
1.605 4.31279
1.61 4.34573
1.615 4.5593
1.62 4.81447
1.625 5.12961
1.63 5.56481
1.635 6.24219
1.64 6.99847
1.645 7.70603
1.65 8.28187
1.655 8.57161
1.66 8.48291
1.665 7.92
1.67 6.87478
1.675 5.33722
1.68 3.43976
1.685 1.38748
1.69 -0.733987
1.695 -2.90988
1.7 -5.10046
1.705 -7.11115
1.71 -8.87429
1.715 -10.2983
1.72 -11.3056
1.725 -11.9083
1.73 -12.1639
1.735 -12.1219
1.74 -11.7815
1.745 -11.2418
1.75 -10.6045
1.755 -9.9802
1.76 -9.35836
1.765 -8.78344
1.77 -8.33044
1.775 -8.03154
1.78 -8.00067
1.785 -8.10546
1.79 -8.18671
1.795 -8.03333
1.8 -7.50648
1.805 -6.478
1.81 -4.87322
1.815 -2.76778
1.82 -0.361971
1.825 2.06012
1.83 4.39289
1.835 6.43851
1.84 8.04886
1.845 9.1207
1.85 9.60556
1.855 9.46728
1.86 8.72761
1.865 7.40036
1.87 5.46122
1.875 3.0349
1.88 0.271576
1.885 -2.52988
1.89 -5.02805
1.895 -7.01443
1.9 -8.41039
1.905 -9.16977
1.91 -9.25393
1.915 -8.74518
1.92 -7.7527
1.925 -6.44041
1.93 -4.8914
1.935 -3.12746
1.94 -1.05965
1.945 1.27781
1.95 3.69316
1.955 6.05892
1.96 8.18283
1.965 9.96373
1.97 11.3588
1.975 12.3342
1.98 12.842
1.985 12.9024
1.99 12.689
1.995 12.3434
2 11.9579
2.005 11.4255
2.01 10.6494
2.015 9.53512
2.02 8.09284
2.025 6.54391
2.03 5.07588
2.035 3.72057
2.04 2.48319
2.045 1.35915
2.05 0.385254
2.055 -0.304124
2.06 -0.739435
2.065 -0.971553
2.07 -1.0671
2.075 -1.1352
2.08 -1.20503
2.085 -1.22555
2.09 -1.07786
2.095 -0.792693
2.1 -0.409071
2.105 -0.0224408
2.11 0.279966
2.115 0.403967
2.12 0.234962
2.125 -0.204252
2.13 -0.88227
2.135 -1.72014
2.14 -2.59279
2.145 -3.2844
2.15 -3.68891
2.155 -3.8133
2.16 -3.66735
2.165 -3.23318
2.17 -2.55343
2.175 -1.86986
2.18 -1.35984
2.185 -1.13046
2.19 -1.18901
2.195 -1.45069
2.2 -1.77873
2.205 -2.03779
2.21 -2.12083
2.215 -1.92817
2.22 -1.46298
2.225 -0.836922
2.23 -0.319454
2.235 -0.0903645
2.24 -0.198593
2.245 -0.663086
2.25 -1.39454
2.255 -2.2451
2.26 -2.91757
2.265 -3.33362
2.27 -3.39031
2.275 -2.94831
2.28 -2.02693
2.285 -0.686516
2.29 0.846774
2.295 2.22779
2.3 3.16993
2.305 3.59149
2.31 3.31082
2.315 2.5077
2.32 1.53608
2.325 0.649183
2.33 0.00204789
2.335 -0.310628
2.34 -0.196523
2.345 0.354344
2.35 1.47468
2.355 3.08022
2.36 4.98431
2.365 7.11029
2.37 9.33529
2.375 11.4783
2.38 13.2481
2.385 14.485
2.39 14.937
2.395 14.5364
2.4 13.3372
2.405 11.5618
2.41 9.55518
2.415 7.51543
2.42 5.58339
2.425 3.78143
2.43 2.15853
2.435 0.706086
2.44 -0.504568
2.445 -1.37607
2.45 -1.81853
2.455 -1.75539
2.46 -1.19094
2.465 -0.0520153
2.47 1.47567
2.475 3.15209
2.48 4.91585
2.485 6.5684
2.49 7.91341
2.495 8.80566
2.5 9.20888
2.505 9.10861
2.51 8.59652
2.515 7.73201
2.52 6.67318
2.525 5.49027
2.53 4.2463
2.535 3.0389
2.54 1.95718
2.545 1.13461
2.55 0.57506
2.555 0.160436
2.56 -0.186263
2.565 -0.548003
2.57 -0.94186
2.575 -1.41968
2.58 -1.93562
2.585 -2.49316
2.59 -3.11922
2.595 -3.72346
2.6 -4.43739
2.605 -5.2118
2.61 -5.91117
2.615 -6.33704
2.62 -6.31799
2.625 -5.74513
2.63 -4.64277
2.635 -3.20781
2.64 -1.69417
2.645 -0.412975
2.65 0.567211
2.655 1.15893
2.66 1.3393
2.665 1.1909
2.67 0.726613
2.675 -0.0250873
2.68 -1.06643
2.685 -2.1714
2.69 -3.19684
2.695 -4.20376
2.7 -5.03268
2.705 -5.58758
2.71 -5.72557
2.715 -5.50389
2.72 -4.83984
2.725 -3.95065
2.73 -3.00181
2.735 -1.99986
2.74 -1.18871
2.745 -0.570627
2.75 -0.0597299
2.755 0.478242
2.76 1.01245
2.765 1.40237
2.77 1.59031
2.775 1.44544
2.78 0.970054
2.785 0.23578
2.79 -0.553036
2.795 -1.14629
2.8 -1.38341
2.805 -1.11486
2.81 -0.33962
2.815 0.772502
2.82 2.05121
2.825 3.36237
2.83 4.48905
2.835 5.34572
2.84 5.74936
2.845 5.643
2.85 5.11934
2.855 4.24187
2.86 3.09907
2.865 1.83467
2.87 0.667266
2.875 -0.282065
2.88 -0.909781
2.885 -1.17925
2.89 -1.21245
2.895 -1.00757
2.9 -0.516416
2.905 0.414126
2.91 1.90509
2.915 3.90174
2.92 6.14513
2.925 8.28652
2.93 9.99755
2.935 10.9082
2.94 10.8767
2.945 9.80938
2.95 7.89703
2.955 5.53006
2.96 3.1163
2.965 0.980929
2.97 -0.703891
2.975 -1.78148
2.98 -2.25438
2.985 -2.30941
2.99 -2.23586
2.995 -2.25873
3 -2.479
3.005 -2.90688
3.01 -3.4684
3.015 -4.11451
3.02 -4.82058
3.025 -5.65906
3.03 -6.71655
3.035 -8.03076
3.04 -9.43571
3.045 -10.6583
3.05 -11.5477
3.055 -12.0255
3.06 -12.1815
3.065 -12.1189
3.07 -11.9292
3.075 -11.6846
3.08 -11.382
3.085 -10.9904
3.09 -10.3922
3.095 -9.48698
3.1 -8.19711
3.105 -6.53912
3.11 -4.64848
3.115 -2.70575
3.12 -0.962252
3.125 0.407764
3.13 1.33436
3.135 1.85446
3.14 1.98494
3.145 1.82564
3.15 1.51682
3.155 1.24752
3.16 1.15445
3.165 1.25875
3.17 1.47281
3.175 1.62898
3.18 1.50803
3.185 0.825427
3.19 -0.522402
3.195 -2.50938
3.2 -4.96432
3.205 -7.65015
3.21 -10.2265
3.215 -12.3427
3.22 -13.8308
3.225 -14.6248
3.23 -14.7433
3.235 -14.1896
3.24 -13.0433
3.245 -11.3502
3.25 -9.26779
3.255 -7.03184
3.26 -4.86532
3.265 -2.95035
3.27 -1.3408
3.275 -0.0675822
3.28 0.902235
3.285 1.6802
3.29 2.41504
3.295 3.15915
3.3 3.97228
3.305 4.95124
3.31 6.1045
3.315 7.31383
3.32 8.3633
3.325 9.13769
3.33 9.57736
3.335 9.69409
3.34 9.51243
3.345 9.05372
3.35 8.2956
3.355 7.34259
3.36 6.35951
3.365 5.35983
3.37 4.41373
3.375 3.44439
3.38 2.35855
3.385 1.07359
3.39 -0.314027
3.395 -1.74443
3.4 -3.24914
3.405 -4.85148
3.41 -6.4987
3.415 -7.85149
3.42 -8.85176
3.425 -9.37861
3.43 -9.45038
3.435 -9.19143
3.44 -8.6639
3.445 -7.9769
3.45 -7.09596
3.455 -6.02223
3.46 -4.7043
3.465 -3.31743
3.47 -1.97217
3.475 -0.826463
3.48 0.0279874
3.485 0.703786
3.49 1.16745
3.495 1.46899
3.5 1.57327
3.505 1.65797
3.51 1.78599
3.515 1.92169
3.52 2.04643
3.525 2.042
3.53 1.11542
3.535 0.381313
3.54 -0.37911
3.545 -1.19428
3.55 -2.051
3.555 -3.13946
3.56 -4.33424
3.565 -5.58254
3.57 -6.81017
3.575 -7.78658
3.58 -8.78616
3.585 -9.36274
3.59 -9.84252
3.595 -10.1741
3.6 -10.4623
3.605 -10.927
3.61 -11.4994
3.615 -12.4283
3.62 -13.4921
3.625 -14.5653
3.63 -15.193
3.635 -15.3136
3.64 -14.949
3.645 -13.9726
3.65 -12.4838
3.655 -10.5148
3.66 -8.15385
3.665 -5.38907
3.67 -2.41424
3.675 0.774778
3.68 4.08716
3.685 7.57247
3.69 11.2919
3.695 15.2384
3.7 19.2662
3.705 23.2557
3.71 27.1125
3.715 30.5081
3.72 33.4734
3.725 35.8782
3.73 37.832
3.735 39.3169
3.74 40.2148
3.745 40.6134
3.75 40.4799
3.755 40.254
3.76 40.0291
3.765 39.8885
3.77 39.7986
3.775 39.4461
3.78 38.9612
3.785 38.216
3.79 37.2752
3.795 36.1363
3.8 34.9235
3.805 33.723
3.81 32.5871
3.815 31.5789
3.82 30.6013
3.825 29.8522
3.83 29.0517
3.835 28.2023
3.84 27.044
3.845 25.3407
3.85 22.9858
3.855 19.7949
3.86 16.0486
3.865 10.2027
3.87 5.04617
3.875 -0.0879583
3.88 -5.23907
3.885 -11.3067
3.89 -16.9522
3.895 -21.9689
3.9 -26.2463
3.905 -31.1717
3.91 -34.7575
3.915 -37.3757
3.92 -39.407
3.925 -41.0032
3.93 -41.3879
3.935 -42.2078
3.94 -42.2523
3.945 -41.6365
3.95 -40.3322
3.955 -38.4083
3.96 -35.9031
3.965 -33.143
3.97 -30.7275
3.975 -28.4913
3.98 -26.6193
3.985 -25.1135
3.99 -24.0286
3.995 -23.3824
4 -23.1465
4.005 -23.1966
4.01 -23.6295
4.015 -24.2398
4.02 -24.6598
4.025 -24.6179
4.03 -23.9677
4.035 -22.474
4.04 -20.1025
4.045 -16.7775
4.05 -12.6167
4.055 -7.66334
4.06 -2.07333
4.065 6.50437
4.07 14.4761
4.075 22.2406
4.08 29.7167
4.085 36.7361
4.09 43.2628
4.095 45.6527
4.1 49.1258
4.105 52.6662
4.11 57.3779
4.115 60.8711
4.12 65.8448
4.125 68.624
4.13 69.9767
4.135 69.5374
4.14 68.9656
4.145 65.0164
4.15 58.5872
4.155 49.8361
4.16 39.1465
4.165 27.0351
4.17 13.9635
4.175 0.557439
4.18 -12.575
4.185 -24.7417
4.19 -35.4792
4.195 -44.2926
4.2 -50.9837
4.205 -55.8583
4.21 -58.9423
4.215 -60.4569
4.22 -60.5917
4.225 -59.7691
4.23 -58.2074
4.235 -56.1349
4.24 -53.712
4.245 -50.997
4.25 -49.3794
4.255 -46.4282
4.26 -42.8032
4.265 -38.3913
4.27 -33.3638
4.275 -28.5917
4.28 -23.6144
4.285 -18.2845
4.29 -12.5844
4.295 -6.72254
4.3 -0.905429
4.305 4.57385
4.31 9.56692
4.315 14.0264
4.32 17.8619
4.325 20.9772
4.33 23.1993
4.335 24.5592
4.34 25.2384
4.345 25.2791
4.35 24.8787
4.355 24.0193
4.36 22.7145
4.365 18.8769
4.37 15.1394
4.375 11.5005
4.38 8.15182
4.385 5.19461
4.39 2.6497
4.395 0.56088
4.4 -1.16607
4.405 -2.56348
4.41 -3.86222
4.415 -5.34035
4.42 -7.40737
4.425 -10.2552
4.43 -13.7125
4.435 -17.585
4.44 -21.3707
4.445 -24.677
4.45 -27.0719
4.455 -28.2397
4.46 -27.918
4.465 -25.8958
4.47 -22.1811
4.475 -16.8729
4.48 -10.5158
4.485 -3.23466
4.49 4.34892
4.495 11.6516
4.5 18.1341
4.505 23.3561
4.51 27.0998
4.515 28.6441
4.52 28.473
4.525 26.6274
4.53 23.4872
4.535 19.3723
4.54 14.644
4.545 9.76837
4.55 5.32907
4.555 1.97143
4.56 1.36494
4.565 1.97467
4.57 4.1999
4.575 7.90573
4.58 12.7222
4.585 18.1756
4.59 23.7777
4.595 28.9862
4.6 33.4768
4.605 36.8339
4.61 38.8651
4.615 39.431
4.62 38.6589
4.625 36.7675
4.63 34.0804
4.635 30.9708
4.64 28.2321
4.645 25.3486
4.65 22.7048
4.655 20.4658
4.66 18.7548
4.665 17.3953
4.67 15.9618
4.675 14.0037
4.68 11.2306
4.685 7.28994
4.69 2.35259
4.695 -3.67433
4.7 -10.5334
4.705 -17.9614
4.71 -25.5391
4.715 -32.8391
4.72 -39.4691
4.725 -44.9585
4.73 -48.9369
4.735 -51.1676
4.74 -51.6429
4.745 -50.1788
4.75 -46.9417
4.755 -42.0215
4.76 -35.8839
4.765 -28.8523
4.77 -21.0656
4.775 -12.562
4.78 -3.4492
4.785 5.9993
4.79 15.6617
4.795 25.0474
4.8 33.982
4.805 41.6468
4.81 47.5574
4.815 51.2606
4.82 52.5274
4.825 51.4052
4.83 48.8064
4.835 44.3952
4.84 38.7251
4.845 32.3521
4.85 25.6271
4.855 18.7759
4.86 11.9635
4.865 5.28495
4.87 -1.22926
4.875 -7.68714
4.88 -13.9524
4.885 -19.845
4.89 -28.7727
4.895 -34.44
4.9 -38.725
4.905 -41.4717
4.91 -42.6333
4.915 -42.1058
4.92 -40.1292
4.925 -36.8801
4.93 -32.638
4.935 -27.3189
4.94 -20.9451
4.945 -13.691
4.95 -6.12462
4.955 1.30513
4.96 8.48975
4.965 15.1673
4.97 21.2548
4.975 26.6934
4.98 31.5194
4.985 35.7007
4.99 39.0938
4.995 41.4526
5 42.627
5.005 41.8568
5.01 39.6287
5.015 36.0332
5.02 31.285
5.025 25.7574
5.03 19.8363
5.035 13.8826
5.04 8.12088
5.045 2.66936
5.05 -2.46984
5.055 -7.27537
5.06 -11.7489
5.065 -15.8738
5.07 -19.986
5.075 -24.1737
5.08 -28.3263
5.085 -32.3569
5.09 -35.9822
5.095 -38.9026
5.1 -40.9208
5.105 -42.0544
5.11 -40.247
5.115 -38.9403
5.12 -37.5474
5.125 -36.1907
5.13 -34.9601
5.135 -33.9647
5.14 -33.3678
5.145 -30.988
5.15 -32.8565
5.155 -35.0836
5.16 -49.1829
5.165 -61.5953
5.17 -69.0671
5.175 -76.5289
5.18 -82.4133
5.185 -86.527
5.19 -87.366
5.195 -86.2205
5.2 -82.9491
5.205 -77.9745
5.21 -71.6089
5.215 -64.0734
5.22 -55.5726
5.225 -46.2917
5.23 -36.5542
5.235 -26.7155
5.24 -17.0121
5.245 -7.61865
5.25 7.00249
5.255 17.6649
5.26 26.8074
5.265 34.151
5.27 39.2196
5.275 42.3492
5.28 43.7231
5.285 43.4713
5.29 41.6546
5.295 38.3548
5.3 33.6682
5.305 23.3085
5.31 10.5407
5.315 -4.0091
5.32 -19.4001
5.325 -34.8263
5.33 -48.475
5.335 -61.0871
5.34 -71.7738
5.345 -79.9304
5.35 -85.2339
5.355 -87.5951
5.36 -87.066
5.365 -81.3631
5.37 -72.1989
5.375 -60.784
5.38 -48.1956
5.385 -35.4906
5.39 -23.6744
5.395 -13.6174
5.4 -5.95648
5.405 -0.918483
5.41 1.61894
5.415 2.15368
5.42 1.44463
5.425 0.35604
5.43 -0.210135
5.435 0.592728
5.44 3.33604
5.445 8.27006
5.45 15.4707
5.455 24.8581
5.46 36.0826
5.465 48.5704
5.47 61.6382
5.475 73.4964
5.48 84.2941
5.485 87.2071
5.49 108.173
5.495 128.206
5.5 145.68
5.505 163.967
5.51 179.855
5.515 193.428
5.52 204.73
5.525 213.838
5.53 208.763
5.535 209.771
5.54 104.688
5.545 3.07701
5.55 25.464
5.555 1.97914
5.56 -21.3615
5.565 -42.4549
5.57 -60.4987
5.575 -75.2544
5.58 -14.5247
5.585 15.1721
5.59 45.2831
5.595 32.056
5.6 35.7626
5.605 37.694
5.61 39.7344
5.615 56.8522
5.62 69.0455
5.625 79.8363
5.63 89.0338
5.635 96.3467
5.64 101.32
5.645 103.604
5.65 103.092
5.655 100.066
5.66 94.2535
5.665 84.6694
5.67 75.1056
5.675 65.1037
5.68 55.0583
5.685 45.3223
5.69 36.3071
5.695 28.2271
5.7 20.9157
5.705 22.2333
5.71 23.1827
5.715 24.3025
5.72 25.6095
5.725 20.4308
5.73 13.4936
5.735 3.59359
5.74 -8.74242
5.745 -22.936
5.75 -38.2314
5.755 -53.9232
5.76 -69.3791
5.765 -83.9796
5.77 -97.2253
5.775 -108.713
5.78 -117.893
5.785 -124.366
5.79 -128.084
5.795 -129.09
5.8 -128.336
5.805 -125.487
5.81 -120.967
5.815 -115.061
5.82 -108.386
5.825 -101.707
5.83 -95.5879
5.835 -90.6177
5.84 -77.0952
5.845 -63.9223
5.85 -50.7051
5.855 -38.7273
5.86 -28.9077
5.865 -22.2541
5.87 -19.4413
5.875 -20.263
5.88 -24.3146
5.885 -30.9502
5.89 -39.2436
5.895 -48.1164
5.9 -56.6045
5.905 -63.734
5.91 -68.7123
5.915 -71.0851
5.92 -70.6642
5.925 -67.3598
5.93 -51.0855
5.935 -38.6014
5.94 -24.5457
5.945 -12.2266
5.95 -67.3174
5.955 -89.068
5.96 -108.861
5.965 -131.853
5.97 -151.86
5.975 -141.791
5.98 -141.538
5.985 -140.455
5.99 -138.536
5.995 -135.801
6 -133.786
6.005 -126.364
6.01 -120.168
6.015 -113.469
6.02 -106.45
6.025 -99.5339
6.03 -92.6373
6.035 -85.8596
6.04 -79.3612
6.045 -73.0593
6.05 -67.2294
6.055 -61.7867
6.06 -58.5072
6.065 -54.7248
6.07 -51.3
6.075 -48.0608
6.08 -44.6104
6.085 -40.9114
6.09 -36.8644
6.095 -32.2948
6.1 -27.2116
6.105 -21.7075
6.11 -15.9079
6.115 -9.85959
6.12 -3.70722
6.125 2.75298
6.13 148.395
6.135 246.926
6.14 332.103
6.145 401.218
6.15 396.846
6.155 415.128
6.16 425.819
6.165 429.035
6.17 424.896
6.175 378.214
6.18 291.658
6.185 192.607
6.19 65.5118
6.195 -41.3552
6.2 -133.284
6.205 -204.412
6.21 -246.691
6.215 -255.459
6.22 -246.568
6.225 -222.44
6.23 -172.631
6.235 -103.261
6.24 -24.1391
6.245 56.6611
6.25 131.593
6.255 194.297
6.26 239.908
6.265 265.419
6.27 268.715
6.275 252.7
6.28 216.499
6.285 170.098
6.29 116.218
6.295 59.2176
6.3 3.59215
6.305 -46.2614
6.31 -86.512
6.315 -77.7924
6.32 -80.8873
6.325 -81.5126
6.33 -79.8762
6.335 -77.0126
6.34 -72.4823
6.345 -60.5149
6.35 -44.3751
6.355 -25.4122
6.36 -5.04954
6.365 15.2704
6.37 34.3744
6.375 50.9691
6.38 64.0656
6.385 73.3629
6.39 78.6113
6.395 79.8575
6.4 77.5331
6.405 72.2981
6.41 64.8523
6.415 55.4969
6.42 45.5025
6.425 35.7121
6.43 27.0085
6.435 20.0284
6.44 15.0777
6.445 12.456
6.45 11.6833
6.455 12.2432
6.46 13.5027
6.465 14.9003
6.47 14.948
6.475 10.0053
6.48 23.6327
6.485 32.9644
6.49 42.9813
6.495 50.2344
6.5 54.9043
6.505 56.784
6.51 55.9291
6.515 52.4327
6.52 46.5546
6.525 38.6274
6.53 29.0115
6.535 17.8026
6.54 5.36228
6.545 -7.75486
6.55 -20.9722
6.555 -33.7061
6.56 -45.39
6.565 -55.551
6.57 -63.609
6.575 -70.11
6.58 -74.536
6.585 -76.8734
6.59 -77.0222
6.595 -75.0278
6.6 -70.5815
6.605 -64.4707
6.61 -56.8289
6.615 -48.1352
6.62 -38.8449
6.625 -29.2833
6.63 -22.7606
6.635 -15.0951
6.64 -8.02559
6.645 -1.89074
6.65 2.97604
6.655 6.43049
6.66 8.383
6.665 8.84489
6.67 7.74962
6.675 4.8571
6.68 0.669609
6.685 -4.61213
6.69 -10.6833
6.695 -17.3389
6.7 -24.3613
6.705 -31.5229
6.71 -38.5619
6.715 -45.0802
6.72 -50.639
6.725 -55.0091
6.73 -58.1057
6.735 -59.8613
6.74 -60.3896
6.745 -59.5095
6.75 -57.5273
6.755 -54.3929
6.76 -46.4998
6.765 -34.0784
6.77 -19.3979
6.775 -3.99844
6.78 10.6837
6.785 23.3269
6.79 32.9434
6.795 38.7887
6.8 40.4894
6.805 38.099
6.81 31.9468
6.815 22.6742
6.82 10.94
6.825 -2.22628
6.83 -15.1335
6.835 -27.9438
6.84 -39.9341
6.845 -49.1904
6.85 -58.7225
6.855 -66.121
6.86 -71.5596
6.865 -75.0085
6.87 -76.4729
6.875 -75.9674
6.88 -75.0642
6.885 -72.5134
6.89 -69.2328
6.895 -65.1943
6.9 -60.8085
6.905 -56.3274
6.91 -52.1479
6.915 -48.5477
6.92 -45.5503
6.925 -43.1764
6.93 -41.5071
6.935 -40.4543
6.94 -39.8553
6.945 -39.8021
6.95 -40.1916
6.955 -40.9059
6.96 -41.6638
6.965 -42.2809
6.97 -42.5688
6.975 -42.4177
6.98 -42.046
6.985 -41.251
6.99 -39.8497
6.995 -37.657
7 -34.563
7.005 -30.6886
7.01 -27.0053
7.015 -22.8447
7.02 -18.473
7.025 -14.2333
7.03 -10.1891
7.035 -6.07522
7.04 -1.56038
7.045 76.1166
7.05 129.682
7.055 173.401
7.06 205.589
7.065 225.465
7.07 232.931
7.075 228.552
7.08 213.678
7.085 190.216
7.09 160.425
7.095 119.01
7.1 76.3508
7.105 34.9713
7.11 -1.76454
7.115 -31.1805
7.12 -51.3573
7.125 -61.4298
7.13 -61.0814
7.135 -51.0897
7.14 -33.7544
7.145 -11.4995
7.15 12.8679
7.155 36.6002
7.16 57.2217
7.165 72.6247
7.17 81.4339
7.175 82.8131
7.18 75.6293
7.185 62.1856
7.19 39.6418
7.195 14.4739
7.2 -12.1642
7.205 -38.3451
7.21 -38.5202
7.215 -41.1059
7.22 -44.9684
7.225 -49.9603
7.23 -53.6061
7.235 -58.4771
7.24 -64.3549
7.245 -70.4655
7.25 -76.4639
7.255 -81.9936
7.26 -86.8034
7.265 -90.673
7.27 -93.4741
7.275 -95.0192
7.28 -95.2203
7.285 -90.3179
7.29 -83.2708
7.295 -74.0723
7.3 -63.3584
7.305 -51.8144
7.31 -40.0737
7.315 -28.9409
7.32 -18.9646
7.325 -10.5454
7.33 -3.91929
7.335 0.958447
7.34 4.10681
7.345 4.24746
7.35 1.99507
7.355 -1.92758
7.36 -6.63097
7.365 -11.692
7.37 -16.5174
7.375 -4.32051
7.38 6.06728
7.385 16.0401
7.39 26.3092
7.395 36.6478
7.4 46.6474
7.405 55.8768
7.41 63.9537
7.415 70.744
7.42 76.153
7.425 80.164
7.43 82.6515
7.435 83.6692
7.44 83.273
7.445 81.6246
7.45 78.9601
7.455 75.4104
7.46 71.1257
7.465 66.1862
7.47 61.4383
7.475 56.5887
7.48 52.0885
7.485 48.1495
7.49 44.832
7.495 42.1814
7.5 40.1194
7.505 38.6965
7.51 37.8328
7.515 37.465
7.52 37.396
7.525 37.4415
7.53 37.3085
7.535 36.8355
7.54 35.9245
7.545 34.546
7.55 32.5045
7.555 29.6895
7.56 26.1263
7.565 21.7212
7.57 16.4077
7.575 10.2219
7.58 3.29748
7.585 -5.18437
7.59 -13.5353
7.595 -21.6419
7.6 -29.2138
7.605 -46.2662
7.61 -57.4103
7.615 -66.2093
7.62 -72.604
7.625 -76.5172
7.63 -77.9406
7.635 -79.01
7.64 -77.3177
7.645 -73.9427
7.65 -69.1313
7.655 -63.3752
7.66 -63.0531
7.665 -61.7669
7.67 -60.1925
7.675 -58.3745
7.68 -56.348
7.685 -54.1611
7.69 -53.4541
7.695 -52.6341
7.7 -52.0023
7.705 -47.889
7.71 -42.6148
7.715 -36.1311
7.72 -28.8111
7.725 -20.9073
7.73 -12.667
7.735 -4.30246
7.74 3.9534
7.745 11.8576
7.75 19.0958
7.755 25.3781
7.76 30.526
7.765 34.3168
7.77 36.7345
7.775 37.9041
7.78 35.6112
7.785 30.5947
7.79 23.8844
7.795 16.3646
7.8 8.99317
7.805 2.52033
7.81 -2.44396
7.815 -3.49491
7.82 -3.7824
7.825 -2.4438
7.83 0.240703
7.835 3.95523
7.84 8.23577
7.845 -5.90263
7.85 -11.1397
7.855 -15.6254
7.86 -19.1786
7.865 -21.6814
7.87 -22.8541
7.875 -24.9416
7.88 -24.8732
7.885 -23.2159
7.89 -20.5372
7.895 -16.8036
7.9 -12.2839
7.905 -7.23029
7.91 -2.02145
7.915 2.97759
7.92 7.39367
7.925 11.0938
7.93 13.9262
7.935 15.8053
7.94 16.6131
7.945 16.2192
7.95 14.5112
7.955 11.521
7.96 7.55428
7.965 3.09154
7.97 -1.36989
7.975 -5.67396
7.98 -9.76237
7.985 -13.6057
7.99 -17.1961
7.995 -20.5388
8 -23.537
8.005 -25.9846
8.01 -27.8786
8.015 -29.2044
8.02 -29.9619
8.025 -30.1049
8.03 -29.6535
8.035 -28.6097
8.04 -26.9735
8.045 -24.7678
8.05 -21.8298
8.055 -18.1122
8.06 -13.6985
8.065 -8.85712
8.07 -3.68128
8.075 1.77814
8.08 7.34677
8.085 13.052
8.09 18.8419
8.095 24.706
8.1 29.9376
8.105 35.0645
8.11 39.7628
8.115 43.9251
8.12 47.563
8.125 50.6205
8.13 53.1184
8.135 55.1267
8.14 56.6336
8.145 57.6322
8.15 58.1318
8.155 58.3038
8.16 58.2258
8.165 58.0456
8.17 57.8078
8.175 57.5682
8.18 57.25
8.185 56.7363
8.19 55.9109
8.195 54.6041
8.2 52.7889
8.205 50.4403
8.21 47.5754
8.215 44.3574
8.22 40.7044
8.225 36.617
8.23 32.2924
8.235 27.9635
8.24 23.7036
8.245 19.5291
8.25 15.4406
8.255 11.3821
8.26 7.32622
8.265 3.30887
8.27 -0.607954
8.275 -4.44448
8.28 -8.24867
8.285 -12.2419
8.29 -16.3756
8.295 -20.637
8.3 -24.9263
8.305 -29.0418
8.31 -32.8723
8.315 -36.2195
8.32 -39.07
8.325 -41.4508
8.33 -43.3713
8.335 -44.7566
8.34 -44.5152
8.345 -41.935
8.35 -36.8748
8.355 -29.9751
8.36 -21.704
8.365 -12.6782
8.37 -4.26611
8.375 2.69722
8.38 8.01682
8.385 11.4887
8.39 13.1182
8.395 13.0363
8.4 11.342
8.405 9.87634
8.41 6.40275
8.415 1.68834
8.42 -3.94333
8.425 -9.40334
8.43 -15.2744
8.435 -21.2525
8.44 -26.7507
8.445 -30.9726
8.45 -33.9685
8.455 -35.6262
8.46 -35.8027
8.465 -34.5984
8.47 -32.2184
8.475 -29.0778
8.48 -25.3799
8.485 -21.2655
8.49 -16.7897
8.495 -12.0598
8.5 -20.6622
8.505 -22.8366
8.51 -24.5609
8.515 -25.8655
8.52 -28.1492
8.525 -29.9821
8.53 -31.4716
8.535 -32.886
8.54 -33.8812
8.545 -34.5968
8.55 -34.9855
8.555 -35.2037
8.56 -35.3511
8.565 -35.5295
8.57 -35.7799
8.575 -35.4705
8.58 -35.268
8.585 -35.0405
8.59 -34.884
8.595 -34.8194
8.6 -34.9186
8.605 -35.2452
8.61 -35.9159
8.615 -37.015
8.62 -38.4787
8.625 -40.1244
8.63 -41.7587
8.635 -43.2704
8.64 -44.4082
8.645 -45.3134
8.65 -46.1476
8.655 -46.8983
8.66 -47.4548
8.665 -47.6919
8.67 -47.6139
8.675 -47.2264
8.68 -47.3621
8.685 -46.6144
8.69 -45.7198
8.695 -44.7878
8.7 -43.8768
8.705 -42.9323
8.71 -41.8037
8.715 -40.3836
8.72 -38.6677
8.725 -36.76
8.73 -34.7667
8.735 -32.8082
8.74 -30.9605
8.745 -29.2969
8.75 -27.8803
8.755 -26.8512
8.76 -25.7105
8.765 -18.5283
8.77 56.6618
8.775 105.778
8.78 146.867
8.785 178.432
8.79 199.511
8.795 209.838
8.8 209.681
8.805 199.916
8.81 181.773
8.815 156.798
8.82 118.378
8.825 77.3893
8.83 35.8097
8.835 -3.0393
8.84 -36.3087
8.845 -61.7663
8.85 -77.9498
8.855 -84.1615
8.86 -80.4894
8.865 -69.1155
8.87 -45.8251
8.875 -17.1485
8.88 15.1006
8.885 47.9098
8.89 78.6102
8.895 104.674
8.9 124.179
8.905 134.226
8.91 134.386
8.915 125.381
8.92 108.509
8.925 85.3321
8.93 58.4704
8.935 30.2528
8.94 2.94291
8.945 -21.5459
8.95 -41.7364
8.955 -56.4304
8.96 -66.7825
8.965 -48.1372
8.97 -42.8603
8.975 -37.7802
8.98 -33.1069
8.985 -28.9654
8.99 -23.9031
8.995 -18.1207
9 -12.3493
9.005 -7.10138
9.01 -2.75738
9.015 0.0791354
9.02 1.36339
9.025 1.18025
9.03 -0.319796
9.035 -2.73042
9.04 -5.60574
9.045 -8.35296
9.05 -10.5298
9.055 -11.8146
9.06 -11.8959
9.065 -10.6878
9.07 -8.163
9.075 -4.38936
9.08 0.598037
9.085 6.86908
9.09 13.3478
9.095 19.4181
9.1 24.4886
9.105 27.8518
9.11 29.416
9.115 29.1533
9.12 23.9743
9.125 32.1764
9.13 39.9538
9.135 46.9284
9.14 52.9439
9.145 62.2492
9.15 68.8164
9.155 74.3187
9.16 78.7864
9.165 82.0819
9.17 84.1316
9.175 84.8919
9.18 84.5784
9.185 83.3452
9.19 81.3517
9.195 78.6299
9.2 75.7382
9.205 72.9737
9.21 70.3234
9.215 68.5659
9.22 66.5858
9.225 64.7328
9.23 62.939
9.235 61.2936
9.24 59.7891
9.245 58.482
9.25 57.3829
9.255 56.2322
9.26 54.9135
9.265 52.5931
9.27 50.0044
9.275 46.9585
9.28 41.7899
9.285 36.6035
9.29 8.63848
9.295 -11.6384
9.3 -30.4416
9.305 -47.3425
9.31 -62.0522
9.315 -74.2617
9.32 -93.7482
9.325 -108.583
9.33 -121.763
9.335 -132.911
9.34 -142.01
9.345 -153.215
9.35 -160.988
9.355 -166.669
9.36 -170.306
9.365 -171.79
9.37 -171.567
9.375 -169.218
9.38 -164.904
9.385 -158.683
9.39 -132.875
9.395 -93.5905
9.4 -53.9211
9.405 -12.6135
9.41 27.7009
9.415 72.0066
9.42 106.981
9.425 132.777
9.43 148.361
9.435 157.972
9.44 164.858
9.445 167.123
9.45 164.897
9.455 158.422
9.46 147.832
9.465 133.593
9.47 112.595
9.475 86.7717
9.48 58.2279
9.485 28.623
9.49 -0.686396
9.495 -28.2571
9.5 -52.7532
9.505 -73.0919
9.51 -88.5519
9.515 -98.7869
9.52 -107.143
9.525 -112.176
9.53 -113.976
9.535 -112.625
9.54 -108.157
9.545 -87.0827
9.55 -62.9475
9.555 -34.9354
9.56 -5.37416
9.565 23.5358
9.57 49.6654
9.575 71.1745
9.58 86.6745
9.585 95.3587
9.59 96.9131
9.595 91.736
9.6 82.9716
9.605 66.9226
9.61 47.4732
9.615 25.8128
9.62 3.59496
9.625 -17.4946
9.63 -36.0129
9.635 -50.7672
9.64 -60.9717
9.645 -66.231
9.65 -63.2029
9.655 -54.6405
9.66 -41.281
9.665 -24.8056
9.67 -7.17305
9.675 9.68829
9.68 24.1936
9.685 35.0649
9.69 41.4594
9.695 43.0379
9.7 40.0073
9.705 32.9758
9.71 22.9362
9.715 20.1374
9.72 11.233
9.725 1.37895
9.73 -8.66972
9.735 -18.213
9.74 -26.6031
9.745 -33.2544
9.75 -37.7171
9.755 -39.7182
9.76 -59.4486
9.765 -78.1183
9.77 -78.8252
9.775 -81.9208
9.78 -84.5166
9.785 -89.9484
9.79 -95.3385
9.795 -100.246
9.8 -101.552
9.805 -103.57
9.81 -106.416
9.815 -108.075
9.82 -109.122
9.825 -109.489
9.83 -109.063
9.835 -107.885
9.84 -106.151
9.845 -103.949
9.85 -101.323
9.855 -98.3367
9.86 -95.1204
9.865 -91.6862
9.87 -88.0957
9.875 -84.047
9.88 -78.9713
9.885 -73.2805
9.89 -67.1724
9.895 -60.7951
9.9 -54.1986
9.905 -48.8872
9.91 -43.035
9.915 -37.2455
9.92 -31.6132
9.925 -26.212
9.93 -20.891
9.935 -15.5676
9.94 -10.3216
9.945 -5.24648
9.95 -0.511437
9.955 3.80962
9.96 7.78332
9.965 11.5713
9.97 15.1826
9.975 18.5619
9.98 21.6806
9.985 26.0615
9.99 144.83
9.995 212.048
10 264.295
10.005 306.403
10.01 329.765
10.015 370.975
10.02 388.436
10.025 383.208
10.03 378.668
10.035 334.529
10.04 279.075
10.045 210.994
10.05 137.45
10.055 59.7482
10.06 -38.25
10.065 -127.316
10.07 -161.916
10.075 -190.734
10.08 -213.371
10.085 -226.036
10.09 -235.572
10.095 -229.775
10.1 -204.592
10.105 -166.001
10.11 -107.832
10.115 -43.7088
10.12 22.7029
10.125 85.9446
10.13 141.294
10.135 184.951
10.14 214.321
10.145 227.631
10.15 225.546
10.155 204.841
10.16 170.283
10.165 126.828
10.17 77.4183
10.175 26.3769
10.18 -22.3597
10.185 -65.393
10.19 -100.083
10.195 -124.022
10.2 -116.314
10.205 -111.381
10.21 -104.238
10.215 -95.2157
10.22 -87.5487
10.225 -72.8656
10.23 -58.1174
10.235 -43.4442
10.24 -30.232
10.245 -19.556
10.25 -12.1956
10.255 -8.5589
10.26 -8.74745
10.265 -12.4821
10.27 -19.2885
10.275 -28.2013
10.28 -38.3271
10.285 -48.5762
10.29 -57.7266
10.295 -65.0725
10.3 -69.79
10.305 -71.4396
10.31 -69.7483
10.315 -64.7684
10.32 -56.7794
10.325 -46.2584
10.33 -33.9016
10.335 -20.4441
10.34 -6.63214
10.345 6.94711
10.35 19.6022
10.355 30.6201
10.36 39.4218
10.365 45.6385
10.37 48.6587
10.375 48.3434
10.38 44.9484
10.385 38.9001
10.39 30.8556
10.395 21.5489
10.4 11.7556
10.405 1.9089
10.41 -7.14647
10.415 -15.0249
10.42 -21.2937
10.425 -27.3106
10.43 -30.9021
10.435 -23.7396
10.44 -20.6767
10.445 -18.2798
10.45 -16.6722
10.455 -15.8878
10.46 -16.0207
10.465 -15.1859
10.47 -14.8477
10.475 -14.8083
10.48 -15.1466
10.485 -15.7184
10.49 -16.3657
10.495 -17.1528
10.5 -18.1072
10.505 -19.1815
10.51 -20.1705
10.515 -20.9757
10.52 -21.5368
10.525 -21.7888
10.53 -21.7124
10.535 -21.2562
10.54 -20.3823
10.545 -19.0619
10.55 -17.379
10.555 -15.3448
10.56 -13.1342
10.565 -10.9099
10.57 -8.77421
10.575 -6.67956
10.58 -4.77368
10.585 -3.23779
10.59 -2.19142
10.595 -1.72467
10.6 -1.72204
10.605 -2.01466
10.61 -2.42155
10.615 -2.88866
10.62 -3.27843
10.625 -3.49743
10.63 -3.40512
10.635 -2.99745
10.64 -2.40798
10.645 -1.70328
10.65 -0.984011
10.655 -0.295588
10.66 0.148664
10.665 0.332602
10.67 0.216546
10.675 -0.183296
10.68 -0.89395
10.685 -1.91282
10.69 -3.12779
10.695 -4.57231
10.7 -6.05035
10.705 -7.2471
10.71 -8.0656
10.715 -8.70121
10.72 -9.11203
10.725 -9.26943
10.73 -9.11462
10.735 -8.5841
10.74 -7.67666
10.745 -6.40411
10.75 -4.85495
10.755 -2.97808
10.76 -0.900933
10.765 1.23577
10.77 3.28769
10.775 5.26376
10.78 7.13173
10.785 8.84777
10.79 10.2742
10.795 11.3152
10.8 12.0198
10.805 12.2563
10.81 12.1252
10.815 11.6035
10.82 10.749
10.825 9.54287
10.83 8.04016
10.835 6.37213
10.84 4.70893
10.845 3.08052
10.85 1.38701
10.855 -0.348775
10.86 -2.25605
10.865 -4.38608
10.87 -6.39062
10.875 -8.14547
10.88 -9.67722
10.885 -10.6819
10.89 -12.88
10.895 -4.79833
10.9 -0.567513
10.905 3.2339
10.91 6.55245
10.915 9.32411
10.92 11.7584
10.925 13.7275
10.93 15.2614
10.935 16.4013
10.94 18.5917
10.945 20.0352
10.95 21.3841
10.955 22.6286
10.96 23.9278
10.965 25.372
10.97 26.7091
10.975 27.8076
10.98 28.4664
10.985 28.8304
10.99 28.9581
10.995 29.1937
11 29.5731
11.005 30.1717
11.01 30.8522
11.015 31.4488
11.02 31.7835
11.025 31.8803
11.03 31.8227
11.035 31.6026
11.04 31.3244
11.045 30.9158
11.05 30.4109
11.055 29.7086
11.06 28.8867
11.065 27.8046
11.07 26.4457
11.075 24.7207
11.08 22.4564
11.085 19.6204
11.09 16.1666
11.095 12.5987
11.1 8.74563
11.105 4.88001
11.11 0.953526
11.115 -2.83517
11.12 -6.50911
11.125 -9.93998
11.13 -12.9747
11.135 -15.3388
11.14 -16.9116
11.145 -17.7546
11.15 -17.9932
11.155 -17.7404
11.16 -17.0082
11.165 -15.7745
11.17 -14.0605
11.175 -12.0932
11.18 -10.0128
11.185 -7.90881
11.19 -5.74853
11.195 -3.53685
11.2 -1.24761
11.205 0.473016
11.21 2.13378
11.215 3.70347
11.22 5.19902
11.225 6.61136
11.23 7.83725
11.235 8.86597
11.24 9.69818
11.245 9.43558
11.25 8.97059
11.255 8.5247
11.26 8.31013
11.265 -4.10791
11.27 -11.1312
11.275 -17.3332
11.28 -22.6631
11.285 -27.2396
11.29 -30.9923
11.295 -33.8298
11.3 -41.5125
11.305 -48.3848
11.31 -54.5498
11.315 -59.7881
11.32 -63.8619
11.325 -66.6985
11.33 -71.1918
11.335 -74.2304
11.34 -76.4929
11.345 -77.8551
11.35 -78.3726
11.355 -77.9362
11.36 -76.7334
11.365 -74.394
11.37 -71.0901
11.375 -67.0887
11.38 -56.2047
11.385 -29.3492
11.39 -4.92397
11.395 19.3327
11.4 41.8329
11.405 61.3773
11.41 76.8914
11.415 87.6491
11.42 95.8556
11.425 105.119
11.43 110.381
11.435 113.002
11.44 113.114
11.445 110.82
11.45 106.215
11.455 99.5505
11.46 91.0309
11.465 77.8338
11.47 61.6895
11.475 43.5881
11.48 24.6616
11.485 6.1614
11.49 -10.9426
11.495 -25.9501
11.5 -38.3489
11.505 -47.7788
11.51 -54.0072
11.515 -57.0606
11.52 -57.9653
11.525 -57.7051
11.53 -55.9534
11.535 -45.7654
11.54 -32.1162
11.545 -15.697
11.55 2.00538
11.555 19.6181
11.56 35.8854
11.565 49.7413
11.57 60.2853
11.575 64.9345
11.58 64.2307
11.585 58.9492
11.59 50.034
11.595 38.6969
11.6 26.6616
11.605 18.0926
11.61 9.85499
11.615 3.0347
11.62 -1.85204
11.625 -4.51935
11.63 -4.89599
11.635 -3.09693
11.64 0.616468
11.645 5.64954
11.65 11.4783
11.655 17.4783
11.66 23.1232
11.665 27.9731
11.67 31.783
11.675 34.4247
11.68 22.2838
11.685 13.7707
11.69 4.86145
11.695 -4.08334
11.7 -12.7207
11.705 -20.9407
11.71 -28.3704
11.715 -34.9328
11.72 -36.9484
11.725 -39.1526
11.73 -41.3042
11.735 -43.4829
11.74 -45.4357
11.745 -47.8592
11.75 -49.8267
11.755 -51.5683
11.76 -53.207
11.765 -54.6208
11.77 -55.7123
11.775 -56.3466
11.78 -55.8977
11.785 -54.5393
11.79 -52.334
11.795 -49.2953
11.8 -45.414
11.805 -40.829
11.81 -35.5989
11.815 -29.8936
11.82 -23.8618
11.825 -17.6697
11.83 -11.4281
11.835 -5.38435
11.84 0.315951
11.845 5.6675
11.85 10.547
11.855 14.9161
11.86 17.5105
11.865 19.8787
11.87 21.6419
11.875 22.957
11.88 24.1782
11.885 25.3761
11.89 26.5056
11.895 27.1568
11.9 26.4994
11.905 24.9248
11.91 22.6327
11.915 19.7459
11.92 16.5513
11.925 13.1729
11.93 9.62531
11.935 7.21607
11.94 4.62366
11.945 2.1601
11.95 -0.199748
11.955 -2.36218
11.96 -4.35895
11.965 -6.11686
11.97 -7.45292
11.975 -8.379
11.98 -8.77501
11.985 -8.76467
11.99 -8.31702
11.995 -7.36813
12 -6.47967
12.005 -5.56076
12.01 -4.12615
12.015 0.618219
12.02 23.863
12.025 42.6926
12.03 57.7768
12.035 68.0688
12.04 73.629
12.045 74.1336
12.05 69.9848
12.055 65.9177
12.06 55.0908
12.065 39.5836
12.07 20.6553
12.075 1.30181
12.08 -19.5737
12.085 -40.0921
12.09 -59.0536
12.095 -75.4422
12.1 -88.3961
12.105 -97.2292
12.11 -101.602
12.115 -100.579
12.12 -96.5986
12.125 -88.8854
12.13 -78.3885
12.135 -65.9321
12.14 -52.3995
12.145 -38.5327
12.15 -24.9492
12.155 -12.1795
12.16 -0.547474
12.165 9.48913
12.17 17.396
12.175 22.3122
12.18 23.7536
12.185 22.3969
12.19 19.8886
12.195 16.1175
12.2 10.237
12.205 4.08158
12.21 6.03058
12.215 3.58442
12.22 1.07661
12.225 -1.25058
12.23 -3.21781
12.235 -4.54535
12.24 -5.11399
12.245 -4.82255
12.25 -3.74037
12.255 -1.83727
12.26 0.845186
12.265 4.06634
12.27 7.58378
12.275 11.3692
12.28 15.3084
12.285 19.4914
12.29 23.625
12.295 27.4559
12.3 30.9406
12.305 33.8865
12.31 36.2333
12.315 37.4527
12.32 38.097
12.325 37.9883
12.33 37.2038
12.335 35.7387
12.34 33.7751
12.345 31.6741
12.35 29.5742
12.355 27.562
12.36 25.6128
12.365 23.9621
12.37 22.6824
12.375 21.8447
12.38 21.4228
12.385 21.4542
12.39 21.9987
12.395 22.9702
12.4 24.09
12.405 25.0998
12.41 25.9208
12.415 26.361
12.42 26.3868
12.425 25.8888
12.43 24.8937
12.435 23.4088
12.44 21.5951
12.445 19.549
12.45 17.2187
12.455 14.7667
12.46 19.2009
12.465 20.5865
12.47 21.7453
12.475 22.6745
12.48 23.383
12.485 23.8681
12.49 23.9699
12.495 23.6938
12.5 23.0862
12.505 22.4638
12.51 23.1205
12.515 23.7297
12.52 24.3998
12.525 24.9678
12.53 25.4317
12.535 25.7208
12.54 25.974
12.545 26.0537
12.55 26.0394
12.555 25.7173
12.56 25.296
12.565 24.8945
12.57 24.562
12.575 24.3207
12.58 23.9965
12.585 23.5972
12.59 22.9303
12.595 22.0946
12.6 20.8879
12.605 19.3899
12.61 17.5338
12.615 15.2767
12.62 12.4987
12.625 9.20116
12.63 5.5142
12.635 1.47481
12.64 -2.76737
12.645 -7.21397
12.65 -11.8009
12.655 -16.7065
12.66 -21.7708
12.665 -26.7471
12.67 -31.6588
12.675 -36.2982
12.68 -40.4613
12.685 -44.1398
12.69 -47.2754
12.695 -49.8996
12.7 -52.1477
12.705 -54.2753
12.71 -56.2615
12.715 -57.9058
12.72 -59.2404
12.725 -60.098
12.73 -60.5617
12.735 -60.6607
12.74 -60.4027
12.745 -59.7259
12.75 -58.7551
12.755 -57.6521
12.76 -56.478
12.765 -55.1848
12.77 -53.6906
12.775 -51.9208
12.78 -46.7341
12.785 -40.6098
12.79 -33.9573
12.795 -27.4233
12.8 -21.4004
12.805 -16.2169
12.81 -12.0785
12.815 -9.31387
12.82 -8.3213
12.825 -9.18034
12.83 -11.4594
12.835 -14.7477
12.84 -18.6641
12.845 -22.8458
12.85 -26.5408
12.855 -29.9225
12.86 -33.0244
12.865 -35.7978
12.87 -38.0248
12.875 -39.3765
12.88 -39.8612
12.885 -39.5253
12.89 -38.5603
12.895 -37.1755
12.9 -35.5138
12.905 -33.6801
12.91 -31.8195
12.915 -30.2683
12.92 -28.9964
12.925 -28.152
12.93 -27.711
12.935 -27.5735
12.94 -26.9334
12.945 -26.8481
12.95 -26.7664
12.955 -26.4478
12.96 -25.7912
12.965 -25.952
12.97 -25.7304
12.975 -25.3821
12.98 -24.885
12.985 -24.1281
12.99 -23.0391
12.995 -21.5531
13 -19.5973
13.005 -17.1758
13.01 -14.2841
13.015 -11.6595
13.02 -8.53338
13.025 -5.25822
13.03 -1.93779
13.035 1.40557
13.04 4.81299
13.045 8.25837
13.05 11.6637
13.055 15.0748
13.06 18.5306
13.065 22.0936
13.07 25.7151
13.075 29.3694
13.08 32.981
13.085 36.4694
13.09 39.5868
13.095 42.3908
13.1 44.8399
13.105 46.9147
13.11 48.658
13.115 50.1141
13.12 51.33
13.125 52.3345
13.13 53.0706
13.135 53.4391
13.14 53.3526
13.145 52.8246
13.15 51.8775
13.155 50.6376
13.16 49.1799
13.165 47.593
13.17 45.8578
13.175 43.8814
13.18 41.6472
13.185 39.2314
13.19 36.7189
13.195 34.0797
13.2 31.3465
13.205 28.5454
13.21 25.7945
13.215 23.1499
13.22 20.5467
13.225 17.9462
13.23 15.2278
13.235 12.3076
13.24 9.23963
13.245 6.18481
13.25 3.2852
13.255 0.675011
13.26 -1.62522
13.265 -3.63108
13.27 -5.3499
13.275 -6.88295
13.28 -8.2814
13.285 -9.66032
13.29 -11.1148
13.295 -12.6971
13.3 -14.4884
13.305 -16.4079
13.31 -18.3894
13.315 -20.3043
13.32 -22.0591
13.325 -23.5814
13.33 -24.9405
13.335 -26.1468
13.34 -27.274
13.345 -28.3638
13.35 -29.3974
13.355 -30.3149
13.36 -31.0699
13.365 -31.5995
13.37 -31.8511
13.375 -31.9081
13.38 -31.8195
13.385 -31.6364
13.39 -31.414
13.395 -31.1728
13.4 -30.8972
13.405 -30.452
13.41 -29.8274
13.415 -28.8967
13.42 -27.7397
13.425 -26.3623
13.43 -24.8926
13.435 -23.4139
13.44 -21.8431
13.445 -20.1519
13.45 -17.6303
13.455 -14.4379
13.46 -10.9872
13.465 -7.56717
13.47 -4.08952
13.475 -0.622708
13.48 2.67057
13.485 5.59323
13.49 7.85722
13.495 9.47882
13.5 10.51
13.505 11.2384
13.51 11.7073
13.515 11.9839
13.52 12.1422
13.525 12.2613
13.53 12.4255
13.535 12.6715
13.54 13.0872
13.545 13.5894
13.55 14.2029
13.555 16.2136
13.56 18.3182
13.565 19.8613
13.57 21.0054
13.575 21.7783
13.58 14.0069
13.585 7.66607
13.59 1.60821
13.595 -3.7768
13.6 -8.38627
13.605 -13.3182
13.61 -17.0731
13.615 -19.7788
13.62 -21.5572
13.625 -22.5325
13.63 -23.2162
13.635 -22.972
13.64 -22.0973
13.645 -20.8111
13.65 -19.2741
13.655 -17.5463
13.66 -15.6229
13.665 -13.745
13.67 -12.0358
13.675 -10.3822
13.68 -8.72759
13.685 -6.99341
13.69 -5.29492
13.695 -3.68671
13.7 -2.4446
13.705 -1.46708
13.71 -0.772366
13.715 -0.024805
13.72 0.930383
13.725 2.2314
13.73 3.81961
13.735 5.54955
13.74 7.32723
13.745 9.18695
13.75 11.3253
13.755 13.6068
13.76 16.1021
13.765 18.673
13.77 21.2988
13.775 23.9037
13.78 26.525
13.785 29.1153
13.79 31.456
13.795 33.0784
13.8 34.0999
13.805 34.5919
13.81 34.5361
13.815 34.0761
13.82 33.2493
13.825 32.3047
13.83 31.322
13.835 30.354
13.84 29.9516
13.845 29.532
13.85 29.3126
13.855 28.9739
13.86 28.686
13.865 28.3287
13.87 28.0313
13.875 27.6571
13.88 27.3236
13.885 26.9682
13.89 26.913
13.895 27.0255
13.9 27.3028
13.905 27.5989
13.91 27.8411
13.915 28.1615
13.92 28.4234
13.925 28.6259
13.93 28.5844
13.935 28.3883
13.94 28.0384
13.945 27.6425
13.95 27.1282
13.955 26.4439
13.96 25.5116
13.965 24.4201
13.97 23.1065
13.975 21.704
13.98 20.3271
13.985 18.8583
13.99 17.3065
13.995 15.5425
14 13.6098
14.005 11.4603
14.01 9.40783
14.015 7.60204
14.02 6.22612
14.025 5.0842
14.03 4.22725
14.035 3.48071
14.04 2.93203
14.045 2.55664
14.05 2.25162
14.055 2.15381
14.06 2.16279
14.065 2.30192
14.07 2.37894
14.075 2.56349
14.08 2.6388
14.085 2.5918
14.09 2.2145
14.095 1.59092
14.1 0.815388
14.105 -0.122253
14.11 -1.10155
14.115 -2.07537
14.12 -3.04874
14.125 -4.14173
14.13 -4.20773
14.135 -3.91502
14.14 -3.47829
14.145 -2.89306
14.15 -2.13043
14.155 -1.28502
14.16 -0.397671
14.165 0.33706
14.17 0.817738
14.175 0.952301
14.18 0.796758
14.185 0.378025
14.19 -0.298601
14.195 -1.11216
14.2 -2.03903
14.205 -2.87029
14.21 -3.29099
14.215 -4.48482
14.22 -5.71552
14.225 -6.68725
14.23 -7.8732
14.235 -8.63709
14.24 -9.20753
14.245 -9.60399
14.25 -9.78317
14.255 -9.77837
14.26 -9.54697
14.265 -9.13965
14.27 -8.46841
14.275 -7.54873
14.28 -6.39738
14.285 -5.17313
14.29 -4.00754
14.295 -2.89496
14.3 -1.91881
14.305 -1.18984
14.31 -0.693013
14.315 -0.397348
14.32 -0.223045
14.325 -0.202852
14.33 -0.324757
14.335 -0.441236
14.34 -0.473911
14.345 -0.285393
14.35 -0.0188821
14.355 0.277453
14.36 0.50955
14.365 0.69788
14.37 0.835104
14.375 0.880319
14.38 0.684987
14.385 0.185743
14.39 -0.5772
14.395 -1.60665
14.4 -2.75439
14.405 -4.12954
14.41 -5.6562
14.415 -7.30127
14.42 -8.99753
14.425 -10.7633
14.43 -12.4342
14.435 -14.0944
14.44 -15.7798
14.445 -17.4246
14.45 -19.0216
14.455 -20.526
14.46 -21.9908
14.465 -23.2467
14.47 -24.2636
14.475 -24.8633
14.48 -25.0508
14.485 -24.7941
14.49 -24.0667
14.495 -22.9114
14.5 -21.3583
14.505 -19.5541
14.51 -17.6115
14.515 -15.726
14.52 -13.9082
14.525 -11.9813
14.53 -9.75841
14.535 -7.26105
14.54 -4.58956
14.545 -1.93725
14.55 0.501766
14.555 2.68734
14.56 4.56045
14.565 6.26992
14.57 7.83619
14.575 9.382
14.58 10.9009
14.585 12.7899
14.59 14.6163
14.595 16.4638
14.6 18.1817
14.605 19.7056
14.61 20.9738
14.615 21.875
14.62 22.5767
14.625 23.0879
14.63 23.405
14.635 23.4348
14.64 23.1878
14.645 22.7631
14.65 22.2742
14.655 21.7366
14.66 21.0218
14.665 20.1609
14.67 19.1246
14.675 18.0457
14.68 16.8511
14.685 15.6129
14.69 14.3412
14.695 12.9243
14.7 11.1521
14.705 8.91438
14.71 6.30735
14.715 3.46137
14.72 0.581303
14.725 -2.33613
14.73 -5.23217
14.735 -8.18215
14.74 -11.2205
14.745 -14.2659
14.75 -17.2433
14.755 -20.0737
14.76 -22.8381
14.765 -25.5143
14.77 -28.1016
14.775 -30.4658
14.78 -32.6545
14.785 -34.5665
14.79 -36.2452
14.795 -37.6769
14.8 -38.7725
14.805 -39.5949
14.81 -40.2277
14.815 -40.7341
14.82 -41.2168
14.825 -41.718
14.83 -42.1197
14.835 -42.4469
14.84 -42.6484
14.845 -42.6366
14.85 -42.4098
14.855 -42.0635
14.86 -39.7749
14.865 -35.7479
14.87 -31.018
14.875 -25.6801
14.88 -20.3497
14.885 -15.4397
14.89 -11.2825
14.895 -8.03611
14.9 -5.77281
14.905 -4.43497
14.91 -3.94445
14.915 -4.14933
14.92 -4.82115
14.925 -5.7595
14.93 -6.82077
14.935 -7.93586
14.94 -8.90958
14.945 -9.63746
14.95 -7.42591
14.955 -5.82596
14.96 -4.22366
14.965 -2.70491
14.97 -1.30364
14.975 0.0817241
14.98 1.41608
14.985 -8.34629
14.99 -12.8915
14.995 -16.8298
15 -20.1221
15.005 -22.6341
15.01 -25.8961
15.015 -28.0118
15.02 -29.4091
15.025 -29.9592
15.03 -29.9869
15.035 -29.0565
15.04 -27.2932
15.045 -24.7954
15.05 -21.6143
15.055 -17.8733
15.06 -13.6434
15.065 -9.01811
15.07 -3.97311
15.075 1.3893
15.08 6.9852
15.085 12.7362
15.09 18.4722
15.095 24.1472
15.1 29.6835
15.105 35.0789
15.11 40.2049
15.115 45.032
15.12 49.494
15.125 53.5952
15.13 57.3923
15.135 60.7947
15.14 63.7943
15.145 66.1462
15.15 68.0824
15.155 69.557
15.16 70.649
15.165 71.4452
15.17 71.7764
15.175 71.115
15.18 69.5225
15.185 66.6964
15.19 62.9794
15.195 58.6321
15.2 53.8401
15.205 48.8626
15.21 43.786
15.215 38.6072
15.22 33.3572
15.225 28.2457
15.23 23.4579
15.235 18.932
15.24 14.6106
15.245 10.4577
15.25 6.5812
15.255 3.03777
15.26 0.0414823
15.265 -2.41093
15.27 -4.34395
15.275 -5.79436
15.28 -6.71309
15.285 -7.0441
15.29 -6.8763
15.295 -6.32844
15.3 -5.4704
15.305 -4.3782
15.31 -3.16898
15.315 -1.90222
15.32 -0.650438
15.325 0.481164
15.33 1.29789
15.335 1.67087
15.34 1.48204
15.345 0.759556
15.35 -0.426894
15.355 -2.01954
15.36 -4.03178
15.365 -6.35971
15.37 -8.93988
15.375 -11.7131
15.38 -14.6346
15.385 -17.6188
15.39 -20.5999
15.395 -23.4891
15.4 -26.2554
15.405 -28.8679
15.41 -31.2249
15.415 -33.2369
15.42 -34.8171
15.425 -35.8886
15.43 -36.5781
15.435 -36.9689
15.44 -37.0885
15.445 -37.078
15.45 -37.0826
15.455 -37.0649
15.46 -36.9369
15.465 -36.7234
15.47 -36.5286
15.475 -34.953
15.48 -32.3041
15.485 -29.0488
15.49 -25.5004
15.495 -22.175
15.5 -19.4692
15.505 -17.4818
15.51 -16.2438
15.515 -15.7871
15.52 -16.0571
15.525 -16.9105
15.53 -18.0256
15.535 -19.1684
15.54 -20.1908
15.545 -21.0429
15.55 -21.6458
15.555 -21.92
15.56 -21.8258
15.565 -21.2902
15.57 -19.9763
15.575 -18.1737
15.58 -12.9955
15.585 -9.38955
15.59 -6.33765
15.595 -3.93154
15.6 -2.2881
15.605 -10.9512
15.61 -16.2049
15.615 -20.7526
15.62 -24.4556
15.625 -27.1948
15.63 -29.0455
15.635 -31.3087
15.64 -32.1268
15.645 -31.8641
15.65 -30.4996
15.655 -28.3679
15.66 -24.8459
15.665 -21.2266
15.67 -16.765
15.675 -11.968
15.68 -7.01598
15.685 -2.03233
15.69 3.00291
15.695 8.00106
15.7 12.9552
15.705 17.7836
15.71 22.3861
15.715 26.7655
15.72 30.9813
15.725 35.0483
15.73 38.8349
15.735 42.3345
15.74 45.3308
15.745 47.8277
15.75 49.8801
15.755 51.6249
15.76 53.03
15.765 54.1502
15.77 54.9948
15.775 55.4655
15.78 55.463
15.785 54.7748
15.79 53.5362
15.795 51.8742
15.8 49.9709
15.805 47.359
15.81 44.3131
15.815 40.6859
15.82 36.5232
15.825 31.9245
15.83 26.9522
15.835 21.7783
15.84 16.5605
15.845 11.5043
15.85 6.59187
15.855 2.06756
15.86 -2.09341
15.865 -5.61835
15.87 -8.51456
15.875 -10.6116
15.88 -12.13
15.885 -13.2196
15.89 -13.9568
15.895 -14.2001
15.9 -13.9437
15.905 -13.2194
15.91 -11.9108
15.915 -10.176
15.92 -8.18078
15.925 -6.12816
15.93 -4.07167
15.935 -2.13582
15.94 -0.241592
15.945 1.33486
15.95 2.62276
15.955 3.52322
15.96 4.12471
15.965 4.47367
15.97 4.6299
15.975 4.56462
15.98 4.02147
15.985 3.2406
15.99 2.32139
15.995 1.34061
16 0.211097
16.005 -1.0337
16.01 -2.43581
16.015 -3.69421
16.02 -4.58832
16.025 -4.98704
16.03 -4.84365
16.035 -4.35521
16.04 -3.46006
16.045 -2.2678
16.05 -0.708925
16.055 1.13762
16.06 3.29904
16.065 5.67259
16.07 8.06618
16.075 10.4214
16.08 12.6149
16.085 14.5015
16.09 16.0478
16.095 17.2288
16.1 18.3543
16.105 19.1318
16.11 19.5882
16.115 19.869
16.12 19.8659
16.125 19.4849
16.13 18.7121
16.135 17.5842
16.14 16.1746
16.145 14.6376
16.15 13.0367
16.155 11.3844
16.16 9.6768
16.165 7.78483
16.17 5.82671
16.175 3.91599
16.18 2.24493
16.185 0.784008
16.19 -0.526136
16.195 -1.8198
16.2 -3.03032
16.205 -4.07968
16.21 -5.08701
16.215 -5.99097
16.22 -6.98113
16.225 -8.00076
16.23 -9.17537
16.235 -10.2082
16.24 -11.0181
16.245 -11.6054
16.25 -12.0415
16.255 -12.3407
16.26 -12.6183
16.265 -12.9471
16.27 -13.3215
16.275 -13.9974
16.28 -14.947
16.285 -16.2125
16.29 -17.2593
16.295 -17.704
16.3 -17.6527
16.305 -17.2319
16.31 -16.6585
16.315 -16.2162
16.32 -16.4323
16.325 -17.2109
16.33 -18.5394
16.335 -20.0864
16.34 -21.7536
16.345 -23.3503
16.35 -24.8412
16.355 -26.122
16.36 -27.2438
16.365 -28.268
16.37 -29.0154
16.375 -29.2345
16.38 -36.7588
16.385 -40.4843
16.39 -44.3114
16.395 -49.1771
16.4 -53.1455
16.405 -56.6875
16.41 -59.6318
16.415 -61.8023
16.42 -63.2531
16.425 -63.8953
16.43 -64.0272
16.435 -63.809
16.44 -63.3837
16.445 -62.6182
16.45 -61.5399
16.455 -60.0116
16.46 -58.1214
16.465 -55.7868
16.47 -53.0961
16.475 -50.0295
16.48 -46.6294
16.485 -42.9961
16.49 -39.5111
16.495 -35.9198
16.5 -32.1862
16.505 -28.497
16.51 -24.7591
16.515 -20.9564
16.52 -17.0759
16.525 -13.2239
16.53 -9.38657
16.535 -5.52512
16.54 -1.54098
16.545 2.65412
16.55 6.85464
16.555 11.1318
16.56 15.5023
16.565 20.0114
16.57 24.4645
16.575 28.6843
16.58 32.6045
16.585 36.1465
16.59 39.2708
16.595 41.9037
16.6 44.1041
16.605 45.8666
16.61 47.2562
16.615 48.1422
16.62 48.6139
16.625 48.6868
16.63 48.3735
16.635 47.7371
16.64 46.8244
16.645 46.1684
16.65 45.351
16.655 44.691
16.66 44.1725
16.665 43.9754
16.67 43.9894
16.675 44.1705
16.68 44.3201
16.685 44.548
16.69 44.4795
16.695 44.3775
16.7 44.1234
16.705 43.6583
16.71 43.1201
16.715 42.4292
16.72 41.5715
16.725 40.3289
16.73 38.875
16.735 37.1656
16.74 35.249
16.745 33.1288
16.75 30.8977
16.755 28.6525
16.76 26.4537
16.765 24.4167
16.77 22.5096
16.775 20.7525
16.78 19.0716
16.785 17.5885
16.79 16.1644
16.795 14.9242
16.8 13.8958
16.805 13.2236
16.81 12.853
16.815 12.8181
16.82 12.9893
16.825 13.1309
16.83 13.2028
16.835 13.115
16.84 13.1215
16.845 13.1671
16.85 13.331
16.855 13.4954
16.86 13.7321
16.865 13.8651
16.87 13.9445
16.875 13.9075
16.88 13.7373
16.885 13.4597
16.89 13.1932
16.895 12.9113
16.9 12.4783
16.905 11.8951
16.91 11.1073
16.915 10.1777
16.92 9.09825
16.925 7.83438
16.93 6.43765
16.935 4.99486
16.94 3.41214
16.945 1.76673
16.95 0.0892502
16.955 -1.58864
16.96 -3.27319
16.965 -4.97094
16.97 -6.71382
16.975 -8.50875
16.98 -10.3366
16.985 -12.105
16.99 -13.7089
16.995 -15.214
17 -16.6066
17.005 -17.831
17.01 -18.8019
17.015 -19.661
17.02 -20.4909
17.025 -21.3937
17.03 -22.2854
17.035 -23.1215
17.04 -23.8552
17.045 -24.5793
17.05 -25.2723
17.055 -26.0918
17.06 -26.9503
17.065 -27.6389
17.07 -28.123
17.075 -28.4743
17.08 -28.7206
17.085 -28.7604
17.09 -28.6225
17.095 -28.3865
17.1 -28.1327
17.105 -27.8556
17.11 -27.5217
17.115 -27.0598
17.12 -26.514
17.125 -25.976
17.13 -24.1629
17.135 -20.1297
17.14 -14.8067
17.145 -8.7655
17.15 -2.68872
17.155 2.98717
17.16 7.96555
17.165 11.98
17.17 14.8376
17.175 16.468
17.18 16.9817
17.185 16.53
17.19 15.3013
17.195 13.5641
17.2 11.627
17.205 9.73667
17.21 8.0867
17.215 6.70749
17.22 5.7114
17.225 5.16943
17.23 5.42077
17.235 7.91024
17.24 9.69191
17.245 11.1289
17.25 12.0418
17.255 12.3168
17.26 0.583881
17.265 -5.99499
17.27 -12.1626
17.275 -17.8247
17.28 -22.8891
17.285 -28.6789
17.29 -33.6754
17.295 -38.089
17.3 -41.6454
17.305 -44.231
17.31 -45.8513
17.315 -46.5247
17.32 -44.4379
17.325 -43.3155
17.33 -41.945
17.335 -39.7074
17.34 -36.9252
17.345 -33.6696
17.35 -30.1316
17.355 -26.4205
17.36 -22.5467
17.365 -18.4733
17.37 -14.1476
17.375 -9.6631
17.38 -5.24147
17.385 -1.10564
17.39 2.66742
17.395 6.10427
17.4 9.34733
17.405 12.1132
17.41 14.8565
17.415 17.5557
17.42 20.1665
17.425 22.583
17.43 24.706
17.435 26.4265
17.44 27.7952
17.445 28.9067
17.45 29.6948
17.455 30.1447
17.46 30.0436
17.465 29.4699
17.47 28.3021
17.475 26.6109
17.48 24.3612
17.485 21.7053
17.49 18.8431
17.495 15.8014
17.5 12.7837
17.505 9.91011
17.51 8.41902
17.515 6.50432
17.52 4.75355
17.525 3.22995
17.53 2.00941
17.535 1.14573
17.54 0.789913
17.545 0.92999
17.55 1.64278
17.555 2.84413
17.56 4.39884
17.565 6.16717
17.57 8.15175
17.575 10.29
17.58 12.6905
17.585 15.3031
17.59 17.9128
17.595 20.3882
17.6 22.6793
17.605 24.5842
17.61 26.0122
17.615 27.0061
17.62 27.445
17.625 27.377
17.63 26.8846
17.635 26.1685
17.64 25.1707
17.645 24.049
17.65 22.9799
17.655 21.9083
17.66 21.0148
17.665 20.1327
17.67 19.2568
17.675 18.4254
17.68 17.7976
17.685 17.4924
17.69 17.5753
17.695 17.8458
17.7 18.104
17.705 18.3526
17.71 18.578
17.715 18.7588
17.72 18.7588
17.725 18.6943
17.73 18.4342
17.735 18.081
17.74 17.6606
17.745 17.1783
17.75 16.7062
17.755 16.1559
17.76 15.5037
17.765 14.4635
17.77 12.994
17.775 11.1411
17.78 9.15728
17.785 7.19265
17.79 5.38993
17.795 3.62404
17.8 1.89318
17.805 0.120528
17.81 -1.71413
17.815 -3.54925
17.82 -5.33148
17.825 -6.88608
17.83 -8.48761
17.835 -10.1658
17.84 -12.0968
17.845 -14.1979
17.85 -16.4013
17.855 -18.5086
17.86 -20.4256
17.865 -22.2083
17.87 -23.972
17.875 -25.7294
17.88 -27.332
17.885 -28.8383
17.89 -30.1929
17.895 -31.3704
17.9 -32.3174
17.905 -33.0964
17.91 -33.694
17.915 -34.1514
17.92 -34.4326
17.925 -34.5411
17.93 -34.4496
17.935 -34.0655
17.94 -33.5047
17.945 -32.7727
17.95 -31.8164
17.955 -30.6277
17.96 -29.3095
17.965 -27.8674
17.97 -26.2853
17.975 -24.5465
17.98 -22.7172
17.985 -20.8358
17.99 -18.9956
17.995 -17.2916
18 -14.5498
18.005 -11.3612
18.01 -8.00287
18.015 -4.71791
18.02 -1.41537
18.025 1.7305
18.03 4.58545
18.035 6.94083
18.04 8.77394
18.045 10.0223
18.05 10.6568
18.055 10.8281
18.06 10.4796
18.065 9.7888
18.07 8.97195
18.075 8.19871
18.08 7.48206
18.085 6.97262
18.09 6.69927
18.095 6.63673
18.1 6.67448
18.105 6.89977
18.11 7.27826
18.115 7.99083
18.12 8.58686
18.125 10.6288
18.13 11.9193
18.135 12.7579
18.14 13.0336
18.145 12.605
18.15 4.34611
18.155 -1.34461
18.16 -6.84685
18.165 -11.9174
18.17 -16.3471
18.175 -20.1097
18.18 -25.0565
18.185 -28.7379
18.19 -31.8767
18.195 -34.3807
18.2 -36.2529
18.205 -37.4367
18.21 -37.977
18.215 -37.971
18.22 -37.5788
18.225 -36.7841
18.23 -35.5778
18.235 -33.8771
18.24 -31.851
18.245 -29.6615
18.25 -27.4146
18.255 -25.2336
18.26 -23.2006
18.265 -21.2999
18.27 -19.4707
18.275 -17.7673
18.28 -16.1423
18.285 -14.5863
18.29 -12.9989
18.295 -11.4016
18.3 -9.72622
18.305 -8.34804
18.31 -6.87018
18.315 -5.48103
18.32 -4.1491
18.325 -2.88979
18.33 -1.76844
18.335 -0.797387
18.34 0.0478015
18.345 0.764753
18.35 1.33225
18.355 1.77864
18.36 2.11858
18.365 2.37606
18.37 2.44511
18.375 2.44506
18.38 2.24583
18.385 1.86308
18.39 1.38616
18.395 0.888818
18.4 0.493591
18.405 0.235396
18.41 0.404609
18.415 0.484609
18.42 0.633876
18.425 0.882688
18.43 1.24228
18.435 1.73906
18.44 2.38608
18.445 3.08661
18.45 3.78296
18.455 4.41801
18.46 4.96854
18.465 5.42647
18.47 5.83163
18.475 6.20518
18.48 6.54935
18.485 6.83945
18.49 7.03731
18.495 7.1364
18.5 7.07461
18.505 6.88675
18.51 6.59
18.515 6.26429
18.52 5.99741
18.525 5.37533
18.53 4.4866
18.535 3.42217
18.54 2.18012
18.545 0.876849
18.55 -0.311397
18.555 -1.21321
18.56 -1.7083
18.565 -1.69509
18.57 -1.16188
18.575 -0.221661
18.58 0.909197
18.585 2.00372
18.59 2.96775
18.595 3.8002
18.6 4.54669
18.605 5.18406
18.61 5.7057
18.615 5.93185
18.62 5.78818
18.625 5.35398
18.63 4.83298
18.635 4.39439
18.64 4.10012
18.645 8.4052
18.65 12.943
18.655 17.2594
18.66 21.2603
18.665 26.2002
18.67 30.3152
18.675 34.0929
18.68 37.4466
18.685 40.3244
18.69 42.6999
18.695 44.5691
18.7 45.9488
18.705 46.87
18.71 47.3765
18.715 47.5439
18.72 47.4141
18.725 47.0114
18.73 46.3858
18.735 45.5031
18.74 44.3401
18.745 42.9912
18.75 41.4651
18.755 39.8086
18.76 38.123
18.765 36.5003
18.77 34.8816
18.775 33.201
18.78 31.422
18.785 29.5201
18.79 27.4599
18.795 25.2912
18.8 23.11
18.805 20.9815
18.81 18.9594
18.815 16.988
18.82 15.036
18.825 13.0748
18.83 11.134
18.835 9.27348
18.84 7.59528
18.845 6.09203
18.85 4.68557
18.855 3.27815
18.86 1.84929
18.865 0.415766
18.87 -0.944517
18.875 -2.13488
18.88 -3.12536
18.885 -2.25222
18.89 -2.77637
18.895 -3.09726
18.9 -3.27763
18.905 -3.32656
18.91 -3.30269
18.915 -3.51683
18.92 -3.75362
18.925 -3.98914
18.93 -4.28135
18.935 -4.48415
18.94 -4.58192
18.945 -4.54138
18.95 -4.31317
18.955 -3.89063
18.96 -3.28767
18.965 -2.55837
18.97 -5.2096
18.975 -5.93313
18.98 -6.3988
18.985 -6.66549
18.99 -6.75688
18.995 -6.70981
19 -6.55936
19.005 -6.41098
19.01 -6.16175
19.015 -5.87231
19.02 -5.53095
19.025 -5.16
19.03 -4.87058
19.035 -4.74839
19.04 -2.45385
19.045 0.105861
19.05 2.85322
19.055 5.48589
19.06 7.67788
19.065 9.29452
19.07 10.2364
19.075 10.536
19.08 10.1836
19.085 9.34167
19.09 8.09119
19.095 6.427
19.1 4.40233
19.105 2.13757
19.11 -0.105852
19.115 -2.17582
19.12 -3.93508
19.125 -5.40659
19.13 -6.28143
19.135 -5.811
19.14 -5.32726
19.145 -5.03827
19.15 -5.05978
19.155 -12.8315
19.16 -17.6948
19.165 -22.1862
19.17 -26.1683
19.175 -29.5109
19.18 -32.2678
19.185 -34.3993
19.19 -35.9783
19.195 -36.9872
19.2 -37.4791
19.205 -39.34
19.21 -40.184
19.215 -40.6763
19.22 -41.2955
19.225 -41.4949
19.23 -41.3351
19.235 -40.7921
19.24 -39.8967
19.245 -38.7727
19.25 -37.4691
19.255 -36.096
19.26 -34.6967
19.265 -33.2339
19.27 -31.5898
19.275 -29.7176
19.28 -27.6927
19.285 -25.4933
19.29 -23.1759
19.295 -20.7957
19.3 -18.4356
19.305 -16.1385
19.31 -13.9319
19.315 -11.7797
19.32 -9.61962
19.325 -7.45723
19.33 -5.34243
19.335 -3.43859
19.34 -1.78518
19.345 -0.517326
19.35 0.368977
19.355 0.878422
19.36 0.966143
19.365 0.826872
19.37 0.549166
19.375 0.16708
19.38 -0.403127
19.385 -0.989062
19.39 -1.45182
19.395 -1.84179
19.4 -2.13427
19.405 -2.27674
19.41 -2.24669
19.415 -1.76475
19.42 -1.17837
19.425 -0.357708
19.43 0.673639
19.435 1.74713
19.44 2.85861
19.445 3.93425
19.45 5.00871
19.455 6.13707
19.46 7.29589
19.465 8.42293
19.47 9.46737
19.475 10.3908
19.48 11.1143
19.485 11.6346
19.49 11.9995
19.495 12.2597
19.5 12.3908
19.505 12.3926
19.51 12.2381
19.515 11.9659
19.52 11.6115
19.525 11.1518
19.53 10.5629
19.535 9.88949
19.54 9.2244
19.545 8.58189
19.55 8.01463
19.555 7.61382
19.56 7.41713
19.565 7.32096
19.57 7.25605
19.575 7.23482
19.58 7.32839
19.585 7.55637
19.59 7.90665
19.595 8.38409
19.6 8.95396
19.605 9.57502
19.61 10.2106
19.615 10.8593
19.62 11.5041
19.625 12.1537
19.63 12.7582
19.635 13.2616
19.64 13.5909
19.645 13.6981
19.65 13.5636
19.655 13.2393
19.66 12.7768
19.665 12.2184
19.67 11.6122
19.675 10.9853
19.68 10.3657
19.685 9.72265
19.69 8.99829
19.695 8.11309
19.7 7.12136
19.705 6.10634
19.71 5.10669
19.715 4.11752
19.72 3.11888
19.725 2.08133
19.73 0.999423
19.735 -0.0949407
19.74 -1.15906
19.745 -2.17227
19.75 -3.15915
19.755 -4.0975
19.76 -4.98368
19.765 -5.88879
19.77 -6.7738
19.775 -7.59764
19.78 -8.37566
19.785 -9.13647
19.79 -9.24613
19.795 -8.42867
19.8 -7.02426
19.805 -5.19679
19.81 -3.11344
19.815 -0.940519
19.82 1.18212
19.825 3.0715
19.83 4.58974
19.835 5.66737
19.84 6.30174
19.845 6.52424
19.85 6.38975
19.855 5.99972
19.86 5.47321
19.865 4.98328
19.87 4.61151
19.875 4.37748
19.88 4.25515
19.885 4.36211
19.89 4.50606
19.895 4.78829
19.9 6.13288
19.905 7.07342
19.91 7.94237
19.915 8.60459
19.92 8.94643
19.925 8.91782
19.93 8.54517
19.935 7.902
19.94 7.0884
19.945 6.19757
19.95 5.32522
19.955 4.54255
19.96 3.87798
19.965 3.33769
19.97 2.92546
19.975 2.61025
19.98 2.36179
19.985 2.16738
19.99 2.06842
19.995 2.05223
20 2.08343
20.005 2.13052
20.01 2.15335
20.015 2.13813
20.02 2.18366
20.025 2.37466
20.03 2.63628
20.035 2.94107
20.04 3.21478
20.045 3.41097
20.05 3.53045
20.055 3.60918
20.06 3.69136
20.065 3.81955
20.07 3.96779
20.075 4.08865
20.08 4.15453
20.085 4.14634
20.09 4.07341
20.095 3.95997
20.1 3.84054
20.105 3.69512
20.11 3.5022
20.115 3.26769
20.12 2.98768
20.125 2.65483
20.13 2.25096
20.135 1.74014
20.14 1.0872
20.145 0.289408
20.15 -0.635661
20.155 -1.61948
20.16 -2.61022
20.165 -3.59674
20.17 -4.59598
20.175 -5.63075
20.18 -6.71799
20.185 -7.82987
20.19 -8.91624
20.195 -9.93631
20.2 -10.8671
20.205 -11.6808
20.21 -12.3816
20.215 -12.9965
20.22 -13.5376
20.225 -14.0115
20.23 -14.4218
20.235 -14.7546
20.24 -14.9901
20.245 -15.1296
20.25 -15.1767
20.255 -15.1551
20.26 -15.0915
20.265 -14.9967
20.27 -14.8617
20.275 -14.6997
20.28 -14.5143
20.285 -14.3142
20.29 -14.1034
20.295 -13.8773
20.3 -13.6217
20.305 -13.3257
20.31 -12.4374
20.315 -11.0463
20.32 -9.37011
20.325 -7.54156
20.33 -5.68861
20.335 -3.9349
20.34 -2.38671
20.345 -1.10221
20.35 -0.0980821
20.355 0.635247
20.36 1.10389
20.365 1.32487
20.37 1.32413
20.375 1.14421
20.38 0.852299
20.385 0.516291
20.39 0.18695
20.395 -0.0964392
20.4 -0.31163
20.405 -0.442305
20.41 -0.411794
20.415 -0.318032
20.42 -0.161344
20.425 0.0322185
20.43 0.24293
20.435 1.11472
20.44 1.57178
20.445 1.87745
20.45 2.01913
20.455 2.00347
20.46 1.85577
20.465 1.60906
20.47 1.30769
20.475 0.999185
20.48 0.732695
20.485 0.545479
20.49 0.46362
20.495 0.500631
20.5 0.656036
20.505 -0.740735
20.51 -1.46911
20.515 -1.98826
20.52 -2.28708
20.525 -2.35943
20.53 -2.20807
20.535 -1.83834
20.54 -1.26826
20.545 -0.466026
20.55 0.490334
20.555 1.57177
20.56 2.73839
20.565 3.95065
20.57 5.1702
20.575 6.35933
20.58 7.48555
20.585 8.51819
20.59 9.43769
20.595 10.2283
20.6 10.8392
20.605 11.2542
20.61 11.4904
20.615 11.557
20.62 11.4674
20.625 11.2383
20.63 10.8878
20.635 10.4361
20.64 9.90097
20.645 9.30191
20.65 8.65693
20.655 7.98324
20.66 7.29478
20.665 6.60315
20.67 5.91744
20.675 5.24285
20.68 4.58264
20.685 3.93795
20.69 3.30918
20.695 2.6967
20.7 2.10084
20.705 1.52125
20.71 0.958504
20.715 0.413032
20.72 -0.114062
20.725 -0.621184
20.73 -1.10635
20.735 -1.56696
20.74 -2.00028
20.745 -2.40361
20.75 -2.7751
20.755 -3.11334
20.76 -3.41772
20.765 -3.68815
20.77 -3.92524
20.775 -4.13032
20.78 -4.30511
20.785 -4.4522
20.79 -4.57444
20.795 -4.67481
20.8 -4.75635
20.805 -4.82202
20.81 -4.87426
20.815 -4.91511
20.82 -4.94599
20.825 -4.96772
20.83 -4.9804
20.835 -4.98352
20.84 -4.97616
20.845 -4.95697
20.85 -4.92446
20.855 -4.87714
20.86 -4.81365
20.865 -4.73304
20.87 -4.63484
20.875 -4.51929
20.88 -4.38747
20.885 -4.2413
20.89 -4.08363
20.895 -3.91811
20.9 -3.74916
20.905 -3.58178
20.91 -3.42133
20.915 -3.04209
20.92 -2.5562
20.925 -2.02351
20.93 -1.50044
20.935 -1.02546
20.94 -0.633418
20.945 -0.348666
20.95 -0.183836
20.955 -0.13968
20.96 -0.205932
20.965 -0.363166
20.97 -0.585158
20.975 -1.82175
