0.005 -0.490637
0.01 -0.486273
0.015 -0.480321
0.02 -0.471656
0.025 -0.459543
0.03 -0.44297
0.035 -0.421718
0.04 -0.395921
0.045 -0.366035
0.05 -0.332819
0.055 -0.297408
0.06 -0.262271
0.065 -0.229814
0.07 -0.201253
0.075 -0.178741
0.08 -0.162034
0.085 -0.15061
0.09 -0.143379
0.095 -0.141006
0.1 -0.139473
0.105 -0.136786
0.11 -0.131784
0.115 -0.123609
0.12 -0.115466
0.125 -0.104825
0.13 -0.0971391
0.135 -0.0917314
0.14 -0.0862144
0.145 -0.0845128
0.15 -0.0851194
0.155 -0.102006
0.16 -0.143185
0.165 -0.222625
0.17 -0.353248
0.175 -0.517653
0.18 -0.672418
0.185 -0.806375
0.19 -0.911504
0.195 -0.957772
0.2 -0.919466
0.205 -0.78715
0.21 -0.611472
0.215 -0.470141
0.22 -0.382209
0.225 -0.332351
0.23 -0.295077
0.235 -0.258251
0.24 -0.214065
0.245 -0.161494
0.25 -0.120406
0.255 -0.0937442
0.26 -0.0667186
0.265 -0.0101423
0.27 0.0659272
0.275 0.142916
0.28 0.226289
0.285 0.307931
0.29 0.402604
0.295 0.496013
0.3 0.557825
0.305 0.576497
0.31 0.544386
0.315 0.456859
0.32 0.292713
0.325 0.048222
0.33 -0.266247
0.335 -0.615479
0.34 -0.94258
0.345 -1.19648
0.35 -1.34601
0.355 -1.40137
0.36 -1.38351
0.365 -1.36415
0.37 -1.37055
0.375 -1.43337
0.38 -1.5691
0.385 -1.75661
0.39 -1.97923
0.395 -2.1725
0.4 -2.29476
0.405 -2.30111
0.41 -2.20124
0.415 -2.00118
0.42 -1.72711
0.425 -1.41709
0.43 -1.09489
0.435 -0.822324
0.44 -0.597471
0.445 -0.396771
0.45 -0.155362
0.455 0.103211
0.46 0.356665
0.465 0.558733
0.47 0.668606
0.475 0.756439
0.48 0.833285
0.485 0.972381
0.49 1.14935
0.495 1.27337
0.5 1.29523
0.505 1.18987
0.51 0.971518
0.515 0.646871
0.52 0.285744
0.525 -0.0687604
0.53 -0.387001
0.535 -0.682259
0.54 -0.943458
0.545 -1.13859
0.55 -1.25541
0.555 -1.30747
0.56 -1.3298
0.565 -1.34206
0.57 -1.33033
0.575 -1.27764
0.58 -1.15648
0.585 -0.974116
0.59 -0.731317
0.595 -0.466227
0.6 -0.161537
0.605 0.17271
0.61 0.505904
0.615 0.820753
0.62 1.0953
0.625 1.38224
0.63 1.71741
0.635 2.08313
0.64 2.3934
0.645 2.55847
0.65 2.54563
0.655 2.31051
0.66 1.83751
0.665 1.10179
0.67 0.196879
0.675 -0.779067
0.68 -1.72033
0.685 -2.55726
0.69 -3.30345
0.695 -3.94113
0.7 -4.45004
0.705 -4.79384
0.71 -4.99864
0.715 -5.014
0.72 -4.81238
0.725 -4.39831
0.73 -3.70668
0.735 -2.71845
0.74 -1.47792
0.745 -0.0897073
0.75 1.30383
0.755 2.50581
0.76 3.40216
0.765 3.99295
0.77 4.23775
0.775 4.19131
0.78 3.87487
0.785 3.23919
0.79 2.23784
0.795 0.909058
0.8 -0.554949
0.805 -1.95009
0.81 -3.04228
0.815 -3.76726
0.82 -4.01948
0.825 -3.82044
0.83 -3.4064
0.835 -2.82708
0.84 -2.08901
0.845 -1.15208
0.85 -0.0638917
0.855 1.07059
0.86 2.2813
0.865 3.44189
0.87 4.59393
0.875 5.6056
0.88 6.35591
0.885 6.93931
0.89 7.30783
0.895 7.40972
0.9 7.15314
0.905 6.61177
0.91 5.86097
0.915 4.94217
0.92 3.85523
0.925 2.52071
0.93 1.03451
0.935 -0.467378
0.94 -1.83978
0.945 -3.04603
0.95 -4.09132
0.955 -4.89992
0.96 -5.49692
0.965 -5.82053
0.97 -5.97507
0.975 -5.95764
0.98 -5.80784
0.985 -5.61336
0.99 -5.41404
0.995 -5.29432
1 -5.24087
1.005 -5.32241
1.01 -5.55762
1.015 -5.94288
1.02 -6.52404
1.025 -7.16228
1.03 -7.71716
1.035 -7.93064
1.04 -7.7363
1.045 -7.14426
1.05 -6.22957
1.055 -5.24855
1.06 -4.29238
1.065 -3.44527
1.07 -2.76745
1.075 -2.21803
1.08 -1.79001
1.085 -1.3336
1.09 -0.713914
1.095 0.156488
1.1 1.12472
1.105 2.05036
1.11 2.91156
1.115 3.62978
1.12 4.15182
1.125 4.35077
1.13 4.18272
1.135 3.81111
1.14 3.5415
1.145 3.54894
1.15 3.90204
1.155 4.66122
1.16 5.65915
1.165 6.70842
1.17 7.63796
1.175 8.30431
1.18 8.60318
1.185 8.41338
1.19 7.75454
1.195 6.66778
1.2 5.37234
1.205 4.07809
1.21 3.01591
1.215 2.37772
1.22 2.2079
1.225 2.45684
1.23 3.02352
1.235 3.84734
1.24 4.85257
1.245 5.88573
1.25 6.86117
1.255 7.60977
1.26 8.08658
1.265 8.12669
1.27 7.59894
1.275 6.57855
1.28 5.1259
1.285 3.32022
1.29 1.03846
1.295 -1.64429
1.3 -4.59268
1.305 -7.67334
1.31 -10.7919
1.315 -13.8317
1.32 -16.4996
1.325 -18.6712
1.33 -20.3071
1.335 -21.2918
1.34 -21.6749
1.345 -21.5468
1.35 -21.0076
1.355 -20.1264
1.36 -18.9603
1.365 -17.558
1.37 -15.9352
1.375 -14.2056
1.38 -12.385
1.385 -10.5931
1.39 -8.72337
1.395 -6.72398
1.4 -4.62973
1.405 -2.60404
1.41 -0.894481
1.415 0.441004
1.42 1.32592
1.425 1.80636
1.43 1.99924
1.435 1.99401
1.44 1.84734
1.445 1.57132
1.45 1.20161
1.455 0.83112
1.46 0.55805
1.465 0.54731
1.47 0.729428
1.475 1.13858
1.48 1.72027
1.485 2.55396
1.49 3.59591
1.495 4.75964
1.5 6.03468
1.505 7.38175
1.51 8.68699
1.515 9.855
1.52 10.8667
1.525 11.7274
1.53 12.511
1.535 13.2913
1.54 14.056
1.545 14.7593
1.55 15.1942
1.555 15.3242
1.56 15.1679
1.565 14.7905
1.57 14.1398
1.575 13.2524
1.58 12.2072
1.585 10.9817
1.59 9.61868
1.595 8.2564
1.6 7.06454
1.605 6.07624
1.61 5.37037
1.615 4.89954
1.62 4.5517
1.625 4.36447
1.63 4.41285
1.635 4.83534
1.64 5.48384
1.645 6.26322
1.65 7.04921
1.655 7.66562
1.66 7.9765
1.665 7.82654
1.67 7.13941
1.675 5.83876
1.68 4.00436
1.685 1.81434
1.69 -0.642112
1.695 -3.32099
1.7 -6.13628
1.705 -8.83598
1.71 -11.2935
1.715 -13.3659
1.72 -14.9334
1.725 -15.973
1.73 -16.5179
1.735 -16.6072
1.74 -16.2436
1.745 -15.5427
1.75 -14.6348
1.755 -13.6718
1.76 -12.6912
1.765 -11.7863
1.77 -11.0804
1.775 -10.6537
1.78 -10.6622
1.785 -11.0038
1.79 -11.528
1.795 -12.0046
1.8 -12.2504
1.805 -12.0708
1.81 -11.3044
1.815 -9.92181
1.82 -8.0114
1.825 -5.75821
1.83 -3.19602
1.835 -0.486836
1.84 2.21557
1.845 4.76127
1.85 7.01849
1.855 8.83734
1.86 10.1048
1.865 10.6911
1.87 10.431
1.875 9.35765
1.88 7.48775
1.885 5.0644
1.89 2.41718
1.895 -0.209633
1.9 -2.66047
1.905 -4.77809
1.91 -6.38795
1.915 -7.42569
1.92 -7.85788
1.925 -7.72431
1.93 -7.01254
1.935 -5.68087
1.94 -3.60686
1.945 -0.821417
1.95 2.45051
1.955 6.01071
1.96 9.56416
1.965 12.887
1.97 15.8102
1.975 18.183
1.98 19.8577
1.985 20.7756
1.99 21.061
1.995 20.8445
2 20.2465
2.005 19.2226
2.01 17.7602
2.015 15.8582
2.02 13.6176
2.025 11.3409
2.03 9.2791
2.035 7.50144
2.04 6.02051
2.045 4.81296
2.05 3.87661
2.055 3.29631
2.06 2.98991
2.065 2.85814
2.07 2.79351
2.075 2.65338
2.08 2.38186
2.085 2.01423
2.09 1.67147
2.095 1.34435
2.1 1.0319
2.105 0.735678
2.11 0.347422
2.115 -0.159217
2.12 -0.865952
2.125 -1.73998
2.13 -2.76352
2.135 -3.89183
2.14 -5.04748
2.145 -6.06328
2.15 -6.87255
2.155 -7.50895
2.16 -7.99328
2.165 -8.29828
2.17 -8.43539
2.175 -8.6007
2.18 -8.92124
2.185 -9.45689
2.19 -10.1765
2.195 -10.9676
2.2 -11.6755
2.205 -12.1532
2.21 -12.281
2.215 -11.942
2.22 -11.117
2.225 -9.90025
2.23 -8.56211
2.235 -7.3136
2.24 -6.26832
2.245 -5.53696
2.25 -5.13217
2.255 -4.99865
2.26 -4.90721
2.265 -4.81877
2.27 -4.64162
2.275 -4.21643
2.28 -3.51282
2.285 -2.51833
2.29 -1.37472
2.295 -0.347834
2.3 0.334915
2.305 0.624011
2.31 0.338171
2.315 -0.37025
2.32 -1.14282
2.325 -1.81519
2.33 -2.25143
2.335 -2.36388
2.34 -2.05092
2.345 -1.27615
2.35 0.139687
2.355 2.1741
2.36 4.70317
2.365 7.70359
2.37 11.0894
2.375 14.6928
2.38 18.2015
2.385 21.3941
2.39 23.9168
2.395 25.5648
2.4 26.2335
2.405 25.9882
2.41 25.0426
2.415 23.5045
2.42 21.4733
2.425 18.9827
2.43 16.1442
2.435 13.0518
2.44 9.9038
2.445 6.9338
2.45 4.36596
2.455 2.40282
2.46 1.14944
2.465 0.766963
2.47 1.13013
2.475 2.02766
2.48 3.39924
2.485 5.02036
2.49 6.64142
2.495 8.03887
2.5 9.07875
2.505 9.63993
2.51 9.71379
2.515 9.27532
2.52 8.41883
2.525 7.17548
2.53 5.59616
2.535 3.79992
2.54 1.93004
2.545 0.250655
2.55 -1.19525
2.555 -2.3972
2.56 -3.32866
2.565 -3.99272
2.57 -4.36008
2.575 -4.47706
2.58 -4.33349
2.585 -4.00782
2.59 -3.63462
2.595 -3.24926
2.6 -3.11742
2.605 -3.31896
2.61 -3.82451
2.615 -4.50414
2.62 -5.20583
2.625 -5.78441
2.63 -6.17549
2.635 -6.45168
2.64 -6.72363
2.645 -7.16146
2.65 -7.70985
2.655 -8.35456
2.66 -9.04463
2.665 -9.65257
2.67 -10.1523
2.675 -10.5361
2.68 -10.8593
2.685 -10.9677
2.69 -10.7987
2.695 -10.4953
2.7 -9.97381
2.705 -9.19882
2.71 -8.0698
2.715 -6.67119
2.72 -4.931
2.725 -3.06266
2.73 -1.22586
2.735 0.571349
2.74 2.0691
2.745 3.23791
2.75 4.1375
2.755 4.8886
2.76 5.46112
2.765 5.7233
2.77 5.62739
2.775 5.04602
2.78 3.97386
2.785 2.46727
2.79 0.721124
2.795 -1.00377
2.8 -2.50524
2.805 -3.53077
2.81 -4.0123
2.815 -3.9872
2.82 -3.50836
2.825 -2.61257
2.83 -1.4529
2.835 -0.0915592
2.84 1.26765
2.845 2.4987
2.85 3.57849
2.855 4.41753
2.86 4.93253
2.865 5.09627
2.87 4.97883
2.875 4.59217
2.88 3.98374
2.885 3.19418
2.89 2.16126
2.895 0.997422
2.9 -0.0939149
2.905 -0.769936
2.91 -0.701067
2.915 0.263967
2.92 2.04219
2.925 4.40496
2.93 7.07044
2.935 9.6282
2.94 11.8076
2.945 13.3069
2.95 14.0542
2.955 14.1579
2.96 13.767
2.965 13.0062
2.97 11.9288
2.975 10.6667
2.98 9.28452
2.985 7.73907
2.99 5.93157
2.995 3.8445
3 1.57637
3.005 -0.709288
3.01 -2.80236
3.015 -4.56302
3.02 -5.92442
3.025 -6.96535
3.03 -7.82229
3.035 -8.62014
3.04 -9.3058
3.045 -9.72714
3.05 -9.85058
3.055 -9.70212
3.06 -9.45681
3.065 -9.28176
3.07 -9.30784
3.075 -9.61892
3.08 -10.195
3.085 -10.9158
3.09 -11.6404
3.095 -12.162
3.1 -12.2747
3.105 -11.8563
3.11 -10.9129
3.115 -9.52367
3.12 -7.88029
3.125 -6.15009
3.13 -4.45139
3.135 -2.84215
3.14 -1.43414
3.145 -0.273083
3.15 0.642406
3.155 1.38991
3.16 2.03361
3.165 2.56297
3.17 2.8935
3.175 2.88639
3.18 2.36731
3.185 1.10114
3.19 -0.969553
3.195 -3.78077
3.2 -7.13447
3.205 -10.7764
3.21 -14.3534
3.215 -17.4978
3.22 -20.0161
3.225 -21.8085
3.23 -22.8515
3.235 -23.0984
3.24 -22.5705
3.245 -21.2513
3.25 -19.2408
3.255 -16.7353
3.26 -13.9479
3.265 -11.0844
3.27 -8.25388
3.275 -5.56661
3.28 -3.08254
3.285 -0.784738
3.29 1.39179
3.295 3.43788
3.3 5.3824
3.305 7.3246
3.31 9.30238
3.315 11.2704
3.32 13.0292
3.325 14.5018
3.33 15.6515
3.335 16.4964
3.34 17.0514
3.345 17.3151
3.35 17.2314
3.355 16.8665
3.36 16.3496
3.365 15.6699
3.37 14.8916
3.375 13.9515
3.38 12.7835
3.385 11.336
3.39 9.73656
3.395 8.07366
3.4 6.33156
3.405 4.4817
3.41 2.54849
3.415 0.832688
3.42 -0.64205
3.425 -1.77652
3.43 -2.59351
3.435 -3.20457
3.44 -3.64216
3.445 -3.97294
3.45 -4.11086
3.455 -4.00059
3.46 -3.53179
3.465 -2.82658
3.47 -1.96
3.475 -0.941195
3.48 -0.109051
3.485 0.673223
3.49 1.30755
3.495 1.76767
3.5 1.93866
3.505 1.92859
3.51 1.75477
3.515 1.36467
3.52 0.7495
3.525 -0.179854
3.53 -0.657087
3.535 -1.99654
3.54 -3.65228
3.545 -6.26066
3.55 -8.59162
3.555 -11.1316
3.56 -13.6978
3.565 -16.1902
3.57 -18.4957
3.575 -20.3464
3.58 -21.5113
3.585 -22.3365
3.59 -23.0007
3.595 -23.3641
3.6 -23.5319
3.605 -23.4258
3.61 -23.247
3.615 -23.2822
3.62 -23.4139
3.625 -23.6253
3.63 -23.5521
3.635 -23.1936
3.64 -22.6012
3.645 -21.6378
3.65 -20.352
3.655 -18.6965
3.66 -16.6639
3.665 -14.1377
3.67 -11.2114
3.675 -7.79533
3.68 -3.91543
3.685 0.520718
3.69 5.59575
3.695 11.3009
3.7 17.4624
3.705 23.9078
3.71 30.4681
3.715 36.716
3.72 42.5638
3.725 47.7529
3.73 52.2699
3.735 55.9903
3.74 58.7058
3.745 60.5183
3.75 62.3492
3.755 62.8788
3.76 61.7434
3.765 60.4183
3.77 58.6318
3.775 56.3016
3.78 53.7184
3.785 50.9167
3.79 48.1018
3.795 45.3844
3.8 42.9707
3.805 40.9972
3.81 39.5293
3.815 38.6027
3.82 38.0579
3.825 38.0082
3.83 38.0767
3.835 38.1633
3.84 38.0245
3.845 37.1736
3.85 33.5415
3.855 31.3913
3.86 28.0363
3.865 25.4072
3.87 21.2434
3.875 16.2191
3.88 10.2091
3.885 4.36641
3.89 -2.43906
3.895 -11.4421
3.9 -20.0252
3.905 -27.9071
3.91 -35.1082
3.915 -42.0727
3.92 -51.6685
3.925 -60.161
3.93 -68.0344
3.935 -75.17
3.94 -81.1334
3.945 -85.7897
3.95 -88.8876
3.955 -90.3447
3.96 -90.0645
3.965 -87.7466
3.97 -83.1703
3.975 -76.7998
3.98 -69.1232
3.985 -60.5294
3.99 -51.5184
3.995 -42.5198
4 -34.1256
4.005 -26.9856
4.01 -22.2972
4.015 -19.5134
4.02 -18.4772
4.025 -18.8573
4.03 -20.3056
4.035 -22.2683
4.04 -24.305
4.045 -25.8798
4.05 -26.1961
4.055 -25.4873
4.06 -23.3881
4.065 -22.2903
4.07 -18.6312
4.075 -10.0959
4.08 -0.138657
4.085 10.8851
4.09 22.6991
4.095 38.7273
4.1 53.2312
4.105 66.8942
4.11 71.6145
4.115 77.9963
4.12 80.5154
4.125 85.8856
4.13 89.1023
4.135 92.1806
4.14 90.3876
4.145 93.0915
4.15 90.3888
4.155 85.0865
4.16 77.5626
4.165 68.0403
4.17 56.7296
4.175 43.7632
4.18 29.9585
4.185 15.7901
4.19 1.69596
4.195 -12.2674
4.2 -25.8449
4.205 -38.5927
4.21 -50.0609
4.215 -59.9226
4.22 -67.8151
4.225 -73.6551
4.23 -77.2406
4.235 -77.6041
4.24 -75.4399
4.245 -70.7922
4.25 -64.1297
4.255 -55.6703
4.26 -45.8725
4.265 -34.9987
4.27 -23.5747
4.275 -12.025
4.28 -0.661247
4.285 10.1599
4.29 20.4025
4.295 29.4912
4.3 37.4905
4.305 44.0627
4.31 49.0851
4.315 52.5476
4.32 54.4006
4.325 54.5923
4.33 53.0017
4.335 49.7286
4.34 45.0542
4.345 39.1544
4.35 32.3976
4.355 22.2603
4.36 12.8545
4.365 5.5521
4.37 -1.83928
4.375 -9.02907
4.38 -15.7254
4.385 -21.6856
4.39 -26.7237
4.395 -30.6228
4.4 -33.3145
4.405 -34.6967
4.41 -34.9173
4.415 -33.4523
4.42 -31.981
4.425 -30.5654
4.43 -29.3039
4.435 -28.328
4.44 -27.4856
4.445 -26.7223
4.45 -23.1326
4.455 -21.885
4.46 -20.3156
4.465 -18.6665
4.47 -16.7484
4.475 -14.6636
4.48 -12.2324
4.485 -9.67161
4.49 -7.07809
4.495 -5.22237
4.5 -3.85563
4.505 -2.97004
4.51 -2.59512
4.515 -2.10066
4.52 -1.85112
4.525 -1.80053
4.53 -1.86158
4.535 -2.08112
4.54 -2.5002
4.545 -3.04721
4.55 -3.48093
4.555 -3.40547
4.56 -3.88995
4.565 -2.7872
4.57 -0.251872
4.575 5.03712
4.58 10.9948
4.585 17.8849
4.59 25.3585
4.595 32.9577
4.6 40.3627
4.605 47.0602
4.61 52.6734
4.615 56.8073
4.62 59.2875
4.625 60.0195
4.63 59.042
4.635 56.5095
4.64 52.2351
4.645 47.3174
4.65 41.6641
4.655 35.5889
4.66 29.2721
4.665 22.8619
4.67 16.4075
4.675 9.84215
4.68 3.18864
4.685 -3.69582
4.69 -10.7463
4.695 -18.1162
4.7 -25.4205
4.705 -32.5926
4.71 -39.4705
4.715 -45.8762
4.72 -51.6503
4.725 -56.5076
4.73 -60.188
4.735 -62.479
4.74 -63.3137
4.745 -62.3784
4.75 -60.3318
4.755 -56.0816
4.76 -49.9134
4.765 -41.9447
4.77 -32.1789
4.775 -20.5966
4.78 -6.91832
4.785 8.18958
4.79 24.5296
4.795 41.4448
4.8 58.4151
4.805 74.4234
4.81 88.6353
4.815 100.227
4.82 108.564
4.825 113.275
4.83 113.296
4.835 109.43
4.84 101.753
4.845 90.8206
4.85 77.1765
4.855 61.384
4.86 44.0605
4.865 25.8269
4.87 7.27707
4.875 -11.1376
4.88 -28.7603
4.885 -43.8315
4.89 -52.6901
4.895 -61.2292
4.9 -67.8566
4.905 -72.3712
4.91 -74.8869
4.915 -75.413
4.92 -74.2442
4.925 -76.2332
4.93 -75.1951
4.935 -72.0883
4.94 -66.6516
4.945 -58.8055
4.95 -48.3797
4.955 -35.3614
4.96 -20.4218
4.965 -4.23521
4.97 15.1493
4.975 32.3535
4.98 48.6316
4.985 62.9219
4.99 74.209
4.995 81.872
5 85.482
5.005 85.5194
5.01 80.8538
5.015 72.0485
5.02 59.7283
5.025 44.9191
5.03 28.3582
5.035 11.0466
5.04 -6.12956
5.045 -22.3945
5.05 -37.1434
5.055 -49.8588
5.06 -60.1994
5.065 -67.9774
5.07 -72.8882
5.075 -75.1273
5.08 -75.2357
5.085 -73.8402
5.09 -71.2807
5.095 -67.8994
5.1 -64.0771
5.105 -60.4314
5.11 -59.6952
5.115 -58.897
5.12 -58.8834
5.125 -58.0997
5.13 -57.8314
5.135 -57.7788
5.14 -57.8926
5.145 -60.5452
5.15 -59.6867
5.155 -58.8432
5.16 -57.8966
5.165 -57.0884
5.17 -60.1085
5.175 -61.7844
5.18 -63.3466
5.185 -64.6726
5.19 -58.5991
5.195 -53.2485
5.2 -47.8192
5.205 -45.7358
5.21 -44.2268
5.215 -41.892
5.22 -39.4477
5.225 -36.7295
5.23 -33.6718
5.235 -30.2518
5.24 -26.3481
5.245 -21.8231
5.25 -22.7515
5.255 -20.6354
5.26 -16.3834
5.265 -15.5487
5.27 -13.325
5.275 -11.1249
5.28 -8.63148
5.285 -5.75057
5.29 -2.50814
5.295 1.03275
5.3 4.78015
5.305 8.68897
5.31 12.7036
5.315 16.7332
5.32 20.8628
5.325 25.8844
5.33 28.0708
5.335 29.4966
5.34 30.1852
5.345 30.2814
5.35 29.8694
5.355 29.0239
5.36 27.8873
5.365 23.7591
5.37 17.6533
5.375 10.3415
5.38 2.59526
5.385 -4.833
5.39 -11.3251
5.395 -16.4798
5.4 -20.0526
5.405 -20.8412
5.41 -18.8485
5.415 -14.2342
5.42 -7.15262
5.425 2.11461
5.43 13.2242
5.435 25.802
5.44 39.3324
5.445 53.1982
5.45 66.8905
5.455 80.0658
5.46 92.4348
5.465 103.774
5.47 112.873
5.475 111.396
5.48 112.575
5.485 117.893
5.49 120.698
5.495 122.446
5.5 123.392
5.505 124.016
5.51 124.782
5.515 124.347
5.52 125.07
5.525 127.113
5.53 148.833
5.535 162.061
5.54 184.521
5.545 203.34
5.55 219.563
5.555 233.371
5.56 236.198
5.565 243.392
5.57 249.807
5.575 255.338
5.58 186.609
5.585 148.658
5.59 109.428
5.595 111.962
5.6 95.9176
5.605 80.3829
5.61 63.6509
5.615 53.5139
5.62 39.5889
5.625 25.4444
5.63 11.2607
5.635 -2.91996
5.64 -17.2614
5.645 -31.8675
5.65 -48.8111
5.655 -65.0971
5.66 -80.023
5.665 -91.5301
5.67 -102.515
5.675 -111.704
5.68 -118.787
5.685 -123.535
5.69 -125.688
5.695 -131.16
5.7 -133.986
5.705 -134.762
5.71 -133.687
5.715 -130.898
5.72 -127.99
5.725 -121.432
5.73 -110.937
5.735 -99.0319
5.74 -85.7702
5.745 -71.7997
5.75 -57.8897
5.755 -44.7415
5.76 -33.0468
5.765 -23.3691
5.77 -16.2024
5.775 -11.9104
5.78 -10.4577
5.785 -11.6972
5.79 -15.57
5.795 -21.8578
5.8 -29.3843
5.805 -38.4712
5.81 -48.6952
5.815 -59.6539
5.82 -71.2233
5.825 -83.3984
5.83 -95.9822
5.835 -108.836
5.84 -121.637
5.845 -133.719
5.85 -144.341
5.855 -155.458
5.86 -164.519
5.865 -170.753
5.87 -173.64
5.875 -173.333
5.88 -170.027
5.885 -164.158
5.89 -156.227
5.895 -146.765
5.9 -136.438
5.905 -125.772
5.91 -115.21
5.915 -105.184
5.92 -95.9998
5.925 -87.6606
5.93 -90.7882
5.935 -89.1883
5.94 -88.5593
5.945 -78.7107
5.95 -70.0831
5.955 -62.5427
5.96 -56.5556
5.965 -52.582
5.97 -50.7617
5.975 -77.8539
5.98 -92.009
5.985 -105.206
5.99 -100.633
5.995 -95.8867
6 -90.5273
6.005 -88.7937
6.01 -84.5077
6.015 -79.7034
6.02 -74.5559
6.025 -69.4789
6.03 -64.3826
6.035 -59.3587
6.04 -53.687
6.045 -48.3851
6.05 -43.571
6.055 -39.1551
6.06 -35.0006
6.065 -31.1512
6.07 -27.6602
6.075 -24.3561
6.08 -20.8419
6.085 -17.081
6.09 -12.9736
6.095 -8.34631
6.1 -3.21116
6.105 3.30268
6.11 10.1808
6.115 17.4943
6.12 25.0221
6.125 32.632
6.13 40.3129
6.135 47.9075
6.14 55.1984
6.145 62.0191
6.15 68.2435
6.155 73.1751
6.16 77.7554
6.165 81.9862
6.17 85.9135
6.175 89.5519
6.18 120.613
6.185 152.687
6.19 208.503
6.195 245.753
6.2 276.187
6.205 298.074
6.21 306.38
6.215 309.869
6.22 311.989
6.225 310.284
6.23 295.821
6.235 269.352
6.24 235.461
6.245 197.051
6.25 157.554
6.255 119.06
6.26 83.7071
6.265 53.0064
6.27 29.0455
6.275 9.93245
6.28 -0.810433
6.285 -9.45841
6.29 -15.0115
6.295 -17.9663
6.3 -19.4642
6.305 -20.7715
6.31 -22.9403
6.315 -26.038
6.32 -29.6328
6.325 -33.8035
6.33 -38.4257
6.335 -42.3122
6.34 -46.171
6.345 -49.8019
6.35 -52.9723
6.355 -54.7921
6.36 -54.3674
6.365 -51.6529
6.37 -46.3006
6.375 -37.9226
6.38 -26.3644
6.385 -11.9015
6.39 4.94699
6.395 23.4875
6.4 43.0178
6.405 62.7742
6.41 81.8571
6.415 99.5227
6.42 114.996
6.425 127.59
6.43 136.904
6.435 142.661
6.44 144.39
6.445 141.918
6.45 135.385
6.455 125.037
6.46 111.26
6.465 94.671
6.47 76.693
6.475 61.0841
6.48 43.5692
6.485 25.5492
6.49 7.48676
6.495 -10.0156
6.5 -26.4912
6.505 -41.46
6.51 -54.3851
6.515 -64.9083
6.52 -72.722
6.525 -77.6555
6.53 -79.7041
6.535 -78.6144
6.54 -74.9416
6.545 -69.1216
6.55 -61.5987
6.555 -52.8424
6.56 -43.3214
6.565 -33.5337
6.57 -24.1949
6.575 -15.9412
6.58 -8.98686
6.585 -3.68959
6.59 -0.129643
6.595 1.65767
6.6 1.21847
6.605 -0.762295
6.61 -4.25031
6.615 -9.50531
6.62 -16.4451
6.625 -24.016
6.63 -28.7424
6.635 -34.5111
6.64 -39.6131
6.645 -43.7908
6.65 -46.9059
6.655 -48.7754
6.66 -49.3164
6.665 -48.5017
6.67 -46.5574
6.675 -43.3555
6.68 -40.0947
6.685 -36.2984
6.69 -32.2814
6.695 -28.35
6.7 -24.7986
6.705 -21.8894
6.71 -19.8062
6.715 -18.5333
6.72 -17.9363
6.725 -18.0012
6.73 -18.7633
6.735 -20.1792
6.74 -22.6743
6.745 -26.2875
6.75 -30.4802
6.755 -34.8271
6.76 -38.8346
6.765 -42.1482
6.77 -44.2723
6.775 -44.8954
6.78 -43.7682
6.785 -41.0302
6.79 -36.9466
6.795 -31.677
6.8 -25.5838
6.805 -19.0481
6.81 -12.5575
6.815 -6.57061
6.82 -1.7078
6.825 1.72067
6.83 3.47082
6.835 3.41927
6.84 1.64384
6.845 -1.71839
6.85 -6.42038
6.855 -12.2257
6.86 -18.8572
6.865 -24.4532
6.87 -30.4921
6.875 -36.5252
6.88 -42.0514
6.885 -47.4032
6.89 -52.347
6.895 -56.7046
6.9 -60.3868
6.905 -63.2406
6.91 -65.3269
6.915 -66.6696
6.92 -67.129
6.925 -66.6555
6.93 -65.5063
6.935 -63.8155
6.94 -61.5468
6.945 -58.8934
6.95 -55.9303
6.955 -52.7419
6.96 -49.2605
6.965 -45.5158
6.97 -41.5261
6.975 -37.3714
6.98 -33.4365
6.985 -29.6553
6.99 -25.9481
6.995 -22.1968
7 -18.322
7.005 -14.4392
7.01 -10.6976
7.015 -7.31641
7.02 -4.55864
7.025 -2.52256
7.03 -1.16867
7.035 -0.410757
7.04 -0.0882754
7.045 1.42414
7.05 5.74943
7.055 13.5626
7.06 25.2678
7.065 40.879
7.07 59.9125
7.075 79.6822
7.08 100.343
7.085 120.441
7.09 138.817
7.095 159.63
7.1 174.733
7.105 184.961
7.11 189.51
7.115 200.05
7.12 205.537
7.125 204.868
7.13 197.503
7.135 185.32
7.14 167.481
7.145 145.258
7.15 120.78
7.155 94.3025
7.16 67.2083
7.165 40.552
7.17 15.3214
7.175 -7.885
7.18 -27.7458
7.185 -45.7744
7.19 -58.2615
7.195 -70.2847
7.2 -81.4596
7.205 -91.9108
7.21 -101.52
7.215 -110.011
7.22 -117.199
7.225 -122.915
7.23 -126.942
7.235 -129.071
7.24 -128.603
7.245 -126.013
7.25 -121.275
7.255 -114.607
7.26 -105.207
7.265 -94.3667
7.27 -82.5399
7.275 -70.2437
7.28 -58.0268
7.285 -46.3101
7.29 -35.4569
7.295 -25.7743
7.3 -17.4257
7.305 -10.4646
7.31 -4.96951
7.315 -0.873406
7.32 2.0333
7.325 4.02879
7.33 5.42739
7.335 6.66694
7.34 7.98633
7.345 9.67403
7.35 11.4879
7.355 13.4955
7.36 15.6741
7.365 17.7674
7.37 19.5401
7.375 23.2529
7.38 26.1425
7.385 29.0317
7.39 32.0684
7.395 35.2939
7.4 38.5531
7.405 41.6428
7.41 44.375
7.415 46.7703
7.42 48.8444
7.425 50.645
7.43 52.0643
7.435 53.1288
7.44 53.8255
7.445 54.2105
7.45 54.3829
7.455 54.3132
7.46 53.9704
7.465 53.2437
7.47 52.3766
7.475 51.5379
7.48 50.8297
7.485 50.2793
7.49 49.8082
7.495 49.3565
7.5 48.8833
7.505 48.3412
7.51 47.0163
7.515 44.4101
7.52 40.9646
7.525 36.8425
7.53 32.1343
7.535 27.0727
7.54 21.9408
7.545 16.9878
7.55 12.5011
7.555 8.62504
7.56 5.46444
7.565 2.94113
7.57 0.905651
7.575 -0.779527
7.58 -2.23066
7.585 -3.55258
7.59 -4.85064
7.595 -6.33001
7.6 -8.34147
7.605 -10.768
7.61 -13.7165
7.615 -17.2575
7.62 -21.4681
7.625 -26.2022
7.63 -31.2581
7.635 -34.5041
7.64 -38.5501
7.645 -42.5372
7.65 -46.313
7.655 -49.9337
7.66 -47.5154
7.665 -45.7328
7.67 -44.0663
7.675 -42.5512
7.68 -41.2075
7.685 -40.0632
7.69 -37.7942
7.695 -36.2364
7.7 -35.1807
7.705 -34.4988
7.71 -34.0667
7.715 -33.955
7.72 -34.1751
7.725 -34.6039
7.73 -35.1096
7.735 -35.5262
7.74 -35.7379
7.745 -35.683
7.75 -35.4211
7.755 -35.0443
7.76 -34.5939
7.765 -34.2219
7.77 -33.943
7.775 -33.6952
7.78 -31.198
7.785 -27.0228
7.79 -21.8936
7.795 -16.2867
7.8 -10.568
7.805 -5.15147
7.81 -0.836196
7.815 -0.536791
7.82 -0.619378
7.825 -1.73597
7.83 -3.5356
7.835 -5.54246
7.84 -7.35413
7.845 -9.02955
7.85 -10.6485
7.855 -12.0255
7.86 -10.1217
7.865 -8.39268
7.87 -6.26447
7.875 -3.65677
7.88 -0.0697107
7.885 3.71095
7.89 7.56241
7.895 11.2287
7.9 14.5177
7.905 17.3336
7.91 19.4843
7.915 20.8225
7.92 21.2096
7.925 20.8
7.93 19.7771
7.935 18.2331
7.94 16.2238
7.945 13.7381
7.95 10.7284
7.955 7.2373
7.96 3.27519
7.965 -0.806027
7.97 -4.54078
7.975 -7.7969
7.98 -10.5745
7.985 -12.9079
7.99 -14.8574
7.995 -16.5011
8 -17.8143
8.005 -18.8221
8.01 -19.6207
8.015 -20.2296
8.02 -20.6763
8.025 -20.9174
8.03 -20.9515
8.035 -20.7385
8.04 -20.2193
8.045 -19.3458
8.05 -17.8767
8.055 -15.6847
8.06 -12.776
8.065 -9.35514
8.07 -5.46375
8.075 -1.10818
8.08 3.74824
8.085 9.12403
8.09 14.9288
8.095 21.1191
8.1 27.917
8.105 34.2921
8.11 40.2955
8.115 45.7556
8.12 50.6262
8.125 54.8011
8.13 58.2589
8.135 61.0378
8.14 63.1045
8.145 64.4419
8.15 65.059
8.155 65.1364
8.16 64.7703
8.165 64.1352
8.17 63.3092
8.175 62.2641
8.18 60.7886
8.185 59.0047
8.19 56.9183
8.195 54.4754
8.2 51.7506
8.205 48.7996
8.21 45.6948
8.215 42.6272
8.22 39.5139
8.225 36.326
8.23 33.054
8.235 29.7146
8.24 26.3997
8.245 23.0691
8.25 19.6723
8.255 16.1117
8.26 12.3285
8.265 8.33831
8.27 4.19497
8.275 -0.119824
8.28 -4.64351
8.285 -9.5795
8.29 -14.8545
8.295 -20.4249
8.3 -26.1558
8.305 -31.8059
8.31 -37.2247
8.315 -42.1722
8.32 -46.5908
8.325 -50.4665
8.33 -53.7726
8.335 -56.4047
8.34 -55.9957
8.345 -55.3389
8.35 -54.3397
8.355 -52.6868
8.36 -50.3927
8.365 -47.5817
8.37 -43.9064
8.375 -39.4598
8.38 -34.4322
8.385 -28.959
8.39 -23.1521
8.395 -17.1622
8.4 -11.307
8.405 -7.69521
8.41 -5.61149
8.415 -5.14708
8.42 -6.28352
8.425 -8.78119
8.43 -12.4826
8.435 -17.1378
8.44 -22.2318
8.445 -27.4282
8.45 -32.4692
8.455 -37.0491
8.46 -40.7616
8.465 -43.3905
8.47 -44.8106
8.475 -45.1339
8.48 -42.2853
8.485 -39.4591
8.49 -35.6386
8.495 -30.7983
8.5 -25.2343
8.505 -19.3898
8.51 -13.5455
8.515 -8.01246
8.52 -3.03596
8.525 1.1197
8.53 4.34606
8.535 6.59946
8.54 7.77758
8.545 7.89083
8.55 6.98601
8.555 5.12581
8.56 2.33045
8.565 -1.33124
8.57 -5.71132
8.575 -11.2593
8.58 -17.1175
8.585 -23.1627
8.59 -29.096
8.595 -34.623
8.6 -39.5525
8.605 -43.7473
8.61 -47.4879
8.615 -50.578
8.62 -52.9649
8.625 -54.4969
8.63 -55.0653
8.635 -54.6903
8.64 -53.5473
8.645 -51.8146
8.65 -49.7811
8.655 -47.5711
8.66 -45.2088
8.665 -42.6975
8.67 -40.1592
8.675 -37.702
8.68 -35.3646
8.685 -33.6176
8.69 -32.4725
8.695 -32.1194
8.7 -32.5709
8.705 -33.6883
8.71 -35.2011
8.715 -36.8564
8.72 -38.4876
8.725 -40.0284
8.73 -41.4159
8.735 -42.6113
8.74 -43.5486
8.745 -44.1834
8.75 -44.4892
8.755 -44.5491
8.76 -44.8526
8.765 -44.8615
8.77 -43.4327
8.775 -39.5076
8.78 -32.7821
8.785 -23.0836
8.79 -10.5334
8.795 4.61452
8.8 21.8551
8.805 40.5973
8.81 60.0349
8.815 82.6751
8.82 103.993
8.825 122.903
8.83 138.853
8.835 151.051
8.84 175.781
8.845 190.435
8.85 200.191
8.855 204.905
8.86 204.722
8.865 200.061
8.87 185.903
8.875 171.216
8.88 151.452
8.885 129.33
8.89 106.34
8.895 84.8275
8.9 64.3031
8.905 45.8391
8.91 29.9448
8.915 16.7969
8.92 6.33242
8.925 -1.50652
8.93 -7.62396
8.935 -12.4935
8.94 -16.6976
8.945 -20.8487
8.95 -25.479
8.955 -30.7428
8.96 -34.4428
8.965 -39.3423
8.97 -44.3152
8.975 -49.393
8.98 -54.3717
8.985 -58.9992
8.99 -62.9581
8.995 -65.9716
9 -67.6954
9.005 -68.0445
9.01 -66.9456
9.015 -64.0878
9.02 -59.7816
9.025 -54.1284
9.03 -47.2548
9.035 -35.2478
9.04 -21.5008
9.045 -6.14621
9.05 9.61924
9.055 25.3616
9.06 40.2811
9.065 49.5817
9.07 59.2989
9.075 67.2597
9.08 73.5081
9.085 77.559
9.09 79.7332
9.095 79.928
9.1 78.1461
9.105 74.7228
9.11 69.627
9.115 63.1593
9.12 58.9349
9.125 52.7689
9.13 46.1713
9.135 39.5732
9.14 33.3917
9.145 28.0695
9.15 23.9777
9.155 21.2445
9.16 20.0989
9.165 20.4765
9.17 22.2554
9.175 25.2311
9.18 29.3594
9.185 34.4536
9.19 40.2713
9.195 46.8663
9.2 53.8498
9.205 61.099
9.21 68.1077
9.215 74.5335
9.22 79.918
9.225 83.998
9.23 86.5163
9.235 86.9623
9.24 85.7693
9.245 83.0034
9.25 78.9021
9.255 73.6226
9.26 67.3625
9.265 62.487
9.27 56.4617
9.275 50.0894
9.28 43.755
9.285 37.5189
9.29 31.3878
9.295 24.9585
9.3 18.3458
9.305 11.5102
9.31 4.38292
9.315 -3.98187
9.32 -3.11203
9.325 -5.15123
9.33 -7.40507
9.335 -9.66155
9.34 -12.0311
9.345 -10.0851
9.35 -9.43344
9.355 -8.50615
9.36 -7.41046
9.365 -6.07129
9.37 -4.2236
9.375 -2.36913
9.38 -0.396958
9.385 1.68609
9.39 -13.8415
9.395 -24.3267
9.4 -34.6241
9.405 -44.5804
9.41 -53.6943
9.415 -69.7777
9.42 -81.5371
9.425 -91.171
9.43 -98.5447
9.435 -103.491
9.44 -105.768
9.445 -105.407
9.45 -102.449
9.455 -97.0109
9.46 -89.4976
9.465 -80.132
9.47 -65.8321
9.475 -47.7596
9.48 -27.6644
9.485 -6.9382
9.49 12.7973
9.495 30.2434
9.5 44.3719
9.505 54.3921
9.51 59.7199
9.515 60.0033
9.52 58.6923
9.525 54.2479
9.53 47.0504
9.535 37.3367
9.54 25.5452
9.545 12.1993
9.55 -1.94464
9.555 -16.2094
9.56 -29.9986
9.565 -42.6787
9.57 -53.8238
9.575 -63.1614
9.58 -70.5446
9.585 -75.8803
9.59 -79.2226
9.595 -80.5321
9.6 -79.866
9.605 -73.3291
9.61 -64.2954
9.615 -53.0372
9.62 -40.5242
9.625 -27.6304
9.63 -15.2319
9.635 -4.0663
9.64 5.21445
9.645 10.8289
9.65 10.942
9.655 6.93687
9.66 -0.29405
9.665 -9.86691
9.67 -20.9075
9.675 -32.5245
9.68 -43.7463
9.685 -53.76
9.69 -61.9262
9.695 -67.7864
9.7 -71.028
9.705 -71.5729
9.71 -64.6824
9.715 -65.4367
9.72 -60.5887
9.725 -54.8227
9.73 -48.4777
9.735 -41.9423
9.74 -34.7878
9.745 -28.1054
9.75 -21.8978
9.755 -16.1659
9.76 -11.216
9.765 -7.54914
9.77 -21.3931
9.775 -32.1373
9.78 -42.2721
9.785 -44.2002
9.79 -46.9496
9.795 -49.5778
9.8 -54.8345
9.805 -58.2479
9.81 -61.0964
9.815 -63.3905
9.82 -65.0908
9.825 -66.1282
9.83 -66.3917
9.835 -65.9197
9.84 -64.6143
9.845 -62.1988
9.85 -58.966
9.855 -55.0322
9.86 -50.5897
9.865 -45.7184
9.87 -40.5519
9.875 -35.4524
9.88 -31.0996
9.885 -27.3426
9.89 -24.3437
9.895 -22.1788
9.9 -20.7921
9.905 -20.1666
9.91 -20.2411
9.915 -20.969
9.92 -22.271
9.925 -24.0358
9.93 -25.9233
9.935 -27.6629
9.94 -29.1533
9.945 -30.3198
9.95 -31.1806
9.955 -31.6802
9.96 -31.6475
9.965 -30.8436
9.97 -29.206
9.975 -26.7527
9.98 -23.4941
9.985 -19.0362
9.99 -11.2927
9.995 1.7454
10 20.557
10.005 38.2923
10.01 62.4714
10.015 55.2957
10.02 57.5943
10.025 59.5847
10.03 61.3537
10.035 63.0261
10.04 64.6917
10.045 66.353
10.05 65.603
10.055 66.1453
10.06 90.9109
10.065 114.112
10.07 148.019
10.075 170.788
10.08 186.988
10.085 196.225
10.09 207.017
10.095 211.194
10.1 209.908
10.105 203.719
10.11 183.705
10.115 160.17
10.12 133.513
10.125 106.011
10.13 81.741
10.135 59.7443
10.14 41.9792
10.145 29.6481
10.15 22.0925
10.155 19.0595
10.16 19.5767
10.165 21.2045
10.17 23.9743
10.175 27.1836
10.18 29.1625
10.185 29.2398
10.19 26.7599
10.195 20.8828
10.2 11.0815
10.205 -1.61432
10.21 -16.286
10.215 -32.7795
10.22 -47.6874
10.225 -62.5229
10.23 -77.0357
10.235 -90.6994
10.24 -103.063
10.245 -113.665
10.25 -122.141
10.255 -126.357
10.26 -127.584
10.265 -125.611
10.27 -120.532
10.275 -112.748
10.28 -102.68
10.285 -90.8332
10.29 -77.6578
10.295 -63.6782
10.3 -49.3815
10.305 -35.2486
10.31 -21.6226
10.315 -8.83397
10.32 2.88718
10.325 13.4033
10.33 22.5936
10.335 30.4699
10.34 37.1349
10.345 42.5913
10.35 46.8928
10.355 50.34
10.36 53.0363
10.365 55.0637
10.37 56.4483
10.375 57.035
10.38 55.7274
10.385 52.3291
10.39 47.1926
10.395 40.5092
10.4 32.5424
10.405 23.7077
10.41 13.9702
10.415 3.66861
10.42 -6.77676
10.425 -15.2193
10.43 -23.6236
10.435 -31.3403
10.44 -38.0615
10.445 -44.3462
10.45 -50.0321
10.455 -54.8527
10.46 -58.7747
10.465 -61.7611
10.47 -63.7068
10.475 -64.6117
10.48 -64.4435
10.485 -63.0338
10.49 -60.3801
10.495 -56.7245
10.5 -52.3206
10.505 -47.3767
10.51 -41.9542
10.515 -36.2141
10.52 -30.3368
10.525 -24.47
10.53 -18.7678
10.535 -13.3079
10.54 -8.13321
10.545 -3.24664
10.55 1.27914
10.555 5.05599
10.56 7.68149
10.565 9.38855
10.57 10.2838
10.575 10.6723
10.58 10.6589
10.585 10.2851
10.59 9.61498
10.595 10.6699
10.6 11.5776
10.605 12.2297
10.61 12.7236
10.615 12.9434
10.62 12.8766
10.625 12.5016
10.63 11.7927
10.635 10.6733
10.64 9.13284
10.645 7.22072
10.65 4.98293
10.655 2.54002
10.66 -0.151514
10.665 -2.9462
10.67 -5.73953
10.675 -8.39774
10.68 -10.8625
10.685 -13.0828
10.69 -14.8895
10.695 -16.7077
10.7 -18.171
10.705 -19.092
10.71 -19.357
10.715 -19.1791
10.72 -18.5397
10.725 -17.4337
10.73 -15.8214
10.735 -13.6558
10.74 -10.9549
10.745 -7.75614
10.75 -4.17991
10.755 -0.207513
10.76 4.00481
10.765 8.28815
10.77 12.4693
10.775 16.5318
10.78 20.4222
10.785 24.0757
10.79 27.331
10.795 30.0635
10.8 32.037
10.805 33.412
10.81 34.1583
10.815 34.2115
10.82 33.5812
10.825 32.1982
10.83 30.071
10.835 26.4523
10.84 22.3236
10.845 17.723
10.85 12.7294
10.855 7.54832
10.86 2.22376
10.865 -2.79681
10.87 -7.4903
10.875 -11.6309
10.88 -15.2019
10.885 -18.9404
10.89 -20.2705
10.895 -21.5067
10.9 -21.8281
10.905 -21.2737
10.91 -19.8219
10.915 -17.526
10.92 -14.2268
10.925 -10.1586
10.93 -5.44728
10.935 -0.248355
10.94 5.34148
10.945 11.1338
10.95 17.0622
10.955 22.8863
10.96 28.5289
10.965 33.8756
10.97 38.5785
10.975 42.3304
10.98 44.845
10.985 46.2098
10.99 46.4552
10.995 45.9332
11 44.7311
11.005 43.0095
11.01 40.7462
11.015 37.9143
11.02 34.4912
11.025 30.6664
11.03 26.6906
11.035 22.7189
11.04 19.007
11.045 15.614
11.05 12.6817
11.055 9.76979
11.06 7.38508
11.065 5.40638
11.07 3.87501
11.075 2.7272
11.08 1.94884
11.085 1.31482
11.09 0.71285
11.095 0.233887
11.1 -0.0507179
11.105 -0.12379
11.11 -0.199524
11.115 -0.242281
11.12 -0.426762
11.125 -0.757565
11.13 -1.18955
11.135 -1.52662
11.14 -1.69409
11.145 -1.76632
11.15 -1.84973
11.155 -2.0093
11.16 -2.28161
11.165 -2.55029
11.17 -2.68474
11.175 -2.77202
11.18 -2.81215
11.185 -2.76283
11.19 -2.47482
11.195 -2.0888
11.2 -1.47077
11.205 -0.215383
11.21 0.970339
11.215 2.32603
11.22 3.87021
11.225 5.58326
11.23 7.33979
11.235 9.09655
11.24 10.8125
11.245 12.3779
11.25 13.6876
11.255 14.9409
11.26 16.2738
11.265 17.5922
11.27 18.6373
11.275 19.0949
11.28 18.7659
11.285 17.3646
11.29 14.8815
11.295 11.4104
11.3 13.1802
11.305 14.3927
11.31 15.2546
11.315 15.8636
11.32 16.3588
11.325 16.7401
11.33 19.6577
11.335 21.7935
11.34 23.5364
11.345 24.9619
11.35 25.9818
11.355 26.688
11.36 27.3552
11.365 27.802
11.37 27.9972
11.375 27.713
11.38 26.8303
11.385 12.2944
11.39 1.45342
11.395 -9.2294
11.4 -19.2598
11.405 -28.7078
11.41 -37.2981
11.415 -44.8952
11.42 -53.9484
11.425 -63.0557
11.43 -69.0077
11.435 -72.9707
11.44 -74.8348
11.445 -74.6216
11.45 -72.4773
11.455 -68.4966
11.46 -62.9126
11.465 -52.7814
11.47 -40.2374
11.475 -26.304
11.48 -11.8808
11.485 2.29658
11.49 15.3674
11.495 26.4523
11.5 34.8082
11.505 39.9164
11.51 41.5525
11.515 39.651
11.52 33.7172
11.525 26.0928
11.53 16.5532
11.535 5.57908
11.54 -6.05692
11.545 -17.6612
11.55 -28.6407
11.555 -38.3647
11.56 -46.2883
11.565 -51.9873
11.57 -55.272
11.575 -53.7911
11.58 -48.6496
11.585 -40.5265
11.59 -29.9639
11.595 -17.7879
11.6 -5.17386
11.605 4.11888
11.61 13.4554
11.615 21.3586
11.62 26.8929
11.625 30.0386
11.63 30.7307
11.635 29.1108
11.64 25.5256
11.645 20.2701
11.65 13.8993
11.655 6.9525
11.66 0.0501468
11.665 0.642222
11.67 -1.14834
11.675 -2.09029
11.68 -1.41467
11.685 -1.06419
11.69 -0.627856
11.695 -0.0671552
11.7 0.634793
11.705 1.27115
11.71 1.91995
11.715 2.39672
11.72 -3.99977
11.725 -3.61166
11.73 -5.00427
11.735 -6.67617
11.74 -8.37711
11.745 -9.97306
11.75 -11.5513
11.755 -13.1262
11.76 -13.9881
11.765 -14.3316
11.77 -14.1271
11.775 -13.3158
11.78 -12.45
11.785 -11.4459
11.79 -10.3971
11.795 -9.33333
11.8 -8.23842
11.805 -7.22112
11.81 -6.28716
11.815 -5.53253
11.82 -5.01277
11.825 -4.78413
11.83 -4.83408
11.835 -5.27646
11.84 -6.11766
11.845 -7.2214
11.85 -8.57141
11.855 -10.0721
11.86 -11.8587
11.865 -13.7766
11.87 -15.6717
11.875 -17.3155
11.88 -18.2948
11.885 -18.4943
11.89 -17.932
11.895 -17.0077
11.9 -15.1022
11.905 -12.8449
11.91 -10.0877
11.915 -6.9651
11.92 -3.47611
11.925 0.203186
11.93 3.78832
11.935 5.93856
11.94 8.06727
11.945 10.0294
11.95 11.7136
11.955 13.1404
11.96 14.2176
11.965 14.9721
11.97 15.5539
11.975 15.9319
11.98 16.2202
11.985 16.2946
11.99 16.1837
11.995 15.8203
12 15.315
12.005 14.3954
12.01 13.0554
12.015 11.5576
12.02 10.0819
12.025 9.00983
12.03 8.38652
12.035 8.77412
12.04 9.89568
12.045 11.8659
12.05 14.5428
12.055 13.2464
12.06 11.6348
12.065 9.6567
12.07 7.43533
12.075 3.85448
12.08 0.621475
12.085 -2.896
12.09 -6.65657
12.095 -10.6387
12.1 -14.7603
12.105 -18.8595
12.11 -22.8428
12.115 -27.2722
12.12 -32.142
12.125 -36.9295
12.13 -41.5193
12.135 -45.7915
12.14 -49.6563
12.145 -52.8728
12.15 -55.1329
12.155 -56.15
12.16 -55.5747
12.165 -53.3651
12.17 -49.7531
12.175 -44.5805
12.18 -37.4501
12.185 -29.0227
12.19 -20.5257
12.195 -11.5391
12.2 -2.24694
12.205 6.74228
12.21 6.68428
12.215 10.1972
12.22 13.3781
12.225 16.0242
12.23 18.0154
12.235 19.5547
12.24 20.6864
12.245 21.5049
12.25 21.9999
12.255 22.3243
12.26 22.6188
12.265 23.0638
12.27 24.8161
12.275 26.1881
12.28 27.7602
12.285 29.4014
12.29 31.2053
12.295 33.0788
12.3 35.1119
12.305 37.2028
12.31 39.318
12.315 41.427
12.32 43.6721
12.325 45.8113
12.33 47.7486
12.335 49.2754
12.34 50.3348
12.345 51.0481
12.35 51.337
12.355 51.1055
12.36 50.1882
12.365 48.7315
12.37 46.7751
12.375 44.4109
12.38 41.6847
12.385 38.7526
12.39 35.8333
12.395 33.033
12.4 30.2835
12.405 27.5339
12.41 24.8945
12.415 22.3314
12.42 19.9311
12.425 17.6609
12.43 15.5776
12.435 13.6699
12.44 12.0363
12.445 10.6129
12.45 9.31625
12.455 8.16048
12.46 7.28113
12.465 6.78958
12.47 6.52948
12.475 6.50962
12.48 6.73679
12.485 7.19267
12.49 7.6884
12.495 8.18805
12.5 8.68778
12.505 9.44705
12.51 10.4166
12.515 11.6787
12.52 13.1035
12.525 14.4959
12.53 15.8238
12.535 16.9885
12.54 18.104
12.545 19.0118
12.55 19.7743
12.555 20.1644
12.56 20.3821
12.565 20.5418
12.57 20.6007
12.575 20.5545
12.58 20.3636
12.585 20.1072
12.59 19.5761
12.595 18.8798
12.6 17.8233
12.605 16.491
12.61 14.8188
12.615 12.766
12.62 10.2146
12.625 7.16992
12.63 3.76736
12.635 0.0517403
12.64 -3.81758
12.645 -7.83124
12.65 -11.9141
12.655 -16.2347
12.66 -20.6268
12.665 -25.0711
12.67 -29.2328
12.675 -33.0237
12.68 -36.2563
12.685 -38.9507
12.69 -41.087
12.695 -42.7424
12.7 -44.1668
12.705 -45.4052
12.71 -46.5728
12.715 -47.477
12.72 -48.1804
12.725 -48.5452
12.73 -48.6815
12.735 -48.6423
12.74 -48.4546
12.745 -48.071
12.75 -47.6245
12.755 -47.2794
12.76 -47.0925
12.765 -47.0055
12.77 -46.9196
12.775 -46.7378
12.78 -46.4397
12.785 -46.1263
12.79 -45.9748
12.795 -46.0655
12.8 -46.2517
12.805 -46.3814
12.81 -46.2708
12.815 -45.9778
12.82 -45.0471
12.825 -43.2659
12.83 -40.8456
12.835 -37.8832
12.84 -34.5847
12.845 -31.2012
12.85 -28.3626
12.855 -25.8877
12.86 -24.181
12.865 -23.3416
12.87 -23.4623
12.875 -24.3335
12.88 -25.7619
12.885 -27.5546
12.89 -29.5899
12.895 -31.7258
12.9 -33.7466
12.905 -35.4167
12.91 -36.7172
12.915 -36.3333
12.92 -35.5445
12.925 -34.6714
12.93 -33.6084
12.935 -32.3278
12.94 -31.6768
12.945 -30.5576
12.95 -29.1313
12.955 -27.2644
12.96 -24.964
12.965 -22.3429
12.97 -19.6737
12.975 -17.0696
12.98 -14.5975
12.985 -12.2152
12.99 -9.90037
12.995 -7.62197
13 -5.32028
13.005 -2.99288
13.01 -0.602411
13.015 1.91221
13.02 4.54006
13.025 7.12925
13.03 9.59784
13.035 11.9485
13.04 14.2497
13.045 16.5043
13.05 18.6632
13.055 20.8007
13.06 22.9825
13.065 25.2965
13.07 27.7164
13.075 30.2361
13.08 32.7964
13.085 35.3294
13.09 37.7987
13.095 40.1268
13.1 42.2998
13.105 44.2871
13.11 46.1152
13.115 47.8084
13.12 49.3908
13.125 50.8667
13.13 52.1531
13.135 53.1242
13.14 53.6666
13.145 53.7684
13.15 53.4291
13.155 52.755
13.16 51.8056
13.165 50.6583
13.17 49.2869
13.175 47.5952
13.18 45.5667
13.185 43.2811
13.19 40.8292
13.195 38.1887
13.2 35.4006
13.205 32.5004
13.21 29.6165
13.215 26.8158
13.22 24.0438
13.225 21.272
13.23 18.3892
13.235 15.3196
13.24 12.123
13.245 8.964
13.25 5.98683
13.255 3.32672
13.26 1.00385
13.265 -0.999798
13.27 -2.69561
13.275 -4.18978
13.28 -5.53927
13.285 -6.8661
13.29 -8.27406
13.295 -9.82611
13.3 -11.6159
13.305 -13.576
13.31 -15.6534
13.315 -17.7316
13.32 -19.7264
13.325 -21.5715
13.33 -23.3384
13.335 -25.037
13.34 -26.7382
13.345 -28.4791
13.35 -30.2349
13.355 -31.9379
13.36 -33.5325
13.365 -34.9443
13.37 -36.1072
13.375 -37.0897
13.38 -37.9259
13.385 -38.6532
13.39 -39.3141
13.395 -39.9187
13.4 -40.4424
13.405 -40.7433
13.41 -40.8055
13.415 -40.4978
13.42 -39.896
13.425 -39.0028
13.43 -37.9449
13.435 -36.8064
13.44 -35.5065
13.445 -34.0195
13.45 -32.5269
13.455 -31.1242
13.46 -29.6483
13.465 -27.8662
13.47 -25.8186
13.475 -23.3057
13.48 -20.3878
13.485 -17.1925
13.49 -14.007
13.495 -10.8861
13.5 -7.90675
13.505 -4.94377
13.51 -2.12948
13.515 0.431138
13.52 2.65887
13.525 4.51148
13.53 5.99617
13.535 7.12114
13.54 7.9922
13.545 8.58331
13.55 9.00419
13.555 7.64188
13.56 6.19851
13.565 5.1631
13.57 6.45514
13.575 7.93488
13.58 9.54364
13.585 11.0651
13.59 12.3267
13.595 13.4508
13.6 14.3288
13.605 15.0705
13.61 15.5656
13.615 15.8074
13.62 15.6524
13.625 15.0095
13.63 13.9488
13.635 12.5194
13.64 10.7943
13.645 8.7417
13.65 6.71042
13.655 4.67377
13.66 2.78343
13.665 0.928322
13.67 -0.901679
13.675 -2.37993
13.68 -3.48598
13.685 -4.08591
13.69 -4.28844
13.695 -4.16528
13.7 -4.03024
13.705 -3.83675
13.71 -3.67051
13.715 -3.27126
13.72 -2.56263
13.725 -1.48309
13.73 -0.16179
13.735 1.19523
13.74 2.44652
13.745 3.5944
13.75 4.82352
13.755 6.00897
13.76 7.25224
13.765 8.46329
13.77 9.68422
13.775 10.9123
13.78 12.2649
13.785 13.5526
13.79 14.8415
13.795 16.4776
13.8 18.042
13.805 19.7632
13.81 21.5931
13.815 23.6066
13.82 25.5513
13.825 27.8007
13.83 30.2302
13.835 32.7357
13.84 34.5726
13.845 36.5313
13.85 38.5193
13.855 40.4137
13.86 42.0705
13.865 43.2993
13.87 44.1334
13.875 44.3632
13.88 44.0616
13.885 43.3826
13.89 42.5104
13.895 41.3715
13.9 40.0543
13.905 38.5264
13.91 36.811
13.915 35.2032
13.92 33.6108
13.925 32.132
13.93 30.6552
13.935 29.3243
13.94 28.174
13.945 27.197
13.95 26.4247
13.955 25.767
13.96 25.1186
13.965 24.5291
13.97 23.889
13.975 23.2788
13.98 22.7574
13.985 22.1511
13.99 21.4131
13.995 20.3621
14 18.9942
14.005 17.2212
14.01 15.3263
14.015 13.4387
14.02 11.733
14.025 10.0155
14.03 8.35008
14.035 6.58491
14.04 4.83867
14.045 3.12448
14.05 1.38075
14.055 -0.212394
14.06 -1.71169
14.065 -3.05156
14.07 -4.38567
14.075 -5.51069
14.08 -6.61541
14.085 -7.69193
14.09 -8.93511
14.095 -10.2558
14.1 -11.5617
14.105 -12.8711
14.11 -14.0764
14.115 -15.147
14.12 -16.1072
14.125 -17.0986
14.13 -18.1276
14.135 -19.2378
14.14 -20.1153
14.145 -20.7517
14.15 -21.0979
14.155 -21.0179
14.16 -20.4461
14.165 -19.4904
14.17 -18.2113
14.175 -16.7102
14.18 -14.983
14.185 -13.0855
14.19 -11.1182
14.195 -9.08254
14.2 -7.08514
14.205 -5.04233
14.21 -3.06596
14.215 -2.92699
14.22 -1.50881
14.225 -0.0549778
14.23 3.58388
14.235 5.96665
14.24 7.94198
14.245 9.44057
14.25 10.4976
14.255 11.1021
14.26 11.3344
14.265 11.2029
14.27 10.8704
14.275 10.4063
14.28 9.89097
14.285 9.26714
14.29 8.66706
14.295 8.03869
14.3 7.38295
14.305 6.69614
14.31 6.01668
14.315 5.36559
14.32 4.80679
14.325 4.2775
14.33 3.74843
14.335 3.31772
14.34 3.00994
14.345 2.908
14.35 2.81701
14.355 2.64306
14.36 2.25514
14.365 1.64774
14.37 0.803471
14.375 -0.311512
14.38 -1.8241
14.385 -3.76225
14.39 -6.03866
14.395 -8.59991
14.4 -11.2356
14.405 -13.9903
14.41 -16.7243
14.415 -19.3456
14.42 -21.7354
14.425 -23.8715
14.43 -25.5612
14.435 -26.6936
14.44 -27.2547
14.445 -27.2987
14.45 -26.9081
14.455 -26.1481
14.46 -25.1954
14.465 -24.01
14.47 -22.6892
14.475 -21.1725
14.48 -19.5688
14.485 -17.9339
14.49 -16.3614
14.495 -14.85
14.5 -13.4518
14.505 -12.2928
14.51 -11.4376
14.515 -11.0083
14.52 -10.7625
14.525 -10.576
14.53 -10.1288
14.535 -9.35498
14.54 -8.25924
14.545 -6.9204
14.55 -5.32042
14.555 -3.45942
14.56 -1.35792
14.565 1.1234
14.57 4.03468
14.575 7.31157
14.58 10.8924
14.585 14.5665
14.59 18.5873
14.595 22.7291
14.6 26.6768
14.605 30.3427
14.61 33.6136
14.615 36.3708
14.62 38.6992
14.625 40.5606
14.63 41.9153
14.635 42.646
14.64 42.7517
14.645 42.3333
14.65 41.5186
14.655 40.3483
14.66 38.7271
14.665 36.7255
14.67 34.3575
14.675 31.8019
14.68 29.0328
14.685 26.1691
14.69 23.2647
14.695 20.2482
14.7 16.9424
14.705 13.262
14.71 9.31916
14.715 5.25187
14.72 1.26525
14.725 -2.65019
14.73 -6.44681
14.735 -10.2147
14.74 -14.0055
14.745 -17.7561
14.75 -21.4095
14.755 -24.9033
14.76 -28.3336
14.765 -31.6914
14.77 -34.9864
14.775 -38.0913
14.78 -41.0568
14.785 -43.7805
14.79 -46.3002
14.795 -48.5932
14.8 -50.5579
14.805 -52.2425
14.81 -53.7145
14.815 -55.0205
14.82 -56.2474
14.825 -57.4232
14.83 -58.4178
14.835 -59.2465
14.84 -59.8513
14.845 -60.1402
14.85 -60.1096
14.855 -59.8546
14.86 -59.3857
14.865 -58.5875
14.87 -56.9627
14.875 -54.6657
14.88 -51.9166
14.885 -48.6637
14.89 -45.0328
14.895 -41.0691
14.9 -36.8528
14.905 -32.4434
14.91 -27.9738
14.915 -23.5764
14.92 -19.3498
14.925 -15.4282
14.93 -11.9806
14.935 -9.20593
14.94 -7.11007
14.945 -5.70726
14.95 -7.29655
14.955 -8.35725
14.96 -9.38158
14.965 -9.63142
14.97 -6.64121
14.975 -4.68286
14.98 -2.54154
14.985 -0.386503
14.99 1.58577
14.995 3.39329
15 4.89951
15.005 6.1167
15.01 7.02866
15.015 7.56268
15.02 7.6939
15.025 7.59435
15.03 7.36743
15.035 7.09963
15.04 6.87957
15.045 6.74451
15.05 6.91396
15.055 7.34287
15.06 8.09461
15.065 9.41197
15.07 11.253
15.075 13.6111
15.08 16.442
15.085 19.6855
15.09 23.17
15.095 26.8309
15.1 30.559
15.105 34.3115
15.11 37.9144
15.115 41.2928
15.12 44.3382
15.125 47.0203
15.13 49.3714
15.135 51.2883
15.14 52.7639
15.145 53.6847
15.15 54.1378
15.155 54.1518
15.16 53.8693
15.165 53.4488
15.17 53.0374
15.175 52.3631
15.18 51.4763
15.185 50.5998
15.19 49.6191
15.195 48.7761
15.2 48.1126
15.205 47.7148
15.21 47.4759
15.215 47.1878
15.22 46.6742
15.225 45.9456
15.23 45.0058
15.235 43.8959
15.24 42.6282
15.245 40.8136
15.25 38.5485
15.255 35.8142
15.26 32.7811
15.265 29.4269
15.27 25.737
15.275 21.7151
15.28 17.4811
15.285 13.1916
15.29 8.88519
15.295 4.5942
15.3 0.416493
15.305 -3.54756
15.31 -7.23593
15.315 -10.534
15.32 -13.3603
15.325 -15.6926
15.33 -17.6254
15.335 -19.2201
15.34 -20.5625
15.345 -21.6273
15.35 -22.3814
15.355 -22.8336
15.36 -23.0894
15.365 -23.1578
15.37 -23.1034
15.375 -23.0043
15.38 -22.9555
15.385 -23.0079
15.39 -23.2232
15.395 -23.6264
15.4 -24.2835
15.405 -25.2408
15.41 -26.4522
15.415 -27.8606
15.42 -29.3875
15.425 -30.9413
15.43 -32.6126
15.435 -34.4317
15.44 -36.3587
15.445 -38.4572
15.45 -40.7891
15.455 -43.2312
15.46 -45.6103
15.465 -47.8753
15.47 -50.0658
15.475 -52.1837
15.48 -54.081
15.485 -55.6756
15.49 -56.8896
15.495 -57.6153
15.5 -57.6541
15.505 -57.0908
15.51 -55.9053
15.515 -54.1871
15.52 -52.0371
15.525 -49.5448
15.53 -46.6673
15.535 -43.4601
15.54 -40.0485
15.545 -36.6232
15.55 -33.2973
15.555 -30.126
15.56 -27.1441
15.565 -24.2952
15.57 -21.7123
15.575 -19.023
15.58 -19.3901
15.585 -17.7496
15.59 -15.7892
15.595 -11.4135
15.6 -7.13031
15.605 -2.88528
15.61 1.03346
15.615 4.61721
15.62 7.74524
15.625 10.3544
15.63 12.2391
15.635 13.5021
15.64 14.2271
15.645 14.4673
15.65 14.3716
15.655 14.0039
15.66 13.1347
15.665 12.8712
15.67 12.5123
15.675 12.1842
15.68 11.9402
15.685 11.8714
15.69 12.305
15.695 13.3379
15.7 15.0087
15.705 17.2702
15.71 20.0108
15.715 23.1809
15.72 26.753
15.725 30.6288
15.73 34.5461
15.735 38.3599
15.74 41.716
15.745 44.491
15.75 46.629
15.755 48.1804
15.76 49.0547
15.765 49.2795
15.77 48.8687
15.775 47.7633
15.78 45.9378
15.785 43.2795
15.79 40.0435
15.795 36.3706
15.8 32.6046
15.805 28.889
15.81 25.5577
15.815 22.6733
15.82 20.2059
15.825 18.1938
15.83 16.5851
15.835 15.3916
15.84 14.5746
15.845 14.1201
15.85 13.7783
15.855 13.3846
15.86 13.0016
15.865 12.6313
15.87 12.0734
15.875 11.3767
15.88 10.5507
15.885 9.38326
15.89 7.76048
15.895 5.84221
15.9 3.68468
15.905 1.33907
15.91 -0.965549
15.915 -3.24692
15.92 -5.51027
15.925 -7.78737
15.93 -9.9552
15.935 -11.9645
15.94 -13.5671
15.945 -14.891
15.95 -15.7956
15.955 -16.3017
15.96 -16.2787
15.965 -15.6753
15.97 -14.4619
15.975 -12.7315
15.98 -10.4668
15.985 -7.88002
15.99 -5.0216
15.995 -2.03421
16 0.776068
16.005 3.23652
16.01 5.12198
16.015 6.58254
16.02 7.72757
16.025 8.6209
16.03 9.2865
16.035 9.88763
16.04 10.2593
16.045 10.4014
16.05 10.4525
16.055 10.419
16.06 10.4255
16.065 10.4735
16.07 10.473
16.075 10.2526
16.08 9.8984
16.085 9.51297
16.09 9.21931
16.095 9.10512
16.1 9.06472
16.105 9.0776
16.11 9.11898
16.115 9.32735
16.12 9.57881
16.125 9.75647
16.13 9.8172
16.135 9.86172
16.14 9.85057
16.145 9.87848
16.15 9.94206
16.155 9.98861
16.16 9.95309
16.165 9.65084
16.17 9.15199
16.175 8.53077
16.18 7.95039
16.185 7.36278
16.19 6.6994
16.195 5.91115
16.2 5.07619
16.205 4.2563
16.21 3.33179
16.215 2.32621
16.22 1.04854
16.225 -0.435036
16.23 -2.24569
16.235 -4.07925
16.24 -5.84273
16.245 -7.52015
16.25 -9.16167
16.255 -10.7557
16.26 -12.3872
16.265 -14.0963
16.27 -15.8435
16.275 -17.8542
16.28 -20.0747
16.285 -22.5248
16.29 -25.0182
16.295 -27.5262
16.3 -29.7907
16.305 -31.7685
16.31 -33.4951
16.315 -35.0858
16.32 -36.5548
16.325 -37.9727
16.33 -39.2985
16.335 -40.2612
16.34 -40.8524
16.345 -41.075
16.35 -40.9589
16.355 -40.5238
16.36 -39.9278
16.365 -39.3286
16.37 -38.6244
16.375 -38.0798
16.38 -37.5062
16.385 -38.7454
16.39 -39.623
16.395 -40.7869
16.4 -42.1089
16.405 -43.6506
16.41 -45.2484
16.415 -46.4423
16.42 -47.658
16.425 -48.6376
16.43 -47.8756
16.435 -48.0769
16.44 -48.587
16.445 -49.1868
16.45 -49.8038
16.455 -50.1935
16.46 -50.3366
16.465 -50.0366
16.47 -49.2728
16.475 -47.9356
16.48 -45.9951
16.485 -43.5
16.49 -40.4448
16.495 -36.9781
16.5 -32.9042
16.505 -28.5759
16.51 -23.9537
16.515 -19.1111
16.52 -14.1311
16.525 -9.21747
16.53 -4.4558
16.535 0.112678
16.54 4.519
16.545 8.80278
16.55 12.7306
16.555 16.3677
16.56 19.7473
16.565 22.9551
16.57 25.8573
16.575 28.3534
16.58 30.4647
16.585 32.2061
16.59 33.6323
16.595 34.7582
16.6 35.7001
16.605 36.5331
16.61 37.3793
16.615 38.2224
16.62 39.1873
16.625 40.234
16.63 41.3167
16.635 42.4162
16.64 43.4799
16.645 44.1713
16.65 45.062
16.655 46.107
16.66 47.2147
16.665 48.4953
16.67 49.7764
16.675 50.9586
16.68 51.7974
16.685 52.3552
16.69 52.6414
16.695 52.6139
16.7 52.1913
16.705 51.3278
16.71 50.1798
16.715 48.7018
16.72 46.9276
16.725 44.6957
16.73 42.2397
16.735 39.583
16.74 36.8401
16.745 34.0671
16.75 31.3959
16.755 28.9473
16.76 26.8096
16.765 25.0465
16.77 23.584
16.775 22.4247
16.78 21.458
16.785 20.7627
16.79 20.1533
16.795 19.7074
16.8 19.4072
16.805 19.3554
16.81 19.4633
16.815 19.7386
16.82 20.035
16.825 20.1085
16.83 19.9197
16.835 19.3869
16.84 18.7809
16.845 18.0708
16.85 17.3672
16.855 16.5891
16.86 15.8486
16.865 15.0116
16.87 14.1686
16.875 13.2934
16.88 12.4004
16.885 11.5402
16.89 10.8486
16.895 10.3105
16.9 9.7938
16.905 9.29591
16.91 8.75052
16.915 8.20128
16.92 7.61506
16.925 6.9275
16.93 6.15821
16.935 5.36167
16.94 4.41261
16.945 3.35893
16.95 2.2049
16.955 0.960041
16.96 -0.399006
16.965 -1.89048
16.97 -3.55265
16.975 -5.39386
16.98 -7.39203
16.985 -9.44753
16.99 -11.4439
16.995 -13.4312
17 -15.3778
17.005 -17.2079
17.01 -18.8149
17.015 -20.3203
17.02 -21.7887
17.025 -23.3072
17.03 -24.7802
17.035 -26.1543
17.04 -27.3767
17.045 -28.5363
17.05 -29.6113
17.055 -30.7621
17.06 -31.9075
17.065 -32.8461
17.07 -33.5521
17.075 -34.1066
17.08 -34.5476
17.085 -34.7829
17.09 -34.8495
17.095 -34.8332
17.1 -34.8189
17.105 -34.8044
17.11 -34.7576
17.115 -34.6066
17.12 -34.3927
17.125 -34.2035
17.13 -34.0771
17.135 -33.8513
17.14 -33.3471
17.145 -32.4006
17.15 -31.0134
17.155 -29.1678
17.16 -26.7537
17.165 -23.7706
17.17 -20.4053
17.175 -16.7227
17.18 -12.8221
17.185 -8.86196
17.19 -5.04221
17.195 -1.5168
17.2 1.6153
17.205 4.24521
17.21 6.29295
17.215 7.61255
17.22 8.24125
17.225 8.27317
17.23 7.3989
17.235 4.18229
17.24 1.50775
17.245 -1.00205
17.25 -2.6235
17.255 -1.94126
17.26 -1.18511
17.265 -0.51853
17.27 -0.00544463
17.275 0.242947
17.28 0.142069
17.285 -0.374107
17.29 -1.34098
17.295 -2.64553
17.3 -4.17899
17.305 -5.82359
17.31 -7.52093
17.315 -9.19487
17.32 -12.6417
17.325 -14.1005
17.33 -14.8653
17.335 -15.5126
17.34 -15.7967
17.345 -15.5181
17.35 -14.7713
17.355 -13.6427
17.36 -12.1184
17.365 -10.1615
17.37 -7.74055
17.375 -4.98683
17.38 -2.17139
17.385 0.427451
17.39 2.6769
17.395 4.55267
17.4 6.15613
17.405 7.50405
17.41 8.66391
17.415 9.62593
17.42 10.3625
17.425 10.8042
17.43 10.9062
17.435 10.6328
17.44 10.1253
17.445 9.57776
17.45 8.94323
17.455 8.27585
17.46 7.87003
17.465 7.69495
17.47 7.7019
17.475 7.96295
17.48 8.40237
17.485 9.09182
17.49 9.79895
17.495 10.8689
17.5 12.2164
17.505 13.7878
17.51 14.2979
17.515 15.472
17.52 16.7103
17.525 17.9678
17.53 19.2114
17.535 20.3912
17.54 21.5518
17.545 22.5029
17.55 23.3343
17.555 23.8591
17.56 23.9314
17.565 23.4694
17.57 22.5545
17.575 21.2363
17.58 19.7834
17.585 18.3353
17.59 16.8366
17.595 15.3762
17.6 14.0918
17.605 13.1771
17.61 12.5633
17.615 12.3702
17.62 12.4984
17.625 12.9647
17.63 13.7768
17.635 15.0439
17.64 16.7738
17.645 18.7923
17.65 21.1136
17.655 23.4863
17.66 25.9056
17.665 28.0384
17.67 29.7409
17.675 31.0041
17.68 32.0233
17.685 32.8351
17.69 33.4959
17.695 33.8221
17.7 33.6532
17.705 33.05
17.71 32.0722
17.715 30.7815
17.72 29.1294
17.725 27.3192
17.73 25.3009
17.735 23.2495
17.74 21.2524
17.745 19.3632
17.75 17.6882
17.755 16.1582
17.76 14.7545
17.765 13.1826
17.77 11.3805
17.775 9.36302
17.78 7.34514
17.785 5.43608
17.79 3.7378
17.795 2.08717
17.8 0.449617
17.805 -1.27739
17.81 -3.13205
17.815 -5.06294
17.82 -7.019
17.825 -8.81978
17.83 -10.7273
17.835 -12.7539
17.84 -15.055
17.845 -17.5255
17.85 -20.0748
17.855 -22.4834
17.86 -24.6385
17.865 -26.5813
17.87 -28.4172
17.875 -30.1553
17.88 -31.6491
17.885 -32.9656
17.89 -34.0636
17.895 -34.9366
17.9 -35.5536
17.905 -36.0013
17.91 -36.2914
17.915 -36.4894
17.92 -36.5824
17.925 -36.5935
17.93 -36.5108
17.935 -36.2517
17.94 -35.9352
17.945 -35.564
17.95 -35.0754
17.955 -34.4465
17.96 -33.76
17.965 -32.9984
17.97 -32.1189
17.975 -31.0764
17.98 -29.9081
17.985 -28.6248
17.99 -27.2941
17.995 -25.9895
18 -24.6723
18.005 -23.3858
18.01 -22.0547
18.015 -20.7096
18.02 -19.039
18.025 -17.031
18.03 -14.6841
18.035 -12.1345
18.04 -9.40247
18.045 -6.61675
18.05 -3.93173
18.055 -1.36167
18.06 0.848228
18.065 2.68047
18.07 4.17277
18.075 5.35034
18.08 6.12238
18.085 6.58302
18.09 6.75616
18.095 6.65609
18.1 6.24653
18.105 5.71796
18.11 5.16031
18.115 4.45611
18.12 3.91544
18.125 2.03491
18.13 1.27824
18.135 0.771539
18.14 0.600514
18.145 0.6213
18.15 2.91472
18.155 3.75077
18.16 4.25503
18.165 4.4463
18.17 4.35943
18.175 3.89166
18.18 2.94815
18.185 1.44176
18.19 -0.628253
18.195 -3.1335
18.2 -6.00004
18.205 -9.05994
18.21 -12.219
18.215 -15.4959
18.22 -18.8721
18.225 -22.1075
18.23 -24.9957
18.235 -27.27
18.24 -28.8315
18.245 -29.706
18.25 -29.9437
18.255 -29.6327
18.26 -28.8591
18.265 -27.6473
18.27 -26.0071
18.275 -24.0862
18.28 -21.9469
18.285 -19.6969
18.29 -17.3526
18.295 -15.0412
18.3 -12.7823
18.305 -10.6978
18.31 -8.8561
18.315 -7.39734
18.32 -6.28899
18.325 -5.52031
18.33 -5.10856
18.335 -5.00068
18.34 -5.09474
18.345 -5.39418
18.35 -5.72835
18.355 -5.94208
18.36 -5.96067
18.365 -5.70246
18.37 -5.2421
18.375 -4.54079
18.38 -3.65063
18.385 -2.62188
18.39 -1.43383
18.395 -0.0990923
18.4 1.40656
18.405 3.00597
18.41 4.17434
18.415 5.27465
18.42 6.22251
18.425 6.99047
18.43 7.54766
18.435 7.89789
18.44 8.05353
18.445 7.94001
18.45 7.54388
18.455 6.95413
18.46 6.20164
18.465 5.35765
18.47 4.54606
18.475 3.87259
18.48 3.41215
18.485 3.74242
18.49 3.93409
18.495 4.25261
18.5 4.62411
18.505 5.06108
18.51 5.54927
18.515 6.12993
18.52 6.84706
18.525 7.72775
18.53 8.77084
18.535 9.78335
18.54 10.6117
18.545 11.2225
18.55 11.608
18.555 11.8621
18.56 12.0517
18.565 12.2707
18.57 12.5683
18.575 12.9062
18.58 13.1654
18.585 13.2232
18.59 13.0859
18.595 12.8455
18.6 12.6294
18.605 12.4792
18.61 12.4314
18.615 12.323
18.62 12.0661
18.625 11.6987
18.63 11.3669
18.635 11.1754
18.64 11.1205
18.645 11.1786
18.65 11.4026
18.655 11.823
18.66 12.486
18.665 13.4748
18.67 14.8907
18.675 16.7251
18.68 18.9053
18.685 21.3594
18.69 24.0102
18.695 26.7763
18.7 29.5771
18.705 32.332
18.71 34.9655
18.715 37.433
18.72 39.6605
18.725 41.6536
18.73 43.2942
18.735 44.4577
18.74 45.0467
18.745 45.0316
18.75 44.4478
18.755 43.3545
18.76 41.8918
18.765 40.2076
18.77 38.3628
18.775 36.321
18.78 34.1063
18.785 31.7423
18.79 29.2326
18.795 26.6571
18.8 24.132
18.805 21.7342
18.81 19.522
18.815 17.439
18.82 15.4495
18.825 13.5183
18.83 11.6681
18.835 9.9522
18.84 8.46786
18.845 7.20456
18.85 6.08234
18.855 5.00231
18.86 3.93024
18.865 2.85291
18.87 1.85011
18.875 1.00889
18.88 0.348798
18.885 1.52356
18.89 1.26134
18.895 1.15043
18.9 1.11653
18.905 1.13967
18.91 1.15155
18.915 1.12619
18.92 0.953107
18.925 0.632327
18.93 0.0981148
18.935 -0.505774
18.94 -1.16043
18.945 -1.82372
18.95 -2.43208
18.955 -2.95976
18.96 -3.39719
18.965 -3.7716
18.97 -4.20907
18.975 -4.77748
18.98 -5.42672
18.985 -6.23079
18.99 -7.18428
18.995 -8.28322
19 -9.5092
19.005 -10.905
19.01 -12.2992
19.015 -13.681
19.02 -14.9681
19.025 -16.1154
19.03 -17.1735
19.035 -18.1777
19.04 -19.0666
19.045 -19.6006
19.05 -19.7841
19.055 -19.6329
19.06 -19.2132
19.065 -18.4893
19.07 -17.4603
19.075 -16.0779
19.08 -14.4217
19.085 -12.4728
19.09 -10.3472
19.095 -8.27966
19.1 -6.46151
19.105 -5.01161
19.11 -3.87747
19.115 -3.06609
19.12 -2.53944
19.125 -2.35994
19.13 -2.78555
19.135 -4.56074
19.14 -6.05906
19.145 -7.57383
19.15 -8.97433
19.155 -7.53661
19.16 -7.69794
19.165 -8.08624
19.17 -8.70101
19.175 -9.48844
19.18 -10.5336
19.185 -11.8026
19.19 -13.3365
19.195 -15.0543
19.2 -16.917
19.205 -18.8241
19.21 -20.7276
19.215 -22.6199
19.22 -24.4662
19.225 -26.2448
19.23 -27.8006
19.235 -29.0442
19.24 -29.9163
19.245 -30.2686
19.25 -30.2648
19.255 -29.9855
19.26 -29.4916
19.265 -28.7797
19.27 -27.7773
19.275 -26.4902
19.28 -25.0484
19.285 -23.4829
19.29 -21.8961
19.295 -20.3793
19.3 -19.0383
19.305 -17.9245
19.31 -17.0576
19.315 -16.3765
19.32 -15.7742
19.325 -15.1957
19.33 -14.6195
19.335 -14.1314
19.34 -13.692
19.345 -13.3618
19.35 -13.0715
19.355 -12.8516
19.36 -12.4019
19.365 -11.6986
19.37 -10.6328
19.375 -9.2164
19.38 -7.60502
19.385 -5.71997
19.39 -3.69718
19.395 -1.46301
19.4 0.82553
19.405 3.10559
19.41 5.29181
19.415 6.99252
19.42 8.60711
19.425 10.118
19.43 11.5177
19.435 12.6863
19.44 13.5557
19.445 13.9871
19.45 14.0554
19.455 13.8622
19.46 13.4502
19.465 12.8427
19.47 12.102
19.475 11.313
19.48 10.5057
19.485 9.77125
19.49 9.23221
19.495 8.99036
19.5 9.07103
19.505 9.44073
19.51 10.0472
19.515 10.8803
19.52 11.8713
19.525 12.9457
19.53 13.9916
19.535 14.9674
19.54 15.8807
19.545 16.6664
19.55 17.3071
19.555 17.8361
19.56 18.2484
19.565 18.4139
19.57 18.2533
19.575 17.7853
19.58 17.1026
19.585 16.2604
19.59 15.294
19.595 14.2642
19.6 13.1979
19.605 12.1183
19.61 11.0522
19.615 10.0573
19.62 9.16855
19.625 8.43736
19.63 7.84656
19.635 7.3625
19.64 6.92326
19.645 6.48114
19.65 6.00659
19.655 5.53292
19.66 5.08695
19.665 4.68207
19.67 4.3352
19.675 4.04175
19.68 3.79941
19.685 3.5495
19.69 3.20945
19.695 2.67935
19.7 1.99818
19.705 1.23952
19.71 0.437987
19.715 -0.410006
19.72 -1.31844
19.725 -2.32435
19.73 -3.42605
19.735 -4.56602
19.74 -5.68505
19.745 -6.74817
19.75 -7.76809
19.755 -8.71368
19.76 -9.57521
19.765 -10.3432
19.77 -11.0471
19.775 -11.6389
19.78 -12.1448
19.785 -12.6066
19.79 -13.0092
19.795 -13.3143
19.8 -13.4439
19.805 -13.3446
19.81 -12.9574
19.815 -12.2343
19.82 -11.1301
19.825 -9.68893
19.83 -7.97041
19.835 -6.03193
19.84 -3.92872
19.845 -1.73733
19.85 0.44898
19.855 2.56191
19.86 4.54794
19.865 6.42142
19.87 8.13055
19.875 9.5938
19.88 10.7202
19.885 11.3551
19.89 11.68
19.895 11.7669
19.9 10.8168
19.905 10.3565
19.91 10.1692
19.915 9.9549
19.92 9.74662
19.925 9.52236
19.93 9.30044
19.935 9.11572
19.94 9.82516
19.945 10.1771
19.95 10.5154
19.955 10.8262
19.96 11.071
19.965 11.2161
19.97 11.2476
19.975 11.1316
19.98 10.8538
19.985 10.4322
19.99 9.95011
19.995 9.4443
20 8.93177
20.005 8.4327
20.01 7.93341
20.015 7.45036
20.02 7.07955
20.025 6.85433
20.03 6.74874
20.035 6.74479
20.04 6.77159
20.045 6.78024
20.05 6.76413
20.055 6.74779
20.06 6.76143
20.065 6.83252
20.07 6.92034
20.075 6.96408
20.08 6.92521
20.085 6.77683
20.09 6.52388
20.095 6.18985
20.1 5.8123
20.105 5.37766
20.11 4.87375
20.115 4.31796
20.12 3.71916
20.125 3.08329
20.13 2.40493
20.135 1.65916
20.14 0.818889
20.145 -0.114098
20.15 -1.12155
20.155 -2.13773
20.16 -3.11656
20.165 -4.055
20.17 -4.98015
20.175 -5.92679
20.18 -6.92514
20.185 -7.96118
20.19 -8.99803
20.195 -10.0066
20.2 -10.9737
20.205 -11.878
20.21 -12.7275
20.215 -13.55
20.22 -14.3554
20.225 -15.1451
20.23 -15.9148
20.235 -16.64
20.24 -17.2886
20.245 -17.8484
20.25 -18.3092
20.255 -18.681
20.26 -18.9775
20.265 -19.1983
20.27 -19.3252
20.275 -19.3643
20.28 -19.3153
20.285 -19.1861
20.29 -18.9826
20.295 -18.7048
20.3 -18.3456
20.305 -17.9027
20.31 -17.3724
20.315 -16.7282
20.32 -15.9591
20.325 -15.0684
20.33 -14.0482
20.335 -12.9044
20.34 -11.6648
20.345 -10.341
20.35 -8.92872
20.355 -7.43526
20.36 -5.90216
20.365 -4.3853
20.37 -2.94953
20.375 -1.6516
20.38 -0.522657
20.385 0.41662
20.39 1.14518
20.395 1.65215
20.4 1.93409
20.405 2.00701
20.41 1.83204
20.415 1.54108
20.42 1.17487
20.425 0.777252
20.43 0.398528
20.435 -0.605148
20.44 -0.992515
20.445 -1.30568
20.45 -1.43289
20.455 -0.764692
20.46 -0.0769075
20.465 0.68799
20.47 1.5078
20.475 2.36747
20.48 3.25713
20.485 4.15773
20.49 5.05035
20.495 5.91619
20.5 6.73605
20.505 7.47441
20.51 8.09401
20.515 8.57693
20.52 8.91134
20.525 9.09709
20.53 9.1412
20.535 9.06302
20.54 8.88205
20.545 8.56952
20.55 8.23591
20.555 7.9028
20.56 7.59718
20.565 7.3476
20.57 7.17753
20.575 7.10207
20.58 7.13081
20.585 7.26308
20.59 7.49688
20.595 7.82182
20.6 8.22462
20.605 8.6852
20.61 9.18008
20.615 9.68085
20.62 10.1578
20.625 10.5818
20.63 10.9253
20.635 11.1655
20.64 11.2815
20.645 11.2608
20.65 11.0971
20.655 10.7909
20.66 10.3481
20.665 9.77996
20.67 9.10202
20.675 8.33184
20.68 7.48939
20.685 6.59533
20.69 5.67083
20.695 4.73676
20.7 3.81245
20.705 2.91385
20.71 2.05443
20.715 1.24355
20.72 0.486271
20.725 -0.216368
20.73 -0.866006
20.735 -1.46629
20.74 -2.0223
20.745 -2.53974
20.75 -3.02469
20.755 -3.48252
20.76 -3.91751
20.765 -4.33275
20.77 -4.73032
20.775 -5.11103
20.78 -5.47409
20.785 -5.81785
20.79 -6.1395
20.795 -6.4354
20.8 -6.70153
20.805 -6.93388
20.81 -7.12851
20.815 -7.28223
20.82 -7.39266
20.825 -7.45869
20.83 -7.4804
20.835 -7.45934
20.84 -7.39851
20.845 -7.30224
20.85 -7.17614
20.855 -7.02673
20.86 -6.86125
20.865 -6.68727
20.87 -6.51239
20.875 -6.34392
20.88 -6.18862
20.885 -6.05234
20.89 -5.93987
20.895 -5.85471
20.9 -5.79901
20.905 -5.77375
20.91 -5.77916
20.915 -5.8113
20.92 -5.861
20.925 -5.93591
20.93 -5.99213
20.935 -6.02572
20.94 -6.02522
20.945 -5.98192
20.95 -5.89042
20.955 -5.7487
20.96 -5.55784
20.965 -5.32153
20.97 -5.04527
20.975 -5.75012
