0.005 0.491044
0.01 0.488182
0.015 0.485609
0.02 0.483185
0.025 0.481041
0.03 0.478763
0.035 0.476369
0.04 0.473792
0.045 0.470849
0.05 0.467246
0.055 0.462734
0.06 0.458178
0.065 0.454292
0.07 0.450657
0.075 0.447981
0.08 0.444885
0.085 0.440113
0.09 0.432288
0.095 0.422253
0.1 0.406599
0.105 0.384313
0.11 0.355494
0.115 0.320717
0.12 0.284687
0.125 0.246341
0.13 0.21249
0.135 0.183651
0.14 0.158426
0.145 0.141498
0.15 0.131866
0.155 0.143729
0.16 0.185008
0.165 0.269242
0.17 0.408566
0.175 0.5845
0.18 0.752361
0.185 0.899579
0.19 1.01665
0.195 1.0721
0.2 1.03895
0.205 0.906763
0.21 0.725476
0.215 0.572301
0.22 0.46607
0.225 0.391704
0.23 0.324162
0.235 0.249387
0.24 0.165008
0.245 0.0707918
0.25 -0.0126691
0.255 -0.0807772
0.26 -0.147064
0.265 -0.239475
0.27 -0.347157
0.275 -0.452889
0.28 -0.557943
0.285 -0.654651
0.29 -0.757322
0.295 -0.851476
0.3 -0.909771
0.305 -0.918558
0.31 -0.871271
0.315 -0.76361
0.32 -0.574653
0.325 -0.274838
0.33 0.102093
0.335 0.522959
0.34 0.927371
0.345 1.26049
0.35 1.48714
0.355 1.61373
0.36 1.6563
0.365 1.68244
0.37 1.71544
0.375 1.78281
0.38 1.89906
0.385 2.04252
0.39 2.19761
0.395 2.30259
0.4 2.31998
0.405 2.22539
0.41 2.02737
0.415 1.73618
0.42 1.38116
0.425 1.00264
0.43 0.618944
0.435 0.300078
0.44 0.0417731
0.445 -0.179523
0.45 -0.428888
0.455 -0.682977
0.46 -0.917585
0.465 -1.08961
0.47 -1.15761
0.475 -1.19214
0.48 -1.20485
0.485 -1.26996
0.49 -1.36461
0.495 -1.40013
0.5 -1.33014
0.505 -1.13309
0.51 -0.826963
0.515 -0.422101
0.52 0.0664013
0.525 0.545346
0.53 0.987376
0.535 1.3978
0.54 1.75776
0.545 2.02159
0.55 2.17955
0.555 2.24278
0.56 2.24691
0.565 2.21361
0.57 2.1324
0.575 1.99111
0.58 1.7683
0.585 1.46596
0.59 1.10985
0.595 0.738874
0.6 0.359192
0.605 -0.00745282
0.61 -0.332783
0.615 -0.598558
0.62 -0.783751
0.625 -0.943769
0.63 -1.11907
0.635 -1.29683
0.64 -1.39712
0.645 -1.33643
0.65 -1.08395
0.655 -0.606276
0.66 0.109527
0.665 1.1117
0.67 2.28888
0.675 3.54119
0.68 4.75826
0.685 5.86478
0.69 6.86744
0.695 7.7401
0.7 8.45278
0.705 8.95841
0.71 9.27111
0.715 9.33129
0.72 9.10206
0.725 8.58162
0.73 7.70159
0.735 6.44293
0.74 4.89694
0.745 3.16434
0.75 1.39184
0.755 -0.218461
0.76 -1.54747
0.765 -2.59014
0.77 -3.30033
0.775 -3.726
0.78 -3.88009
0.785 -3.70447
0.79 -3.15378
0.795 -2.25104
0.8 -1.16758
0.805 -0.0864864
0.81 0.779289
0.815 1.38724
0.82 1.64624
0.825 1.58449
0.83 1.43611
0.835 1.23841
0.84 0.9755
0.845 0.575858
0.85 0.0482377
0.855 -0.5422
0.86 -1.26258
0.865 -2.03823
0.87 -2.95051
0.875 -3.89895
0.88 -4.81085
0.885 -5.77089
0.89 -6.72497
0.895 -7.58818
0.9 -8.23498
0.905 -8.69279
0.91 -8.9817
0.915 -9.05802
0.92 -8.86919
0.925 -8.2741
0.93 -7.31896
0.935 -6.10248
0.94 -4.73896
0.945 -3.26908
0.95 -1.69465
0.955 -0.115674
0.96 1.45583
0.965 2.91086
0.97 4.29989
0.975 5.56321
0.98 6.68454
0.985 7.70238
0.99 8.61113
0.995 9.46102
1 10.215
1.005 10.9292
1.01 11.6198
1.015 12.2899
1.02 12.9985
1.025 13.6271
1.03 14.0584
1.035 14.1188
1.04 13.7116
1.045 12.8747
1.05 11.6956
1.055 10.4388
1.06 9.19861
1.065 8.05768
1.07 7.07044
1.075 6.18859
1.08 5.42611
1.085 4.57921
1.09 3.52293
1.095 2.17
1.1 0.679326
1.105 -0.796732
1.11 -2.21867
1.115 -3.48574
1.12 -4.52007
1.125 -5.16999
1.13 -5.36919
1.135 -5.2632
1.14 -5.14627
1.145 -5.19014
1.15 -5.46818
1.155 -6.0534
1.16 -6.79784
1.165 -7.5385
1.17 -8.13124
1.175 -8.45931
1.18 -8.44236
1.185 -7.83213
1.19 -6.7953
1.195 -5.36755
1.2 -3.78497
1.205 -2.26809
1.21 -1.05205
1.215 -0.328195
1.22 -0.137425
1.225 -0.425954
1.23 -1.08961
1.235 -2.06697
1.24 -3.28465
1.245 -4.59494
1.25 -5.9204
1.255 -7.10088
1.26 -8.09904
1.265 -8.75415
1.27 -8.93345
1.275 -8.70267
1.28 -8.10347
1.285 -7.17009
1.29 -5.76114
1.295 -3.90871
1.3 -1.6998
1.305 0.781606
1.31 3.48793
1.315 6.34302
1.32 9.08386
1.325 11.6025
1.33 13.8598
1.335 15.722
1.34 17.2017
1.345 18.3355
1.35 19.1542
1.355 19.6472
1.36 19.8072
1.365 19.6014
1.37 18.9664
1.375 17.9492
1.38 16.5155
1.385 14.7529
1.39 12.5433
1.395 9.8455
1.4 6.72384
1.405 3.38805
1.41 0.14518
1.415 -2.87828
1.42 -5.53235
1.425 -7.78972
1.43 -9.69349
1.435 -11.2652
1.44 -12.5006
1.445 -13.3604
1.45 -13.8396
1.455 -14.0026
1.46 -13.9315
1.465 -13.7443
1.47 -13.4526
1.475 -13.0941
1.48 -12.6499
1.485 -12.2444
1.49 -11.8864
1.495 -11.4001
1.5 -10.9522
1.505 -10.5564
1.51 -10.1727
1.515 -9.77316
1.52 -9.39712
1.525 -9.09312
1.53 -8.96417
1.535 -9.09634
1.54 -9.4738
1.545 -10.0323
1.55 -10.5337
1.555 -10.8999
1.56 -11.1005
1.565 -11.1469
1.57 -10.9317
1.575 -10.4372
1.58 -9.69209
1.585 -8.63021
1.59 -7.25911
1.595 -5.69198
1.6 -4.08471
1.605 -2.46847
1.61 -0.932019
1.615 0.550499
1.62 2.05927
1.625 3.51629
1.63 4.79943
1.635 5.71983
1.64 6.37315
1.645 6.82923
1.65 7.12983
1.655 7.41148
1.66 7.77511
1.665 8.35189
1.67 9.20664
1.675 10.4179
1.68 11.9221
1.685 13.5666
1.69 15.3045
1.695 17.1375
1.7 19.0291
1.705 20.7751
1.71 22.2911
1.715 23.4672
1.72 24.1966
1.725 24.4571
1.73 24.2658
1.735 23.6315
1.74 22.5165
1.745 20.9895
1.75 19.1334
1.755 17.0561
1.76 14.7615
1.765 12.326
1.77 9.87375
1.775 7.50568
1.78 5.42077
1.785 3.57824
1.79 1.90581
1.795 0.26282
1.8 -1.43872
1.805 -3.30021
1.81 -5.39956
1.815 -7.69973
1.82 -10.0699
1.825 -12.3104
1.83 -14.4035
1.835 -16.2328
1.84 -17.7178
1.845 -18.8036
1.85 -19.4681
1.855 -19.6774
1.86 -19.4318
1.865 -18.7029
1.87 -17.4083
1.875 -15.6064
1.88 -13.3801
1.885 -11.0385
1.89 -8.84667
1.895 -6.98332
1.9 -5.51689
1.905 -4.50458
1.91 -4.01651
1.915 -4.01645
1.92 -4.44867
1.925 -5.20163
1.93 -6.23741
1.935 -7.57073
1.94 -9.32034
1.945 -11.473
1.95 -13.8389
1.955 -16.268
1.96 -18.5203
1.965 -20.4282
1.97 -21.8739
1.975 -22.7487
1.98 -22.9333
1.985 -22.3824
1.99 -21.2185
1.995 -19.5563
2 -17.4924
2.005 -14.9533
2.01 -11.8983
2.015 -8.30489
2.02 -4.26398
2.025 -0.0827396
2.03 3.96587
2.035 7.77355
2.04 11.2722
2.045 14.4163
2.05 17.1311
2.055 19.2517
2.06 20.7836
2.065 21.7583
2.07 22.2303
2.075 22.3083
2.08 22.0366
2.085 21.3926
2.09 20.2919
2.095 18.8023
2.1 17.0019
2.105 15.0284
2.11 13.0145
2.115 11.1036
2.12 9.47025
2.125 8.09859
2.13 7.10278
2.135 6.48615
2.14 6.21247
2.145 6.1357
2.15 6.19216
2.155 6.39996
2.16 6.7486
2.165 7.16661
2.17 7.61175
2.175 8.2204
2.18 9.05769
2.185 10.1231
2.19 11.3299
2.195 12.5182
2.2 13.4956
2.205 14.0889
2.21 14.1629
2.215 13.5945
2.22 12.3667
2.225 10.5805
2.23 8.51566
2.235 6.39314
2.24 4.33644
2.245 2.46622
2.25 0.805855
2.255 -0.687105
2.26 -2.22584
2.265 -3.82726
2.27 -5.55635
2.275 -7.5405
2.28 -9.77422
2.285 -12.2317
2.29 -14.7322
2.295 -16.9723
2.3 -18.6894
2.305 -19.8024
2.31 -20.0976
2.315 -19.706
2.32 -18.9192
2.325 -17.9369
2.33 -16.8787
2.335 -15.8236
2.34 -14.8705
2.345 -14.0611
2.35 -13.5905
2.355 -13.464
2.36 -13.5991
2.365 -14.0453
2.37 -14.7751
2.375 -15.6992
2.38 -16.5893
2.385 -17.3113
2.39 -17.5953
2.395 -17.3061
2.4 -16.4027
2.405 -14.988
2.41 -13.2903
2.415 -11.4046
2.42 -9.39159
2.425 -7.22369
2.43 -4.93327
2.435 -2.52334
2.44 -0.0971862
2.445 2.20352
2.45 4.23673
2.455 5.86598
2.46 7.03224
2.465 7.59783
2.47 7.68838
2.475 7.4937
2.48 7.0338
2.485 6.47888
2.49 6.01582
2.495 5.80325
2.5 5.91432
2.505 6.419
2.51 7.28856
2.515 8.52743
2.52 10.0385
2.525 11.8039
2.53 13.8007
2.535 15.9466
2.54 18.1389
2.545 20.1977
2.55 22.0401
2.555 23.6826
2.56 25.0922
2.565 26.2441
2.57 27.0603
2.575 27.5196
2.58 27.5302
2.585 27.0821
2.59 26.2219
2.595 24.9064
2.6 23.3321
2.605 21.543
2.61 19.5076
2.615 17.1279
2.62 14.3199
2.625 11.0387
2.63 7.34702
2.635 3.46352
2.64 -0.346262
2.645 -3.7607
2.65 -6.69299
2.655 -9.03226
2.66 -10.7311
2.665 -11.8499
2.67 -12.382
2.675 -12.3373
2.68 -11.6969
2.685 -10.6814
2.69 -9.44646
2.695 -7.96171
2.7 -6.43754
2.705 -5.04252
2.71 -4.01058
2.715 -3.38462
2.72 -3.35273
2.725 -3.80202
2.73 -4.6538
2.735 -5.95805
2.74 -7.48774
2.745 -9.21973
2.75 -11.1933
2.755 -13.4835
2.76 -15.99
2.765 -18.4913
2.77 -20.8344
2.775 -22.776
2.78 -24.189
2.785 -25.0075
2.79 -25.3079
2.795 -25.242
2.8 -24.9164
2.805 -24.4808
2.81 -23.9974
2.815 -23.3888
2.82 -22.6054
2.825 -21.6425
2.83 -20.4046
2.835 -18.921
2.84 -17.0951
2.845 -14.9227
2.85 -12.5082
2.855 -9.88606
2.86 -7.08516
2.865 -4.16764
2.87 -1.27239
2.875 1.5514
2.88 4.24933
2.885 6.80292
2.89 9.32185
2.895 11.7601
2.9 13.9921
2.905 15.7552
2.91 16.7936
2.915 17.014
2.92 16.5348
2.925 15.5919
2.93 14.4443
2.935 13.4517
2.94 12.8104
2.945 12.7329
2.95 13.197
2.955 14.0058
2.96 14.9376
2.965 15.8186
2.97 16.5752
2.975 17.0859
2.98 17.3247
2.985 17.3984
2.99 17.4862
2.995 17.6962
3 18.0223
3.005 18.3872
3.01 18.6512
3.015 18.7368
3.02 18.6153
3.025 18.3836
3.03 18.1755
3.035 18.0953
3.04 18.0547
3.045 17.8566
3.05 17.4172
3.055 16.7114
3.06 15.8668
3.065 15.0099
3.07 14.241
3.075 13.6251
3.08 13.1363
3.085 12.7049
3.09 12.1562
3.095 11.3105
3.1 9.99232
3.105 8.11105
3.11 5.70141
3.115 2.86392
3.12 -0.198088
3.125 -3.31667
3.13 -6.38312
3.135 -9.3573
3.14 -12.1499
3.145 -14.7385
3.15 -17.1444
3.155 -19.4582
3.16 -21.7481
3.165 -23.9966
3.17 -26.0938
3.175 -27.8648
3.18 -29.1
3.185 -29.5257
3.19 -29.045
3.195 -27.6824
3.2 -25.5971
3.205 -23.0054
3.21 -20.2244
3.215 -17.5845
3.22 -15.2467
3.225 -13.2832
3.23 -11.6977
3.235 -10.5267
3.24 -9.74994
3.245 -9.39762
3.25 -9.39635
3.255 -9.58842
3.26 -9.81026
3.265 -9.91295
3.27 -9.84857
3.275 -9.56782
3.28 -9.06724
3.285 -8.41216
3.29 -7.70517
3.295 -6.96287
3.3 -6.22858
3.305 -5.60647
3.31 -5.13273
3.315 -4.72928
3.32 -4.22353
3.325 -3.54043
3.33 -2.65251
3.335 -1.59463
3.34 -0.405791
3.345 0.885616
3.35 2.30211
3.355 3.74357
3.36 5.04977
3.365 6.20627
3.37 7.13185
3.375 7.88275
3.38 8.52857
3.385 9.13599
3.39 9.60268
3.395 9.87442
3.4 10.0087
3.405 10.0817
3.41 10.1206
3.415 9.87843
3.42 9.38571
3.425 8.59559
3.43 7.57939
3.435 6.49113
3.44 5.39767
3.445 4.38965
3.45 3.39617
3.455 2.36453
3.46 1.17519
3.465 -0.0702916
3.47 -1.3283
3.475 -2.4881
3.48 -3.4828
3.485 -4.43295
3.49 -5.29406
3.495 -6.08915
3.5 -6.74526
3.505 -7.40277
3.51 -8.10029
3.515 -8.79518
3.52 -9.47762
3.525 -10.0476
3.53 -10.4827
3.535 -10.6721
3.54 -10.7795
3.545 -10.8125
3.55 -10.8254
3.555 -10.6532
3.56 -10.438
3.565 -10.2423
3.57 -10.147
3.575 -10.393
3.58 -10.9523
3.585 -11.8735
3.59 -12.9505
3.595 -14.2457
3.6 -15.656
3.605 -17.0936
3.61 -18.4662
3.615 -19.469
3.62 -20.223
3.625 -20.7443
3.63 -21.3901
3.635 -22.1458
3.64 -22.9374
3.645 -23.8727
3.65 -24.8661
3.655 -25.9253
3.66 -27.026
3.665 -28.2627
3.67 -29.5319
3.675 -30.9251
3.68 -32.4325
3.685 -34.1778
3.69 -36.2897
3.695 -38.8188
3.7 -41.6623
3.705 -44.726
3.71 -47.9248
3.715 -50.9146
3.72 -53.6863
3.725 -56.0505
3.73 -58.0457
3.735 -59.5852
3.74 -60.4793
3.745 -60.7415
3.75 -60.2449
3.755 -59.3423
3.76 -58.104
3.765 -56.6223
3.77 -54.8413
3.775 -52.532
3.78 -49.88
3.785 -46.8207
3.79 -43.5175
3.795 -40.0659
3.8 -36.6505
3.805 -33.4305
3.81 -30.516
3.815 -27.9848
3.82 -25.7267
3.825 -21.4623
3.83 -18.3379
3.835 -16.3262
3.84 -14.1027
3.845 -11.617
3.85 -7.92862
3.855 -3.89315
3.86 0.447752
3.865 5.12097
3.87 8.04643
3.875 11.6894
3.88 15.793
3.885 20.4503
3.89 25.5839
3.895 30.9064
3.9 36.2608
3.905 41.2763
3.91 46.0009
3.915 50.5279
3.92 54.3272
3.925 57.6233
3.93 60.0711
3.935 61.7131
3.94 62.2121
3.945 61.8625
3.95 60.4575
3.955 57.9977
3.96 54.4608
3.965 49.8584
3.97 44.384
3.975 37.9461
3.98 31.2923
3.985 24.626
3.99 18.2723
3.995 12.5234
4 9.61762
4.005 7.23776
4.01 5.63966
4.015 -1.29167
4.02 -5.8586
4.025 -9.74582
4.03 -12.9809
4.035 -10.4987
4.04 -10.4155
4.045 -13.6527
4.05 -17.8856
4.055 -22.2952
4.06 -27.1825
4.065 -25.7198
4.07 -28.627
4.075 -32.5246
4.08 -37.3752
4.085 -42.7995
4.09 -48.9776
4.095 -55.69
4.1 -62.6204
4.105 -69.5809
4.11 -76.1617
4.115 -82.1457
4.12 -87.329
4.125 -91.6837
4.13 -95.1591
4.135 -97.2888
4.14 -98.4857
4.145 -98.3304
4.15 -96.6598
4.155 -90.7435
4.16 -81.5911
4.165 -69.2616
4.17 -54.6307
4.175 -37.435
4.18 -18.4889
4.185 1.78
4.19 22.3059
4.195 42.5779
4.2 62.0363
4.205 74.9446
4.21 88.2061
4.215 99.9075
4.22 109.79
4.225 124.002
4.23 138.291
4.235 151.215
4.24 159.317
4.245 163.557
4.25 163.847
4.255 157.501
4.26 151.63
4.265 138.646
4.27 122.723
4.275 103.858
4.28 82.3409
4.285 54.096
4.29 27.8649
4.295 2.41169
4.3 -21.3059
4.305 -40.0481
4.31 -56.5747
4.315 -69.9447
4.32 -79.8902
4.325 -83.945
4.33 -83.6772
4.335 -79.1556
4.34 -70.8979
4.345 -59.5942
4.35 -46.3878
4.355 -32.1923
4.36 -17.9337
4.365 -4.32192
4.37 -2.97192
4.375 2.65792
4.38 7.94599
4.385 12.7681
4.39 17.0631
4.395 20.7325
4.4 23.8815
4.405 26.3661
4.41 28.2966
4.415 29.9323
4.42 31.7813
4.425 34.0717
4.43 36.0602
4.435 37.9869
4.44 39.5941
4.445 40.7397
4.45 41.2582
4.455 41.0402
4.46 39.9262
4.465 39.608
4.47 37.0918
4.475 33.5448
4.48 28.875
4.485 23.1719
4.49 16.7255
4.495 9.86261
4.5 2.82493
4.505 -3.98125
4.51 -11.7374
4.515 -18.1105
4.52 -23.2575
4.525 -26.9231
4.53 -29.0548
4.535 -29.5291
4.54 -28.2858
4.545 -25.054
4.55 -20.3803
4.555 -14.8029
4.56 -8.78511
4.565 -2.90214
4.57 2.36121
4.575 6.62229
4.58 9.11832
4.585 10.6412
4.59 11.0489
4.595 10.5444
4.6 9.22586
4.605 7.39785
4.61 5.26807
4.615 3.26703
4.62 1.47151
4.625 -0.0241311
4.63 -1.18837
4.635 -2.03782
4.64 -2.61116
4.645 -2.92958
4.65 -2.87734
4.655 -1.75441
4.66 -0.58898
4.665 1.11398
4.67 3.64517
4.675 7.33184
4.68 12.3481
4.685 18.9604
4.69 27.049
4.695 36.7139
4.7 47.6854
4.705 59.7205
4.71 72.4187
4.715 85.3515
4.72 98.0895
4.725 110.127
4.73 120.956
4.735 130.066
4.74 137.146
4.745 141.669
4.75 143.431
4.755 142.154
4.76 137.979
4.765 130.98
4.77 120.964
4.775 108.136
4.78 92.5563
4.785 74.6538
4.79 54.7689
4.795 33.5747
4.8 11.5997
4.805 -7.21752
4.81 -26.6796
4.815 -44.6298
4.82 -60.4963
4.825 -73.8961
4.83 -84.5054
4.835 -95.1032
4.84 -105.101
4.845 -111.163
4.85 -115.423
4.855 -116.687
4.86 -115.239
4.865 -111.251
4.87 -104.926
4.875 -96.3732
4.88 -85.9999
4.885 -74.3231
4.89 -61.8503
4.895 -48.9505
4.9 -34.9907
4.905 -19.3478
4.91 -5.79418
4.915 6.28268
4.92 16.7076
4.925 25.1945
4.93 31.5803
4.935 35.1611
4.94 36.3347
4.945 35.4244
4.95 30.9005
4.955 24.0579
4.96 15.0707
4.965 4.50906
4.97 -7.06785
4.975 -19.0523
4.98 -30.9401
4.985 -42.1493
4.99 -52.0293
4.995 -59.8921
5 -64.3147
5.005 -65.2231
5.01 -62.5839
5.015 -56.5329
5.02 -47.3757
5.025 -36.9543
5.03 -24.6476
5.035 -11.246
5.04 2.88666
5.045 17.2549
5.05 31.5004
5.055 45.263
5.06 58.15
5.065 69.8471
5.07 80.2152
5.075 89.2343
5.08 99.0058
5.085 107.545
5.09 114.596
5.095 120.309
5.1 124.735
5.105 128.1
5.11 133.803
5.115 138.503
5.12 142.614
5.125 146.082
5.13 148.684
5.135 150.509
5.14 151.608
5.145 152.091
5.15 152.034
5.155 151.416
5.16 150.212
5.165 148.369
5.17 143.537
5.175 139.71
5.18 135.769
5.185 131.717
5.19 127.522
5.195 123.174
5.2 118.724
5.205 115.272
5.21 112.468
5.215 111.2
5.22 109.525
5.225 107.564
5.23 105.127
5.235 102.092
5.24 98.1912
5.245 93.1638
5.25 83.9506
5.255 75.4758
5.26 66.6876
5.265 53.3932
5.27 39.5134
5.275 26.5918
5.28 23.7048
5.285 21.0028
5.29 18.4246
5.295 16.3961
5.3 16.8464
5.305 17.0312
5.31 17.1535
5.315 17.1203
5.32 16.7765
5.325 17.6272
5.33 18.4948
5.335 19.5086
5.34 20.4477
5.345 21.0994
5.35 20.3711
5.355 18.2365
5.36 16.2196
5.365 13.8059
5.37 11.0383
5.375 7.77763
5.38 3.82041
5.385 -1.01733
5.39 -7.61458
5.395 -15.7214
5.4 -25.0611
5.405 -35.4604
5.41 -46.726
5.415 -58.7283
5.42 -71.3719
5.425 -84.5414
5.43 -98.1347
5.435 -112.061
5.44 -126.1
5.445 -139.915
5.45 -153.074
5.455 -165.261
5.46 -176.422
5.465 -186.438
5.47 -195.319
5.475 -202.941
5.48 -209.003
5.485 -213.22
5.49 -215.427
5.495 -215.511
5.5 -213.5
5.505 -209.659
5.51 -204.269
5.515 -197.756
5.52 -191.426
5.525 -184.381
5.53 -177.267
5.535 -170.39
5.54 -164.007
5.545 -161.458
5.55 -159.44
5.555 -158.007
5.56 -157.313
5.565 -157.604
5.57 -158.845
5.575 -160.901
5.58 -154.591
5.585 -147.002
5.59 -136.598
5.595 -128.179
5.6 -135.13
5.605 -136.282
5.61 -136.047
5.615 -135.088
5.62 -133.127
5.625 -130.184
5.63 -126.206
5.635 -126.588
5.64 -121.285
5.645 -115.62
5.65 -108.662
5.655 -97.056
5.66 -85.3972
5.665 -73.1421
5.67 -60.7284
5.675 -48.5606
5.68 -36.9934
5.685 -27.0121
5.69 -17.964
5.695 -10.3423
5.7 -4.09884
5.705 1.05056
5.71 5.84981
5.715 9.72888
5.72 11.8031
5.725 14.2092
5.73 16.7981
5.735 19.8124
5.74 23.4131
5.745 27.6348
5.75 32.3558
5.755 37.9883
5.76 44.8219
5.765 52.3975
5.77 60.5175
5.775 68.9671
5.78 74.4668
5.785 78.1507
5.79 79.7644
5.795 79.3762
5.8 77.1156
5.805 73.2828
5.81 68.2273
5.815 62.2569
5.82 55.9798
5.825 50.1074
5.83 45.1096
5.835 41.4364
5.84 39.3994
5.845 38.9759
5.85 41.3007
5.855 47.8315
5.86 53.7006
5.865 59.4422
5.87 64.8756
5.875 65.3734
5.88 67.7068
5.885 70.0088
5.89 72.1829
5.895 74.1073
5.9 75.7759
5.905 77.0767
5.91 77.9013
5.915 78.2359
5.92 78.0797
5.925 77.2938
5.93 75.8338
5.935 73.6353
5.94 70.6558
5.945 66.1305
5.95 61.5674
5.955 56.7592
5.96 52.0088
5.965 47.5351
5.97 43.4053
5.975 39.5863
5.98 39.533
5.985 37.7586
5.99 35.4625
5.995 32.6776
6 29.726
6.005 26.8857
6.01 23.7392
6.015 20.1777
6.02 16.1139
6.025 11.7105
6.03 6.65447
6.035 0.858
6.04 -5.29983
6.045 -12.1102
6.05 -19.1772
6.055 -21.5651
6.06 -25.1003
6.065 -28.355
6.07 -31.2733
6.075 -34.0228
6.08 -32.2758
6.085 -31.7245
6.09 -31.6595
6.095 -32.3062
6.1 -33.1731
6.105 -35.0338
6.11 -37.5443
6.115 -46.615
6.12 -54.0323
6.125 -62.0546
6.13 -70.1038
6.135 -77.9873
6.14 -85.4479
6.145 -92.686
6.15 -98.8351
6.155 -104.203
6.16 -109.247
6.165 -114.548
6.17 -119.659
6.175 -123.469
6.18 -125.33
6.185 -125.677
6.19 -124.49
6.195 -121.818
6.2 -117.711
6.205 -112.414
6.21 -107.377
6.215 -101.181
6.22 -94.0522
6.225 -86.6418
6.23 -83.6836
6.235 -78.9506
6.24 -73.2928
6.245 -66.6384
6.25 -59.0056
6.255 -46.9425
6.26 -35.1149
6.265 -23.1027
6.27 -11.1338
6.275 2.54926
6.28 15.0837
6.285 26.5953
6.29 36.8203
6.295 45.5427
6.3 52.7801
6.305 58.5208
6.31 62.9336
6.315 66.1327
6.32 68.0303
6.325 68.7465
6.33 67.5232
6.335 64.926
6.34 61.1462
6.345 56.3937
6.35 50.9753
6.355 45.0319
6.36 38.7573
6.365 32.4167
6.37 26.1426
6.375 20.1617
6.38 14.7359
6.385 10.0695
6.39 6.53081
6.395 3.04216
6.4 -0.685345
6.405 -3.39435
6.41 -5.09626
6.415 -6.44961
6.42 -6.43804
6.425 -5.14161
6.43 -2.70502
6.435 0.717725
6.44 5.15397
6.445 10.3996
6.45 16.4119
6.455 23.0109
6.46 30.1294
6.465 37.4477
6.47 44.7785
6.475 52.1448
6.48 59.1965
6.485 65.8984
6.49 72.2687
6.495 78.1907
6.5 83.6226
6.505 88.4519
6.51 92.4451
6.515 92.5268
6.52 90.3767
6.525 85.849
6.53 79.2115
6.535 70.7722
6.54 61.1197
6.545 50.6753
6.55 39.823
6.555 29.5196
6.56 22.4903
6.565 16.2429
6.57 16.191
6.575 16.598
6.58 17.8983
6.585 19.8708
6.59 22.0854
6.595 22.9066
6.6 23.967
6.605 24.3695
6.61 15.7141
6.615 3.71492
6.62 -5.66409
6.625 -14.9446
6.63 -24.0292
6.635 -32.8877
6.64 -41.3194
6.645 -49.1169
6.65 -56.0336
6.655 -61.9569
6.66 -66.7757
6.665 -64.1449
6.67 -64.3185
6.675 -63.881
6.68 -62.9102
6.685 -61.4643
6.69 -57.9434
6.695 -48.27
6.7 -38.4911
6.705 -27.5376
6.71 -15.2787
6.715 -3.22816
6.72 8.12505
6.725 18.1787
6.73 25.3971
6.735 30.9028
6.74 34.2826
6.745 35.3328
6.75 33.9115
6.755 27.8924
6.76 18.7443
6.765 6.77426
6.77 -7.40565
6.775 -19.6997
6.78 -33.9367
6.785 -47.8556
6.79 -54.5624
6.795 -61.0125
6.8 -65.9279
6.805 -69.0944
6.81 -70.3266
6.815 -69.5706
6.82 -66.6776
6.825 -61.8806
6.83 -53.9136
6.835 -42.505
6.84 -28.732
6.845 -13.2639
6.85 3.13142
6.855 16.8988
6.86 30.8071
6.865 43.831
6.87 55.5354
6.875 65.4768
6.88 73.3565
6.885 79.0161
6.89 82.2413
6.895 83.3338
6.9 82.455
6.905 79.8089
6.91 76.2849
6.915 71.7144
6.92 66.4502
6.925 60.7763
6.93 55.0874
6.935 49.6889
6.94 48.4768
6.945 46.8881
6.95 45.6735
6.955 44.9157
6.96 46.2152
6.965 46.7282
6.97 47.3484
6.975 48.0926
6.98 49.2764
6.985 50.7589
6.99 52.3819
6.995 54.6762
7 56.7952
7.005 58.8455
7.01 60.8102
7.015 62.741
7.02 64.6633
7.025 66.6242
7.03 68.4785
7.035 70.0862
7.04 71.2803
7.045 71.7336
7.05 71.2323
7.055 69.5825
7.06 66.7372
7.065 62.7684
7.07 57.9556
7.075 52.6404
7.08 47.0149
7.085 41.2215
7.09 35.3838
7.095 29.624
7.1 24.0973
7.105 18.9571
7.11 14.1047
7.115 9.80253
7.12 7.45018
7.125 5.04639
7.13 3.40292
7.135 2.57978
7.14 2.66004
7.145 3.50792
7.15 5.0858
7.155 7.21945
7.16 9.78899
7.165 12.7172
7.17 15.8013
7.175 18.9977
7.18 22.3131
7.185 25.6762
7.19 29.216
7.195 32.947
7.2 36.6197
7.205 40.2745
7.21 43.7396
7.215 47.013
7.22 50.0017
7.225 52.5936
7.23 54.6211
7.235 55.9013
7.24 56.28
7.245 55.6703
7.25 53.5752
7.255 51.2192
7.26 47.3159
7.265 42.1046
7.27 35.8331
7.275 28.687
7.28 22.3493
7.285 15.755
7.29 9.31105
7.295 3.27608
7.3 -2.16455
7.305 -6.88178
7.31 -10.7726
7.315 -13.7182
7.32 -15.7826
7.325 -17.111
7.33 -17.9149
7.335 -18.5696
7.34 -19.2972
7.345 -20.2943
7.35 -21.6472
7.355 -23.5507
7.36 -26.195
7.365 -29.5558
7.37 -33.6292
7.375 -38.3996
7.38 -43.9038
7.385 -50.1186
7.39 -57.156
7.395 -65.0104
7.4 -73.4651
7.405 -82.3258
7.41 -91.245
7.415 -100.104
7.42 -108.755
7.425 -117.066
7.43 -124.737
7.435 -122.236
7.44 -126.88
7.445 -128.681
7.45 -130.03
7.455 -130.621
7.46 -130.407
7.465 -129.28
7.47 -127.491
7.475 -125.211
7.48 -122.592
7.485 -119.734
7.49 -116.348
7.495 -113.039
7.5 -109.496
7.505 -105.065
7.51 -98.4504
7.515 -90.5825
7.52 -81.6686
7.525 -71.9821
7.53 -61.713
7.535 -51.5554
7.54 -42.5055
7.545 -33.9851
7.55 -26.2335
7.555 -19.3143
7.56 -17.1889
7.565 -15.5307
7.57 -13.9642
7.575 -11.3724
7.58 -8.69972
7.585 -5.5557
7.59 4.47287
7.595 13.6754
7.6 26.0283
7.605 36.6972
7.61 46.3058
7.615 54.6422
7.62 61.6267
7.625 67.0981
7.63 70.911
7.635 73.0402
7.64 69.9455
7.645 68.0571
7.65 65.5616
7.655 62.7129
7.66 57.9282
7.665 52.0738
7.67 45.4108
7.675 35.9605
7.68 23.9973
7.685 12.8606
7.69 2.73141
7.695 -5.90748
7.7 -12.6785
7.705 -17.4321
7.71 -19.3997
7.715 -19.6871
7.72 -17.8609
7.725 -15.3817
7.73 -11.4291
7.735 -4.78654
7.74 3.35109
7.745 12.7184
7.75 22.9981
7.755 33.8621
7.76 44.9075
7.765 55.8405
7.77 66.2468
7.775 75.1401
7.78 83.0916
7.785 89.7377
7.79 94.9713
7.795 98.7146
7.8 100.855
7.805 99.9528
7.81 97.4373
7.815 92.899
7.82 86.7535
7.825 79.9144
7.83 71.8043
7.835 62.9815
7.84 56.8588
7.845 49.5322
7.85 42.3471
7.855 35.5094
7.86 29.1359
7.865 23.3629
7.87 18.061
7.875 13.1118
7.88 9.01185
7.885 5.32375
7.89 2.20041
7.895 -0.331357
7.9 -2.35335
7.905 -3.99018
7.91 -5.48317
7.915 -6.31809
7.92 -6.54677
7.925 -6.32392
7.93 -5.77314
7.935 -4.99038
7.94 -4.23094
7.945 -3.27941
7.95 -2.08025
7.955 -0.617397
7.96 1.10763
7.965 2.6576
7.97 3.69412
7.975 4.19009
7.98 4.23754
7.985 3.96108
7.99 3.50472
7.995 3.0177
8 2.53459
8.005 2.04432
8.01 1.65524
8.015 1.41481
8.02 1.36517
8.025 1.47176
8.03 1.95378
8.035 2.63393
8.04 3.43162
8.045 4.24627
8.05 4.62244
8.055 4.55507
8.06 3.944
8.065 2.91539
8.07 1.42966
8.075 -0.58063
8.08 -5.00566
8.085 -9.15293
8.09 -13.7635
8.095 -18.8703
8.1 -24.3047
8.105 -29.9004
8.11 -35.6126
8.115 -41.3939
8.12 -47.3114
8.125 -53.3784
8.13 -59.6686
8.135 -66.2561
8.14 -73.0981
8.145 -80.1136
8.15 -87.1911
8.155 -94.3378
8.16 -101.429
8.165 -108.993
8.17 -116.145
8.175 -122.89
8.18 -130.812
8.185 -132.12
8.19 -134.392
8.195 -135.726
8.2 -136.044
8.205 -134.303
8.21 -129.93
8.215 -123.467
8.22 -114.925
8.225 -104.443
8.23 -92.4039
8.235 -82.5237
8.24 -71.8882
8.245 -60.668
8.25 -48.9883
8.255 -36.9299
8.26 -24.6101
8.265 -12.2148
8.27 0.0433464
8.275 12.0382
8.28 23.6804
8.285 35.0663
8.29 42.9602
8.295 49.5738
8.3 54.405
8.305 57.444
8.31 58.836
8.315 62.4107
8.32 62.9528
8.325 62.3809
8.33 60.9306
8.335 66.4264
8.34 68.3948
8.345 69.1871
8.35 68.6959
8.355 67.0335
8.36 63.3726
8.365 59.1436
8.37 52.2599
8.375 46.5851
8.38 41.0718
8.385 36.2265
8.39 32.1116
8.395 28.8699
8.4 26.7666
8.405 26.0627
8.41 26.7863
8.415 29.647
8.42 34.4397
8.425 40.7919
8.43 48.453
8.435 57.0735
8.44 66.0401
8.445 74.6242
8.45 82.8784
8.455 90.4082
8.46 96.7716
8.465 101.726
8.47 105.113
8.475 106.997
8.48 107.283
8.485 106.064
8.49 103.447
8.495 97.5046
8.5 89.6784
8.505 80.0312
8.51 68.9345
8.515 57.3184
8.52 45.1748
8.525 32.901
8.53 24.3078
8.535 15.135
8.54 6.60283
8.545 -1.09342
8.55 -7.83907
8.555 -12.9338
8.56 -16.2196
8.565 -17.7204
8.57 -17.5141
8.575 -15.7645
8.58 -13.2051
8.585 -9.34954
8.59 -4.68341
8.595 0.482083
8.6 5.90258
8.605 8.70327
8.61 6.8266
8.615 7.91336
8.62 9.40873
8.625 11.1461
8.63 12.9654
8.635 14.8047
8.64 16.6021
8.645 18.4874
8.65 20.6501
8.655 23.3831
8.66 26.4796
8.665 29.8089
8.67 33.3545
8.675 37.0895
8.68 40.9143
8.685 44.9168
8.69 49.1861
8.695 53.7899
8.7 58.6842
8.705 62.7171
8.71 66.8344
8.715 70.6503
8.72 74.0441
8.725 76.9881
8.73 79.4431
8.735 80.7883
8.74 80.8185
8.745 79.6956
8.75 77.4641
8.755 74.2896
8.76 70.0202
8.765 64.5777
8.77 57.8191
8.775 49.8563
8.78 41.8183
8.785 32.8119
8.79 24.9089
8.795 16.6652
8.8 8.42475
8.805 0.412454
8.81 -6.97752
8.815 -13.5984
8.82 -19.2582
8.825 -23.8773
8.83 -27.5284
8.835 -30.2153
8.84 -34.0377
8.845 -38.3003
8.85 -41.4338
8.855 -43.2573
8.86 -43.8505
8.865 -42.6915
8.87 -40.4176
8.875 -37.1066
8.88 -32.8384
8.885 -27.6893
8.89 -21.5393
8.895 -17.0848
8.9 -10.4453
8.905 -4.43907
8.91 1.37715
8.915 6.84716
8.92 11.8063
8.925 16.1696
8.93 19.3756
8.935 21.0406
8.94 21.4714
8.945 20.9029
8.95 19.6407
8.955 17.7865
8.96 15.4984
8.965 13.0359
8.97 10.7306
8.975 11.8504
8.98 12.2088
8.985 12.9291
8.99 13.8846
8.995 19.1653
9 23.3205
9.005 26.9751
9.01 30.0332
9.015 32.4402
9.02 34.2278
9.025 35.2916
9.03 35.6213
9.035 35.1284
9.04 33.8197
9.045 31.5931
9.05 28.3123
9.055 23.9795
9.06 18.9509
9.065 13.2031
9.07 6.86113
9.075 0.0415374
9.08 -7.29185
9.085 -14.9682
9.09 -22.7525
9.095 -30.3406
9.1 -36.1802
9.105 -41.4618
9.11 -46.0016
9.115 -49.8234
9.12 -52.2705
9.125 -53.1609
9.13 -52.7193
9.135 -51.1406
9.14 -48.6735
9.145 -45.6158
9.15 -42.2571
9.155 -38.7516
9.16 -35.4532
9.165 -32.4712
9.17 -31.045
9.175 -29.5803
9.18 -28.5814
9.185 -28.161
9.19 -28.3989
9.195 -29.4479
9.2 -31.4854
9.205 -34.6891
9.21 -38.8867
9.215 -43.4799
9.22 -48.6287
9.225 -54.1146
9.23 -59.7287
9.235 -65.4474
9.24 -71.1785
9.245 -76.8673
9.25 -82.4564
9.255 -87.694
9.26 -92.3543
9.265 -96.286
9.27 -99.4547
9.275 -101.751
9.28 -103.328
9.285 -104.057
9.29 -103.522
9.295 -101.914
9.3 -99.4724
9.305 -96.3623
9.31 -92.7153
9.315 -88.8029
9.32 -84.7123
9.325 -80.5351
9.33 -78.1325
9.335 -75.0928
9.34 -72.2882
9.345 -71.5185
9.35 -70.8677
9.355 -70.5146
9.36 -70.4087
9.365 -70.6772
9.37 -71.2697
9.375 -72.1891
9.38 -73.4583
9.385 -75.4412
9.39 -78.0171
9.395 -80.9415
9.4 -84.1161
9.405 -87.4887
9.41 -91.1389
9.415 -94.8444
9.42 -98.6416
9.425 -102.195
9.43 -105.444
9.435 -108.365
9.44 -111.068
9.445 -113.454
9.45 -115.493
9.455 -117.157
9.46 -118.205
9.465 -118.631
9.47 -118.268
9.475 -117.324
9.48 -115.785
9.485 -113.602
9.49 -110.47
9.495 -106.309
9.5 -101.151
9.505 -95.0566
9.51 -88.0454
9.515 -80.1226
9.52 -71.3749
9.525 -61.7905
9.53 -51.564
9.535 -40.846
9.54 -29.9312
9.545 -19.0353
9.55 -8.48654
9.555 1.4808
9.56 10.7384
9.565 19.1059
9.57 26.5674
9.575 33.1983
9.58 39.0996
9.585 44.3217
9.59 48.9727
9.595 52.9706
9.6 56.2623
9.605 58.7982
9.61 60.6176
9.615 61.6703
9.62 62.0446
9.625 61.7542
9.63 60.8957
9.635 59.5576
9.64 57.904
9.645 56.0933
9.65 53.9406
9.655 51.4987
9.66 48.6811
9.665 45.6069
9.67 42.5233
9.675 39.6803
9.68 37.7333
9.685 36.498
9.69 36.0227
9.695 36.2549
9.7 37.0313
9.705 38.1842
9.71 39.5652
9.715 41.0401
9.72 42.6767
9.725 44.4434
9.73 46.3277
9.735 48.3337
9.74 50.4325
9.745 52.5217
9.75 54.4586
9.755 56.0879
9.76 57.7873
9.765 59.0214
9.77 60.0201
9.775 60.9913
9.78 61.839
9.785 62.5522
9.79 63.1084
9.795 63.479
9.8 63.5111
9.805 64.5142
9.81 64.6538
9.815 64.3102
9.82 63.4395
9.825 61.9704
9.83 59.9696
9.835 57.3539
9.84 54.299
9.845 50.9665
9.85 47.4065
9.855 43.6997
9.86 39.9964
9.865 36.3286
9.87 32.7765
9.875 29.3511
9.88 23.8636
9.885 19.3983
9.89 15.5054
9.895 12.3384
9.9 9.92624
9.905 8.31941
9.91 7.50317
9.915 5.63408
9.92 5.25346
9.925 5.49166
9.93 6.00042
9.935 6.45142
9.94 6.67009
9.945 6.49878
9.95 5.87082
9.955 4.68129
9.96 2.69314
9.965 -0.367938
9.97 -4.5687
9.975 -9.85194
9.98 -16.1269
9.985 -23.2989
9.99 -31.1435
9.995 -39.4435
10 -47.9585
10.005 -49.3724
10.01 -53.0194
10.015 -56.633
10.02 -60.1427
10.025 -63.4059
10.03 -66.3895
10.035 -69.1316
10.04 -71.6745
10.045 -73.9987
10.05 -76.0958
10.055 -74.5274
10.06 -68.2795
10.065 -62.289
10.07 -55.1648
10.075 -46.9677
10.08 -38.2059
10.085 -31.8302
10.09 -24.5408
10.095 -17.4075
10.1 -10.635
10.105 -4.3282
10.11 0.830774
10.115 3.95828
10.12 5.61949
10.125 6.02449
10.13 5.35421
10.135 4.5379
10.14 2.88955
10.145 0.843379
10.15 -1.28005
10.155 -3.1663
10.16 -4.44217
10.165 6.61228
10.17 13.5357
10.175 20.275
10.18 26.7201
10.185 32.8035
10.19 38.493
10.195 43.8225
10.2 48.7168
10.205 53.1191
10.21 57.0074
10.215 60.4353
10.22 63.298
10.225 65.2241
10.23 66.4231
10.235 67.0037
10.24 67.4018
10.245 67.2938
10.25 66.8385
10.255 65.1829
10.26 63.3832
10.265 60.4731
10.27 57.7777
10.275 56.3666
10.28 55.1115
10.285 53.8881
10.29 52.7709
10.295 51.7037
10.3 51.5203
10.305 52.1315
10.31 53.2534
10.315 54.5171
10.32 55.9216
10.325 57.3112
10.33 58.5441
10.335 59.4105
10.34 59.6679
10.345 59.0784
10.35 56.1118
10.355 52.2569
10.36 47.5173
10.365 41.9244
10.37 35.5386
10.375 28.5714
10.38 21.3312
10.385 14.0272
10.39 6.77662
10.395 -0.301414
10.4 -7.33755
10.405 -13.5815
10.41 -19.2842
10.415 -24.1465
10.42 -28.1825
10.425 -31.3378
10.43 -33.5223
10.435 -34.645
10.44 -34.6285
10.445 -33.5189
10.45 -32.0482
10.455 -29.4536
10.46 -25.9893
10.465 -21.3133
10.47 -15.7152
10.475 -9.31878
10.48 -2.28799
10.485 5.0279
10.49 12.3558
10.495 19.6624
10.5 26.9094
10.505 32.069
10.51 37.6759
10.515 42.9065
10.52 47.6999
10.525 51.9751
10.53 55.4244
10.535 57.9903
10.54 59.5685
10.545 60.0449
10.55 59.414
10.555 57.5937
10.56 54.442
10.565 50.0483
10.57 44.5356
10.575 37.8888
10.58 30.3385
10.585 22.2019
10.59 13.7862
10.595 6.89056
10.6 -0.391809
10.605 -7.46649
10.61 -14.2086
10.615 -20.3779
10.62 -25.2146
10.625 -29.0997
10.63 -31.9234
10.635 -33.643
10.64 -34.2282
10.645 -33.7506
10.65 -34.5886
10.655 -34.7248
10.66 -33.7298
10.665 -31.5783
10.67 -28.3421
10.675 -24.1495
10.68 -19.0796
10.685 -13.2292
10.69 -7.99116
10.695 -2.25543
10.7 3.80187
10.705 9.85927
10.71 15.7691
10.715 21.6892
10.72 27.5394
10.725 33.2451
10.73 38.3084
10.735 42.7477
10.74 46.4862
10.745 49.4825
10.75 51.7798
10.755 53.2847
10.76 54.0817
10.765 54.2726
10.77 53.9689
10.775 53.1322
10.78 51.7694
10.785 49.9083
10.79 47.6843
10.795 45.2075
10.8 42.518
10.805 39.6111
10.81 36.5039
10.815 33.2991
10.82 30.0393
10.825 26.859
10.83 23.8284
10.835 20.9278
10.84 18.0815
10.845 15.349
10.85 12.9131
10.855 10.8253
10.86 9.28244
10.865 8.52633
10.87 8.55627
10.875 9.13306
10.88 10.2446
10.885 11.6363
10.89 13.0475
10.895 14.189
10.9 14.766
10.905 14.8088
10.91 14.241
10.915 13.0595
10.92 11.0452
10.925 8.24251
10.93 4.93571
10.935 1.16441
10.94 -3.00974
10.945 -7.42502
10.95 -12.0395
10.955 -16.646
10.96 -21.1319
10.965 -24.4652
10.97 -27.7105
10.975 -30.3348
10.98 -32.0808
10.985 -33.0531
10.99 -33.2913
10.995 -33.1422
11 -32.6648
11.005 -31.9766
11.01 -30.9118
11.015 -29.4477
11.02 -27.4799
11.025 -25.1308
11.03 -22.6376
11.035 -20.0629
11.04 -17.6118
11.045 -15.2993
11.05 -13.2366
11.055 -11.3922
11.06 -9.90418
11.065 -8.67644
11.07 -7.72033
11.075 -6.88644
11.08 -6.09971
11.085 -5.23687
11.09 -4.22776
11.095 -3.23608
11.1 -2.41741
11.105 -1.88276
11.11 -1.50743
11.115 -1.41071
11.12 -1.49449
11.125 -1.81516
11.13 -2.45995
11.135 -3.90101
11.14 -6.03379
11.145 -8.77733
11.15 -11.9567
11.155 -15.4162
11.16 -19.0593
11.165 -22.8806
11.17 -26.0702
11.175 -29.2752
11.18 -32.1752
11.185 -34.7597
11.19 -37.123
11.195 -39.3294
11.2 -41.4457
11.205 -43.5087
11.21 -45.3461
11.215 -47.1061
11.22 -48.8455
11.225 -50.5884
11.23 -52.2564
11.235 -53.8548
11.24 -55.391
11.245 -58.2117
11.25 -60.1521
11.255 -61.9937
11.26 -63.9
11.265 -65.9699
11.27 -68.1733
11.275 -70.2985
11.28 -72.2336
11.285 -73.7425
11.29 -74.826
11.295 -75.5536
11.3 -76.1403
11.305 -76.4975
11.31 -76.6642
11.315 -76.7896
11.32 -77.0573
11.325 -77.6985
11.33 -78.277
11.335 -78.7129
11.34 -78.8941
11.345 -78.9364
11.35 -78.7856
11.355 -78.5612
11.36 -78.3575
11.365 -78.3608
11.37 -78.4595
11.375 -78.4229
11.38 -78.1112
11.385 -77.6064
11.39 -76.9709
11.395 -76.1832
11.4 -75.2812
11.405 -74.1249
11.41 -73.2552
11.415 -72.0916
11.42 -70.6343
11.425 -68.8024
11.43 -66.6529
11.435 -64.1637
11.44 -61.4425
11.445 -58.5245
11.45 -55.3867
11.455 -52.1189
11.46 -48.7277
11.465 -45.3003
11.47 -41.664
11.475 -37.8352
11.48 -33.9647
11.485 -30.3459
11.49 -27.069
11.495 -24.0782
11.5 -21.2877
11.505 -18.6411
11.51 -16.1481
11.515 -13.753
11.52 -11.5667
11.525 -9.53311
11.53 -7.63861
11.535 -5.75219
11.54 -3.93471
11.545 -2.15658
11.55 -0.300333
11.555 1.67101
11.56 3.79255
11.565 6.1036
11.57 8.74165
11.575 11.7282
11.58 15.1699
11.585 19.1959
11.59 23.9791
11.595 29.4871
11.6 35.63
11.605 42.2708
11.61 49.2627
11.615 56.5025
11.62 63.7507
11.625 72.6603
11.63 75.7322
11.635 79.2223
11.64 82.0861
11.645 84.3943
11.65 86.0436
11.655 87.021
11.66 87.2691
11.665 86.8361
11.67 85.7225
11.675 83.8872
11.68 81.746
11.685 79.3798
11.69 76.969
11.695 74.4745
11.7 71.4577
11.705 67.6956
11.71 63.5115
11.715 59.2337
11.72 55.0291
11.725 51.2262
11.73 47.9215
11.735 45.3648
11.74 44.2621
11.745 44.0125
11.75 44.7611
11.755 46.42
11.76 48.9604
11.765 52.4464
11.77 56.0954
11.775 59.6103
11.78 62.6857
11.785 65.1139
11.79 66.7454
11.795 67.4241
11.8 68.7771
11.805 68.3815
11.81 67.0316
11.815 64.6094
11.82 61.2023
11.825 56.0492
11.83 50.9814
11.835 45.8385
11.84 40.2797
11.845 34.5792
11.85 28.8639
11.855 23.2164
11.86 17.9364
11.865 13.023
11.87 8.46986
11.875 4.18071
11.88 -0.13896
11.885 -4.50233
11.89 -8.81394
11.895 -12.428
11.9 -15.393
11.905 -17.6129
11.91 -19.4648
11.915 -20.6703
11.92 -23.8085
11.925 -26.2538
11.93 -28.1733
11.935 -29.4783
11.94 -30.1469
11.945 -30.2091
11.95 -29.5571
11.955 -31.2229
11.96 -30.672
11.965 -29.3694
11.97 -27.4976
11.975 -25.0953
11.98 -22.3812
11.985 -19.3753
11.99 -16.2926
11.995 -13.2774
12 -10.4101
12.005 -7.8314
12.01 -5.80498
12.015 -4.65653
12.02 -4.49184
12.025 -6.24353
12.03 -9.48828
12.035 -14.2051
12.04 -17.1258
12.045 -21.953
12.05 -27.4849
12.055 -33.4513
12.06 -39.5407
12.065 -45.4205
12.07 -39.2934
12.075 -37.3606
12.08 -35.2596
12.085 -32.8938
12.09 -30.2825
12.095 -30.1862
12.1 -30.5575
12.105 -29.6581
12.11 -28.5915
12.115 -26.1521
12.12 -21.5543
12.125 -17.1097
12.13 -12.6073
12.135 -8.00077
12.14 -2.90329
12.145 3.34136
12.15 9.70916
12.155 16.025
12.16 21.8381
12.165 26.9589
12.17 31.1672
12.175 34.8505
12.18 37.84
12.185 40.0273
12.19 41.1601
12.195 39.4718
12.2 35.9563
12.205 30.8413
12.21 24.4875
12.215 17.1916
12.22 9.22859
12.225 0.972176
12.23 -6.69455
12.235 -14.1325
12.24 -20.9667
12.245 -26.9651
12.25 -32.6285
12.255 -36.9786
12.26 -40.0405
12.265 -41.8545
12.27 -42.3884
12.275 -41.7195
12.28 -40.0063
12.285 -37.4377
12.29 -34.101
12.295 -30.053
12.3 -25.5594
12.305 -20.7155
12.31 -15.7189
12.315 -10.7449
12.32 -6.16137
12.325 -1.93682
12.33 1.85074
12.335 5.27018
12.34 8.25568
12.345 10.5121
12.35 12.0143
12.355 12.8903
12.36 13.5727
12.365 13.7496
12.37 13.5225
12.375 12.9294
12.38 12.077
12.385 10.9735
12.39 15.2759
12.395 16.4532
12.4 19.2021
12.405 21.0575
12.41 22.3641
12.415 23.1651
12.42 23.3986
12.425 22.942
12.43 21.5925
12.435 19.6899
12.44 17.3676
12.445 14.9564
12.45 12.8264
12.455 11.2524
12.46 10.4297
12.465 10.5529
12.47 11.9868
12.475 13.0928
12.48 15.1476
12.485 17.8725
12.49 21.4276
12.495 25.7833
12.5 30.8428
12.505 36.2139
12.51 41.7942
12.515 47.331
12.52 52.7654
12.525 58.0966
12.53 63.1613
12.535 67.871
12.54 71.9392
12.545 75.3729
12.55 76.7969
12.555 77.6848
12.56 75.4285
12.565 72.7205
12.57 68.6266
12.575 63.5743
12.58 55.702
12.585 46.5316
12.59 36.3506
12.595 25.427
12.6 14.3405
12.605 3.38851
12.61 -7.00052
12.615 -16.4499
12.62 -24.5444
12.625 -30.1606
12.63 -31.9761
12.635 -31.6719
12.64 -29.0671
12.645 -22.0514
12.65 -14.2598
12.655 -5.30875
12.66 4.23134
12.665 12.914
12.67 21.6287
12.675 29.5058
12.68 36.0886
12.685 34.9911
12.69 31.4688
12.695 29.5559
12.7 27.5111
12.705 25.4655
12.71 23.5094
12.715 21.4619
12.72 19.3821
12.725 17.1258
12.73 14.7957
12.735 12.4371
12.74 10.0712
12.745 7.64748
12.75 5.2962
12.755 3.18247
12.76 1.37113
12.765 -0.183648
12.77 -1.563
12.775 -2.84235
12.78 -3.98981
12.785 -4.82487
12.79 -5.08958
12.795 -4.62259
12.8 -3.49934
12.805 -1.8193
12.81 0.255592
12.815 2.76242
12.82 5.53894
12.825 8.41383
12.83 11.1919
12.835 13.6376
12.84 15.5852
12.845 16.9009
12.85 17.4437
12.855 17.0404
12.86 15.5235
12.865 13.289
12.87 10.1997
12.875 6.04212
12.88 0.752786
12.885 -5.64691
12.89 -12.9934
12.895 -21.0903
12.9 -29.7813
12.905 -29.2145
12.91 -30.8023
12.915 -32.3898
12.92 -34.0239
12.925 -35.565
12.93 -43.5026
12.935 -48.6431
12.94 -53.9084
12.945 -58.4474
12.95 -62.573
12.955 -66.3892
12.96 -69.8799
12.965 -72.955
12.97 -75.3842
12.975 -75.9133
12.98 -73.004
12.985 -69.8546
12.99 -64.3385
12.995 -57.6858
13 -50.3834
13.005 -42.6951
13.01 -34.9467
13.015 -27.4136
13.02 -20.3341
13.025 -13.817
13.03 -8.48976
13.035 -3.85857
13.04 -0.43346
13.045 2.21455
13.05 1.73703
13.055 -0.809607
13.06 -5.36976
13.065 -11.7015
13.07 -19.3822
13.075 -27.9647
13.08 -36.9276
13.085 -44.9566
13.09 -54.4107
13.095 -62.0594
13.1 -68.4014
13.105 -73.1586
13.11 -69.1114
13.115 -68.0967
13.12 -66.3518
13.125 -62.5822
13.13 -58.8552
13.135 -54.5901
13.14 -49.7259
13.145 -44.3104
13.15 -38.408
13.155 -31.9932
13.16 -25.1277
13.165 -18.1657
13.17 -11.2637
13.175 -4.50157
13.18 1.98465
13.185 7.9817
13.19 13.2898
13.195 17.7807
13.2 21.3738
13.205 24.0264
13.21 27.3749
13.215 29.5876
13.22 31.0347
13.225 31.7689
13.23 31.5129
13.235 30.2702
13.24 28.3706
13.245 25.9314
13.25 23.1331
13.255 20.1891
13.26 17.477
13.265 15.4026
13.27 14.2895
13.275 14.4953
13.28 15.3726
13.285 16.637
13.29 18.6897
13.295 21.5908
13.3 25.4031
13.305 30.0003
13.31 35.2421
13.315 40.896
13.32 46.7404
13.325 52.556
13.33 58.253
13.335 63.6786
13.34 68.7459
13.345 73.3458
13.35 77.3282
13.355 80.5208
13.36 82.7993
13.365 84.0474
13.37 84.1662
13.375 82.1989
13.38 77.6112
13.385 68.9617
13.39 57.351
13.395 44.9784
13.4 31.5141
13.405 18.4546
13.41 5.18463
13.415 -7.92133
13.42 -15.782
13.425 -24.517
13.43 -32.4188
13.435 -38.1303
13.44 -41.4713
13.445 -42.8707
13.45 -42.3661
13.455 -40.1429
13.46 -37.2665
13.465 -33.2846
13.47 -28.9009
13.475 -24.5727
13.48 -24.3559
13.485 -30.6459
13.49 -35.1995
13.495 -39.247
13.5 -42.7287
13.505 -45.7934
13.51 -48.3338
13.515 -50.2675
13.52 -51.5309
13.525 -52.0886
13.53 -51.9438
13.535 -51.0901
13.54 -49.6105
13.545 -46.8702
13.55 -43.4337
13.555 -39.1154
13.56 -34.2372
13.565 -27.1638
13.57 -17.5589
13.575 -9.72171
13.58 -2.25747
13.585 3.15989
13.59 8.56942
13.595 13.3227
13.6 17.1123
13.605 19.8033
13.61 21.0095
13.615 19.9546
13.62 17.3524
13.625 13.8622
13.63 9.38122
13.635 4.25236
13.64 -1.20995
13.645 -6.56939
13.65 -11.6239
13.655 -16.0574
13.66 -19.7106
13.665 -20.675
13.67 -20.7729
13.675 -19.9641
13.68 -18.3324
13.685 -14.5906
13.69 -10.8238
13.695 -6.83214
13.7 -2.38898
13.705 2.52371
13.71 8.15917
13.715 13.9267
13.72 19.5723
13.725 24.856
13.73 29.7329
13.735 34.2448
13.74 38.3836
13.745 42.0168
13.75 44.8555
13.755 46.9506
13.76 48.1567
13.765 48.5501
13.77 48.1038
13.775 46.8617
13.78 44.6989
13.785 41.5705
13.79 37.6908
13.795 33.2477
13.8 28.5564
13.805 23.6343
13.81 18.6875
13.815 13.7777
13.82 9.17513
13.825 4.7165
13.83 0.551438
13.835 -2.41518
13.84 -5.53555
13.845 -8.3646
13.85 -10.7572
13.855 -12.7302
13.86 -14.2004
13.865 -15.0716
13.87 -15.4818
13.875 -15.3291
13.88 -14.7903
13.885 -13.9984
13.89 -13.2941
13.895 -12.657
13.9 -12.1863
13.905 -11.8362
13.91 -11.6265
13.915 -11.7693
13.92 -12.19
13.925 -12.478
13.93 -13.0385
13.935 -13.806
13.94 -14.7706
13.945 -16.0142
13.95 -17.4232
13.955 -18.9445
13.96 -20.4729
13.965 -21.9384
13.97 -23.1941
13.975 -24.272
13.98 -25.1852
13.985 -25.7215
13.99 -25.8049
13.995 -25.2349
14 -23.9995
14.005 -22.0132
14.01 -19.6749
14.015 -17.059
14.02 -14.3819
14.025 -11.4802
14.03 -8.49679
14.035 -5.27144
14.04 -1.96025
14.045 1.39412
14.05 4.82401
14.055 8.12067
14.06 11.2992
14.065 14.2339
14.07 17.0654
14.075 19.5702
14.08 21.9222
14.085 24.1044
14.09 26.3082
14.095 28.4461
14.1 30.4323
14.105 32.2957
14.11 33.9427
14.115 35.3588
14.12 36.5866
14.125 37.7868
14.13 38.9966
14.135 40.3011
14.14 42.687
14.145 44.4207
14.15 45.8318
14.155 46.873
14.16 47.4616
14.165 47.6952
14.17 47.7038
14.175 47.4104
14.18 46.7017
14.185 45.7064
14.19 44.5277
14.195 43.1101
14.2 41.5297
14.205 39.6782
14.21 37.4875
14.215 34.9062
14.22 32.0779
14.225 29.1719
14.23 26.1699
14.235 23.1415
14.24 20.1701
14.245 17.3028
14.25 14.5142
14.255 11.8461
14.26 9.26297
14.265 6.81923
14.27 4.42131
14.275 2.07368
14.28 -0.222484
14.285 -2.32727
14.29 -4.21416
14.295 -4.53959
14.3 -5.24326
14.305 -5.61009
14.31 -5.67732
14.315 -5.49141
14.32 -5.14174
14.325 -4.5997
14.33 -3.87668
14.335 -3.11596
14.34 -2.38944
14.345 -1.8278
14.35 -1.28246
14.355 -0.702628
14.36 0.00429001
14.365 0.811361
14.37 1.71412
14.375 2.73671
14.38 4.00701
14.385 5.56477
14.39 7.3439
14.395 9.3203
14.4 11.3192
14.405 13.4248
14.41 15.5392
14.415 17.6113
14.42 19.561
14.425 21.3996
14.43 22.9622
14.435 24.234
14.44 25.2463
14.445 26.0036
14.45 26.5477
14.455 26.8711
14.46 27.1065
14.465 27.1496
14.47 27.034
14.475 26.6375
14.48 26.011
14.485 25.1555
14.49 24.09
14.495 22.8188
14.5 21.3654
14.505 19.8485
14.51 18.3415
14.515 16.9908
14.52 15.669
14.525 14.1985
14.53 12.2991
14.535 9.9256
14.54 7.10095
14.545 3.94221
14.55 0.519383
14.555 -3.38211
14.56 -7.76051
14.565 -12.7438
14.57 -18.3154
14.575 -23.1628
14.58 -28.9686
14.585 -35.2738
14.59 -41.9215
14.595 -48.7571
14.6 -55.4867
14.605 -61.892
14.61 -67.7733
14.615 -72.8964
14.62 -77.2757
14.625 -80.7982
14.63 -83.364
14.635 -84.8137
14.64 -85.1256
14.645 -84.4028
14.65 -82.7987
14.655 -80.4011
14.66 -77.1811
14.665 -72.492
14.67 -67.0479
14.675 -61.1071
14.68 -54.8476
14.685 -48.5916
14.69 -42.5848
14.695 -38.6376
14.7 -35.0959
14.705 -31.8811
14.71 -29.0493
14.715 -26.648
14.72 -24.767
14.725 -23.263
14.73 -22.0358
14.735 -20.8442
14.74 -19.0393
14.745 -17.2324
14.75 -15.197
14.755 -12.9129
14.76 -10.2228
14.765 -5.21571
14.77 -0.419717
14.775 4.19163
14.78 8.63723
14.785 12.7893
14.79 16.6677
14.795 20.2397
14.8 23.4014
14.805 26.522
14.81 29.4442
14.815 32.2368
14.82 34.9693
14.825 37.6542
14.83 40.1472
14.835 42.4501
14.84 44.4899
14.845 46.1499
14.85 47.4018
14.855 48.3315
14.86 48.9515
14.865 49.1775
14.87 48.9662
14.875 48.2539
14.88 47.1898
14.885 45.8391
14.89 44.2441
14.895 42.394
14.9 40.3043
14.905 37.9476
14.91 35.3626
14.915 32.5898
14.92 29.6481
14.925 26.6126
14.93 23.6207
14.935 20.8719
14.94 18.406
14.945 16.3054
14.95 14.4474
14.955 12.834
14.96 11.4924
14.965 10.4188
14.97 9.61168
14.975 8.93655
14.98 8.36526
14.985 7.86868
14.99 7.44351
14.995 6.98299
15 6.80759
15.005 6.50234
15.01 6.01689
15.015 5.3642
15.02 4.56561
15.025 3.47724
15.03 2.0365
15.035 0.22251
15.04 -1.96449
15.045 -4.45717
15.05 -7.29761
15.055 -10.3565
15.06 -13.5842
15.065 -16.9101
15.07 -20.3743
15.075 -23.8654
15.08 -27.2983
15.085 -30.5952
15.09 -33.59
15.095 -36.246
15.1 -38.5014
15.105 -40.3782
15.11 -41.8254
15.115 -42.8457
15.12 -43.4225
15.125 -43.6073
15.13 -43.5111
15.135 -43.1014
15.14 -42.4387
15.145 -41.463
15.15 -40.2966
15.155 -38.9799
15.16 -37.6446
15.165 -36.4225
15.17 -35.4242
15.175 -34.5392
15.18 -33.6193
15.185 -32.5826
15.19 -31.4779
15.195 -30.4831
15.2 -29.5069
15.205 -28.8384
15.21 -28.3326
15.215 -27.8116
15.22 -27.1346
15.225 -26.3489
15.23 -25.4936
15.235 -24.5123
15.24 -23.3475
15.245 -21.834
15.25 -20.0215
15.255 -17.9287
15.26 -15.7538
15.265 -13.5004
15.27 -10.6796
15.275 -8.13704
15.28 -5.7398
15.285 -3.6258
15.29 -1.79915
15.295 -0.241498
15.3 1.01324
15.305 1.95667
15.31 2.54564
15.315 2.63698
15.32 2.29471
15.325 1.58067
15.33 0.667668
15.335 -0.315502
15.34 -1.22934
15.345 -2.06034
15.35 -2.81913
15.355 -3.49135
15.36 -3.82324
15.365 -4.04947
15.37 -4.1004
15.375 -3.95017
15.38 -3.56197
15.385 -2.94637
15.39 -2.10338
15.395 -1.06666
15.4 0.176637
15.405 1.62744
15.41 3.20369
15.415 4.82211
15.42 6.38762
15.425 7.8003
15.43 9.15021
15.435 10.4723
15.44 11.7357
15.445 13.0154
15.45 14.3855
15.455 15.7105
15.46 16.8498
15.465 17.7723
15.47 18.5293
15.475 19.151
15.48 19.5411
15.485 19.6782
15.49 19.548
15.495 19.2034
15.5 18.6437
15.505 17.9139
15.51 16.9966
15.515 16.8184
15.52 16.1809
15.525 15.4782
15.53 14.5921
15.535 13.505
15.54 12.2783
15.545 11.0524
15.55 9.90605
15.555 8.87778
15.56 8.00172
15.565 7.23344
15.57 6.46798
15.575 5.63801
15.58 4.79364
15.585 3.9244
15.59 3.11994
15.595 2.33691
15.6 1.63026
15.605 0.882962
15.61 0.0986438
15.615 -0.899228
15.62 -2.11882
15.625 -3.58272
15.63 -5.16404
15.635 -7.07989
15.64 -9.35359
15.645 -12.0057
15.65 -15.0851
15.655 -18.519
15.66 -22.3705
15.665 -26.4757
15.67 -30.7955
15.675 -35.0727
15.68 -39.1757
15.685 -43.0209
15.69 -46.6559
15.695 -50.0063
15.7 -53.0663
15.705 -55.8097
15.71 -58.0807
15.715 -59.8643
15.72 -61.1939
15.725 -62.0623
15.73 -62.3226
15.735 -61.9638
15.74 -60.7776
15.745 -58.8174
15.75 -56.1749
15.755 -53.051
15.76 -49.4952
15.765 -45.6431
15.77 -41.5917
15.775 -37.3317
15.78 -32.8507
15.785 -28.1389
15.79 -23.3177
15.795 -18.5885
15.8 -14.1745
15.805 -10.0633
15.81 -6.3668
15.815 -2.96958
15.82 0.501025
15.825 3.68414
15.83 6.74721
15.835 9.67473
15.84 12.4761
15.845 15.1146
15.85 19.8955
15.855 24.574
15.86 28.9765
15.865 32.9183
15.87 37.7075
15.875 41.6246
15.88 44.9921
15.885 47.947
15.89 50.5455
15.895 52.6048
15.9 54.0702
15.905 54.9171
15.91 54.9684
15.915 53.7398
15.92 51.8021
15.925 49.2589
15.93 46.1711
15.935 42.6824
15.94 38.744
15.945 34.6722
15.95 30.4872
15.955 26.3458
15.96 22.2243
15.965 18.149
15.97 14.1437
15.975 10.3338
15.98 6.90033
15.985 3.8874
15.99 1.32402
15.995 0.237992
16 0.313399
16.005 1.54837
16.01 3.71072
16.015 6.64962
16.02 10.009
16.025 13.533
16.03 17.0198
16.035 20.3183
16.04 23.3154
16.045 25.9112
16.05 27.1909
16.055 28.3214
16.06 28.7331
16.065 28.4042
16.07 27.1414
16.075 25.3781
16.08 23.0592
16.085 19.7901
16.09 15.9213
16.095 11.4726
16.1 6.74741
16.105 1.97169
16.11 -2.63005
16.115 -6.00661
16.12 -9.5704
16.125 -12.5873
16.13 -14.9272
16.135 -16.4776
16.14 -17.1663
16.145 -17.1531
16.15 -16.5062
16.155 -15.2786
16.16 -13.5381
16.165 -11.2488
16.17 -8.638
16.175 -6.64935
16.18 -4.79472
16.185 -3.11628
16.19 -1.61538
16.195 -0.257735
16.2 0.836776
16.205 1.48113
16.21 1.82478
16.215 1.78595
16.22 1.56646
16.225 1.13963
16.23 0.486096
16.235 -0.449604
16.24 -1.69508
16.245 -3.15207
16.25 -4.65205
16.255 -5.31587
16.26 -6.07898
16.265 -6.53373
16.27 -6.65288
16.275 -6.15829
16.28 -5.06641
16.285 -3.33519
16.29 -1.13917
16.295 1.23395
16.3 3.73682
16.305 6.30604
16.31 8.99357
16.315 11.9232
16.32 15.3012
16.325 19.0664
16.33 23.156
16.335 27.2397
16.34 31.2369
16.345 34.9848
16.35 38.4811
16.355 41.6582
16.36 44.6035
16.365 47.414
16.37 49.9393
16.375 52.1722
16.38 54.1305
16.385 55.8911
16.39 57.3785
16.395 58.7032
16.4 59.7176
16.405 60.4882
16.41 60.8705
16.415 60.7082
16.42 59.8366
16.425 58.3404
16.43 56.524
16.435 54.5871
16.44 52.6905
16.445 50.7145
16.45 48.6938
16.455 46.4915
16.46 44.1902
16.465 41.6966
16.47 39.0843
16.475 36.3169
16.48 33.4113
16.485 30.4336
16.49 27.3634
16.495 24.2966
16.5 20.9672
16.505 17.5978
16.51 14.0381
16.515 10.2331
16.52 6.13754
16.525 1.83545
16.53 -2.69435
16.535 -7.48932
16.54 -12.631
16.545 -18.1758
16.55 -23.872
16.555 -29.7313
16.56 -35.7001
16.565 -41.7448
16.57 -47.5868
16.575 -52.9654
16.58 -57.735
16.585 -61.7462
16.59 -64.902
16.595 -67.0866
16.6 -68.3364
16.605 -68.6433
16.61 -68.0889
16.615 -66.618
16.62 -64.3399
16.625 -61.2854
16.63 -57.5602
16.635 -53.307
16.64 -48.6564
16.645 -43.8437
16.65 -39.088
16.655 -34.6527
16.66 -30.6045
16.665 -28.2216
16.67 -26.6566
16.675 -25.9978
16.68 -25.9714
16.685 -26.5791
16.69 -27.7179
16.695 -29.2053
16.7 -30.3466
16.705 -31.5631
16.71 -32.6819
16.715 -33.4868
16.72 -33.8448
16.725 -33.4409
16.73 -32.3744
16.735 -26.9573
16.74 -23.0594
16.745 -17.6386
16.75 -13.004
16.755 -8.56125
16.76 -4.37212
16.765 -0.547869
16.77 2.95131
16.775 6.11603
16.78 9.03277
16.785 11.5924
16.79 13.9452
16.795 15.975
16.8 17.6595
16.805 18.8556
16.81 19.6137
16.815 19.8906
16.82 19.8029
16.825 19.5698
16.83 19.2116
16.835 18.5254
16.84 17.4437
16.845 15.9752
16.85 14.0466
16.855 11.7966
16.86 9.20028
16.865 6.51118
16.87 3.78512
16.875 1.21615
16.88 -1.02651
16.885 -2.71045
16.89 -3.65357
16.895 -3.76
16.9 -2.79398
16.905 -1.04361
16.91 1.62796
16.915 5.13361
16.92 9.40715
16.925 14.3669
16.93 19.8047
16.935 25.443
16.94 31.1544
16.945 36.6222
16.95 41.5734
16.955 45.3979
16.96 48.0272
16.965 49.317
16.97 49.2264
16.975 50.7922
16.98 50.8417
16.985 49.6284
16.99 46.1664
16.995 41.2579
17 34.8884
17.005 27.1997
17.01 18.3427
17.015 8.72379
17.02 -1.29203
17.025 -11.3151
17.03 -20.2339
17.035 -29.1295
17.04 -37.5144
17.045 -45.1138
17.05 -49.057
17.055 -52.0621
17.06 -53.0337
17.065 -52.5999
17.07 -50.9475
17.075 -48.2066
17.08 -44.5879
17.085 -41.9521
17.09 -39.0835
17.095 -35.967
17.1 -32.6854
17.105 -29.3995
17.11 -26.286
17.115 -26.9737
17.12 -27.184
17.125 -27.3205
17.13 -27.3113
17.135 -27.239
17.14 -27.1709
17.145 -27.0535
17.15 -26.7073
17.155 -26.0835
17.16 -25.1282
17.165 -23.9937
17.17 -22.6095
17.175 -20.814
17.18 -18.7568
17.185 -16.4274
17.19 -13.8207
17.195 -11.6734
17.2 -9.67266
17.205 -7.90775
17.21 -6.38324
17.215 -4.98419
17.22 -3.72745
17.225 -2.63797
17.23 -1.68113
17.235 -0.848909
17.24 -0.105282
17.245 0.586817
17.25 2.87534
17.255 4.32894
17.26 5.70789
17.265 6.94997
17.27 8.0587
17.275 9.10108
17.28 10.1289
17.285 11.1876
17.29 12.3082
17.295 13.4152
17.3 14.4616
17.305 15.4021
17.31 16.2639
17.315 17.0223
17.32 17.6976
17.325 18.3241
17.33 18.9594
17.335 19.5889
17.34 20.2453
17.345 20.9271
17.35 21.7457
17.355 22.73
17.36 23.8098
17.365 24.8688
17.37 25.7773
17.375 26.5546
17.38 27.3524
17.385 28.3274
17.39 29.4943
17.395 30.7675
17.4 31.9491
17.405 32.9382
17.41 33.3122
17.415 33.2905
17.42 32.8506
17.425 32.0967
17.43 31.1319
17.435 30.0735
17.44 28.8822
17.445 27.4771
17.45 25.9396
17.455 24.9212
17.46 23.4848
17.465 21.8933
17.47 20.3137
17.475 18.7208
17.48 17.2205
17.485 15.7487
17.49 14.3682
17.495 12.8817
17.5 11.2966
17.505 9.62578
17.51 7.94103
17.515 6.32612
17.52 4.81751
17.525 3.42847
17.53 2.15018
17.535 1.15418
17.54 0.128258
17.545 -0.881461
17.55 -1.95495
17.555 -3.00465
17.56 -3.93053
17.565 -4.66299
17.57 -5.28413
17.575 -5.82378
17.58 -6.49166
17.585 -7.34266
17.59 -8.26633
17.595 -9.23027
17.6 -9.40562
17.605 -10.1773
17.61 -11.0793
17.615 -12.1975
17.62 -13.4169
17.625 -14.7644
17.63 -16.2752
17.635 -18.0809
17.64 -20.129
17.645 -22.4764
17.65 -25.2322
17.655 -28.1297
17.66 -31.1826
17.665 -34.0648
17.67 -36.6263
17.675 -38.8108
17.68 -40.6684
17.685 -42.2334
17.69 -43.5386
17.695 -44.3751
17.7 -44.5068
17.705 -44.0636
17.71 -43.0824
17.715 -41.6268
17.72 -39.657
17.725 -37.3916
17.73 -34.8019
17.735 -32.089
17.74 -29.3705
17.745 -26.732
17.75 -24.3127
17.755 -22.0743
17.76 -20.027
17.765 -17.9011
17.77 -15.6542
17.775 -13.3232
17.78 -11.1404
17.785 -9.21954
17.79 -7.66034
17.795 -6.29023
17.8 -5.05898
17.805 -3.84316
17.81 -2.57955
17.815 -1.2917
17.82 -0.00179628
17.825 1.13772
17.83 2.41433
17.835 3.86168
17.84 5.65153
17.845 7.68905
17.85 9.88772
17.855 12.026
17.86 13.9828
17.865 15.7858
17.87 17.5215
17.875 19.1767
17.88 20.5804
17.885 21.7736
17.89 22.6882
17.895 23.2924
17.9 23.5319
17.905 23.4733
17.91 23.113
17.915 22.4549
17.92 21.4847
17.925 20.2389
17.93 18.72
17.935 16.866
17.94 14.8223
17.945 12.5844
17.95 10.1176
17.955 7.43876
17.96 4.66801
17.965 1.82558
17.97 -1.08479
17.975 -4.06069
17.98 -7.02557
17.985 -9.68954
17.99 -12.3173
17.995 -14.7188
18 -16.9252
18.005 -18.8134
18.01 -20.3817
18.015 -21.5736
18.02 -22.6735
18.025 -23.6839
18.03 -23.7109
18.035 -24.0413
18.04 -24.3136
18.045 -24.4766
18.05 -24.4617
18.055 -24.3431
18.06 -23.9599
18.065 -23.3688
18.07 -22.666
18.075 -21.9156
18.08 -21.0436
18.085 -20.1388
18.09 -19.3196
18.095 -18.5135
18.1 -17.5229
18.105 -16.4858
18.11 -15.3928
18.115 -14.2547
18.12 -12.9888
18.125 -11.6403
18.13 -10.2261
18.135 -8.68542
18.14 -6.96032
18.145 -4.91004
18.15 -2.48108
18.155 0.319599
18.16 3.3514
18.165 6.46822
18.17 9.53533
18.175 12.5719
18.18 15.5912
18.185 18.6236
18.19 21.657
18.195 24.5759
18.2 27.3464
18.205 29.8639
18.21 32.1166
18.215 34.1788
18.22 36.1428
18.225 37.9043
18.23 39.3776
18.235 40.4084
18.24 41.1026
18.245 41.5712
18.25 41.8807
18.255 42.127
18.26 42.3756
18.265 42.6036
18.27 42.7344
18.275 42.7981
18.28 42.779
18.285 42.6809
18.29 42.4164
18.295 42.0161
18.3 41.4157
18.305 40.6632
18.31 39.77
18.315 38.8417
18.32 37.8315
18.325 36.734
18.33 35.5894
18.335 34.3826
18.34 33.0613
18.345 31.6007
18.35 29.9792
18.355 28.1459
18.36 26.1052
18.365 24.0031
18.37 21.7854
18.375 19.4254
18.38 17.0458
18.385 14.6932
18.39 12.3402
18.395 9.98144
18.4 8.89104
18.405 7.19143
18.41 5.50303
18.415 3.88921
18.42 2.29987
18.425 0.723974
18.43 -0.833918
18.435 -2.38901
18.44 -3.9484
18.445 -5.41512
18.45 -6.73668
18.455 -7.86522
18.46 -8.79001
18.465 -9.51832
18.47 -10.107
18.475 -10.5947
18.48 -11.0008
18.485 -11.309
18.49 -11.4339
18.495 -11.3707
18.5 -11.1771
18.505 -10.8433
18.51 -10.4076
18.515 -9.95851
18.52 -9.59493
18.525 -9.41202
18.53 -9.43694
18.535 -9.60914
18.54 -9.85242
18.545 -10.2119
18.55 -10.7718
18.555 -11.6607
18.56 -12.9626
18.565 -14.7609
18.57 -17.1544
18.575 -19.9975
18.58 -23.078
18.585 -26.156
18.59 -29.1619
18.595 -32.0834
18.6 -33.8662
18.605 -35.8009
18.61 -37.5531
18.615 -38.9058
18.62 -39.734
18.625 -40.0587
18.63 -40.0273
18.635 -39.7649
18.64 -39.3045
18.645 -38.6089
18.65 -37.4882
18.655 -36.1543
18.66 -34.6505
18.665 -33.102
18.67 -31.6657
18.675 -30.4146
18.68 -29.3652
18.685 -28.8154
18.69 -28.5514
18.695 -28.6118
18.7 -28.9682
18.705 -29.5758
18.71 -30.3779
18.715 -31.3309
18.72 -32.057
18.725 -32.9026
18.73 -33.6557
18.735 -34.1607
18.74 -34.2828
18.745 -34.0245
18.75 -33.325
18.755 -30.0508
18.76 -27.407
18.765 -24.8341
18.77 -22.3378
18.775 -19.8731
18.78 -17.442
18.785 -15.0532
18.79 -12.2345
18.795 -9.65817
18.8 -7.35231
18.805 -5.39703
18.81 -3.8547
18.815 -2.67206
18.82 -1.8138
18.825 -1.24097
18.83 -1.06065
18.835 -1.2815
18.84 -1.96629
18.845 -3.06445
18.85 -4.44833
18.855 -5.96523
18.86 -7.53555
18.865 -9.1144
18.87 -10.7167
18.875 -12.0851
18.88 -13.3043
18.885 -15.9467
18.89 -16.6739
18.895 -17.0078
18.9 -16.8081
18.905 -15.994
18.91 -14.4465
18.915 -12.1087
18.92 -8.9967
18.925 -5.12584
18.93 -0.456593
18.935 4.80223
18.94 10.5398
18.945 16.5953
18.95 22.762
18.955 28.8502
18.96 34.4982
18.965 39.5281
18.97 43.8828
18.975 47.435
18.98 50.0145
18.985 51.6153
18.99 52.2058
18.995 58.927
19 61.9588
19.005 64.02
19.01 64.912
19.015 64.6435
19.02 62.9899
19.025 59.9861
19.03 55.9034
19.035 50.9841
19.04 45.4286
19.045 39.2939
19.05 32.9632
19.055 26.6912
19.06 20.807
19.065 15.4547
19.07 10.7635
19.075 6.75469
19.08 3.99705
19.085 1.64508
19.09 -0.0489443
19.095 -1.84088
19.1 -2.37631
19.105 -1.99838
19.11 -0.913565
19.115 0.412116
19.12 2.52691
19.125 5.74468
19.13 9.85232
19.135 14.5781
19.14 19.6029
19.145 24.7163
19.15 29.6703
19.155 34.2398
19.16 38.2065
19.165 41.2441
19.17 43.364
19.175 44.225
19.18 42.6814
19.185 40.7273
19.19 37.9957
19.195 34.5721
19.2 32.2154
19.205 29.4959
19.21 26.4175
19.215 23.1334
19.22 19.7629
19.225 16.4355
19.23 13.1169
19.235 9.84924
19.24 6.70556
19.245 3.85434
19.25 1.38272
19.255 -0.571404
19.26 -1.94825
19.265 -2.78147
19.27 -3.19941
19.275 -3.27395
19.28 -2.97006
19.285 -2.36338
19.29 -1.46462
19.295 -2.14884
19.3 -1.64364
19.305 -0.668248
19.31 0.690158
19.315 2.30803
19.32 4.02932
19.325 5.76284
19.33 7.45635
19.335 9.16055
19.34 10.7912
19.345 12.3517
19.35 13.7013
19.355 14.6975
19.36 15.0761
19.365 14.4808
19.37 12.7743
19.375 9.66258
19.38 5.30727
19.385 -0.420875
19.39 -7.45574
19.395 -13.1316
19.4 -20.2605
19.405 -27.9922
19.41 -36.1254
19.415 -44.4047
19.42 -52.6378
19.425 -60.0202
19.43 -66.7606
19.435 -60.2939
19.44 -62.9492
19.445 -64.0253
19.45 -64.9607
19.455 -65.8385
19.46 -66.6689
19.465 -67.428
19.47 -68.1047
19.475 -68.6981
19.48 -69.1621
19.485 -69.5194
19.49 -69.8353
19.495 -70.1683
19.5 -70.4905
19.505 -67.7231
19.51 -64.1758
19.515 -59.4809
19.52 -52.5113
19.525 -42.6026
19.53 -33.3744
19.535 -27.1871
19.54 -19.7458
19.545 -12.4646
19.55 -5.69661
19.555 0.382859
19.56 5.64369
19.565 10.1151
19.57 12.6547
19.575 13.398
19.58 12.5411
19.585 10.6604
19.59 7.62354
19.595 3.74117
19.6 -0.662957
19.605 -5.25266
19.61 -9.70367
19.615 -13.7465
19.62 -13.8657
19.625 -14.8759
19.63 -8.21312
19.635 -5.08384
19.64 -1.97621
19.645 1.10086
19.65 4.1179
19.655 6.98197
19.66 9.6081
19.665 11.9283
19.67 13.8765
19.675 15.4157
19.68 16.5155
19.685 17.2118
19.69 17.5752
19.695 17.7046
19.7 17.5712
19.705 17.052
19.71 16.1831
19.715 15.0097
19.72 13.5991
19.725 12.0311
19.73 10.3629
19.735 8.61586
19.74 6.80166
19.745 4.95776
19.75 3.17673
19.755 2.39491
19.76 2.04634
19.765 2.34371
19.77 3.30872
19.775 4.90742
19.78 7.15415
19.785 10.0586
19.79 13.232
19.795 16.656
19.8 20.2298
19.805 23.8605
19.81 27.442
19.815 30.8664
19.82 33.6987
19.825 36.5957
19.83 39.5258
19.835 42.3961
19.84 45.0734
19.845 47.4527
19.85 49.4405
19.855 50.9243
19.86 51.7964
19.865 51.9096
19.87 51.2159
19.875 49.7356
19.88 47.5407
19.885 44.6853
19.89 40.4187
19.895 35.1536
19.9 28.9705
19.905 22.0402
19.91 14.6213
19.915 7.03975
19.92 -0.0811705
19.925 -6.76776
19.93 -12.8622
19.935 -18.2346
19.94 -22.7863
19.945 -24.3425
19.95 -24.6024
19.955 -23.7088
19.96 -21.6231
19.965 -18.5323
19.97 -14.6712
19.975 -10.7659
19.98 -6.36897
19.985 -1.92379
19.99 2.26593
19.995 5.96969
20 9.01034
20.005 9.96514
20.01 10.4624
20.015 7.92958
20.02 6.06116
20.025 4.09034
20.03 2.07074
20.035 0.0472399
20.04 -1.89048
20.045 -3.68309
20.05 -5.69852
20.055 -7.67066
20.06 -9.66712
20.065 -11.6961
20.07 -13.699
20.075 -15.5985
20.08 -17.3402
20.085 -18.8815
20.09 -20.2121
20.095 -21.3402
20.1 -22.2881
20.105 -23.028
20.11 -23.5341
20.115 -23.8188
20.12 -23.8837
20.125 -23.723
20.13 -23.3251
20.135 -22.6608
20.14 -21.7009
20.145 -20.4492
20.15 -18.843
20.155 -16.9616
20.16 -14.9116
20.165 -12.743
20.17 -10.4814
20.175 -8.14724
20.18 -5.76675
20.185 -3.40884
20.19 -1.16182
20.195 0.899284
20.2 2.72233
20.205 4.38224
20.21 5.82397
20.215 7.05438
20.22 8.06676
20.225 8.85085
20.23 9.39713
20.235 9.68197
20.24 9.68021
20.245 9.39265
20.25 8.82772
20.255 8.01909
20.26 7.00857
20.265 5.82747
20.27 4.34471
20.275 2.69295
20.28 0.913307
20.285 -0.931263
20.29 -2.77973
20.295 -4.57928
20.3 -6.28783
20.305 -7.86352
20.31 -9.26391
20.315 -10.3127
20.32 -10.8703
20.325 -10.9917
20.33 -10.6979
20.335 -10.0192
20.34 -8.99668
20.345 -7.85059
20.35 -6.47056
20.355 -5.00072
20.36 -3.50738
20.365 -2.04979
20.37 -0.751622
20.375 0.396837
20.38 1.34114
20.385 2.04478
20.39 2.49451
20.395 2.69115
20.4 2.86195
20.405 2.92137
20.41 2.87726
20.415 2.73176
20.42 2.48582
20.425 2.15312
20.43 1.74229
20.435 1.26803
20.44 0.750282
20.445 0.214853
20.45 -0.319534
20.455 -0.828555
20.46 -1.28975
20.465 -1.68396
20.47 -1.99918
20.475 -2.22727
20.48 -2.36664
20.485 -2.41246
20.49 -2.35996
20.495 -2.2047
20.5 -1.94152
20.505 -1.57014
20.51 -1.09403
20.515 -0.519036
20.52 0.146921
20.525 0.890472
20.53 1.69737
20.535 2.74393
20.54 3.83161
20.545 4.959
20.55 6.08515
20.555 7.17374
20.56 8.18937
20.565 9.10044
20.57 9.88106
20.575 10.514
20.58 10.9877
20.585 11.3009
20.59 11.4535
20.595 11.4539
20.6 11.3128
20.605 11.1076
20.61 10.8387
20.615 10.5228
20.62 10.1761
20.625 9.81258
20.63 9.43481
20.635 9.04779
20.64 8.66383
20.645 8.28857
20.65 7.92628
20.655 7.5787
20.66 7.24736
20.665 6.93265
20.67 6.63423
20.675 6.35277
20.68 6.08838
20.685 5.84128
20.69 5.59286
20.695 5.334
20.7 5.06728
20.705 4.79216
20.71 4.54778
20.715 4.34817
20.72 4.17362
20.725 4.01509
20.73 3.86203
20.735 3.70255
20.74 3.52433
20.745 3.31528
20.75 3.06476
20.755 2.76371
20.76 2.48778
20.765 2.12083
20.77 1.68553
20.775 1.18145
20.78 0.611462
20.785 -0.0178511
20.79 -0.696933
20.795 -1.41043
20.8 -2.14039
20.805 -2.87011
20.81 -3.58294
20.815 -4.26312
20.82 -4.89666
20.825 -5.47176
20.83 -5.97947
20.835 -6.41379
20.84 -6.77179
20.845 -7.05366
20.85 -7.26238
20.855 -7.40353
20.86 -7.48484
20.865 -7.45868
20.87 -7.44438
20.875 -7.41963
20.88 -7.39091
20.885 -7.33793
20.89 -7.2879
20.895 -7.24088
20.9 -7.20132
20.905 -7.1726
20.91 -7.15704
20.915 -7.15574
20.92 -7.16874
20.925 -7.19493
20.93 -7.23221
20.935 -7.2775
20.94 -7.32681
20.945 -7.37548
20.95 -7.4183
20.955 -7.44965
20.96 -7.46376
20.965 -7.45481
20.97 -7.41719
20.975 -6.3296
