0.005 -0.490859
0.01 -0.487637
0.015 -0.484737
0.02 -0.482057
0.025 -0.479781
0.03 -0.47757
0.035 -0.475524
0.04 -0.47366
0.045 -0.471867
0.05 -0.469895
0.055 -0.467494
0.06 -0.465472
0.065 -0.464413
0.07 -0.463692
0.075 -0.463731
0.08 -0.462796
0.085 -0.459208
0.09 -0.45113
0.095 -0.438923
0.1 -0.418717
0.105 -0.389081
0.11 -0.349779
0.115 -0.301163
0.12 -0.24784
0.125 -0.188805
0.13 -0.131074
0.135 -0.0755288
0.14 -0.0212909
0.145 0.0262945
0.15 0.067444
0.155 0.0870834
0.16 0.0763585
0.165 0.0207993
0.17 -0.0926051
0.175 -0.246092
0.18 -0.395461
0.185 -0.528436
0.19 -0.63571
0.195 -0.685959
0.2 -0.652357
0.205 -0.524662
0.21 -0.353116
0.215 -0.215466
0.22 -0.131014
0.225 -0.0854934
0.23 -0.0543296
0.235 -0.0236316
0.24 0.00913898
0.245 0.0447958
0.25 0.0637582
0.255 0.0628291
0.26 0.0572802
0.265 0.0772274
0.27 0.11397
0.275 0.152837
0.28 0.197681
0.285 0.243341
0.29 0.306376
0.295 0.374174
0.3 0.420726
0.305 0.433119
0.31 0.404845
0.315 0.330941
0.32 0.189148
0.325 -0.0259723
0.33 -0.306267
0.335 -0.619054
0.34 -0.910073
0.345 -1.13075
0.35 -1.25198
0.355 -1.28544
0.36 -1.25275
0.365 -1.22543
0.37 -1.22991
0.375 -1.29571
0.38 -1.43821
0.385 -1.63552
0.39 -1.87083
0.395 -2.08004
0.4 -2.22241
0.405 -2.25411
0.41 -2.18587
0.415 -2.02443
0.42 -1.79619
0.425 -1.53885
0.43 -1.26859
0.435 -1.0537
0.44 -0.888723
0.445 -0.748893
0.45 -0.568198
0.455 -0.369091
0.46 -0.175017
0.465 -0.0283918
0.47 0.0301758
0.475 0.0721907
0.48 0.110522
0.485 0.220283
0.49 0.37979
0.495 0.501353
0.5 0.539161
0.505 0.471469
0.51 0.315295
0.515 0.0791957
0.52 -0.166431
0.525 -0.379488
0.53 -0.533105
0.535 -0.645155
0.54 -0.710846
0.545 -0.698354
0.55 -0.611544
0.555 -0.473369
0.56 -0.328906
0.565 -0.206445
0.57 -0.0988111
0.575 0.00636304
0.58 0.134149
0.585 0.289195
0.59 0.454832
0.595 0.603126
0.6 0.753514
0.605 0.900625
0.61 1.02012
0.615 1.10231
0.62 1.13395
0.625 1.17715
0.63 1.27743
0.635 1.42658
0.64 1.54722
0.645 1.55678
0.65 1.42345
0.655 1.11098
0.66 0.601987
0.665 -0.130978
0.67 -0.999346
0.675 -1.91165
0.68 -2.76932
0.685 -3.51028
0.69 -4.1541
0.695 -4.68739
0.7 -5.09254
0.705 -5.33455
0.71 -5.44
0.715 -5.35876
0.72 -5.06387
0.725 -4.56094
0.73 -3.78649
0.735 -2.72323
0.74 -1.41682
0.745 0.0279099
0.75 1.47011
0.755 2.71651
0.76 3.65869
0.765 4.30392
0.77 4.61976
0.775 4.66871
0.78 4.47851
0.785 4.00407
0.79 3.21448
0.795 2.14306
0.8 0.968687
0.805 -0.122101
0.81 -0.917637
0.815 -1.38167
0.82 -1.43437
0.825 -1.11989
0.83 -0.692189
0.835 -0.211418
0.84 0.314538
0.845 0.932842
0.85 1.61291
0.855 2.28796
0.86 3.00652
0.865 3.67308
0.87 4.36076
0.875 4.96874
0.88 5.43419
0.885 5.85931
0.89 6.21484
0.895 6.45337
0.9 6.47619
0.905 6.33918
0.91 6.09006
0.915 5.73501
0.92 5.23371
0.925 4.46465
0.93 3.48256
0.935 2.38562
0.94 1.27833
0.945 0.182952
0.95 -0.924432
0.955 -1.97512
0.96 -2.99191
0.965 -3.90184
0.97 -4.79034
0.975 -5.62941
0.98 -6.42942
0.985 -7.2489
0.99 -8.09465
0.995 -9.02102
1 -9.98658
1.005 -11.0343
1.01 -12.1592
1.015 -13.3358
1.02 -14.5889
1.025 -15.7633
1.03 -16.7039
1.035 -17.1422
1.04 -17.005
1.045 -16.3003
1.05 -15.1033
1.055 -13.6739
1.06 -12.1095
1.065 -10.5028
1.07 -8.92482
1.075 -7.34812
1.08 -5.81195
1.085 -4.13984
1.09 -2.23434
1.095 -0.0350205
1.1 2.27401
1.105 4.51744
1.11 6.63602
1.115 8.51327
1.12 10.0601
1.125 11.1188
1.13 11.6225
1.135 11.7214
1.14 11.7194
1.145 11.8013
1.15 12.0567
1.155 12.576
1.16 13.2281
1.165 13.8646
1.17 14.3522
1.175 14.5825
1.18 14.4788
1.185 13.9391
1.19 12.991
1.195 11.6757
1.2 10.2035
1.205 8.76816
1.21 7.57964
1.215 6.80749
1.22 6.47556
1.225 6.51895
1.23 6.8288
1.235 7.34553
1.24 8.00334
1.245 8.66673
1.25 9.27432
1.255 9.68492
1.26 9.88193
1.265 9.72575
1.27 9.10394
1.275 8.10081
1.28 6.77402
1.285 5.17003
1.29 3.15561
1.295 0.766461
1.3 -1.91049
1.305 -4.79601
1.31 -7.85145
1.315 -11.0133
1.32 -14.0343
1.325 -16.8253
1.33 -19.3681
1.335 -21.5511
1.34 -23.4087
1.345 -24.9974
1.35 -26.3647
1.355 -27.5126
1.36 -28.4208
1.365 -29.052
1.37 -29.3364
1.375 -29.3064
1.38 -28.9057
1.385 -28.195
1.39 -27.0242
1.395 -25.3173
1.4 -23.1013
1.405 -20.5485
1.41 -17.9284
1.415 -15.3324
1.42 -12.8794
1.425 -10.5722
1.43 -8.3479
1.435 -6.17376
1.44 -4.05157
1.445 -2.02767
1.45 -0.123298
1.455 1.70059
1.46 3.49287
1.465 5.33004
1.47 7.17639
1.475 9.01927
1.48 10.7874
1.485 12.5532
1.49 14.2752
1.495 15.8777
1.5 17.369
1.505 18.7346
1.51 19.8901
1.515 20.773
1.52 21.3981
1.525 21.8039
1.53 22.095
1.535 22.3738
1.54 22.6521
1.545 22.9045
1.55 22.9399
1.555 22.7326
1.56 22.3074
1.565 21.7298
1.57 20.943
1.575 19.973
1.58 18.8836
1.585 17.6331
1.59 16.2418
1.595 14.8237
1.6 13.5237
1.605 12.351
1.61 11.3635
1.615 10.4969
1.62 9.62794
1.625 8.7893
1.63 8.05807
1.635 7.58213
1.64 7.23021
1.645 6.90444
1.65 6.5445
1.655 6.00643
1.66 5.19293
1.665 3.98714
1.67 2.34813
1.675 0.228907
1.68 -2.26966
1.685 -4.95802
1.69 -7.74551
1.695 -10.5958
1.7 -13.4382
1.705 -16.0416
1.71 -18.304
1.715 -20.108
1.72 -21.3591
1.725 -22.0577
1.73 -22.2564
1.735 -22.0099
1.74 -21.332
1.745 -20.3435
1.75 -19.1769
1.755 -17.9828
1.76 -16.7955
1.765 -15.7047
1.77 -14.8309
1.775 -14.2533
1.78 -14.1316
1.785 -14.3705
1.79 -14.8316
1.795 -15.3005
1.8 -15.6124
1.805 -15.5916
1.81 -15.0931
1.815 -14.0989
1.82 -12.7
1.825 -11.0728
1.83 -9.2294
1.835 -7.29663
1.84 -5.38048
1.845 -3.57295
1.85 -1.94135
1.855 -0.569056
1.86 0.49433
1.865 1.17396
1.87 1.34638
1.875 1.03574
1.88 0.299333
1.885 -0.64019
1.89 -1.49257
1.895 -2.07289
1.9 -2.30131
1.905 -2.10797
1.91 -1.41151
1.915 -0.240539
1.92 1.35171
1.925 3.25033
1.93 5.40843
1.935 7.82709
1.94 10.6086
1.945 13.7225
1.95 16.9646
1.955 20.1745
1.96 23.1088
1.965 25.6045
1.97 27.5572
1.975 28.8808
1.98 29.4861
1.985 29.3666
1.99 28.687
1.995 27.606
2 26.2603
2.005 24.6111
2.01 22.6421
2.015 20.343
2.02 17.802
2.025 15.3079
2.03 13.0991
2.035 11.2346
2.04 9.71955
2.045 8.52568
2.05 7.64757
2.055 7.16718
2.06 6.99878
2.065 7.03767
2.07 7.16835
2.075 7.23715
2.08 7.17386
2.085 6.9962
2.09 6.80492
2.095 6.56896
2.1 6.26559
2.105 5.82658
2.11 5.19955
2.115 4.32835
2.12 3.12725
2.125 1.63133
2.13 -0.133676
2.135 -2.11085
2.14 -4.20816
2.145 -6.24334
2.15 -8.13586
2.155 -9.90789
2.16 -11.5717
2.165 -13.0946
2.17 -14.4847
2.175 -15.9359
2.18 -17.5722
2.185 -19.4489
2.19 -21.5272
2.195 -23.6832
2.2 -25.7468
2.205 -27.5517
2.21 -28.9546
2.215 -29.8108
2.22 -30.0697
2.225 -29.7898
2.23 -29.2024
2.235 -28.4775
2.24 -27.6893
2.245 -26.9116
2.25 -26.1294
2.255 -25.2707
2.26 -24.1032
2.265 -22.5994
2.27 -20.694
2.275 -18.2678
2.28 -15.3417
2.285 -11.9628
2.29 -8.33686
2.295 -4.79442
2.3 -1.62513
2.305 1.06398
2.31 3.04011
2.315 4.41046
2.32 5.44964
2.325 6.34187
2.33 7.19407
2.335 8.07437
2.34 9.07179
2.345 10.2181
2.35 11.6973
2.355 13.5025
2.36 15.5378
2.365 17.821
2.37 20.3202
2.375 22.9341
2.38 25.4264
2.385 27.6585
2.39 29.3605
2.395 30.4076
2.4 30.7643
2.405 30.548
2.41 30.0032
2.415 29.2432
2.42 28.3468
2.425 27.302
2.43 26.1521
2.435 24.9049
2.44 23.6605
2.445 22.5484
2.45 21.6889
2.455 21.1872
2.46 21.0625
2.465 21.4063
2.47 22.0432
2.475 22.7329
2.48 23.4088
2.485 23.8616
2.49 23.8767
2.495 23.2826
2.5 22.0106
2.505 20.0128
2.51 17.358
2.515 14.098
2.52 10.3999
2.525 6.3604
2.53 2.08686
2.535 -2.25535
2.54 -6.48656
2.545 -10.3626
2.55 -13.7517
2.555 -16.64
2.56 -18.9842
2.565 -20.7704
2.57 -21.9507
2.575 -22.552
2.58 -22.5443
2.585 -21.9888
2.59 -21.0081
2.595 -19.6341
2.6 -18.1419
2.605 -16.6352
2.61 -15.1261
2.615 -13.5441
2.62 -11.8135
2.625 -9.87954
2.63 -7.77746
2.635 -5.68315
2.64 -3.80775
2.645 -2.41301
2.65 -1.5211
2.655 -1.17687
2.66 -1.36712
2.665 -1.97904
2.67 -2.97798
2.675 -4.32948
2.68 -6.034
2.685 -7.87188
2.69 -9.70087
2.695 -11.577
2.7 -13.3251
2.705 -14.8189
2.71 -15.87
2.715 -16.4806
2.72 -16.5048
2.725 -16.0914
2.73 -15.3457
2.735 -14.2333
2.74 -12.9842
2.745 -11.6172
2.75 -10.0681
2.755 -8.23187
2.76 -6.168
2.765 -4.05146
2.77 -1.98536
2.775 -0.163047
2.78 1.33505
2.785 2.48253
2.79 3.38537
2.795 4.21182
2.8 5.071
2.805 6.09938
2.81 7.32459
2.815 8.63354
2.82 9.926
2.825 11.1403
2.83 12.123
2.835 12.8368
2.84 13.1265
2.845 12.9352
2.85 12.3244
2.855 11.2974
2.86 9.86769
2.865 8.09799
2.87 6.13698
2.875 4.05843
2.88 1.9517
2.885 -0.121483
2.89 -2.22196
2.895 -4.2525
2.9 -6.0369
2.905 -7.26556
2.91 -7.64152
2.915 -7.03685
2.92 -5.54761
2.925 -3.3982
2.93 -0.847837
2.935 1.73272
2.94 4.12533
2.945 6.0873
2.95 7.6031
2.955 8.82704
2.96 9.93458
2.965 11.0517
2.97 12.2046
2.975 13.4697
2.98 14.8314
2.985 16.1464
2.99 17.2044
2.995 17.8725
3 18.1383
3.005 18.0656
3.01 17.7815
3.015 17.3636
3.02 16.8394
3.025 16.1161
3.03 15.0625
3.035 13.579
3.04 11.7593
3.045 9.80723
3.05 7.81479
3.055 5.81711
3.06 3.69936
3.065 1.35079
3.07 -1.30913
3.075 -4.32131
3.08 -7.63058
3.085 -11.1332
3.09 -14.6151
3.095 -17.8523
3.1 -20.6197
3.105 -22.7734
3.11 -24.2925
3.115 -25.2208
3.12 -25.7063
3.125 -25.8646
3.13 -25.757
3.135 -25.3828
3.14 -24.7987
3.145 -24.0037
3.15 -22.9633
3.155 -21.5836
3.16 -19.8044
3.165 -17.6582
3.17 -15.2706
3.175 -12.8379
3.18 -10.6059
3.185 -8.89153
3.19 -7.84151
3.195 -7.48529
3.2 -7.71967
3.205 -8.38425
3.21 -9.21614
3.215 -9.93273
3.22 -10.4173
3.225 -10.6361
3.23 -10.6191
3.235 -10.3576
3.24 -9.89317
3.245 -9.21009
3.25 -8.38788
3.255 -7.58106
3.26 -6.9425
3.265 -6.59623
3.27 -6.55386
3.275 -6.81792
3.28 -7.33536
3.285 -7.97614
3.29 -8.56715
3.295 -9.01864
3.3 -9.21517
3.305 -8.98516
3.31 -8.23322
3.315 -6.99284
3.32 -5.40721
3.325 -3.53724
3.33 -1.41642
3.335 0.963905
3.34 3.59687
3.345 6.44665
3.35 9.41064
3.355 12.4963
3.36 15.7624
3.365 19.1177
3.37 22.5369
3.375 25.8617
3.38 28.9281
3.385 31.5868
3.39 33.8713
3.395 35.7824
3.4 37.2258
3.405 38.1042
3.41 38.3846
3.415 38.3208
3.42 37.9
3.425 37.1956
3.43 36.1684
3.435 34.7016
3.44 32.7685
3.445 30.3201
3.45 27.4727
3.455 24.3252
3.46 21.0451
3.465 17.5808
3.47 13.9411
3.475 10.0668
3.48 5.94446
3.485 1.75154
3.49 -2.49889
3.495 -6.72622
3.5 -10.9473
3.505 -14.9686
3.51 -18.7032
3.515 -22.1515
3.52 -25.2879
3.525 -28.185
3.53 -30.8463
3.535 -33.3719
3.54 -35.5959
3.545 -37.504
3.55 -39.043
3.555 -40.3975
3.56 -41.452
3.565 -42.1778
3.57 -42.535
3.575 -42.3263
3.58 -41.626
3.585 -40.4322
3.59 -38.9938
3.595 -37.2863
3.6 -35.4457
3.605 -33.5852
3.61 -31.8156
3.615 -30.4521
3.62 -29.3763
3.625 -28.5668
3.63 -27.6541
3.635 -26.634
3.64 -25.5568
3.645 -24.287
3.65 -22.8764
3.655 -21.2805
3.66 -19.4918
3.665 -17.3879
3.67 -15.0486
3.675 -12.3608
3.68 -9.31555
3.685 -5.77468
3.69 -1.59869
3.695 3.27004
3.7 8.73188
3.705 14.6927
3.71 21.0635
3.715 27.4935
3.72 33.964
3.725 40.273
3.73 46.4468
3.735 52.3802
3.74 57.8617
3.745 62.8782
3.75 67.2513
3.755 71.2761
3.76 74.9959
3.765 78.4778
3.77 81.6269
3.775 84.1716
3.78 86.2495
3.785 87.7427
3.79 88.7188
3.795 89.1701
3.8 89.2092
3.805 88.9066
3.81 88.2913
3.815 87.3911
3.82 86.0674
3.825 84.4788
3.83 82.3144
3.835 79.5573
3.84 75.9405
3.845 71.2359
3.85 65.4388
3.855 58.4221
3.86 50.444
3.865 41.5467
3.87 32.0265
3.875 21.9371
3.88 11.2394
3.885 0.0855118
3.89 -11.4004
3.895 -22.8296
3.9 -30.7579
3.905 -38.9708
3.91 -46.762
3.915 -54.2339
3.92 -61.6465
3.925 -69.0038
3.93 -76.0192
3.935 -81.5914
3.94 -87.035
3.945 -91.8906
3.95 -95.9775
3.955 -99.2604
3.96 -101.665
3.965 -103.146
3.97 -103.836
3.975 -103.836
3.98 -103.432
3.985 -102.772
3.99 -102.092
3.995 -101.613
4 -101.561
4.005 -102.147
4.01 -103.407
4.015 -105.264
4.02 -107.392
4.025 -109.488
4.03 -111.306
4.035 -111.796
4.04 -110.972
4.045 -108.42
4.05 -104.003
4.055 -97.543
4.06 -89.0169
4.065 -78.4349
4.07 -65.8163
4.075 -51.5329
4.08 -35.8286
4.085 -19.0847
4.09 -1.61302
4.095 16.2457
4.1 33.9899
4.105 45.2962
4.11 58.2277
4.115 75.0513
4.12 89.8248
4.125 103.293
4.13 110.28
4.135 117.506
4.14 122.778
4.145 121.752
4.15 120.507
4.155 117.207
4.16 112.051
4.165 105.334
4.17 97.2741
4.175 88.2587
4.18 78.6804
4.185 69.0566
4.19 59.7369
4.195 50.9216
4.2 42.797
4.205 35.4723
4.21 29.1099
4.215 23.7937
4.22 19.6571
4.225 16.589
4.23 14.6438
4.235 13.7854
4.24 13.9493
4.245 15.0892
4.25 17.0847
4.255 18.8847
4.26 20.5214
4.265 22.0275
4.27 23.1855
4.275 23.9086
4.28 24.2391
4.285 24.6613
4.29 25.0109
4.295 25.3579
4.3 25.7121
4.305 25.9865
4.31 26.2089
4.315 26.4632
4.32 26.7343
4.325 26.9442
4.33 26.8857
4.335 26.5144
4.34 25.914
4.345 25.017
4.35 23.9114
4.355 22.5793
4.36 21.0715
4.365 19.2966
4.37 17.242
4.375 14.8605
4.38 12.2323
4.385 9.4045
4.39 6.39398
4.395 3.28315
4.4 0.049846
4.405 -3.23312
4.41 -6.70826
4.415 -10.6008
4.42 -15.3084
4.425 -21.0365
4.43 -27.6701
4.435 -35.1001
4.44 -42.9193
4.445 -50.817
4.45 -58.501
4.455 -61.3991
4.46 -64.536
4.465 -66.8512
4.47 -64.1873
4.475 -62.4881
4.48 -59.9591
4.485 -56.6953
4.49 -52.9748
4.495 -49.0917
4.5 -45.3302
4.505 -41.948
4.51 -39.0655
4.515 -36.8266
4.52 -35.293
4.525 -34.5589
4.53 -34.5367
4.535 -35.2353
4.54 -36.6312
4.545 -38.5739
4.55 -40.7398
4.555 -42.6552
4.56 -43.9971
4.565 -41.6215
4.57 -37.3179
4.575 -30.6619
4.58 -21.9448
4.585 -11.568
4.59 -0.00879677
4.595 9.32181
4.6 19.6221
4.605 29.6937
4.61 39.1682
4.615 47.6552
4.62 54.9738
4.625 61.0057
4.63 65.7417
4.635 69.26
4.64 71.7009
4.645 73.2158
4.65 73.8317
4.655 72.9062
4.66 71.8024
4.665 70.1337
4.67 67.717
4.675 64.3079
4.68 59.7868
4.685 53.6915
4.69 46.5796
4.695 38.0558
4.7 28.084
4.705 16.9388
4.71 4.91239
4.715 -7.68591
4.72 -20.5484
4.725 -33.2314
4.73 -45.3101
4.735 -56.404
4.74 -66.2777
4.745 -74.4465
4.75 -80.6977
4.755 -84.6996
4.76 -86.5104
4.765 -86.0822
4.77 -83.2409
4.775 -76.8969
4.78 -68.3451
4.785 -57.5044
4.79 -44.4659
4.795 -29.7017
4.8 -13.6725
4.805 2.78589
4.81 19.0067
4.815 34.2989
4.82 48.1276
4.825 60.1794
4.83 70.1949
4.835 78.1991
4.84 84.2689
4.845 88.7175
4.85 91.7522
4.855 93.537
4.86 94.241
4.865 94.0064
4.87 92.9365
4.875 90.9996
4.88 88.395
4.885 85.3093
4.89 81.8744
4.895 78.0439
4.9 73.6651
4.905 68.7191
4.91 63.1387
4.915 56.9931
4.92 48.0661
4.925 37.7147
4.93 25.9327
4.935 13.7993
4.94 1.28578
4.945 -10.9357
4.95 -22.4893
4.955 -33.004
4.96 -42.2881
4.965 -50.2544
4.97 -51.0888
4.975 -41.0593
4.98 -35.9104
4.985 -30.8556
4.99 -26.3048
4.995 -22.7419
5 -20.5184
5.005 -19.8912
5.01 -25.5943
5.015 -31.884
5.02 -39.4791
5.025 -47.9844
5.03 -56.9431
5.035 -65.8667
5.04 -74.3558
5.045 -82.0886
5.05 -88.8583
5.055 -93.765
5.06 -95.3286
5.065 -94.3534
5.07 -91.1435
5.075 -86.1854
5.08 -80.0772
5.085 -73.4454
5.09 -66.7435
5.095 -60.3699
5.1 -54.7295
5.105 -50.3014
5.11 -47.5359
5.115 -46.6708
5.12 -49.6421
5.125 -55.4581
5.13 -60.1809
5.135 -65.057
5.14 -71.5122
5.145 -78.647
5.15 -86.1942
5.155 -93.7094
5.16 -100.734
5.165 -106.882
5.17 -111.787
5.175 -115.189
5.18 -116.818
5.185 -116.355
5.19 -113.803
5.195 -109.304
5.2 -103.116
5.205 -100.99
5.21 -98.31
5.215 -95.0806
5.22 -91.2787
5.225 -86.8384
5.23 -81.8254
5.235 -76.3445
5.24 -70.3901
5.245 -63.4432
5.25 -49.9568
5.255 -38.4126
5.26 -26.948
5.265 -15.7869
5.27 -4.69842
5.275 5.70204
5.28 15.774
5.285 21.4187
5.29 28.7042
5.295 35.7498
5.3 42.4963
5.305 48.9767
5.31 55.246
5.315 61.3346
5.32 67.175
5.325 72.5546
5.33 77.2071
5.335 81.1034
5.34 84.4194
5.345 87.3311
5.35 89.9359
5.355 92.3031
5.36 94.5525
5.365 96.6765
5.37 98.6457
5.375 100.614
5.38 101.389
5.385 102.143
5.39 102.991
5.395 104.073
5.4 105.477
5.405 107.327
5.41 109.694
5.415 112.679
5.42 116.377
5.425 120.82
5.43 126.003
5.435 131.892
5.44 138.277
5.445 144.8
5.45 151.148
5.455 157.105
5.46 162.45
5.465 166.974
5.47 170.593
5.475 173.36
5.48 175.169
5.485 175.801
5.49 175.158
5.495 173.181
5.5 169.927
5.505 165.665
5.51 160.651
5.515 155.231
5.52 155.949
5.525 154.318
5.53 152.381
5.535 150.245
5.54 147.937
5.545 145.235
5.55 142.174
5.555 145.565
5.56 146.698
5.565 148.59
5.57 151.258
5.575 154.615
5.58 158.21
5.585 161.517
5.59 164.049
5.595 165.618
5.6 166.127
5.605 165.574
5.61 144.798
5.615 129.762
5.62 119.379
5.625 105.792
5.63 91.2351
5.635 75.6556
5.64 58.8192
5.645 40.5669
5.65 20.9706
5.655 0.472175
5.66 -19.3811
5.665 -39.5223
5.67 -59.0254
5.675 -77.4552
5.68 -94.4407
5.685 -107.248
5.69 -117.432
5.695 -125.818
5.7 -132.368
5.705 -137.377
5.71 -141.127
5.715 -143.831
5.72 -145.761
5.725 -147.185
5.73 -148.46
5.735 -149.87
5.74 -151.625
5.745 -153.816
5.75 -156.386
5.755 -156.723
5.76 -156.951
5.765 -156.798
5.77 -156.488
5.775 -156.249
5.78 -156.035
5.785 -155.818
5.79 -155.772
5.795 -156.012
5.8 -156.594
5.805 -157.643
5.81 -159.245
5.815 -161.385
5.82 -164.309
5.825 -168.318
5.83 -173.521
5.835 -180.039
5.84 -187.89
5.845 -196.81
5.85 -206.375
5.855 -216.291
5.86 -226.087
5.865 -235.254
5.87 -243.54
5.875 -250.706
5.88 -256.545
5.885 -260.945
5.89 -263.695
5.895 -264.685
5.9 -263.908
5.905 -261.288
5.91 -256.766
5.915 -250.406
5.92 -242.292
5.925 -232.352
5.93 -220.62
5.935 -207.106
5.94 -191.809
5.945 -175.151
5.95 -157.496
5.955 -139.202
5.96 -120.686
5.965 -102.24
5.97 -97.2649
5.975 -89.3056
5.98 -80.6233
5.985 -71.1169
5.99 -67.8407
5.995 -63.1704
6 -57.7885
6.005 -51.6636
6.01 -44.9094
6.015 -37.6791
6.02 -30.1522
6.025 -22.747
6.03 -15.3777
6.035 -8.14042
6.04 -1.19429
6.045 5.54394
6.05 11.7992
6.055 17.6566
6.06 23.2498
6.065 28.5319
6.07 33.4456
6.075 38.1588
6.08 43.0644
6.085 48.1957
6.09 52.8644
6.095 62.1007
6.1 78.9942
6.105 94.6971
6.11 109.579
6.115 123.842
6.12 137.203
6.125 149.479
6.13 160.55
6.135 170.151
6.14 178.022
6.145 183.971
6.15 187.9
6.155 188.904
6.16 185.141
6.165 178.154
6.17 168.467
6.175 156.652
6.18 143.425
6.185 129.569
6.19 115.733
6.195 102.59
6.2 91.3742
6.205 81.8466
6.21 74.7665
6.215 70.3991
6.22 68.7112
6.225 69.6127
6.23 72.2737
6.235 76.1654
6.24 80.9918
6.245 86.3882
6.25 92.0291
6.255 97.6754
6.26 103.032
6.265 107.814
6.27 111.812
6.275 114.809
6.28 116.759
6.285 117.819
6.29 118.015
6.295 117.379
6.3 115.777
6.305 113.181
6.31 109.456
6.315 104.296
6.32 97.6584
6.325 89.9236
6.33 81.377
6.335 72.4692
6.34 63.4706
6.345 54.7343
6.35 46.5125
6.355 39.2001
6.36 33.0959
6.365 28.3761
6.37 25.2942
6.375 23.9448
6.38 24.315
6.385 26.4404
6.39 29.9128
6.395 34.4052
6.4 39.5577
6.405 45.1636
6.41 50.8435
6.415 56.3864
6.42 61.522
6.425 66.0003
6.43 69.7679
6.435 72.7809
6.44 74.819
6.445 75.8237
6.45 75.6674
6.455 74.328
6.46 71.8231
6.465 68.3356
6.47 64.132
6.475 58.8966
6.48 52.9747
6.485 46.368
6.49 39.0473
6.495 31.1368
6.5 22.6986
6.505 13.8768
6.51 4.95392
6.515 -3.87805
6.52 -12.3857
6.525 -20.3806
6.53 -27.7518
6.535 -34.3989
6.54 -40.49
6.545 -46.0294
6.55 -51.0022
6.555 -55.3858
6.56 -59.1465
6.565 -62.2905
6.57 -63.6513
6.575 -64.7187
6.58 -65.3851
6.585 -65.8068
6.59 -65.9575
6.595 -65.8602
6.6 -65.5708
6.605 -65.124
6.61 -64.5528
6.615 -63.9332
6.62 -60.7889
6.625 -58.2053
6.63 -55.5184
6.635 -52.6808
6.64 -49.8126
6.645 -47.0454
6.65 -44.5524
6.655 -42.3712
6.66 -40.5417
6.665 -39.0602
6.67 -38.0814
6.675 -37.621
6.68 -37.6031
6.685 -37.9715
6.69 -38.0923
6.695 -38.2363
6.7 -38.4743
6.705 -38.8683
6.71 -39.4297
6.715 -40.006
6.72 -40.3663
6.725 -40.4451
6.73 -40.2715
6.735 -39.8405
6.74 -39.2658
6.745 -38.5585
6.75 -37.6673
6.755 -36.406
6.76 -34.7376
6.765 -32.7138
6.77 -30.3345
6.775 -27.7415
6.78 -25.0496
6.785 -22.5447
6.79 -20.4734
6.795 -18.9931
6.8 -18.3
6.805 -18.465
6.81 -19.54
6.815 -21.4907
6.82 -24.4149
6.825 -28.1089
6.83 -32.3595
6.835 -36.9666
6.84 -41.5973
6.845 -45.9469
6.85 -49.7006
6.855 -52.6318
6.86 -54.58
6.865 -55.4724
6.87 -55.2568
6.875 -53.8389
6.88 -51.2348
6.885 -47.5493
6.89 -43.0873
6.895 -38.0208
6.9 -32.6038
6.905 -27.0023
6.91 -21.5593
6.915 -16.5338
6.92 -11.9669
6.925 -7.9311
6.93 -4.58563
6.935 -1.98628
6.94 -0.101871
6.945 0.898747
6.95 1.02262
6.955 0.298859
6.96 -1.69292
6.965 -4.36561
6.97 -7.59153
6.975 -11.199
6.98 -15.3137
6.985 -19.6132
6.99 -23.7743
6.995 -27.4564
7 -30.3871
7.005 -32.5239
7.01 -33.885
7.015 -34.3516
7.02 -34.4708
7.025 -34.284
7.03 -33.7897
7.035 -32.996
7.04 -31.882
7.045 -30.4756
7.05 -28.5379
7.055 -26.0371
7.06 -23.0601
7.065 -19.6514
7.07 -15.9763
7.075 -12.2211
7.08 -8.36278
7.085 -4.29067
7.09 0.161988
7.095 5.1086
7.1 10.6094
7.105 16.81
7.11 23.8384
7.115 31.5256
7.12 39.5768
7.125 47.7329
7.13 55.6853
7.135 63.1618
7.14 69.8478
7.145 75.6617
7.15 80.4227
7.155 84.0333
7.16 86.4738
7.165 87.6783
7.17 87.7439
7.175 86.6445
7.18 84.34
7.185 80.4686
7.19 75.207
7.195 68.6352
7.2 60.9646
7.205 52.5759
7.21 43.752
7.215 34.7437
7.22 25.8758
7.225 17.4831
7.23 9.94425
7.235 3.63037
7.24 -1.15156
7.245 -4.20072
7.25 -5.31831
7.255 -4.45694
7.26 -1.9627
7.265 2.01524
7.27 7.14065
7.275 13.1394
7.28 19.6598
7.285 26.3634
7.29 32.8606
7.295 38.7593
7.3 43.7502
7.305 47.5948
7.31 50.0991
7.315 50.9712
7.32 50.1341
7.325 47.7794
7.33 44.1483
7.335 39.6777
7.34 34.6787
7.345 29.4595
7.35 24.2339
7.355 19.3295
7.36 15.0605
7.365 11.8808
7.37 9.31272
7.375 7.52596
7.38 6.56925
7.385 6.40723
7.39 9.6668
7.395 13.2567
7.4 16.9109
7.405 20.2956
7.41 23.1079
7.415 25.2729
7.42 26.7325
7.425 27.4846
7.43 27.3955
7.435 26.4906
7.44 24.7786
7.445 22.358
7.45 19.3892
7.455 15.9191
7.46 13.8387
7.465 10.564
7.47 7.23065
7.475 4.0774
7.48 1.29426
7.485 -0.998059
7.49 -2.80813
7.495 -4.14349
7.5 -5.06487
7.505 -5.57258
7.51 -5.73166
7.515 -5.56081
7.52 -5.18333
7.525 -4.69386
7.53 -4.28626
7.535 -4.02193
7.54 -3.90537
7.545 -3.95301
7.55 -4.15726
7.555 -4.58693
7.56 -5.23641
7.565 -6.23613
7.57 -7.72311
7.575 -9.7624
7.58 -12.3456
7.585 -14.2199
7.59 -16.0318
7.595 -17.4422
7.6 -18.372
7.605 -18.6923
7.61 -18.324
7.615 -17.247
7.62 -15.553
7.625 -13.2379
7.63 -10.2948
7.635 -6.81547
7.64 -2.98011
7.645 1.03508
7.65 5.12881
7.655 8.9847
7.66 12.317
7.665 14.9568
7.67 16.8112
7.675 17.8383
7.68 17.2124
7.685 15.2924
7.69 12.017
7.695 7.41675
7.7 1.62257
7.705 -5.04457
7.71 -12.2632
7.715 -19.9067
7.72 -27.7976
7.725 -29.328
7.73 -31.1781
7.735 -33.9037
7.74 -36.4584
7.745 -38.7737
7.75 -40.9017
7.755 -42.9256
7.76 -44.8767
7.765 -46.8957
7.77 -48.9852
7.775 -51.0699
7.78 -53.2103
7.785 -55.5051
7.79 -58.0238
7.795 -60.7927
7.8 -63.7279
7.805 -66.8316
7.81 -70.0505
7.815 -73.2099
7.82 -76.2386
7.825 -78.9801
7.83 -81.3164
7.835 -83.0664
7.84 -84.1526
7.845 -84.6269
7.85 -84.499
7.855 -83.7473
7.86 -82.309
7.865 -80.1927
7.87 -73.447
7.875 -64.3849
7.88 -52.5813
7.885 -38.3775
7.89 -22.343
7.895 -5.09625
7.9 8.69551
7.905 23.4632
7.91 37.9072
7.915 51.5596
7.92 63.9566
7.925 65.9613
7.93 69.563
7.935 72.106
7.94 73.5415
7.945 73.7865
7.95 72.7548
7.955 70.4828
7.96 67.2655
7.965 63.524
7.97 59.7193
7.975 55.9967
7.98 52.3877
7.985 48.2934
7.99 44.6652
7.995 41.1607
8 37.8504
8.005 34.8347
8.01 32.0764
8.015 27.961
8.02 23.1529
8.025 17.7681
8.03 11.9472
8.035 5.88569
8.04 -0.191514
8.045 -6.06668
8.05 -11.3313
8.055 -15.6988
8.06 -19.0298
8.065 -19.2768
8.07 -19.397
8.075 -18.7444
8.08 -17.2567
8.085 -14.8903
8.09 -11.7135
8.095 -7.75102
8.1 -3.25338
8.105 1.5106
8.11 6.37952
8.115 11.1823
8.12 15.6978
8.125 19.9216
8.13 23.819
8.135 27.4233
8.14 30.6905
8.145 33.5869
8.15 36.0993
8.155 38.3812
8.16 40.4973
8.165 42.5873
8.17 44.692
8.175 46.8692
8.18 49.0552
8.185 51.1522
8.19 53.0621
8.195 54.6283
8.2 55.8282
8.205 56.6301
8.21 57.0316
8.215 57.1637
8.22 56.8995
8.225 56.1822
8.23 55.1452
8.235 53.9596
8.24 52.6392
8.245 51.1434
8.25 49.4191
8.255 47.266
8.26 44.6421
8.265 41.543
8.27 38.0045
8.275 33.9897
8.28 29.4431
8.285 24.1442
8.29 18.1506
8.295 11.4927
8.3 4.29498
8.305 -3.20795
8.31 -9.73168
8.315 -16.6952
8.32 -23.5314
8.325 -30.2332
8.33 -36.7737
8.335 -43.0401
8.34 -49.0242
8.345 -54.5387
8.35 -59.4815
8.355 -59.9713
8.36 -61.189
8.365 -61.7872
8.37 -62.0258
8.375 -62.1603
8.38 -62.222
8.385 -62.2685
8.39 -62.2929
8.395 -62.2926
8.4 -62.4061
8.405 -62.7994
8.41 -63.7074
8.415 -65.114
8.42 -67.0031
8.425 -69.2065
8.43 -71.6842
8.435 -74.3357
8.44 -76.824
8.445 -79.0156
8.45 -80.8728
8.455 -82.3127
8.46 -83.1448
8.465 -83.3501
8.47 -81.3099
8.475 -76.8854
8.48 -70.6196
8.485 -62.7088
8.49 -53.2738
8.495 -42.5402
8.5 -30.9237
8.505 -22.5048
8.51 -13.1246
8.515 -3.93333
8.52 4.69972
8.525 12.6182
8.53 19.6948
8.535 25.8572
8.54 25.6048
8.545 27.2408
8.55 28.4431
8.555 29.1427
8.56 29.275
8.565 28.7973
8.57 27.7364
8.575 26.1546
8.58 24.1183
8.585 21.729
8.59 19.0652
8.595 16.2458
8.6 13.3179
8.605 10.0517
8.61 6.44675
8.615 2.49281
8.62 -1.72024
8.625 -6.00926
8.63 -10.2031
8.635 -14.2319
8.64 -18.0289
8.645 -21.721
8.65 -25.496
8.655 -29.3676
8.66 -33.2462
8.665 -37.0204
8.67 -40.6994
8.675 -44.2834
8.68 -47.701
8.685 -51.0689
8.69 -54.5043
8.695 -58.1033
8.7 -60.8294
8.705 -64.0275
8.71 -67.1071
8.715 -69.8727
8.72 -72.2249
8.725 -74.1698
8.73 -75.7181
8.735 -76.9009
8.74 -77.7153
8.745 -78.1695
8.75 -78.2777
8.755 -78.1488
8.76 -77.7574
8.765 -76.6666
8.77 -74.678
8.775 -71.6946
8.78 -67.8102
8.785 -63.0919
8.79 -57.6606
8.795 -51.5334
8.8 -44.76
8.805 -37.291
8.81 -29.1506
8.815 -20.4765
8.82 -11.4202
8.825 -2.01367
8.83 5.36853
8.835 14.2726
8.84 23.2602
8.845 31.9087
8.85 33.2427
8.855 37.0831
8.86 40.5311
8.865 43.7491
8.87 46.7922
8.875 49.7274
8.88 52.4791
8.885 54.9612
8.89 57.3034
8.895 59.4193
8.9 60.501
8.905 61.7203
8.91 62.8546
8.915 65.3334
8.92 67.3208
8.925 71.603
8.93 75.1023
8.935 78.7198
8.94 82.116
8.945 85.2188
8.95 87.8489
8.955 90.0628
8.96 91.8831
8.965 93.2417
8.97 94.0001
8.975 93.9936
8.98 93.2523
8.985 90.3623
8.99 86.7641
8.995 82.4661
9 77.861
9.005 73.1345
9.01 68.5109
9.015 64.1765
9.02 60.2273
9.025 57.0937
9.03 54.573
9.035 52.8313
9.04 51.7789
9.045 51.4155
9.05 51.5731
9.055 52.007
9.06 52.546
9.065 53.0646
9.07 53.5447
9.075 53.9187
9.08 54.312
9.085 54.6691
9.09 54.8922
9.095 54.8309
9.1 54.3241
9.105 53.2953
9.11 51.7409
9.115 49.8034
9.12 47.5731
9.125 45.1489
9.13 42.579
9.135 40.0065
9.14 37.5816
9.145 36.6028
9.15 35.3526
9.155 34.327
9.16 33.6314
9.165 33.1445
9.17 32.7536
9.175 32.3268
9.18 31.95
9.185 31.6158
9.19 31.3012
9.195 31.0778
9.2 31.0688
9.205 31.408
9.21 31.8892
9.215 32.4379
9.22 34.6904
9.225 36.8198
9.23 38.5625
9.235 39.9582
9.24 40.9964
9.245 41.7201
9.25 42.1829
9.255 42.2543
9.26 41.8366
9.265 40.9062
9.27 39.5531
9.275 37.7888
9.28 35.8807
9.285 34.1375
9.29 32.8986
9.295 32.0033
9.3 31.6831
9.305 31.9919
9.31 32.894
9.315 34.4562
9.32 36.531
9.325 38.95
9.33 41.4338
9.335 44.1527
9.34 46.9472
9.345 49.8415
9.35 52.6971
9.355 55.5465
9.36 58.2438
9.365 60.8309
9.37 63.1841
9.375 65.2474
9.38 66.4232
9.385 66.9061
9.39 66.8191
9.395 65.9886
9.4 64.4495
9.405 62.3089
9.41 59.824
9.415 56.9586
9.42 58.4836
9.425 60.8151
9.43 61.93
9.435 62.6862
9.44 63.2517
9.445 63.5838
9.45 63.7044
9.455 63.6239
9.46 63.1275
9.465 62.236
9.47 60.7976
9.475 59.0253
9.48 56.9057
9.485 54.3774
9.49 51.117
9.495 47.0191
9.5 42.0824
9.505 36.3264
9.51 29.7272
9.515 23.0786
9.52 15.5693
9.525 -0.438693
9.53 -24.5302
9.535 -45.7069
9.54 -67.0836
9.545 -88.5556
9.55 -109.67
9.555 -130.064
9.56 -149.481
9.565 -167.614
9.57 -184.328
9.575 -199.575
9.58 -203.405
9.585 -209.917
9.59 -215.896
9.595 -221.25
9.6 -225.909
9.605 -229.806
9.61 -232.956
9.615 -235.282
9.62 -236.842
9.625 -237.62
9.63 -237.677
9.635 -237.068
9.64 -231.146
9.645 -223.451
9.65 -213.609
9.655 -201.843
9.66 -188.244
9.665 -173.125
9.67 -156.925
9.675 -140.081
9.68 -122.88
9.685 -105.624
9.69 -88.5869
9.695 -71.992
9.7 -55.9609
9.705 -40.6121
9.71 -26.1676
9.715 -12.8971
9.72 -1.18975
9.725 -2.38279
9.73 0.293541
9.735 2.18242
9.74 3.30436
9.745 3.772
9.75 3.76293
9.755 3.06861
9.76 2.28636
9.765 -2.16568
9.77 -6.04842
9.775 -10.0879
9.78 -14.1552
9.785 -18.0922
9.79 -21.8337
9.795 -25.3223
9.8 -28.3743
9.805 -30.9117
9.81 -32.9011
9.815 -34.3539
9.82 -35.2327
9.825 -35.4694
9.83 -34.9546
9.835 -33.7278
9.84 -31.9901
9.845 -29.83
9.85 -27.2975
9.855 -24.4606
9.86 -21.4557
9.865 -18.301
9.87 -15.0645
9.875 -11.746
9.88 -8.37443
9.885 -5.05682
9.89 -1.95279
9.895 0.84302
9.9 3.34759
9.905 5.53476
9.91 7.41049
9.915 8.94521
9.92 10.1333
9.925 10.9933
9.93 11.7695
9.935 12.6359
9.94 13.6004
9.945 14.6508
9.95 15.6908
9.955 16.7091
9.96 17.8238
9.965 19.2352
9.97 19.9051
9.975 18.6528
9.98 16.3148
9.985 13.1603
9.99 9.41148
9.995 5.3599
10 1.31412
10.005 -2.37971
10.01 -5.47133
10.015 -4.24948
10.02 -4.15177
10.025 -3.42331
10.03 -1.96078
10.035 0.378284
10.04 3.70538
10.045 8.35431
10.05 14.5224
10.055 21.9045
10.06 30.2711
10.065 39.3975
10.07 48.9918
10.075 56.1995
10.08 63.8369
10.085 71.3953
10.09 78.7528
10.095 79.0563
10.1 80.7187
10.105 82.2203
10.11 83.5365
10.115 84.6195
10.12 85.4531
10.125 85.9989
10.13 85.8089
10.135 85.5601
10.14 85.2034
10.145 85.9224
10.15 86.1794
10.155 88.2771
10.16 89.5046
10.165 90.5576
10.17 91.0994
10.175 91.1582
10.18 90.7182
10.185 89.7395
10.19 88.1643
10.195 85.8895
10.2 82.9421
10.205 79.3538
10.21 75.1446
10.215 68.6639
10.22 61.4909
10.225 53.6071
10.23 45.147
10.235 36.311
10.24 27.2763
10.245 18.3064
10.25 9.66156
10.255 1.83549
10.26 -5.51491
10.265 -12.1404
10.27 -17.9655
10.275 -22.9198
10.28 -27.0195
10.285 -30.3175
10.29 -32.8144
10.295 -34.6104
10.3 -35.8133
10.305 -36.5849
10.31 -37.018
10.315 -37.2626
10.32 -37.4362
10.325 -37.6224
10.33 -37.9354
10.335 -38.3897
10.34 -38.9263
10.345 -39.442
10.35 -39.8663
10.355 -40.0484
10.36 -39.9259
10.365 -38.2298
10.37 -36.3571
10.375 -34.3121
10.38 -32.2638
10.385 -30.2453
10.39 -28.176
10.395 -25.9689
10.4 -23.5643
10.405 -21.0665
10.41 -18.443
10.415 -15.7218
10.42 -12.8265
10.425 -9.75795
10.43 -6.59406
10.435 -3.45761
10.44 -0.448056
10.445 2.34016
10.45 4.79884
10.455 6.87325
10.46 8.41288
10.465 9.29489
10.47 9.49441
10.475 8.93446
10.48 7.57942
10.485 5.58608
10.49 3.05075
10.495 -0.147939
10.5 -5.00425
10.505 -11.222
10.51 -18.5092
10.515 -26.642
10.52 -35.381
10.525 -44.4353
10.53 -53.5178
10.535 -61.8573
10.54 -69.7183
10.545 -76.5911
10.55 -82.2473
10.555 -86.3876
10.56 -88.8752
10.565 -86.354
10.57 -84.3046
10.575 -82.0533
10.58 -77.8251
10.585 -72.2251
10.59 -65.3296
10.595 -57.2647
10.6 -48.058
10.605 -37.8828
10.61 -26.8827
10.615 -15.3472
10.62 -3.4804
10.625 8.48792
10.63 20.3589
10.635 31.8563
10.64 42.6869
10.645 52.6404
10.65 61.508
10.655 69.1684
10.66 75.357
10.665 80.0259
10.67 83.12
10.675 84.652
10.68 84.6011
10.685 82.9822
10.69 79.9731
10.695 74.5882
10.7 67.8352
10.705 60.0238
10.71 51.4885
10.715 42.2791
10.72 32.694
10.725 23.0248
10.73 13.5945
10.735 4.7222
10.74 -3.35794
10.745 -10.4565
10.75 -16.4978
10.755 -21.3008
10.76 -24.8951
10.765 -27.3585
10.77 -28.8073
10.775 -29.233
10.78 -28.6919
10.785 -27.4201
10.79 -25.5675
10.795 -23.2722
10.8 -20.6131
10.805 -17.6196
10.81 -14.3375
10.815 -10.8902
10.82 -7.33359
10.825 -3.80911
10.83 -0.387415
10.835 2.96903
10.84 6.36675
10.845 9.77611
10.85 13.0427
10.855 16.1354
10.86 18.866
10.865 21.2839
10.87 23.4275
10.875 25.3341
10.88 26.874
10.885 28.1519
10.89 29.2772
10.895 30.3679
10.9 31.4173
10.905 32.3194
10.91 33.0421
10.915 33.5151
10.92 33.9178
10.925 34.0724
10.93 33.9425
10.935 33.4928
10.94 32.7535
10.945 31.6785
10.95 30.3596
10.955 28.8449
10.96 27.1471
10.965 25.3169
10.97 23.1315
10.975 20.4513
10.98 17.1124
10.985 13.3083
10.99 11.8342
10.995 9.51583
11 7.11235
11.005 4.74526
11.01 2.33748
11.015 -0.204672
11.02 -2.97913
11.025 -5.87716
11.03 -8.72938
11.035 -11.46
11.04 -13.8868
11.045 -15.2814
11.05 -16.4727
11.055 -17.4193
11.06 -18.0109
11.065 -18.3698
11.07 -18.5083
11.075 -18.5261
11.08 -18.537
11.085 -18.4154
11.09 -18.1322
11.095 -17.6272
11.1 -16.7796
11.105 -15.52
11.11 -14.0148
11.115 -12.1886
11.12 -10.1879
11.125 -8.00363
11.13 -5.59351
11.135 -2.78208
11.14 0.466836
11.145 4.02338
11.15 7.71039
11.155 11.3795
11.16 14.95
11.165 18.4384
11.17 21.8516
11.175 24.9909
11.18 27.7515
11.185 30.0826
11.19 32.0561
11.195 33.7119
11.2 34.966
11.205 35.7442
11.21 36.0005
11.215 35.8906
11.22 35.491
11.225 34.8515
11.23 33.9239
11.235 32.7473
11.24 31.4587
11.245 29.9325
11.25 28.1641
11.255 26.4332
11.26 24.9467
11.265 23.8369
11.27 23.0975
11.275 22.5304
11.28 22.0277
11.285 21.3478
11.29 20.4771
11.295 20.7263
11.3 20.3918
11.305 19.9306
11.31 19.36
11.315 18.8076
11.32 18.4355
11.325 18.2586
11.33 19.3499
11.335 20.0263
11.34 20.5915
11.345 21.1424
11.35 21.606
11.355 22.0825
11.36 22.617
11.365 23.306
11.37 24.052
11.375 24.6127
11.38 24.8431
11.385 24.8261
11.39 24.6312
11.395 24.2498
11.4 23.7381
11.405 22.9787
11.41 21.9753
11.415 20.6982
11.42 19.1906
11.425 17.4035
11.43 15.4222
11.435 13.249
11.44 11.008
11.445 8.74105
11.45 6.42072
11.455 4.12106
11.46 1.82132
11.465 -0.4298
11.47 -2.8528
11.475 -5.48675
11.48 -8.24158
11.485 -10.8871
11.49 -13.3962
11.495 -15.8852
11.5 -18.0242
11.505 -20.4605
11.51 -27.2445
11.515 -34.2799
11.52 -48.5998
11.525 -59.6516
11.53 -70.6179
11.535 -81.4387
11.54 -91.8442
11.545 -101.656
11.55 -110.784
11.555 -119.053
11.56 -126.296
11.565 -132.366
11.57 -137.237
11.575 -140.776
11.58 -142.962
11.585 -142.084
11.59 -136.399
11.595 -127.541
11.6 -116.078
11.605 -102.644
11.61 -87.9398
11.615 -72.7293
11.62 -57.6064
11.625 -43.0886
11.63 -29.587
11.635 -17.374
11.64 -6.56392
11.645 2.65515
11.65 10.3587
11.655 16.6363
11.66 21.7114
11.665 25.6384
11.67 26.0444
11.675 27.4029
11.68 28.3677
11.685 28.9382
11.69 29.0915
11.695 29.0301
11.7 28.9366
11.705 28.7641
11.71 28.7379
11.715 28.8016
11.72 26.9782
11.725 25.3562
11.73 23.6262
11.735 21.7077
11.74 19.8516
11.745 18.1938
11.75 16.6486
11.755 15.2013
11.76 13.7244
11.765 12.3316
11.77 11.111
11.775 10.1871
11.78 9.62587
11.785 9.4111
11.79 9.49369
11.795 9.88031
11.8 10.6108
11.805 11.5871
11.81 12.8006
11.815 14.1402
11.82 15.523
11.825 16.8547
11.83 18.101
11.835 19.0937
11.84 19.7672
11.845 20.1953
11.85 20.3313
11.855 20.2088
11.86 19.6434
11.865 18.747
11.87 17.6313
11.875 16.1293
11.88 14.3307
11.885 12.5175
11.89 10.6871
11.895 8.47126
11.9 5.86954
11.905 2.87168
11.91 -0.322795
11.915 -3.65738
11.92 -6.9231
11.925 -10.08
11.93 -13.1984
11.935 -16.2411
11.94 -19.1168
11.945 -21.6975
11.95 -24.0128
11.955 -25.9731
11.96 -27.6142
11.965 -28.867
11.97 -29.5531
11.975 -29.6896
11.98 -29.1619
11.985 -27.1697
11.99 -23.4248
11.995 -18.4611
12 -12.8883
12.005 -6.80779
12.01 -0.469258
12.015 5.98827
12.02 12.2468
12.025 14.075
12.03 15.8341
12.035 15.0588
12.04 14.6084
12.045 13.9519
12.05 13.1828
12.055 12.2458
12.06 11.0788
12.065 9.61629
12.07 7.9415
12.075 6.07755
12.08 4.06235
12.085 1.80833
12.09 -0.657144
12.095 -3.3291
12.1 -6.1448
12.105 -8.96399
12.11 -11.717
12.115 -14.2096
12.12 -16.3133
12.125 -17.918
12.13 -19.1374
12.135 -20.0966
12.14 -20.931
12.145 -21.6302
12.15 -22.0932
12.155 -22.1985
12.16 -21.7134
12.165 -20.6577
12.17 -19.2663
12.175 -17.7931
12.18 -16.2428
12.185 -14.6219
12.19 -12.9951
12.195 -11.222
12.2 -9.25099
12.205 -7.31246
12.21 -5.52252
12.215 -3.88085
12.22 -2.32813
12.225 -0.88198
12.23 0.415022
12.235 1.66781
12.24 2.87548
12.245 4.07898
12.25 5.20919
12.255 6.35753
12.26 7.60372
12.265 9.07036
12.27 10.7463
12.275 12.6744
12.28 14.8891
12.285 17.4354
12.29 20.276
12.295 24.3268
12.3 28.7882
12.305 33.6469
12.31 38.7791
12.315 44.0323
12.32 49.453
12.325 54.7079
12.33 56.0977
12.335 57.4352
12.34 59.0176
12.345 60.4217
12.35 61.6
12.355 62.4774
12.36 62.8977
12.365 63.0037
12.37 62.8187
12.375 62.4055
12.38 61.7701
12.385 61.02
12.39 60.3188
12.395 59.6065
12.4 58.6754
12.405 57.455
12.41 56.001
12.415 54.235
12.42 52.2105
12.425 49.8747
12.43 47.2776
12.435 44.4137
12.44 41.4
12.445 38.2006
12.45 34.7684
12.455 31.1611
12.46 27.5042
12.465 23.8925
12.47 20.1991
12.475 16.4625
12.48 12.7276
12.485 9.02133
12.49 5.20695
12.495 1.30572
12.5 -2.62488
12.505 -6.26153
12.51 -9.59949
12.515 -12.5084
12.52 -15.0667
12.525 -17.4207
12.53 -19.5568
12.535 -21.5314
12.54 -23.1925
12.545 -24.6661
12.55 -25.8621
12.555 -26.9858
12.56 -27.8216
12.565 -28.2452
12.57 -28.2025
12.575 -27.6661
12.58 -26.7704
12.585 -24.7065
12.59 -21.9614
12.595 -18.5373
12.6 -14.7499
12.605 -10.652
12.61 -6.45573
12.615 -2.35669
12.62 1.37056
12.625 4.57736
12.63 7.25268
12.635 9.30606
12.64 10.7764
12.645 11.5704
12.65 11.6805
12.655 10.8767
12.66 9.28631
12.665 6.90717
12.67 4.07384
12.675 0.89724
12.68 -2.22577
12.685 -5.09705
12.69 -7.77925
12.695 -10.3169
12.7 -12.8551
12.705 -15.4858
12.71 -18.2636
12.715 -20.9761
12.72 -23.654
12.725 -26.1269
12.73 -28.4738
12.735 -30.717
12.74 -32.8556
12.745 -34.8161
12.75 -36.7089
12.755 -38.6782
12.76 -40.7646
12.765 -42.8966
12.77 -44.9659
12.775 -46.8689
12.78 -48.6087
12.785 -50.3375
12.79 -52.2854
12.795 -54.5869
12.8 -57.1424
12.805 -59.8339
12.81 -62.4936
12.815 -65.1734
12.82 -67.7545
12.825 -70.136
12.83 -72.2196
12.835 -73.8899
12.84 -75.118
12.845 -75.9154
12.85 -76.2823
12.855 -76.1737
12.86 -75.794
12.865 -75.1683
12.87 -73.9679
12.875 -71.9654
12.88 -69.1349
12.885 -65.4453
12.89 -60.9857
12.895 -55.8598
12.9 -50.1185
12.905 -43.7984
12.91 -37.0786
12.915 -30.2569
12.92 -23.4618
12.925 -16.99
12.93 -13.8109
12.935 -10.803
12.94 -7.99869
12.945 -5.40499
12.95 -3.10121
12.955 -0.577124
12.96 2.0874
12.965 4.82614
12.97 7.42089
12.975 9.8038
12.98 11.9504
12.985 13.2314
12.99 14.9166
12.995 16.6589
13 18.5289
13.005 20.5311
13.01 22.3642
13.015 24.2751
13.02 26.1713
13.025 27.9218
13.03 29.446
13.035 30.7475
13.04 31.8954
13.045 32.8933
13.05 33.6938
13.055 34.3735
13.06 35.0019
13.065 35.6722
13.07 36.3649
13.075 37.0827
13.08 37.7771
13.085 38.393
13.09 38.9101
13.095 39.271
13.1 39.4835
13.105 39.5412
13.11 39.4958
13.115 39.3981
13.12 39.2986
13.125 39.2277
13.13 39.1273
13.135 38.8949
13.14 38.4375
13.145 37.7614
13.15 36.8804
13.155 35.9114
13.16 34.9203
13.165 33.9868
13.17 33.0825
13.175 32.1051
13.18 31.0277
13.185 29.9155
13.19 28.8419
13.195 27.9585
13.2 27.1715
13.205 26.4794
13.21 25.957
13.215 25.6138
13.22 25.3369
13.225 25.039
13.23 24.5526
13.235 23.7489
13.24 22.6398
13.245 21.348
13.25 19.9829
13.255 18.6526
13.26 17.4327
13.265 16.3807
13.27 15.432
13.275 14.4742
13.28 13.4472
13.285 12.2288
13.29 10.7175
13.295 8.85541
13.3 6.55593
13.305 3.89577
13.31 0.938544
13.315 -2.1871
13.32 -5.38401
13.325 -8.57209
13.33 -11.8085
13.335 -15.0888
13.34 -18.4687
13.345 -21.9708
13.35 -25.5555
13.355 -29.1405
13.36 -32.656
13.365 -36.0133
13.37 -39.1329
13.375 -42.0694
13.38 -44.8439
13.385 -47.4805
13.39 -50.009
13.395 -52.4267
13.4 -54.697
13.405 -56.6656
13.41 -58.3054
13.415 -59.474
13.42 -60.2367
13.425 -60.5864
13.43 -60.641
13.435 -60.4763
13.44 -60.0046
13.445 -59.194
13.45 -58.2297
13.455 -57.2251
13.46 -56.1723
13.465 -55.0319
13.47 -53.3375
13.475 -51.165
13.48 -48.5397
13.485 -45.586
13.49 -42.5729
13.495 -39.5243
13.5 -36.4765
13.505 -33.2594
13.51 -29.9604
13.515 -26.645
13.52 -23.3627
13.525 -20.1392
13.53 -16.9665
13.535 -13.8517
13.54 -10.7201
13.545 -7.64272
13.55 -4.56559
13.555 -1.64237
13.56 1.3522
13.565 4.34578
13.57 7.3648
13.575 10.403
13.58 13.3377
13.585 16.0963
13.59 18.5972
13.595 18.6871
13.6 19.3206
13.605 20.2785
13.61 21.5243
13.615 23.0862
13.62 24.8246
13.625 26.4163
13.63 28.1579
13.635 29.9555
13.64 29.9388
13.645 30.4122
13.65 30.792
13.655 31.0195
13.66 31.1617
13.665 31.0359
13.67 30.5741
13.675 29.9377
13.68 29.2242
13.685 28.5469
13.69 27.8176
13.695 27.0019
13.7 25.838
13.705 24.4359
13.71 22.7818
13.715 21.2128
13.72 19.8834
13.725 18.9315
13.73 18.2988
13.735 17.8425
13.74 17.4737
13.745 17.2353
13.75 16.8452
13.755 16.1615
13.76 15.3636
13.765 14.3682
13.77 13.2241
13.775 11.9359
13.78 10.6303
13.785 9.35823
13.79 8.00465
13.795 6.57627
13.8 4.97408
13.805 3.39947
13.81 1.86988
13.815 0.543405
13.82 -0.6427
13.825 -1.33724
13.83 -1.52814
13.835 -1.21345
13.84 -0.474206
13.845 0.799301
13.85 3.02059
13.855 6.58866
13.86 11.0383
13.865 16.0867
13.87 21.6419
13.875 27.3399
13.88 33.0766
13.885 38.6986
13.89 44.0565
13.895 49.1361
13.9 49.4258
13.905 51.555
13.91 53.4439
13.915 53.5967
13.92 54.3948
13.925 55.1365
13.93 55.6504
13.935 56.0344
13.94 56.2916
13.945 56.5293
13.95 56.6698
13.955 56.6513
13.96 56.3816
13.965 55.8071
13.97 54.7092
13.975 53.2601
13.98 51.5498
13.985 49.4398
13.99 46.9216
13.995 43.8536
14 40.2716
14.005 36.1263
14.01 31.7375
14.015 27.2686
14.02 22.9247
14.025 18.5392
14.03 14.1995
14.035 9.77336
14.04 5.39614
14.045 1.09456
14.05 -3.18158
14.055 -7.24252
14.06 -11.1365
14.065 -14.7899
14.07 -18.3485
14.075 -21.6006
14.08 -24.726
14.085 -27.7067
14.09 -30.7266
14.095 -33.6848
14.1 -36.4764
14.105 -39.1069
14.11 -41.4559
14.115 -43.4806
14.12 -45.194
14.125 -46.728
14.13 -48.0933
14.135 -49.1906
14.14 -49.8797
14.145 -50.1959
14.15 -49.9995
14.155 -49.2825
14.16 -47.9985
14.165 -46.2764
14.17 -44.1825
14.175 -41.8085
14.18 -39.1268
14.185 -36.1586
14.19 -32.9628
14.195 -29.4956
14.2 -25.8197
14.205 -21.8135
14.21 -17.398
14.215 -12.5153
14.22 -7.31405
14.225 -1.89078
14.23 3.59848
14.235 9.02522
14.24 14.2545
14.245 19.1855
14.25 21.426
14.255 24.173
14.26 26.7383
14.265 28.895
14.27 31.028
14.275 33.0691
14.28 33.9821
14.285 34.8034
14.29 35.4089
14.295 35.77
14.3 35.8441
14.305 35.5432
14.31 34.9005
14.315 33.9605
14.32 32.813
14.325 31.4318
14.33 29.8329
14.335 28.1661
14.34 26.5109
14.345 25.0065
14.35 23.5125
14.355 21.9856
14.36 20.3393
14.365 18.6047
14.37 16.2638
14.375 13.5103
14.38 10.1947
14.385 6.29367
14.39 1.89888
14.395 -2.93128
14.4 -7.97979
14.405 -13.2817
14.41 -18.6845
14.415 -24.0781
14.42 -29.3211
14.425 -34.3623
14.43 -38.9747
14.435 -43.0836
14.44 -46.6636
14.445 -49.668
14.45 -52.0968
14.455 -53.9273
14.46 -55.2466
14.465 -55.9284
14.47 -55.9918
14.475 -55.3099
14.48 -53.713
14.485 -50.8655
14.49 -47.0742
14.495 -42.4621
14.5 -37.1903
14.505 -31.5274
14.51 -25.7008
14.515 -20.009
14.52 -14.4714
14.525 -9.05058
14.53 -3.59813
14.535 1.81213
14.54 7.05398
14.545 9.21157
14.55 12.7757
14.555 16.1966
14.56 19.4276
14.565 22.609
14.57 25.7409
14.575 28.9151
14.58 32.0867
14.585 35.2991
14.59 38.4964
14.595 41.6223
14.6 44.4979
14.605 47.0335
14.61 49.1639
14.615 50.7882
14.62 52.046
14.625 52.9345
14.63 53.443
14.635 53.4752
14.64 53.0434
14.645 52.2535
14.65 51.2311
14.655 50.0072
14.66 48.4705
14.665 46.6703
14.67 44.5947
14.675 42.3939
14.68 40.0112
14.685 37.534
14.69 34.9855
14.695 32.2646
14.7 29.1672
14.705 25.5842
14.71 21.6076
14.715 17.3594
14.72 13.033
14.725 8.61111
14.73 4.13792
14.735 -0.476453
14.74 -5.28006
14.745 -10.2031
14.75 -15.1794
14.755 -20.1351
14.76 -25.1535
14.765 -30.2111
14.77 -35.3027
14.775 -40.2852
14.78 -45.1936
14.785 -49.9095
14.79 -54.4549
14.795 -58.7917
14.8 -62.8028
14.805 -66.521
14.81 -69.9987
14.815 -73.2676
14.82 -76.3992
14.825 -79.4064
14.83 -82.1438
14.835 -84.6117
14.84 -86.7368
14.845 -88.4125
14.85 -89.6205
14.855 -90.4426
14.86 -90.8968
14.865 -90.9073
14.87 -90.4418
14.875 -89.4481
14.88 -87.7474
14.885 -85.584
14.89 -83.0416
14.895 -80.1391
14.9 -76.9014
14.905 -73.3072
14.91 -69.3894
14.915 -65.1703
14.92 -60.6376
14.925 -55.8246
14.93 -50.8187
14.935 -45.7647
14.94 -40.6476
14.945 -35.4979
14.95 -30.1503
14.955 -24.6379
14.96 -18.9466
14.965 -13.1086
14.97 -7.23748
14.975 -1.33939
14.98 4.5023
14.985 10.1967
14.99 10.2082
14.995 12.9888
15 15.7896
15.005 18.47
15.01 21.2527
15.015 24.093
15.02 24.0525
15.025 25.3198
15.03 26.7324
15.035 28.3128
15.04 30.0732
15.045 31.969
15.05 34.0744
15.055 36.2995
15.06 38.6398
15.065 41.0625
15.07 43.6486
15.075 46.3492
15.08 49.1286
15.085 51.9519
15.09 54.6871
15.095 57.3218
15.1 59.8078
15.105 62.169
15.11 64.3006
15.115 66.1958
15.12 67.8098
15.125 69.1693
15.13 70.3538
15.135 71.2966
15.14 72.0143
15.145 72.4062
15.15 72.5592
15.155 71.2661
15.16 69.5568
15.165 67.3665
15.17 64.8423
15.175 61.9285
15.18 58.5511
15.185 54.7157
15.19 50.5691
15.195 46.3944
15.2 42.3358
15.205 38.5945
15.21 35.1861
15.215 32.0256
15.22 29.0555
15.225 26.394
15.23 24.1367
15.235 22.2672
15.24 20.7503
15.245 19.4259
15.25 18.3323
15.255 17.9447
15.26 18.6898
15.265 20.1511
15.27 22.1019
15.275 24.3013
15.28 26.6039
15.285 28.8902
15.29 30.9238
15.295 32.2663
15.3 33.1238
15.305 33.2897
15.31 32.6576
15.315 31.2147
15.32 30.0303
15.325 28.3487
15.33 26.1912
15.335 23.4777
15.34 20.1297
15.345 16.2046
15.35 11.7913
15.355 6.95847
15.36 1.69655
15.365 -3.89241
15.37 -9.7507
15.375 -15.8267
15.38 -22.083
15.385 -28.4392
15.39 -34.8306
15.395 -41.1643
15.4 -47.4
15.405 -53.4915
15.41 -59.3163
15.415 -64.7577
15.42 -69.6955
15.425 -74.0134
15.43 -77.795
15.435 -81.0784
15.44 -83.8462
15.445 -86.1964
15.45 -88.2355
15.455 -89.8927
15.46 -91.0528
15.465 -90.8226
15.47 -89.8937
15.475 -88.3622
15.48 -86.2928
15.485 -83.8256
15.49 -81.1001
15.495 -78.3053
15.5 -75.5508
15.505 -72.9618
15.51 -70.5675
15.515 -68.4488
15.52 -66.6447
15.525 -65.1371
15.53 -63.7407
15.535 -62.3454
15.54 -60.899
15.545 -59.4145
15.55 -57.8373
15.555 -56.0727
15.56 -54.0304
15.565 -51.5574
15.57 -48.4624
15.575 -44.6194
15.58 -40.051
15.585 -34.76
15.59 -28.8872
15.595 -22.508
15.6 -15.8407
15.605 -8.9275
15.61 -1.93568
15.615 5.15112
15.62 5.96832
15.625 9.91001
15.63 13.6405
15.635 17.4928
15.64 21.5602
15.645 25.8419
15.65 27.5492
15.655 30.2163
15.66 33.1252
15.665 36.1455
15.67 39.2756
15.675 42.3035
15.68 45.1501
15.685 47.7891
15.69 50.3284
15.695 52.7538
15.7 55.118
15.705 57.3843
15.71 59.4833
15.715 61.4351
15.72 63.305
15.725 65.1051
15.73 66.6942
15.735 68.0527
15.74 68.9502
15.745 69.3782
15.75 69.3833
15.755 69.0998
15.76 68.5005
15.765 67.6532
15.77 66.5875
15.775 64.6319
15.78 61.7095
15.785 57.7636
15.79 53.0152
15.795 47.6914
15.8 42.0855
15.805 36.2753
15.81 30.48
15.815 24.7027
15.82 18.9805
15.825 13.4125
15.83 8.03422
15.835 2.96698
15.84 -1.70172
15.845 -5.85039
15.85 -9.59074
15.855 -12.8657
15.86 -15.6449
15.865 -17.7839
15.87 -19.3626
15.875 -20.2659
15.88 -19.9079
15.885 -18.4264
15.89 -16.2426
15.895 -13.3943
15.9 -10.0567
15.905 -6.43292
15.91 -2.56028
15.915 0.995858
15.92 4.406
15.925 7.2929
15.93 9.58054
15.935 11.1532
15.94 11.2588
15.945 11.4487
15.95 11.467
15.955 11.0981
15.96 10.5885
15.965 9.97558
15.97 9.32866
15.975 8.61638
15.98 7.75212
15.985 6.78538
15.99 5.77761
15.995 4.73378
16 3.49497
16.005 2.02802
16.01 0.233548
16.015 -1.63159
16.02 -3.37404
16.025 -4.87122
16.03 -6.06644
16.035 -6.9592
16.04 -7.58782
16.045 -7.99805
16.05 -8.08044
16.055 -7.86869
16.06 -7.28663
16.065 -6.38708
16.07 -4.99237
16.075 -3.34976
16.08 -1.55678
16.085 0.363272
16.09 2.4127
16.095 4.57008
16.1 6.63077
16.105 8.48827
16.11 10.0512
16.115 11.4115
16.12 12.4195
16.125 12.9541
16.13 12.9884
16.135 12.6243
16.14 12.3574
16.145 11.9552
16.15 11.5415
16.155 11.1023
16.16 10.6089
16.165 9.90877
16.17 9.09936
16.175 8.27621
16.18 7.6174
16.185 7.0833
16.19 6.60738
16.195 6.0935
16.2 5.60802
16.205 5.21355
16.21 4.78209
16.215 4.36525
16.22 3.89584
16.225 3.41629
16.23 2.72675
16.235 2.07339
16.24 1.48626
16.245 0.916314
16.25 0.249007
16.255 -0.564982
16.26 -1.66558
16.265 -3.1393
16.27 -4.98297
16.275 -7.14214
16.28 -9.77754
16.285 -12.8742
16.29 -16.2568
16.295 -19.9155
16.3 -23.6159
16.305 -27.3352
16.31 -31.1239
16.315 -35.1028
16.32 -39.474
16.325 -44.1702
16.33 -49.1208
16.335 -53.9861
16.34 -58.6745
16.345 -63.0095
16.35 -66.9716
16.355 -70.4728
16.36 -73.5778
16.365 -76.3594
16.37 -78.6421
16.375 -80.3941
16.38 -81.6099
16.385 -81.8429
16.39 -81.1073
16.395 -79.5545
16.4 -77.0835
16.405 -73.831
16.41 -69.7428
16.415 -64.7749
16.42 -59.1177
16.425 -52.8109
16.43 -46.3331
16.435 -43.325
16.44 -40.2446
16.445 -37.156
16.45 -34.404
16.455 -31.3316
16.46 -28.1394
16.465 -26.4995
16.47 -24.2775
16.475 -21.756
16.48 -18.9466
16.485 -15.9252
16.49 -12.6945
16.495 -9.39368
16.5 -5.95474
16.505 -2.5771
16.51 0.815315
16.515 4.21836
16.52 7.62332
16.525 10.9026
16.53 14.0475
16.535 17.0832
16.54 20.099
16.545 23.181
16.55 26.1288
16.555 29.0262
16.56 31.7734
16.565 34.2063
16.57 36.2846
16.575 37.8841
16.58 38.9999
16.585 39.6212
16.59 39.7792
16.595 39.471
16.6 38.8244
16.605 37.8982
16.61 36.8145
16.615 35.53
16.62 34.1832
16.625 32.7938
16.63 31.3767
16.635 29.9838
16.64 28.6405
16.645 27.4679
16.65 26.5679
16.655 26.0884
16.66 25.9873
16.665 26.4154
16.67 27.2325
16.675 28.9265
16.68 30.8743
16.685 33.1694
16.69 35.7534
16.695 38.5055
16.7 41.2599
16.705 43.8653
16.71 46.3717
16.715 48.6246
16.72 50.3917
16.725 51.6672
16.73 52.5096
16.735 52.0444
16.74 51.4347
16.745 50.5868
16.75 49.5901
16.755 48.5331
16.76 47.4632
16.765 46.4541
16.77 45.448
16.775 44.4522
16.78 43.3716
16.785 42.3065
16.79 41.0971
16.795 39.8493
16.8 38.5753
16.805 37.408
16.81 36.2873
16.815 35.248
16.82 34.1677
16.825 32.823
16.83 31.1914
16.835 29.2048
16.84 27.1434
16.845 24.983
16.85 22.8381
16.855 20.6297
16.86 18.4708
16.865 16.2279
16.87 13.9924
16.875 11.7408
16.88 9.49162
16.885 7.30188
16.89 5.3166
16.895 3.53224
16.9 1.83095
16.905 0.226493
16.91 -1.32931
16.915 -2.77355
16.92 -4.11977
16.925 -5.41326
16.93 -6.61671
16.935 -7.66027
16.94 -8.6568
16.945 -9.54977
16.95 -10.3306
16.955 -10.9901
16.96 -11.5572
16.965 -12.0604
16.97 -12.5534
16.975 -13.0646
16.98 -13.5961
16.985 -14.0762
16.99 -14.4193
16.995 -14.7087
17 -14.9471
17.005 -15.0935
17.01 -15.0758
17.015 -15.0486
17.02 -15.1075
17.025 -15.3679
17.03 -15.7588
17.035 -16.2483
17.04 -16.8003
17.045 -17.5168
17.05 -18.3842
17.055 -19.567
17.06 -20.984
17.065 -22.4299
17.07 -23.8712
17.075 -25.3784
17.08 -26.9758
17.085 -28.5556
17.09 -30.1366
17.095 -31.7854
17.1 -33.5663
17.105 -35.4558
17.11 -37.3998
17.115 -39.3044
17.12 -41.1885
17.125 -43.1177
17.13 -45.1268
17.135 -47.0912
17.14 -48.8962
17.145 -50.5445
17.15 -52.165
17.155 -53.7573
17.16 -55.2203
17.165 -56.5173
17.17 -57.6498
17.175 -58.6145
17.18 -59.338
17.185 -59.7971
17.19 -59.3537
17.195 -58.4337
17.2 -56.8702
17.205 -54.652
17.21 -51.7855
17.215 -48.3937
17.22 -44.4691
17.225 -39.9976
17.23 -35.0281
17.235 -29.589
17.24 -23.7444
17.245 -17.5688
17.25 -11.1853
17.255 -4.7905
17.26 1.46953
17.265 7.51797
17.27 8.29213
17.275 10.254
17.28 12.1434
17.285 13.6532
17.29 15.1552
17.295 14.1753
17.3 13.9434
17.305 13.9241
17.31 14.1178
17.315 14.529
17.32 15.1376
17.325 15.9388
17.33 16.8828
17.335 17.9848
17.34 19.2049
17.345 20.5294
17.35 21.824
17.355 23.0305
17.36 24.1842
17.365 25.3621
17.37 26.6524
17.375 27.9929
17.38 29.1903
17.385 30.048
17.39 30.5147
17.395 30.6435
17.4 30.6051
17.405 30.4792
17.41 30.3851
17.415 30.3474
17.42 30.3559
17.425 30.3417
17.43 30.2447
17.435 29.3079
17.44 27.7773
17.445 25.8479
17.45 23.5329
17.455 20.9047
17.46 18.0173
17.465 14.9302
17.47 11.5983
17.475 8.13663
17.48 4.53627
17.485 0.95764
17.49 -2.56767
17.495 -5.80668
17.5 -8.65439
17.505 -11.0353
17.51 -12.9424
17.515 -14.392
17.52 -15.3666
17.525 -15.8402
17.53 -15.7809
17.535 -15.1829
17.54 -12.2091
17.545 -8.35076
17.55 -3.43804
17.555 2.19523
17.56 7.88537
17.565 13.7042
17.57 19.3744
17.575 24.6865
17.58 26.8548
17.585 29.0349
17.59 31.0584
17.595 31.2922
17.6 32.0814
17.605 32.9497
17.61 33.7602
17.615 34.5895
17.62 35.321
17.625 35.9871
17.63 36.6362
17.635 37.2387
17.64 37.7513
17.645 38.2069
17.65 38.7118
17.655 39.1259
17.66 39.5512
17.665 39.7528
17.67 39.6706
17.675 39.3332
17.68 38.9314
17.685 38.5559
17.69 38.28
17.695 37.9227
17.7 37.3131
17.705 36.4908
17.71 35.4848
17.715 34.3202
17.72 32.9075
17.725 31.4075
17.73 29.7291
17.735 28.009
17.74 26.3007
17.745 24.6302
17.75 23.0831
17.755 21.5763
17.76 20.0849
17.765 18.3146
17.77 16.2095
17.775 13.7955
17.78 11.3021
17.785 8.85503
17.79 6.57382
17.795 4.31233
17.8 2.05146
17.805 -0.298239
17.81 -2.76486
17.815 -5.29017
17.82 -7.8197
17.825 -10.1727
17.83 -12.6138
17.835 -15.1599
17.84 -17.9727
17.845 -20.9537
17.85 -24.0191
17.855 -26.9552
17.86 -29.6533
17.865 -32.1568
17.87 -34.5707
17.875 -36.9008
17.88 -38.9949
17.885 -40.9114
17.89 -42.5983
17.895 -44.037
17.9 -45.1831
17.905 -46.1094
17.91 -46.8145
17.915 -47.352
17.92 -47.6988
17.925 -47.8705
17.93 -47.8509
17.935 -47.5563
17.94 -47.1086
17.945 -46.5163
17.95 -45.7267
17.955 -44.7292
17.96 -43.5551
17.965 -42.2268
17.97 -40.7451
17.975 -39.098
17.98 -37.3536
17.985 -35.5492
17.99 -33.7741
17.995 -32.1179
18 -30.5485
18.005 -29.1869
18.01 -28.0319
18.015 -27.1361
18.02 -26.2105
18.025 -25.2467
18.03 -24.2256
18.035 -23.2432
18.04 -22.2587
18.045 -21.3212
18.05 -20.4929
18.055 -19.6887
18.06 -19.0544
18.065 -18.5146
18.07 -17.9515
18.075 -17.2776
18.08 -16.5429
18.085 -15.6354
18.09 -14.5375
18.095 -13.2628
18.1 -11.8954
18.105 -10.3082
18.11 -8.48605
18.115 -6.40868
18.12 -4.16014
18.125 -1.70783
18.13 0.935107
18.135 3.66563
18.14 6.37836
18.145 8.87754
18.15 11.0818
18.155 12.7987
18.16 14.1081
18.165 13.3441
18.17 12.8689
18.175 12.3645
18.18 11.7944
18.185 11.0081
18.19 10.138
18.195 9.25946
18.2 8.39916
18.205 7.65784
18.21 7.04658
18.215 6.49219
18.22 5.03868
18.225 3.88707
18.23 2.90031
18.235 2.24658
18.24 1.83445
18.245 1.56706
18.25 1.39093
18.255 1.22126
18.26 1.00106
18.265 0.758711
18.27 0.556435
18.275 0.333118
18.28 0.122759
18.285 -0.0820708
18.29 -0.199036
18.295 -0.74394
18.3 -1.43733
18.305 -2.37918
18.31 -3.5813
18.315 -5.13951
18.32 -6.98695
18.325 -9.08847
18.33 -11.4458
18.335 -13.9974
18.34 -16.6383
18.345 -19.2846
18.35 -21.8513
18.355 -24.2063
18.36 -26.2707
18.365 -27.9593
18.37 -29.3329
18.375 -30.286
18.38 -30.8874
18.385 -31.1361
18.39 -30.9639
18.395 -30.3321
18.4 -29.1652
18.405 -26.435
18.41 -23.0934
18.415 -19.1563
18.42 -14.7166
18.425 -9.91731
18.43 -4.92015
18.435 0.136918
18.44 5.11881
18.445 9.80285
18.45 14.032
18.455 13.9087
18.46 15.4644
18.465 16.818
18.47 18.0333
18.475 18.0666
18.48 18.6413
18.485 19.2195
18.49 19.7594
18.495 20.252
18.5 20.6275
18.505 20.909
18.51 21.0987
18.515 21.2591
18.52 21.4593
18.525 21.7602
18.53 22.0466
18.535 22.2483
18.54 22.2555
18.545 22.0832
18.55 21.7936
18.555 21.5045
18.56 21.3025
18.565 21.2884
18.57 21.5067
18.575 21.9042
18.58 22.3394
18.585 22.6624
18.59 22.8501
18.595 22.9653
18.6 23.1088
18.605 23.2996
18.61 23.557
18.615 23.7072
18.62 23.6566
18.625 23.4434
18.63 23.2167
18.635 23.087
18.64 23.0566
18.645 23.0434
18.65 22.9978
18.655 22.8788
18.66 22.679
18.665 22.4285
18.67 22.1916
18.675 21.9558
18.68 21.6641
18.685 21.2803
18.69 20.7822
18.695 20.1587
18.7 19.4122
18.705 18.5535
18.71 17.6034
18.715 16.6138
18.72 15.6043
18.725 14.6239
18.73 13.6702
18.735 12.692
18.74 11.6527
18.745 10.6435
18.75 9.67836
18.755 8.81584
18.76 8.17345
18.765 7.86142
18.77 7.86468
18.775 8.68031
18.78 10.0038
18.785 11.777
18.79 13.8803
18.795 16.2581
18.8 18.8851
18.805 21.694
18.81 24.6017
18.815 27.417
18.82 29.9799
18.825 32.1453
18.83 33.8428
18.835 35.0516
18.84 35.8159
18.845 36.0933
18.85 35.7935
18.855 34.8285
18.86 33.6896
18.865 32.123
18.87 30.2665
18.875 28.2313
18.88 26.065
18.885 25.4529
18.89 23.1579
18.895 20.8051
18.9 18.3584
18.905 15.8369
18.91 13.2108
18.915 10.4965
18.92 7.62642
18.925 4.63917
18.93 1.50332
18.935 -1.60749
18.94 -4.64932
18.945 -7.55998
18.95 -10.2608
18.955 -12.7156
18.96 -14.9088
18.965 -16.8655
18.97 -18.664
18.975 -20.3251
18.98 -21.797
18.985 -23.1554
18.99 -24.4077
18.995 -25.5719
19 -26.6599
19.005 -27.7507
19.01 -28.713
19.015 -29.5784
19.02 -30.3065
19.025 -30.8919
19.03 -31.4208
19.035 -31.9163
19.04 -32.3234
19.045 -32.5197
19.05 -32.6714
19.055 -32.819
19.06 -33.0886
19.065 -33.4414
19.07 -33.8499
19.075 -34.2075
19.08 -34.5058
19.085 -34.6144
19.09 -34.5216
19.095 -34.3269
19.1 -34.0873
19.105 -33.7973
19.11 -33.298
19.115 -32.5139
19.12 -31.353
19.125 -29.8539
19.13 -27.9865
19.135 -25.7308
19.14 -23.0721
19.145 -20.0961
19.15 -16.8549
19.155 -13.4716
19.16 -10.1164
19.165 -6.76369
19.17 -3.44297
19.175 -3.89763
19.18 -2.90783
19.185 -1.85155
19.19 -0.802744
19.195 0.270277
19.2 1.06368
19.205 2.02205
19.21 1.56661
19.215 1.20313
19.22 0.8008
19.225 0.331608
19.23 -0.0699081
19.235 -0.350541
19.24 -0.495344
19.245 -0.595811
19.25 -0.675108
19.255 -0.821687
19.26 -1.06185
19.265 -1.34512
19.27 -1.54299
19.275 -1.59951
19.28 -1.58051
19.285 -1.45409
19.29 -1.2642
19.295 -1.0508
19.3 -0.877721
19.305 -0.765321
19.31 -0.714507
19.315 -0.94656
19.32 -1.64595
19.325 -2.62095
19.33 -3.85915
19.335 -5.45156
19.34 -7.35849
19.345 -9.63251
19.35 -12.187
19.355 -14.9357
19.36 -17.7366
19.365 -20.4176
19.37 -22.826
19.375 -24.8977
19.38 -26.7018
19.385 -28.0658
19.39 -28.9468
19.395 -29.2979
19.4 -29.1567
19.405 -28.5079
19.41 -27.3708
19.415 -25.8004
19.42 -23.099
19.425 -19.4796
19.43 -15.0496
19.435 -10.0446
19.44 -4.67255
19.445 0.799812
19.45 6.26318
19.455 11.6355
19.46 16.7758
19.465 21.3228
19.47 23.6209
19.475 25.7612
19.48 27.6857
19.485 29.4143
19.49 31.0109
19.495 32.5327
19.5 33.5505
19.505 34.7895
19.51 35.9901
19.515 36.9312
19.52 37.6534
19.525 38.1138
19.53 38.2531
19.535 38.0815
19.54 37.6601
19.545 36.9759
19.55 36.0601
19.555 34.9898
19.56 33.7968
19.565 32.3801
19.57 30.6813
19.575 28.7316
19.58 26.6286
19.585 24.4251
19.59 22.148
19.595 19.8455
19.6 17.5289
19.605 15.2044
19.61 12.8821
19.615 10.605
19.62 8.3961
19.625 6.29927
19.63 4.29442
19.635 2.35018
19.64 0.41219
19.645 -1.55468
19.65 -3.5629
19.655 -5.55832
19.66 -7.49051
19.665 -9.32069
19.67 -11.0059
19.675 -12.5251
19.68 -13.8563
19.685 -15.0366
19.69 -16.1298
19.695 -17.221
19.7 -18.2606
19.705 -19.169
19.71 -19.9099
19.715 -20.49
19.72 -20.9301
19.725 -21.2602
19.73 -21.4865
19.735 -21.4376
19.74 -21.0609
19.745 -20.3917
19.75 -19.4895
19.755 -18.3739
19.76 -17.0881
19.765 -15.7154
19.77 -14.3034
19.775 -12.8586
19.78 -11.4501
19.785 -10.1575
19.79 -9.00826
19.795 -8.02207
19.8 -7.18449
19.805 -6.50006
19.81 -5.95678
19.815 -5.53641
19.82 -5.20187
19.825 -4.98082
19.83 -4.89042
19.835 -4.92104
19.84 -4.96077
19.845 -5.06238
19.85 -5.21076
19.855 -5.3755
19.86 -5.51416
19.865 -5.52474
19.87 -5.26271
19.875 -4.79955
19.88 -4.16567
19.885 -3.3681
19.89 -2.40681
19.895 -1.19691
19.9 0.330933
19.905 2.20844
19.91 4.38641
19.915 6.74747
19.92 9.17085
19.925 11.5671
19.93 13.8939
19.935 16.134
19.94 18.2553
19.945 20.2109
19.95 21.9822
19.955 23.541
19.96 24.8388
19.965 24.6027
19.97 24.9155
19.975 25.0772
19.98 25.0687
19.985 24.8994
19.99 24.6415
19.995 24.3191
20 23.8805
20.005 23.3825
20.01 22.8043
20.015 22.1636
20.02 21.5015
20.025 20.8472
20.03 20.1827
20.035 19.4948
20.04 18.7208
20.045 17.8228
20.05 16.8082
20.055 15.7174
20.06 14.5981
20.065 13.496
20.07 12.3891
20.075 11.2345
20.08 10.0111
20.085 8.70758
20.09 7.34315
20.095 5.95346
20.1 4.58622
20.105 3.23602
20.11 1.89693
20.115 0.590895
20.12 -0.670155
20.125 -1.87836
20.13 -3.03815
20.135 -4.17407
20.14 -5.31328
20.145 -6.45434
20.15 -7.57959
20.155 -8.62418
20.16 -9.54322
20.165 -10.3354
20.17 -11.0301
20.175 -11.6654
20.18 -12.2758
20.185 -12.8527
20.19 -13.3662
20.195 -13.796
20.2 -14.1389
20.205 -14.3855
20.21 -14.5572
20.215 -14.6672
20.22 -14.775
20.225 -14.9034
20.23 -15.0734
20.235 -15.2629
20.24 -15.4468
20.245 -15.6321
20.25 -15.8212
20.255 -16.0346
20.26 -16.2939
20.265 -16.6037
20.27 -16.9478
20.275 -17.3312
20.28 -17.7489
20.285 -18.2011
20.29 -18.6832
20.295 -19.1818
20.3 -19.6744
20.305 -20.1413
20.31 -20.5682
20.315 -20.9447
20.32 -21.2749
20.325 -21.5619
20.33 -21.7991
20.335 -21.9872
20.34 -22.1301
20.345 -22.2084
20.35 -22.1879
20.355 -22.0348
20.36 -21.7435
20.365 -21.2244
20.37 -20.4821
20.375 -19.545
20.38 -18.4104
20.385 -17.0772
20.39 -15.5585
20.395 -13.8724
20.4 -12.0446
20.405 -10.0957
20.41 -8.04321
20.415 -5.90667
20.42 -3.70327
20.425 -1.46183
20.43 0.795156
20.435 3.04034
20.44 5.23896
20.445 7.35137
20.45 9.34941
20.455 11.1897
20.46 12.8292
20.465 14.2396
20.47 15.4062
20.475 15.3327
20.48 15.692
20.485 15.991
20.49 16.2367
20.495 16.4332
20.5 16.5813
20.505 16.6839
20.51 16.7448
20.515 16.7305
20.52 16.6788
20.525 16.5929
20.53 16.4815
20.535 16.3579
20.54 16.2282
20.545 16.0984
20.55 15.9719
20.555 15.8464
20.56 15.7191
20.565 15.5858
20.57 15.4399
20.575 15.2715
20.58 15.0707
20.585 14.824
20.59 14.5239
20.595 14.1614
20.6 13.7325
20.605 13.2337
20.61 12.6648
20.615 12.0252
20.62 11.3168
20.625 10.5439
20.63 9.71302
20.635 8.83408
20.64 7.91696
20.645 6.97633
20.65 6.02845
20.655 5.09194
20.66 4.185
20.665 3.32584
20.67 2.53179
20.675 1.81704
20.68 1.19369
20.685 0.670672
20.69 0.25422
20.695 -0.0521711
20.7 -0.248296
20.705 -0.338347
20.71 -0.329465
20.715 -0.232744
20.72 0.0680122
20.725 0.42553
20.73 0.831379
20.735 1.24729
20.74 1.63516
20.745 1.95894
20.75 2.18571
20.755 2.28766
20.76 2.24303
20.765 2.11108
20.77 1.87807
20.775 1.53338
20.78 1.07558
20.785 0.506074
20.79 -0.170547
20.795 -0.946787
20.8 -1.81261
20.805 -2.75584
20.81 -3.76222
20.815 -4.8162
20.82 -5.90118
20.825 -7.00011
20.83 -8.09575
20.835 -9.17128
20.84 -10.2107
20.845 -11.199
20.85 -12.1227
20.855 -12.9701
20.86 -13.7311
20.865 -14.3978
20.87 -14.9641
20.875 -15.4261
20.88 -15.7816
20.885 -16.0307
20.89 -16.1751
20.895 -16.2179
20.9 -16.1638
20.905 -15.9822
20.91 -15.6418
20.915 -15.1863
20.92 -14.6361
20.925 -14.0122
20.93 -13.3351
20.935 -12.6241
20.94 -11.8969
20.945 -11.1682
20.95 -10.4504
20.955 -9.75218
20.96 -9.07921
20.965 -8.43387
20.97 -7.81552
20.975 -8.23611
