0.005 0.484299
0.01 0.464307
0.015 0.438361
0.02 0.408512
0.025 0.377178
0.03 0.346162
0.035 0.31748
0.04 0.292738
0.045 0.273017
0.05 0.258847
0.055 0.250349
0.06 0.248308
0.065 0.252916
0.07 0.262838
0.075 0.27756
0.08 0.294266
0.085 0.310267
0.09 0.322939
0.095 0.332116
0.1 0.333747
0.105 0.326685
0.11 0.311375
0.115 0.289188
0.12 0.265968
0.125 0.242023
0.13 0.225696
0.135 0.218858
0.14 0.221066
0.145 0.237112
0.15 0.264733
0.155 0.314725
0.16 0.389375
0.165 0.493764
0.17 0.62948
0.175 0.767623
0.18 0.857434
0.185 0.886285
0.19 0.850636
0.195 0.731105
0.2 0.518717
0.205 0.225496
0.21 -0.0758309
0.215 -0.291276
0.22 -0.394614
0.225 -0.402015
0.23 -0.345707
0.235 -0.251007
0.24 -0.133629
0.245 -0.0076556
0.25 0.134499
0.255 0.284742
0.26 0.417975
0.265 0.49681
0.27 0.526246
0.275 0.520772
0.28 0.474412
0.285 0.402752
0.29 0.297843
0.295 0.183117
0.3 0.0946209
0.305 0.053161
0.31 0.0697175
0.315 0.149028
0.32 0.307654
0.325 0.539485
0.33 0.820882
0.335 1.10317
0.34 1.31942
0.345 1.41517
0.35 1.3632
0.355 1.18452
0.36 0.914956
0.365 0.643696
0.37 0.415199
0.375 0.268231
0.38 0.231214
0.385 0.284605
0.39 0.40858
0.395 0.532555
0.4 0.609759
0.405 0.593766
0.41 0.496954
0.415 0.331577
0.42 0.132779
0.425 -0.0519216
0.43 -0.198448
0.435 -0.235686
0.44 -0.172543
0.445 -0.0419343
0.45 0.0818831
0.455 0.212152
0.46 0.361228
0.465 0.557226
0.47 0.815032
0.475 1.04737
0.48 1.2274
0.485 1.27086
0.49 1.19921
0.495 1.10661
0.5 1.04821
0.505 1.05415
0.51 1.11303
0.515 1.22041
0.52 1.30987
0.525 1.34585
0.53 1.31235
0.535 1.2396
0.54 1.13376
0.545 0.971966
0.55 0.765609
0.555 0.533592
0.56 0.331978
0.565 0.188632
0.57 0.096365
0.575 0.0442587
0.58 0.0113105
0.585 -0.00214903
0.59 0.0219401
0.595 0.105176
0.6 0.213011
0.605 0.331309
0.61 0.466018
0.615 0.600218
0.62 0.742408
0.625 0.824174
0.63 0.804753
0.635 0.70669
0.64 0.627358
0.645 0.668509
0.65 0.874435
0.655 1.28342
0.66 1.90155
0.665 2.73023
0.67 3.64334
0.675 4.5075
0.68 5.18564
0.685 5.58853
0.69 5.72887
0.695 5.61142
0.7 5.25845
0.705 4.69473
0.71 4.01555
0.715 3.24279
0.72 2.40668
0.725 1.56352
0.73 0.684654
0.735 -0.228585
0.74 -1.12938
0.745 -1.93053
0.75 -2.52813
0.755 -2.78402
0.76 -2.65996
0.765 -2.24026
0.77 -1.57057
0.775 -0.783551
0.78 0.0369243
0.785 0.896657
0.79 1.80543
0.795 2.73251
0.8 3.51607
0.805 4.01119
0.81 4.06475
0.815 3.71779
0.82 2.97236
0.825 1.95391
0.83 0.984078
0.835 0.164611
0.84 -0.505632
0.845 -1.07496
0.85 -1.53753
0.855 -1.86595
0.86 -2.1547
0.865 -2.355
0.87 -2.58096
0.875 -2.76784
0.88 -2.88098
0.885 -3.03879
0.89 -3.21414
0.895 -3.3512
0.9 -3.33689
0.905 -3.22907
0.91 -3.05726
0.915 -2.81378
0.92 -2.45423
0.925 -1.86056
0.93 -1.09704
0.935 -0.273062
0.94 0.496971
0.945 1.18261
0.95 1.80037
0.955 2.27678
0.96 2.6358
0.965 2.81436
0.97 2.918
0.975 2.94779
0.98 2.95024
0.985 3.02096
0.99 3.19612
0.995 3.54346
1 4.01307
1.005 4.62125
1.01 5.32611
1.015 6.06823
1.02 6.85159
1.025 7.51547
1.03 7.92224
1.035 7.8385
1.04 7.24757
1.045 6.22407
1.05 4.91063
1.055 3.62238
1.06 2.48788
1.065 1.60482
1.07 1.02444
1.075 0.681194
1.08 0.566242
1.085 0.45688
1.09 0.224822
1.095 -0.201545
1.1 -0.638104
1.105 -0.915593
1.11 -0.997369
1.115 -0.811833
1.12 -0.343712
1.125 0.466443
1.13 1.57234
1.135 2.71585
1.14 3.51915
1.145 3.75527
1.15 3.35544
1.155 2.30663
1.16 0.858939
1.165 -0.707499
1.17 -2.13171
1.175 -3.20367
1.18 -3.78174
1.185 -3.74344
1.19 -3.14019
1.195 -2.09203
1.2 -0.858601
1.205 0.289228
1.21 1.07893
1.215 1.29812
1.22 0.905252
1.225 -0.0260605
1.23 -1.35243
1.235 -2.97808
1.24 -4.75554
1.245 -6.48822
1.25 -8.06043
1.255 -9.2896
1.26 -10.1328
1.265 -10.4442
1.27 -10.1253
1.275 -9.29418
1.28 -8.05334
1.285 -6.50336
1.29 -4.57191
1.295 -2.35908
1.3 -0.0145756
1.305 2.32664
1.31 4.58237
1.315 6.66383
1.32 8.32287
1.325 9.49417
1.33 10.1998
1.335 10.378
1.34 10.1216
1.345 9.55113
1.35 8.78905
1.355 7.91126
1.36 6.96826
1.365 5.98726
1.37 4.95435
1.375 3.9501
1.38 2.95864
1.385 2.07238
1.39 1.16157
1.395 0.159871
1.4 -0.908604
1.405 -1.89005
1.41 -2.55043
1.415 -2.851
1.42 -2.74011
1.425 -2.29124
1.43 -1.6426
1.435 -0.895959
1.44 -0.114679
1.445 0.686301
1.45 1.47323
1.455 2.15789
1.46 2.64805
1.465 2.83715
1.47 2.74297
1.475 2.37315
1.48 1.80907
1.485 1.00389
1.49 0.0356102
1.495 -0.984259
1.5 -2.03295
1.505 -3.07006
1.51 -3.99179
1.515 -4.72223
1.52 -5.27044
1.525 -5.67469
1.53 -6.04312
1.535 -6.4781
1.54 -6.98583
1.545 -7.52799
1.55 -7.89799
1.555 -8.05541
1.56 -8.01081
1.565 -7.81794
1.57 -7.4124
1.575 -6.81999
1.58 -6.10973
1.585 -5.25012
1.59 -4.27544
1.595 -3.31266
1.6 -2.51568
1.605 -1.89426
1.61 -1.49672
1.615 -1.24431
1.62 -0.999572
1.625 -0.782846
1.63 -0.659701
1.635 -0.767232
1.64 -0.965785
1.645 -1.156
1.65 -1.28129
1.655 -1.20527
1.66 -0.844489
1.665 -0.102668
1.67 1.0319
1.675 2.56616
1.68 4.34968
1.685 6.14052
1.69 7.79918
1.695 9.24959
1.7 10.398
1.705 11.0158
1.71 11.0375
1.715 10.4201
1.72 9.17061
1.725 7.40752
1.73 5.30443
1.735 3.03009
1.74 0.697422
1.745 -1.49548
1.75 -3.37048
1.755 -4.76447
1.76 -5.66338
1.765 -6.0271
1.77 -5.80867
1.775 -5.01791
1.78 -3.59547
1.785 -1.74243
1.79 0.302663
1.795 2.24363
1.8 3.86455
1.805 4.97407
1.81 5.44543
1.815 5.30059
1.82 4.67868
1.825 3.8042
1.83 2.73229
1.835 1.62352
1.84 0.602335
1.845 -0.238913
1.85 -0.850078
1.855 -1.17903
1.86 -1.21707
1.865 -0.936275
1.87 -0.265137
1.875 0.716876
1.88 1.90259
1.885 3.03806
1.89 3.83177
1.895 4.13335
1.9 3.93052
1.905 3.24407
1.91 2.09675
1.915 0.624551
1.92 -1.02128
1.925 -2.64796
1.93 -4.15848
1.935 -5.53454
1.94 -6.88662
1.945 -8.21485
1.95 -9.36212
1.955 -10.2292
1.96 -10.6467
1.965 -10.54
1.97 -9.9072
1.975 -8.77288
1.98 -7.16045
1.985 -5.16507
1.99 -3.03516
1.995 -0.986397
2 0.815857
2.005 2.40722
2.01 3.81905
2.015 5.09043
2.02 6.17306
2.025 6.83509
2.03 6.91951
2.035 6.47281
2.04 5.60851
2.045 4.47286
2.05 3.17765
2.055 1.72921
2.06 0.277025
2.065 -1.04291
2.07 -2.11885
2.075 -2.83364
2.08 -3.17964
2.085 -3.25396
2.09 -3.24383
2.095 -3.20365
2.1 -3.19035
2.105 -3.2064
2.11 -3.25629
2.115 -3.32489
2.12 -3.34667
2.125 -3.34993
2.13 -3.32712
2.135 -3.27781
2.14 -3.2175
2.145 -3.23845
2.15 -3.32488
2.155 -3.36175
2.16 -3.25804
2.165 -2.99071
2.17 -2.52413
2.175 -1.67098
2.18 -0.349551
2.185 1.42285
2.19 3.5163
2.195 5.71264
2.2 7.75835
2.205 9.42506
2.21 10.5323
2.215 10.9246
2.22 10.567
2.225 9.55784
2.23 8.18586
2.235 6.68968
2.24 5.21838
2.245 3.92217
2.25 2.84895
2.255 1.96967
2.26 1.0782
2.265 0.163968
2.27 -0.827683
2.275 -2.00865
2.28 -3.35414
2.285 -4.81992
2.29 -6.21418
2.295 -7.23866
2.3 -7.65894
2.305 -7.44368
2.31 -6.45161
2.315 -4.88948
2.32 -3.12528
2.325 -1.42053
2.33 0.0625225
2.335 1.22712
2.34 1.98357
2.345 2.32205
2.35 2.09838
2.355 1.37192
2.36 0.296494
2.365 -1.08786
2.37 -2.696
2.375 -4.38437
2.38 -5.89092
2.385 -7.06976
2.39 -7.66463
2.395 -7.58598
2.4 -6.84929
2.405 -5.63306
2.41 -4.2436
2.415 -2.84483
2.42 -1.55187
2.425 -0.377303
2.43 0.62086
2.435 1.43377
2.44 1.97748
2.445 2.16249
2.45 1.93275
2.455 1.26491
2.46 0.232216
2.465 -1.16131
2.47 -2.65225
2.475 -3.93863
2.48 -4.92872
2.485 -5.42685
2.49 -5.2723
2.495 -4.38254
2.5 -2.80171
2.505 -0.608124
2.51 2.00029
2.515 4.85365
2.52 7.69456
2.525 10.3744
2.53 12.7746
2.535 14.7544
2.54 16.1915
2.545 16.9267
2.55 16.9338
2.555 16.3176
2.56 15.1579
2.565 13.5619
2.57 11.5942
2.575 9.38306
2.58 6.98543
2.585 4.53349
2.59 2.20157
2.595 0.0487044
2.6 -1.65
2.605 -2.821
2.61 -3.50981
2.615 -3.86304
2.62 -4.04237
2.625 -4.19317
2.63 -4.37109
2.635 -4.48766
2.64 -4.41951
2.645 -3.99376
2.65 -3.27532
2.655 -2.30281
2.66 -1.16625
2.665 -0.0424673
2.67 0.99077
2.675 1.8771
2.68 2.62965
2.685 3.06266
2.69 3.09597
2.695 2.86783
2.7 2.2983
2.705 1.3675
2.71 0.00347564
2.715 -1.6677
2.72 -3.67003
2.725 -5.74567
2.73 -7.70087
2.735 -9.49985
2.74 -10.8635
2.745 -11.7596
2.75 -12.2625
2.755 -12.5225
2.76 -12.5496
2.765 -12.2592
2.77 -11.6531
2.775 -10.6479
2.78 -9.26994
2.785 -7.58931
2.79 -5.79536
2.795 -4.12478
2.8 -2.73827
2.805 -1.80969
2.81 -1.38873
2.815 -1.3711
2.82 -1.65298
2.825 -2.15859
2.83 -2.71341
2.835 -3.25607
2.84 -3.60786
2.845 -3.68733
2.85 -3.52106
2.855 -3.06372
2.86 -2.26967
2.865 -1.13975
2.87 0.240718
2.875 1.85838
2.88 3.67341
2.885 5.65636
2.89 7.87776
2.895 10.2228
2.9 12.4743
2.905 14.2687
2.91 15.2584
2.915 15.2801
2.92 14.4091
2.925 12.8629
2.93 10.9013
2.935 8.89786
2.94 7.07289
2.945 5.6712
2.95 4.71088
2.955 4.04452
2.96 3.50926
2.965 2.9935
2.97 2.48121
2.975 1.89744
2.98 1.24868
2.985 0.655092
2.99 0.288372
2.995 0.229555
3 0.432637
3.005 0.776642
3.01 1.08728
3.015 1.25569
3.02 1.24085
3.025 1.13718
3.03 1.07926
3.035 1.17068
3.04 1.32439
3.045 1.35317
3.05 1.19852
3.055 0.875405
3.06 0.558272
3.065 0.418234
3.07 0.589251
3.075 1.15209
3.08 2.07589
3.085 3.26671
3.09 4.5097
3.095 5.57545
3.1 6.23543
3.105 6.35173
3.11 5.92389
3.115 5.03026
3.12 3.86135
3.125 2.57857
3.13 1.29036
3.135 0.0408715
3.14 -1.07533
3.145 -2.03304
3.15 -2.85928
3.155 -3.66037
3.16 -4.52567
3.165 -5.46123
3.17 -6.8196
3.175 -7.78218
3.18 -8.28922
3.185 -8.11232
3.19 -7.22221
3.195 -5.72347
3.2 -3.85177
3.205 -1.88004
3.21 -0.220181
3.215 0.868491
3.22 1.30608
3.225 1.14497
3.23 0.531215
3.235 -0.41505
3.24 -1.52728
3.245 -2.71359
3.25 -3.81056
3.255 -4.60826
3.26 -4.93337
3.265 -4.66982
3.27 -3.8418
3.275 -2.50387
3.28 -0.779835
3.285 1.12691
3.29 2.9787
3.295 4.63507
3.3 5.9447
3.305 6.72003
3.31 6.87601
3.315 6.47854
3.32 5.71933
3.325 4.71749
3.33 3.56541
3.335 2.30918
3.34 1.00131
3.345 -0.291494
3.35 -1.45589
3.355 -2.51068
3.36 -3.54497
3.365 -4.5173
3.37 -5.47517
3.375 -6.35361
3.38 -7.10029
3.385 -7.68535
3.39 -8.25872
3.395 -8.92195
3.4 -9.65365
3.405 -10.3964
3.41 -11.1196
3.415 -12.0421
3.42 -13.0854
3.425 -14.2391
3.43 -15.368
3.435 -16.2703
3.44 -16.8551
3.445 -17.0312
3.45 -16.8946
3.455 -16.5392
3.46 -16.1373
3.465 -15.6473
3.47 -15.0878
3.475 -14.4073
3.48 -13.5931
3.485 -12.8087
3.49 -12.0361
3.495 -11.3086
3.5 -10.5498
3.505 -9.88755
3.51 -9.34288
3.515 -8.85783
3.52 -8.41247
3.525 -7.90288
3.53 -7.3113
3.535 -6.54338
3.54 -5.78914
3.545 -5.08368
3.55 -4.50381
3.555 -3.90221
3.56 -3.43078
3.565 -3.15057
3.57 -3.13195
3.575 -3.59465
3.58 -4.47983
3.585 -5.79867
3.59 -7.30393
3.595 -9.01709
3.6 -10.7913
3.605 -12.4957
3.61 -14.0017
3.615 -14.982
3.62 -15.5459
3.625 -15.7049
3.63 -15.8136
3.635 -15.8522
3.64 -15.7446
3.645 -15.6048
3.65 -15.5653
3.655 -15.3546
3.66 -15.0103
3.665 -14.6631
3.67 -14.2529
3.675 -14.0218
3.68 -13.9421
3.685 -14.1817
3.69 -14.8915
3.695 -16.1292
3.7 -17.7869
3.705 -19.7604
3.71 -21.9544
3.715 -24.0216
3.72 -25.9592
3.725 -27.5958
3.73 -29.006
3.735 -30.1478
3.74 -30.8856
3.745 -31.2925
3.75 -31.2985
3.755 -31.3005
3.76 -31.3914
3.765 -31.6655
3.77 -32.0542
3.775 -32.3102
3.78 -32.5927
3.785 -32.8029
3.79 -31.0287
3.795 -30.418
3.8 -30.3274
3.805 -29.6667
3.81 -30.1502
3.815 -31.4852
3.82 -33.4598
3.825 -36.1055
3.83 -38.9464
3.835 -41.7764
3.84 -44.3113
3.845 -45.9333
3.85 -46.5598
3.855 -46.0007
3.86 -44.5286
3.865 -43.8635
3.87 -41.9507
3.875 -38.9335
3.88 -34.7618
3.885 -29.4695
3.89 -24.1969
3.895 -18.7169
3.9 -13.6634
3.905 -9.48073
3.91 -6.20388
3.915 -3.76139
3.92 -1.83157
3.925 -0.47577
3.93 0.379725
3.935 1.04207
3.94 1.41082
3.945 1.67204
3.95 1.84749
3.955 2.05849
3.96 2.32581
3.965 2.63384
3.97 3.08011
3.975 1.39605
3.98 0.431291
3.985 0.227341
3.99 0.687864
3.995 2.18565
4 6.87189
4.005 12.1167
4.01 17.3811
4.015 20.9356
4.02 24.396
4.025 25.275
4.03 26.1147
4.035 26.2208
4.04 25.6332
4.045 24.3173
4.05 22.4287
4.055 20.0594
4.06 17.4001
4.065 14.5138
4.07 11.3917
4.075 12.5444
4.08 9.76642
4.085 5.70156
4.09 2.32245
4.095 -0.863926
4.1 -3.55618
4.105 -6.3129
4.11 -8.43425
4.115 -9.8504
4.12 -10.1932
4.125 -9.81835
4.13 -8.73553
4.135 -6.75911
4.14 -3.72775
4.145 0.501477
4.15 5.72192
4.155 11.7231
4.16 18.1169
4.165 24.4474
4.17 34.2536
4.175 40.6298
4.18 45.7307
4.185 47.9615
4.19 47.611
4.195 45.6777
4.2 41.7648
4.205 36.5744
4.21 30.5224
4.215 24.0959
4.22 17.6747
4.225 12.1048
4.23 6.93962
4.235 1.79581
4.24 -2.02596
4.245 -4.06403
4.25 -4.68982
4.255 -4.1128
4.26 -2.65017
4.265 -0.73301
4.27 1.66066
4.275 4.39276
4.28 7.2542
4.285 9.94784
4.29 11.1229
4.295 12.2942
4.3 13.0912
4.305 13.5829
4.31 13.7245
4.315 13.4629
4.32 12.8627
4.325 12.064
4.33 11.3354
4.335 10.815
4.34 10.4136
4.345 10.19
4.35 10.033
4.355 9.98167
4.36 10.0166
4.365 9.84375
4.37 9.85383
4.375 10.0635
4.38 10.4691
4.385 11.0301
4.39 11.733
4.395 12.4752
4.4 13.2347
4.405 14.5128
4.41 15.5379
4.415 16.4346
4.42 17.4885
4.425 18.8304
4.43 20.3097
4.435 21.8344
4.44 23.1008
4.445 23.9828
4.45 24.3914
4.455 24.203
4.46 23.3159
4.465 21.6373
4.47 19.2354
4.475 16.1936
4.48 12.7873
4.485 9.21455
4.49 5.82292
4.495 2.93591
4.5 0.82776
4.505 -0.908423
4.51 -1.14124
4.515 -0.155195
4.52 1.95073
4.525 5.06398
4.53 8.74424
4.535 12.7633
4.54 16.9275
4.545 20.9369
4.55 24.3753
4.555 26.7453
4.56 27.6226
4.565 28.4183
4.57 27.667
4.575 24.6324
4.58 19.8768
4.585 13.8463
4.59 7.06947
4.595 0.192585
4.6 -6.30458
4.605 -11.0675
4.61 -14.6407
4.615 -16.7206
4.62 -17.2499
4.625 -16.2749
4.63 -13.9863
4.635 -10.6852
4.64 -7.17606
4.645 -3.23316
4.65 0.839972
4.655 4.7218
4.66 8.17493
4.665 11.1372
4.67 13.7312
4.675 16.1726
4.68 18.5835
4.685 21.2393
4.69 24.1701
4.695 27.5609
4.7 31.3113
4.705 35.3878
4.71 39.6375
4.715 43.9085
4.72 48.067
4.725 51.8565
4.73 55.3155
4.735 58.0346
4.74 60.0087
4.745 60.9318
4.75 60.7844
4.755 59.4294
4.76 57.0993
4.765 53.9002
4.77 49.7912
4.775 44.6705
4.78 38.542
4.785 28.391
4.79 19.2712
4.795 9.93295
4.8 1.16347
4.805 -6.51548
4.81 -12.7911
4.815 -17.3917
4.82 -20.2609
4.825 -23.8225
4.83 -24.4282
4.835 -23.6675
4.84 -20.2043
4.845 -17.7598
4.85 -15.8346
4.855 -14.6505
4.86 -14.3483
4.865 -14.9301
4.87 -16.2696
4.875 -18.1963
4.88 -20.4562
4.885 -22.8723
4.89 -25.227
4.895 -27.1607
4.9 -28.2639
4.905 -28.3321
4.91 -27.1955
4.915 -24.9055
4.92 -21.3353
4.925 -16.6393
4.93 -11.1865
4.935 -5.43291
4.94 0.0593613
4.945 4.86989
4.95 8.71001
4.955 11.3275
4.96 12.6836
4.965 12.8794
4.97 12.0343
4.975 10.3638
4.98 8.04023
4.985 5.38285
4.99 2.84658
4.995 0.981473
5 0.186926
5.005 1.67847
5.01 4.3929
5.015 8.32626
5.02 13.2844
5.025 18.8899
5.03 25.1399
5.035 31.0572
5.04 36.3146
5.045 40.6585
5.05 43.9844
5.055 46.2309
5.06 47.4365
5.065 47.7061
5.07 49.0431
5.075 48.8344
5.08 46.7679
5.085 45.4836
5.09 44.8542
5.095 45.057
5.1 46.2489
5.105 48.6435
5.11 52.4176
5.115 57.537
5.12 63.8206
5.125 71.0458
5.13 78.7953
5.135 86.5855
5.14 94.1438
5.145 101.182
5.15 107.404
5.155 112.489
5.16 116.195
5.165 118.429
5.17 119.179
5.175 118.569
5.18 116.723
5.185 113.797
5.19 107.564
5.195 101.671
5.2 94.3918
5.205 87.904
5.21 82.4567
5.215 78.2023
5.22 75.1323
5.225 73.1006
5.23 69.4655
5.235 68.0747
5.24 70.5651
5.245 72.1618
5.25 73.7659
5.255 75.266
5.26 76.5414
5.265 77.4778
5.27 77.9963
5.275 77.9538
5.28 82.7007
5.285 83.8186
5.29 83.4724
5.295 81.626
5.3 78.3383
5.305 73.4981
5.31 67.5988
5.315 60.2174
5.32 52.0338
5.325 43.4934
5.33 35.16
5.335 27.3632
5.34 20.2023
5.345 13.7382
5.35 8.17379
5.355 3.39598
5.36 -0.568504
5.365 -3.77125
5.37 -6.14963
5.375 -7.93595
5.38 -9.45013
5.385 -11.0173
5.39 -12.8886
5.395 -16.2706
5.4 -19.6316
5.405 -23.4365
5.41 -27.7618
5.415 -32.7098
5.42 -38.398
5.425 -44.8978
5.43 -52.2611
5.435 -58.9621
5.44 -64.7057
5.445 -69.486
5.45 -73.3367
5.455 -76.7764
5.46 -79.7371
5.465 -82.4347
5.47 -85.1946
5.475 -88.2478
5.48 -91.5737
5.485 -94.3405
5.49 -97.6646
5.495 -101.188
5.5 -104.902
5.505 -108.917
5.51 -113.245
5.515 -112.96
5.52 -114.983
5.525 -141.854
5.53 -157.583
5.535 -174.682
5.54 -189.783
5.545 -203.484
5.55 -215.686
5.555 -228.554
5.56 -239.179
5.565 -213.125
5.57 -182.171
5.575 -152.583
5.58 -126.299
5.585 -140.954
5.59 -144.614
5.595 -148.642
5.6 -152.655
5.605 -155.803
5.61 -158.425
5.615 -157.772
5.62 -156.872
5.625 -154.601
5.63 -150.815
5.635 -145.305
5.64 -137.789
5.645 -128.134
5.65 -108.852
5.655 -92.1881
5.66 -75.5173
5.665 -59.5963
5.67 -45.0561
5.675 -32.4434
5.68 -22.1989
5.685 -14.6533
5.69 -11.993
5.695 -17.4916
5.7 -28.3104
5.705 -42.944
5.71 -59.7761
5.715 -77.2297
5.72 -93.7274
5.725 -107.841
5.73 -116.966
5.735 -120.035
5.74 -117.255
5.745 -109.085
5.75 -96.5017
5.755 -80.6957
5.76 -62.9672
5.765 -44.6579
5.77 -27.0024
5.775 -11.0644
5.78 2.11192
5.785 11.8409
5.79 17.9677
5.795 20.6313
5.8 20.1999
5.805 17.35
5.81 12.8894
5.815 7.60939
5.82 2.5704
5.825 -1.14818
5.83 -2.83903
5.835 -1.9724
5.84 1.68574
5.845 7.53098
5.85 15.299
5.855 24.496
5.86 31.4697
5.865 38.5811
5.87 45.6121
5.875 52.3161
5.88 58.6584
5.885 64.3286
5.89 69.1852
5.895 73.1078
5.9 76.15
5.905 101.99
5.91 117.718
5.915 134.222
5.92 150.571
5.925 164.027
5.93 178.032
5.935 187.051
5.94 192.485
5.945 194.54
5.95 193.389
5.955 189.479
5.96 183.296
5.965 175.267
5.97 165.721
5.975 57.7375
5.98 -6.21499
5.985 -59.6
5.99 -68.8317
5.995 -76.2804
6 -78.324
6.005 -75.51
6.01 -68.5432
6.015 -58.2658
6.02 -45.6102
6.025 -31.3236
6.03 -8.38314
6.035 12.8645
6.04 29.692
6.045 35.6724
6.05 43.4581
6.055 48.8056
6.06 51.0681
6.065 50.0494
6.07 42.2992
6.075 30.1508
6.08 14.2637
6.085 -3.95208
6.09 -23.0385
6.095 -41.647
6.1 -58.3974
6.105 -71.4744
6.11 -80.7727
6.115 -85.7045
6.12 -86.0221
6.125 -81.9791
6.13 -74.5172
6.135 -63.9592
6.14 -51.2004
6.145 -37.2317
6.15 -22.4706
6.155 -8.96423
6.16 2.28339
6.165 10.5601
6.17 15.4571
6.175 16.8561
6.18 14.7823
6.185 9.43652
6.19 1.34297
6.195 -8.87497
6.2 -20.4084
6.205 -32.5663
6.21 -44.6308
6.215 -55.9149
6.22 -65.7371
6.225 -73.4906
6.23 -78.5864
6.235 -80.4821
6.24 -79.0041
6.245 -74.2158
6.25 -66.4562
6.255 -56.3064
6.26 -44.3858
6.265 -45.2312
6.27 -43.6368
6.275 -41.6641
6.28 -41.2142
6.285 -40.7594
6.29 -40.5903
6.295 -38.8801
6.3 -38.0547
6.305 -37.4922
6.31 -36.9629
6.315 -36.3082
6.32 -35.5894
6.325 -34.6778
6.33 -33.5885
6.335 -32.1946
6.34 -30.3803
6.345 -28.0887
6.35 21.432
6.355 64.6642
6.36 103.758
6.365 137.087
6.37 163.1
6.375 180.798
6.38 189.678
6.385 189.654
6.39 181.257
6.395 165.447
6.4 143.417
6.405 112.293
6.41 77.1595
6.415 40.1423
6.42 3.76148
6.425 -29.7081
6.43 -58.542
6.435 -81.4761
6.44 -97.5782
6.445 -105.991
6.45 -106.971
6.455 -101.563
6.46 -91.0826
6.465 -77.2258
6.47 -61.6792
6.475 -45.8823
6.48 -31.4896
6.485 -19.579
6.49 -11.358
6.495 -6.60121
6.5 -5.30035
6.505 -7.19377
6.51 -13.763
6.515 -20.8216
6.52 -28.6224
6.525 -36.3595
6.53 -42.8599
6.535 -48.0077
6.54 -50.8971
6.545 -51.151
6.55 -48.65
6.555 -38.3672
6.56 -29.5748
6.565 -20.6143
6.57 -11.4021
6.575 -1.91917
6.58 7.51769
6.585 16.8176
6.59 25.7107
6.595 33.9895
6.6 41.4997
6.605 48.0944
6.61 53.6583
6.615 58.1574
6.62 62.3356
6.625 67.3312
6.63 70.0515
6.635 71.4344
6.64 71.5851
6.645 71.3756
6.65 69.916
6.655 67.437
6.66 64.088
6.665 59.8886
6.67 55.0512
6.675 49.7931
6.68 44.2396
6.685 38.5568
6.69 32.9037
6.695 23.4187
6.7 -45.9821
6.705 -80.4648
6.71 -106.863
6.715 -123.953
6.72 -131.701
6.725 -130.421
6.73 -120.862
6.735 -104.253
6.74 -78.9503
6.745 -48.7931
6.75 -16.4446
6.755 15.2956
6.76 44.0382
6.765 67.4401
6.77 84.8148
6.775 95.2338
6.78 98.3095
6.785 94.6145
6.79 85.1657
6.795 71.2122
6.8 54.5114
6.805 37.5876
6.81 20.4555
6.815 4.84997
6.82 -5.39633
6.825 -12.6857
6.83 -16.8504
6.835 -17.8913
6.84 -15.9736
6.845 -11.6011
6.85 -5.4122
6.855 1.98292
6.86 10.0035
6.865 18.1115
6.87 25.879
6.875 32.8601
6.88 38.6676
6.885 43.1617
6.89 46.5144
6.895 48.86
6.9 50.4895
6.905 51.5973
6.91 52.6098
6.915 53.8617
6.92 55.4246
6.925 57.3551
6.93 59.7503
6.935 62.5616
6.94 65.6157
6.945 68.9123
6.95 72.2631
6.955 66.7537
6.96 60.6625
6.965 54.8201
6.97 49.3681
6.975 43.1041
6.98 38.014
6.985 33.8515
6.99 30.5439
6.995 28.7697
7 27.0683
7.005 25.642
7.01 24.5696
7.015 24.454
7.02 25.089
7.025 26.5392
7.03 28.6256
7.035 31.1575
7.04 33.903
7.045 36.459
7.05 38.5279
7.055 39.9124
7.06 40.5829
7.065 40.5067
7.07 39.8104
7.075 38.7072
7.08 37.4076
7.085 35.8198
7.09 33.9556
7.095 31.824
7.1 29.4876
7.105 27.9274
7.11 25.9265
7.115 23.8998
7.12 27.9235
7.125 30.9983
7.13 33.3772
7.135 35.0297
7.14 36.007
7.145 36.2022
7.15 35.6659
7.155 34.4317
7.16 32.0826
7.165 28.657
7.17 24.4879
7.175 19.9435
7.18 15.443
7.185 11.2995
7.19 8.05367
7.195 6.02432
7.2 5.25788
7.205 5.67899
7.21 7.0091
7.215 9.06537
7.22 11.5169
7.225 13.9866
7.23 15.058
7.235 15.4357
7.24 14.8103
7.245 13.029
7.25 9.9562
7.255 19.4391
7.26 21.4015
7.265 22.0131
7.27 21.3975
7.275 21.1997
7.28 19.7355
7.285 17.4949
7.29 14.6889
7.295 11.5591
7.3 8.29845
7.305 5.06651
7.31 2.01757
7.315 -0.660493
7.32 -2.94791
7.325 -4.895
7.33 -6.61092
7.335 -8.3803
7.34 -10.2892
7.345 -12.4253
7.35 -17.2534
7.355 -61.4272
7.36 -93.0765
7.365 -120.237
7.37 -141.924
7.375 -157.024
7.38 -165.322
7.385 -166.92
7.39 -162.448
7.395 -152.75
7.4 -138.723
7.405 -119.574
7.41 -97.5249
7.415 -74.4487
7.42 -52.0454
7.425 -31.8008
7.43 -14.7183
7.435 -1.68083
7.44 6.89913
7.445 10.562
7.45 9.55378
7.455 4.924
7.46 -2.20117
7.465 -10.4922
7.47 -18.951
7.475 -26.5716
7.48 -31.3761
7.485 -34.5148
7.49 -34.9538
7.495 -32.517
7.5 -27.2652
7.505 -15.7172
7.51 -5.21667
7.515 5.58536
7.52 15.9624
7.525 25.192
7.53 32.7411
7.535 15.2857
7.54 10.3295
7.545 5.53792
7.55 -0.469535
7.555 -5.80823
7.56 -10.8987
7.565 -15.5492
7.57 -19.578
7.575 -22.8781
7.58 -25.4193
7.585 -27.254
7.59 -28.4801
7.595 -29.3178
7.6 -29.892
7.605 -30.3869
7.61 -29.2956
7.615 -29.2554
7.62 -29.4929
7.625 -30.1039
7.63 -31.1807
7.635 -32.7083
7.64 -34.5382
7.645 -36.5182
7.65 -38.5979
7.655 -40.5071
7.66 -42.0716
7.665 -40.8883
7.67 -19.6714
7.675 1.66584
7.68 20.9248
7.685 37.3425
7.69 50.4823
7.695 60.087
7.7 66.0427
7.705 68.2786
7.71 65.8608
7.715 60.8759
7.72 50.991
7.725 38.8241
7.73 25.3501
7.735 11.7504
7.74 -0.832291
7.745 -11.3814
7.75 -19.0146
7.755 -22.4172
7.76 -22.0022
7.765 -17.7549
7.77 -10.2235
7.775 -0.255149
7.78 10.5785
7.785 21.9937
7.79 33.3932
7.795 44.1405
7.8 53.5963
7.805 60.2714
7.81 65.7368
7.815 69.4241
7.82 71.1943
7.825 70.8624
7.83 68.701
7.835 65.0097
7.84 60.1898
7.845 54.7573
7.85 49.173
7.855 43.7946
7.86 38.8949
7.865 34.7279
7.87 31.1192
7.875 26.9078
7.88 23.172
7.885 19.5305
7.89 16.0704
7.895 12.8384
7.9 9.84343
7.905 7.02715
7.91 4.44552
7.915 2.17422
7.92 0.246908
7.925 -1.48232
7.93 -3.12292
7.935 -4.74998
7.94 -6.36385
7.945 -7.89502
7.95 -9.24272
7.955 -10.4002
7.96 -11.5864
7.965 -13.1022
7.97 -15.2373
7.975 -17.9216
7.98 -8.94071
7.985 -4.4231
7.99 -0.222052
7.995 3.66947
8 7.1585
8.005 12.4785
8.01 16.4442
8.015 19.976
8.02 23.0484
8.025 25.5801
8.03 27.5478
8.035 28.905
8.04 29.6003
8.045 29.6058
8.05 28.7106
8.055 26.8252
8.06 23.9986
8.065 20.4731
8.07 16.3264
8.075 11.6045
8.08 -33.1589
8.085 -68.4929
8.09 -98.6975
8.095 -122.7
8.1 -139.205
8.105 -147.717
8.11 -148.313
8.115 -141.513
8.12 -126.466
8.125 -101.156
8.13 -73.3841
8.135 -44.4656
8.14 -17.0724
8.145 7.12798
8.15 26.4337
8.155 39.6351
8.16 46.0421
8.165 45.6063
8.17 39.0411
8.175 28.1694
8.18 13.4346
8.185 -3.24376
8.19 -20.0634
8.195 -35.7435
8.2 -44.1652
8.205 -52.1344
8.21 -56.9644
8.215 -58.592
8.22 -56.9717
8.225 -52.3731
8.23 -45.4541
8.235 -37.0109
8.24 -27.7311
8.245 -32.3025
8.25 -33.3608
8.255 -33.8384
8.26 -34.9703
8.265 -35.572
8.27 -35.7731
8.275 -35.5789
8.28 -34.9647
8.285 -33.7283
8.29 -31.9325
8.295 -29.5981
8.3 -26.8265
8.305 -23.8163
8.31 -20.6727
8.315 -17.587
8.32 -14.5638
8.325 -11.5654
8.33 -8.57008
8.335 -5.64049
8.34 -2.79219
8.345 -0.0822102
8.35 2.43435
8.355 4.71209
8.36 9.36522
8.365 37.0454
8.37 58.235
8.375 76.6082
8.38 91.4498
8.385 102.286
8.39 108.809
8.395 110.274
8.4 107.658
8.405 101.501
8.41 92.6205
8.415 78.4367
8.42 63.0626
8.425 46.9698
8.43 31.4093
8.435 17.4407
8.44 5.69425
8.445 -3.23887
8.45 -8.63193
8.455 -10.6802
8.46 -9.69384
8.465 -6.11068
8.47 -0.513892
8.475 6.55777
8.48 13.6141
8.485 20.8379
8.49 27.0725
8.495 28.1324
8.5 29.4961
8.505 29.6486
8.51 28.5773
8.515 26.5381
8.52 23.8877
8.525 20.8432
8.53 17.6184
8.535 14.4022
8.54 11.5223
8.545 9.20073
8.55 7.5531
8.555 6.74341
8.56 6.87314
8.565 7.96563
8.57 13.3493
8.575 18.2855
8.58 23.5127
8.585 28.8785
8.59 34.2538
8.595 39.4714
8.6 44.4405
8.605 49.0939
8.61 53.4482
8.615 57.5195
8.62 63.0265
8.625 67.4761
8.63 71.1534
8.635 74.0662
8.64 76.1497
8.645 77.5417
8.65 78.451
8.655 78.9196
8.66 78.7706
8.665 78.0052
8.67 76.6897
8.675 74.8998
8.68 72.6488
8.685 70.1449
8.69 67.6029
8.695 65.2191
8.7 63.0786
8.705 61.1503
8.71 59.2982
8.715 53.8967
8.72 8.46303
8.725 -11.2268
8.73 -25.8893
8.735 -35.0437
8.74 -38.6509
8.745 -36.8062
8.75 -30.0902
8.755 -19.2338
8.76 -3.35973
8.765 14.5303
8.77 32.681
8.775 49.2741
8.78 63.4334
8.785 74.1465
8.79 80.859
8.795 83.2686
8.8 81.4793
8.805 75.7032
8.81 66.609
8.815 55.6454
8.82 43.7494
8.825 31.575
8.83 19.8873
8.835 9.43017
8.84 0.960125
8.845 -4.21669
8.85 -6.42467
8.855 -5.63246
8.86 -2.21515
8.865 3.20051
8.87 9.97474
8.875 17.8353
8.88 25.705
8.885 33.0439
8.89 39.1919
8.895 43.8444
8.9 46.7538
8.905 47.7862
8.91 46.9041
8.915 44.2412
8.92 40.0241
8.925 34.6294
8.93 28.5034
8.935 22.0749
8.94 14.0442
8.945 6.83384
8.95 0.147377
8.955 -5.96024
8.96 -11.4183
8.965 -16.0876
8.97 -19.7821
8.975 -22.3141
8.98 -24.9038
8.985 -26.3454
8.99 -27.0461
8.995 -27.1664
9 -26.9697
9.005 -26.5083
9.01 -25.8749
9.015 -25.1311
9.02 -24.084
9.025 -23.0431
9.03 -22.0383
9.035 -21.2163
9.04 -20.629
9.045 -20.4356
9.05 -20.6411
9.055 -21.1667
9.06 -21.9934
9.065 -23.0425
9.07 -24.2967
9.075 -25.7145
9.08 -27.4092
9.085 -29.2895
9.09 -31.2015
9.095 -32.9243
9.1 -32.7222
9.105 -32.6055
9.11 -20.4633
9.115 -12.7354
9.12 -6.77819
9.125 -2.87266
9.13 -1.0872
9.135 -1.50192
9.14 -4.11574
9.145 -10.53
9.15 -19.311
9.155 -29.8353
9.16 -41.4269
9.165 -53.1809
9.17 -64.2332
9.175 -73.6258
9.18 -81.2408
9.185 -86.8068
9.19 -90.2214
9.195 -91.6394
9.2 -91.403
9.205 -91.6191
9.21 -90.3547
9.215 -88.0221
9.22 -84.6882
9.225 -80.7298
9.23 -76.4162
9.235 -71.9795
9.24 -67.6523
9.245 -63.6814
9.25 -60.2772
9.255 -57.4158
9.26 -55.0574
9.265 -53.1922
9.27 -51.8822
9.275 -51.1865
9.28 -51.8497
9.285 -53.1547
9.29 -55.0375
9.295 -57.0757
9.3 -59.1967
9.305 -61.21
9.31 -62.9167
9.315 -64.2999
9.32 -65.2139
9.325 -65.582
9.33 -65.4236
9.335 -65.1494
9.34 -64.7412
9.345 -64.4115
9.35 -64.1976
9.355 -64.29
9.36 -64.6752
9.365 -65.4986
9.37 -66.7052
9.375 -68.2735
9.38 -69.9203
9.385 -72.1347
9.39 -74.7957
9.395 -77.436
9.4 -80.0902
9.405 -82.6879
9.41 -85.2282
9.415 -87.4508
9.42 -89.3749
9.425 -90.6733
9.43 -91.32
9.435 -91.354
9.44 -90.9636
9.445 -90.1447
9.45 -88.9747
9.455 -86.4259
9.46 -84.0433
9.465 -81.5185
9.47 -78.8212
9.475 -76.2702
9.48 -73.9332
9.485 -71.8068
9.49 -69.6053
9.495 -67.2454
9.5 -64.7314
9.505 -62.072
9.51 -59.2153
9.515 -53.4763
9.52 -48.761
9.525 -43.9297
9.53 -39.0953
9.535 -34.3006
9.54 -29.7126
9.545 -25.404
9.55 -21.5502
9.555 -18.3308
9.56 -15.5726
9.565 -13.303
9.57 -11.3817
9.575 -10.4751
9.58 -8.94583
9.585 -7.06199
9.59 -4.67495
9.595 -1.88004
9.6 1.20892
9.605 4.44322
9.61 7.73586
9.615 10.8959
9.62 13.8672
9.625 16.524
9.63 18.9584
9.635 20.9981
9.64 22.7055
9.645 24.12
9.65 25.1965
9.655 25.8625
9.66 25.9409
9.665 25.3857
9.67 24.4819
9.675 23.4987
9.68 22.5561
9.685 21.7845
9.69 21.2761
9.695 21.0594
9.7 21.0581
9.705 21.1987
9.71 21.4324
9.715 21.7225
9.72 22.226
9.725 22.8445
9.73 23.7939
9.735 25.0881
9.74 26.7102
9.745 28.5489
9.75 30.4406
9.755 32.2041
9.76 33.7707
9.765 33.3297
9.77 33.6684
9.775 34.1322
9.78 34.6807
9.785 35.2282
9.79 35.769
9.795 36.5261
9.8 37.0197
9.805 37.2693
9.81 49.6877
9.815 59.0496
9.82 67.4467
9.825 74.5949
9.83 81.9698
9.835 87.5469
9.84 91.6955
9.845 94.4161
9.85 95.7074
9.855 95.6218
9.86 94.3158
9.865 91.8592
9.87 88.4003
9.875 84.0434
9.88 78.598
9.885 72.6455
9.89 66.462
9.895 60.3314
9.9 50.8954
9.905 -10.7448
9.91 -45.0045
9.915 -71.9003
9.92 -90.7389
9.925 -100.456
9.93 -101.594
9.935 -94.9558
9.94 -81.6267
9.945 -63.0176
9.95 -36.9663
9.955 -9.22338
9.96 18.4635
9.965 43.6812
9.97 64.5542
9.975 79.7673
9.98 88.2489
9.985 90.2684
9.99 85.7366
9.995 75.4972
10 60.835
10.005 43.4896
10.01 24.5629
10.015 5.60949
10.02 -11.074
10.025 -25.7533
10.03 -36.543
10.035 -43.314
10.04 -45.829
10.045 -41.0259
10.05 -34.7299
10.055 -26.0848
10.06 -15.9433
10.065 -5.25867
10.07 5.10821
10.075 14.3333
10.08 21.7679
10.085 26.985
10.09 20.9095
10.095 15.7361
10.1 10.4017
10.105 5.0252
10.11 -0.263704
10.115 -5.31121
10.12 -9.9977
10.125 -14.1876
10.13 -17.8487
10.135 -21.5071
10.14 -24.456
10.145 -26.943
10.15 -28.9174
10.155 -30.3366
10.16 -31.0881
10.165 -31.2398
10.17 -30.8193
10.175 -29.8563
10.18 -28.4086
10.185 -26.5036
10.19 -24.1442
10.195 -21.2795
10.2 -17.9784
10.205 -14.3024
10.21 -10.2883
10.215 -5.90732
10.22 -1.29761
10.225 3.40031
10.23 8.25168
10.235 13.3656
10.24 18.7308
10.245 24.3183
10.25 30.0749
10.255 35.9231
10.26 41.8386
10.265 47.7395
10.27 53.5224
10.275 59.025
10.28 64.1214
10.285 68.6986
10.29 72.5735
10.295 70.0653
10.3 65.5852
10.305 58.8328
10.31 50.4524
10.315 41.1999
10.32 30.2307
10.325 20.5834
10.33 12.1847
10.335 16.6409
10.34 17.4826
10.345 19.2203
10.35 20.4601
10.355 21.3968
10.36 21.9982
10.365 22.225
10.37 22.0546
10.375 21.6056
10.38 21.0845
10.385 20.593
10.39 20.1373
10.395 19.7247
10.4 19.337
10.405 19.0593
10.41 18.9757
10.415 19.1657
10.42 19.5808
10.425 20.2213
10.43 21.1348
10.435 22.3822
10.44 23.9709
10.445 25.8828
10.45 28.1013
10.455 30.5442
10.46 33.2168
10.465 36.0896
10.47 39.0329
10.475 41.9751
10.48 44.8154
10.485 47.2785
10.49 49.01
10.495 48.4312
10.5 34.4577
10.505 22.3497
10.51 11.6004
10.515 2.67549
10.52 -4.17387
10.525 -8.65657
10.53 -10.6839
10.535 -10.3802
10.54 -8.02111
10.545 -4.0129
10.55 1.24494
10.555 8.24621
10.56 15.5509
10.565 22.7178
10.57 29.141
10.575 34.1859
10.58 37.5706
10.585 39.2199
10.59 39.1735
10.595 37.4619
10.6 34.1903
10.605 29.7168
10.61 24.4102
10.615 18.7969
10.62 13.2942
10.625 8.29342
10.63 4.0828
10.635 0.942661
10.64 -0.922611
10.645 -1.47861
10.65 -0.766382
10.655 1.02246
10.66 3.79698
10.665 7.23369
10.67 11.0272
10.675 14.8432
10.68 18.4423
10.685 21.6278
10.69 24.817
10.695 27.3177
10.7 28.9957
10.705 29.6471
10.71 29.3143
10.715 28.3994
10.72 27.0966
10.725 25.6521
10.73 24.2007
10.735 22.8196
10.74 21.6368
10.745 20.8703
10.75 20.6305
10.755 20.8793
10.76 21.6785
10.765 23.0379
10.77 24.9141
10.775 27.0599
10.78 29.2385
10.785 31.2204
10.79 32.8853
10.795 34.1025
10.8 34.6974
10.805 34.4882
10.81 33.3689
10.815 31.3807
10.82 27.0409
10.825 23.5917
10.83 20.0444
10.835 16.2288
10.84 12.116
10.845 7.93935
10.85 4.00153
10.855 0.462196
10.86 -2.36057
10.865 -4.43131
10.87 -6.68683
10.875 -8.59503
10.88 -10.0293
10.885 -11.1159
10.89 -11.988
10.895 -12.8139
10.9 -13.6279
10.905 -14.3429
10.91 -14.9714
10.915 -15.4763
10.92 -16.0644
10.925 -16.5779
10.93 -17.7412
10.935 -18.466
10.94 -19.0606
10.945 -19.4558
10.95 -19.7162
10.955 -19.7503
10.96 -19.6396
10.965 -19.4322
10.97 -18.8963
10.975 -17.8734
10.98 -16.1816
10.985 -13.9956
10.99 -11.4192
10.995 -8.85492
11 -6.40782
11.005 -4.23039
11.01 -2.26668
11.015 -0.433694
11.02 1.36614
11.025 3.03355
11.03 3.65704
11.035 3.3392
11.04 2.07026
11.045 0.00904469
11.05 -2.75391
11.055 -5.97159
11.06 -9.56536
11.065 -13.2333
11.07 -16.8015
11.075 -20.0089
11.08 -22.6306
11.085 -24.4708
11.09 -25.4281
11.095 -25.6789
11.1 -25.4278
11.105 -24.8621
11.11 -24.745
11.115 -24.1221
11.12 -23.3242
11.125 -22.5024
11.13 -21.8367
11.135 -21.6252
11.14 -22.0037
11.145 -22.9192
11.15 -24.2497
11.155 -25.8838
11.16 -27.7621
11.165 -29.9081
11.17 -32.331
11.175 -34.8271
11.18 -37.2755
11.185 -39.6047
11.19 -41.8628
11.195 -44.0601
11.2 -46.205
11.205 -48.1765
11.21 -49.8608
11.215 -51.3605
11.22 -52.6941
11.225 -53.849
11.23 -54.7159
11.235 -55.2792
11.24 -55.5369
11.245 -55.442
11.25 -54.9703
11.255 -54.404
11.26 -53.961
11.265 -53.7881
11.27 -53.8935
11.275 -54.0939
11.28 -54.2993
11.285 -54.2943
11.29 -54.1012
11.295 -53.8076
11.3 -53.6405
11.305 -53.5148
11.31 -53.4644
11.315 -53.6229
11.32 -54.1452
11.325 -55.0267
11.33 -56.1039
11.335 -57.3011
11.34 -58.3802
11.345 -59.2593
11.35 -59.8678
11.355 -60.269
11.36 -60.4746
11.365 -60.5535
11.37 -60.3909
11.375 -59.7471
11.38 -58.5023
11.385 -56.7811
11.39 -54.7056
11.395 -52.3274
11.4 -49.7651
11.405 -46.9652
11.41 -43.988
11.415 -39.5055
11.42 -35.6048
11.425 -31.8092
11.43 -28.2744
11.435 -35.865
11.44 -40.0693
11.445 -43.9468
11.45 -47.462
11.455 -50.5781
11.46 -53.1904
11.465 -55.2922
11.47 -56.6365
11.475 -57.1846
11.48 -57.0519
11.485 -56.515
11.49 -55.6646
11.495 -54.4613
11.5 -52.8498
11.505 -50.8161
11.51 -48.4214
11.515 -45.6686
11.52 -42.7313
11.525 -39.6173
11.53 -33.0033
11.535 10.1824
11.54 36.8413
11.545 61.3977
11.55 80.8868
11.555 95.3157
11.56 104.352
11.565 107.954
11.57 106.147
11.575 97.7209
11.58 85.514
11.585 70.6448
11.59 51.7177
11.595 32.9449
11.6 15.239
11.605 -0.107088
11.61 -12.0775
11.615 -19.9403
11.62 -23.454
11.625 -22.7467
11.63 -19.0695
11.635 -11.9835
11.64 -2.54907
11.645 8.47768
11.65 20.1166
11.655 31.4763
11.66 41.6816
11.665 50.0762
11.67 56.1073
11.675 59.3597
11.68 58.789
11.685 55.5133
11.69 49.8669
11.695 42.3396
11.7 33.5681
11.705 24.4813
11.71 15.7561
11.715 8.19584
11.72 2.33122
11.725 -1.27216
11.73 -2.42923
11.735 -1.02071
11.74 2.5595
11.745 7.86947
11.75 14.5596
11.755 22.0435
11.76 29.9619
11.765 37.7333
11.77 44.3197
11.775 49.6359
11.78 53.2364
11.785 54.9701
11.79 54.8451
11.795 51.5315
11.8 46.8864
11.805 41.1881
11.81 34.8034
11.815 28.2122
11.82 21.8412
11.825 16.0774
11.83 11.4295
11.835 7.82525
11.84 5.47347
11.845 4.26822
11.85 4.15983
11.855 4.96459
11.86 15.8609
11.865 24.7658
11.87 33.3521
11.875 41.2173
11.88 47.7989
11.885 52.8625
11.89 59.2913
11.895 63.2671
11.9 66.0701
11.905 67.7462
11.91 68.1728
11.915 67.4088
11.92 65.3949
11.925 62.2689
11.93 57.8637
11.935 52.7494
11.94 47.0314
11.945 40.8616
11.95 34.5418
11.955 28.2377
11.96 18.57
11.965 -46.8994
11.97 -83.8599
11.975 -113.751
11.98 -135.348
11.985 -147.906
11.99 -151.563
11.995 -146.885
12 -134.827
12.005 -116.772
12.01 -92.4577
12.015 -65.012
12.02 -36.9946
12.025 -10.7441
12.03 11.987
12.035 29.7679
12.04 41.7055
12.045 47.51
12.05 47.3203
12.055 41.1135
12.06 31.2934
12.065 18.8249
12.07 5.04908
12.075 -8.73678
12.08 -21.2252
12.085 -31.1869
12.09 -37.1796
12.095 -39.3791
12.1 -37.0673
12.105 -30.6236
12.11 -20.58
12.115 -7.8589
12.12 6.2198
12.125 20.9171
12.13 35.2147
12.135 48.2955
12.14 59.4862
12.145 68.1371
12.15 73.7203
12.155 75.9346
12.16 74.6172
12.165 70.2401
12.17 63.4934
12.175 55.1691
12.18 45.8962
12.185 36.3228
12.19 26.9055
12.195 18.1247
12.2 10.4002
12.205 4.31832
12.21 0.208862
12.215 -1.86684
12.22 -1.77923
12.225 -0.0638073
12.23 3.14045
12.235 7.29733
12.24 11.9745
12.245 16.7043
12.25 21.1762
12.255 24.9842
12.26 28.8673
12.265 31.5004
12.27 32.7572
12.275 32.5397
12.28 30.8703
12.285 27.8574
12.29 23.7695
12.295 19.0065
12.3 13.8103
12.305 8.60959
12.31 3.71085
12.315 -0.606745
12.32 -11.1118
12.325 -20.9068
12.33 -29.8151
12.335 -37.4863
12.34 -43.767
12.345 -50.9403
12.35 -56.0188
12.355 -59.7053
12.36 -61.8356
12.365 -62.5763
12.37 -62.0037
12.375 -60.26
12.38 -57.4539
12.385 -53.4516
12.39 -48.7947
12.395 -43.7197
12.4 -38.3128
12.405 -32.6743
12.41 -27.0559
12.415 -17.084
12.42 44.6631
12.425 78.1497
12.43 105.295
12.435 125.022
12.44 136.782
12.445 140.66
12.45 137.202
12.455 127.237
12.46 111.834
12.465 90.7198
12.47 65.3185
12.475 38.5746
12.48 12.6578
12.485 -10.5179
12.49 -29.2641
12.495 -42.5319
12.5 -49.8334
12.505 -51.4635
12.51 -47.2195
12.515 -38.6775
12.52 -27.0953
12.525 -13.8653
12.53 -0.163636
12.535 12.8008
12.54 23.7597
12.545 31.2785
12.55 34.9525
12.555 34.2131
12.56 29.7284
12.565 21.6951
12.57 10.7842
12.575 -2.1178
12.58 -15.8337
12.585 -29.3166
12.59 -41.7476
12.595 -51.6756
12.6 -58.5756
12.605 -62.0296
12.61 -62.1301
12.615 -58.8752
12.62 -52.6214
12.625 -44.0051
12.63 -33.623
12.635 -22.15
12.64 -10.4029
12.645 0.948801
12.65 11.2266
12.655 20.1145
12.66 27.093
12.665 31.5612
12.67 33.2892
12.675 32.3879
12.68 29.0364
12.685 24.0175
12.69 17.5106
12.695 10.3042
12.7 3.16706
12.705 9.85842
12.71 15.3869
12.715 20.7841
12.72 25.9844
12.725 32.2657
12.73 37.9793
12.735 43.2229
12.74 47.9133
12.745 51.9061
12.75 55.6568
12.755 58.6325
12.76 61.0173
12.765 62.7229
12.77 63.6429
12.775 63.6935
12.78 62.9146
12.785 61.5103
12.79 59.666
12.795 57.5725
12.8 55.275
12.805 48.9544
12.81 -15.4393
12.815 -50.2833
12.82 -79.2728
12.825 -100.86
12.83 -114.492
12.835 -120.128
12.84 -118.16
12.845 -109.398
12.85 -95.0226
12.855 -76.5195
12.86 -52.4549
12.865 -27.3758
12.87 -2.84542
12.875 19.0753
12.88 36.7826
12.885 49.1872
12.89 55.8153
12.895 56.7
12.9 52.2697
12.905 42.5554
12.91 29.3894
12.915 14.003
12.92 -2.26503
12.925 -17.9142
12.93 -31.611
12.935 -42.2704
12.94 -48.8506
12.945 -50.3186
12.95 -47.8798
12.955 -41.7728
12.96 -32.6839
12.965 -21.4287
12.97 -9.10635
12.975 3.7223
12.98 15.9825
12.985 26.6959
12.99 35.054
12.995 40.4423
13 42.4814
13.005 41.1191
13.01 36.5414
13.015 29.1995
13.02 19.8078
13.025 9.15937
13.03 -1.89771
13.035 -12.6184
13.04 -22.3928
13.045 -30.6516
13.05 -35.4203
13.055 -38.7958
13.06 -40.1857
13.065 -39.7512
13.07 -37.657
13.075 -34.1892
13.08 -29.6589
13.085 -24.4203
13.09 -18.8608
13.095 -13.3138
13.1 -8.15169
13.105 -3.66783
13.11 -0.138754
13.115 2.24653
13.12 -8.74972
13.125 -16.5268
13.13 -24.1638
13.135 -31.3557
13.14 -39.1326
13.145 -45.933
13.15 -51.8419
13.155 -56.8694
13.16 -61.0022
13.165 -64.2678
13.17 -65.0549
13.175 -65.8292
13.18 -65.7792
13.185 -65.0113
13.19 -63.6494
13.195 -61.7085
13.2 -59.2712
13.205 -56.4154
13.21 -53.3113
13.215 -50.0643
13.22 -42.1247
13.225 18.6404
13.23 52.4162
13.235 81.1346
13.24 103.682
13.245 119.239
13.25 127.104
13.255 127.684
13.26 117.881
13.265 103.947
13.27 83.6287
13.275 58.3686
13.28 31.1106
13.285 4.16739
13.29 -20.3826
13.295 -40.851
13.3 -55.9638
13.305 -65.1089
13.31 -67.5345
13.315 -63.7203
13.32 -54.8377
13.325 -42.2637
13.33 -27.4563
13.335 -12.0064
13.34 2.62661
13.345 15.1443
13.35 23.4797
13.355 28.5328
13.36 25.8947
13.365 21.4044
13.37 14.1372
13.375 4.84068
13.38 -5.63238
13.385 -15.9958
13.39 -25.9005
13.395 -34.4072
13.4 -40.8901
13.405 -35.0969
13.41 -31.3172
13.415 -27.5471
13.42 -23.7497
13.425 -19.9903
13.43 -16.1905
13.435 -12.3275
13.44 -8.54958
13.445 -4.95442
13.45 -1.42673
13.455 2.07512
13.46 5.47239
13.465 8.65846
13.47 11.3979
13.475 13.5523
13.48 15.1155
13.485 16.1662
13.49 17.6688
13.495 18.631
13.5 19.3525
13.505 19.653
13.51 19.6203
13.515 19.329
13.52 18.8453
13.525 18.2183
13.53 17.3958
13.535 16.4101
13.54 15.2482
13.545 14.0172
13.55 12.6907
13.555 11.4448
13.56 10.0676
13.565 8.63617
13.57 7.08546
13.575 5.36241
13.58 3.55252
13.585 1.72274
13.59 -0.0317749
13.595 -1.89239
13.6 -3.77689
13.605 -5.31872
13.61 -6.99653
13.615 -8.79514
13.62 -10.5419
13.625 -10.664
13.63 -9.99148
13.635 -8.47782
13.64 -6.23758
13.645 -3.29844
13.65 0.0665369
13.655 3.71201
13.66 7.36972
13.665 11.0287
13.67 14.5762
13.675 17.6948
13.68 20.1639
13.685 21.7884
13.69 22.6167
13.695 22.6833
13.7 22.2851
13.705 21.3772
13.71 20.0659
13.715 18.1368
13.72 15.5874
13.725 12.4548
13.73 8.85037
13.735 5.19897
13.74 1.88418
13.745 -0.919757
13.75 -3.47444
13.755 -5.56166
13.76 -7.20206
13.765 -8.25667
13.77 -8.74021
13.775 -8.64785
13.78 -8.12082
13.785 -7.24116
13.79 -5.76162
13.795 -3.9135
13.8 -1.67062
13.805 0.662251
13.81 2.97249
13.815 5.02088
13.82 6.80659
13.825 7.93793
13.83 8.38865
13.835 8.16775
13.84 7.38959
13.845 5.57617
13.85 2.75754
13.855 -0.707476
13.86 -4.50444
13.865 -8.26007
13.87 -11.8266
13.875 -14.8319
13.88 -17.2166
13.885 -18.9193
13.89 -20.1284
13.895 -20.7154
13.9 -20.7201
13.905 -20.0887
13.91 -18.8846
13.915 -17.4024
13.92 -15.924
13.925 -15.1465
13.93 -13.7741
13.935 -12.3499
13.94 -10.9256
13.945 -9.64878
13.95 -8.47208
13.955 -7.35457
13.96 -6.25056
13.965 -5.24329
13.97 -4.23574
13.975 -3.32531
13.98 -2.58221
13.985 -1.83944
13.99 -1.05297
13.995 -0.0431982
14 1.19118
14.005 2.73374
14.01 4.2986
14.015 5.76033
14.02 6.957
14.025 8.09992
14.03 9.14267
14.035 10.2506
14.04 11.3138
14.045 12.3274
14.05 13.3618
14.055 14.2479
14.06 15.0544
14.065 15.7279
14.07 16.4335
14.075 16.9648
14.08 17.5493
14.085 18.1757
14.09 19.0307
14.095 20.0241
14.1 21.0575
14.105 22.1408
14.11 23.1561
14.115 24.0622
14.12 24.8762
14.125 25.7337
14.13 26.6456
14.135 27.6665
14.14 28.7129
14.145 29.7033
14.15 30.4446
14.155 30.8807
14.16 30.9238
14.165 30.6694
14.17 30.1587
14.175 29.3607
14.18 28.2639
14.185 26.908
14.19 25.3844
14.195 23.685
14.2 21.8924
14.205 19.9139
14.21 17.7023
14.215 15.2315
14.22 12.694
14.225 10.1676
14.23 7.75244
14.235 5.50498
14.24 3.50963
14.245 1.8087
14.25 0.368529
14.255 -0.78044
14.26 -2.3261
14.265 -3.48571
14.27 -4.37582
14.275 -4.98953
14.28 -5.33554
14.285 -5.30171
14.29 -4.90879
14.295 -4.18724
14.3 -3.16708
14.305 -1.83429
14.31 -0.301904
14.315 1.30993
14.32 2.84445
14.325 4.27381
14.33 5.54556
14.335 6.49935
14.34 7.07591
14.345 7.18558
14.35 7.03794
14.355 6.75345
14.36 6.49286
14.365 6.28919
14.37 6.18862
14.375 9.2477
14.38 12.3679
14.385 15.6431
14.39 18.9665
14.395 22.6626
14.4 26.1997
14.405 29.62
14.41 32.8034
14.415 35.6811
14.42 38.1608
14.425 40.2469
14.43 41.773
14.435 42.7288
14.44 43.1547
14.445 43.0699
14.45 42.3586
14.455 41.218
14.46 39.7867
14.465 38.0143
14.47 35.9877
14.475 33.6368
14.48 31.0616
14.485 28.3076
14.49 25.4322
14.495 22.4709
14.5 19.4707
14.505 16.5658
14.51 13.765
14.515 8.51793
14.52 -24.6578
14.525 -42.0538
14.53 -56.0777
14.535 -66.3056
14.54 -72.5125
14.545 -74.643
14.55 -72.9315
14.555 -67.8919
14.56 -59.3692
14.565 -48.1444
14.57 -35.9202
14.575 -23.7682
14.58 -12.7824
14.585 -3.94922
14.59 2.16406
14.595 5.23163
14.6 5.31576
14.605 2.38359
14.61 -2.94493
14.615 -10.0184
14.62 -18.2767
14.625 -26.9082
14.63 -35.1936
14.635 -42.4921
14.64 -48.2105
14.645 -52.0382
14.65 -53.9244
14.655 -53.8728
14.66 -51.9032
14.665 -48.3401
14.67 -43.5551
14.675 -38.1436
14.68 -32.5192
14.685 -27.2217
14.69 -22.6683
14.695 -19.0475
14.7 -16.4012
14.705 -14.6728
14.71 -13.9274
14.715 -13.9197
14.72 -14.3251
14.725 -15.4426
14.73 -16.9368
14.735 -18.4594
14.74 -19.7148
14.745 -20.5519
14.75 -20.8536
14.755 -20.5537
14.76 -19.3307
14.765 -17.1379
14.77 -14.0588
14.775 -10.3328
14.78 -6.0632
14.785 -1.53464
14.79 3.09712
14.795 7.61797
14.8 11.7544
14.805 15.415
14.81 18.5645
14.815 21.1842
14.82 23.3306
14.825 25.0365
14.83 26.2108
14.835 22.8052
14.84 20.6383
14.845 18.6617
14.85 16.9693
14.855 15.7265
14.86 15.0037
14.865 14.7455
14.87 14.9091
14.875 15.4033
14.88 16.4218
14.885 17.4557
14.89 18.9741
14.895 20.8144
14.9 22.8562
14.905 24.932
14.91 26.9347
14.915 28.7595
14.92 30.2848
14.925 31.4555
14.93 31.2263
14.935 30.0415
14.94 28.0139
14.945 25.0668
14.95 21.5934
14.955 17.8318
14.96 13.9884
14.965 10.2866
14.97 6.93383
14.975 3.98284
14.98 1.56352
14.985 -0.232724
14.99 -1.33128
14.995 -1.80252
15 -1.62796
15.005 -0.947104
15.01 0.108828
15.015 1.46337
15.02 3.17489
15.025 4.89053
15.03 6.38116
15.035 7.47728
15.04 8.05264
15.045 8.07511
15.05 7.43643
15.055 6.23432
15.06 4.51543
15.065 2.35474
15.07 -0.231307
15.075 -3.06831
15.08 -6.00608
15.085 -8.91128
15.09 -11.5768
15.095 -13.9387
15.1 -15.9207
15.105 -17.5427
15.11 -18.7215
15.115 -19.4979
15.12 -19.8959
15.125 -20.0246
15.13 -20.0487
15.135 -19.9807
15.14 -19.907
15.145 -19.7869
15.15 -19.7595
15.155 -19.8729
15.16 -20.2518
15.165 -21.0013
15.17 -21.6968
15.175 -22.802
15.18 -24.0061
15.185 -25.1703
15.19 -26.2855
15.195 -27.4721
15.2 -28.7147
15.205 -30.0626
15.21 -31.3908
15.215 -32.4931
15.22 -33.2162
15.225 -35.4243
15.23 -36.8044
15.235 -37.9217
15.24 -38.7036
15.245 -39.3544
15.25 -39.4117
15.255 -39.0284
15.26 -38.3894
15.265 -37.4853
15.27 -36.3092
15.275 -34.8646
15.28 -33.2615
15.285 -31.6355
15.29 -29.9925
15.295 -28.3205
15.3 -26.6635
15.305 -24.9885
15.31 -23.3473
15.315 -21.7886
15.32 -20.3434
15.325 -18.9949
15.33 -17.6192
15.335 -16.1387
15.34 -14.4662
15.345 -12.6402
15.35 -10.7209
15.355 -8.74108
15.36 -6.65094
15.365 -4.508
15.37 -2.31979
15.375 -0.0848424
15.38 2.21417
15.385 4.55206
15.39 6.91871
15.395 9.2747
15.4 11.6311
15.405 13.9907
15.41 16.2761
15.415 15.8751
15.42 14.6854
15.425 12.4726
15.43 9.63692
15.435 6.53798
15.44 3.4603
15.445 0.762364
15.45 -1.25032
15.455 -3.1895
15.46 -4.25413
15.465 -4.57536
15.47 -4.10279
15.475 -2.87476
15.48 -1.10961
15.485 1.01535
15.49 7.34004
15.495 11.6954
15.5 15.6903
15.505 19.5886
15.51 22.8933
15.515 25.6387
15.52 27.8023
15.525 29.3631
15.53 30.1812
15.535 30.2366
15.54 29.6054
15.545 28.4583
15.55 26.919
15.555 24.9747
15.56 22.8255
15.565 20.4984
15.57 17.9834
15.575 15.3086
15.58 12.6169
15.585 9.98464
15.59 7.57872
15.595 5.42104
15.6 3.6177
15.605 1.2484
15.61 -0.690491
15.615 -11.4082
15.62 -20.1681
15.625 -27.263
15.63 -32.3391
15.635 -35.4574
15.64 -36.7558
15.645 -36.4109
15.65 -34.7415
15.655 -32.0188
15.66 -28.3757
15.665 -23.9843
15.67 -19.4822
15.675 -15.1266
15.68 -11.2432
15.685 -8.11972
15.69 -6.0674
15.695 -5.15601
15.7 -5.50922
15.705 -6.87131
15.71 -8.95823
15.715 -11.5058
15.72 -14.2698
15.725 -16.9556
15.73 -19.1449
15.735 -20.5935
15.74 -20.9177
15.745 -20.0377
15.75 -18.0107
15.755 -13.0843
15.76 -8.55563
15.765 -3.83542
15.77 0.785794
15.775 5.13473
15.78 2.65364
15.785 0.944233
15.79 -0.345327
15.795 -1.31975
15.8 -2.14971
15.805 -2.79366
15.81 -4.3126
15.815 -5.32583
15.82 -6.10182
15.825 -6.65267
15.83 -6.94074
15.835 -7.02879
15.84 -6.96031
15.845 -6.82717
15.85 -6.50133
15.855 -6.03537
15.86 -5.46587
15.865 -4.95213
15.87 -4.4367
15.875 -4.06129
15.88 -3.73098
15.885 -3.28409
15.89 -2.64334
15.895 -1.97388
15.9 -1.3168
15.905 -0.687356
15.91 -0.258247
15.915 0.0713099
15.92 0.409731
15.925 0.900345
15.93 1.5376
15.935 2.38836
15.94 3.31842
15.945 4.69053
15.95 6.40296
15.955 9.82891
15.96 13.3087
15.965 32.2841
15.97 45.0822
15.975 55.2826
15.98 62.5598
15.985 66.6497
15.99 67.4759
15.995 65.3632
16 60.6498
16.005 51.8625
16.01 41.2888
16.015 29.4072
16.02 17.0382
16.025 5.02992
16.03 -5.81073
16.035 -14.7808
16.04 -21.2518
16.045 -24.9048
16.05 -25.8047
16.055 -24.2265
16.06 -20.6464
16.065 -15.7587
16.07 -10.2102
16.075 -4.12611
16.08 1.96123
16.085 6.68516
16.09 10.8343
16.095 13.981
16.1 16.0886
16.105 17.1011
16.11 17.0325
16.115 15.373
16.12 12.6493
16.125 9.07411
16.13 5.05852
16.135 0.8122
16.14 -3.29593
16.145 -7.23088
16.15 -10.74
16.155 -13.5873
16.16 -15.5952
16.165 -16.8907
16.17 -17.2577
16.175 -16.8964
16.18 -16.0717
16.185 -14.862
16.19 -13.3412
16.195 -11.5653
16.2 -9.7531
16.205 -8.10617
16.21 -6.61537
16.215 -5.42213
16.22 -4.38329
16.225 -3.56963
16.23 -2.83864
16.235 -2.44218
16.24 -2.38855
16.245 -2.58559
16.25 -2.86463
16.255 -3.12973
16.26 -3.20335
16.265 -2.96579
16.27 -2.39555
16.275 -1.23151
16.28 2.50376
16.285 6.18832
16.29 9.94491
16.295 13.7313
16.3 17.2872
16.305 20.5716
16.31 23.6251
16.315 26.568
16.32 29.6107
16.325 32.7037
16.33 35.8031
16.335 38.6041
16.34 41.0579
16.345 43.8772
16.35 46.0761
16.355 47.791
16.36 49.1729
16.365 50.3718
16.37 51.2904
16.375 51.973
16.38 52.4848
16.385 52.9449
16.39 53.3134
16.395 53.7281
16.4 54.0603
16.405 54.3302
16.41 54.4036
16.415 54.128
16.42 53.5624
16.425 52.6064
16.43 51.5574
16.435 50.5674
16.44 49.7438
16.445 48.9105
16.45 48.0448
16.455 46.9542
16.46 45.6697
16.465 44.0521
16.47 42.1366
16.475 36.907
16.48 1.48081
16.485 -16.3603
16.49 -30.9282
16.495 -41.6312
16.5 -48.3525
16.505 -50.9702
16.51 -49.8766
16.515 -45.5836
16.52 -38.1457
16.525 -27.7362
16.53 -16.0676
16.535 -4.17392
16.54 6.77971
16.545 15.8198
16.55 22.4771
16.555 26.2504
16.56 26.953
16.565 24.3496
16.57 19.1526
16.575 12.0151
16.58 3.64218
16.585 -5.13281
16.59 -13.6111
16.595 -21.2084
16.6 -27.3619
16.605 -31.6829
16.61 -34.0385
16.615 -34.2986
16.62 -32.6857
16.625 -29.452
16.63 -24.9611
16.635 -19.6899
16.64 -14.1223
16.645 -8.82636
16.65 -4.29782
16.655 -0.993505
16.66 0.923639
16.665 1.21173
16.67 0.0342701
16.675 -1.95803
16.68 -4.73637
16.685 -8.21822
16.69 -12.093
16.695 -16.1249
16.7 -19.9807
16.705 -23.2444
16.71 -25.8257
16.715 -27.4714
16.72 -28.0696
16.725 -27.3853
16.73 -25.6468
16.735 -22.9244
16.74 -19.4303
16.745 -15.3621
16.75 -20.5085
16.755 -23.5642
16.76 -26.4457
16.765 -29.1438
16.77 -32.9002
16.775 -36.0716
16.78 -38.7503
16.785 -40.9692
16.79 -42.5178
16.795 -43.4682
16.8 -43.8159
16.805 -43.6934
16.81 -43.0569
16.815 -41.9717
16.82 -40.3586
16.825 -37.861
16.83 -34.6125
16.835 -30.6414
16.84 -26.3272
16.845 -21.7462
16.85 -13.897
16.855 28.414
16.86 55.9743
16.865 78.4945
16.87 95.2349
16.875 105.587
16.88 109.469
16.885 107.108
16.89 98.9719
16.895 85.9483
16.9 65.2363
16.905 41.853
16.91 17.1204
16.915 -7.1171
16.92 -29.1453
16.925 -47.5422
16.93 -61.3726
16.935 -70.177
16.94 -73.2756
16.945 -71.5175
16.95 -65.585
16.955 -56.5182
16.96 -45.4788
16.965 -33.6768
16.97 -23.086
16.975 -13.2381
16.98 -5.43137
16.985 -3.57846
16.99 -2.18996
16.995 -2.86273
17 -5.35427
17.005 -9.33363
17.01 -14.2163
17.015 -19.622
17.02 -24.8543
17.025 -29.3264
17.03 -32.7251
17.035 -34.8053
17.04 -35.4426
17.045 -34.5072
17.05 -32.136
17.055 -28.4009
17.06 -23.6817
17.065 -18.528
17.07 -13.3284
17.075 -8.35031
17.08 -3.86719
17.085 -0.224485
17.09 5.13136
17.095 9.0917
17.1 12.5119
17.105 15.3132
17.11 17.6799
17.115 19.0919
17.12 19.6831
17.125 19.5659
17.13 18.847
17.135 18.7512
17.14 17.3913
17.145 15.488
17.15 13.2465
17.155 10.812
17.16 8.23121
17.165 5.61266
17.17 3.09623
17.175 0.805045
17.18 -1.22427
17.185 -2.92256
17.19 -4.21225
17.195 -5.08136
17.2 -5.57521
17.205 -5.37173
17.21 -5.12494
17.215 -4.58459
17.22 -3.83037
17.225 -2.9619
17.23 -1.9912
17.235 -1.03842
17.24 -0.161802
17.245 0.580972
17.25 1.99261
17.255 3.55299
17.26 5.1846
17.265 6.74819
17.27 8.16675
17.275 9.44015
17.28 10.5668
17.285 11.5533
17.29 12.4058
17.295 13.0409
17.3 13.4227
17.305 13.5356
17.31 13.4497
17.315 13.2318
17.32 12.9665
17.325 12.7122
17.33 12.5578
17.335 12.5118
17.34 12.6205
17.345 12.8855
17.35 13.4095
17.355 14.201
17.36 15.1598
17.365 16.1331
17.37 16.9542
17.375 17.6093
17.38 18.2213
17.385 18.9224
17.39 19.7067
17.395 20.4726
17.4 21.0137
17.405 21.2299
17.41 20.9993
17.415 19.8816
17.42 17.9863
17.425 15.6136
17.43 13.0365
17.435 10.4842
17.44 8.04051
17.445 5.71892
17.45 3.6668
17.455 1.95102
17.46 0.631632
17.465 -0.265609
17.47 -0.644303
17.475 -0.60099
17.48 -0.132726
17.485 0.578002
17.49 1.47065
17.495 2.28366
17.5 2.39077
17.505 2.31119
17.51 2.0789
17.515 1.74739
17.52 1.33835
17.525 0.864217
17.53 0.32619
17.535 -0.256923
17.54 -0.968104
17.545 -1.7341
17.55 -2.58364
17.555 -3.37891
17.56 -3.98029
17.565 -4.29644
17.57 -4.40406
17.575 -4.3377
17.58 -4.31416
17.585 -4.39037
17.59 -4.45652
17.595 -1.9121
17.6 -0.762613
17.605 0.103319
17.61 0.786335
17.615 1.18102
17.62 1.75263
17.625 1.96053
17.63 1.89257
17.635 1.3988
17.64 0.515213
17.645 -0.732294
17.65 -2.4152
17.655 -4.37317
17.66 -6.66315
17.665 -8.98763
17.67 -11.2282
17.675 -13.356
17.68 -15.5073
17.685 -17.7235
17.69 -20.0348
17.695 -22.224
17.7 -24.0928
17.705 -25.6611
17.71 -26.9467
17.715 -27.9708
17.72 -28.069
17.725 -27.6572
17.73 -26.7013
17.735 -25.4177
17.74 -23.9457
17.745 -22.3989
17.75 -20.9449
17.755 -19.5726
17.76 -18.3187
17.765 -16.9414
17.77 -15.4278
17.775 -12.8932
17.78 -10.9589
17.785 -9.39334
17.79 -8.32112
17.795 -7.58194
17.8 -7.12999
17.805 -6.84064
17.81 -6.64395
17.815 -6.54904
17.82 -6.55486
17.825 -6.78211
17.83 -6.90782
17.835 -6.86478
17.84 -6.45262
17.845 -5.74519
17.85 -4.81393
17.855 -3.86693
17.86 -3.01092
17.865 -2.20622
17.87 -1.35889
17.875 -0.480734
17.88 0.256376
17.885 0.940378
17.89 1.19277
17.895 1.16468
17.9 0.791976
17.905 0.177439
17.91 -0.6405
17.915 -1.56035
17.92 -2.55091
17.925 -3.53948
17.93 -4.48829
17.935 -5.43407
17.94 -6.22134
17.945 -6.82651
17.95 -7.30222
17.955 -7.67013
17.96 -7.8583
17.965 -7.90967
17.97 -8.64164
17.975 -9.04175
17.98 -9.32101
17.985 -9.484
17.99 -9.48945
17.995 -9.29726
18 -8.98788
18.005 -8.4862
18.01 -7.83714
18.015 -7.02583
18.02 -6.36783
18.025 -5.88246
18.03 -5.59642
18.035 -5.40989
18.04 -5.33771
18.045 -5.28987
18.05 -5.17807
18.055 -5.03862
18.06 -4.68052
18.065 -4.17034
18.07 -3.57622
18.075 -2.93573
18.08 -2.15808
18.085 -1.32091
18.09 -0.416838
18.095 0.583515
18.1 1.76674
18.105 2.99446
18.11 4.22836
18.115 5.41403
18.12 6.59034
18.125 7.66941
18.13 8.5965
18.135 9.40236
18.14 10.1258
18.145 10.8988
18.15 11.7017
18.155 12.6299
18.16 13.5509
18.165 14.3462
18.17 14.9196
18.175 15.8307
18.18 16.5288
18.185 17.1854
18.19 17.8242
18.195 18.3675
18.2 18.8215
18.205 19.1244
18.21 19.3069
18.215 19.4781
18.22 19.7542
18.225 20.0445
18.23 20.2708
18.235 20.2822
18.24 20.1847
18.245 20.0843
18.25 20.0367
18.255 20.1225
18.26 20.3872
18.265 20.7824
18.27 21.2193
18.275 21.7267
18.28 22.2318
18.285 22.7787
18.29 23.1289
18.295 23.0806
18.3 22.618
18.305 21.7806
18.31 20.5982
18.315 19.2202
18.32 17.664
18.325 16.0026
18.33 14.3604
18.335 12.8045
18.34 11.3568
18.345 10.0552
18.35 8.92632
18.355 6.57838
18.36 5.16686
18.365 9.30546
18.37 11.503
18.375 13.5513
18.38 16.0754
18.385 18.2705
18.39 20.2489
18.395 21.9399
18.4 23.2204
18.405 24.061
18.41 24.5456
18.415 24.7269
18.42 24.5527
18.425 24.0177
18.43 23.1397
18.435 21.9233
18.44 20.3872
18.445 18.6586
18.45 16.7593
18.455 14.8276
18.46 12.916
18.465 11.0656
18.47 9.26572
18.475 7.52031
18.48 5.84774
18.485 4.29596
18.49 2.92079
18.495 1.72816
18.5 0.772962
18.505 -1.09578
18.51 -2.67098
18.515 -21.6515
18.52 -32.1189
18.525 -40.1777
18.53 -45.5847
18.535 -48.1903
18.54 -48.0073
18.545 -45.3279
18.55 -40.6121
18.555 -33.8138
18.56 -25.7077
18.565 -17.2721
18.57 -9.26638
18.575 -2.26298
18.58 3.37956
18.585 7.46039
18.59 9.76317
18.595 10.1494
18.6 8.68169
18.605 5.60424
18.61 1.2724
18.615 -3.70507
18.62 -8.78346
18.625 -13.5695
18.63 -17.8314
18.635 -21.3721
18.64 -23.9772
18.645 -25.4516
18.65 -24.2565
18.655 -23.0827
18.66 -21.2622
18.665 -19.061
18.67 -16.7954
18.675 -14.6954
18.68 -12.9201
18.685 -11.6123
18.69 -10.8805
18.695 -10.7878
18.7 -11.3517
18.705 -12.5462
18.71 -14.3062
18.715 -16.5532
18.72 -19.1393
18.725 -21.9219
18.73 -24.6979
18.735 -27.2219
18.74 -29.2825
18.745 -34.1774
18.75 -37.3385
18.755 -40.1377
18.76 -42.6057
18.765 -44.7781
18.77 -46.5791
18.775 -47.893
18.78 -49.4154
18.785 -50.5247
18.79 -51.0943
18.795 -51.1623
18.8 -50.8182
18.805 -50.1253
18.81 -49.1399
18.815 -47.8139
18.82 -46.1279
18.825 -44.0688
18.83 -41.684
18.835 -38.8931
18.84 -35.9652
18.845 -32.8997
18.85 -29.6593
18.855 -26.1878
18.86 -22.5071
18.865 -18.6766
18.87 -14.8159
18.875 -7.81448
18.88 29.3428
18.885 50.0945
18.89 68.2443
18.895 81.4957
18.9 89.5878
18.905 92.509
18.91 90.5813
18.915 84.3283
18.92 74.5581
18.925 60.3228
18.93 43.5798
18.935 25.7879
18.94 8.3819
18.945 -7.38156
18.95 -20.5066
18.955 -30.26
18.96 -36.2274
18.965 -38.2974
18.97 -36.38
18.975 -31.096
18.98 -23.8665
18.985 -15.1941
18.99 -5.81882
18.995 3.52584
19 12.1741
19.005 19.6444
19.01 25.3929
19.015 29.2049
19.02 30.801
19.025 30.0216
19.03 27.4896
19.035 23.667
19.04 19.0825
19.045 14.1004
19.05 9.40267
19.055 5.48332
19.06 2.8207
19.065 1.59774
19.07 2.00015
19.075 3.65998
19.08 6.50106
19.085 10.1109
19.09 14.1543
19.095 18.3718
19.1 22.4582
19.105 26.074
19.11 28.7822
19.115 28.3185
19.12 27.6
19.125 25.8891
19.13 23.2774
19.135 19.9143
19.14 16.196
19.145 12.0886
19.15 7.94249
19.155 4.01192
19.16 0.564283
19.165 -2.31983
19.17 -4.54282
19.175 0.618373
19.18 4.17277
19.185 7.50318
19.19 10.6563
19.195 13.5849
19.2 16.2919
19.205 18.7008
19.21 20.8057
19.215 22.6712
19.22 25.5822
19.225 27.8393
19.23 29.8572
19.235 31.6003
19.24 33.0718
19.245 34.3795
19.25 35.5604
19.255 36.7132
19.26 37.8702
19.265 38.9817
19.27 39.915
19.275 40.6052
19.28 41.1045
19.285 41.3645
19.29 41.4099
19.295 41.2598
19.3 40.9552
19.305 40.5902
19.31 39.9805
19.315 39.0822
19.32 37.7793
19.325 32.9026
19.33 -16.3379
19.335 -45.7377
19.34 -70.8118
19.345 -90.6796
19.35 -104.318
19.355 -111.557
19.36 -112.563
19.365 -107.874
19.37 -95.8603
19.375 -80.7084
19.38 -60.3944
19.385 -38.9065
19.39 -17.7458
19.395 1.44059
19.4 17.375
19.405 29.1187
19.41 36.1803
19.415 38.5221
19.42 36.2362
19.425 30.0098
19.43 20.7959
19.435 9.95275
19.44 -1.89147
19.445 -13.1467
19.45 -23.5223
19.455 -32.1593
19.46 -38.232
19.465 -41.552
19.47 -41.8801
19.475 -39.3626
19.48 -34.2853
19.485 -27.1764
19.49 -17.6933
19.495 -8.08915
19.5 1.20009
19.505 9.53467
19.51 16.3858
19.515 21.3018
19.52 23.9915
19.525 24.393
19.53 22.6139
19.535 18.8802
19.54 13.5067
19.545 6.96
19.55 -0.143651
19.555 -7.47969
19.56 -14.5553
19.565 -20.8098
19.57 -25.7979
19.575 -29.1865
19.58 -30.8569
19.585 -30.8154
19.59 -29.1428
19.595 -26.0475
19.6 -21.7896
19.605 -16.691
19.61 -11.1173
19.615 -12.456
19.62 -14.1721
19.625 -15.7471
19.63 -17.1261
19.635 -18.2516
19.64 -20.4185
19.645 -21.8712
19.65 -22.9648
19.655 -23.7397
19.66 -24.2363
19.665 -24.4871
19.67 -24.5314
19.675 -24.3886
19.68 -24.0806
19.685 -23.5718
19.69 -22.8009
19.695 -21.6869
19.7 -20.2849
19.705 -18.6809
19.71 -16.9181
19.715 -14.896
19.72 -12.6973
19.725 -10.294
19.73 -7.70624
19.735 -4.99367
19.74 0.140928
19.745 26.9229
19.75 49.2574
19.755 67.9624
19.76 82.2805
19.765 91.7922
19.77 96.341
19.775 96.0165
19.78 91.2351
19.785 82.6485
19.79 69.5349
19.795 53.0686
19.8 35.0354
19.805 16.9098
19.81 0.0322705
19.815 -14.4749
19.82 -25.7902
19.825 -33.3507
19.83 -36.7504
19.835 -36.1117
19.84 -31.9965
19.845 -25.1442
19.85 -16.4427
19.855 -7.08223
19.86 1.87965
19.865 10.0135
19.87 16.6052
19.875 21.0036
19.88 23.0825
19.885 22.8134
19.89 18.9279
19.895 14.2781
19.9 8.49947
19.905 2.06716
19.91 -4.46199
19.915 -10.3679
19.92 -15.3535
19.925 -19.0057
19.93 -21.1236
19.935 -21.6538
19.94 -20.6652
19.945 -18.3419
19.95 -15.074
19.955 -11.2572
19.96 -7.06633
19.965 -2.75749
19.97 1.40731
19.975 5.20924
19.98 8.45347
19.985 10.967
19.99 12.4892
19.995 12.8125
20 12.0647
20.005 10.3721
20.01 7.94032
20.015 4.98711
20.02 1.72592
20.025 -1.61792
20.03 -4.78965
20.035 -7.57252
20.04 -9.74745
20.045 -11.1779
20.05 -11.8321
20.055 -6.99963
20.06 -4.34537
20.065 -1.70325
20.07 0.877365
20.075 3.36865
20.08 5.72478
20.085 7.8952
20.09 9.80701
20.095 11.3803
20.1 12.5344
20.105 13.2537
20.11 14.5612
20.115 15.1723
20.12 15.3612
20.125 15.1306
20.13 14.5048
20.135 13.3324
20.14 11.8252
20.145 10.02
20.15 7.97216
20.155 5.69501
20.16 3.2243
20.165 0.638509
20.17 -1.95666
20.175 -4.45308
20.18 -6.75441
20.185 -8.81741
20.19 -10.6317
20.195 -12.1899
20.2 -13.4798
20.205 -14.5077
20.21 -15.2614
20.215 -15.7186
20.22 -15.883
20.225 -15.7739
20.23 -15.4436
20.235 -14.9299
20.24 -14.2964
20.245 -13.585
20.25 -12.8353
20.255 -12.0654
20.26 -11.2875
20.265 -10.5252
20.27 -9.81459
20.275 -9.16185
20.28 -8.57554
20.285 -8.05221
20.29 -7.58694
20.295 -5.97605
20.3 -4.19298
20.305 -2.19476
20.31 -0.119907
20.315 1.90124
20.32 3.68748
20.325 5.20164
20.33 6.38043
20.335 7.20549
20.34 7.69178
20.345 7.8579
20.35 7.72951
20.355 7.34834
20.36 6.79309
20.365 6.59183
20.37 6.09851
20.375 5.60612
20.38 5.1498
20.385 4.75381
20.39 4.44297
20.395 4.23257
20.4 4.13133
20.405 4.12945
20.41 4.20275
20.415 4.32063
20.42 4.4456
20.425 4.55036
20.43 4.6027
20.435 4.57901
20.44 4.46554
20.445 4.26054
20.45 3.96215
20.455 3.58147
20.46 3.13464
20.465 2.64074
20.47 2.11715
20.475 1.58172
20.48 1.04901
20.485 0.53876
20.49 0.0712797
20.495 -0.33394
20.5 -0.658165
20.505 -0.889726
20.51 -1.02325
20.515 -1.05836
20.52 -0.9992
20.525 -0.857482
20.53 -0.647295
20.535 -0.389576
20.54 -0.0997964
20.545 0.206051
20.55 0.514056
20.555 0.816296
20.56 1.10556
20.565 1.37686
20.57 1.62795
20.575 1.86111
20.58 2.07893
20.585 2.28802
20.59 2.48934
20.595 2.68516
20.6 2.87306
20.605 3.05045
20.61 3.2124
20.615 2.20957
20.62 1.98383
20.625 1.93398
20.63 2.05397
20.635 2.34246
20.64 2.77314
20.645 3.31642
20.65 3.84429
20.655 4.29099
20.66 4.6343
20.665 4.84103
20.67 4.88686
20.675 4.75917
20.68 4.45586
20.685 3.98579
20.69 3.36726
20.695 2.62669
20.7 1.79703
20.705 0.91654
20.71 0.0250751
20.715 -0.83712
20.72 -1.63237
20.725 -2.32748
20.73 -2.89536
20.735 -3.31663
20.74 -3.58007
20.745 -3.68289
20.75 -3.62985
20.755 -3.43315
20.76 -3.11231
20.765 -2.69224
20.77 -2.20045
20.775 -1.66605
20.78 -1.11833
20.785 -0.584673
20.79 -0.0897565
20.795 0.040881
20.8 0.250264
20.805 0.417699
20.81 0.540978
20.815 0.619252
20.82 0.65263
20.825 0.642096
20.83 0.589133
20.835 0.495706
20.84 0.364158
20.845 0.197073
20.85 -0.00267655
20.855 -0.231982
20.86 -0.487493
20.865 -0.76619
20.87 -1.06451
20.875 -1.37759
20.88 -1.69994
20.885 -2.0255
20.89 -2.34781
20.895 -2.66013
20.9 -2.95571
20.905 -3.22795
20.91 -3.47072
20.915 -3.67842
20.92 -3.84634
20.925 -3.97073
20.93 -4.04896
20.935 -4.08742
20.94 -3.98515
20.945 -3.78
20.95 -3.49249
20.955 -3.14395
20.96 -2.75742
20.965 -2.35594
20.97 -1.96105
20.975 -0.582272
