0.02 -1.06225e-007
0.04 8.12295e-007
0.06 5.35599e-006
0.08 1.58042e-005
0.1 3.39928e-005
0.12 6.01001e-005
0.14 9.32501e-005
0.16 0.000131041
0.18 0.000167838
0.2 0.000197828
0.22 0.000216299
0.24 0.00021697
0.26 0.000195458
0.28 0.000155327
0.3 0.000101888
0.32 3.97287e-005
0.34 -2.43642e-005
0.36 -8.20044e-005
0.38 -0.000128027
0.4 -0.000157636
0.42 -0.000169058
0.44 -0.000170191
0.46 -0.000167772
0.48 -0.000156861
0.5 -0.000131147
0.52 -0.000102339
0.54 -7.28691e-005
0.56 -3.01924e-005
0.58 3.38895e-005
0.6 0.000109475
0.62 0.000195942
0.64 0.000313057
0.66 0.000457818
0.68 0.000621239
0.7 0.000780053
0.72 0.00093821
0.74 0.00110914
0.76 0.00125466
0.78 0.00135591
0.8 0.00142161
0.82 0.00146595
0.84 0.00149741
0.86 0.0015108
0.88 0.00150024
0.9 0.00146685
0.92 0.00142134
0.94 0.00135961
0.96 0.00125624
0.98 0.00108446
1 0.000834231
1.02 0.000519916
1.04 0.000155466
1.06 -0.000260868
1.08 -0.000722026
1.1 -0.00119137
1.12 -0.00163333
1.14 -0.00204753
1.16 -0.00243331
1.18 -0.00276
1.2 -0.00300002
1.22 -0.00318029
1.24 -0.00334847
1.26 -0.00349435
1.28 -0.00356702
1.3 -0.00355735
1.32 -0.00351185
1.34 -0.00343872
1.36 -0.0032823
1.38 -0.00300531
1.4 -0.0026277
1.42 -0.00218616
1.44 -0.00168973
1.46 -0.00113913
1.48 -0.000574305
1.5 -6.71826e-005
1.52 0.000348644
1.54 0.000684018
1.56 0.000932267
1.58 0.00107312
1.6 0.001111
1.62 0.00108769
1.64 0.00105504
1.66 0.00102488
1.68 0.000971274
1.7 0.000888762
1.72 0.000802954
1.74 0.000704114
1.76 0.000523879
1.78 0.000209453
1.8 -0.000221309
1.82 -0.000721415
1.84 -0.00125723
1.86 -0.00180466
1.88 -0.00232395
1.9 -0.00274254
1.92 -0.00300551
1.94 -0.00310913
1.96 -0.00306407
1.98 -0.00287012
2 -0.00254464
2.02 -0.00215393
2.04 -0.00177522
2.06 -0.00145726
2.08 -0.00121443
2.1 -0.0010347
2.12 -0.000900463
2.14 -0.000798873
2.16 -0.000700477
2.18 -0.000552588
2.2 -0.000323711
2.22 -4.19257e-005
2.24 0.000241325
2.26 0.000522372
2.28 0.000802883
2.3 0.00105147
2.32 0.00124348
2.34 0.00136735
2.36 0.00145056
2.38 0.00153467
2.4 0.00160453
2.42 0.00165414
2.44 0.00174138
2.46 0.00191584
2.48 0.00214721
2.5 0.00233584
2.52 0.00237943
2.54 0.00219966
2.56 0.00175607
2.58 0.00106145
2.6 0.000168958
2.62 -0.000837967
2.64 -0.00184251
2.66 -0.00274355
2.68 -0.00349034
2.7 -0.0040495
2.72 -0.00438352
2.74 -0.00446
2.76 -0.00431098
2.78 -0.00403203
2.8 -0.00372729
2.82 -0.00348666
2.84 -0.00335752
2.86 -0.00335388
2.88 -0.0034817
2.9 -0.00370869
2.92 -0.00392497
2.94 -0.00399961
2.96 -0.00387829
2.98 -0.00357733
3 -0.00310764
3.02 -0.00246676
3.04 -0.00167548
3.06 -0.000735817
3.08 0.000384714
3.1 0.00172157
3.12 0.00331596
3.14 0.00520414
3.16 0.00742662
3.18 0.0100311
3.2 0.0130438
3.22 0.0164306
3.23 0.018238
3.24 0.0201013
3.25 0.0220177
3.26 0.0239946
3.28 0.0281667
3.3 0.0325915
3.32 0.0371694
3.34 0.0418648
3.36 0.0467467
3.37 0.0492886
3.38 0.0519147
3.39 0.0546305
3.4 0.0574399
3.41 0.0603442
3.42 0.0633411
3.43 0.0664166
3.44 0.0695376
3.45 0.0726624
3.46 0.0757522
3.47 0.0787723
3.48 0.0816927
3.49 0.0844887
