0.02 -8.12395e-008
0.04 4.48282e-007
0.06 5.39297e-006
0.08 2.1293e-005
0.1 5.22899e-005
0.12 9.60002e-005
0.14 0.000144865
0.16 0.000189895
0.18 0.000220584
0.2 0.000224625
0.22 0.000196127
0.24 0.000142051
0.26 7.47111e-005
0.28 6.91087e-006
0.3 -4.28909e-005
0.32 -5.82127e-005
0.34 -4.16021e-005
0.36 -1.12284e-005
0.38 1.6398e-005
0.4 3.02821e-005
0.42 1.95802e-005
0.44 -2.76921e-005
0.46 -0.00011695
0.48 -0.000225295
0.5 -0.000294423
0.52 -0.000280986
0.54 -0.000203259
0.56 -9.08877e-005
0.58 7.35427e-005
0.6 0.000291604
0.62 0.000482138
0.64 0.000580609
0.66 0.000643528
0.68 0.000748632
0.7 0.000859145
0.72 0.000901932
0.74 0.000938839
0.76 0.0010834
0.78 0.00127322
0.8 0.0013561
0.82 0.00136259
0.84 0.00145886
0.86 0.00165029
0.88 0.00174991
0.9 0.00166623
0.92 0.00152481
0.94 0.00143142
0.96 0.00128272
0.98 0.000938605
1 0.0004633
1.02 4.31269e-005
1.04 -0.000267995
1.06 -0.000576862
1.08 -0.000944265
1.1 -0.0012801
1.12 -0.00149372
1.14 -0.00167062
1.16 -0.00199133
1.18 -0.00247206
1.2 -0.00291643
1.22 -0.00319925
1.24 -0.00345575
1.26 -0.0038204
1.28 -0.00410264
1.3 -0.00400228
1.32 -0.00359885
1.34 -0.00327277
1.36 -0.00309952
1.38 -0.00274099
1.4 -0.00208139
1.42 -0.00151447
1.44 -0.00132987
1.46 -0.00122864
1.48 -0.000828658
1.5 -0.00032156
1.52 -0.000138714
1.54 -0.000173657
1.56 7.52732e-005
1.58 0.00065214
1.6 0.00106186
1.62 0.00110669
1.64 0.00118528
1.66 0.00154126
1.68 0.00176417
1.7 0.00142306
1.72 0.000785427
1.74 0.000396748
1.76 0.000199354
1.78 -0.000324476
1.8 -0.00120659
1.82 -0.00184863
1.84 -0.00194005
1.86 -0.00188904
1.88 -0.00207457
1.9 -0.00223362
1.92 -0.00200891
1.94 -0.00168354
1.96 -0.00181336
1.98 -0.00233867
2 -0.00265835
2.02 -0.00254905
2.04 -0.00240991
2.06 -0.00248237
2.08 -0.00242206
2.1 -0.00191856
2.12 -0.00123434
2.14 -0.00075634
2.16 -0.000390883
2.18 0.000173807
2.2 0.000836738
2.22 0.00114424
2.24 0.000909961
2.26 0.000440453
2.28 0.000118839
2.3 2.12801e-005
2.32 7.40907e-005
2.34 0.000360963
2.36 0.00100437
2.38 0.00185705
2.4 0.00254369
2.42 0.00280775
2.44 0.00273939
2.46 0.00262469
2.48 0.00258357
2.5 0.00244426
2.52 0.00200034
2.54 0.00125437
2.56 0.000325015
2.58 -0.000711013
2.6 -0.00171856
2.62 -0.0023908
2.64 -0.00245488
2.66 -0.0019922
2.68 -0.00145868
2.7 -0.0013533
2.72 -0.00186959
2.74 -0.00283493
2.76 -0.00391052
2.78 -0.00480937
2.8 -0.00535991
2.82 -0.00549129
2.84 -0.00526622
2.86 -0.00487134
2.88 -0.00448201
2.9 -0.0041279
2.92 -0.00368377
2.94 -0.00299991
2.96 -0.00212692
2.98 -0.00141679
3 -0.00124538
3.02 -0.00158296
3.04 -0.00198308
3.06 -0.00197153
3.08 -0.00123687
3.1 0.00046257
3.12 0.00321808
3.14 0.00672338
3.16 0.0102069
3.18 0.0130297
3.2 0.0154926
3.22 0.0184853
3.23 0.0203787
3.24 0.0225647
3.25 0.025003
3.26 0.0276595
3.28 0.0337454
3.3 0.0410199
3.32 0.0491848
3.34 0.0573475
3.36 0.064704
3.37 0.0680077
3.38 0.0711827
3.39 0.0744149
3.4 0.0779004
3.41 0.0817833
3.42 0.0861113
3.43 0.0908541
3.44 0.0959545
3.45 0.101324
3.46 0.10682
3.47 0.112254
3.48 0.117415
3.49 0.122095
