0.02 -3.27743e-007
0.04 2.66588e-006
0.06 1.5437e-005
0.08 3.97212e-005
0.1 7.4175e-005
0.12 0.000112792
0.14 0.000148606
0.16 0.000173174
0.18 0.000173926
0.2 0.000148327
0.22 0.000104334
0.24 4.39991e-005
0.26 -2.54024e-005
0.28 -7.44018e-005
0.3 -8.573e-005
0.32 -6.50183e-005
0.34 -2.04554e-005
0.36 3.96129e-005
0.38 9.06397e-005
0.4 0.000113103
0.42 9.65796e-005
0.44 2.31447e-005
0.46 -9.51641e-005
0.48 -0.000197721
0.5 -0.00023606
0.52 -0.000237451
0.54 -0.000189661
0.56 -4.99801e-005
0.58 0.000154386
0.6 0.000322196
0.62 0.000436994
0.64 0.000572344
0.66 0.00068312
0.68 0.000719751
0.7 0.000667861
0.72 0.000650593
0.74 0.000751448
0.76 0.000815629
0.78 0.000830242
0.8 0.000913205
0.82 0.00108506
0.84 0.00125065
0.86 0.00133406
0.88 0.00136056
0.9 0.00135165
0.92 0.00127947
0.94 0.00110035
0.96 0.000826857
0.98 0.000507309
1 0.000155779
1.02 -0.000198117
1.04 -0.000495053
1.06 -0.000704712
1.08 -0.000841793
1.1 -0.000931529
1.12 -0.00102734
1.14 -0.00121775
1.16 -0.00150181
1.18 -0.00179211
1.2 -0.00206633
1.22 -0.0024246
1.24 -0.00287587
1.26 -0.00320085
1.28 -0.00322538
1.3 -0.00305559
1.32 -0.00287898
1.34 -0.00262816
1.36 -0.0021742
1.38 -0.0016714
1.4 -0.00134497
1.42 -0.00115556
1.44 -0.000932956
1.46 -0.000710468
1.48 -0.000664194
1.5 -0.000768415
1.52 -0.00073618
1.54 -0.000441972
1.56 -0.000113705
1.58 0.000116631
1.6 0.000414053
1.62 0.000876194
1.64 0.00130328
1.66 0.00144222
1.68 0.00130299
1.7 0.00108022
1.72 0.000817609
1.74 0.000350618
1.76 -0.000354486
1.78 -0.00103052
1.8 -0.00143983
1.82 -0.00165576
1.84 -0.00177932
1.86 -0.00170232
1.88 -0.00136989
1.9 -0.000981119
1.92 -0.000822876
1.94 -0.000940176
1.96 -0.0011359
1.98 -0.00132531
2 -0.00163564
2.02 -0.00210336
2.04 -0.00247373
2.06 -0.00252636
2.08 -0.00233025
2.1 -0.00198188
2.12 -0.00140435
2.14 -0.000590761
2.16 0.00021762
2.18 0.000763935
2.2 0.00100666
2.22 0.0010017
2.24 0.000750079
2.26 0.000334433
2.28 -9.11055e-005
2.3 -0.000348791
2.32 -0.000270369
2.34 0.00010652
2.36 0.000684913
2.38 0.00141357
2.4 0.00208707
2.42 0.00251867
2.44 0.00270971
2.46 0.00268471
2.48 0.0023952
2.5 0.00179845
2.52 0.000947133
2.54 -7.44085e-005
2.56 -0.00110982
2.58 -0.00187479
2.6 -0.00215044
2.62 -0.00195109
2.64 -0.00142231
2.66 -0.000794107
2.68 -0.00035482
2.7 -0.000308869
2.72 -0.000709969
2.74 -0.00145235
2.76 -0.0024245
2.78 -0.00351347
2.8 -0.00452623
2.82 -0.00526524
2.84 -0.00552279
2.86 -0.00517819
2.88 -0.00435456
2.9 -0.00331341
2.92 -0.00222633
2.94 -0.00122994
2.96 -0.000575333
2.98 -0.000438904
3 -0.000688924
3.02 -0.00106038
3.04 -0.0013736
3.06 -0.00133113
3.08 -0.000552072
3.1 0.00109755
3.12 0.00348673
3.14 0.00636624
3.16 0.0097178
3.18 0.0138107
3.2 0.0187239
3.22 0.0242047
3.23 0.0270631
3.24 0.0299676
3.25 0.0329405
3.26 0.0360268
3.28 0.0425534
3.3 0.0492405
3.32 0.0557761
3.34 0.0624071
3.36 0.0697292
3.37 0.0737841
3.38 0.0780968
3.39 0.0825926
3.4 0.0871894
3.41 0.0918208
3.42 0.0964528
3.43 0.10105
3.44 0.105527
3.45 0.109793
3.46 0.113792
3.47 0.117504
3.48 0.120933
3.49 0.124094
