0.02 1.66867e-009
0.04 1.93476e-009
0.06 -1.70949e-007
0.08 -1.17834e-006
0.1 -3.65624e-006
0.12 -5.82677e-006
0.14 -7.61669e-007
0.16 2.29344e-005
0.18 7.53739e-005
0.2 0.00015805
0.22 0.000259934
0.24 0.000358316
0.26 0.000423679
0.28 0.000428537
0.3 0.000357168
0.32 0.000211003
0.34 9.70896e-006
0.36 -0.000209389
0.38 -0.000396976
0.4 -0.000506464
0.42 -0.000511633
0.44 -0.000415678
0.46 -0.000247163
0.48 -4.97196e-005
0.5 0.000124344
0.52 0.000219431
0.54 0.000197372
0.56 6.92097e-005
0.58 -0.000100257
0.6 -0.000231253
0.62 -0.000267593
0.64 -0.000178839
0.66 4.33405e-005
0.68 0.00036682
0.7 0.000719192
0.72 0.00103633
0.74 0.00130035
0.76 0.00150722
0.78 0.0016243
0.8 0.00162471
0.82 0.00154226
0.84 0.00143912
0.86 0.0013317
0.88 0.00120394
0.9 0.00109004
0.92 0.00107724
0.94 0.00119912
0.96 0.00137213
0.98 0.00147241
1 0.00144182
1.02 0.00128001
1.04 0.000964447
1.06 0.000442155
1.08 -0.000288828
1.1 -0.00113172
1.12 -0.00194674
1.14 -0.00262967
1.16 -0.00311663
1.18 -0.00335206
1.2 -0.00332019
1.22 -0.00311609
1.24 -0.0029176
1.26 -0.00284123
1.28 -0.00286716
1.3 -0.00294878
1.32 -0.00312938
1.34 -0.003451
1.36 -0.00378169
1.38 -0.00386769
1.4 -0.00358234
1.42 -0.00301158
1.44 -0.00226499
1.46 -0.0013414
1.48 -0.000265076
1.5 0.000770399
1.52 0.00153478
1.54 0.00197372
1.56 0.00215569
1.58 0.00206699
1.6 0.00163814
1.62 0.000973699
1.64 0.000372865
1.66 5.55465e-005
1.68 1.38564e-006
1.7 0.000124019
1.72 0.000448335
1.74 0.000975512
1.76 0.00148388
1.78 0.00165841
1.8 0.0013968
1.82 0.000820407
1.84 -9.50239e-006
1.86 -0.00118082
1.88 -0.00266095
1.9 -0.00410791
1.92 -0.00508637
1.94 -0.00538664
1.96 -0.00503344
1.98 -0.00410618
2 -0.00274354
2.02 -0.00128079
2.04 -0.000153256
2.06 0.000423772
2.08 0.000560447
2.1 0.000429986
2.12 3.93574e-005
2.14 -0.000647365
2.16 -0.00147303
2.18 -0.00211227
2.2 -0.00229539
2.22 -0.00191582
2.24 -0.000975492
2.26 0.000415947
2.28 0.00194319
2.3 0.00311062
2.32 0.00350382
2.34 0.00305991
2.36 0.00207002
2.38 0.000954111
2.4 6.42843e-005
2.42 -0.000364837
2.44 -0.000216942
2.46 0.000460084
2.48 0.00143449
2.5 0.00241077
2.52 0.0032197
2.54 0.00385916
2.56 0.00431507
2.58 0.00437461
2.6 0.00366818
2.62 0.00191676
2.64 -0.000826508
2.66 -0.00409165
2.68 -0.00708626
2.7 -0.00894723
2.72 -0.00909892
2.74 -0.00756584
2.76 -0.00501654
2.78 -0.00244
2.8 -0.0006372
2.82 0.000114246
2.84 5.44359e-006
2.86 -0.000627743
2.88 -0.00158557
2.9 -0.00283704
2.92 -0.00434749
2.94 -0.00590053
2.96 -0.00707456
2.98 -0.00737761
3 -0.00645201
3.02 -0.00428503
3.04 -0.00135101
3.06 0.00147471
3.08 0.00331235
3.1 0.0037654
3.12 0.00313276
3.14 0.00222361
3.16 0.00198077
3.18 0.00307601
3.2 0.00554183
3.22 0.00864186
3.23 0.0100902
3.24 0.0112208
3.25 0.0119229
3.26 0.0121697
3.28 0.0117227
3.3 0.0107165
3.32 0.00972006
3.34 0.00889845
3.36 0.0082882
3.37 0.00806744
3.38 0.00791001
3.39 0.00782377
3.4 0.0078099
3.41 0.00785259
3.42 0.00791376
3.43 0.00794565
3.44 0.00791284
3.45 0.00779333
3.46 0.00757106
3.47 0.00723629
3.48 0.00678652
3.49 0.00622686
