0.02 1.01035e-008
0.04 -9.86175e-008
0.06 -4.952e-007
0.08 3.91356e-007
0.1 8.13974e-006
0.12 3.08482e-005
0.14 7.3372e-005
0.16 0.000132894
0.18 0.000200708
0.2 0.000266499
0.22 0.000318796
0.24 0.000345135
0.26 0.000336453
0.28 0.00028898
0.3 0.000202457
0.32 8.42363e-005
0.34 -4.55968e-005
0.36 -0.000162216
0.38 -0.000249502
0.4 -0.000301309
0.42 -0.000313962
0.44 -0.000284707
0.46 -0.000220885
0.48 -0.000149601
0.5 -0.000105335
0.52 -9.3461e-005
0.54 -8.133e-005
0.56 -4.66381e-005
0.58 -7.1756e-006
0.6 2.87636e-005
0.62 0.000102097
0.64 0.000245705
0.66 0.000433121
0.68 0.000637437
0.7 0.000888041
0.72 0.00119994
0.74 0.00149063
0.76 0.00166729
0.78 0.00176159
0.8 0.00185596
0.82 0.00192151
0.84 0.00187187
0.86 0.00174924
0.88 0.001704
0.9 0.00177387
0.92 0.00182159
0.94 0.00173997
0.96 0.00159691
0.98 0.00149167
1 0.00136083
1.02 0.0010444
1.04 0.000501781
1.06 -0.000148573
1.08 -0.000798246
1.1 -0.00145463
1.12 -0.00214124
1.14 -0.00277581
1.16 -0.00323991
1.18 -0.00354476
1.2 -0.00381383
1.22 -0.00407568
1.24 -0.00420373
1.26 -0.00415161
1.28 -0.00411561
1.3 -0.00428546
1.32 -0.00451932
1.34 -0.00450427
1.36 -0.00421229
1.38 -0.00390792
1.4 -0.00366244
1.42 -0.00319187
1.44 -0.00232568
1.46 -0.00132959
1.48 -0.000528056
1.5 0.000138499
1.52 0.000870289
1.54 0.00151873
1.56 0.00174256
1.58 0.00157628
1.6 0.00141705
1.62 0.00142061
1.64 0.0013277
1.66 0.00100833
1.68 0.000775087
1.7 0.000903815
1.72 0.00115861
1.74 0.00113776
1.76 0.000876564
1.78 0.000689394
1.8 0.000516699
1.82 -8.48819e-005
1.84 -0.00123476
1.86 -0.00245925
1.88 -0.00330963
1.9 -0.00386767
1.92 -0.0043767
1.94 -0.00469727
1.96 -0.0045146
1.98 -0.0039034
2 -0.00325465
2.02 -0.00268883
2.04 -0.00197668
2.06 -0.00111045
2.08 -0.000526365
2.1 -0.000549956
2.12 -0.000939534
2.14 -0.00122704
2.16 -0.00127038
2.18 -0.00120039
2.2 -0.00100914
2.22 -0.000528268
2.24 0.000217158
2.26 0.000922148
2.28 0.00135236
2.3 0.0015978
2.32 0.00185559
2.34 0.0020996
2.36 0.00213864
2.38 0.00192906
2.4 0.00166275
2.42 0.00154691
2.44 0.00161232
2.46 0.00179775
2.48 0.00214458
2.5 0.00275706
2.52 0.00352957
2.54 0.0040438
2.56 0.00385227
2.58 0.00282403
2.6 0.00116658
2.62 -0.000787587
2.64 -0.00271888
2.66 -0.00433992
2.68 -0.00545355
2.7 -0.0060562
2.72 -0.0063148
2.74 -0.00636285
2.76 -0.00612819
2.78 -0.00543009
2.8 -0.00428595
2.82 -0.00308203
2.84 -0.00237586
2.86 -0.00251022
2.88 -0.00339554
2.9 -0.00460579
2.92 -0.00565463
2.94 -0.00621428
2.96 -0.00614921
2.98 -0.00546833
3 -0.00434658
3.02 -0.00311445
3.04 -0.00203195
3.06 -0.0010409
3.08 0.000132549
3.1 0.00163877
3.12 0.00340491
3.14 0.00535804
3.16 0.00751459
3.18 0.0097356
3.2 0.0117067
3.22 0.0134189
3.23 0.0143167
3.24 0.0154191
3.25 0.016839
3.26 0.0186185
3.28 0.0228471
3.3 0.0273082
3.32 0.0316707
3.34 0.0362382
3.36 0.0413927
3.37 0.044233
3.38 0.0471968
3.39 0.0501956
3.4 0.0531411
3.41 0.0559853
3.42 0.0587473
3.43 0.061488
3.44 0.0642572
3.45 0.0670978
3.46 0.0700709
3.47 0.0732534
3.48 0.076731
3.49 0.0805881
