0.005 -0.000336963
0.01 -0.00138669
0.015 -0.00347244
0.02 -0.00716097
0.025 -0.0129771
0.03 -0.021332
0.035 -0.0324662
0.04 -0.0464122
0.045 -0.0629795
0.05 -0.0817609
0.055 -0.102159
0.06 -0.123431
0.065 -0.144748
0.07 -0.165258
0.075 -0.184156
0.08 -0.200752
0.085 -0.214519
0.09 -0.225132
0.095 -0.232489
0.1 -0.236708
0.105 -0.238097
0.11 -0.237115
0.115 -0.234308
0.12 -0.230244
0.125 -0.225443
0.13 -0.220308
0.135 -0.215084
0.14 -0.209821
0.145 -0.20439
0.15 -0.198529
0.155 -0.191954
0.16 -0.18452
0.165 -0.176425
0.17 -0.168444
0.175 -0.162079
0.18 -0.159574
0.185 -0.163824
0.19 -0.178134
0.195 -0.205778
0.2 -0.24943
0.205 -0.310577
0.21 -0.389042
0.215 -0.48277
0.22 -0.587816
0.225 -0.698562
0.23 -0.808215
0.235 -0.909445
0.24 -0.995086
0.245 -1.05877
0.25 -1.09545
0.255 -1.10188
0.26 -1.0768
0.265 -1.02101
0.27 -0.937321
0.275 -0.830226
0.28 -0.692424
0.285 -0.544659
0.29 -0.392448
0.295 -0.244155
0.3 -0.107056
0.305 0.0131813
0.31 0.112771
0.315 0.189816
0.32 0.241259
0.325 0.271074
0.33 0.280022
0.335 0.269697
0.34 0.24115
0.345 0.194641
0.35 0.129669
0.355 0.0452325
0.36 -0.0596826
0.365 -0.185525
0.37 -0.325145
0.375 -0.477574
0.38 -0.640839
0.385 -0.811566
0.39 -0.985682
0.395 -1.15872
0.4 -1.32608
0.405 -1.48331
0.41 -1.62622
0.415 -1.75657
0.42 -1.86513
0.425 -1.94939
0.43 -2.00529
0.435 -2.02877
0.44 -2.01599
0.445 -1.96352
0.45 -1.86866
0.455 -1.72974
0.46 -1.54651
0.465 -1.32048
0.47 -1.03473
0.475 -0.709168
0.48 -0.352143
0.485 0.0228332
0.49 0.400289
0.495 0.763705
0.5 1.09654
0.505 1.38323
0.51 1.61004
0.515 1.75771
0.52 1.82551
0.525 1.80776
0.53 1.70441
0.535 1.51927
0.54 1.25992
0.545 0.937345
0.55 0.583485
0.555 0.199623
0.56 -0.197516
0.565 -0.593259
0.57 -0.973076
0.575 -1.32305
0.58 -1.63025
0.585 -1.88311
0.59 -2.07172
0.595 -2.18826
0.6 -2.22731
0.605 -2.18617
0.61 -2.05245
0.615 -1.82974
0.62 -1.52879
0.625 -1.16205
0.63 -0.744559
0.635 -0.29272
0.64 0.176977
0.645 0.649075
0.65 1.10998
0.655 1.54832
0.66 1.95472
0.665 2.32109
0.67 2.63801
0.675 2.89848
0.68 3.09163
0.685 3.20502
0.69 3.22449
0.695 3.13532
0.7 2.92408
0.705 2.58086
0.71 2.10065
0.715 1.48769
0.72 0.754893
0.725 -0.0750461
0.73 -0.97019
0.735 -1.89071
0.74 -2.79108
0.745 -3.62416
0.75 -4.34195
0.755 -4.90021
0.76 -5.26239
0.765 -5.4026
0.77 -5.30813
0.775 -4.98103
0.78 -4.43851
0.785 -3.71217
0.79 -2.84677
0.795 -1.89573
0.8 -0.918499
0.805 0.023807
0.81 0.87293
0.815 1.57787
0.82 2.09882
0.825 2.41029
0.83 2.5028
0.835 2.40013
0.84 2.14239
0.845 1.74311
0.85 1.23612
0.855 0.659073
0.86 0.0511818
0.865 -0.549509
0.87 -1.10853
0.875 -1.5968
0.88 -1.99191
0.885 -2.27867
0.89 -2.44907
0.895 -2.50179
0.9 -2.44132
0.905 -2.22078
0.91 -1.89824
0.915 -1.4863
0.92 -1.00878
0.925 -0.490264
0.93 0.0449543
0.935 0.573827
0.94 1.07526
0.945 1.53062
0.95 1.92414
0.955 2.2432
0.96 2.4786
0.965 2.62481
0.97 2.68014
0.975 2.64696
0.98 2.53187
0.985 2.34557
0.99 2.10229
0.995 1.81872
1 1.5123
1.005 1.1992
1.01 0.892203
1.015 0.599071
1.02 0.321469
1.025 0.051659
1.03 -0.218032
1.035 -0.501357
1.04 -0.812226
1.045 -1.16489
1.05 -1.56311
1.055 -2.00714
1.06 -2.48835
1.065 -2.99028
1.07 -3.48997
1.075 -3.9602
1.08 -4.37208
1.085 -4.69753
1.09 -4.91112
1.095 -4.9912
1.1 -4.92061
1.105 -4.68717
1.11 -4.28395
1.115 -3.70999
1.12 -2.97163
1.125 -2.08407
1.13 -1.07291
1.135 0.0249947
1.14 1.15527
1.145 2.26836
1.15 3.3017
1.155 4.19429
1.16 4.89091
1.165 5.34767
1.17 5.5368
1.175 5.44767
1.18 5.09191
1.185 4.49955
1.19 3.75272
1.195 2.8669
1.2 1.89798
1.205 0.894937
1.21 -0.0972491
1.215 -1.04033
1.22 -1.90442
1.225 -2.66857
1.23 -3.29262
1.235 -3.78878
1.24 -4.15881
1.245 -4.41002
1.25 -4.55042
1.255 -4.58672
1.26 -4.52311
1.265 -4.36105
1.27 -4.09987
1.275 -3.7379
1.28 -3.27412
1.285 -2.70999
1.29 -2.05138
1.295 -1.31013
1.3 -0.505124
1.305 0.337222
1.31 1.18319
1.315 1.9929
1.32 2.72241
1.325 3.32641
1.33 3.76115
1.335 3.98759
1.34 3.97443
1.345 3.70046
1.35 3.1477
1.355 2.32567
1.36 1.25224
1.365 -0.0404181
1.37 -1.50953
1.375 -3.09959
1.38 -4.74886
1.385 -6.3905
1.39 -7.95592
1.395 -9.37784
1.4 -10.5934
1.405 -11.5468
1.41 -12.1926
1.415 -12.4975
1.42 -12.4425
1.425 -12.0243
1.43 -11.2557
1.435 -10.1647
1.44 -8.7939
1.445 -7.19777
1.45 -5.44302
1.455 -3.60143
1.46 -1.74433
1.465 0.0561381
1.47 1.73163
1.475 3.22072
1.48 4.47195
1.485 5.44639
1.49 6.11747
1.495 6.47655
1.5 6.53091
1.505 6.30257
1.51 5.82673
1.515 5.14916
1.52 4.32304
1.525 3.40544
1.53 2.45379
1.535 1.52268
1.54 0.66119
1.545 -0.0891143
1.55 -0.69554
1.555 -1.13487
1.56 -1.39328
1.565 -1.46584
1.57 -1.35563
1.575 -1.07267
1.58 -0.632586
1.585 -0.0552626
1.59 0.636414
1.595 1.41797
1.6 2.26464
1.605 3.15279
1.61 4.06119
1.615 4.97203
1.62 5.87157
1.625 6.75049
1.63 7.60375
1.635 8.43006
1.64 9.23099
1.645 10.0096
1.65 10.7693
1.655 11.5124
1.66 12.2384
1.665 12.9434
1.67 13.6181
1.675 14.2476
1.68 14.8102
1.685 15.2778
1.69 15.6158
1.695 15.7847
1.7 15.7415
1.705 15.4429
1.71 14.8475
1.715 13.923
1.72 12.6491
1.725 11.0214
1.73 9.05502
1.735 6.78426
1.74 4.26759
1.745 1.58098
1.75 -1.18336
1.755 -3.92251
1.76 -6.52908
1.765 -8.89812
1.77 -10.9341
1.775 -12.5574
1.78 -13.7096
1.785 -14.3578
1.79 -14.4967
1.795 -14.1486
1.8 -13.3611
1.805 -12.2031
1.81 -10.7588
1.815 -9.12099
1.82 -7.38444
1.825 -5.63919
1.83 -3.96543
1.835 -2.42969
1.84 -1.08282
1.845 0.0403977
1.85 0.920149
1.855 1.54929
1.86 1.93024
1.865 2.07147
1.87 1.98389
1.875 1.67771
1.88 1.16008
1.885 0.433927
1.89 -0.503424
1.895 -1.6535
1.9 -3.01859
1.905 -4.59591
1.91 -6.37377
1.915 -8.3278
1.92 -10.4183
1.925 -12.5889
1.93 -14.7672
1.935 -16.867
1.94 -18.7919
1.945 -20.4408
1.95 -21.713
1.955 -22.5146
1.96 -22.7653
1.965 -22.4016
1.97 -21.3846
1.975 -19.7022
1.98 -17.3723
1.985 -14.4438
1.99 -10.995
1.995 -7.13153
2 -2.98083
2.005 1.31336
2.01 5.59816
2.015 9.71899
2.02 13.5268
2.025 16.8855
2.03 19.6783
2.035 21.8142
2.04 23.232
2.045 23.9042
2.05 23.8381
2.055 23.0755
2.06 21.6895
2.065 19.7804
2.07 17.469
2.075 14.889
2.08 12.1794
2.085 9.47558
2.09 6.90278
2.095 4.56929
2.1 2.5619
2.105 0.942853
2.11 -0.251447
2.115 -1.01009
2.12 -1.34571
2.125 -1.29113
2.13 -0.894967
2.135 -0.227771
2.14 0.669489
2.145 1.7207
2.15 2.86407
2.155 4.04963
2.16 5.23705
2.165 6.39791
2.17 7.51513
2.175 8.5808
2.18 9.59274
2.185 10.5505
2.19 11.451
2.195 12.2854
2.2 13.0359
2.205 13.6753
2.21 14.1674
2.215 14.4694
2.22 14.5349
2.225 14.3189
2.23 13.7821
2.235 12.8956
2.24 11.6448
2.245 10.0323
2.25 8.07952
2.255 5.82623
2.26 3.32934
2.265 0.660171
2.27 -2.09911
2.275 -4.85947
2.28 -7.52918
2.285 -10.018
2.29 -12.241
2.295 -14.123
2.3 -15.6017
2.305 -16.6315
2.31 -17.1858
2.315 -17.2594
2.32 -16.8687
2.325 -16.0507
2.33 -14.8616
2.335 -13.3721
2.34 -11.6634
2.345 -9.82124
2.35 -7.93129
2.355 -6.07277
2.36 -4.31451
2.365 -2.71137
2.37 -1.30198
2.375 -0.108016
2.38 0.864882
2.385 1.62579
2.39 2.19477
2.395 2.59921
2.4 2.86954
2.405 3.03505
2.41 3.12039
2.415 3.14317
2.42 3.11265
2.425 3.02951
2.43 2.88697
2.435 2.67281
2.44 2.37214
2.445 1.97105
2.45 1.46036
2.455 0.839418
2.46 0.119466
2.465 -0.673774
2.47 -1.49893
2.475 -2.2998
2.48 -3.00786
2.485 -3.54661
2.49 -3.83762
2.495 -3.80745
2.5 -3.39487
2.505 -2.55764
2.51 -1.27825
2.515 0.432322
2.52 2.53317
2.525 4.95451
2.53 7.60109
2.535 10.3578
2.54 13.0966
2.545 15.6854
2.55 17.9956
2.555 19.9108
2.56 21.3334
2.565 22.1907
2.57 22.4387
2.575 22.0639
2.58 21.0839
2.585 19.5461
2.59 17.524
2.595 15.1128
2.6 12.4239
2.605 9.57859
2.61 6.70085
2.615 3.91104
2.62 1.3194
2.625 -0.977951
2.63 -2.90411
2.635 -4.40315
2.64 -5.44166
2.645 -6.00896
2.65 -6.11633
2.655 -5.79565
2.66 -5.09724
2.665 -4.08711
2.67 -2.8436
2.675 -1.45359
2.68 -0.00839958
2.685 1.40051
2.69 2.68599
2.695 3.76911
2.7 4.58259
2.705 5.07382
2.71 5.20701
2.715 4.9647
2.72 4.34821
2.725 3.37723
2.73 2.08845
2.735 0.533576
2.74 -1.22356
2.745 -3.11067
2.75 -5.05097
2.755 -6.96728
2.76 -8.78611
2.765 -10.4416
2.77 -11.8786
2.775 -13.0553
2.78 -13.9439
2.785 -14.5317
2.79 -14.8197
2.795 -14.8211
2.8 -14.5593
2.805 -14.0647
2.81 -13.3721
2.815 -12.5182
2.82 -11.5393
2.825 -10.469
2.83 -9.33752
2.835 -8.1707
2.84 -6.99052
2.845 -5.81538
2.85 -4.66067
2.855 -3.53929
2.86 -2.46218
2.865 -1.43849
2.87 -0.475432
2.875 0.421845
2.88 1.25034
2.885 2.00909
2.89 2.69863
2.895 3.32015
2.9 3.87441
2.905 4.36076
2.91 4.77667
2.915 5.11778
2.92 5.37857
2.925 5.55362
2.93 5.63907
2.935 5.63404
2.94 5.54166
2.945 5.36973
2.95 5.1308
2.955 4.84197
2.96 4.5243
2.965 4.20191
2.97 3.90067
2.975 3.64678
2.98 3.46493
2.985 3.37633
2.99 3.39656
2.995 3.53362
3 3.78637
3.005 4.14374
3.01 4.58471
3.015 5.07943
3.02 5.59123
3.025 6.07921
3.03 6.50111
3.035 6.816
3.04 6.98702
3.045 6.98365
3.05 6.78386
3.055 6.37567
3.06 5.75825
3.065 4.94234
3.07 3.94969
3.075 2.8116
3.08 1.56654
3.085 0.257081
3.09 -1.07341
3.095 -2.38411
3.1 -3.6395
3.105 -4.81136
3.11 -5.87968
3.115 -6.83268
3.12 -7.66597
3.125 -8.38111
3.13 -8.98361
3.135 -9.48104
3.14 -9.88126
3.145 -10.191
3.15 -10.4151
3.155 -10.5566
3.16 -10.6165
3.165 -10.5952
3.17 -10.4932
3.175 -10.3122
3.18 -10.0568
3.185 -9.73572
3.19 -9.36352
3.195 -8.96159
3.2 -8.55867
3.205 -8.19035
3.21 -7.89727
3.215 -7.72182
3.22 -7.70393
3.225 -7.87615
3.23 -8.25894
3.235 -8.85652
3.24 -9.6544
3.245 -10.6186
3.25 -11.6966
3.255 -12.8205
3.26 -13.9115
3.265 -14.8857
3.27 -15.6607
3.275 -16.1615
3.28 -16.3271
3.285 -16.1145
3.29 -15.5027
3.295 -14.4935
3.3 -13.1118
3.305 -11.4034
3.31 -9.43105
3.315 -7.26974
3.32 -5.00137
3.325 -2.70902
3.33 -0.471537
3.335 1.64103
3.34 3.57102
3.345 5.27545
3.35 6.72695
3.355 7.9135
3.36 8.83714
3.365 9.51164
3.37 9.95937
3.375 10.2079
3.38 10.2861
3.385 10.2212
3.39 10.0354
3.395 9.74473
3.4 9.35782
3.405 8.87721
3.41 8.30109
3.415 7.62643
3.42 6.85236
3.425 5.9835
3.43 5.0328
3.435 4.02302
3.44 2.98684
3.445 1.96546
3.45 1.0058
3.455 0.156931
3.46 -0.534137
3.465 -1.02658
3.47 -1.28949
3.475 -1.30465
3.48 -1.06842
3.485 -0.592213
3.49 0.0983424
3.495 0.965262
3.5 1.96108
3.505 3.03229
3.51 4.12305
3.515 5.1785
3.52 6.14772
3.525 6.98606
3.53 7.65638
3.535 8.12957
3.54 8.38429
3.545 8.40637
3.55 8.1879
3.555 7.72616
3.56 7.02277
3.565 6.08329
3.57 4.91679
3.575 3.53599
3.58 1.95752
3.585 0.20226
3.59 -1.70424
3.595 -3.73161
3.6 -5.84438
3.605 -8.0022
3.61 -10.1605
3.615 -12.2718
3.62 -14.2867
3.625 -16.1557
3.63 -17.8311
3.635 -19.2682
3.64 -20.4266
3.645 -21.272
3.65 -21.7768
3.655 -21.9216
3.66 -21.6956
3.665 -21.0969
3.67 -20.1333
3.675 -18.8215
3.68 -17.1864
3.685 -15.26
3.69 -13.0799
3.695 -10.687
3.7 -8.12359
3.705 -5.43143
3.71 -2.64956
3.715 0.186729
3.72 3.04669
3.725 5.90418
3.73 8.73689
3.735 11.5255
3.74 14.252
3.745 16.8988
3.75 19.4473
3.755 21.8771
3.76 24.1671
3.765 26.2953
3.77 28.2409
3.775 29.9852
3.78 31.5129
3.785 32.8139
3.79 33.8839
3.795 34.7245
3.8 34.1124
3.805 33.8139
3.81 33.5047
3.815 33.2288
3.82 31.9262
3.825 33.1505
3.83 33.4916
3.835 33.8871
3.84 35.6084
3.845 36.6294
3.85 35.5195
3.855 37.8209
3.86 39.2551
3.865 40.4885
3.87 41.4561
3.875 42.0364
3.88 42.1831
3.885 41.8445
3.89 40.9763
3.895 39.5435
3.9 37.0535
3.905 33.585
3.91 29.3297
3.915 24.269
3.92 18.5497
3.925 12.3118
3.93 6.41042
3.935 0.731061
3.94 -4.5618
3.945 -9.3575
3.95 -13.5724
3.955 -17.1507
3.96 -20.0635
3.965 -22.7072
3.97 -24.5174
3.975 -25.6924
3.98 -26.2767
3.985 -24.2631
3.99 -22.2993
3.995 -20.2599
4 -23.6722
4.005 -24.7174
4.01 -27.7735
4.015 -29.8873
4.02 -25.0412
4.025 -21.6447
4.03 -17.6908
4.035 -14.1509
4.04 -14.3201
4.045 -13.6904
4.05 -13.0091
4.055 -13.1342
4.06 -18.1557
4.065 -21.7481
4.07 -25.1892
4.075 -27.0565
4.08 -28.754
4.085 -30.1424
4.09 -31.0636
4.095 -31.3987
4.1 -31.0316
4.105 -29.8574
4.11 -27.7902
4.115 -23.7954
4.12 -18.2417
4.125 -11.3192
4.13 -3.18116
4.135 5.91103
4.14 14.7081
4.145 23.2613
4.15 31.148
4.155 38.0269
4.16 43.5919
4.165 47.5849
4.17 50.2654
4.175 50.9041
4.18 47.4611
4.185 42.7502
4.19 36.589
4.195 29.1422
4.2 27.2637
4.205 21.7055
4.21 14.8623
4.215 6.82457
4.22 -2.25854
4.225 -12.5646
4.23 -23.9214
4.235 -35.6963
4.24 -52.874
4.245 -64.567
4.25 -75.0395
4.255 -83.4406
4.26 -89.2154
4.265 -92.2411
4.27 -92.4787
4.275 -87.7669
4.28 -80.895
4.285 -71.6671
4.29 -60.6737
4.295 -48.6133
4.3 -36.1277
4.305 -23.8163
4.31 -12.1992
4.315 -5.40321
4.32 1.89038
4.325 8.39783
4.33 14.1473
4.335 19.2052
4.34 23.6603
4.345 27.608
4.35 31.1361
4.355 34.2874
4.36 37.0652
4.365 39.4598
4.37 38.8052
4.375 36.9184
4.38 34.0325
4.385 30.6194
4.39 25.9804
4.395 22.4991
4.4 23.8955
4.405 24.841
4.41 25.4631
4.415 25.5732
4.42 25.7776
4.425 24.7829
4.43 22.8515
4.435 19.5149
4.44 15.1765
4.445 9.95287
4.45 4.08419
4.455 -2.18048
4.46 -8.57363
4.465 -14.8295
4.47 -20.697
4.475 -24.7633
4.48 -28.648
4.485 -31.7898
4.49 -33.9039
4.495 -34.752
4.5 -34.4059
4.505 -32.8698
4.51 -30.1698
4.515 -26.2789
4.52 -21.227
4.525 -15.2128
4.53 -8.42489
4.535 -1.08315
4.54 6.54133
4.545 13.2924
4.55 20.2826
4.555 26.9404
4.56 31.8908
4.565 36.535
4.57 40.4171
4.575 43.5709
4.58 45.8107
4.585 47.0728
4.59 47.3142
4.595 46.5283
4.6 44.7485
4.605 42.0523
4.61 38.5591
4.615 34.4259
4.62 29.7449
4.625 24.8002
4.63 19.8665
4.635 15.2137
4.64 11.0734
4.645 7.63646
4.65 4.75258
4.655 2.68399
4.66 1.43483
4.665 0.996437
4.67 1.3446
4.675 2.43114
4.68 4.15367
4.685 6.3815
4.69 8.96016
4.695 11.7193
4.7 14.4807
4.705 17.0668
4.71 19.3103
4.715 21.0627
4.72 22.1998
4.725 22.6251
4.73 22.2721
4.735 20.8795
4.74 18.4798
4.745 15.1812
4.75 11.1067
4.755 6.41292
4.76 1.281
4.765 -4.09255
4.77 -9.50439
4.775 -14.9087
4.78 -19.914
4.785 -24.3738
4.79 -25.3293
4.795 -26.6988
4.8 -27.4849
4.805 -27.6627
4.81 -27.2065
4.815 -29.5828
4.82 -29.6127
4.825 -28.6222
4.83 -25.5732
4.835 -22.2028
4.84 -19.2409
4.845 -14.6892
4.85 -9.42668
4.855 -3.70709
4.86 2.52229
4.865 8.59824
4.87 14.181
4.875 18.8649
4.88 22.3092
4.885 24.2811
4.89 24.1281
4.895 21.4453
4.9 16.7958
4.905 10.7572
4.91 3.80585
4.915 -3.622
4.92 -11.0504
4.925 -18.0419
4.93 -24.2358
4.935 -27.8425
4.94 -31.3979
4.945 -33.9423
4.95 -35.4607
4.955 -35.9909
4.96 -35.6131
4.965 -34.1605
4.97 -32.2006
4.975 -29.5684
4.98 -26.3896
4.985 -22.739
4.99 -18.6853
4.995 -14.6446
5 -10.4579
5.005 -6.22194
5.01 -1.95561
5.015 2.33883
5.02 4.71606
5.025 7.95454
5.03 11.3852
5.035 15.0295
5.04 18.8696
5.045 22.8451
5.05 30.0269
5.055 35.85
5.06 41.1515
5.065 44.5641
5.07 49.1503
5.075 52.1453
5.08 53.6545
5.085 53.5611
5.09 51.8264
5.095 48.4913
5.1 41.0731
5.105 33.5519
5.11 26.1454
5.115 17.8564
5.12 9.33338
5.125 0.942228
5.13 -7.06225
5.135 -14.2595
5.14 -20.4855
5.145 -25.6188
5.15 -29.3224
5.155 -31.343
5.16 -32.248
5.165 -32.1449
5.17 -31.3785
5.175 -30.2671
5.18 -27.3517
5.185 -25.4305
5.19 -24.0511
5.195 -23.3962
5.2 -23.5491
5.205 -24.4943
5.21 -29.1044
5.215 -32.8467
5.22 -36.6083
5.225 -38.8488
5.23 -43.0467
5.235 -46.2547
5.24 -48.5772
5.245 -49.9378
5.25 -50.3408
5.255 -49.8942
5.26 -48.7729
5.265 -45.8744
5.27 -43.0464
5.275 -37.9812
5.28 -42.174
5.285 -43.943
5.29 -45.554
5.295 -46.0846
5.3 -46.7515
5.305 -47.1766
5.31 -47.2616
5.315 -47.1014
5.32 -46.6963
5.325 -46.0747
5.33 -45.2759
5.335 -44.3498
5.34 -43.3544
5.345 -43.3063
5.35 -42.8214
5.355 -40.4238
5.36 -39.3105
5.365 -38.538
5.37 -38.1788
5.375 -38.2908
5.38 -38.9159
5.385 -40.0769
5.39 -41.7761
5.395 -43.9938
5.4 -46.6893
5.405 -50.1375
5.41 -54.1728
5.415 -58.5992
5.42 -63.2298
5.425 -67.8624
5.43 -72.2876
5.435 -76.298
5.44 -79.6469
5.445 -82.055
5.45 -83.2554
5.455 -82.4102
5.46 -79.2874
5.465 -73.8135
5.47 -65.9694
5.475 -55.8583
5.48 -43.9714
5.485 -30.413
5.49 -15.5751
5.495 0.0552631
5.5 15.9419
5.505 31.5292
5.51 46.2737
5.515 52.4027
5.52 60.0728
5.525 65.703
5.53 69.0123
5.535 69.853
5.54 68.196
5.545 72.9388
5.55 70.9927
5.555 69.8509
5.56 66.1978
5.565 62.1469
5.57 58.468
5.575 55.7702
5.58 47.6021
5.585 42.0015
5.59 36.9476
5.595 33.7134
5.6 37.5159
5.605 41.1444
5.61 44.8469
5.615 49.3244
5.62 54.1355
5.625 59.0872
5.63 63.9899
5.635 68.6902
5.64 73.0586
5.645 69.9608
5.65 69.334
5.655 69.2577
5.66 69.1733
5.665 69.257
5.67 69.5106
5.675 69.927
5.68 70.4891
5.685 71.1706
5.69 71.9363
5.695 72.7435
5.7 73.5304
5.705 74.0593
5.71 74.4628
5.715 75.2249
5.72 75.228
5.725 74.7236
5.73 73.6528
5.735 71.8315
5.74 65.846
5.745 58.6191
5.75 49.9583
5.755 40.3863
5.76 30.475
5.765 22.8752
5.77 16.8295
5.775 13.0027
5.78 11.577
5.785 12.5339
5.79 15.6624
5.795 20.583
5.8 26.7841
5.805 33.6665
5.81 40.5939
5.815 46.942
5.82 52.1439
5.825 55.7287
5.83 57.3485
5.835 56.7944
5.84 53.9466
5.845 49.0033
5.85 42.1425
5.855 36.2076
5.86 27.5221
5.865 17.8164
5.87 7.34758
5.875 -3.35597
5.88 -13.6591
5.885 -23.095
5.89 -31.2114
5.895 -22.9657
5.9 -20.2742
5.905 -17.691
5.91 -15.3111
5.915 -13.2082
5.92 -11.4469
5.925 -10.0778
5.93 -8.58944
5.935 -7.82863
5.94 -7.59781
5.945 -8.02082
5.95 -9.24411
5.955 -16.5756
5.96 -26.7498
5.965 -42.9506
5.97 -59.5625
5.975 -75.1937
5.98 -91.2746
5.985 -106.301
5.99 -119.632
5.995 -131.372
6 -138.214
6.005 -142.518
6.01 -150.742
6.015 -148.903
6.02 -148.421
6.025 -146.767
6.03 -142.9
6.035 -135.162
6.04 -124.792
6.045 -113.611
6.05 -100.383
6.055 -86.0173
6.06 -71.0444
6.065 -56.7247
6.07 -37.4848
6.075 -17.3929
6.08 0.406376
6.085 16.1586
6.09 29.6747
6.095 39.0021
6.1 46.7163
6.105 52.5935
6.11 55.1927
6.115 58.7083
6.12 59.9162
6.125 59.6884
6.13 57.959
6.135 52.2317
6.14 44.6346
6.145 35.3543
6.15 24.905
6.155 13.7965
6.16 2.51393
6.165 -8.49814
6.17 -18.5052
6.175 -26.9615
6.18 -34.1259
6.185 -40.7844
6.19 -45.689
6.195 -48.9804
6.2 -50.6185
6.205 -50.6078
6.21 -48.9919
6.215 -43.0176
6.22 -37.4936
6.225 -30.966
6.23 -23.5106
6.235 -15.2394
6.24 -6.27026
6.245 2.90296
6.25 11.6884
6.255 19.6931
6.26 26.5365
6.265 31.9424
6.27 33.2601
6.275 33.9761
6.28 33.6046
6.285 32.2409
6.29 30.0199
6.295 27.1072
6.3 23.6904
6.305 19.6012
6.31 16.1586
6.315 15.0175
6.32 15.5951
6.325 18.691
6.33 24.3631
6.335 32.5474
6.34 42.9841
6.345 55.2299
6.35 68.6985
6.355 82.7033
6.36 96.4599
6.365 109.158
6.37 120.056
6.375 128.52
6.38 137.538
6.385 144.463
6.39 148.506
6.395 149.558
6.4 147.662
6.405 141.942
6.41 131.633
6.415 118.275
6.42 103.826
6.425 88.35
6.43 72.4762
6.435 56.9462
6.44 39.3386
6.445 23.4285
6.45 3.42025
6.455 -10.501
6.46 -22.0327
6.465 -31.21
6.47 -38.3155
6.475 -43.7092
6.48 -47.7841
6.485 -50.9079
6.49 -51.4755
6.495 -50.3992
6.5 -48.1865
6.505 -45.2147
6.51 -41.7953
6.515 -38.1724
6.52 -31.5852
6.525 -27.238
6.53 -22.9746
6.535 -19.2495
6.54 -16.1172
6.545 -18.2969
6.55 -18.636
6.555 -18.9605
6.56 -19.1985
6.565 -19.1639
6.57 -18.6468
6.575 -17.5523
6.58 -15.8167
6.585 -13.5454
6.59 -10.9035
6.595 -7.99539
6.6 -4.95284
6.605 -1.91208
6.61 3.30183
6.615 6.94323
6.62 9.78849
6.625 11.7832
6.63 12.9001
6.635 13.1394
6.64 12.5274
6.645 11.0888
6.65 8.67116
6.655 5.31039
6.66 1.08515
6.665 -3.91455
6.67 -9.55219
6.675 -15.6568
6.68 -22.0287
6.685 -27.4021
6.69 -56.8437
6.695 -78.6631
6.7 -95.9498
6.705 -108.537
6.71 -115.571
6.715 -116.825
6.72 -115.55
6.725 -108.19
6.73 -96.1363
6.735 -91.74
6.74 -78.4595
6.745 -62.8971
6.75 -46.6293
6.755 -29.8937
6.76 -13.7245
6.765 1.15093
6.77 14.1844
6.775 22.3111
6.78 29.0241
6.785 34.184
6.79 36.4246
6.795 35.3617
6.8 32.1385
6.805 27.4192
6.81 21.8762
6.815 16.1354
6.82 14.1939
6.825 11.4439
6.83 9.34416
6.835 7.91184
6.84 7.05719
6.845 6.60379
6.85 6.31662
6.855 5.93072
6.86 5.18048
6.865 3.83089
6.87 1.70361
6.875 -1.3023
6.88 -5.19667
6.885 -9.8926
6.89 -15.1652
6.895 -21.4704
6.9 -27.6449
6.905 -33.226
6.91 -37.6536
6.915 -40.4215
6.92 -41.1253
6.925 -39.2538
6.93 -35.3618
6.935 -29.8123
6.94 -22.905
6.945 -15.0592
6.95 -6.72549
6.955 1.66224
6.96 9.68852
6.965 16.9867
6.97 23.2702
6.975 28.3415
6.98 31.3937
6.985 33.6951
6.99 34.8939
6.995 35.1302
7 34.6105
7.005 33.3649
7.01 31.2745
7.015 28.6816
7.02 25.7142
7.025 22.5457
7.03 19.344
7.035 16.2641
7.04 13.4417
7.045 10.9876
7.05 9.00351
7.055 7.56274
7.06 6.69229
7.065 6.5109
7.07 7.0797
7.075 8.0446
7.08 9.48499
7.085 11.1856
7.09 12.9421
7.095 14.5471
7.1 15.8047
7.105 16.5491
7.11 16.6587
7.115 16.0672
7.12 14.7681
7.125 12.5113
7.13 9.61512
7.135 6.26437
7.14 2.70291
7.145 -0.811484
7.15 -4.02444
7.155 -6.70485
7.16 -8.66168
7.165 -9.75725
7.17 -9.3746
7.175 -7.91832
7.18 -5.43189
7.185 -2.38834
7.19 1.22917
7.195 5.11329
7.2 8.99373
7.205 12.6005
7.21 15.6805
7.215 17.2289
7.22 18.2918
7.225 18.3156
7.23 17.1637
7.235 14.8624
7.24 11.4543
7.245 7.03269
7.25 1.83525
7.255 -2.25559
7.26 -6.8379
7.265 -11.4133
7.27 -15.7941
7.275 -19.7894
7.28 -23.2281
7.285 -25.9864
7.29 -27.9753
7.295 -29.1463
7.3 -29.4914
7.305 -29.0397
7.31 -27.8551
7.315 -26.0318
7.32 -23.6878
7.325 -20.9594
7.33 -17.993
7.335 -14.8243
7.34 -11.6529
7.345 -10.1603
7.35 -10.3269
7.355 -13.0309
7.36 -18.2921
7.365 -26.046
7.37 -36.006
7.375 -47.6886
7.38 -60.4538
7.385 -73.5548
7.39 -86.1628
7.395 -97.4368
7.4 -106.612
7.405 -113.048
7.41 -116.28
7.415 -116.045
7.42 -112.29
7.425 -117.494
7.43 -115.189
7.435 -108.528
7.44 -95.7839
7.445 -78.7852
7.45 -60.5293
7.455 -41.1913
7.46 -21.5365
7.465 -3.09854
7.47 14.7289
7.475 31.0617
7.48 45.5393
7.485 55.1742
7.49 63.1353
7.495 69.4767
7.5 70.4293
7.505 69.244
7.51 65.7645
7.515 60.5549
7.52 54.0475
7.525 46.6219
7.53 39.4747
7.535 31.9072
7.54 24.5446
7.545 17.6602
7.55 15.8557
7.555 13.4506
7.56 11.3428
7.565 9.46784
7.57 7.75177
7.575 6.11962
7.58 4.5025
7.585 2.97956
7.59 1.29237
7.595 0.0707739
7.6 -0.842146
7.605 -1.42121
7.61 -1.65413
7.615 1.66031
7.62 5.24471
7.625 7.40031
7.63 9.26297
7.635 11.4697
7.64 14.3767
7.645 18.3029
7.65 24.2484
7.655 31.7021
7.66 40.1643
7.665 49.0661
7.67 57.7904
7.675 65.7074
7.68 73.3352
7.685 79.7381
7.69 84.47
7.695 87.1157
7.7 87.3711
7.705 85.0674
7.71 79.9989
7.715 72.0755
7.72 61.7653
7.725 49.5481
7.73 36.009
7.735 21.796
7.74 7.57681
7.745 -5.46224
7.75 -17.5468
7.755 -27.9949
7.76 -36.4415
7.765 -41.0819
7.77 -41.5544
7.775 -35.9534
7.78 -29.5979
7.785 -21.1542
7.79 -11.2941
7.795 -0.655678
7.8 10.1317
7.805 20.4826
7.81 24.6324
7.815 30.6117
7.82 35.5856
7.825 39.4263
7.83 42.0682
7.835 43.5028
7.84 43.7715
7.845 42.9559
7.85 41.1679
7.855 38.5393
7.86 35.1923
7.865 31.2491
7.87 26.8457
7.875 22.1108
7.88 17.066
7.885 11.7781
7.89 6.4335
7.895 1.1722
7.9 -3.87167
7.905 -8.57229
7.91 -12.8206
7.915 -16.4475
7.92 -19.5091
7.925 -21.9291
7.93 -23.6403
7.935 -24.6235
7.94 -24.8881
7.945 -24.4705
7.95 -23.4321
7.955 -21.8558
7.96 -19.4037
7.965 -16.4651
7.97 -13.1919
7.975 -9.77726
7.98 -6.41309
7.985 -3.2809
7.99 -0.54318
7.995 1.6645
8 3.09927
8.005 3.47523
8.01 2.94678
8.015 1.59852
8.02 -0.44154
8.025 -3.01383
8.03 -5.89675
8.035 -8.92013
8.04 -11.9233
8.045 -14.7574
8.05 -17.3416
8.055 -20.2702
8.06 -24.2389
8.065 -29.4117
8.07 -34.0859
8.075 -40.4608
8.08 -47.8177
8.085 -55.8499
8.09 -64.1448
8.095 -72.1876
8.1 -79.4032
8.105 -87.7646
8.11 -93.1775
8.115 -95.6674
8.12 -94.8496
8.125 -90.5456
8.13 -82.7937
8.135 -71.4748
8.14 -57.0345
8.145 -40.2478
8.15 -21.9465
8.155 -3.06219
8.16 15.4503
8.165 32.708
8.17 43.8446
8.175 54.1504
8.18 62.0876
8.185 66.348
8.19 66.7273
8.195 63.8421
8.2 58.1996
8.205 50.4388
8.21 41.283
8.215 32.0196
8.22 22.516
8.225 13.3575
8.23 5.05886
8.235 2.24611
8.24 -0.843797
8.245 -2.87738
8.25 -3.8132
8.255 -3.66678
8.26 -2.52714
8.265 -0.548007
8.27 2.07441
8.275 5.11369
8.28 8.35332
8.285 11.589
8.29 14.6157
8.295 17.1235
8.3 19.1564
8.305 20.6311
8.31 21.5586
8.315 22.3934
8.32 23.7048
8.325 25.7556
8.33 28.7325
8.335 32.697
8.34 37.5897
8.345 43.242
8.35 49.3658
8.355 56.8163
8.36 62.9374
8.365 68.2839
8.37 72.1686
8.375 74.2398
8.38 74.2004
8.385 71.8922
8.39 67.3103
8.395 60.6044
8.4 56.5599
8.405 49.185
8.41 40.0033
8.415 29.5078
8.42 18.5312
8.425 7.30991
8.43 -3.64807
8.435 -13.8994
8.44 -23.0849
8.445 -30.9525
8.45 -32.6962
8.455 -32.9735
8.46 -30.9839
8.465 -27.1504
8.47 -21.9757
8.475 -16
8.48 -9.76031
8.485 -7.41273
8.49 -3.85701
8.495 -0.891823
8.5 1.34129
8.505 2.77311
8.51 3.43881
8.515 3.42834
8.52 2.81247
8.525 1.68432
8.53 0.170942
8.535 -1.59037
8.54 -3.4582
8.545 -5.2952
8.55 -6.97549
8.555 -8.45
8.56 -10.6253
8.565 -12.1161
8.57 -13.1087
8.575 -13.8746
8.58 -13.903
8.585 -13.3759
8.59 -12.3477
8.595 -10.6696
8.6 -8.45584
8.605 -6.08335
8.61 -3.65341
8.615 -1.3379
8.62 0.711187
8.625 2.3676
8.63 3.5348
8.635 4.16874
8.64 2.64988
8.645 0.907738
8.65 -2.28443
8.655 -5.34506
8.66 -11.0356
8.665 -18.621
8.67 -27.7675
8.675 -38.0106
8.68 -48.7648
8.685 -59.3393
8.69 -69.0046
8.695 -77.6407
8.7 -84.2211
8.705 -88.3628
8.71 -89.7391
8.715 -88.2069
8.72 -83.8228
8.725 -76.5546
8.73 -66.6835
8.735 -54.9632
8.74 -42.4105
8.745 -29.4021
8.75 -16.7564
8.755 -5.13519
8.76 4.90522
8.765 12.9453
8.77 16.9926
8.775 19.7999
8.78 20.7798
8.785 19.1396
8.79 15.798
8.795 10.9021
8.8 5.13231
8.805 -0.952361
8.81 -6.68468
8.815 -11.7731
8.82 -15.8371
8.825 -18.6305
8.83 -20.0367
8.835 -19.6778
8.84 -18.0025
8.845 -15.2069
8.85 -12.8017
8.855 -9.61566
8.86 -6.27457
8.865 -3.04329
8.87 -0.145324
8.875 2.25234
8.88 4.04916
8.885 5.21459
8.89 5.78578
8.895 5.8598
8.9 7.60026
8.905 8.35019
8.91 8.99033
8.915 9.5089
8.92 9.84831
8.925 10.0319
8.93 10.0838
8.935 10.0148
8.94 9.83482
8.945 9.57058
8.95 9.24783
8.955 8.8921
8.96 8.52717
8.965 8.17342
8.97 7.21002
8.975 6.57781
8.98 6.16869
8.985 5.97821
8.99 5.99097
8.995 6.18306
9 6.84513
9.005 7.62938
9.01 8.58435
9.015 9.71689
9.02 11.5827
9.025 14.7445
9.03 18.7396
9.035 23.4985
9.04 28.8839
9.045 34.6289
9.05 40.4015
9.055 45.8298
9.06 50.8297
9.065 55.6111
9.07 59.4805
9.075 62.0622
9.08 63.0465
9.085 62.217
9.09 59.4665
9.095 54.061
9.1 46.3244
9.105 36.5827
9.11 25.3718
9.115 13.2764
9.12 0.920009
9.125 -11.084
9.13 -22.1705
9.135 -29.0436
9.14 -35.2805
9.145 -39.1014
9.15 -40.4679
9.155 -39.7061
9.16 -37.0954
9.165 -32.9926
9.17 -27.8285
9.175 -22.0757
9.18 -16.2084
9.185 -13.6916
9.19 -10.1658
9.195 -7.00632
9.2 -4.31315
9.205 -2.14329
9.21 -0.520888
9.215 0.560999
9.22 1.13714
9.225 1.27225
9.23 1.05069
9.235 0.563877
9.24 -0.0912857
9.245 -0.819247
9.25 -1.53128
9.255 -2.15032
9.26 -2.61493
9.265 -2.88192
9.27 -2.92788
9.275 -2.74946
9.28 -2.36238
9.285 -1.79937
9.29 -1.11114
9.295 -0.361914
9.3 0.512429
9.305 1.37111
9.31 1.98323
9.315 2.27057
9.32 2.18534
9.325 1.69267
9.33 0.785145
9.335 -0.51873
9.34 -2.1748
9.345 -4.11708
9.35 -6.26254
9.355 -8.51683
9.36 -8.98267
9.365 -10.1547
9.37 -11.3588
9.375 -13.1977
9.38 -14.8219
9.385 -16.2824
9.39 -17.5304
9.395 -18.5264
9.4 -19.2313
9.405 -19.5935
9.41 -19.5548
9.415 -19.059
9.42 -18.0549
9.425 -16.5004
9.43 -14.3662
9.435 -11.6393
9.44 -8.15339
9.445 -4.08834
9.45 0.49491
9.455 5.4917
9.46 10.7811
9.465 16.2309
9.47 21.7036
9.475 27.062
9.48 32.4868
9.485 37.8492
9.49 43.0157
9.495 47.8758
9.5 52.3234
9.505 56.2605
9.51 59.3272
9.515 61.8296
9.52 63.6462
9.525 64.7465
9.53 65.117
9.535 64.7615
9.54 63.7006
9.545 62.6505
9.55 60.6546
9.555 57.4651
9.56 53.9897
9.565 50.0852
9.57 45.8486
9.575 41.3839
9.58 36.7946
9.585 32.1862
9.59 27.5156
9.595 22.9711
9.6 18.6496
9.605 14.6486
9.61 11.0841
9.615 7.99844
9.62 5.44466
9.625 3.46265
9.63 2.07729
9.635 1.69139
9.64 2.82791
9.645 5.01897
9.65 8.06417
9.655 11.7332
9.66 15.775
9.665 19.9327
9.67 23.9655
9.675 27.6552
9.68 30.8115
9.685 33.0905
9.69 34.5899
9.695 35.2141
9.7 34.9184
9.705 33.7106
9.71 31.6367
9.715 28.784
9.72 25.2864
9.725 22.8886
9.73 19.6266
9.735 16.1348
9.74 12.5422
9.745 8.93737
9.75 5.40608
9.755 2.02739
9.76 -0.97658
9.765 -3.39197
9.77 -5.28964
9.775 -6.67765
9.78 -7.59944
9.785 -8.12686
9.79 -8.35576
9.795 -8.4003
9.8 -8.38607
9.805 -8.35611
9.81 -8.3155
9.815 -10.3188
9.82 -11.7389
9.825 -12.9969
9.83 -14.0494
9.835 -14.8629
9.84 -15.416
9.845 -15.6993
9.85 -15.7119
9.855 -15.4608
9.86 -14.966
9.865 -14.7656
9.87 -14.0017
9.875 -13.0077
9.88 -11.8379
9.885 -10.5538
9.89 -9.78706
9.895 -10.3589
9.9 -12.6592
9.905 -16.9249
9.91 -23.1435
9.915 -31.1961
9.92 -40.7351
9.925 -51.268
9.93 -62.8602
9.935 -73.3993
9.94 -82.8246
9.945 -90.4568
9.95 -95.8274
9.955 -98.3718
9.96 -97.8559
9.965 -94.2338
9.97 -87.6598
9.975 -77.9381
9.98 -65.7758
9.985 -59.1609
9.99 -48.4782
9.995 -36.7425
10 -24.5602
10.005 -12.4563
10.01 -0.896737
10.015 9.73895
10.02 19.1754
10.025 24.7702
10.03 29.276
10.035 30.9885
10.04 30.804
10.045 29.1075
10.05 26.3341
10.055 22.9345
10.06 19.3421
10.065 19.1065
10.07 17.8007
10.075 16.9292
10.08 16.5434
10.085 16.5592
10.09 16.8392
10.095 17.2692
10.1 17.7124
10.105 18.0299
10.11 18.091
10.115 17.7834
10.12 17.0208
10.125 15.7499
10.13 13.9868
10.135 11.824
10.14 9.37415
10.145 6.75098
10.15 4.6371
10.155 2.29319
10.16 0.0423491
10.165 -2.02283
10.17 -3.86914
10.175 -5.35036
10.18 -6.42189
10.185 -7.04676
10.19 -7.20699
10.195 -6.96129
10.2 -5.77519
10.205 -4.13598
10.21 -2.20621
10.215 0.0988095
10.22 2.59315
10.225 5.19824
10.23 8.34901
10.235 12.4418
10.24 17.381
10.245 22.7036
10.25 28.2644
10.255 32.4858
10.26 37.1128
10.265 41.2401
10.27 44.4638
10.275 46.3982
10.28 46.7976
10.285 45.5009
10.29 41.8022
10.295 35.6574
10.3 27.2154
10.305 16.7448
10.31 4.93911
10.315 -7.41917
10.32 -14.9758
10.325 -23.2295
10.33 -30.4453
10.335 -36.2512
10.34 -42.6093
10.345 -46.556
10.35 -48.8576
10.355 -49.4918
10.36 -48.5082
10.365 -46.0229
10.37 -42.2095
10.375 -38.1709
10.38 -32.6223
10.385 -26.3068
10.39 -19.5294
10.395 -12.5916
10.4 -5.59383
10.405 1.03433
10.41 7.02063
10.415 12.1274
10.42 16.1741
10.425 19.0427
10.43 20.6286
10.435 20.879
10.44 18.9064
10.445 15.1114
10.45 9.18467
10.455 1.41937
10.46 -7.9012
10.465 -18.3183
10.47 -27.8567
10.475 -37.733
10.48 -47.263
10.485 -55.9038
10.49 -63.1412
10.495 -68.5381
10.5 -71.7664
10.505 -72.1821
10.51 -69.9772
10.515 -65.3157
10.52 -58.3994
10.525 -49.6861
10.53 -39.8607
10.535 -32.102
10.54 -23.1201
10.545 -14.6365
10.55 -7.1284
10.555 -0.989186
10.56 3.49341
10.565 6.15042
10.57 6.93285
10.575 5.6271
10.58 2.41112
10.585 -2.14127
10.59 -7.77596
10.595 -14.0212
10.6 -20.4271
10.605 -26.5612
10.61 -30.8339
10.615 -34.5267
10.62 -37.2399
10.625 -38.8516
10.63 -39.1438
10.635 -38.2692
10.64 -36.2844
10.645 -33.3286
10.65 -29.5785
10.655 -25.2334
10.66 -20.5004
10.665 -15.5822
10.67 -12.8039
10.675 -9.08696
10.68 -5.49063
10.685 -2.08674
10.69 1.06736
10.695 3.92805
10.7 6.46403
10.705 8.6551
10.71 10.4907
10.715 11.9683
10.72 13.0921
10.725 13.8719
10.73 14.3234
10.735 14.468
10.74 14.3321
10.745 13.9475
10.75 13.3516
10.755 12.5868
10.76 11.6807
10.765 10.6538
10.77 9.53564
10.775 8.35627
10.78 7.14609
10.785 5.93516
10.79 4.75238
10.795 3.62476
10.8 2.57691
10.805 1.63075
10.81 0.795601
10.815 -0.118683
10.82 -0.92804
10.825 -1.56211
10.83 -1.94185
10.835 -2.06759
10.84 -1.94024
10.845 -1.571
10.85 -0.983335
10.855 -0.211138
10.86 0.718553
10.865 1.78548
10.87 2.96654
10.875 4.24113
10.88 5.58965
10.885 6.99267
10.89 8.43043
10.895 9.88214
10.9 11.3253
10.905 12.7355
10.91 13.4583
10.915 14.1736
10.92 14.86
10.925 15.5091
10.93 16.1025
10.935 16.6065
10.94 16.9787
10.945 17.1741
10.95 17.1495
10.955 16.8675
10.96 16.2997
10.965 15.4311
10.97 14.2623
10.975 12.8104
10.98 11.4973
10.985 9.97832
10.99 8.30669
10.995 6.52177
11 4.6699
11.005 2.80175
11.01 0.969657
11.015 -0.775195
11.02 -2.38543
11.025 -3.81992
11.03 -5.04573
11.035 -6.03959
11.04 -6.78922
11.045 -7.29386
11.05 -7.57037
11.055 -7.63914
11.06 -7.52271
11.065 -7.25129
11.07 -6.85841
11.075 -6.37883
11.08 -5.79645
11.085 -5.09795
11.09 -4.35733
11.095 -3.61631
11.1 -2.91279
11.105 -2.30314
11.11 -1.85793
11.115 -1.56978
11.12 -1.28022
11.125 -1.13676
11.13 -1.13909
11.135 -1.28813
11.14 -1.85174
11.145 -2.48116
11.15 -3.2049
11.155 -4.00752
11.16 -4.87458
11.165 -5.79285
11.17 -6.75026
11.175 -7.73593
11.18 -8.74007
11.185 -9.75364
11.19 -10.7681
11.195 -11.7748
11.2 -12.7655
11.205 -13.7312
11.21 -14.6631
11.215 -15.5519
11.22 -16.3877
11.225 -17.1603
11.23 -17.8595
11.235 -18.4752
11.24 -18.9976
11.245 -19.4175
11.25 -19.7271
11.255 -19.92
11.26 -19.9917
11.265 -19.9399
11.27 -19.7649
11.275 -19.4697
11.28 -19.0599
11.285 -18.5436
11.29 -17.9301
11.295 -17.2289
11.3 -16.4508
11.305 -15.6082
11.31 -14.7154
11.315 -13.6649
11.32 -12.5257
11.325 -11.3356
11.33 -10.1309
11.335 -8.94544
11.34 -7.75533
11.345 -6.59274
11.35 -5.47689
11.355 -4.41523
11.36 -3.40577
11.365 -2.43803
11.37 -1.49419
11.375 -0.549786
11.38 0.424416
11.385 1.46034
11.39 2.59006
11.395 3.84318
11.4 5.24457
11.405 6.81236
11.41 7.25006
11.415 8.49481
11.42 9.97233
11.425 11.6876
11.43 13.5298
11.435 15.3193
11.44 16.9217
11.445 18.2187
11.45 19.1151
11.455 19.5431
11.46 19.4644
11.465 18.8718
11.47 17.7879
11.475 16.2628
11.48 14.3712
11.485 12.2072
11.49 9.87903
11.495 7.50296
11.5 5.20292
11.505 3.09988
11.51 1.30095
11.515 -0.050788
11.52 -0.193811
11.525 1.67155
11.53 4.18601
11.535 8.79913
11.54 15.3403
11.545 23.6734
11.55 33.2082
11.555 43.8787
11.56 55.237
11.565 69.333
11.57 78.086
11.575 88.2562
11.58 96.9104
11.585 103.755
11.59 108.462
11.595 110.819
11.6 110.74
11.605 108.272
11.61 103.584
11.615 96.9495
11.62 87.8724
11.625 77.1494
11.63 65.4833
11.635 53.5485
11.64 41.9907
11.645 31.3883
11.65 22.2203
11.655 14.8439
11.66 9.47567
11.665 6.18646
11.67 4.91212
11.675 7.12476
11.68 10.9603
11.685 16.2035
11.69 22.2036
11.695 28.3717
11.7 34.1611
11.705 39.1086
11.71 42.8582
11.715 45.1746
11.72 45.9467
11.725 45.1808
11.73 42.987
11.735 39.5678
11.74 35.2113
11.745 30.2616
11.75 25.0762
11.755 19.9991
11.76 15.3343
11.765 13.1537
11.77 10.9659
11.775 9.45592
11.78 8.6395
11.785 8.47874
11.79 8.88802
11.795 9.74216
11.8 10.634
11.805 11.7152
11.81 12.7511
11.815 13.5733
11.82 14.0315
11.825 14.0057
11.83 13.403
11.835 12.1611
11.84 7.62322
11.845 3.70653
11.85 -0.501369
11.855 -4.82759
11.86 -9.06825
11.865 -13.0763
11.87 -16.7136
11.875 -19.8642
11.88 -22.9903
11.885 -25.1857
11.89 -26.4723
11.895 -26.8166
11.9 -26.2273
11.905 -24.7538
11.91 -22.3041
11.915 -18.8398
11.92 -14.7405
11.925 -10.306
11.93 -5.81828
11.935 -1.64107
11.94 2.00277
11.945 4.09513
11.95 3.46704
11.955 -0.328439
11.96 -6.9321
11.965 -16.2925
11.97 -28.0518
11.975 -41.598
11.98 -56.1457
11.985 -70.7863
11.99 -84.55
11.995 -96.3699
12 -105.133
12.005 -110.362
12.01 -111.701
12.015 -109.078
12.02 -106.752
12.025 -99.3147
12.03 -88.8956
12.035 -75.9917
12.04 -68.6912
12.045 -59.6181
12.05 -49.8976
12.055 -40.1029
12.06 -31.0817
12.065 -22.8262
12.07 -15.7782
12.075 -10.1646
12.08 -6.09358
12.085 -3.55636
12.09 -2.44014
12.095 -2.7534
12.1 -3.88225
12.105 -5.61891
12.11 -7.69875
12.115 -11.6215
12.12 -16.0701
12.125 -20.7727
12.13 -25.3728
12.135 -29.5405
12.14 -33.0124
12.145 -35.4976
12.15 -37.0474
12.155 -37.6622
12.16 -37.4336
12.165 -35.7878
12.17 -34.1428
12.175 -32.3008
12.18 -30.3969
12.185 -28.5373
12.19 -26.7317
12.195 -25.0918
12.2 -23.6317
12.205 -22.3477
12.21 -21.2123
12.215 -20.1814
12.22 -19.2023
12.225 -18.2209
12.23 -16.8164
12.235 -15.1804
12.24 -14.2765
12.245 -12.8763
12.25 -11.2991
12.255 -9.56345
12.26 -7.69905
12.265 -5.74455
12.27 -3.74331
12.275 -1.7372
12.28 0.237661
12.285 2.15477
12.29 3.99978
12.295 5.77187
12.3 7.48394
12.305 9.16123
12.31 10.8385
12.315 12.5565
12.32 14.3562
12.325 16.1009
12.33 17.6174
12.335 18.854
12.34 19.7268
12.345 20.1602
12.35 20.1095
12.355 19.5502
12.36 18.4819
12.365 16.9285
12.37 14.9532
12.375 12.6433
12.38 10.1164
12.385 7.51045
12.39 4.95214
12.395 2.42244
12.4 0.168067
12.405 -1.6986
12.41 -2.46091
12.415 -1.37524
12.42 1.65525
12.425 7.5136
12.43 15.6257
12.435 25.8258
12.44 37.6536
12.445 50.5083
12.45 63.693
12.455 76.4668
12.46 88.5127
12.465 99.1142
12.47 107.598
12.475 113.445
12.48 116.289
12.485 115.943
12.49 112.404
12.495 105.856
12.5 96.6475
12.505 82.9898
12.51 67.7168
12.515 51.3334
12.52 34.8385
12.525 19.1766
12.53 5.17435
12.535 -6.50875
12.54 -15.4194
12.545 -21.3329
12.55 -24.0934
12.555 -22.2409
12.56 -17.8141
12.565 -11.1275
12.57 -2.99461
12.575 5.73862
12.58 14.2418
12.585 21.7789
12.59 27.7806
12.595 31.844
12.6 33.7522
12.605 33.4686
12.61 30.724
12.615 26.4471
12.62 20.8409
12.625 16.9996
12.63 11.9384
12.635 6.5575
12.64 1.18247
12.645 -3.89385
12.65 -8.43211
12.655 -12.2593
12.66 -15.3154
12.665 -17.6235
12.67 -19.0991
12.675 -19.691
12.68 -19.4701
12.685 -20.1188
12.69 -19.8049
12.695 -18.7738
12.7 -17.1013
12.705 -14.8894
12.71 -12.2629
12.715 -9.36284
12.72 -5.75646
12.725 -2.79409
12.73 -0.232516
12.735 2.30696
12.74 4.33013
12.745 5.8264
12.75 6.72679
12.755 6.9912
12.76 5.86336
12.765 2.47444
12.77 -1.03351
12.775 -5.13956
12.78 -10.2454
12.785 -16.2328
12.79 -22.9283
12.795 -30.1119
12.8 -37.5241
12.805 -44.8748
12.81 -75.3361
12.815 -93.1299
12.82 -106.799
12.825 -116.112
12.83 -120.957
12.835 -120.799
12.84 -119.523
12.845 -113.033
12.85 -103.243
12.855 -90.127
12.86 -83.7649
12.865 -74.4325
12.87 -64.6772
12.875 -55.5322
12.88 -47.0837
12.885 -39.9005
12.89 -34.2699
12.895 -30.3183
12.9 -28.9166
12.905 -28.4439
12.91 -29.0686
12.915 -30.2873
12.92 -31.848
12.925 -33.3566
12.93 -34.4817
12.935 -34.9546
12.94 -34.5878
12.945 -33.2746
12.95 -31.0095
12.955 -27.8844
12.96 -24.1697
12.965 -19.9573
12.97 -15.5018
12.975 -11.0646
12.98 -6.89514
12.985 -3.21192
12.99 -0.186331
12.995 0.957778
13 0.524605
13.005 -1.35313
13.01 -4.46554
13.015 -8.52891
13.02 -13.2095
13.025 -18.1457
13.03 -22.9855
13.035 -27.3553
13.04 -29.4789
13.045 -31.0397
13.05 -31.6763
13.055 -32.2296
13.06 -32.0204
13.065 -31.018
13.07 -29.2651
13.075 -26.83
13.08 -23.7988
13.085 -20.2674
13.09 -16.3341
13.095 -12.0929
13.1 -7.62823
13.105 -3.01181
13.11 1.69883
13.115 6.45958
13.12 11.2385
13.125 15.8319
13.13 19.9889
13.135 23.5848
13.14 26.4773
13.145 28.5521
13.15 29.753
13.155 30.0591
13.16 29.4889
13.165 27.9156
13.17 25.7478
13.175 23.0035
13.18 19.8183
13.185 16.3526
13.19 12.5101
13.195 8.63116
13.2 5.69819
13.205 4.90212
13.21 6.36448
13.215 10.3656
13.22 17.0189
13.225 26.415
13.23 37.8929
13.235 50.8779
13.24 64.6085
13.245 78.2198
13.25 91.6644
13.255 103.693
13.26 113.639
13.265 120.856
13.27 124.857
13.275 125.342
13.28 122.218
13.285 115.597
13.29 103.613
13.295 88.1845
13.3 70.1225
13.305 50.5159
13.31 30.4761
13.315 11.0631
13.32 -6.78919
13.325 -21.8878
13.33 -34.3808
13.335 -43.8614
13.34 -50.2821
13.345 -51.5593
13.35 -49.1951
13.355 -43.8729
13.36 -36.5166
13.365 -28.0992
13.37 -19.536
13.375 -12.0109
13.38 -4.06032
13.385 1.71556
13.39 5.62025
13.395 7.59005
13.4 4.66981
13.405 1.33848
13.41 -2.82159
13.415 -7.43759
13.42 -12.1272
13.425 -16.5184
13.43 -20.2695
13.435 -23.1202
13.44 -24.8911
13.445 -19.6372
13.45 -15.6132
13.455 -11.6865
13.46 -7.95339
13.465 -4.51156
13.47 -1.44753
13.475 1.16688
13.48 3.27592
13.485 4.84085
13.49 5.84051
13.495 6.27141
13.5 6.14726
13.505 5.53396
13.51 4.50722
13.515 3.56137
13.52 2.91339
13.525 2.441
13.53 2.1292
13.535 1.9459
13.54 1.84574
13.545 1.77505
13.55 1.67725
13.555 1.49777
13.56 1.18867
13.565 0.705252
13.57 0.00527576
13.575 -0.943371
13.58 -2.15894
13.585 -3.66411
13.59 -5.4644
13.595 -7.52692
13.6 -9.79868
13.605 -12.2074
13.61 -14.6266
13.615 -16.9752
13.62 -19.1421
13.625 -20.9628
13.63 -22.2838
13.635 -22.9807
13.64 -22.953
13.645 -22.1351
13.65 -20.502
13.655 -18.0708
13.66 -14.9001
13.665 -11.0857
13.67 -6.75503
13.675 -2.05886
13.68 2.83797
13.685 7.71113
13.69 12.336
13.695 16.545
13.7 20.1873
13.705 23.143
13.71 25.3267
13.715 26.6896
13.72 27.2112
13.725 26.9014
13.73 25.8057
13.735 23.9966
13.74 21.4804
13.745 18.4367
13.75 15.0026
13.755 11.3337
13.76 7.58952
13.765 3.92663
13.77 0.492799
13.775 -2.44251
13.78 -4.76929
13.785 -6.42839
13.79 -7.37153
13.795 -7.58141
13.8 -7.0764
13.805 -5.92261
13.81 -4.20801
13.815 -2.03695
13.82 0.472512
13.825 3.17665
13.83 5.9376
13.835 8.60625
13.84 11.044
13.845 13.0737
13.85 14.6788
13.855 15.7881
13.86 16.3746
13.865 16.4593
13.87 16.0726
13.875 15.284
13.88 14.1816
13.885 12.8657
13.89 11.4369
13.895 9.991
13.9 8.61493
13.905 7.38233
13.91 6.34728
13.915 5.54343
13.92 5.56837
13.925 5.51931
13.93 5.57192
13.935 5.6925
13.94 5.84741
13.945 6.00613
13.95 6.14389
13.955 6.52046
13.96 6.95809
13.965 7.45928
13.97 8.00063
13.975 8.56158
13.98 9.12529
13.985 9.67833
13.99 10.211
13.995 10.7177
14 11.1969
14.005 11.6502
14.01 12.082
14.015 12.4991
14.02 12.9098
14.025 13.3227
14.03 13.7461
14.035 14.1872
14.04 14.6508
14.045 15.139
14.05 15.6519
14.055 16.1867
14.06 16.7388
14.065 17.3013
14.07 17.866
14.075 18.424
14.08 18.9663
14.085 19.484
14.09 19.9689
14.095 20.4142
14.1 20.8143
14.105 21.1651
14.11 21.4639
14.115 21.7151
14.12 21.9239
14.125 22.0895
14.13 22.2107
14.135 22.2846
14.14 22.3069
14.145 22.2724
14.15 22.1715
14.155 21.9883
14.16 21.704
14.165 21.2999
14.17 20.7591
14.175 20.0338
14.18 19.1279
14.185 18.0443
14.19 16.9605
14.195 15.7774
14.2 14.5358
14.205 13.2542
14.21 11.9521
14.215 10.8022
14.22 9.59381
14.225 8.41279
14.23 7.27134
14.235 6.17977
14.24 5.14612
14.245 4.17601
14.25 3.27272
14.255 3.65063
14.26 3.86957
14.265 4.01748
14.27 3.87489
14.275 3.71177
14.28 3.43378
14.285 3.04462
14.29 2.55615
14.295 1.98658
14.3 1.358
14.305 0.693732
14.31 0.0157247
14.315 -0.657734
14.32 -1.31411
14.325 -1.94803
14.33 -2.56202
14.335 -3.16628
14.34 -3.77774
14.345 -4.41852
14.35 -5.58966
14.355 -6.6733
14.36 -7.64702
14.365 -8.49422
14.37 -9.19532
14.375 -9.73654
14.38 -10.1147
14.385 -10.3349
14.39 -10.4094
14.395 -10.3568
14.4 -10.2005
14.405 -9.85054
14.41 -9.32253
14.415 -8.72108
14.42 -8.10859
14.425 -7.54854
14.43 -7.09958
14.435 -6.81262
14.44 -6.72859
14.445 -6.8767
14.45 -7.30957
14.455 -8.4676
14.46 -10.8105
14.465 -14.218
14.47 -18.7936
14.475 -24.4187
14.48 -30.8802
14.485 -37.8752
14.49 -45.035
14.495 -51.9502
14.5 -57.8443
14.505 -62.5718
14.51 -65.7518
14.515 -67.1599
14.52 -66.6859
14.525 -66.0183
14.53 -63.3462
14.535 -59.0542
14.54 -53.3693
14.545 -46.4863
14.55 -38.8441
14.555 -30.8269
14.56 -22.8317
14.565 -15.2305
14.57 -8.34818
14.575 -2.44571
14.58 2.29209
14.585 5.76644
14.59 7.96442
14.595 8.94953
14.6 8.8134
14.605 7.71142
14.61 5.884
14.615 3.56707
14.62 0.992067
14.625 -1.63184
14.63 -4.13156
14.635 -6.37793
14.64 -8.28958
14.645 -9.83262
14.65 -11.016
14.655 -11.884
14.66 -12.5044
14.665 -12.9555
14.67 -13.318
14.675 -13.6667
14.68 -15.4534
14.685 -16.7761
14.69 -18.0467
14.695 -19.2215
14.7 -20.2442
14.705 -21.05
14.71 -21.5692
14.715 -21.7324
14.72 -21.4756
14.725 -20.7452
14.73 -19.5024
14.735 -17.7268
14.74 -15.4195
14.745 -12.6035
14.75 -9.32465
14.755 -5.64978
14.76 -1.66474
14.765 2.52912
14.77 6.7545
14.775 10.8144
14.78 14.5624
14.785 17.8639
14.79 20.6081
14.795 22.7124
14.8 24.1146
14.805 24.7802
14.81 24.7107
14.815 23.9375
14.82 22.2892
14.825 19.9779
14.83 17.1403
14.835 13.9397
14.84 10.55
14.845 7.14707
14.85 3.90004
14.855 1.06115
14.86 -1.27857
14.865 -3.01397
14.87 -4.08156
14.875 -4.45506
14.88 -4.14472
14.885 -2.62099
14.89 -0.976215
14.895 0.97844
14.9 3.09607
14.905 5.22018
14.91 7.19421
14.915 8.87337
14.92 10.1351
14.925 10.8874
14.93 11.0742
14.935 10.6786
14.94 9.722
14.945 8.26132
14.95 6.3832
14.955 4.1966
14.96 1.82397
14.965 -0.607924
14.97 -2.97699
14.975 -5.1738
14.98 -7.15198
14.985 -8.79685
14.99 -10.0711
14.995 -10.9562
15 -11.4555
15.005 -11.594
15.01 -11.4145
15.015 -10.9735
15.02 -10.3368
15.025 -9.57435
15.03 -8.75593
15.035 -7.94656
15.04 -7.20285
15.045 -6.51711
15.05 -5.92127
15.055 -5.47379
15.06 -5.19356
15.065 -5.0057
15.07 -4.96226
15.075 -5.01633
15.08 -5.11417
15.085 -5.18808
15.09 -5.1657
15.095 -4.97714
15.1 -4.56211
15.105 -3.87616
15.11 -2.89512
15.115 -1.61737
15.12 -0.0642553
15.125 1.72198
15.13 3.68134
15.135 5.74034
15.14 7.818
15.145 8.76795
15.15 9.90647
15.155 10.9392
15.16 11.8404
15.165 12.59
15.17 13.1732
15.175 13.5823
15.18 13.7891
15.185 13.7647
15.19 13.5082
15.195 13.0277
15.2 12.3419
15.205 11.4795
15.21 10.4765
15.215 9.37502
15.22 8.22068
15.225 7.06063
15.23 5.94163
15.235 4.90802
15.24 3.99977
15.245 3.25111
15.25 2.69836
15.255 2.37126
15.26 2.28365
15.265 2.38205
15.27 2.87086
15.275 3.58496
15.28 4.52458
15.285 5.646
15.29 6.89906
15.295 8.23351
15.3 9.60214
15.305 10.9613
15.31 12.2891
15.315 13.5759
15.32 14.808
15.325 16.1816
15.33 17.8831
15.335 19.7983
15.34 21.7834
15.345 23.819
15.35 25.8057
15.355 27.608
15.36 29.0694
15.365 30.0392
15.37 30.426
15.375 30.131
15.38 29.0645
15.385 26.8176
15.39 23.5779
15.395 19.4358
15.4 14.5649
15.405 9.18778
15.41 3.5587
15.415 -2.0571
15.42 -7.40298
15.425 -11.0729
15.43 -14.1827
15.435 -16.6345
15.44 -18.3981
15.445 -19.4811
15.45 -19.9251
15.455 -19.8016
15.46 -19.2047
15.465 -18.4101
15.47 -17.288
15.475 -15.969
15.48 -14.4845
15.485 -12.8903
15.49 -11.239
15.495 -9.58108
15.5 -7.96472
15.505 -6.43433
15.51 -5.03016
15.515 -3.77183
15.52 -2.67036
15.525 -1.74264
15.53 -0.999946
15.535 -1.10217
15.54 -1.07616
15.545 -1.13366
15.55 -1.26973
15.555 -1.4826
15.56 -1.77345
15.565 -2.1459
15.57 -2.60491
15.575 -3.15566
15.58 -3.85894
15.585 -4.70339
15.59 -5.68035
15.595 -6.77818
15.6 -7.94512
15.605 -9.10623
15.61 -10.2709
15.615 -11.4213
15.62 -12.54
15.625 -13.668
15.63 -15.4593
15.635 -18.5216
15.64 -21.9426
15.645 -26.3227
15.65 -31.3535
15.655 -36.7906
15.66 -42.3159
15.665 -47.5502
15.67 -52.0034
15.675 -55.214
15.68 -56.9613
15.685 -56.9373
15.69 -54.9988
15.695 -51.1226
15.7 -45.41
15.705 -39.0261
15.71 -30.9301
15.715 -21.5564
15.72 -11.3489
15.725 -0.794266
15.73 9.61376
15.735 19.4094
15.74 28.1852
15.745 33.5809
15.75 38.0237
15.755 40.9154
15.76 42.3528
15.765 42.4411
15.77 41.3423
15.775 39.26
15.78 36.3462
15.785 32.7282
15.79 28.5806
15.795 24.0824
15.8 19.4142
15.805 14.7375
15.81 10.1955
15.815 5.92106
15.82 2.02476
15.825 -1.40588
15.83 -4.30704
15.835 -6.60522
15.84 -8.23272
15.845 -9.14548
15.85 -9.32438
15.855 -8.79431
15.86 -7.61014
15.865 -5.85403
15.87 -3.63027
15.875 -1.0592
15.88 1.87343
15.885 4.95169
15.89 8.02027
15.895 10.9299
15.9 13.5473
15.905 15.7613
15.91 17.2919
15.915 18.1959
15.92 18.4969
15.925 18.4974
15.93 18.6249
15.935 19.1609
15.94 20.2907
15.945 22.0983
15.95 24.1859
15.955 26.7038
15.96 29.4656
15.965 32.2635
15.97 34.9368
15.975 37.1545
15.98 38.6755
15.985 39.2754
15.99 38.7912
15.995 37.1481
16 34.3591
16.005 29.9559
16.01 24.5951
16.015 18.5075
16.02 12.0807
16.025 5.72217
16.03 -0.177308
16.035 -5.08813
16.04 -8.85614
16.045 -9.77857
16.05 -9.85405
16.055 -8.8825
16.06 -6.9931
16.065 -4.36084
16.07 -1.19557
16.075 2.27051
16.08 5.79961
16.085 8.91138
16.09 11.8131
16.095 14.1992
16.1 15.9385
16.105 16.9471
16.11 17.1916
16.115 16.6886
16.12 15.501
16.125 13.7479
16.13 11.5734
16.135 9.1072
16.14 6.49954
16.145 3.89916
16.15 1.44364
16.155 -0.748815
16.16 -2.58562
16.165 -4.00417
16.17 -4.94246
16.175 -5.41183
16.18 -5.44992
16.185 -5.12504
16.19 -4.52958
16.195 -3.76981
16.2 -2.95734
16.205 -2.20041
16.21 -1.59617
16.215 -1.22411
16.22 -1.14136
16.225 -1.37982
16.23 -1.94533
16.235 -2.81855
16.24 -3.95738
16.245 -5.27745
16.25 -6.71807
16.255 -8.20618
16.26 -9.65491
16.265 -10.9784
16.27 -12.1063
16.275 -12.9783
16.28 -13.549
16.285 -13.6685
16.29 -13.2999
16.295 -12.5276
16.3 -11.4229
16.305 -10.0755
16.31 -8.56947
16.315 -7.02704
16.32 -5.55325
16.325 -4.24671
16.33 -3.19106
16.335 -2.45048
16.34 -2.06835
16.345 -2.03445
16.35 -2.31959
16.355 -2.92816
16.36 -3.81991
16.365 -4.54539
16.37 -5.61606
16.375 -6.81552
16.38 -8.08623
16.385 -9.37755
16.39 -10.6366
16.395 -11.8137
16.4 -12.8644
16.405 -13.7517
16.41 -14.4471
16.415 -14.9324
16.42 -15.193
16.425 -15.2368
16.43 -15.0775
16.435 -14.7393
16.44 -14.1936
16.445 -13.5215
16.45 -12.7822
16.455 -12.0362
16.46 -11.3403
16.465 -10.7447
16.47 -10.2899
16.475 -10.0049
16.48 -9.80883
16.485 -9.79963
16.49 -10.2364
16.495 -11.4592
16.5 -13.6064
16.505 -16.715
16.51 -20.7112
16.515 -25.4197
16.52 -30.5815
16.525 -35.8779
16.53 -40.9473
16.535 -46.2089
16.54 -50.4525
16.545 -53.4976
16.55 -55.0961
16.555 -55.0942
16.56 -53.4423
16.565 -50.1975
16.57 -45.5167
16.575 -39.3527
16.58 -32.1858
16.585 -24.4198
16.59 -16.4829
16.595 -8.79257
16.6 -1.72698
16.605 4.39779
16.61 9.34521
16.615 12.9717
16.62 15.1281
16.625 15.7529
16.63 15.074
16.635 13.323
16.64 10.7793
16.645 7.74487
16.65 4.52035
16.655 1.37964
16.66 -1.4486
16.665 -3.79063
16.67 -5.53363
16.675 -6.62606
16.68 -7.0728
16.685 -8.64655
16.69 -8.9169
16.695 -8.70429
16.7 -8.07887
16.705 -7.11812
16.71 -5.89792
16.715 -4.48517
16.72 -2.9323
16.725 -1.27388
16.73 0.474584
16.735 2.33939
16.74 4.22599
16.745 5.99598
16.75 7.60982
16.755 9.01348
16.76 10.1602
16.765 11.0232
16.77 11.5938
16.775 11.8804
16.78 11.9066
16.785 11.7084
16.79 11.3315
16.795 10.8285
16.8 10.2559
16.805 9.5639
16.81 8.76355
16.815 8.15829
16.82 7.68518
16.825 7.47977
16.83 8.21197
16.835 10.6216
16.84 14.9388
16.845 20.3777
16.85 27.4325
16.855 35.698
16.86 44.7892
16.865 54.2238
16.87 63.4473
16.875 71.8536
16.88 79.0612
16.885 84.4078
16.89 87.4725
16.895 87.9482
16.9 85.6894
16.905 80.7224
16.91 73.2437
16.915 62.7178
16.92 50.1679
16.925 36.2691
16.93 21.8164
16.935 7.6063
16.94 -5.07316
16.945 -16.3112
16.95 -25.3236
16.955 -31.582
16.96 -34.8391
16.965 -35.233
16.97 -30.4095
16.975 -25.302
16.98 -18.9174
16.985 -11.8035
16.99 -4.51871
16.995 2.40265
17 8.08454
17.005 12.6734
17.01 15.797
17.015 17.2778
17.02 17.0612
17.025 15.2234
17.03 11.9512
17.035 7.51731
17.04 2.28164
17.045 -3.35384
17.05 -9.6217
17.055 -15.232
17.06 -20.1928
17.065 -24.2713
17.07 -27.2874
17.075 -29.1205
17.08 -30.375
17.085 -29.9576
17.09 -28.2314
17.095 -25.3277
17.1 -21.1265
17.105 -15.9716
17.11 -10.1863
17.115 -4.10441
17.12 1.9373
17.125 7.61681
17.13 12.643
17.135 16.7674
17.14 19.7931
17.145 21.5004
17.15 21.228
17.155 19.7712
17.16 17.1465
17.165 13.4973
17.17 8.98843
17.175 3.82281
17.18 -1.73825
17.185 -7.43954
17.19 -13.0313
17.195 -18.2811
17.2 -22.9842
17.205 -26.9637
17.21 -30.0297
17.215 -32.065
17.22 -33.0637
17.225 -33.4912
17.23 -32.992
17.235 -31.644
17.24 -29.5006
17.245 -26.6327
17.25 -23.1254
17.255 -18.9889
17.26 -14.428
17.265 -9.55815
17.27 -4.52125
17.275 0.538299
17.28 5.47877
17.285 10.1655
17.29 14.4756
17.295 18.3277
17.3 21.5813
17.305 24.0786
17.31 25.7767
17.315 26.6542
17.32 26.7271
17.325 26.0494
17.33 24.7058
17.335 22.8057
17.34 20.4761
17.345 17.854
17.35 14.8504
17.355 11.7864
17.36 8.79029
17.365 6.00203
17.37 3.53788
17.375 1.48651
17.38 -0.0933583
17.385 -1.1731
17.39 -1.6942
17.395 -1.7117
17.4 -1.26188
17.405 -0.420389
17.41 0.724794
17.415 2.07737
17.42 3.48094
17.425 4.84003
17.43 6.06998
17.435 7.09098
17.44 7.83948
17.445 8.20347
17.45 8.15963
17.455 7.71309
17.46 6.8937
17.465 5.75649
17.47 4.37658
17.475 2.84299
17.48 1.25167
17.485 -0.30181
17.49 -1.72924
17.495 -2.95608
17.5 -3.92642
17.505 -3.90936
17.51 -3.82738
17.515 -3.62778
17.52 -3.28229
17.525 -2.84272
17.53 -2.36813
17.535 -1.92017
17.54 -1.55916
17.545 -1.34042
17.55 -1.31098
17.555 -1.50706
17.56 -1.952
17.565 -2.65472
17.57 -3.60975
17.575 -4.79782
17.58 -6.18693
17.585 -7.73429
17.59 -9.38892
17.595 -11.0945
17.6 -12.7921
17.605 -14.4226
17.61 -15.93
17.615 -17.263
17.62 -18.3782
17.625 -19.2408
17.63 -19.8263
17.635 -20.1203
17.64 -20.1189
17.645 -19.8281
17.65 -19.2602
17.655 -18.3547
17.66 -17.0574
17.665 -15.4505
17.67 -13.5782
17.675 -11.4889
17.68 -9.23408
17.685 -6.86664
17.69 -4.42397
17.695 -1.96279
17.7 0.465626
17.705 2.81202
17.71 5.03
17.715 7.07662
17.72 8.91312
17.725 9.81646
17.73 10.5049
17.735 11.0035
17.74 11.3253
17.745 11.4809
17.75 11.4789
17.755 11.3274
17.76 11.0347
17.765 10.6113
17.77 10.0701
17.775 9.4277
17.78 8.70444
17.785 7.92459
17.79 7.09109
17.795 6.20082
17.8 5.26855
17.805 4.31253
17.81 3.35231
17.815 2.4094
17.82 1.50963
17.825 0.68063
17.83 -0.033751
17.835 -0.590861
17.84 -0.967426
17.845 -1.181
17.85 -1.15054
17.855 -0.905572
17.86 -0.459949
17.865 0.16453
17.87 0.940927
17.875 1.83815
17.88 2.8232
17.885 3.86296
17.89 4.92561
17.895 5.98204
17.9 7.00675
17.905 7.95867
17.91 8.76927
17.915 9.3583
17.92 9.64506
17.925 9.55642
17.93 8.90928
17.935 7.85946
17.94 7.24009
17.945 6.0009
17.95 4.3382
17.955 2.29507
17.96 -0.0604984
17.965 -2.64027
17.97 -5.34183
17.975 -8.01619
17.98 -10.4998
17.985 -12.6672
17.99 -14.4186
17.995 -15.684
18 -16.4247
18.005 -17.982
18.01 -18.2505
18.015 -17.9225
18.02 -17.0419
18.025 -15.6778
18.03 -13.9195
18.035 -11.8093
18.04 -9.46629
18.045 -7.04022
18.05 -4.66491
18.055 -2.46547
18.06 -0.55212
18.065 0.878439
18.07 1.74965
18.075 2.06419
18.08 1.83387
18.085 1.09978
18.09 -0.072004
18.095 -1.59581
18.1 -3.35495
18.105 -5.19936
18.11 -6.96766
18.115 -8.50346
18.12 -9.66769
18.125 -10.3498
18.13 -10.4748
18.135 -10.009
18.14 -9.95936
18.145 -8.99228
18.15 -7.56176
18.155 -5.74414
18.16 -3.6364
18.165 -1.34853
18.17 1.00473
18.175 3.31181
18.18 5.47149
18.185 7.39888
18.19 9.02993
18.195 10.3241
18.2 11.2651
18.205 11.8598
18.21 12.1355
18.215 12.1355
18.22 11.9146
18.225 11.4909
18.23 10.8797
18.235 10.1298
18.24 9.28648
18.245 8.39445
18.25 7.49147
18.255 6.61028
18.26 5.65812
18.265 4.7024
18.27 3.79728
18.275 3.03743
18.28 2.41523
18.285 1.95834
18.29 1.67828
18.295 1.56944
18.3 1.60024
18.305 1.71899
18.31 1.86064
18.315 1.95204
18.32 1.91923
18.325 1.69352
18.33 1.21755
18.335 0.450037
18.34 -0.630668
18.345 -2.02484
18.35 -2.56235
18.355 -3.72303
18.36 -5.29037
18.365 -7.01764
18.37 -8.91687
18.375 -10.9259
18.38 -12.9766
18.385 -14.9994
18.39 -16.9282
18.395 -18.7045
18.4 -20.2809
18.405 -21.6239
18.41 -22.7154
18.415 -25.3996
18.42 -26.8678
18.425 -27.9648
18.43 -28.6942
18.435 -29.0772
18.44 -29.1504
18.445 -28.962
18.45 -28.5677
18.455 -28.027
18.46 -27.3986
18.465 -26.7371
18.47 -26.0897
18.475 -25.4935
18.48 -24.9745
18.485 -24.5463
18.49 -24.211
18.495 -23.9596
18.5 -23.7718
18.505 -23.6172
18.51 -23.4599
18.515 -23.2629
18.52 -22.9068
18.525 -22.5249
18.53 -21.9875
18.535 -21.3088
18.54 -20.4901
18.545 -19.5454
18.55 -18.5006
18.555 -17.3899
18.56 -16.2524
18.565 -15.1289
18.57 -14.0572
18.575 -13.0686
18.58 -12.1849
18.585 -12.4456
18.59 -12.6164
18.595 -12.7782
18.6 -12.8836
18.605 -12.8863
18.61 -12.7445
18.615 -12.4244
18.62 -11.9002
18.625 -11.1551
18.63 -10.1817
18.635 -8.98149
18.64 -7.5639
18.645 -5.94506
18.65 -4.14633
18.655 -2.19259
18.66 -0.110638
18.665 2.07215
18.67 4.32902
18.675 6.63476
18.68 8.87721
18.685 10.9171
18.69 12.6705
18.695 14.0604
18.7 15.0345
18.705 15.5648
18.71 15.6476
18.715 15.303
18.72 14.5724
18.725 13.5157
18.73 12.2076
18.735 10.6735
18.74 8.94761
18.745 7.20818
18.75 5.57737
18.755 4.23631
18.76 3.26442
18.765 2.72558
18.77 2.66086
18.775 3.08406
18.78 4.03506
18.785 6.1049
18.79 9.83507
18.795 14.6836
18.8 20.8474
18.805 28.0832
18.81 36.0924
18.815 44.4942
18.82 52.8544
18.825 60.6987
18.83 67.703
18.835 73.344
18.84 77.2645
18.845 79.1973
18.85 78.9996
18.855 76.6629
18.86 72.3126
18.865 66.1961
18.87 58.6628
18.875 49.4489
18.88 39.7034
18.885 29.8627
18.89 20.4833
18.895 12.1109
18.9 5.24203
18.905 0.349297
18.91 -2.53021
18.915 -3.31107
18.92 -1.82538
18.925 1.52531
18.93 6.35621
18.935 12.1823
18.94 18.5958
18.945 25.132
18.95 31.344
18.955 36.8301
18.96 41.2573
18.965 44.2991
18.97 45.8055
18.975 45.741
18.98 44.1629
18.985 41.218
18.99 37.1254
18.995 32.156
19 26.6578
19.005 20.9229
19.01 15.2558
19.015 9.94273
19.02 5.23022
19.025 2.80856
19.03 0.401706
19.035 -1.23947
19.04 -2.04893
19.045 -2.04115
19.05 -1.27808
19.055 0.148652
19.06 2.1194
19.065 4.48063
19.07 6.88388
19.075 9.43703
19.08 11.9304
19.085 14.235
19.09 16.2374
19.095 17.8435
19.1 18.9801
19.105 19.5963
19.11 19.6627
19.115 19.1711
19.12 18.1324
19.125 16.5746
19.13 14.5404
19.135 12.0845
19.14 9.27117
19.145 6.1717
19.15 2.86623
19.155 -0.569239
19.16 -4.06018
19.165 -7.53277
19.17 -10.8615
19.175 -13.8954
19.18 -16.5107
19.185 -18.6312
19.19 -20.199
19.195 -21.1887
19.2 -21.5964
19.205 -21.4396
19.21 -20.763
19.215 -19.6329
19.22 -18.1329
19.225 -16.3581
19.23 -14.4107
19.235 -12.3939
19.24 -10.9361
19.245 -9.27542
19.25 -7.65965
19.255 -6.17161
19.26 -4.88472
19.265 -3.85998
19.27 -3.14354
19.275 -2.76538
19.28 -2.82166
19.285 -3.28216
19.29 -4.10391
19.295 -5.2352
19.3 -6.61852
19.305 -8.80412
19.31 -12.3071
19.315 -17.1638
19.32 -23.3408
19.325 -30.6622
19.33 -38.8267
19.335 -47.4062
19.34 -55.9439
19.345 -63.9498
19.35 -70.9326
19.355 -78.2726
19.36 -83.2364
19.365 -86.1844
19.37 -86.9333
19.375 -85.4404
19.38 -81.8049
19.385 -76.2514
19.39 -69.11
19.395 -60.6682
19.4 -56.8594
19.405 -52.0763
19.41 -46.727
19.415 -41.1069
19.42 -35.4918
19.425 -30.2686
19.43 -25.4289
19.435 -21.1215
19.44 -17.4005
19.445 -14.2601
19.45 -11.6431
19.455 -9.45225
19.46 -7.56503
19.465 -5.84776
19.47 -4.16667
19.475 -3.2674
19.48 -2.57941
19.485 -2.01684
19.49 -1.47408
19.495 -0.88196
19.5 -0.208135
19.505 0.546312
19.51 1.35314
19.515 2.16529
19.52 2.92614
19.525 2.36151
19.53 1.84922
19.535 1.25642
19.54 0.567904
19.545 -0.228067
19.55 -1.13607
19.555 -2.15068
19.56 -3.25477
19.565 -4.41893
19.57 -5.60202
19.575 -6.75261
19.58 -7.8112
19.585 -8.71316
19.59 -9.39209
19.595 -9.76505
19.6 -9.75618
19.605 -9.30596
19.61 -8.36652
19.615 -6.98627
19.62 -5.26042
19.625 -3.26157
19.63 -1.06881
19.635 1.24077
19.64 3.57893
19.645 5.85692
19.65 8.00035
19.655 9.70603
19.66 11.2953
19.665 12.6318
19.67 13.6908
19.675 14.4602
19.68 14.9396
19.685 15.1396
19.69 15.2612
19.695 14.8658
19.7 14.3295
19.705 13.6351
19.71 12.8523
19.715 12.1096
19.72 12.2239
19.725 13.9967
19.73 17.5869
19.735 22.8914
19.74 29.8086
19.745 38.0517
19.75 47.1843
19.755 56.6661
19.76 65.8617
19.765 74.3643
19.77 81.5346
19.775 86.7592
19.78 89.5776
19.785 89.6855
19.79 86.9582
19.795 81.4597
19.8 73.4351
19.805 62.7145
19.81 50.3567
19.815 36.9498
19.82 23.2278
19.825 9.91083
19.83 -1.91955
19.835 -12.2556
19.84 -20.4343
19.845 -26.1481
19.85 -28.6382
19.855 -28.2099
19.86 -23.7069
19.865 -18.1023
19.87 -11.1294
19.875 -3.32745
19.88 4.7482
19.885 12.5601
19.89 19.6193
19.895 25.1955
19.9 29.4103
19.905 31.9872
19.91 32.8271
19.915 31.9344
19.92 29.4393
19.925 25.5785
19.93 20.6515
19.935 15.0065
19.94 9.04211
19.945 3.13123
19.95 -2.46967
19.955 -7.53025
19.96 -11.8596
19.965 -15.3251
19.97 -17.7265
19.975 -19.1393
19.98 -19.5885
19.985 -19.1735
19.99 -18.0352
19.995 -16.2513
20 -13.9077
20.005 -11.1765
20.01 -8.23572
20.015 -6.47457
20.02 -4.58709
20.025 -2.80308
20.03 -1.20635
20.035 0.133828
20.04 1.15595
20.045 1.817
20.05 2.09267
20.055 1.97793
20.06 1.48656
20.065 0.526324
20.07 -0.809691
20.075 -2.44373
20.08 -4.29047
20.085 -6.10599
20.09 -7.91128
20.095 -9.59605
20.1 -11.0894
20.105 -12.3359
20.11 -13.2975
20.115 -13.955
20.12 -14.3077
20.125 -14.3733
20.13 -14.1884
20.135 -13.805
20.14 -13.2856
20.145 -12.6983
20.15 -12.1128
20.155 -11.5949
20.16 -11.2027
20.165 -10.9826
20.17 -10.9669
20.175 -11.1717
20.18 -11.5913
20.185 -12.1477
20.19 -12.8476
20.195 -13.6493
20.2 -14.4903
20.205 -15.3247
20.21 -16.1071
20.215 -16.7743
20.22 -17.249
20.225 -17.4607
20.23 -17.3497
20.235 -16.9119
20.24 -16.0894
20.245 -14.8878
20.25 -13.3373
20.255 -11.3903
20.26 -9.15621
20.265 -6.76702
20.27 -4.35596
20.275 -2.05703
20.28 0.00681322
20.285 1.73183
20.29 3.03845
20.295 3.87328
20.3 4.21395
20.305 4.0716
20.31 3.55309
20.315 2.73804
20.32 1.65807
20.325 0.377725
20.33 -1.03415
20.335 -2.50837
20.34 -3.97908
20.345 -5.38677
20.35 -6.6806
20.355 -7.81984
20.36 -8.73477
20.365 -9.38017
20.37 -9.77222
20.375 -9.92281
20.38 -9.85243
20.385 -9.5868
20.39 -9.1539
20.395 -8.58119
20.4 -7.89354
20.405 -7.11195
20.41 -6.6432
20.415 -5.97472
20.42 -5.20944
20.425 -4.34814
20.43 -3.39474
20.435 -2.35743
20.44 -1.24904
20.445 -0.0869598
20.45 1.10719
20.455 2.30842
20.46 3.48944
20.465 4.62205
20.47 5.67849
20.475 6.633
20.48 7.46309
20.485 8.15038
20.49 8.68087
20.495 9.04573
20.5 9.24198
20.505 9.27247
20.51 9.14571
20.515 8.87532
20.52 8.47926
20.525 7.9789
20.53 7.40108
20.535 6.77448
20.54 6.12521
20.545 5.47787
20.55 4.85478
20.555 4.25895
20.56 3.72217
20.565 3.25496
20.57 2.86618
20.575 2.56001
20.58 2.33629
20.585 2.19105
20.59 2.15087
20.595 2.17719
20.6 2.2618
20.605 2.39028
20.61 2.54911
20.615 2.72571
20.62 2.90923
20.625 3.09067
20.63 3.26289
20.635 3.42046
20.64 3.55931
20.645 3.67636
20.65 3.76907
20.655 3.83506
20.66 3.87177
20.665 3.8762
20.67 3.84486
20.675 3.77375
20.68 3.65856
20.685 3.4949
20.69 3.2787
20.695 3.00658
20.7 2.67627
20.705 2.28702
20.71 1.83991
20.715 1.33805
20.72 0.761608
20.725 0.152326
20.73 -0.484762
20.735 -1.1382
20.74 -1.79552
20.745 -2.44366
20.75 -3.06943
20.755 -3.3045
20.76 -3.71321
20.765 -4.10913
20.77 -4.48528
20.775 -4.83339
20.78 -5.14444
20.785 -5.40925
20.79 -5.6192
20.795 -5.76683
20.8 -5.84647
20.805 -5.85462
20.81 -5.7904
20.815 -5.65542
20.82 -5.45339
20.825 -5.19017
20.83 -4.86674
20.835 -4.49539
20.84 -4.08946
20.845 -3.66299
20.85 -3.23047
20.855 -2.80608
20.86 -2.39111
20.865 -2.00507
20.87 -1.65641
20.875 -1.35299
20.88 -1.10007
20.885 -0.900184
20.89 -0.753195
20.895 -0.656408
20.9 -0.604889
20.905 -0.591858
20.91 -0.609156
20.915 -0.64775
20.92 -0.698244
20.925 -0.751358
20.93 -0.798354
20.935 -0.831397
20.94 -0.843815
20.945 -0.830286
20.95 -0.786917
20.955 -0.711252
20.96 -0.602204
20.965 -0.459936
20.97 -0.285697
20.975 -0.0819703
