0.005 -0.000217345
0.01 -0.000651844
0.015 -0.00108776
0.02 -0.00152948
0.025 -0.00198537
0.03 -0.00247009
0.035 -0.00300757
0.04 -0.00363479
0.045 -0.0044058
0.05 -0.00539541
0.055 -0.00670246
0.06 -0.00845221
0.065 -0.0107975
0.07 -0.013916
0.075 -0.0180055
0.08 -0.023277
0.085 -0.0299411
0.09 -0.0381968
0.095 -0.0482219
0.1 -0.0601584
0.105 -0.0740972
0.11 -0.0900713
0.115 -0.108046
0.12 -0.127914
0.125 -0.149495
0.13 -0.172533
0.135 -0.196709
0.14 -0.221652
0.145 -0.246954
0.15 -0.272196
0.155 -0.296969
0.16 -0.320901
0.165 -0.34366
0.17 -0.364957
0.175 -0.3845
0.18 -0.401926
0.185 -0.416841
0.19 -0.428885
0.195 -0.43774
0.2 -0.44315
0.205 -0.444961
0.21 -0.443234
0.215 -0.43837
0.22 -0.431292
0.225 -0.422661
0.23 -0.413656
0.235 -0.405487
0.24 -0.399466
0.245 -0.396969
0.25 -0.399391
0.255 -0.408101
0.26 -0.424466
0.265 -0.449316
0.27 -0.483321
0.275 -0.526671
0.28 -0.579057
0.285 -0.639628
0.29 -0.706953
0.295 -0.779046
0.3 -0.853452
0.305 -0.927328
0.31 -0.997549
0.315 -1.06087
0.32 -1.11402
0.325 -1.15389
0.33 -1.17769
0.335 -1.18305
0.34 -1.16807
0.345 -1.13149
0.35 -1.07322
0.355 -0.992942
0.36 -0.892018
0.365 -0.772471
0.37 -0.637184
0.375 -0.489848
0.38 -0.334864
0.385 -0.177173
0.39 -0.0220556
0.395 0.125096
0.4 0.259022
0.405 0.374772
0.41 0.467834
0.415 0.534346
0.42 0.571197
0.425 0.576024
0.43 0.547302
0.435 0.484361
0.44 0.38764
0.445 0.258141
0.45 0.0982402
0.455 -0.0888221
0.46 -0.299022
0.465 -0.52766
0.47 -0.769435
0.475 -1.01849
0.48 -1.26848
0.485 -1.51264
0.49 -1.74392
0.495 -1.95526
0.5 -2.13982
0.505 -2.29124
0.51 -2.40375
0.515 -2.47218
0.52 -2.49211
0.525 -2.46017
0.53 -2.37423
0.535 -2.23344
0.54 -2.03926
0.545 -1.79453
0.55 -1.50396
0.555 -1.17401
0.56 -0.812804
0.565 -0.42987
0.57 -0.0358316
0.575 0.357985
0.58 0.739923
0.585 1.09833
0.59 1.4219
0.595 1.70005
0.6 1.92344
0.605 2.08449
0.61 2.17785
0.615 2.20057
0.62 2.15224
0.625 2.03515
0.63 1.85519
0.635 1.6189
0.64 1.3365
0.645 1.01959
0.65 0.68119
0.655 0.335158
0.66 -0.00427571
0.665 -0.323069
0.67 -0.607803
0.675 -0.846112
0.68 -1.02714
0.685 -1.14188
0.69 -1.1835
0.695 -1.14767
0.7 -1.03285
0.705 -0.839643
0.71 -0.573832
0.715 -0.243002
0.72 0.141906
0.725 0.567236
0.73 1.01696
0.735 1.47314
0.74 1.91644
0.745 2.32672
0.75 2.6837
0.755 2.96767
0.76 3.16037
0.765 3.2459
0.77 3.21158
0.775 3.04871
0.78 2.75433
0.785 2.32823
0.79 1.77705
0.795 1.11252
0.8 0.351647
0.805 -0.483656
0.81 -1.36732
0.815 -2.27012
0.82 -3.16092
0.825 -4.00812
0.83 -4.78117
0.835 -5.45222
0.84 -5.99719
0.845 -6.39686
0.85 -6.63778
0.855 -6.71295
0.86 -6.62214
0.865 -6.37187
0.87 -5.97379
0.875 -5.44872
0.88 -4.82015
0.885 -4.11585
0.89 -3.36581
0.895 -2.60093
0.9 -1.85156
0.905 -1.14599
0.91 -0.509126
0.915 0.0387018
0.92 0.482656
0.925 0.81406
0.93 1.03072
0.935 1.13696
0.94 1.1432
0.945 1.06518
0.95 0.922906
0.955 0.740398
0.96 0.54148
0.965 0.352163
0.97 0.197184
0.975 0.0990479
0.98 0.0768278
0.985 0.145029
0.99 0.313169
0.995 0.583971
1 0.954356
1.005 1.41532
1.01 1.95262
1.015 2.54766
1.02 3.17846
1.025 3.82051
1.03 4.44805
1.035 5.03528
1.04 5.55749
1.045 5.9919
1.05 6.31846
1.055 6.5205
1.06 6.58515
1.065 6.50389
1.07 6.27269
1.075 5.89332
1.08 5.36937
1.085 4.71033
1.09 3.92905
1.095 3.04146
1.1 2.06566
1.105 1.0209
1.11 -0.0728626
1.115 -1.19536
1.12 -2.32645
1.125 -3.44629
1.13 -4.5354
1.135 -5.57446
1.14 -6.54427
1.145 -7.42591
1.15 -8.20092
1.155 -8.85173
1.16 -9.36243
1.165 -9.71955
1.17 -9.91261
1.175 -9.93436
1.18 -9.78124
1.185 -9.45311
1.19 -8.95532
1.195 -8.29714
1.2 -7.49223
1.205 -6.55837
1.21 -5.51712
1.215 -4.3934
1.22 -3.21476
1.225 -2.01066
1.23 -0.811469
1.235 0.352536
1.24 1.45212
1.245 2.4601
1.25 3.35232
1.255 4.10874
1.26 4.71404
1.265 5.15809
1.27 5.43609
1.275 5.54878
1.28 5.50243
1.285 5.30835
1.29 4.98316
1.295 4.5455
1.3 4.0183
1.305 3.42654
1.31 2.79659
1.315 2.15542
1.32 1.52968
1.325 0.944712
1.33 0.423357
1.335 -0.0148633
1.34 -0.354399
1.345 -0.584296
1.35 -0.69864
1.355 -0.696991
1.36 -0.584462
1.365 -0.372197
1.37 -0.0769996
1.375 0.279276
1.38 0.670327
1.385 1.0662
1.39 1.43433
1.395 1.7408
1.4 1.95169
1.405 2.03444
1.41 1.95935
1.415 1.70111
1.42 1.24144
1.425 0.56669
1.43 -0.326658
1.435 -1.43358
1.44 -2.73982
1.445 -4.22193
1.45 -5.84756
1.455 -7.57619
1.46 -9.36018
1.465 -11.1463
1.47 -12.8776
1.475 -14.4955
1.48 -15.9419
1.485 -17.1615
1.49 -18.1043
1.495 -18.7273
1.5 -18.9973
1.505 -18.8914
1.51 -18.3991
1.515 -17.5204
1.52 -16.2716
1.525 -14.6792
1.53 -12.7815
1.535 -10.6268
1.54 -8.271
1.545 -5.77618
1.55 -3.20776
1.555 -0.632107
1.56 1.88614
1.565 4.28661
1.57 6.51538
1.575 8.52688
1.58 10.2856
1.585 11.767
1.59 12.9582
1.595 13.858
1.6 14.4765
1.605 14.8341
1.61 14.9601
1.615 14.8909
1.62 14.6676
1.625 14.3351
1.63 13.9377
1.635 13.5194
1.64 13.121
1.645 12.7782
1.65 12.5208
1.655 12.3713
1.66 12.3448
1.665 12.4481
1.67 12.684
1.675 13.0416
1.68 13.5073
1.685 14.0614
1.69 14.6808
1.695 15.3397
1.7 16.0115
1.705 16.6699
1.71 17.2898
1.715 17.8485
1.72 18.3256
1.725 18.703
1.73 18.9649
1.735 19.0978
1.74 19.0896
1.745 18.9295
1.75 18.6099
1.755 18.1191
1.76 17.4467
1.765 16.5819
1.77 15.5138
1.775 14.2318
1.78 12.7264
1.785 10.99
1.79 9.0185
1.795 6.81222
1.8 4.37747
1.805 1.72747
1.81 -1.11697
1.815 -4.12718
1.82 -7.26667
1.825 -10.4913
1.83 -13.75
1.835 -16.9856
1.84 -20.1372
1.845 -23.1413
1.85 -25.9344
1.855 -28.4551
1.86 -30.6463
1.865 -32.4575
1.87 -33.8469
1.875 -34.783
1.88 -35.2459
1.885 -35.2276
1.89 -34.7325
1.895 -33.7775
1.9 -32.3914
1.905 -30.6144
1.91 -28.497
1.915 -26.0981
1.92 -23.4836
1.925 -20.7245
1.93 -17.8944
1.935 -15.0678
1.94 -12.3174
1.945 -9.71218
1.95 -7.315
1.955 -5.18115
1.96 -3.35648
1.965 -1.87606
1.97 -0.76285
1.975 -0.0266325
1.98 0.336721
1.985 0.345602
1.99 0.0325524
1.995 -0.563924
2 -1.37756
2.005 -2.3407
2.01 -3.37549
2.015 -4.39843
2.02 -5.32324
2.025 -6.06389
2.03 -6.53777
2.035 -6.66932
2.04 -6.39368
2.045 -5.6655
2.05 -4.44739
2.055 -2.7242
2.06 -0.500129
2.065 2.19978
2.07 5.32987
2.075 8.82492
2.08 12.6022
2.085 16.5641
2.09 20.6019
2.095 24.5994
2.1 28.4376
2.105 31.9991
2.11 35.1729
2.115 37.8588
2.12 39.9718
2.125 41.4452
2.13 42.2335
2.135 42.314
2.14 41.6877
2.145 40.3816
2.15 38.4396
2.155 35.9276
2.16 32.9274
2.165 29.5341
2.17 25.8515
2.175 21.9879
2.18 18.0521
2.185 14.149
2.19 10.3765
2.195 6.8218
2.2 3.55943
2.205 0.648895
2.21 -1.86648
2.215 -3.96009
2.22 -5.62183
2.225 -6.85718
2.23 -7.68601
2.235 -8.14068
2.24 -8.26398
2.245 -8.10681
2.25 -7.72562
2.255 -7.18128
2.26 -6.5356
2.265 -5.84926
2.27 -5.18001
2.275 -4.58104
2.28 -4.09973
2.285 -3.77662
2.29 -3.64467
2.295 -3.72878
2.3 -4.04815
2.305 -4.60933
2.31 -5.41098
2.315 -6.44283
2.32 -7.68589
2.325 -9.11307
2.33 -10.6901
2.335 -12.3762
2.34 -14.1258
2.345 -15.8892
2.35 -17.6144
2.355 -19.2488
2.36 -20.7404
2.365 -22.0396
2.37 -23.1009
2.375 -23.8843
2.38 -24.3567
2.385 -24.4932
2.39 -24.2776
2.395 -23.7068
2.4 -22.7825
2.405 -21.5169
2.41 -19.9305
2.415 -18.0516
2.42 -15.9151
2.425 -13.5619
2.43 -11.0367
2.435 -8.38689
2.44 -5.66075
2.445 -2.9058
2.45 -0.167615
2.455 2.51104
2.46 5.09108
2.465 7.53767
2.47 9.82054
2.475 11.9138
2.48 13.7961
2.485 15.4506
2.49 16.865
2.495 18.0313
2.5 18.9459
2.505 19.6097
2.51 20.0281
2.515 20.2109
2.52 20.173
2.525 19.9342
2.53 19.5206
2.535 18.9597
2.54 18.2851
2.545 17.5333
2.55 16.7441
2.555 15.9582
2.56 15.217
2.565 14.5601
2.57 14.0241
2.575 13.6402
2.58 13.4331
2.585 13.4188
2.59 13.6058
2.595 13.9894
2.6 14.5517
2.605 15.2634
2.61 16.0839
2.615 16.9632
2.62 17.8433
2.625 18.6608
2.63 19.3496
2.635 19.8438
2.64 20.081
2.645 20.0052
2.65 19.5738
2.655 18.7548
2.66 17.5267
2.665 15.8853
2.67 13.8426
2.675 11.4275
2.68 8.6848
2.685 5.67361
2.69 2.46544
2.695 -0.85887
2.7 -4.21242
2.705 -7.50573
2.71 -10.6504
2.715 -13.5629
2.72 -16.1684
2.725 -18.404
2.73 -20.2215
2.735 -21.589
2.74 -22.4925
2.745 -22.9364
2.75 -22.9433
2.755 -22.5522
2.76 -21.8159
2.765 -20.8011
2.77 -19.5819
2.775 -18.2379
2.78 -16.8497
2.785 -15.4954
2.79 -14.2469
2.795 -13.1666
2.8 -12.3046
2.805 -11.6968
2.81 -11.3633
2.815 -11.3079
2.82 -11.5183
2.825 -11.972
2.83 -12.623
2.835 -13.4194
2.84 -14.2997
2.845 -15.197
2.85 -16.0418
2.855 -16.7655
2.86 -17.3038
2.865 -17.5996
2.87 -17.6054
2.875 -17.2852
2.88 -16.6219
2.885 -15.6019
2.89 -14.2304
2.895 -12.5249
2.9 -10.5149
2.905 -8.24024
2.91 -5.74855
2.915 -3.09361
2.92 -0.332908
2.925 2.47444
2.93 5.26984
2.935 7.99736
2.94 10.6056
2.945 13.0493
2.95 15.2907
2.955 17.2999
2.96 19.0558
2.965 20.5455
2.97 21.7637
2.975 22.7123
2.98 23.3994
2.985 23.838
2.99 24.0451
2.995 24.0406
3 23.8461
3.005 23.4847
3.01 22.9787
3.015 22.3498
3.02 21.6187
3.025 20.8036
3.03 19.9203
3.035 18.982
3.04 17.9993
3.045 16.9804
3.05 15.9315
3.055 14.8566
3.06 13.7576
3.065 12.6342
3.07 11.4841
3.075 10.3033
3.08 9.08676
3.085 7.82822
3.09 6.52117
3.095 5.1591
3.1 3.73599
3.105 2.24692
3.11 0.688458
3.115 -0.940988
3.12 -2.64094
3.125 -4.40849
3.13 -6.238
3.135 -8.1209
3.14 -10.0458
3.145 -11.9983
3.15 -13.9619
3.155 -15.9176
3.16 -17.8444
3.165 -19.7199
3.17 -21.5206
3.175 -23.2229
3.18 -24.8034
3.185 -26.2402
3.19 -27.5127
3.195 -28.6023
3.2 -29.4923
3.205 -30.1685
3.21 -30.6189
3.215 -30.8348
3.22 -30.8104
3.225 -30.5439
3.23 -30.0373
3.235 -29.2979
3.24 -28.337
3.245 -27.171
3.25 -25.8205
3.255 -24.3103
3.26 -22.6693
3.265 -20.9292
3.27 -19.1245
3.275 -17.2908
3.28 -15.4641
3.285 -13.6789
3.29 -11.9671
3.295 -10.3568
3.3 -8.87062
3.305 -7.5249
3.31 -6.32837
3.315 -5.28171
3.32 -4.37753
3.325 -3.60059
3.33 -2.92829
3.335 -2.33172
3.34 -1.77695
3.345 -1.22686
3.35 -0.643067
3.355 0.0120622
3.36 0.773471
3.365 1.67134
3.37 2.72917
3.375 3.96242
3.38 5.37737
3.385 6.97073
3.39 8.72955
3.395 10.6317
3.4 12.6464
3.405 14.7358
3.41 16.8558
3.415 18.9581
3.42 20.9919
3.425 22.9054
3.43 24.6477
3.435 26.1705
3.44 27.4298
3.445 28.3869
3.45 29.0104
3.455 29.2768
3.46 29.1711
3.465 28.6873
3.47 27.8291
3.475 26.6077
3.48 25.0436
3.485 23.165
3.49 21.0074
3.495 18.6127
3.5 16.0275
3.505 13.3022
3.51 10.4898
3.515 7.6441
3.52 4.81833
3.525 2.06405
3.53 -0.570461
3.535 -3.0415
3.54 -5.31097
3.545 -7.34717
3.55 -9.12549
3.555 -10.6292
3.56 -11.8496
3.565 -12.786
3.57 -13.4459
3.575 -13.8441
3.58 -14.0024
3.585 -13.9483
3.59 -13.7149
3.595 -13.3388
3.6 -12.8598
3.605 -12.3189
3.61 -11.7577
3.615 -11.2172
3.62 -10.7361
3.625 -10.35
3.63 -10.0903
3.635 -9.9831
3.64 -10.0488
3.645 -10.3041
3.65 -10.756
3.655 -11.4048
3.66 -12.244
3.665 -13.2595
3.67 -14.4303
3.675 -15.7289
3.68 -17.122
3.685 -18.571
3.69 -20.0326
3.695 -21.4602
3.7 -22.805
3.705 -24.0171
3.71 -25.0469
3.715 -25.8463
3.72 -26.3699
3.725 -26.5759
3.73 -26.4274
3.735 -25.8952
3.74 -24.9562
3.745 -23.5909
3.75 -21.7882
3.755 -19.5437
3.76 -16.8603
3.765 -13.7478
3.77 -10.2236
3.775 -6.31147
3.78 -2.04171
3.785 2.55005
3.79 7.42313
3.795 12.5326
3.8 17.8295
3.805 23.2616
3.81 28.7734
3.815 34.3072
3.82 39.8039
3.825 45.1648
3.83 50.2875
3.835 51.7351
3.84 54.0472
3.845 56.2708
3.85 58.4084
3.855 60.4381
3.86 62.3303
3.865 64.0685
3.87 64.4874
3.875 65.2513
3.88 65.9277
3.885 66.5175
3.89 67.0213
3.895 67.4404
3.9 67.7759
3.905 68.0292
3.91 68.2016
3.915 68.2937
3.92 68.3054
3.925 68.2348
3.93 68.0754
3.935 67.8142
3.94 67.2658
3.945 66.3356
3.95 65.008
3.955 63.228
3.96 60.94
3.965 58.0959
3.97 54.6538
3.975 50.5763
3.98 45.8364
3.985 40.4193
3.99 34.3256
3.995 27.5727
4 20.2677
4.005 12.5506
4.01 4.52502
4.015 -3.69301
4.02 -12.0721
4.025 -18.8788
4.03 -31.5602
4.035 -43.5102
4.04 -55.0453
4.045 -57.6399
4.05 -62.8695
4.055 -67.8707
4.06 -69.0472
4.065 -71.5614
4.07 -73.9115
4.075 -76.0865
4.08 -78.0767
4.085 -79.8742
4.09 -81.472
4.095 -82.8646
4.1 -84.0482
4.105 -85.0208
4.11 -85.7819
4.115 -86.3322
4.12 -86.6739
4.125 -86.8091
4.13 -86.7399
4.135 -86.4678
4.14 -85.9887
4.145 -84.3681
4.15 -82.0279
4.155 -78.8936
4.16 -74.9542
4.165 -70.2
4.17 -64.6323
4.175 -58.261
4.18 -51.0994
4.185 -43.1732
4.19 -34.523
4.195 -25.2075
4.2 -15.4284
4.205 -5.43834
4.21 4.58047
4.215 14.4379
4.22 23.9542
4.225 32.9639
4.23 36.2137
4.235 36.2711
4.24 37.0274
4.245 37.8079
4.25 38.6236
4.255 39.4839
4.26 40.3917
4.265 41.3433
4.27 42.3293
4.275 43.3299
4.28 48.7342
4.285 51.9874
4.29 54.8276
4.295 57.1093
4.3 58.6943
4.305 59.4582
4.31 59.2965
4.315 57.2128
4.32 51.9304
4.325 44.2625
4.33 34.4868
4.335 22.9787
4.34 10.1917
4.345 -3.36447
4.35 -17.1489
4.355 -26.5113
4.36 -35.6366
4.365 -44.1229
4.37 -41.6785
4.375 -43.982
4.38 -45.9545
4.385 -46.2968
4.39 -49.6111
4.395 -50.7851
4.4 -51.045
4.405 -50.3938
4.41 -46.7276
4.415 -41.2352
4.42 -34.0596
4.425 -25.5412
4.43 -16.0526
4.435 -5.99152
4.44 4.23877
4.445 8.16199
4.45 14.9642
4.455 21.4427
4.46 27.4439
4.465 32.8295
4.47 37.4792
4.475 40.3202
4.48 42.6972
4.485 46.529
4.49 45.3817
4.495 45.3725
4.5 44.8301
4.505 41.5588
4.51 37.3173
4.515 31.8884
4.52 25.4783
4.525 18.3226
4.53 10.6784
4.535 2.81502
4.54 -2.16091
4.545 -7.7764
4.55 -13.1482
4.555 -18.1378
4.56 -22.612
4.565 -26.4473
4.57 -29.5333
4.575 -31.7778
4.58 -33.1095
4.585 -33.4785
4.59 -32.8586
4.595 -30.5966
4.6 -27.0478
4.605 -22.3069
4.61 -16.539
4.615 -9.94193
4.62 -2.73778
4.625 4.83678
4.63 9.66752
4.635 15.396
4.64 21.093
4.645 26.6495
4.65 31.9597
4.655 36.9241
4.66 41.4514
4.665 47.1415
4.67 47.3232
4.675 48.6297
4.68 49.685
4.685 50.4896
4.69 51.0456
4.695 51.3565
4.7 51.4275
4.705 51.266
4.71 50.6415
4.715 49.3851
4.72 47.6978
4.725 45.6634
4.73 43.3726
4.735 40.9167
4.74 38.3814
4.745 35.8429
4.75 33.3629
4.755 30.9852
4.76 28.7326
4.765 26.6055
4.77 24.5816
4.775 22.6203
4.78 20.6629
4.785 18.6335
4.79 16.4457
4.795 14.0091
4.8 11.2357
4.805 8.04589
4.81 4.37463
4.815 0.240792
4.82 -4.30129
4.825 -7.13396
4.83 -10.9435
4.835 -15.0735
4.84 -19.5034
4.845 -24.1983
4.85 -29.1091
4.855 -34.1719
4.86 -39.309
4.865 -43.8467
4.87 -48.3534
4.875 -46.9629
4.88 -50.718
4.885 -53.4163
4.89 -55.9419
4.895 -58.2203
4.9 -60.1678
4.905 -61.6993
4.91 -62.7327
4.915 -63.1948
4.92 -63.0251
4.925 -61.4907
4.93 -58.0375
4.935 -53.1172
4.94 -46.9444
4.945 -39.7721
4.95 -31.9051
4.955 -23.6778
4.96 -15.4368
4.965 -7.52257
4.97 -0.248198
4.975 6.1143
4.98 11.3415
4.985 13.2932
4.99 15.1424
4.995 16.1037
5 16.197
5.005 15.4732
5.01 13.8687
5.015 11.623
5.02 8.85493
5.025 5.73064
5.03 2.4286
5.035 -0.867358
5.04 -3.97476
5.045 -6.71893
5.05 -8.98192
5.055 -10.6765
5.06 -11.7085
5.065 -12.0074
5.07 -11.5232
5.075 -9.74246
5.08 -6.93028
5.085 -3.105
5.09 1.63989
5.095 7.17987
5.1 13.4121
5.105 20.2207
5.11 27.4159
5.115 30.6167
5.12 35.8701
5.125 36.0965
5.13 37.3801
5.135 38.7095
5.14 40.0777
5.145 41.473
5.15 42.8781
5.155 47.9348
5.16 51.0237
5.165 53.8401
5.17 56.2824
5.175 58.2488
5.18 59.6418
5.185 60.3713
5.19 60.3578
5.195 59.5353
5.2 55.265
5.205 49.1756
5.21 41.1347
5.215 31.4291
5.22 20.3694
5.225 8.31233
5.23 -4.36341
5.235 -17.2755
5.24 -30.0556
5.245 -36.6346
5.25 -45.1258
5.255 -43.3529
5.26 -45.8987
5.265 -48.4476
5.27 -49.9377
5.275 -56.7539
5.28 -61.6952
5.285 -66.5288
5.29 -71.2011
5.295 -75.6564
5.3 -79.8434
5.305 -83.7158
5.31 -87.2339
5.315 -90.3644
5.32 -92.0838
5.325 -93.6425
5.33 -94.9878
5.335 -96.0324
5.34 -96.7905
5.345 -97.2634
5.35 -97.4536
5.355 -97.3812
5.36 -97.0688
5.365 -95.265
5.37 -93.0555
5.375 -90.3686
5.38 -87.3579
5.385 -84.1771
5.39 -81.0738
5.395 -78.0702
5.4 -75.2785
5.405 -72.7845
5.41 -70.643
5.415 -68.8821
5.42 -67.5055
5.425 -66.4956
5.43 -65.8172
5.435 -65.4223
5.44 -65.2543
5.445 -65.253
5.45 -65.3634
5.455 -65.5242
5.46 -65.6854
5.465 -65.802
5.47 -65.8344
5.475 -65.7465
5.48 -65.5032
5.485 -65.068
5.49 -64.4041
5.495 -63.4603
5.5 -62.1783
5.505 -60.4878
5.51 -58.3072
5.515 -55.5549
5.52 -52.1485
5.525 -48.0014
5.53 -43.034
5.535 -37.1777
5.54 -30.381
5.545 -22.777
5.55 -14.5495
5.555 -5.78789
5.56 3.38813
5.565 12.8554
5.57 22.4904
5.575 32.172
5.58 41.9003
5.585 41.1389
5.59 40.1453
5.595 41.4268
5.6 42.8526
5.605 44.4256
5.61 46.1539
5.615 48.043
5.62 50.095
5.625 62.0969
5.63 70.3396
5.635 78.8563
5.64 84.5641
5.645 91.6061
5.65 98.6942
5.655 105.76
5.66 112.736
5.665 119.558
5.67 126.167
5.675 132.497
5.68 138.492
5.685 144.099
5.69 149.268
5.695 153.956
5.7 158.124
5.705 161.74
5.71 164.42
5.715 166.674
5.72 168.357
5.725 169.464
5.73 169.994
5.735 169.95
5.74 169.343
5.745 166.355
5.75 161.426
5.755 154.983
5.76 147.341
5.765 138.804
5.77 129.646
5.775 120.117
5.78 110.427
5.785 100.742
5.79 91.1789
5.795 81.8142
5.8 72.6848
5.805 63.7978
5.81 55.1387
5.815 46.6813
5.82 38.396
5.825 30.2577
5.83 22.2513
5.835 14.3757
5.84 6.65662
5.845 -0.862145
5.85 -8.13212
5.855 -15.0301
5.86 -14.9886
5.865 -17.3576
5.87 -19.7054
5.875 -22.0172
5.88 -24.3066
5.885 -26.5868
5.89 -28.8709
5.895 -31.1712
5.9 -33.4976
5.905 -32.6538
5.91 -33.0436
5.915 -33.4571
5.92 -33.898
5.925 -34.3689
5.93 -34.8715
5.935 -35.4059
5.94 -35.9711
5.945 -36.5652
5.95 -37.185
5.955 -37.8263
5.96 -38.4844
5.965 -39.155
5.97 -39.8337
5.975 -40.5168
5.98 -41.2021
5.985 -41.8885
5.99 -42.5773
5.995 -43.2705
6 -43.9716
6.005 -44.6864
6.01 -45.414
6.015 -46.1508
6.02 -46.898
6.025 -47.6566
6.03 -48.4275
6.035 -49.212
6.04 -51.4839
6.045 -59.652
6.05 -64.9217
6.055 -69.9455
6.06 -74.6514
6.065 -78.9744
6.07 -82.8934
6.075 -86.4329
6.08 -89.6128
6.085 -92.4449
6.09 -95.1007
6.095 -97.3572
6.1 -98.6138
6.105 -99.7009
6.11 -100.571
6.115 -101.228
6.12 -101.678
6.125 -101.918
6.13 -101.939
6.135 -101.716
6.14 -100.866
6.145 -98.5924
6.15 -95.0951
6.155 -90.2963
6.16 -84.1579
6.165 -76.6909
6.17 -67.9607
6.175 -58.6377
6.18 -48.1357
6.185 -36.9003
6.19 -25.1856
6.195 -13.2756
6.2 -1.47227
6.205 9.91791
6.21 20.5978
6.215 30.2407
6.22 38.5565
6.225 36.5061
6.23 38.9099
6.235 37.9109
6.24 38.3358
6.245 38.6626
6.25 38.8972
6.255 39.0468
6.26 39.1192
6.265 39.1229
6.27 39.0672
6.275 38.157
6.28 37.1933
6.285 36.1331
6.29 35.095
6.295 34.1889
6.3 33.5107
6.305 33.1376
6.31 33.1236
6.315 33.5472
6.32 34.4584
6.325 35.7984
6.33 37.5084
6.335 37.399
6.34 37.6583
6.345 37.9613
6.35 38.3071
6.355 38.6954
6.36 39.1274
6.365 39.6059
6.37 40.1359
6.375 40.7249
6.38 41.3749
6.385 42.0822
6.39 42.8447
6.395 43.6608
6.4 44.5293
6.405 45.4493
6.41 46.4204
6.415 47.4421
6.42 48.5121
6.425 49.6256
6.43 50.7786
6.435 51.9669
6.44 53.1929
6.445 54.4627
6.45 55.7922
6.455 57.1977
6.46 58.683
6.465 59.3513
6.47 60.5002
6.475 64.9542
6.48 72.2058
6.485 78.3898
6.49 84.8076
6.495 90.7925
6.5 96.3283
6.505 101.237
6.51 105.343
6.515 108.474
6.52 110.473
6.525 111.206
6.53 110.564
6.535 106.186
6.54 97.5796
6.545 85.5702
6.55 70.6501
6.555 53.366
6.56 34.3568
6.565 15.3286
6.57 -4.43397
6.575 -23.9456
6.58 -42.6035
6.585 -33.5276
6.59 -34.9524
6.595 -36.366
6.6 -37.7755
6.605 -39.1865
6.61 -40.6033
6.615 -42.0288
6.62 -43.4639
6.625 -44.9081
6.63 -46.359
6.635 -47.8123
6.64 -49.2619
6.645 -50.7005
6.65 -54.1809
6.655 -65.915
6.66 -72.9799
6.665 -79.4295
6.67 -85.1329
6.675 -89.9752
6.68 -94.0233
6.685 -96.9813
6.69 -98.8121
6.695 -99.4944
6.7 -99.0403
6.705 -96.1659
6.71 -90.5183
6.715 -83.0848
6.72 -74.4061
6.725 -65.5193
6.73 -56.3913
6.735 -47.5433
6.74 -39.2505
6.745 -31.8921
6.75 -25.7603
6.755 -21.0815
6.76 -18.0092
6.765 -16.6196
6.77 -16.9112
6.775 -18.6962
6.78 -21.8242
6.785 -26.1383
6.79 -31.3891
6.795 -37.2406
6.8 -43.3005
6.805 -49.1555
6.81 -54.3932
6.815 -58.6261
6.82 -61.5729
6.825 -63.0287
6.83 -62.8191
6.835 -60.7136
6.84 -56.5873
6.845 -50.5871
6.85 -43.2185
6.855 -34.3019
6.86 -24.2112
6.865 -13.2636
6.87 -1.80444
6.875 9.80801
6.88 21.2174
6.885 32.083
6.89 35.0846
6.895 38.8981
6.9 37.1031
6.905 37.9718
6.91 38.8084
6.915 39.6098
6.92 40.37
6.925 41.0798
6.93 41.7271
6.935 42.2976
6.94 42.7758
6.945 43.1455
6.95 43.391
6.955 43.4977
6.96 43.4533
6.965 42.4436
6.97 39.1642
6.975 34.4471
6.98 28.5706
6.985 21.8769
6.99 14.7349
6.995 7.53154
7 0.643133
7.005 -3.92752
7.01 -8.18628
7.015 -11.6413
7.02 -14.1678
7.025 -15.683
7.03 -16.1486
7.035 -15.571
7.04 -13.8984
7.045 -11.2794
7.05 -7.84804
7.055 -3.77516
7.06 0.746554
7.065 5.51182
7.07 10.3125
7.075 14.9471
7.08 17.6205
7.085 20.4164
7.09 22.8507
7.095 24.8662
7.1 26.4222
7.105 27.4958
7.11 28.0818
7.115 28.1918
7.12 27.8531
7.125 26.7372
7.13 25.1567
7.135 23.1938
7.14 20.9756
7.145 18.6311
7.15 16.2843
7.155 14.0475
7.16 12.0157
7.165 10.263
7.17 8.82904
7.175 7.71967
7.18 6.91654
7.185 6.37833
7.19 6.04696
7.195 5.85406
7.2 5.72798
7.205 5.60032
7.21 5.41167
7.215 5.13159
7.22 4.74729
7.225 4.24856
7.23 3.639
7.235 2.93282
7.24 2.15246
7.245 1.32563
7.25 0.481837
7.255 -0.350884
7.26 -1.14869
7.265 -1.89441
7.27 -2.57962
7.275 -3.20589
7.28 -3.78531
7.285 -4.34013
7.29 -4.90152
7.295 -5.31343
7.3 -5.87223
7.305 -6.54401
7.31 -7.36509
7.315 -8.3681
7.32 -9.57965
7.325 -11.018
7.33 -12.6914
7.335 -14.5964
7.34 -16.7172
7.345 -19.0257
7.35 -21.4828
7.355 -24.0403
7.36 -26.6445
7.365 -29.2402
7.37 -31.7756
7.375 -34.2069
7.38 -36.5029
7.385 -38.6488
7.39 -40.6485
7.395 -42.5272
7.4 -44.3307
7.405 -46.1247
7.41 -46.4217
7.415 -46.8833
7.42 -47.4438
7.425 -48.0957
7.43 -50.042
7.435 -51.7442
7.44 -53.5617
7.445 -55.5201
7.45 -57.6375
7.455 -59.9194
7.46 -62.3659
7.465 -64.9692
7.47 -67.7123
7.475 -70.5685
7.48 -73.501
7.485 -76.4633
7.49 -79.4003
7.495 -82.2489
7.5 -84.9095
7.505 -87.3515
7.51 -89.2947
7.515 -90.6108
7.52 -91.1451
7.525 -90.7491
7.53 -88.1517
7.535 -82.4372
7.54 -74.0163
7.545 -63.3807
7.55 -50.4551
7.555 -35.6908
7.56 -19.5284
7.565 -2.46215
7.57 14.9884
7.575 32.3009
7.58 48.9728
7.585 41.5917
7.59 43.3403
7.595 45.0881
7.6 46.8427
7.605 48.6096
7.61 50.392
7.615 52.1835
7.62 53.9733
7.625 55.7535
7.63 57.5159
7.635 59.2524
7.64 60.9548
7.645 61.7997
7.65 62.903
7.655 67.096
7.66 73.3864
7.665 78.4224
7.67 83.1718
7.675 87.2433
7.68 90.6673
7.685 93.4034
7.69 95.4274
7.695 96.7298
7.7 97.3167
7.705 97.2092
7.71 96.4423
7.715 93.0073
7.72 88.5675
7.725 83.1354
7.73 77.0445
7.735 70.6377
7.74 64.2486
7.745 58.185
7.75 52.7145
7.755 48.2503
7.76 44.6569
7.765 42.0342
7.77 40.3231
7.775 39.3725
7.78 38.9706
7.785 38.8601
7.79 38.7557
7.795 38.37
7.8 37.436
7.805 35.7267
7.81 33.1684
7.815 29.7593
7.82 25.4839
7.825 20.3952
7.83 14.5972
7.835 8.23879
7.84 1.50606
7.845 -5.38776
7.85 -12.2136
7.855 -18.7382
7.86 -21.5095
7.865 -25.2987
7.87 -28.6276
7.875 -31.4123
7.88 -29.2769
7.885 -29.416
7.89 -29.4879
7.895 -29.4903
7.9 -29.4214
7.905 -29.2803
7.91 -28.393
7.915 -27.0975
7.92 -25.4027
7.925 -23.3674
7.93 -21.0604
7.935 -18.5586
7.94 -15.9444
7.945 -13.3035
7.95 -10.7216
7.955 -8.28194
7.96 -6.0621
7.965 -4.13109
7.97 -2.54689
7.975 -1.35486
7.98 -0.586497
7.985 -0.258511
7.99 -0.372525
7.995 -1.08828
8 -2.54169
8.005 -4.51729
8.01 -6.87642
8.015 -9.4618
8.02 -12.1065
8.025 -14.6443
8.03 -16.9193
8.035 -18.7949
8.04 -20.1614
8.045 -20.9417
8.05 -21.0948
8.055 -20.6173
8.06 -20.0362
8.065 -19.0049
8.07 -17.659
8.075 -16.0554
8.08 -14.2624
8.085 -12.3593
8.09 -10.4342
8.095 -8.58292
8.1 -6.90626
8.105 -5.50817
8.11 -4.49302
8.115 -3.96237
8.12 -4.01126
8.125 -5.1478
8.13 -7.51398
8.135 -10.8893
8.14 -15.4608
8.145 -21.0989
8.15 -27.6834
8.155 -27.9011
8.16 -28.2718
8.165 -28.9656
8.17 -29.7622
8.175 -30.6596
8.18 -31.6522
8.185 -32.7295
8.19 -33.8739
8.195 -35.063
8.2 -36.27
8.205 -37.4648
8.21 -38.615
8.215 -39.6883
8.22 -40.6525
8.225 -41.4763
8.23 -42.1305
8.235 -42.5952
8.24 -42.8555
8.245 -42.8957
8.25 -42.7035
8.255 -40.8747
8.26 -35.0328
8.265 -26.6449
8.27 -16.1034
8.275 -3.89326
8.28 5.25269
8.285 15.4921
8.29 26.0179
8.295 36.5033
8.3 46.6302
8.305 46.6619
8.31 48.4634
8.315 50.1562
8.32 51.7292
8.325 53.1724
8.33 54.4773
8.335 55.6372
8.34 56.6475
8.345 57.5058
8.35 57.9012
8.355 58.2581
8.36 58.5144
8.365 58.6772
8.37 58.755
8.375 58.7578
8.38 58.697
8.385 58.5854
8.39 58.4365
8.395 58.2647
8.4 57.8938
8.405 57.2826
8.41 56.537
8.415 55.7068
8.42 54.8411
8.425 53.9859
8.43 53.1817
8.435 52.461
8.44 51.8475
8.445 51.3549
8.45 50.9566
8.455 50.5614
8.46 50.0339
8.465 49.2158
8.47 47.9378
8.475 46.0354
8.48 43.3632
8.485 39.8759
8.49 35.5799
8.495 30.4742
8.5 24.6031
8.505 18.0462
8.51 10.9146
8.515 3.34667
8.52 -1.16301
8.525 -6.89539
8.53 -12.7906
8.535 -18.7721
8.54 -24.7566
8.545 -30.6566
8.55 -36.3836
8.555 -33.7948
8.56 -34.6824
8.565 -35.5776
8.57 -36.4849
8.575 -37.4062
8.58 -38.3416
8.585 -39.2904
8.59 -40.2499
8.595 -41.2158
8.6 -42.182
8.605 -43.1402
8.61 -44.0799
8.615 -44.9891
8.62 -45.8543
8.625 -47.1367
8.63 -48.2156
8.635 -51.9145
8.64 -53.8466
8.645 -55.2277
8.65 -55.9945
8.655 -56.1112
8.66 -55.5608
8.665 -52.6088
8.67 -48.387
8.675 -42.8928
8.68 -36.3801
8.685 -29.155
8.69 -21.5621
8.695 -13.9597
8.7 -6.7045
8.705 -0.142732
8.71 3.59466
8.715 6.73836
8.72 8.92137
8.725 10.0326
8.73 9.99301
8.735 8.84455
8.74 6.70088
8.745 3.52294
8.75 -0.634687
8.755 -5.685
8.76 -11.5101
8.765 -17.9637
8.77 -24.8752
8.775 -32.0554
8.78 -39.3027
8.785 -46.3987
8.79 -53.1156
8.795 -59.2329
8.8 -64.5447
8.805 -68.8688
8.81 -72.056
8.815 -73.9956
8.82 -74.6181
8.825 -73.898
8.83 -70.6895
8.835 -65.4689
8.84 -58.54
8.845 -50.2444
8.85 -40.971
8.855 -31.6795
8.86 -21.9576
8.865 -12.4346
8.87 -3.45071
8.875 4.7037
8.88 11.7996
8.885 17.6767
8.89 22.2473
8.895 25.4958
8.9 27.4367
8.905 28.1353
8.91 27.7346
8.915 26.552
8.92 24.7538
8.925 22.5302
8.93 20.0922
8.935 17.6483
8.94 15.3949
8.945 13.5078
8.95 12.1348
8.955 11.3897
8.96 11.3489
8.965 12.0914
8.97 13.7026
8.975 16.0786
8.98 19.1172
8.985 22.6798
8.99 26.6001
8.995 30.6927
9 34.7546
9.005 35.7545
9.01 35.5776
9.015 35.8857
9.02 36.1506
9.025 36.3625
9.03 36.5117
9.035 36.5897
9.04 36.5895
9.045 36.5063
9.05 36.3383
9.055 35.2971
9.06 33.8039
9.065 31.892
9.07 29.6546
9.075 27.2007
9.08 24.6495
9.085 22.1253
9.09 19.7527
9.095 17.6506
9.1 15.9271
9.105 14.6737
9.11 13.9611
9.115 13.8352
9.12 14.3146
9.125 15.7204
9.13 17.7265
9.135 20.2924
9.14 23.2811
9.145 26.512
9.15 29.7583
9.155 32.7689
9.16 33.4483
9.165 33.0843
9.17 33.1262
9.175 33.0561
9.18 32.8522
9.185 31.0421
9.19 28.422
9.195 24.84
9.2 20.3453
9.205 15.0231
9.21 8.99099
9.215 2.39445
9.22 -4.59963
9.225 -11.8097
9.23 -19.0464
9.235 -26.1202
9.24 -32.8477
9.245 -39.0592
9.25 -44.604
9.255 -49.3556
9.26 -53.2158
9.265 -56.117
9.27 -58.0233
9.275 -58.9307
9.28 -58.8655
9.285 -57.8813
9.29 -55.4905
9.295 -52.2948
9.3 -48.3662
9.305 -43.8971
9.31 -39.0817
9.315 -34.1045
9.32 -29.1337
9.325 -24.5335
9.33 -20.1033
9.335 -16.0013
9.34 -12.2797
9.345 -8.96294
9.35 -6.05058
9.355 -3.52092
9.36 -1.36913
9.365 0.414131
9.37 1.87134
9.375 3.05108
9.38 4.00774
9.385 4.79741
9.39 5.47414
9.395 6.08641
9.4 6.67425
9.405 7.26724
9.41 7.88337
9.415 8.52849
9.42 9.19675
9.425 9.87189
9.43 10.5291
9.435 11.138
9.44 11.662
9.445 12.0628
9.45 12.3062
9.455 12.366
9.46 12.2352
9.465 11.9288
9.47 11.452
9.475 10.8332
9.48 10.1116
9.485 9.33255
9.49 8.54837
9.495 7.81689
9.5 7.19949
9.505 6.75909
9.51 6.55794
9.515 6.65525
9.52 7.13406
9.525 8.05296
9.53 9.44025
9.535 11.3179
9.54 13.693
9.545 16.5574
9.55 19.8878
9.555 23.6461
9.56 27.7807
9.565 32.2276
9.57 33.4429
9.575 35.5307
9.58 36.0506
9.585 36.7073
9.59 37.4366
9.595 38.2447
9.6 39.1366
9.605 40.1151
9.61 41.1817
9.615 42.3357
9.62 43.5747
9.625 44.8942
9.63 46.2874
9.635 47.7445
9.64 49.2508
9.645 50.7874
9.65 52.3327
9.655 53.8632
9.66 55.3545
9.665 56.7816
9.67 57.5638
9.675 58.4241
9.68 59.1906
9.685 61.9637
9.69 63.3882
9.695 66.1801
9.7 67.5943
9.705 68.2369
9.71 68.0957
9.715 66.4238
9.72 62.264
9.725 56.7069
9.73 49.7664
9.735 41.8711
9.74 33.3972
9.745 24.7264
9.75 16.2284
9.755 8.24358
9.76 1.06516
9.765 -1.77974
9.77 -5.40482
9.775 -8.31241
9.78 -10.501
9.785 -12.0007
9.79 -12.8702
9.795 -13.1928
9.8 -13.0713
9.805 -12.7275
9.81 -12.2392
9.815 -11.6669
9.82 -11.0751
9.825 -10.5361
9.83 -10.1169
9.835 -9.87876
9.84 -9.8753
9.845 -10.1513
9.85 -11.2983
9.855 -12.9592
9.86 -14.6444
9.865 -16.6141
9.87 -18.9569
9.875 -21.6278
9.88 -24.5672
9.885 -27.7023
9.89 -30.9506
9.895 -31.0101
9.9 -31.4779
9.905 -31.9536
9.91 -32.4343
9.915 -32.9168
9.92 -33.3981
9.925 -33.8758
9.93 -34.3482
9.935 -34.8147
9.94 -35.2767
9.945 -35.7372
9.95 -36.2014
9.955 -36.6764
9.96 -37.1711
9.965 -37.6957
9.97 -38.2612
9.975 -38.8791
9.98 -39.5609
9.985 -40.303
9.99 -41.0967
9.995 -41.9416
10 -42.8348
10.005 -43.7733
10.01 -44.7532
10.015 -45.7703
10.02 -48.121
10.025 -55.2229
10.03 -59.7673
10.035 -64.105
10.04 -68.1159
10.045 -71.6767
10.05 -74.6646
10.055 -76.9619
10.06 -78.4596
10.065 -79.087
10.07 -78.7944
10.075 -76.5662
10.08 -71.552
10.085 -64.3742
10.09 -55.2592
10.095 -44.5047
10.1 -32.4641
10.105 -19.5283
10.11 -6.10771
10.115 7.38643
10.12 20.5595
10.125 33.049
10.13 39.4271
10.135 39.8282
10.14 40.9813
10.145 42.0863
10.15 43.1541
10.155 44.1932
10.16 45.2115
10.165 46.2145
10.17 47.2059
10.175 48.1872
10.18 49.1581
10.185 50.1159
10.19 51.0555
10.195 51.9698
10.2 52.8479
10.205 53.6765
10.21 54.4408
10.215 55.125
10.22 55.7121
10.225 56.1854
10.23 56.5282
10.235 56.7246
10.24 56.6507
10.245 56.4886
10.25 56.1934
10.255 53.6542
10.26 49.8224
10.265 44.8021
10.27 38.83
10.275 32.1863
10.28 25.1788
10.285 18.1239
10.29 11.3317
10.295 5.09142
10.3 2.1498
10.305 -1.11532
10.31 -3.6996
10.315 -5.54803
10.32 -6.63726
10.325 -6.98744
10.33 -6.66308
10.335 -6.12351
10.34 -5.24378
10.345 -4.1171
10.35 -2.83457
10.355 -1.49412
10.36 -0.199378
10.365 0.943892
10.37 1.83154
10.375 2.36473
10.38 2.45353
10.385 2.02062
10.39 -0.458879
10.395 -3.97877
10.4 -8.73018
10.405 -12.8454
10.41 -17.6836
10.415 -23.1562
10.42 -29.1217
10.425 -35.4103
10.43 -33.3091
10.435 -34.4653
10.44 -35.6623
10.445 -36.8808
10.45 -38.0995
10.455 -39.2951
10.46 -40.4435
10.465 -41.5209
10.47 -42.5082
10.475 -43.3901
10.48 -44.1522
10.485 -44.7834
10.49 -45.2757
10.495 -46.0192
10.5 -46.3351
10.505 -46.4557
10.51 -46.6125
10.515 -46.1945
10.52 -44.33
10.525 -42.165
10.53 -39.75
10.535 -37.2942
10.54 -34.9819
10.545 -33.0025
10.55 -31.5022
10.555 -30.5822
10.56 -30.2949
10.565 -30.6418
10.57 -31.0509
10.575 -31.7602
10.58 -32.6774
10.585 -33.7379
10.59 -34.8678
10.595 -35.9881
10.6 -37.019
10.605 -37.8844
10.61 -38.5266
10.615 -38.9029
10.62 -38.9763
10.625 -38.7218
10.63 -37.5649
10.635 -35.7929
10.64 -33.4398
10.645 -30.6031
10.65 -27.4025
10.655 -23.9715
10.66 -20.4495
10.665 -16.973
10.67 -13.668
10.675 -10.6443
10.68 -7.98932
10.685 -5.76489
10.69 -4.00412
10.695 -2.71088
10.7 -1.86052
10.705 -1.40201
10.71 -1.26144
10.715 -1.34705
10.72 -1.48118
10.725 -1.61722
10.73 -1.70042
10.735 -1.66739
10.74 -1.31749
10.745 -0.772386
10.75 0.0612325
10.755 1.2522
10.76 2.82357
10.765 4.7822
10.77 7.11831
10.775 9.80562
10.78 12.8023
10.785 16.0523
10.79 19.4872
10.795 23.0285
10.8 26.5899
10.805 30.0805
10.81 33.4082
10.815 36.4825
10.82 39.2174
10.825 41.5332
10.83 40.5829
10.835 40.7474
10.84 40.8285
10.845 40.8207
10.85 40.7177
10.855 40.5132
10.86 38.3985
10.865 35.787
10.87 32.4271
10.875 28.4301
10.88 23.9308
10.885 19.0805
10.89 14.0408
10.895 8.97576
10.9 4.0449
10.905 -0.603306
10.91 -2.83266
10.915 -5.73448
10.92 -8.26081
10.925 -10.3693
10.93 -12.031
10.935 -13.2305
10.94 -13.966
10.945 -14.248
10.95 -14.0992
10.955 -13.4705
10.96 -12.4004
10.965 -10.9759
10.97 -9.27185
10.975 -7.36715
10.98 -5.34295
10.985 -3.27955
10.99 -1.2525
10.995 0.669945
11 2.42908
11.005 3.97718
11.01 5.27843
11.015 6.30932
11.02 7.05856
11.025 7.52654
11.03 7.72447
11.035 7.67314
11.04 7.48724
11.045 7.22361
11.05 6.86737
11.055 6.43445
11.06 5.94064
11.065 5.40125
11.07 4.8308
11.075 4.24283
11.08 3.64894
11.085 3.05773
11.09 2.47501
11.095 1.90454
11.1 1.34842
11.105 0.807384
11.11 0.280965
11.115 -0.232317
11.12 -0.734682
11.125 -1.22873
11.13 -1.71696
11.135 -2.20163
11.14 -2.68174
11.145 -3.15483
11.15 -3.61995
11.155 -4.07648
11.16 -4.5243
11.165 -4.96372
11.17 -5.39547
11.175 -5.82088
11.18 -6.24194
11.185 -6.66126
11.19 -7.08202
11.195 -7.50795
11.2 -7.9433
11.205 -8.39285
11.21 -8.86187
11.215 -9.35575
11.22 -9.87965
11.225 -10.4385
11.23 -11.037
11.235 -11.6797
11.24 -12.3704
11.245 -13.1127
11.25 -13.9091
11.255 -14.761
11.26 -15.6683
11.265 -16.6293
11.27 -17.6406
11.275 -18.6969
11.28 -19.7916
11.285 -20.9168
11.29 -22.063
11.295 -23.2191
11.3 -24.3722
11.305 -25.5079
11.31 -26.6107
11.315 -27.6639
11.32 -28.6498
11.325 -29.5502
11.33 -30.3467
11.335 -31.0212
11.34 -31.5564
11.345 -31.9369
11.35 -32.1486
11.355 -32.1789
11.36 -32.0173
11.365 -31.4551
11.37 -30.5248
11.375 -29.2541
11.38 -27.667
11.385 -25.7946
11.39 -23.674
11.395 -21.3461
11.4 -18.8536
11.405 -16.2395
11.41 -13.545
11.415 -10.808
11.42 -8.06197
11.425 -5.33448
11.43 -2.64645
11.435 -0.0117825
11.44 2.5628
11.445 5.07742
11.45 7.53825
11.455 9.95643
11.46 12.3466
11.465 14.7251
11.47 17.1079
11.475 19.5091
11.48 21.9388
11.485 24.402
11.49 26.8969
11.495 29.4139
11.5 30.755
11.505 32.6226
11.51 34.5206
11.515 36.433
11.52 38.3359
11.525 40.1989
11.53 39.5619
11.535 39.877
11.54 40.1907
11.545 40.5016
11.55 40.8082
11.555 41.1087
11.56 41.402
11.565 41.6877
11.57 41.9672
11.575 42.2437
11.58 42.5223
11.585 42.8102
11.59 43.1169
11.595 43.4532
11.6 43.832
11.605 44.2673
11.61 44.7745
11.615 45.369
11.62 46.0664
11.625 46.8814
11.63 47.8273
11.635 48.9154
11.64 50.1539
11.645 51.5474
11.65 53.0968
11.655 54.799
11.66 56.6469
11.665 58.066
11.67 59.632
11.675 63.5926
11.68 70.2704
11.685 77.065
11.69 83.8605
11.695 90.1645
11.7 95.8883
11.705 100.879
11.71 105.002
11.715 108.146
11.72 110.226
11.725 111.184
11.73 110.988
11.735 108.671
11.74 102.674
11.745 94.1864
11.75 83.6458
11.755 71.5631
11.76 58.4893
11.765 44.9864
11.77 32.109
11.775 19.736
11.78 8.32705
11.785 -1.78552
11.79 -10.3548
11.795 -17.2249
11.8 -22.3277
11.805 -25.6811
11.81 -27.3868
11.815 -26.9351
11.82 -26.2538
11.825 -24.8794
11.83 -23.0049
11.835 -20.8108
11.84 -18.4438
11.845 -16.0349
11.85 -13.7277
11.855 -11.6501
11.86 -9.91518
11.865 -8.61864
11.87 -7.83633
11.875 -7.62257
11.88 -8.00904
11.885 -9.46809
11.89 -11.7031
11.895 -14.6777
11.9 -18.2792
11.905 -22.3687
11.91 -26.7877
11.915 -31.3644
11.92 -28.7338
11.925 -29.1021
11.93 -29.489
11.935 -29.8918
11.94 -30.3064
11.945 -30.7276
11.95 -31.1491
11.955 -31.5636
11.96 -31.9631
11.965 -32.3397
11.97 -32.6858
11.975 -32.9947
11.98 -33.2616
11.985 -33.4835
11.99 -33.6597
11.995 -33.7923
12 -33.887
12.005 -33.9533
12.01 -34.0036
12.015 -34.0537
12.02 -34.1151
12.025 -34.1993
12.03 -34.3223
12.035 -34.4992
12.04 -34.734
12.045 -35.0238
12.05 -35.3694
12.055 -35.7714
12.06 -36.2302
12.065 -36.7459
12.07 -37.3179
12.075 -37.9452
12.08 -38.6263
12.085 -39.3596
12.09 -40.1429
12.095 -40.9735
12.1 -41.8481
12.105 -42.7632
12.11 -43.715
12.115 -44.697
12.12 -45.6995
12.125 -46.712
12.13 -48.6992
12.135 -54.4553
12.14 -59.4452
12.145 -64.0261
12.15 -68.0907
12.155 -71.5475
12.16 -74.3228
12.165 -76.3674
12.17 -77.6522
12.175 -78.1624
12.18 -77.9025
12.185 -75.9619
12.19 -72.0387
12.195 -66.7087
12.2 -60.2727
12.205 -53.0641
12.21 -45.4312
12.215 -37.7182
12.22 -30.2492
12.225 -23.3125
12.23 -17.1556
12.235 -11.9758
12.24 -7.9096
12.245 -5.03102
12.25 -3.35123
12.255 -2.82074
12.26 -3.33441
12.265 -4.3534
12.27 -5.93424
12.275 -7.9133
12.28 -10.1332
12.285 -12.4297
12.29 -14.6388
12.295 -16.6021
12.3 -18.1727
12.305 -19.2203
12.31 -19.6357
12.315 -19.3336
12.32 -17.9622
12.325 -15.5001
12.33 -12.0122
12.335 -7.57264
12.34 -2.2949
12.345 3.67438
12.35 10.163
12.355 16.9812
12.36 23.93
12.365 30.8098
12.37 34.3796
12.375 38.9633
12.38 38.4671
12.385 39.1687
12.39 39.8604
12.395 40.5449
12.4 41.2233
12.405 41.8949
12.41 42.5578
12.415 43.2085
12.42 43.8422
12.425 44.4517
12.43 45.0283
12.435 45.5634
12.44 46.0491
12.445 46.4789
12.45 46.8485
12.455 47.1565
12.46 47.4044
12.465 47.5961
12.47 47.7386
12.475 47.8414
12.48 47.9171
12.485 47.9809
12.49 48.0502
12.495 48.144
12.5 48.2821
12.505 48.4849
12.51 48.7716
12.515 49.1603
12.52 49.666
12.525 50.3006
12.53 51.0718
12.535 51.9826
12.54 53.0316
12.545 54.2121
12.55 55.5126
12.555 56.9124
12.56 57.6345
12.565 58.6782
12.57 61.845
12.575 64.4094
12.58 70.9336
12.585 75.1261
12.59 78.8224
12.595 81.6001
12.6 83.422
12.605 84.1976
12.61 83.8689
12.615 80.9571
12.62 74.6553
12.625 65.8263
12.63 54.8733
12.635 42.789
12.64 29.5226
12.645 15.699
12.65 1.84838
12.655 -11.5278
12.66 -18.9859
12.665 -26.9678
12.67 -34.1561
12.675 -31.9304
12.68 -32.6832
12.685 -33.3689
12.69 -33.9927
12.695 -34.5612
12.7 -35.0818
12.705 -35.5618
12.71 -36.0088
12.715 -36.4296
12.72 -36.8302
12.725 -37.2157
12.73 -37.5903
12.735 -37.9572
12.74 -38.3182
12.745 -38.6741
12.75 -39.0243
12.755 -39.367
12.76 -39.6994
12.765 -40.0172
12.77 -40.3148
12.775 -40.5858
12.78 -40.8233
12.785 -41.02
12.79 -41.1692
12.795 -41.2652
12.8 -41.3034
12.805 -41.2804
12.81 -41.1949
12.815 -40.0278
12.82 -38.3522
12.825 -36.3023
12.83 -34.1167
12.835 -32.07
12.84 -30.3888
12.845 -29.277
12.85 -28.9562
12.855 -29.6074
12.86 -30.0007
12.865 -30.8684
12.87 -32.0439
12.875 -33.5148
12.88 -35.2642
12.885 -37.271
12.89 -39.5102
12.895 -41.9531
12.9 -44.562
12.905 -47.2961
12.91 -50.1171
12.915 -52.985
12.92 -55.8598
12.925 -58.7015
12.93 -61.4713
12.935 -64.1318
12.94 -66.6476
12.945 -68.9857
12.95 -71.1161
12.955 -73.0117
12.96 -74.6483
12.965 -76.005
12.97 -77.0655
12.975 -77.8184
12.98 -78.2564
12.985 -78.3772
12.99 -78.183
12.995 -77.1802
13 -75.0749
13.005 -72.118
13.01 -68.3778
13.015 -63.9379
13.02 -58.896
13.025 -53.5262
13.03 -47.7832
13.035 -41.7884
13.04 -35.6946
13.045 -29.6676
13.05 -23.8509
13.055 -18.3756
13.06 -13.3537
13.065 -8.87427
13.07 -5.00114
13.075 -1.77071
13.08 0.808428
13.085 2.75507
13.09 4.11383
13.095 4.95269
13.1 5.3594
13.105 5.43728
13.11 5.30031
13.115 5.1787
13.12 5.04799
13.125 5.00952
13.13 5.13875
13.135 5.63443
13.14 6.54741
13.145 7.93752
13.15 9.84169
13.155 12.2731
13.16 15.2205
13.165 18.6485
13.17 22.4983
13.175 26.6901
13.18 31.1252
13.185 34.0554
13.19 37.4242
13.195 40.8169
13.2 39.2712
13.205 39.8592
13.21 40.4585
13.215 41.0656
13.22 41.6759
13.225 42.2831
13.23 42.8803
13.235 43.461
13.24 44.0208
13.245 44.5576
13.25 45.0709
13.255 45.5613
13.26 46.0319
13.265 46.4879
13.27 46.936
13.275 47.3851
13.28 47.8454
13.285 48.3284
13.29 48.8466
13.295 49.4128
13.3 50.0395
13.305 50.7382
13.31 51.5185
13.315 52.3882
13.32 53.3519
13.325 54.4108
13.33 55.5627
13.335 56.4226
13.34 57.3429
13.345 58.3094
13.35 61.1682
13.355 63.5437
13.36 69.2268
13.365 73.2378
13.37 76.7941
13.375 79.5624
13.38 81.4288
13.385 82.2648
13.39 81.9681
13.395 79.1225
13.4 72.5138
13.405 63.1153
13.41 51.2977
13.415 38.1904
13.42 23.4694
13.425 7.89107
13.43 -7.98648
13.435 -18.6528
13.44 -29.2082
13.445 -39.3002
13.45 -33.6479
13.455 -34.861
13.46 -36.0525
13.465 -37.2276
13.47 -38.3903
13.475 -39.5429
13.48 -40.6865
13.485 -41.8207
13.49 -42.9434
13.495 -44.0516
13.5 -45.1402
13.505 -46.2034
13.51 -47.234
13.515 -49.1028
13.52 -54.3072
13.525 -58.6245
13.53 -62.456
13.535 -65.7166
13.54 -68.331
13.545 -70.2357
13.55 -71.38
13.555 -71.7274
13.56 -71.2566
13.565 -68.6059
13.57 -63.9148
13.575 -57.5561
13.58 -49.7961
13.585 -40.9495
13.59 -31.3641
13.595 -21.4039
13.6 -11.4333
13.605 -1.80122
13.61 7.17256
13.615 15.2094
13.62 22.0817
13.625 24.0721
13.63 27.198
13.635 29.4189
13.64 30.74
13.645 31.1912
13.65 30.8254
13.655 29.6885
13.66 27.8822
13.665 25.5182
13.67 22.7182
13.675 19.6121
13.68 16.3339
13.685 13.0176
13.69 9.79381
13.695 6.78535
13.7 4.10423
13.705 1.84843
13.71 0.0996119
13.715 -1.07866
13.72 -1.64245
13.725 -1.56872
13.73 -0.653372
13.735 1.15328
13.74 3.70173
13.745 6.87733
13.75 10.5401
13.755 14.531
13.76 18.6786
13.765 22.8068
13.77 26.7416
13.775 30.3159
13.78 33.3739
13.785 34.3922
13.79 35.62
13.795 34.7276
13.8 34.6822
13.805 34.5423
13.81 33.4929
13.815 31.8407
13.82 29.5851
13.825 26.7713
13.83 23.4637
13.835 19.744
13.84 15.7087
13.845 11.4668
13.85 7.13563
13.855 2.83538
13.86 -1.31438
13.865 -5.19939
13.87 -8.71484
13.875 -11.7694
13.88 -14.2886
13.885 -16.2172
13.89 -17.521
13.895 -18.1875
13.9 -18.2267
13.905 -17.6696
13.91 -16.2104
13.915 -14.2211
13.92 -11.7665
13.925 -8.98491
13.93 -6.02035
13.935 -3.01513
13.94 -0.103025
13.945 2.59697
13.95 4.98576
13.955 6.98607
13.96 8.54404
13.965 9.63148
13.97 10.2461
13.975 10.4102
13.98 10.1688
13.985 9.7116
13.99 9.0165
13.995 8.16617
14 7.23286
14.005 6.29049
14.01 5.41175
14.015 4.66529
14.02 4.113
14.025 3.80732
14.03 3.78925
14.035 4.08702
14.04 4.8743
14.045 6.02731
14.05 7.55003
14.055 9.40185
14.06 11.5283
14.065 13.864
14.07 16.3363
14.075 18.8687
14.08 21.3848
14.085 23.8112
14.09 26.0811
14.095 28.1367
14.1 29.9317
14.105 31.4329
14.11 32.6202
14.115 32.4366
14.12 32.671
14.125 32.8109
14.13 32.8669
14.135 32.8503
14.14 32.7722
14.145 32.5971
14.15 32.335
14.155 32.0271
14.16 31.6975
14.165 31.3674
14.17 31.054
14.175 30.77
14.18 30.5229
14.185 30.3143
14.19 30.1379
14.195 29.9794
14.2 29.8189
14.205 29.6313
14.21 29.3874
14.215 29.0553
14.22 28.6021
14.225 27.995
14.23 27.2032
14.235 26.1994
14.24 24.9612
14.245 23.4721
14.25 21.7225
14.255 19.7107
14.26 17.4434
14.265 14.9362
14.27 12.2168
14.275 9.32088
14.28 6.28919
14.285 3.1677
14.29 0.00579698
14.295 -3.14534
14.3 -6.23463
14.305 -9.21294
14.31 -12.0347
14.315 -14.659
14.32 -17.0513
14.325 -19.1841
14.33 -21.0373
14.335 -22.599
14.34 -23.8644
14.345 -24.8368
14.35 -25.5188
14.355 -25.9166
14.36 -26.0475
14.365 -25.9357
14.37 -25.5617
14.375 -24.9612
14.38 -24.1969
14.385 -23.3215
14.39 -22.3871
14.395 -21.4423
14.4 -20.5306
14.405 -19.6879
14.41 -18.9411
14.415 -18.3069
14.42 -17.7912
14.425 -17.3895
14.43 -17.0876
14.435 -16.8627
14.44 -16.6856
14.445 -16.5223
14.45 -16.3367
14.455 -16.0931
14.46 -15.7591
14.465 -15.3087
14.47 -14.7409
14.475 -14.0391
14.48 -13.2094
14.485 -12.2752
14.49 -11.2763
14.495 -10.2686
14.5 -9.32976
14.505 -8.55574
14.51 -8.05221
14.515 -7.93059
14.52 -8.30036
14.525 -9.09394
14.53 -10.4327
14.535 -12.3326
14.54 -14.8093
14.545 -17.8586
14.55 -21.4538
14.555 -25.5444
14.56 -30.0567
14.565 -34.894
14.57 -39.9393
14.575 -45.0588
14.58 -50.1058
14.585 -54.9262
14.59 -59.3642
14.595 -63.2691
14.6 -66.5006
14.605 -68.9339
14.61 -70.4654
14.615 -71.0174
14.62 -70.5419
14.625 -68.8017
14.63 -65.8365
14.635 -61.7552
14.64 -56.6798
14.645 -50.7663
14.65 -44.1963
14.655 -37.1691
14.66 -29.892
14.665 -22.9648
14.67 -15.9867
14.675 -9.30107
14.68 -3.05537
14.685 2.6274
14.69 7.65208
14.695 11.9529
14.7 15.4939
14.705 18.2677
14.71 20.2939
14.715 21.6159
14.72 22.2972
14.725 22.4171
14.73 22.0657
14.735 21.3619
14.74 20.3865
14.745 19.233
14.75 17.9881
14.755 16.7307
14.76 15.5299
14.765 14.4438
14.77 13.5189
14.775 12.7896
14.78 12.279
14.785 11.9991
14.79 11.9519
14.795 12.1309
14.8 12.5399
14.805 13.1409
14.81 13.9104
14.815 14.8164
14.82 15.8234
14.825 16.8937
14.83 17.988
14.835 19.0662
14.84 20.0879
14.845 21.0133
14.85 21.8035
14.855 22.4194
14.86 22.8224
14.865 22.9765
14.87 22.8497
14.875 22.4235
14.88 21.6818
14.885 20.6116
14.89 19.2125
14.895 17.4951
14.9 15.4819
14.905 13.2076
14.91 10.7185
14.915 8.07123
14.92 5.33086
14.925 2.56819
14.93 -0.14335
14.935 -2.7311
14.94 -5.12659
14.945 -7.26891
14.95 -9.10758
14.955 -10.6052
14.96 -11.7394
14.965 -12.5045
14.97 -12.9113
14.975 -12.987
14.98 -12.7723
14.985 -12.3067
14.99 -11.664
14.995 -10.9149
15 -10.1339
15.005 -9.39396
15.01 -8.76261
15.015 -8.29818
15.02 -8.04708
15.025 -8.04135
15.03 -8.29098
15.035 -8.79276
15.04 -9.53308
15.045 -10.4818
15.05 -11.596
15.055 -12.8221
15.06 -14.0995
15.065 -15.3646
15.07 -16.5539
15.075 -17.6062
15.08 -18.4662
15.085 -19.0871
15.09 -19.4321
15.095 -19.4761
15.1 -19.206
15.105 -18.5876
15.11 -17.6528
15.115 -16.4236
15.12 -14.935
15.125 -13.3001
15.13 -11.4711
15.135 -9.51484
15.14 -7.47422
15.145 -5.38918
15.15 -3.29525
15.155 -1.22217
15.16 0.807233
15.165 2.77756
15.17 4.68073
15.175 6.51541
15.18 8.28595
15.185 10.0011
15.19 11.6726
15.195 13.3138
15.2 14.9377
15.205 16.5555
15.21 18.1752
15.215 19.7999
15.22 21.427
15.225 23.0479
15.23 24.6473
15.235 26.204
15.24 27.6908
15.245 29.0759
15.25 29.0042
15.255 29.4571
15.26 29.8646
15.265 30.2167
15.27 30.4996
15.275 30.6964
15.28 30.7892
15.285 30.7593
15.29 30.5885
15.295 29.8725
15.3 28.8388
15.305 27.4347
15.31 25.6755
15.315 23.5913
15.32 21.2263
15.325 18.6369
15.33 15.8901
15.335 13.0607
15.34 10.2293
15.345 7.47937
15.35 4.89451
15.355 2.55559
15.36 0.537705
15.365 -1.09239
15.37 -2.27961
15.375 -2.98361
15.38 -3.18025
15.385 -2.86266
15.39 -1.99787
15.395 -0.644762
15.4 1.147
15.405 3.30449
15.41 5.73781
15.415 8.34277
15.42 11.0041
15.425 13.5994
15.43 16.0023
15.435 18.088
15.44 19.7396
15.445 20.8531
15.45 21.3427
15.455 21.1443
15.46 20.245
15.465 18.6425
15.47 16.3471
15.475 13.399
15.48 9.86249
15.485 5.82365
15.49 1.38675
15.495 -3.32989
15.5 -8.19858
15.505 -13.0872
15.51 -17.8643
15.515 -22.4037
15.52 -26.5892
15.525 -30.3184
15.53 -33.5058
15.535 -36.0738
15.54 -37.9646
15.545 -39.1529
15.55 -39.6378
15.555 -39.443
15.56 -38.572
15.565 -37.0842
15.57 -35.083
15.575 -32.6727
15.58 -29.9645
15.585 -27.0703
15.59 -24.0987
15.595 -21.1509
15.6 -18.3164
15.605 -15.7841
15.61 -13.4489
15.615 -11.3842
15.62 -9.61162
15.625 -8.1377
15.63 -6.95511
15.635 -6.04536
15.64 -5.38211
15.645 -4.93501
15.65 -4.67363
15.655 -4.57134
15.66 -4.60879
15.665 -4.77349
15.67 -5.06974
15.675 -5.51846
15.68 -6.15283
15.685 -7.01489
15.69 -8.15253
15.695 -9.61377
15.7 -11.4408
15.705 -13.6376
15.71 -16.1774
15.715 -19.0268
15.72 -22.134
15.725 -25.4282
15.73 -28.8202
15.735 -32.2037
15.74 -35.4576
15.745 -38.4503
15.75 -41.0428
15.755 -43.0913
15.76 -44.4547
15.765 -45.0032
15.77 -44.6256
15.775 -43.1794
15.78 -40.6013
15.785 -36.8855
15.79 -32.0575
15.795 -26.1843
15.8 -19.6064
15.805 -12.214
15.81 -4.19647
15.815 4.25853
15.82 12.9443
15.825 21.6429
15.83 30.1332
15.835 33.4573
15.84 36.6469
15.845 36.8304
15.85 37.6115
15.855 38.3793
15.86 39.135
15.865 39.8778
15.87 40.605
15.875 41.3124
15.88 41.994
15.885 42.6424
15.89 43.2487
15.895 43.8035
15.9 44.2971
15.905 44.72
15.91 45.0633
15.915 45.3186
15.92 45.4785
15.925 45.5364
15.93 45.4865
15.935 45.3245
15.94 44.3781
15.945 42.6355
15.95 40.2503
15.955 37.3008
15.96 33.887
15.965 30.1265
15.97 26.1495
15.975 22.0942
15.98 18.1025
15.985 16.0358
15.99 13.8651
15.995 11.9
16 10.1906
16.005 8.78077
16.01 7.70576
16.015 6.99078
16.02 6.64952
16.025 6.68282
16.03 7.43857
16.035 9.08949
16.04 11.3205
16.045 13.9435
16.05 16.7451
16.055 19.5007
16.06 21.9875
16.065 23.9979
16.07 25.3518
16.075 25.9069
16.08 25.5662
16.085 24.7184
16.09 23.281
16.095 21.2427
16.1 18.6399
16.105 15.532
16.11 11.9997
16.115 8.14132
16.12 4.06859
16.125 -0.0985735
16.13 -4.23734
16.135 -8.22663
16.14 -11.9515
16.145 -15.3078
16.15 -18.2056
16.155 -20.5732
16.16 -22.3588
16.165 -23.5325
16.17 -24.0868
16.175 -24.0361
16.18 -23.2473
16.185 -21.5072
16.19 -19.1162
16.195 -16.2412
16.2 -13.0633
16.205 -9.76714
16.21 -6.53151
16.215 -3.52018
16.22 -0.874567
16.225 1.29203
16.23 2.89847
16.235 3.89786
16.24 4.27777
16.245 4.05787
16.25 3.4938
16.255 2.59855
16.26 1.40498
16.265 -0.0286856
16.27 -1.63913
16.275 -3.3609
16.28 -5.12925
16.285 -6.88239
16.29 -8.56363
16.295 -10.1229
16.3 -11.5181
16.305 -12.7156
16.31 -13.6911
16.315 -14.4295
16.32 -14.9245
16.325 -15.1781
16.33 -15.1993
16.335 -15.0038
16.34 -14.4049
16.345 -13.6162
16.35 -12.6487
16.355 -11.5573
16.36 -10.3978
16.365 -9.22495
16.37 -8.09003
16.375 -7.03887
16.38 -6.11093
16.385 -5.33837
16.39 -4.74511
16.395 -4.34681
16.4 -4.15098
16.405 -4.15727
16.41 -4.35806
16.415 -4.63629
16.42 -5.05157
16.425 -5.57644
16.43 -6.1969
16.435 -6.89807
16.44 -7.66437
16.445 -8.47953
16.45 -9.32662
16.455 -10.1885
16.46 -11.0479
16.465 -11.8882
16.47 -12.6933
16.475 -13.4482
16.48 -14.1392
16.485 -14.7543
16.49 -15.2838
16.495 -15.7211
16.5 -16.0632
16.505 -16.3119
16.51 -16.4738
16.515 -16.5623
16.52 -16.5971
16.525 -16.6057
16.53 -16.6235
16.535 -16.6824
16.54 -16.814
16.545 -17.0583
16.55 -17.4572
16.555 -18.0529
16.56 -18.8858
16.565 -19.9917
16.57 -21.3992
16.575 -23.1271
16.58 -25.1816
16.585 -27.5537
16.59 -30.2182
16.595 -33.1327
16.6 -36.2376
16.605 -39.4574
16.61 -42.7019
16.615 -45.8697
16.62 -48.8499
16.625 -51.5241
16.63 -53.7714
16.635 -55.4757
16.64 -56.5305
16.645 -56.8442
16.65 -56.3449
16.655 -54.4872
16.66 -51.4158
16.665 -47.1872
16.67 -41.9045
16.675 -35.7133
16.68 -28.7947
16.685 -21.6679
16.69 -14.1382
16.695 -6.51388
16.7 0.993047
16.705 8.18254
16.71 14.8748
16.715 20.9174
16.72 26.1904
16.725 30.6105
16.73 34.133
16.735 33.3895
16.74 34.2064
16.745 34.7751
16.75 35.1294
16.755 35.3046
16.76 35.3359
16.765 35.2584
16.77 34.9968
16.775 34.6346
16.78 34.2506
16.785 33.8982
16.79 33.6186
16.795 33.4391
16.8 33.3727
16.805 33.4177
16.81 33.5944
16.815 33.8369
16.82 34.097
16.825 34.3103
16.83 34.2669
16.835 34.2005
16.84 33.9237
16.845 33.3654
16.85 32.5072
16.855 31.3326
16.86 29.8482
16.865 28.0864
16.87 26.1076
16.875 23.9995
16.88 21.8716
16.885 19.8502
16.89 18.0758
16.895 16.6941
16.9 15.8484
16.905 15.6713
16.91 16.2753
16.915 18.0517
16.92 20.8152
16.925 24.6039
16.93 29.3412
16.935 34.8899
16.94 35.7032
16.945 34.8053
16.95 35.6399
16.955 36.561
16.96 37.5515
16.965 38.5888
16.97 39.6455
16.975 40.691
16.98 41.6922
16.985 42.6148
16.99 43.4247
16.995 44.0886
17 44.5765
17.005 44.8617
17.01 44.921
17.015 44.7357
17.02 42.4095
17.025 37.5657
17.03 30.8138
17.035 22.4436
17.04 12.8178
17.045 2.34864
17.05 -4.23272
17.055 -12.1925
17.06 -20.095
17.065 -27.7245
17.07 -34.8837
17.075 -41.3998
17.08 -41.8516
17.085 -44.0824
17.09 -46.0136
17.095 -46.7624
17.1 -47.5156
17.105 -49.1388
17.11 -50.2534
17.115 -51.0135
17.12 -51.4326
17.125 -51.5258
17.13 -51.3086
17.135 -50.3983
17.14 -48.7492
17.145 -46.5388
17.15 -43.8406
17.155 -40.7244
17.16 -37.2572
17.165 -33.5016
17.17 -29.5168
17.175 -25.3589
17.18 -21.0823
17.185 -16.7414
17.19 -12.3911
17.195 -8.08878
17.2 -3.89388
17.205 -1.01782
17.21 1.76968
17.215 4.43458
17.22 6.9501
17.225 9.28443
17.23 11.4018
17.235 13.2639
17.24 14.8322
17.245 16.0698
17.25 16.9443
17.255 17.4285
17.26 17.5036
17.265 17.1621
17.27 16.5356
17.275 15.5506
17.28 14.2495
17.285 12.6672
17.29 10.8502
17.295 8.85526
17.3 6.74818
17.305 4.60157
17.31 2.49273
17.315 0.500812
17.32 -1.29602
17.325 -2.82345
17.33 -4.01382
17.335 -4.80895
17.34 -5.16261
17.345 -5.04274
17.35 -4.10254
17.355 -2.32684
17.36 0.157631
17.365 3.24746
17.37 6.80937
17.375 10.6869
17.38 14.7082
17.385 18.694
17.39 22.4658
17.395 23.8825
17.4 26.0265
17.405 27.7922
17.41 29.1138
17.415 29.9404
17.42 30.2378
17.425 29.9899
17.43 29.2459
17.435 28.0224
17.44 26.3459
17.445 24.2628
17.45 21.8314
17.455 19.1202
17.46 16.2041
17.465 13.1619
17.47 10.0726
17.475 7.0126
17.48 4.05256
17.485 1.25524
17.49 -1.32682
17.495 -3.65285
17.5 -5.69485
17.505 -7.43785
17.51 -8.87936
17.515 -10.0275
17.52 -10.9001
17.525 -11.5239
17.53 -11.9327
17.535 -12.1651
17.54 -12.2624
17.545 -12.2666
17.55 -12.2183
17.555 -12.1308
17.56 -12.0756
17.565 -12.0948
17.57 -12.1688
17.575 -12.3336
17.58 -12.5942
17.585 -12.9528
17.59 -13.4058
17.595 -13.9447
17.6 -14.5572
17.605 -15.2276
17.61 -15.9381
17.615 -16.6701
17.62 -17.4052
17.625 -18.1261
17.63 -18.8172
17.635 -19.4646
17.64 -20.0571
17.645 -20.5859
17.65 -21.0447
17.655 -21.43
17.66 -21.7402
17.665 -21.9751
17.67 -22.1356
17.675 -22.2226
17.68 -22.2363
17.685 -22.1753
17.69 -22.0365
17.695 -21.7352
17.7 -21.3151
17.705 -20.7564
17.71 -20.0477
17.715 -19.1757
17.72 -18.1257
17.725 -16.8821
17.73 -15.4302
17.735 -13.7575
17.74 -11.8549
17.745 -9.71809
17.75 -7.34855
17.755 -4.75411
17.76 -1.94985
17.765 1.04162
17.77 4.19029
17.775 7.4595
17.78 10.8067
17.785 14.1846
17.79 17.5421
17.795 20.8253
17.8 23.9792
17.805 26.949
17.81 29.6817
17.815 32.1279
17.82 34.2433
17.825 35.9895
17.83 35.2262
17.835 35.2689
17.84 35.2747
17.845 35.2425
17.85 35.1699
17.855 35.0535
17.86 34.7221
17.865 34.0137
17.87 32.9934
17.875 31.6534
17.88 29.9926
17.885 28.0169
17.89 25.74
17.895 23.1838
17.9 20.3779
17.905 17.3594
17.91 14.1722
17.915 10.8658
17.92 7.49431
17.925 4.11464
17.93 0.786247
17.935 -2.43224
17.94 -5.48685
17.945 -8.32876
17.95 -10.916
17.955 -13.2152
17.96 -15.2028
17.965 -16.8662
17.97 -18.2046
17.975 -19.2281
17.98 -19.9583
17.985 -20.4265
17.99 -20.6731
17.995 -20.7453
18 -20.6945
18.005 -20.5555
18.01 -20.2977
18.015 -20.044
18.02 -19.8372
18.025 -19.7264
18.03 -19.7506
18.035 -19.8584
18.04 -20.1082
18.045 -20.4928
18.05 -21.0051
18.055 -21.6281
18.06 -22.3354
18.065 -23.0906
18.07 -23.8475
18.075 -24.5532
18.08 -25.1505
18.085 -25.5817
18.09 -25.7909
18.095 -25.7276
18.1 -25.2936
18.105 -24.342
18.11 -22.9111
18.115 -21.0123
18.12 -18.6797
18.125 -15.9686
18.13 -13.0756
18.135 -9.92388
18.14 -6.64348
18.145 -3.33022
18.15 -0.0801811
18.155 3.01536
18.16 5.87457
18.165 8.42928
18.17 10.6283
18.175 12.4396
18.18 13.8508
18.185 14.8698
18.19 15.5231
18.195 15.8541
18.2 15.9201
18.205 15.7887
18.21 15.5678
18.215 15.3049
18.22 15.0555
18.225 14.8717
18.23 14.7985
18.235 14.8868
18.24 15.193
18.245 15.7148
18.25 16.4457
18.255 17.3627
18.26 18.4277
18.265 19.5899
18.27 20.7881
18.275 21.9535
18.28 23.0127
18.285 23.8927
18.29 24.5242
18.295 24.8458
18.3 24.8064
18.305 24.3686
18.31 23.6568
18.315 22.5532
18.32 21.0852
18.325 19.2662
18.33 17.1211
18.335 14.685
18.34 12.0015
18.345 9.12093
18.35 6.09767
18.355 2.98849
18.36 -0.147845
18.365 -3.25483
18.37 -6.28241
18.375 -9.18723
18.38 -11.9346
18.385 -14.4996
18.39 -16.868
18.395 -19.0358
18.4 -21.0089
18.405 -22.8024
18.41 -24.4388
18.415 -25.9177
18.42 -27.2389
18.425 -28.4269
18.43 -29.5071
18.435 -30.5078
18.44 -31.4592
18.445 -32.3909
18.45 -33.3309
18.455 -34.3035
18.46 -35.3282
18.465 -36.4181
18.47 -37.5792
18.475 -38.8098
18.48 -40.1009
18.485 -41.4361
18.49 -42.7928
18.495 -44.1427
18.5 -45.453
18.505 -46.6877
18.51 -47.8094
18.515 -48.7804
18.52 -49.5645
18.525 -50.1261
18.53 -50.4318
18.535 -50.4534
18.54 -50.1682
18.545 -49.4418
18.55 -48.3215
18.555 -46.8061
18.56 -44.9118
18.565 -42.6639
18.57 -40.0955
18.575 -37.2464
18.58 -34.1609
18.585 -30.8869
18.59 -27.4741
18.595 -23.9728
18.6 -20.4327
18.605 -17.0666
18.61 -13.6775
18.615 -10.3641
18.62 -7.15827
18.625 -4.08702
18.63 -1.17224
18.635 1.56975
18.64 4.1283
18.645 6.49824
18.65 8.67963
18.655 10.6775
18.66 12.5014
18.665 14.1648
18.67 15.6848
18.675 17.0812
18.68 18.3754
18.685 19.5898
18.69 20.7463
18.695 21.8658
18.7 22.9666
18.705 24.0634
18.71 25.1662
18.715 26.28
18.72 27.4034
18.725 28.5285
18.73 29.6406
18.735 30.7182
18.74 30.5411
18.745 30.9398
18.75 31.3206
18.755 31.6708
18.76 31.9731
18.765 32.2071
18.77 32.3496
18.775 32.3758
18.78 32.2602
18.785 31.6601
18.79 30.6913
18.795 29.3145
18.8 27.5351
18.805 25.3814
18.81 22.9058
18.815 20.1858
18.82 17.3227
18.825 14.4398
18.83 11.676
18.835 9.18033
18.84 7.10713
18.845 5.60871
18.85 4.82757
18.855 4.88837
18.86 5.95764
18.865 8.16266
18.87 11.4906
18.875 15.9107
18.88 21.3398
18.885 27.6446
18.89 34.6424
18.895 35.5818
18.9 35.4451
18.905 36.4619
18.91 37.5633
18.915 38.7403
18.92 39.9797
18.925 41.2648
18.93 42.5762
18.935 43.8926
18.94 45.192
18.945 46.4519
18.95 47.6505
18.955 48.7672
18.96 49.7834
18.965 50.6828
18.97 51.4518
18.975 52.0799
18.98 52.5597
18.985 52.8871
18.99 53.0606
18.995 53.0812
19 52.952
19.005 51.5734
19.01 48.835
19.015 45.1787
19.02 40.8177
19.025 35.9787
19.03 30.8893
19.035 25.7668
19.04 20.8071
19.045 16.1763
19.05 12.0054
19.055 8.38671
19.06 5.37316
19.065 4.61585
19.07 3.27226
19.075 2.24968
19.08 1.50069
19.085 0.972127
19.09 0.608224
19.095 0.35363
19.1 0.156429
19.105 -0.0292777
19.11 -0.241405
19.115 -0.508539
19.12 -0.849266
19.125 -1.27214
19.13 -1.77621
19.135 -2.35215
19.14 -2.98378
19.145 -3.64991
19.15 -4.32663
19.155 -4.98929
19.16 -5.61459
19.165 -6.18229
19.17 -6.67685
19.175 -7.08878
19.18 -7.41595
19.185 -7.66398
19.19 -7.84589
19.195 -7.98146
19.2 -8.09616
19.205 -8.21951
19.21 -8.38327
19.215 -8.61946
19.22 -8.95839
19.225 -9.42662
19.23 -10.045
19.235 -10.827
19.24 -11.7693
19.245 -12.8572
19.25 -14.0734
19.255 -15.393
19.26 -16.7854
19.265 -18.2151
19.27 -19.6425
19.275 -21.0256
19.28 -22.3203
19.285 -23.4818
19.29 -24.4666
19.295 -25.2354
19.3 -25.7543
19.305 -25.9972
19.31 -25.9474
19.315 -25.7017
19.32 -25.2922
19.325 -24.7013
19.33 -23.9452
19.335 -23.0506
19.34 -22.055
19.345 -21.0064
19.35 -19.9636
19.355 -18.9794
19.36 -18.1083
19.365 -17.4172
19.37 -16.9741
19.375 -16.8467
19.38 -17.1006
19.385 -18.7385
19.39 -21.3109
19.395 -24.9344
19.4 -27.9917
19.405 -31.7678
19.41 -32.566
19.415 -33.5234
19.42 -34.5814
19.425 -35.7345
19.43 -36.9768
19.435 -38.3013
19.44 -39.7004
19.445 -41.1663
19.45 -42.6901
19.455 -44.2622
19.46 -45.8726
19.465 -48.2353
19.47 -55.2678
19.475 -59.9469
19.48 -64.3837
19.485 -68.4833
19.49 -72.1533
19.495 -75.3065
19.5 -77.863
19.505 -79.7518
19.51 -80.913
19.515 -81.2987
19.52 -80.8741
19.525 -78.3543
19.53 -73.7564
19.535 -67.428
19.54 -59.5951
19.545 -50.5353
19.55 -40.564
19.555 -30.0193
19.56 -19.2467
19.565 -8.58454
19.57 1.65032
19.575 11.1743
19.58 19.7478
19.585 27.1824
19.59 33.3462
19.595 35.1319
19.6 37.7575
19.605 37.635
19.61 37.7745
19.615 37.8219
19.62 37.7905
19.625 37.6933
19.63 37.0217
19.635 36.0941
19.64 35.0063
19.645 33.856
19.65 32.7322
19.655 31.7125
19.66 30.8608
19.665 30.2253
19.67 29.8378
19.675 29.7131
19.68 29.8494
19.685 30.3466
19.69 31.08
19.695 31.9927
19.7 32.9978
19.705 33.999
19.71 34.8954
19.715 35.5872
19.72 35.7561
19.725 35.7624
19.73 35.4584
19.735 34.7182
19.74 33.5851
19.745 32.0495
19.75 30.1427
19.755 27.9238
19.76 25.4796
19.765 22.9193
19.77 20.3681
19.775 17.9647
19.78 15.8559
19.785 14.1902
19.79 13.11
19.795 12.7439
19.8 13.1992
19.805 14.9136
19.81 17.7367
19.815 21.6735
19.82 26.6372
19.825 32.4817
19.83 39.0063
19.835 35.5786
19.84 36.4626
19.845 37.4363
19.85 38.4867
19.855 39.5945
19.86 40.7356
19.865 41.8827
19.87 43.0058
19.875 44.0735
19.88 45.0541
19.885 45.9169
19.89 46.6329
19.895 47.1771
19.9 47.5282
19.905 47.6691
19.91 47.5867
19.915 47.2729
19.92 42.8543
19.925 37.4719
19.93 30.6913
19.935 22.8528
19.94 14.3358
19.945 5.53506
19.95 -0.0152417
19.955 -6.02488
19.96 -11.6888
19.965 -16.8565
19.97 -21.4071
19.975 -25.2522
19.98 -28.337
19.985 -30.6409
19.99 -32.1757
19.995 -32.983
20 -33.1296
20.005 -32.7031
20.01 -31.4434
20.015 -29.71
20.02 -27.6269
20.025 -25.3587
20.03 -23.0634
20.035 -20.8849
20.04 -18.9466
20.045 -17.3464
20.05 -16.1529
20.055 -15.4035
20.06 -15.1043
20.065 -15.2297
20.07 -15.4439
20.075 -15.7726
20.08 -16.2052
20.085 -16.7072
20.09 -17.2417
20.095 -17.7705
20.1 -18.2554
20.105 -18.6603
20.11 -18.9517
20.115 -19.1006
20.12 -19.0825
20.125 -18.757
20.13 -17.8682
20.135 -16.5422
20.14 -14.8171
20.145 -12.7512
20.15 -10.4194
20.155 -7.90895
20.16 -5.31443
20.165 -2.73341
20.17 -0.261537
20.175 2.01162
20.18 3.29074
20.185 4.52251
20.19 5.51114
20.195 6.23386
20.2 6.67447
20.205 6.82333
20.21 6.67736
20.215 6.0923
20.22 5.12444
20.225 3.81307
20.23 2.20077
20.235 0.337826
20.24 -1.71997
20.245 -3.91398
20.25 -6.18429
20.255 -8.47146
20.26 -10.7179
20.265 -12.8688
20.27 -14.8734
20.275 -16.6856
20.28 -18.2647
20.285 -19.5759
20.29 -20.5912
20.295 -20.957
20.3 -21.2339
20.305 -21.2805
20.31 -21.0958
20.315 -20.5338
20.32 -19.6921
20.325 -18.5824
20.33 -17.237
20.335 -15.6938
20.34 -13.9961
20.345 -12.1904
20.35 -10.3253
20.355 -8.44972
20.36 -6.61144
20.365 -4.85534
20.37 -3.22198
20.375 -1.74622
20.38 -0.456025
20.385 0.628364
20.39 1.49499
20.395 2.14033
20.4 2.56914
20.405 2.79393
20.41 2.83408
20.415 2.71467
20.42 2.61054
20.425 2.43555
20.43 2.22083
20.435 1.97855
20.44 1.72081
20.445 1.45945
20.45 1.20599
20.455 0.971461
20.46 0.766334
20.465 0.600415
20.47 0.482765
20.475 0.421609
20.48 0.424244
20.485 0.550383
20.49 0.854577
20.495 1.30948
20.5 1.90848
20.505 2.63991
20.51 3.48759
20.515 4.43155
20.52 5.44872
20.525 6.51379
20.53 7.15047
20.535 7.95701
20.54 8.76856
20.545 9.57196
20.55 10.3533
20.555 11.0984
20.56 11.7928
20.565 12.4224
20.57 12.9736
20.575 13.4337
20.58 13.7913
20.585 14.0368
20.59 14.1619
20.595 14.1603
20.6 14.0279
20.605 13.662
20.61 13.1387
20.615 12.4547
20.62 11.6268
20.625 10.6755
20.63 9.62464
20.635 8.49989
20.64 7.32817
20.645 6.13644
20.65 4.95077
20.655 3.79545
20.66 2.6922
20.665 1.65954
20.67 0.712351
20.675 -0.138438
20.68 -0.88596
20.685 -1.52734
20.69 -2.06348
20.695 -2.49873
20.7 -2.84039
20.705 -3.0982
20.71 -3.28374
20.715 -3.40984
20.72 -3.48951
20.725 -3.53567
20.73 -3.56121
20.735 -3.57827
20.74 -3.59789
20.745 -3.62974
20.75 -3.68189
20.755 -3.76062
20.76 -3.87016
20.765 -4.01273
20.77 -4.1886
20.775 -4.39626
20.78 -4.63268
20.785 -4.89353
20.79 -5.17351
20.795 -5.46664
20.8 -5.76656
20.805 -6.06677
20.81 -6.36088
20.815 -6.64278
20.82 -6.90675
20.825 -7.14757
20.83 -7.36053
20.835 -7.54144
20.84 -7.68658
20.845 -7.79265
20.85 -7.85673
20.855 -7.87619
20.86 -7.8489
20.865 -7.77319
20.87 -7.64753
20.875 -7.47117
20.88 -7.24348
20.885 -6.96438
20.89 -6.63425
20.895 -6.25406
20.9 -5.82542
20.905 -5.35065
20.91 -4.83283
20.915 -4.27584
20.92 -3.68436
20.925 -3.06383
20.93 -2.42042
20.935 -1.7609
20.94 -1.09253
20.945 -0.422871
20.95 0.240368
20.955 0.889563
20.96 1.51737
20.965 2.11695
20.97 2.68214
20.975 3.20743
