0.005 -0.000218823
0.01 -0.000664735
0.015 -0.00114596
0.02 -0.00171421
0.025 -0.00245359
0.03 -0.00348408
0.035 -0.0049608
0.04 -0.00706902
0.045 -0.0100147
0.05 -0.0140112
0.055 -0.0192634
0.06 -0.0259511
0.065 -0.0342127
0.07 -0.04413
0.075 -0.0557158
0.08 -0.068907
0.085 -0.0835593
0.09 -0.0994517
0.095 -0.1163
0.1 -0.133769
0.105 -0.151492
0.11 -0.169096
0.115 -0.18622
0.12 -0.20254
0.125 -0.217782
0.13 -0.231736
0.135 -0.244262
0.14 -0.255292
0.145 -0.264829
0.15 -0.272941
0.155 -0.279753
0.16 -0.285445
0.165 -0.290227
0.17 -0.294332
0.175 -0.297965
0.18 -0.301257
0.185 -0.304327
0.19 -0.307384
0.195 -0.310762
0.2 -0.314943
0.205 -0.320593
0.21 -0.328612
0.215 -0.340179
0.22 -0.356493
0.225 -0.378953
0.23 -0.408429
0.235 -0.445417
0.24 -0.489876
0.245 -0.541167
0.25 -0.598053
0.255 -0.658748
0.26 -0.7209
0.265 -0.781946
0.27 -0.83895
0.275 -0.888966
0.28 -0.929041
0.285 -0.95648
0.29 -0.969173
0.295 -0.965693
0.3 -0.945465
0.305 -0.908807
0.31 -0.856914
0.315 -0.791779
0.32 -0.713261
0.325 -0.627578
0.33 -0.537465
0.335 -0.446579
0.34 -0.358393
0.345 -0.276035
0.35 -0.201936
0.355 -0.138807
0.36 -0.0884704
0.365 -0.0524698
0.37 -0.0318915
0.375 -0.0273456
0.38 -0.0390389
0.385 -0.0667669
0.39 -0.109894
0.395 -0.167338
0.4 -0.237554
0.405 -0.318603
0.41 -0.40827
0.415 -0.498538
0.42 -0.592489
0.425 -0.68664
0.43 -0.779202
0.435 -0.868622
0.44 -0.953642
0.445 -1.03277
0.45 -1.10468
0.455 -1.16792
0.46 -1.22111
0.465 -1.26288
0.47 -1.29165
0.475 -1.30564
0.48 -1.30309
0.485 -1.28231
0.49 -1.24192
0.495 -1.18108
0.5 -1.0998
0.505 -0.9991
0.51 -0.881023
0.515 -0.740471
0.52 -0.588614
0.525 -0.428948
0.53 -0.267426
0.535 -0.11064
0.54 0.0349729
0.545 0.162956
0.55 0.267802
0.555 0.345182
0.56 0.391988
0.565 0.406606
0.57 0.389065
0.575 0.341095
0.58 0.266045
0.585 0.16865
0.59 0.0547198
0.595 -0.0691744
0.6 -0.195932
0.605 -0.318088
0.61 -0.427212
0.615 -0.516225
0.62 -0.578193
0.625 -0.607251
0.63 -0.599314
0.635 -0.550727
0.64 -0.460613
0.645 -0.329952
0.65 -0.161776
0.655 0.0390419
0.66 0.266066
0.665 0.511675
0.67 0.769085
0.675 1.02802
0.68 1.28045
0.685 1.51817
0.69 1.73358
0.695 1.91961
0.7 2.0697
0.705 2.17709
0.71 2.23652
0.715 2.24214
0.72 2.18897
0.725 2.07296
0.73 1.89149
0.735 1.64377
0.74 1.33139
0.745 0.959913
0.75 0.536503
0.755 0.071133
0.76 -0.42314
0.765 -0.930517
0.77 -1.43299
0.775 -1.91116
0.78 -2.34592
0.785 -2.71763
0.79 -3.00975
0.795 -3.20889
0.8 -3.30605
0.805 -3.29758
0.81 -3.18564
0.815 -2.97854
0.82 -2.69051
0.825 -2.34111
0.83 -1.95424
0.835 -1.55657
0.84 -1.17522
0.845 -0.835028
0.85 -0.559635
0.855 -0.367873
0.86 -0.273013
0.865 -0.281899
0.87 -0.395496
0.875 -0.605923
0.88 -0.900442
0.885 -1.26033
0.89 -1.66236
0.895 -2.08037
0.9 -2.4868
0.905 -2.85362
0.91 -3.15396
0.915 -3.36419
0.92 -3.46502
0.925 -3.44251
0.93 -3.28885
0.935 -3.00264
0.94 -2.58895
0.945 -2.05909
0.95 -1.43011
0.955 -0.724283
0.96 0.0338969
0.965 0.81666
0.97 1.59562
0.975 2.34283
0.98 3.03208
0.985 3.64007
0.99 4.147
0.995 4.53827
1 4.80424
1.005 4.94113
1.01 4.95106
1.015 4.84185
1.02 4.62629
1.025 4.32085
1.03 3.94449
1.035 3.51734
1.04 3.05925
1.045 2.59087
1.05 2.12451
1.055 1.6724
1.06 1.24187
1.065 0.836345
1.07 0.455893
1.075 0.097168
1.08 -0.243342
1.085 -0.571094
1.09 -0.891102
1.095 -1.20756
1.1 -1.52351
1.105 -1.84066
1.11 -2.1589
1.115 -2.4759
1.12 -2.78711
1.125 -3.08578
1.13 -3.36309
1.135 -3.60855
1.14 -3.81074
1.145 -3.95836
1.15 -4.04132
1.155 -4.05208
1.16 -3.98704
1.165 -3.84748
1.17 -3.6398
1.175 -3.37317
1.18 -3.06301
1.185 -2.72796
1.19 -2.38651
1.195 -2.05668
1.2 -1.75463
1.205 -1.49328
1.21 -1.28159
1.215 -1.12409
1.22 -1.02087
1.225 -0.967834
1.23 -0.956945
1.235 -0.977051
1.24 -1.01526
1.245 -1.05801
1.25 -1.09206
1.255 -1.1052
1.26 -1.08695
1.265 -1.02913
1.27 -0.926208
1.275 -0.77521
1.28 -0.575504
1.285 -0.328692
1.29 -0.0389105
1.295 0.289095
1.3 0.648469
1.305 1.0314
1.31 1.42911
1.315 1.83198
1.32 2.22961
1.325 2.61074
1.33 2.96296
1.335 3.27276
1.34 3.52588
1.345 3.70756
1.35 3.80299
1.355 3.79781
1.36 3.67868
1.365 3.43429
1.37 3.05758
1.375 2.54255
1.38 1.88895
1.385 1.10107
1.39 0.188323
1.395 -0.834502
1.4 -1.94741
1.405 -3.12567
1.41 -4.34045
1.415 -5.55973
1.42 -6.7501
1.425 -7.87567
1.43 -8.90206
1.435 -9.79664
1.44 -10.5305
1.445 -11.0801
1.45 -11.4282
1.455 -11.5648
1.46 -11.4882
1.465 -11.2043
1.47 -10.7275
1.475 -10.0794
1.48 -9.28772
1.485 -8.38566
1.49 -7.40764
1.495 -6.39244
1.5 -5.379
1.505 -4.40384
1.51 -3.49937
1.515 -2.69317
1.52 -2.00344
1.525 -1.4414
1.53 -1.0091
1.535 -0.699578
1.54 -0.497448
1.545 -0.379953
1.55 -0.318572
1.555 -0.280816
1.56 -0.232135
1.565 -0.138006
1.57 0.0339471
1.575 0.312005
1.58 0.718796
1.585 1.26996
1.59 1.97324
1.595 2.82814
1.6 3.82591
1.605 4.95008
1.61 6.17727
1.615 7.47831
1.62 8.8197
1.625 10.1652
1.63 11.4788
1.635 12.7257
1.64 13.8742
1.645 14.8973
1.65 15.7743
1.655 16.4912
1.66 17.0416
1.665 17.4265
1.67 17.6515
1.675 17.7325
1.68 17.6878
1.685 17.5396
1.69 17.312
1.695 17.0284
1.7 16.7103
1.705 16.3751
1.71 16.0348
1.715 15.6949
1.72 15.3531
1.725 14.9996
1.73 14.6169
1.735 14.1834
1.74 13.6701
1.745 13.0479
1.75 12.286
1.755 11.3592
1.76 10.2471
1.765 8.93711
1.77 7.42657
1.775 5.72335
1.78 3.84631
1.785 1.82473
1.79 -0.302778
1.795 -2.49008
1.8 -4.68599
1.805 -6.8372
1.81 -8.89151
1.815 -10.801
1.82 -12.5248
1.825 -14.0309
1.83 -15.2979
1.835 -16.3152
1.84 -17.0831
1.845 -17.6124
1.85 -17.9224
1.855 -18.0398
1.86 -17.9958
1.865 -17.8245
1.87 -17.5607
1.875 -17.2377
1.88 -16.8862
1.885 -16.5322
1.89 -16.1951
1.895 -15.8922
1.9 -15.634
1.905 -15.4269
1.91 -15.2735
1.915 -15.1731
1.92 -15.1225
1.925 -15.116
1.93 -15.146
1.935 -15.2027
1.94 -15.2738
1.945 -15.3445
1.95 -15.3969
1.955 -15.4105
1.96 -15.3619
1.965 -15.2257
1.97 -14.9746
1.975 -14.5806
1.98 -14.0158
1.985 -13.2537
1.99 -12.2711
1.995 -11.0451
2 -9.5692
2.005 -7.83984
2.01 -5.86462
2.015 -3.66189
2.02 -1.26093
2.025 1.2986
2.03 3.96779
2.035 6.68986
2.04 9.40197
2.045 12.0411
2.05 14.5379
2.055 16.8281
2.06 18.8526
2.065 20.5614
2.07 21.9159
2.075 22.8916
2.08 23.4798
2.085 23.6878
2.09 23.5394
2.095 23.073
2.1 22.3399
2.105 21.4012
2.11 20.3242
2.115 19.1787
2.12 18.0331
2.125 16.9508
2.13 15.9861
2.135 15.1827
2.14 14.5681
2.145 14.154
2.15 13.9395
2.155 13.9073
2.16 14.0266
2.165 14.2558
2.17 14.5451
2.175 14.8405
2.18 15.0868
2.185 15.2319
2.19 15.2299
2.195 15.0436
2.2 14.6468
2.205 14.0253
2.21 13.1764
2.215 12.1086
2.22 10.8406
2.225 9.39853
2.23 7.81467
2.235 6.12449
2.24 4.3647
2.245 2.57111
2.25 0.776405
2.255 -0.990371
2.26 -2.70493
2.265 -4.34784
2.27 -5.9045
2.275 -7.36482
2.28 -8.72255
2.285 -9.97457
2.29 -11.12
2.295 -12.1592
2.3 -13.0914
2.305 -13.9177
2.31 -14.6377
2.315 -15.2494
2.32 -15.7497
2.325 -16.1339
2.33 -16.3974
2.335 -16.5357
2.34 -16.5455
2.345 -16.4258
2.35 -16.1785
2.355 -15.8088
2.36 -15.3254
2.365 -14.7403
2.37 -14.0683
2.375 -13.326
2.38 -12.5311
2.385 -11.7012
2.39 -10.8525
2.395 -9.9968
2.4 -9.14498
2.405 -8.3036
2.41 -7.47478
2.415 -6.65633
2.42 -5.84253
2.425 -5.02519
2.43 -4.19482
2.435 -3.34182
2.44 -2.45769
2.445 -1.53613
2.45 -0.574129
2.455 0.427119
2.46 1.46192
2.465 2.52025
2.47 3.58833
2.475 4.64946
2.48 5.68551
2.485 6.6789
2.49 7.61425
2.495 8.48015
2.5 9.27061
2.505 9.9859
2.51 10.6327
2.515 11.2239
2.52 11.7776
2.525 12.3152
2.53 12.859
2.535 13.4313
2.54 14.05
2.545 14.7274
2.55 15.4679
2.555 16.2667
2.56 17.1094
2.565 17.9719
2.57 18.8214
2.575 19.6179
2.58 20.3168
2.585 20.8712
2.59 21.2336
2.595 21.3617
2.6 21.221
2.605 20.7864
2.61 20.0443
2.615 18.9946
2.62 17.6515
2.625 16.042
2.63 14.2066
2.635 12.196
2.64 10.0692
2.645 7.89034
2.65 5.72279
2.655 3.63007
2.66 1.67307
2.665 -0.0955474
2.67 -1.63316
2.675 -2.90944
2.68 -3.90794
2.685 -4.62686
2.69 -5.07902
2.695 -5.29119
2.7 -5.30264
2.705 -5.16275
2.71 -4.92821
2.715 -4.65983
2.72 -4.41938
2.725 -4.26626
2.73 -4.25417
2.735 -4.42782
2.74 -4.82046
2.745 -5.45222
2.75 -6.32873
2.755 -7.44062
2.76 -8.76427
2.765 -10.2616
2.77 -11.8832
2.775 -13.5705
2.78 -15.2587
2.785 -16.8802
2.79 -18.3683
2.795 -19.6602
2.8 -20.701
2.805 -21.4457
2.81 -21.8618
2.815 -21.9303
2.82 -21.6467
2.825 -21.0174
2.83 -20.0684
2.835 -18.8344
2.84 -17.36
2.845 -15.6972
2.85 -13.9017
2.855 -12.03
2.86 -10.1375
2.865 -8.27515
2.87 -6.48781
2.875 -4.81218
2.88 -3.27214
2.885 -1.88812
2.89 -0.667252
2.895 0.392299
2.9 1.30132
2.905 2.07848
2.91 2.74889
2.915 3.34203
2.92 3.88947
2.925 4.42247
2.93 4.96976
2.935 5.55582
2.94 6.1994
2.945 6.91268
2.95 7.70067
2.955 8.5613
2.96 9.48569
2.965 10.4588
2.97 11.4603
2.975 12.466
2.98 13.4495
2.985 14.3836
2.99 15.2416
2.995 15.9991
3 16.6351
3.005 17.1324
3.01 17.4791
3.015 17.6679
3.02 17.6957
3.025 17.5636
3.03 17.2752
3.035 16.8366
3.04 16.2554
3.045 15.5404
3.05 14.7008
3.055 13.746
3.06 12.6844
3.065 11.5239
3.07 10.2714
3.075 8.93332
3.08 7.51601
3.085 6.02637
3.09 4.47231
3.095 2.86312
3.1 1.20973
3.105 -0.475154
3.11 -2.17729
3.115 -3.88131
3.12 -5.57138
3.125 -7.23169
3.13 -8.84696
3.135 -10.4029
3.14 -11.8867
3.145 -13.2874
3.15 -14.5959
3.155 -15.8053
3.16 -16.9101
3.165 -17.9063
3.17 -18.7913
3.175 -19.563
3.18 -20.2205
3.185 -20.7637
3.19 -21.1929
3.195 -21.5089
3.2 -21.7127
3.205 -21.806
3.21 -21.7913
3.215 -21.6722
3.22 -21.4548
3.225 -21.1474
3.23 -20.7614
3.235 -20.3105
3.24 -19.8106
3.245 -19.2784
3.25 -18.7309
3.255 -18.1831
3.26 -17.6473
3.265 -17.1314
3.27 -16.638
3.275 -16.1637
3.28 -15.6986
3.285 -15.2268
3.29 -14.727
3.295 -14.1739
3.3 -13.5404
3.305 -12.7991
3.31 -11.9245
3.315 -10.8953
3.32 -9.69633
3.325 -8.32046
3.33 -6.76924
3.335 -5.05346
3.34 -3.19298
3.345 -1.216
3.35 0.842234
3.355 2.94128
3.36 5.03769
3.365 7.08722
3.37 9.04695
3.375 10.8775
3.38 12.5448
3.385 14.0217
3.39 15.2891
3.395 16.3362
3.4 17.1604
3.405 17.7667
3.41 18.1661
3.415 18.3744
3.42 18.4109
3.425 18.296
3.43 18.0502
3.435 17.6933
3.44 17.2426
3.445 16.7137
3.45 16.1196
3.455 15.4717
3.46 14.7796
3.465 14.0517
3.47 13.2949
3.475 12.5164
3.48 11.7225
3.485 10.9191
3.49 10.1121
3.495 9.30642
3.5 8.50634
3.505 7.71475
3.51 6.93308
3.515 6.16106
3.52 5.39678
3.525 4.63687
3.53 3.87674
3.535 3.11087
3.54 2.33332
3.545 1.53846
3.55 0.721354
3.555 -0.121997
3.56 -0.994352
3.565 -1.89701
3.57 -2.82989
3.575 -3.79148
3.58 -4.77902
3.585 -5.78876
3.59 -6.8162
3.595 -7.85633
3.6 -8.90355
3.605 -9.952
3.61 -10.9958
3.615 -12.0291
3.62 -13.0459
3.625 -14.0394
3.63 -15.0027
3.635 -15.9277
3.64 -16.806
3.645 -17.627
3.65 -18.3816
3.655 -19.0596
3.66 -19.65
3.665 -20.1413
3.67 -20.522
3.675 -20.7802
3.68 -20.9045
3.685 -20.8839
3.69 -20.7084
3.695 -20.369
3.7 -19.8582
3.705 -19.1704
3.71 -18.3018
3.715 -17.2503
3.72 -16.0156
3.725 -14.5985
3.73 -13.0013
3.735 -11.2255
3.74 -9.27332
3.745 -7.14944
3.75 -4.85819
3.755 -2.40427
3.76 0.207011
3.765 2.96925
3.77 5.87432
3.775 8.9119
3.78 12.0694
3.785 15.3317
3.79 18.6812
3.795 22.0975
3.8 25.542
3.805 28.9707
3.81 32.3519
3.815 35.6562
3.82 38.8446
3.825 39.8246
3.83 41.744
3.835 45.7819
3.84 47.7574
3.845 50.2226
3.85 52.5143
3.855 52.2598
3.86 52.6592
3.865 53.0038
3.87 54.077
3.875 54.8338
3.88 55.5425
3.885 56.1965
3.89 56.7865
3.895 57.3001
3.9 57.7197
3.905 58.0221
3.91 58.1802
3.915 58.164
3.92 57.9408
3.925 57.4765
3.93 56.0281
3.935 53.8204
3.94 50.9054
3.945 47.3258
3.95 43.094
3.955 38.2668
3.96 32.9201
3.965 27.5502
3.97 21.6827
3.975 15.5907
3.98 9.37949
3.985 3.17773
3.99 -2.88036
3.995 -8.68401
4 -8.71048
4.005 -10.7759
4.01 -12.7785
4.015 -14.7993
4.02 -23.3209
4.025 -31.1177
4.03 -34.8957
4.035 -38.6761
4.04 -38.9406
4.045 -45.5251
4.05 -48.4163
4.055 -51.6298
4.06 -52.2363
4.065 -53.1913
4.07 -54.0429
4.075 -54.8061
4.08 -55.5988
4.085 -56.2737
4.09 -56.8801
4.095 -57.4215
4.1 -57.8972
4.105 -58.302
4.11 -58.6253
4.115 -58.847
4.12 -59.0111
4.125 -58.9502
4.13 -58.6543
4.135 -58.0713
4.14 -56.2037
4.145 -53.9605
4.15 -50.9484
4.155 -47.1728
4.16 -42.6297
4.165 -37.349
4.17 -31.8564
4.175 -25.6574
4.18 -19.0209
4.185 -12.1106
4.19 -5.09198
4.195 1.86257
4.2 1.89425
4.205 4.27248
4.21 6.67764
4.215 9.13268
4.22 11.6432
4.225 14.1942
4.23 19.9248
4.235 27.0451
4.24 38.566
4.245 44.4704
4.25 49.3337
4.255 52.6018
4.26 53.9469
4.265 53.3963
4.27 50.9866
4.275 44.8873
4.28 34.2648
4.285 23.1361
4.29 10.8981
4.295 -1.87437
4.3 -14.6037
4.305 -26.7361
4.31 -37.7651
4.315 -42.8946
4.32 -46.5387
4.325 -47.843
4.33 -46.9136
4.335 -43.9585
4.34 -39.2694
4.345 -33.2011
4.35 -26.1487
4.355 -21.0696
4.36 -15.3806
4.365 -9.39143
4.37 -6.92734
4.375 -0.00255994
4.38 7.93
4.385 15.5304
4.39 25.0692
4.395 32.7626
4.4 34.8804
4.405 36.5315
4.41 36.0921
4.415 34.3414
4.42 30.6305
4.425 26.3748
4.43 21.5102
4.435 16.3115
4.44 11.0446
4.445 9.73711
4.45 6.58992
4.455 3.57986
4.46 0.765075
4.465 -1.80712
4.47 -4.09961
4.475 -5.47042
4.48 -6.78693
4.485 -9.26245
4.49 -9.06361
4.495 -10.1915
4.5 -11.4754
4.505 -11.4988
4.51 -11.3146
4.515 -10.7159
4.52 -9.74555
4.525 -8.45062
4.53 -6.88095
4.535 -5.0866
4.54 -4.86448
4.545 -2.96993
4.55 -1.20101
4.555 0.770338
4.56 2.91416
4.565 5.18785
4.57 7.55053
4.575 9.8023
4.58 11.982
4.585 14.0353
4.59 15.924
4.595 17.2088
4.6 18.0758
4.605 18.5391
4.61 18.6498
4.615 18.474
4.62 18.0879
4.625 17.5742
4.63 18.7998
4.635 19.3971
4.64 19.8806
4.645 20.2611
4.65 20.5581
4.655 20.7984
4.66 21.0161
4.665 20.2088
4.67 22.5406
4.675 23.8369
4.68 24.969
4.685 25.9525
4.69 26.8097
4.695 27.5664
4.7 28.2485
4.705 28.8798
4.71 29.6275
4.715 30.6103
4.72 31.7046
4.725 32.8497
4.73 33.97
4.735 34.9184
4.74 35.5654
4.745 35.8135
4.75 35.555
4.755 34.6935
4.76 33.1503
4.765 30.8704
4.77 27.827
4.775 24.1825
4.78 19.779
4.785 14.7213
4.79 9.13881
4.795 3.19463
4.8 -2.95811
4.805 -9.15678
4.81 -15.2398
4.815 -17.5493
4.82 -21.093
4.825 -25.7283
4.83 -29.6786
4.835 -33.2588
4.84 -36.3986
4.845 -39.0315
4.85 -41.0881
4.855 -42.5124
4.86 -43.2599
4.865 -43.6643
4.87 -43.2966
4.875 -45.7465
4.88 -44.0479
4.885 -42.0981
4.89 -38.8625
4.895 -34.0595
4.9 -28.2925
4.905 -21.9363
4.91 -15.3918
4.915 -9.0619
4.92 -3.3268
4.925 1.05464
4.93 3.50657
4.935 2.61808
4.94 1.13977
4.945 -1.64488
4.95 -5.49521
4.955 -10.1148
4.96 -15.1714
4.965 -20.3134
4.97 -24.9639
4.975 -29.0802
4.98 -32.4116
4.985 -33.5616
4.99 -34.4695
4.995 -34.2406
5 -33.0519
5.005 -30.8413
5.01 -27.5512
5.015 -23.3342
5.02 -18.3119
5.025 -12.6558
5.03 -6.53443
5.035 -0.124339
5.04 6.40079
5.045 12.8765
5.05 15.9569
5.055 19.9096
5.06 23.6144
5.065 27.0308
5.07 30.1358
5.075 32.6209
5.08 34.6482
5.085 36.2133
5.09 37.3453
5.095 38.0795
5.1 41.0709
5.105 42.4753
5.11 42.2999
5.115 44.5571
5.12 45.0515
5.125 48.0838
5.13 49.7966
5.135 50.5738
5.14 50.3775
5.145 49.1629
5.15 46.6157
5.155 40.151
5.16 33.7618
5.165 26.3731
5.17 18.2607
5.175 9.67886
5.18 0.908606
5.185 -7.7735
5.19 -16.1287
5.195 -23.9482
5.2 -29.463
5.205 -33.6324
5.21 -33.3395
5.215 -33.1002
5.22 -32.0499
5.225 -30.4724
5.23 -28.6778
5.235 -26.9856
5.24 -25.6792
5.245 -28.5542
5.25 -30.4903
5.255 -39.0166
5.26 -44.8682
5.265 -50.6398
5.27 -56.8659
5.275 -61.8198
5.28 -58.5326
5.285 -57.5212
5.29 -56.5579
5.295 -55.6865
5.3 -54.9457
5.305 -54.3706
5.31 -54.0714
5.315 -53.9719
5.32 -54.7217
5.325 -55.5298
5.33 -56.4214
5.335 -57.4421
5.34 -58.5729
5.345 -58.838
5.35 -59.6729
5.355 -62.604
5.36 -64.5022
5.365 -67.1494
5.37 -69.8431
5.375 -72.6086
5.38 -75.3334
5.385 -77.9084
5.39 -80.1713
5.395 -82.1064
5.4 -83.6482
5.405 -84.4121
5.41 -84.453
5.415 -83.8568
5.42 -82.704
5.425 -81.0956
5.43 -79.146
5.435 -76.9756
5.44 -74.702
5.445 -72.4328
5.45 -70.2545
5.455 -68.2291
5.46 -66.3752
5.465 -64.6723
5.47 -63.0605
5.475 -61.4444
5.48 -59.7022
5.485 -57.6939
5.49 -55.2656
5.495 -52.2681
5.5 -48.562
5.505 -44.0305
5.51 -38.5889
5.515 -32.7591
5.52 -25.9647
5.525 -18.4745
5.53 -10.4053
5.535 -1.90781
5.54 6.84019
5.545 6.81079
5.55 11.0563
5.555 15.4292
5.56 19.9417
5.565 24.5922
5.57 29.3837
5.575 34.3268
5.58 45.7682
5.585 60.2357
5.59 75.5619
5.595 88.6074
5.6 93.2732
5.605 98.6752
5.61 104.161
5.615 108.865
5.62 113.06
5.625 110.648
5.63 110.265
5.635 109.414
5.64 110.048
5.645 109.32
5.65 108.32
5.655 107.053
5.66 105.569
5.665 103.919
5.67 102.156
5.675 100.338
5.68 98.5207
5.685 96.7576
5.69 95.1001
5.695 93.5957
5.7 92.2869
5.705 91.1514
5.71 90.5259
5.715 89.4157
5.72 88.9361
5.725 88.7597
5.73 88.8831
5.735 89.2931
5.74 89.9551
5.745 91.959
5.75 94.971
5.755 98.6583
5.76 102.753
5.765 104.882
5.77 106.024
5.775 105.666
5.78 103.682
5.785 100.055
5.79 94.8654
5.795 88.2841
5.8 80.551
5.805 71.9552
5.81 62.8114
5.815 53.4351
5.82 44.1217
5.825 35.1266
5.83 26.6511
5.835 18.8335
5.84 12.3182
5.845 6.30105
5.85 0.901016
5.855 -0.422402
5.86 -6.62862
5.865 -10.9331
5.87 -14.9468
5.875 -18.7691
5.88 -22.4785
5.885 -26.1426
5.89 -29.812
5.895 -33.3799
5.9 -36.6947
5.905 -41.6833
5.91 -45.4987
5.915 -48.8309
5.92 -51.6192
5.925 -53.8162
5.93 -55.3837
5.935 -56.2976
5.94 -56.553
5.945 -56.1616
5.95 -55.1535
5.955 -53.355
5.96 -51.1844
5.965 -48.8761
5.97 -46.7515
5.975 -45.0942
5.98 -44.1704
5.985 -44.2243
5.99 -45.7219
5.995 -47.4556
6 -50.5814
6.005 -54.838
6.01 -52.9902
6.015 -53.3735
6.02 -53.9139
6.025 -54.6091
6.03 -55.452
6.035 -56.4281
6.04 -56.5958
6.045 -51.7789
6.05 -49.1955
6.055 -46.7961
6.06 -44.6199
6.065 -42.6967
6.07 -45.9597
6.075 -51.1878
6.08 -55.6068
6.085 -59.7131
6.09 -63.3632
6.095 -66.6176
6.1 -69.7906
6.105 -72.3097
6.11 -72.6196
6.115 -74.7709
6.12 -75.4047
6.125 -75.2542
6.13 -74.342
6.135 -69.8717
6.14 -64.0224
6.145 -57.2917
6.15 -49.8979
6.155 -42.2512
6.16 -34.7373
6.165 -27.6967
6.17 -21.4035
6.175 -16.1395
6.18 -11.9697
6.185 -8.85884
6.19 -6.78252
6.195 -5.64438
6.2 -5.29207
6.205 -5.52845
6.21 -6.12532
6.215 -9.67519
6.22 -11.2355
6.225 -6.61471
6.23 -5.04689
6.235 -1.53016
6.24 0.987576
6.245 3.55113
6.25 6.23863
6.255 9.11433
6.26 12.2234
6.265 15.5873
6.27 19.1782
6.275 23.4365
6.28 27.7957
6.285 32.2047
6.29 36.5021
6.295 40.5267
6.3 44.1258
6.305 47.1586
6.31 49.5114
6.315 51.094
6.32 51.8753
6.325 51.931
6.33 51.3814
6.335 51.7086
6.34 51.6781
6.345 51.6587
6.35 51.8293
6.355 52.3705
6.36 53.4519
6.365 55.2185
6.37 57.7796
6.375 61.1985
6.38 61.9844
6.385 62.3796
6.39 62.9117
6.395 63.5806
6.4 64.3795
6.405 65.2942
6.41 66.3005
6.415 67.3673
6.42 67.4045
6.425 67.2218
6.43 67.0176
6.435 66.7707
6.44 69.511
6.445 71.9084
6.45 80.0798
6.455 84.3057
6.46 87.6285
6.465 90.5215
6.47 92.1065
6.475 90.5829
6.48 86.2723
6.485 81.6137
6.49 73.8771
6.495 64.1355
6.5 52.7371
6.505 40.0947
6.51 26.6449
6.515 12.8309
6.52 -0.873196
6.525 -13.2945
6.53 -25.1392
6.535 -34.3457
6.54 -40.43
6.545 -39.0252
6.55 -37.4504
6.555 -34.1694
6.56 -29.6452
6.565 -25.0101
6.57 -19.8754
6.575 -14.9109
6.58 -10.5305
6.585 -23.4311
6.59 -29.4687
6.595 -35.1328
6.6 -40.3088
6.605 -44.8906
6.61 -48.7623
6.615 -51.8211
6.62 -54.0016
6.625 -55.2613
6.63 -55.5834
6.635 -54.9762
6.64 -53.4728
6.645 -51.233
6.65 -47.0114
6.655 -37.0687
6.66 -29.6684
6.665 -22.4158
6.67 -15.5478
6.675 -9.28992
6.68 -3.74774
6.685 0.766514
6.69 3.91381
6.695 5.30464
6.7 4.74822
6.705 0.429907
6.71 -7.65142
6.715 -18.686
6.72 -28.8754
6.725 -41.1857
6.73 -54.23
6.735 -55.2388
6.74 -61.5558
6.745 -67.2743
6.75 -72.1624
6.755 -76.0313
6.76 -78.7415
6.765 -80.2086
6.77 -80.4045
6.775 -79.2735
6.78 -77.159
6.785 -74.1271
6.79 -68.7873
6.795 -60.684
6.8 -50.8641
6.805 -39.8934
6.81 -28.364
6.815 -16.8559
6.82 -9.36808
6.825 -1.34654
6.83 5.64746
6.835 11.3654
6.84 15.6555
6.845 18.5636
6.85 20.3802
6.855 20.9829
6.86 20.6065
6.865 19.4534
6.87 17.7411
6.875 15.6874
6.88 13.4984
6.885 11.3575
6.89 13.7638
6.895 15.1606
6.9 19.4356
6.905 21.2828
6.91 22.3161
6.915 22.4916
6.92 21.8081
6.925 20.0655
6.93 17.2936
6.935 13.7457
6.94 9.63726
6.945 5.20855
6.95 0.710704
6.955 -3.60762
6.96 -7.51309
6.965 -10.302
6.97 -11.02
6.975 -10.1109
6.98 -7.02156
6.985 -3.2825
6.99 1.20247
6.995 6.05544
7 10.8621
7.005 14.3861
7.01 17.8364
7.015 20.8523
7.02 23.3054
7.025 25.097
7.03 26.1624
7.035 26.4734
7.04 25.975
7.045 24.7487
7.05 22.8778
7.055 20.479
7.06 17.6922
7.065 14.674
7.07 11.5902
7.075 8.60607
7.08 6.87854
7.085 5.13258
7.09 3.70272
7.095 2.65113
7.1 2.02238
7.105 1.84094
7.11 2.10972
7.115 2.80988
7.12 3.90188
7.125 5.55573
7.13 7.52833
7.135 9.71436
7.14 11.9772
7.145 14.18
7.15 16.1939
7.155 17.9052
7.16 19.2216
7.165 20.0768
7.17 19.8898
7.175 19.0635
7.18 17.6023
7.185 15.6276
7.19 13.2864
7.195 10.7421
7.2 8.16067
7.205 5.69858
7.21 3.49221
7.215 2.43159
7.22 1.36377
7.225 0.600026
7.23 0.129587
7.235 -0.0842655
7.24 -0.100892
7.245 0.00186191
7.25 0.133878
7.255 0.215932
7.26 0.17855
7.265 -0.0474996
7.27 -0.51908
7.275 -1.27785
7.28 -2.34737
7.285 -3.73173
7.29 -5.41542
7.295 -7.48483
7.3 -9.72878
7.305 -12.1307
7.31 -14.6187
7.315 -17.1139
7.32 -19.535
7.325 -21.8021
7.33 -23.841
7.335 -25.5858
7.34 -26.9817
7.345 -28.0037
7.35 -28.6669
7.355 -29.0273
7.36 -29.1848
7.365 -29.2758
7.37 -29.4647
7.375 -29.932
7.38 -30.8595
7.385 -32.4151
7.39 -34.7377
7.395 -37.9231
7.4 -42.0127
7.405 -46.9864
7.41 -53.7333
7.415 -61.1068
7.42 -68.9899
7.425 -64.7046
7.43 -63.8716
7.435 -63.6547
7.44 -66.1318
7.445 -70.0853
7.45 -73.1732
7.455 -75.9025
7.46 -78.1811
7.465 -79.8941
7.47 -80.9424
7.475 -81.2437
7.48 -80.7379
7.485 -79.4003
7.49 -77.2361
7.495 -74.2654
7.5 -66.6231
7.505 -57.3645
7.51 -46.2859
7.515 -33.808
7.52 -20.41
7.525 -6.59304
7.53 5.69459
7.535 16.5932
7.54 25.7434
7.545 33.187
7.55 34.2213
7.555 34.7262
7.56 34.0165
7.565 32.3983
7.57 30.2043
7.575 27.7731
7.58 25.4309
7.585 37.7122
7.59 43.6623
7.595 48.9294
7.6 53.4367
7.605 57.1241
7.61 59.9499
7.615 58.6596
7.62 57.7255
7.625 56.6783
7.63 55.5296
7.635 54.2924
7.64 52.9818
7.645 52.1259
7.65 50.1564
7.655 45.8279
7.66 40.1534
7.665 35.5824
7.67 31.819
7.675 29.3719
7.68 27.2493
7.685 25.9139
7.69 25.3695
7.695 25.6366
7.7 26.7069
7.705 28.5441
7.71 31.0833
7.715 35.5145
7.72 40.7054
7.725 46.5445
7.73 52.7091
7.735 58.8673
7.74 64.6955
7.745 69.8957
7.75 74.2076
7.755 77.2937
7.76 79.1795
7.765 78.1807
7.77 74.0136
7.775 67.3425
7.78 58.9289
7.785 48.9454
7.79 38.0298
7.795 26.7782
7.8 15.7724
7.805 5.54553
7.81 1.80056
7.815 -3.55821
7.82 -7.75887
7.825 -10.7402
7.83 -12.5064
7.835 -13.1228
7.84 -12.7088
7.845 -11.4282
7.85 -9.47796
7.855 -7.0759
7.86 -6.44905
7.865 -4.6787
7.87 -2.7818
7.875 -0.90268
7.88 -1.77331
7.885 -0.926585
7.89 0.00816819
7.895 0.912094
7.9 1.67324
7.905 2.19112
7.91 1.96394
7.915 1.14875
7.92 -0.0672657
7.925 -1.66816
7.93 -3.62985
7.935 -5.89493
7.94 -8.39376
7.945 -11.0473
7.95 -13.7702
7.955 -16.4735
7.96 -19.0655
7.965 -21.454
7.97 -23.5523
7.975 -25.2825
7.98 -26.5797
7.985 -27.3942
7.99 -27.6945
7.995 -27.3607
8 -26.1568
8.005 -23.9921
8.01 -21.1368
8.015 -17.7759
8.02 -14.1195
8.025 -10.389
8.03 -6.80257
8.035 -3.56218
8.04 -0.842627
8.045 1.21743
8.05 2.52151
8.055 3.0094
8.06 2.94621
8.065 2.03773
8.07 0.639235
8.075 -1.25074
8.08 -3.67608
8.085 -6.63765
8.09 -10.1285
8.095 -14.1303
8.1 -18.6091
8.105 -23.5298
8.11 -28.84
8.115 -34.4472
8.12 -40.2286
8.125 -45.769
8.13 -50.8519
8.135 -55.4573
8.14 -59.2843
8.145 -62.2153
8.15 -64.1212
8.155 -69.351
8.16 -73.58
8.165 -76.496
8.17 -78.0959
8.175 -78.288
8.18 -77.0058
8.185 -73.058
8.19 -66.2468
8.195 -57.0979
8.2 -45.9501
8.205 -33.2156
8.21 -19.3563
8.215 -5.39342
8.22 8.87565
8.225 22.8685
8.23 36.1651
8.235 44.1243
8.24 52.4508
8.245 59.7724
8.25 65.9845
8.255 70.1501
8.26 70.7812
8.265 68.8517
8.27 64.6996
8.275 58.7516
8.28 54.0912
8.285 48.2297
8.29 41.8027
8.295 35.1403
8.3 28.5591
8.305 28.1875
8.31 26.6217
8.315 25.0713
8.32 23.5821
8.325 22.2093
8.33 21.0185
8.335 20.0852
8.34 19.4855
8.345 19.2888
8.35 19.7748
8.355 20.7625
8.36 22.3623
8.365 24.6115
8.37 27.5209
8.375 31.0655
8.38 35.1826
8.385 39.771
8.39 44.6933
8.395 49.7804
8.4 49.4304
8.405 50.457
8.41 51.5386
8.415 52.616
8.42 53.6299
8.425 54.5231
8.43 55.2434
8.435 55.746
8.44 55.9958
8.445 55.9681
8.45 54.0717
8.455 49.974
8.46 44.3174
8.465 37.4379
8.47 29.7258
8.475 21.5952
8.48 13.4541
8.485 9.33436
8.49 4.02695
8.495 -0.754169
8.5 -4.92723
8.505 -8.4573
8.51 -11.3537
8.515 -13.6646
8.52 -17.5348
8.525 -20.2458
8.53 -22.4532
8.535 -24.2061
8.54 -25.567
8.545 -26.6063
8.55 -27.3973
8.555 -32.9976
8.56 -35.9751
8.565 -38.5014
8.57 -40.5577
8.575 -41.8203
8.58 -42.7808
8.585 -43.2707
8.59 -43.2769
8.595 -42.7856
8.6 -41.7823
8.605 -40.089
8.61 -37.7766
8.615 -34.8569
8.62 -31.365
8.625 -27.0596
8.63 -22.3961
8.635 -15.7104
8.64 -9.89246
8.645 -4.32378
8.65 0.804928
8.655 3.57741
8.66 6.34001
8.665 7.23632
8.67 6.85435
8.675 5.07286
8.68 1.94299
8.685 -2.43217
8.69 -7.89761
8.695 -13.6903
8.7 -20.0051
8.705 -26.5029
8.71 -31.8075
8.715 -37.2505
8.72 -42.5056
8.725 -47.3824
8.73 -51.6898
8.735 -55.3006
8.74 -58.1314
8.745 -60.0092
8.75 -60.8332
8.755 -60.5449
8.76 -59.1322
8.765 -56.6311
8.77 -53.1373
8.775 -48.7899
8.78 -43.7531
8.785 -37.2638
8.79 -30.2047
8.795 -22.8594
8.8 -15.6085
8.805 -8.81499
8.81 -2.9353
8.815 1.9353
8.82 5.58549
8.825 7.90197
8.83 8.13104
8.835 6.60321
8.84 3.59644
8.845 -0.54718
8.85 -5.442
8.855 -10.341
8.86 -15.3471
8.865 -19.9192
8.87 -23.7182
8.875 -26.4654
8.88 -27.9555
8.885 -28.0645
8.89 -26.7515
8.895 -24.0563
8.9 -22.1138
8.905 -18.2688
8.91 -13.4337
8.915 -7.87734
8.92 -1.78269
8.925 4.64517
8.93 11.185
8.935 17.6167
8.94 23.7308
8.945 29.3359
8.95 34.2665
8.955 38.389
8.96 41.6056
8.965 43.8305
8.97 44.9825
8.975 45.1125
8.98 44.2901
8.985 42.6225
8.99 40.2473
8.995 37.3248
9 33.5609
9.005 31.179
9.01 29.0399
9.015 26.1931
9.02 23.0875
9.025 19.8781
9.03 16.7435
9.035 13.8718
9.04 11.4543
9.045 9.67547
9.05 8.7001
9.055 9.14709
9.06 10.5093
9.065 12.1717
9.07 14.3725
9.075 17.0441
9.08 20.0975
9.085 23.4251
9.09 26.9035
9.095 30.3943
9.1 33.7476
9.105 36.8106
9.11 39.4351
9.115 41.4856
9.12 42.8468
9.125 43.2233
9.13 42.7388
9.135 41.3705
9.14 39.1802
9.145 35.3159
9.15 29.9232
9.155 23.449
9.16 17.3823
9.165 11.1167
9.17 3.98015
9.175 -3.44416
9.18 -10.8826
9.185 -14.1096
9.19 -18.0018
9.195 -21.0727
9.2 -23.2801
9.205 -24.6245
9.21 -25.1465
9.215 -24.9231
9.22 -24.062
9.225 -22.695
9.23 -20.97
9.235 -19.0426
9.24 -17.0678
9.245 -15.1923
9.25 -13.5475
9.255 -12.2436
9.26 -11.3651
9.265 -10.9674
9.27 -11.0757
9.275 -11.6844
9.28 -12.7588
9.285 -14.2376
9.29 -16.3881
9.295 -18.7877
9.3 -21.3429
9.305 -23.8837
9.31 -26.1014
9.315 -27.8451
9.32 -29.002
9.325 -29.3449
9.33 -29.023
9.335 -27.9807
9.34 -26.2483
9.345 -23.891
9.35 -21.0035
9.355 -17.7037
9.36 -15.9294
9.365 -13.2369
9.37 -10.3542
9.375 -7.37698
9.38 -4.4069
9.385 -1.53975
9.39 1.13535
9.395 3.54012
9.4 5.61011
9.405 7.29751
9.41 8.57324
9.415 9.42816
9.42 9.87324
9.425 9.93911
9.43 9.67456
9.435 9.1444
9.44 8.25418
9.445 7.24469
9.45 6.22168
9.455 5.315
9.46 4.64342
9.465 4.30807
9.47 4.40858
9.475 5.01798
9.48 5.87262
9.485 7.00145
9.49 8.42537
9.495 10.1336
9.5 12.1072
9.505 14.3198
9.51 16.7374
9.515 19.3202
9.52 22.0082
9.525 24.7498
9.53 27.5058
9.535 30.2354
9.54 32.9013
9.545 35.4753
9.55 37.9355
9.555 40.2594
9.56 42.4298
9.565 44.4375
9.57 48.4381
9.575 51.7899
9.58 55.9512
9.585 59.7809
9.59 63.2511
9.595 66.2932
9.6 68.8464
9.605 70.8584
9.61 72.2872
9.615 73.1018
9.62 73.2825
9.625 72.8217
9.63 71.7233
9.635 69.605
9.64 65.945
9.645 61.1972
9.65 55.5417
9.655 49.1855
9.66 42.3528
9.665 35.2751
9.67 28.525
9.675 21.8458
9.68 15.5261
9.685 8.60238
9.69 3.10023
9.695 -2.55937
9.7 -6.5812
9.705 -9.31891
9.71 -10.7765
9.715 -10.5415
9.72 -8.1205
9.725 -4.32305
9.73 0.367615
9.735 5.80832
9.74 11.6181
9.745 17.4531
9.75 22.982
9.755 27.9003
9.76 31.7901
9.765 32.2127
9.77 32.4235
9.775 31.4718
9.78 29.3785
9.785 26.2116
9.79 22.0814
9.795 17.132
9.8 11.5335
9.805 5.53835
9.81 -0.687134
9.815 -4.95728
9.82 -9.7411
9.825 -14.4666
9.83 -19.0428
9.835 -23.3826
9.84 -27.4042
9.845 -31.0338
9.85 -33.8607
9.855 -36.0758
9.86 -37.9547
9.865 -39.3113
9.87 -40.0727
9.875 -40.2512
9.88 -39.874
9.885 -38.9821
9.89 -37.6337
9.895 -37.9067
9.9 -37.575
9.905 -36.9546
9.91 -36.1881
9.915 -35.3478
9.92 -34.5684
9.925 -33.9865
9.93 -33.7449
9.935 -34.0509
9.94 -34.9867
9.945 -36.638
9.95 -39.0431
9.955 -42.1921
9.96 -46.0226
9.965 -50.4219
9.97 -55.2308
9.975 -60.2465
9.98 -65.2313
9.985 -62.5945
9.99 -62.6991
9.995 -62.7132
10 -62.6128
10.005 -62.3751
10.01 -61.9789
10.015 -61.4059
10.02 -59.8274
10.025 -55.0987
10.03 -51.0399
10.035 -45.0368
10.04 -37.9017
10.045 -29.902
10.05 -21.3371
10.055 -12.521
10.06 -3.76464
10.065 1.4572
10.07 7.60884
10.075 12.5949
10.08 15.8257
10.085 17.6643
10.09 18.2474
10.095 17.7747
10.1 16.4931
10.105 14.6797
10.11 12.6236
10.115 10.6086
10.12 8.8973
10.125 7.7165
10.13 10.4151
10.135 16.7865
10.14 22.482
10.145 27.8871
10.15 32.3128
10.155 36.5002
10.16 40.1394
10.165 43.1569
10.17 45.4932
10.175 47.1047
10.18 47.9659
10.185 48.0691
10.19 47.4246
10.195 46.0596
10.2 43.4117
10.205 40.024
10.21 36.0846
10.215 31.5337
10.22 26.5827
10.225 21.39
10.23 16.1228
10.235 10.9632
10.24 6.17187
10.245 1.81798
10.25 -1.89577
10.255 -2.21366
10.26 -1.71624
10.265 0.0895191
10.27 3.06115
10.275 6.99812
10.28 11.5672
10.285 16.3982
10.29 21.2764
10.295 25.9169
10.3 28.4882
10.305 31.1375
10.31 33.0994
10.315 34.207
10.32 34.357
10.325 32.6306
10.33 29.4753
10.335 25.0507
10.34 21.4726
10.345 16.0375
10.35 9.71716
10.355 2.66061
10.36 -4.94916
10.365 -12.9023
10.37 -20.9703
10.375 -28.9233
10.38 -36.5301
10.385 -43.5586
10.39 -48.8849
10.395 -52.9904
10.4 -55.6241
10.405 -57.8388
10.41 -58.6874
10.415 -58.1633
10.42 -56.3261
10.425 -53.2854
10.43 -54.4824
10.435 -52.6203
10.44 -48.8714
10.445 -44.137
10.45 -38.4763
10.455 -32.1767
10.46 -25.5626
10.465 -18.979
10.47 -14.2056
10.475 -9.76146
10.48 -6.00434
10.485 -3.11131
10.49 -1.22156
10.495 -0.184417
10.5 -0.470025
10.505 -2.38217
10.51 -5.49097
10.515 -10.024
10.52 -16.2811
10.525 -23.2434
10.53 -30.5525
10.535 -35.212
10.54 -40.7201
10.545 -45.5818
10.55 -49.5398
10.555 -52.4003
10.56 -54.0412
10.565 -54.4166
10.57 -53.8813
10.575 -52.0364
10.58 -49.0012
10.585 -45.0419
10.59 -40.4022
10.595 -35.3495
10.6 -30.1576
10.605 -25.0905
10.61 -21.598
10.615 -18.2902
10.62 -15.4839
10.625 -13.2514
10.63 -11.9784
10.635 -11.4793
10.64 -11.702
10.645 -12.5312
10.65 -13.8193
10.655 -15.3973
10.66 -17.0852
10.665 -18.7036
10.67 -20.1049
10.675 -21.1632
10.68 -21.7607
10.685 -21.8096
10.69 -21.2524
10.695 -20.0632
10.7 -18.2477
10.705 -15.8414
10.71 -12.9064
10.715 -9.52754
10.72 -5.85358
10.725 -1.95899
10.73 2.06983
10.735 6.13633
10.74 10.0562
10.745 13.8464
10.75 17.3893
10.755 20.5851
10.76 23.3664
10.765 25.681
10.77 27.4924
10.775 28.7815
10.78 29.5458
10.785 29.7995
10.79 29.572
10.795 28.9064
10.8 27.8568
10.805 26.4867
10.81 24.8662
10.815 23.0668
10.82 21.1592
10.825 19.1359
10.83 18.7473
10.835 17.2919
10.84 15.5596
10.845 13.5999
10.85 11.4691
10.855 9.22938
10.86 8.05938
10.865 7.10839
10.87 6.56788
10.875 6.39564
10.88 6.52987
10.885 6.89444
10.89 7.40491
10.895 7.97446
10.9 8.51958
10.905 8.96497
10.91 8.6298
10.915 8.77957
10.92 8.78313
10.925 8.62512
10.93 8.30025
10.935 7.81293
10.94 7.17632
10.945 6.41082
10.95 5.54252
10.955 4.55053
10.96 3.46613
10.965 2.34744
10.97 1.2403
10.975 0.187832
10.98 -0.834392
10.985 -1.75941
10.99 -2.5512
10.995 -3.17999
11 -3.62412
11.005 -3.87078
11.01 -3.91636
11.015 -3.76611
11.02 -3.43366
11.025 -2.93984
11.03 -2.31138
11.035 -1.57932
11.04 -0.830962
11.045 -0.114022
11.05 0.571741
11.055 1.20984
11.06 1.78629
11.065 2.28965
11.07 2.71106
11.075 3.04416
11.08 3.23415
11.085 3.23237
11.09 3.08201
11.095 2.79974
11.1 2.405
11.105 1.91843
11.11 1.35989
11.115 0.747462
11.12 0.0994813
11.125 -0.566474
11.13 -1.23587
11.135 -1.89693
11.14 -2.26843
11.145 -2.68522
11.15 -3.10693
11.155 -3.53867
11.16 -3.98615
11.165 -4.45527
11.17 -4.95167
11.175 -5.48062
11.18 -6.04685
11.185 -6.65424
11.19 -7.30568
11.195 -8.0029
11.2 -8.74642
11.205 -9.53562
11.21 -10.3687
11.215 -11.2425
11.22 -12.1521
11.225 -13.0915
11.23 -14.0533
11.235 -15.0293
11.24 -16.0105
11.245 -16.9871
11.25 -17.949
11.255 -18.8854
11.26 -19.785
11.265 -20.6362
11.27 -21.4274
11.275 -22.1472
11.28 -22.7853
11.285 -23.3323
11.29 -23.7804
11.295 -24.123
11.3 -24.3547
11.305 -24.4716
11.31 -24.4714
11.315 -24.3521
11.32 -24.112
11.325 -23.7506
11.33 -23.269
11.335 -22.6705
11.34 -22.0126
11.345 -21.2919
11.35 -20.5106
11.355 -19.6737
11.36 -18.7859
11.365 -17.9759
11.37 -17.2208
11.375 -16.5007
11.38 -15.7983
11.385 -15.0911
11.39 -14.3522
11.395 -13.5517
11.4 -12.6578
11.405 -11.6385
11.41 -10.4733
11.415 -9.14526
11.42 -7.63354
11.425 -5.92182
11.43 -3.99862
11.435 -1.85967
11.44 0.49028
11.445 3.03681
11.45 5.75543
11.455 8.61213
11.46 11.5644
11.465 14.5625
11.47 17.5518
11.475 20.4749
11.48 23.2743
11.485 25.8955
11.49 28.2887
11.495 30.4116
11.5 32.9642
11.505 34.8341
11.51 36.2976
11.515 37.3383
11.52 37.9609
11.525 38.1998
11.53 39.6163
11.535 40.0835
11.54 40.2689
11.545 40.2637
11.55 40.1744
11.555 40.1177
11.56 40.2166
11.565 40.6128
11.57 41.4134
11.575 42.6949
11.58 44.5353
11.585 46.9789
11.59 50.039
11.595 53.695
11.6 57.893
11.605 62.5472
11.61 67.5431
11.615 72.7424
11.62 77.9824
11.625 83.0816
11.63 87.8529
11.635 92.1133
11.64 95.6931
11.645 98.4437
11.65 100.245
11.655 101.011
11.66 100.691
11.665 99.6242
11.67 97.4586
11.675 91.1513
11.68 82.119
11.685 71.9503
11.69 61.0412
11.695 50.0292
11.7 39.2862
11.705 29.196
11.71 20.0887
11.715 12.2289
11.72 5.80784
11.725 0.9404
11.73 -2.33409
11.735 -3.44949
11.74 -1.54486
11.745 2.46296
11.75 8.09215
11.755 14.7972
11.76 22.0048
11.765 29.1734
11.77 35.4891
11.775 40.894
11.78 45.0052
11.785 47.5621
11.79 48.4012
11.795 47.4588
11.8 45.0205
11.805 40.8841
11.81 35.3035
11.815 28.1062
11.82 20.6511
11.825 12.7912
11.83 4.78397
11.835 -3.13444
11.84 -8.11275
11.845 -13.8702
11.85 -19.3089
11.855 -24.3397
11.86 -28.8886
11.865 -32.8968
11.87 -36.3209
11.875 -39.1325
11.88 -41.3221
11.885 -42.6064
11.89 -43.1796
11.895 -43.0704
11.9 -42.3517
11.905 -41.109
11.91 -39.4333
11.915 -37.415
11.92 -39.6014
11.925 -39.5216
11.93 -38.996
11.935 -37.8982
11.94 -36.2323
11.945 -33.9975
11.95 -31.2431
11.955 -28.0738
11.96 -24.6426
11.965 -21.1435
11.97 -17.8044
11.975 -14.8739
11.98 -12.606
11.985 -11.2419
11.99 -10.9926
11.995 -12.15
12 -15.1144
12.005 -19.7648
12.01 -26.0064
12.015 -33.6432
12.02 -38.2886
12.025 -45.3975
12.03 -52.9641
12.035 -60.7047
12.04 -61.1008
12.045 -62.0057
12.05 -62.8498
12.055 -63.6118
12.06 -64.2724
12.065 -64.8147
12.07 -65.2242
12.075 -65.4899
12.08 -65.6043
12.085 -65.564
12.09 -65.3689
12.095 -64.8159
12.1 -64.2429
12.105 -63.5898
12.11 -62.8612
12.115 -60.291
12.12 -56.9471
12.125 -52.9023
12.13 -47.7598
12.135 -40.0163
12.14 -32.7589
12.145 -25.9648
12.15 -19.866
12.155 -14.646
12.16 -10.4361
12.165 -8.03426
12.17 -6.22122
12.175 -5.34598
12.18 -5.37276
12.185 -6.81839
12.19 -9.86266
12.195 -13.9827
12.2 -18.8813
12.205 -24.2246
12.21 -29.6713
12.215 -34.8888
12.22 -39.5688
12.225 -43.4404
12.23 -46.6545
12.235 -48.8176
12.24 -49.8697
12.245 -49.7538
12.25 -48.4598
12.255 -46.0279
12.26 -42.5438
12.265 -38.3728
12.27 -33.513
12.275 -28.1071
12.28 -22.2982
12.285 -16.2368
12.29 -10.0754
12.295 -3.96335
12.3 1.95893
12.305 7.56451
12.31 12.7443
12.315 17.4105
12.32 21.3175
12.325 24.4368
12.33 26.7998
12.335 28.4485
12.34 29.4524
12.345 29.9036
12.35 29.9095
12.355 29.5864
12.36 29.0528
12.365 28.4232
12.37 29.6967
12.375 30.1263
12.38 33.4739
12.385 35.741
12.39 37.6358
12.395 39.112
12.4 40.1314
12.405 40.6673
12.41 40.7098
12.415 40.2761
12.42 39.4128
12.425 37.6006
12.43 35.5268
12.435 33.3153
12.44 31.2357
12.445 29.5693
12.45 28.5895
12.455 28.5429
12.46 29.1706
12.465 30.5809
12.47 32.8861
12.475 36.1121
12.48 40.2371
12.485 45.1908
12.49 50.8555
12.495 57.0708
12.5 63.6401
12.505 70.3206
12.51 76.84
12.515 82.9253
12.52 88.3105
12.525 92.7526
12.53 96.0435
12.535 98.0212
12.54 98.5759
12.545 97.654
12.55 95.2587
12.555 89.4996
12.56 82.6315
12.565 73.9397
12.57 62.6619
12.575 50.9064
12.58 36.2451
12.585 23.0355
12.59 10.479
12.595 -0.862965
12.6 -10.7414
12.605 -18.9479
12.61 -24.9667
12.615 -28.5258
12.62 -29.0192
12.625 -27.1097
12.63 -23.2025
12.635 -18.1179
12.64 -12.0358
12.645 -5.56283
12.65 0.766254
12.655 6.45963
12.66 8.00435
12.665 9.38464
12.67 9.73745
12.675 3.73444
12.68 -0.740634
12.685 -3.86858
12.69 -7.41709
12.695 -11.0992
12.7 -14.8383
12.705 -18.5514
12.71 -22.1517
12.715 -25.5515
12.72 -28.6602
12.725 -31.3948
12.73 -33.6892
12.735 -35.486
12.74 -36.7395
12.745 -37.4209
12.75 -37.5179
12.755 -37.0353
12.76 -35.8977
12.765 -34.1931
12.77 -32.0289
12.775 -29.5087
12.78 -26.7548
12.785 -23.9061
12.79 -21.1115
12.795 -18.5241
12.8 -16.2949
12.805 -14.5654
12.81 -13.7151
12.815 -14.7698
12.82 -17.8216
12.825 -22.8554
12.83 -29.6599
12.835 -37.9126
12.84 -43.7321
12.845 -51.2889
12.85 -58.9426
12.855 -66.3089
12.86 -65.3779
12.865 -65.9567
12.87 -66.3402
12.875 -66.5171
12.88 -66.4811
12.885 -66.2311
12.89 -65.7719
12.895 -65.1145
12.9 -63.3593
12.905 -61.9566
12.91 -60.467
12.915 -58.9181
12.92 -57.338
12.925 -55.7547
12.93 -54.1949
12.935 -52.6839
12.94 -51.2447
12.945 -49.8977
12.95 -48.6605
12.955 -47.5474
12.96 -46.4621
12.965 -45.5399
12.97 -44.7844
12.975 -44.201
12.98 -43.7926
12.985 -43.5596
12.99 -43.5001
12.995 -42.797
13 -41.9522
13.005 -40.8816
13.01 -39.6258
13.015 -38.2373
13.02 -36.7728
13.025 -35.1864
13.03 -33.6308
13.035 -32.1442
13.04 -32.2463
13.045 -32.0305
13.05 -31.6878
13.055 -31.1483
13.06 -30.3522
13.065 -29.2449
13.07 -27.7817
13.075 -25.931
13.08 -23.6762
13.085 -21.0166
13.09 -17.9677
13.095 -14.5605
13.1 -10.8396
13.105 -6.86119
13.11 -2.68966
13.115 1.53711
13.12 5.84053
13.125 10.1608
13.13 14.4492
13.135 18.5731
13.14 22.4858
13.145 26.1269
13.15 29.4425
13.155 32.3862
13.16 34.9204
13.165 37.0155
13.17 38.6528
13.175 39.8266
13.18 40.5429
13.185 41.8327
13.19 42.4124
13.195 42.4854
13.2 45.0903
13.205 45.7561
13.21 45.835
13.215 45.3906
13.22 44.5315
13.225 43.1588
13.23 41.7421
13.235 40.5051
13.24 39.7277
13.245 39.6737
13.25 39.6924
13.255 40.3088
13.26 41.5012
13.265 43.3112
13.27 45.7484
13.275 48.7881
13.28 52.3709
13.285 56.4052
13.29 60.7579
13.295 65.2605
13.3 69.7257
13.305 73.9561
13.31 77.7553
13.315 80.9386
13.32 83.3415
13.325 84.8304
13.33 85.305
13.335 84.9352
13.34 83.4617
13.345 78.6131
13.35 70.3646
13.355 60.414
13.36 46.7805
13.365 33.0276
13.37 18.8305
13.375 5.20182
13.38 -7.78346
13.385 -19.7042
13.39 -30.228
13.395 -38.2753
13.4 -39.8935
13.405 -39.9334
13.41 -37.9587
13.415 -34.7835
13.42 -30.3268
13.425 -25.1922
13.43 -19.8528
13.435 -17.8389
13.44 -15.9952
13.445 -14.5148
13.45 -22.8148
13.455 -26.5873
13.46 -30.0635
13.465 -33.1537
13.47 -35.7799
13.475 -37.8782
13.48 -39.3998
13.485 -40.3124
13.49 -40.6006
13.495 -40.2661
13.5 -39.3268
13.505 -37.8523
13.51 -35.9214
13.515 -33.0157
13.52 -27.6405
13.525 -22.5175
13.53 -17.4614
13.535 -12.5886
13.54 -8.00464
13.545 -3.80228
13.55 -0.0607057
13.555 3.15525
13.56 5.79557
13.565 6.9836
13.57 6.79987
13.575 5.48254
13.58 3.21138
13.585 0.202051
13.59 -3.30658
13.595 -7.06517
13.6 -10.8265
13.605 -14.3571
13.61 -17.4477
13.615 -19.921
13.62 -21.6394
13.625 -20.3051
13.63 -19.7223
13.635 -18.6322
13.64 -17.0577
13.645 -15.0331
13.65 -12.602
13.655 -9.79796
13.66 -6.68404
13.665 -3.32511
13.67 0.211409
13.675 3.85645
13.68 7.54069
13.685 11.1953
13.69 14.7521
13.695 18.1442
13.7 21.3074
13.705 24.1809
13.71 26.7092
13.715 28.8437
13.72 30.5441
13.725 31.7791
13.73 32.4015
13.735 32.36
13.74 31.7268
13.745 30.5518
13.75 28.9022
13.755 26.8594
13.76 24.5146
13.765 21.9661
13.77 19.3143
13.775 16.5216
13.78 13.6853
13.785 11.7908
13.79 9.44889
13.795 8.14674
13.8 6.06523
13.805 3.85988
13.81 2.10949
13.815 0.689412
13.82 -0.33263
13.825 -0.921953
13.83 -1.06319
13.835 -0.761955
13.84 -0.0455286
13.845 1.09382
13.85 2.5109
13.855 4.1309
13.86 5.85812
13.865 7.59059
13.87 9.22544
13.875 10.6641
13.88 11.8175
13.885 12.6116
13.89 12.9914
13.895 12.9236
13.9 12.3985
13.905 11.4305
13.91 9.83605
13.915 7.86986
13.92 5.61102
13.925 3.19375
13.93 0.753412
13.935 -1.57585
13.94 -3.66918
13.945 -5.41725
13.95 -6.73147
13.955 -7.63538
13.96 -8.07074
13.965 -8.01035
13.97 -7.45389
13.975 -6.42236
13.98 -4.95626
13.985 -3.19101
13.99 -1.13302
13.995 1.14226
14 3.56356
14.005 6.0572
14.01 8.55022
14.015 10.9735
14.02 13.2643
14.025 15.3682
14.03 17.2407
14.035 18.8487
14.04 20.0729
14.045 20.9854
14.05 21.5827
14.055 21.8935
14.06 21.9588
14.065 21.829
14.07 21.5607
14.075 21.2139
14.08 20.8487
14.085 20.522
14.09 20.2849
14.095 20.1805
14.1 20.2422
14.105 20.4919
14.11 20.9402
14.115 22.2379
14.12 23.2505
14.125 24.2887
14.13 25.3337
14.135 26.3655
14.14 27.3638
14.145 28.3373
14.15 29.2665
14.155 30.1127
14.16 30.848
14.165 31.447
14.17 31.8868
14.175 32.1477
14.18 32.213
14.185 32.0698
14.19 31.5427
14.195 30.7453
14.2 29.6629
14.205 28.3135
14.21 26.7221
14.215 24.9215
14.22 22.949
14.225 20.8434
14.23 18.6449
14.235 16.3934
14.24 14.1271
14.245 11.881
14.25 9.68633
14.255 7.58538
14.26 5.62195
14.265 3.82301
14.27 2.3921
14.275 1.04368
14.28 -0.14263
14.285 -1.18395
14.29 -2.10402
14.295 -2.93103
14.3 -3.69555
14.305 -4.42853
14.31 -5.15912
14.315 -5.9128
14.32 -6.71012
14.325 -7.56563
14.33 -8.48736
14.335 -9.47661
14.34 -10.5283
14.345 -11.6319
14.35 -12.2971
14.355 -13.0927
14.36 -13.9739
14.365 -14.9251
14.37 -15.9547
14.375 -17.0339
14.38 -18.1144
14.385 -19.1526
14.39 -20.1049
14.395 -20.9292
14.4 -21.5879
14.405 -22.0482
14.41 -22.2667
14.415 -22.2235
14.42 -21.9133
14.425 -21.3389
14.43 -20.5145
14.435 -19.4647
14.44 -18.2242
14.445 -16.8358
14.45 -15.349
14.455 -13.8227
14.46 -12.3298
14.465 -10.9551
14.47 -9.78036
14.475 -8.90904
14.48 -8.43654
14.485 -8.44851
14.49 -9.01498
14.495 -10.1839
14.5 -12.3264
14.505 -15.1707
14.51 -18.7045
14.515 -22.8097
14.52 -27.3266
14.525 -30.4681
14.53 -33.9037
14.535 -37.2693
14.54 -40.437
14.545 -43.2803
14.55 -45.682
14.555 -47.5421
14.56 -48.7841
14.565 -49.3599
14.57 -49.2527
14.575 -48.4788
14.58 -47.0858
14.585 -45.1502
14.59 -42.7722
14.595 -40.0699
14.6 -37.1349
14.605 -34.0751
14.61 -31.0464
14.615 -28.1747
14.62 -25.567
14.625 -23.443
14.63 -21.8389
14.635 -20.7368
14.64 -20.0989
14.645 -19.8551
14.65 -19.9089
14.655 -20.1449
14.66 -20.4378
14.665 -20.4172
14.67 -20.3408
14.675 -20.0022
14.68 -19.3378
14.685 -18.3103
14.69 -16.8966
14.695 -15.0977
14.7 -12.9365
14.705 -10.4556
14.71 -7.71416
14.715 -4.78348
14.72 -1.74274
14.725 1.32555
14.73 4.33997
14.735 7.21046
14.74 9.88097
14.745 12.2984
14.75 14.4249
14.755 16.2381
14.76 17.7308
14.765 18.9104
14.77 19.7967
14.775 20.4184
14.78 20.8102
14.785 21.01
14.79 21.0559
14.795 20.984
14.8 20.815
14.805 20.5863
14.81 20.316
14.815 20.0175
14.82 19.6946
14.825 19.3423
14.83 18.9498
14.835 18.5026
14.84 17.9844
14.845 17.3802
14.85 16.6776
14.855 15.7711
14.86 14.7013
14.865 13.4749
14.87 12.1176
14.875 10.6617
14.88 9.15243
14.885 7.65275
14.89 6.22657
14.895 4.92822
14.9 3.80556
14.905 2.89504
14.91 2.21871
14.915 1.78226
14.92 1.57397
14.925 1.56495
14.93 1.71066
14.935 1.95374
14.94 2.22777
14.945 2.46193
14.95 2.58614
14.955 2.536
14.96 2.25733
14.965 1.71012
14.97 0.87144
14.975 -0.262674
14.98 -1.63277
14.985 -3.26175
14.99 -5.08971
14.995 -7.05298
15 -9.07705
15.005 -11.082
15.01 -12.9871
15.015 -14.7156
15.02 -16.1995
15.025 -17.3829
15.03 -18.2289
15.035 -18.7155
15.04 -18.8354
15.045 -18.5994
15.05 -18.0341
15.055 -17.1802
15.06 -16.0909
15.065 -14.9026
15.07 -13.6118
15.075 -12.2936
15.08 -11.0043
15.085 -9.79396
15.09 -8.70305
15.095 -7.75979
15.1 -6.97866
15.105 -6.38025
15.11 -5.93703
15.115 -5.62111
15.12 -5.39111
15.125 -5.15286
15.13 -4.91062
15.135 -4.59581
15.14 -4.15653
15.145 -3.55812
15.15 -2.77838
15.155 -1.79781
15.16 -0.607138
15.165 0.793157
15.17 2.39277
15.175 4.17193
15.18 6.1019
15.185 8.14569
15.19 10.2597
15.195 12.3955
15.2 14.5026
15.205 16.5296
15.21 18.4278
15.215 20.1522
15.22 21.6639
15.225 22.9315
15.23 23.9326
15.235 24.6545
15.24 25.0941
15.245 25.2576
15.25 25.9779
15.255 26.0042
15.26 25.6987
15.265 25.0793
15.27 23.9923
15.275 22.6307
15.28 21.0199
15.285 19.2276
15.29 17.3254
15.295 15.6261
15.3 14.043
15.305 12.6616
15.31 11.5195
15.315 10.6389
15.32 10.0275
15.325 9.68161
15.33 9.59224
15.335 9.74579
15.34 10.1224
15.345 10.6969
15.35 11.4406
15.355 12.3206
15.36 13.2991
15.365 14.3335
15.37 15.3319
15.375 16.2351
15.38 17.0112
15.385 17.6127
15.39 17.9614
15.395 18.0279
15.4 17.7704
15.405 17.1592
15.41 16.1771
15.415 14.8221
15.42 13.1087
15.425 11.0477
15.43 8.64308
15.435 6.00709
15.44 3.23249
15.445 0.417619
15.45 -2.3394
15.455 -4.94628
15.46 -7.33767
15.465 -9.28512
15.47 -10.9827
15.475 -12.3349
15.48 -13.3364
15.485 -13.9993
15.49 -14.3517
15.495 -14.435
15.5 -14.3017
15.505 -14.0113
15.51 -13.6276
15.515 -13.2143
15.52 -12.8314
15.525 -12.532
15.53 -12.3595
15.535 -11.6929
15.54 -11.5288
15.545 -11.6635
15.55 -12.0946
15.555 -12.8014
15.56 -13.7736
15.565 -14.9638
15.57 -16.2959
15.575 -17.6933
15.58 -19.0194
15.585 -20.2088
15.59 -21.1961
15.595 -21.924
15.6 -22.349
15.605 -22.3716
15.61 -22.0813
15.615 -21.4605
15.62 -20.5282
15.625 -19.3172
15.63 -17.8811
15.635 -16.3025
15.64 -14.682
15.645 -13.1311
15.65 -11.7718
15.655 -10.7253
15.66 -10.1027
15.665 -9.9981
15.67 -10.5546
15.675 -11.8651
15.68 -13.79
15.685 -16.3131
15.69 -19.3142
15.695 -22.632
15.7 -26.0725
15.705 -27.9916
15.71 -29.8135
15.715 -31.3081
15.72 -32.3591
15.725 -32.8646
15.73 -32.7444
15.735 -31.9464
15.74 -30.4505
15.745 -28.2899
15.75 -25.4116
15.755 -21.8046
15.76 -17.6641
15.765 -13.145
15.77 -8.41347
15.775 -3.67113
15.78 0.919597
15.785 5.22581
15.79 9.132
15.795 12.5513
15.8 15.5731
15.805 18.0132
15.81 19.8874
15.815 21.2234
15.82 22.0745
15.825 22.5151
15.83 22.6357
15.835 25.473
15.84 27.8006
15.845 31.3538
15.85 33.8249
15.855 35.5792
15.86 36.6193
15.865 36.9697
15.87 36.674
15.875 35.7919
15.88 34.2502
15.885 32.21
15.89 29.7794
15.895 27.0722
15.9 24.1998
15.905 21.2668
15.91 18.3656
15.915 15.5723
15.92 12.9483
15.925 10.5426
15.93 8.40006
15.935 6.56672
15.94 5.50616
15.945 5.2641
15.95 5.77571
15.955 7.01497
15.96 8.93558
15.965 11.4692
15.97 14.4295
15.975 17.7737
15.98 21.3675
15.985 24.0078
15.99 26.9162
15.995 29.8249
16 32.6111
16.005 35.136
16.01 37.2522
16.015 38.8174
16.02 39.7019
16.025 39.7981
16.03 38.8057
16.035 36.3816
16.04 32.8312
16.045 28.3082
16.05 23.0534
16.055 17.3331
16.06 11.4348
16.065 5.64849
16.07 0.250034
16.075 -4.51474
16.08 -8.44339
16.085 -11.4029
16.09 -13.6551
16.095 -14.9907
16.1 -15.3929
16.105 -14.8903
16.11 -13.5538
16.115 -11.4924
16.12 -8.84683
16.125 -5.79883
16.13 -2.54051
16.135 0.765107
16.14 3.94679
16.145 6.84533
16.15 9.32056
16.155 11.2571
16.16 12.5691
16.165 13.2024
16.17 13.105
16.175 12.2997
16.18 10.7317
16.185 8.31728
16.19 5.31176
16.195 1.89699
16.2 -1.73151
16.205 -5.37653
16.21 -8.85068
16.215 -11.9863
16.22 -14.6441
16.225 -16.719
16.23 -18.1443
16.235 -18.8929
16.24 -18.9761
16.245 -18.464
16.25 -17.5505
16.255 -16.2904
16.26 -14.7561
16.265 -13.0367
16.27 -11.2229
16.275 -9.40219
16.28 -7.65564
16.285 -6.05269
16.29 -4.64757
16.295 -3.47881
16.3 -2.56988
16.305 -1.92988
16.31 -1.57335
16.315 -1.4707
16.32 -1.59898
16.325 -1.92692
16.33 -2.42018
16.335 -3.04376
16.34 -3.89222
16.345 -4.81343
16.35 -5.78751
16.355 -6.77227
16.36 -7.73071
16.365 -8.6269
16.37 -9.43063
16.375 -10.1225
16.38 -10.6956
16.385 -11.1417
16.39 -11.4617
16.395 -11.6624
16.4 -11.7556
16.405 -11.7567
16.41 -11.6834
16.415 -11.6178
16.42 -11.5351
16.425 -11.4497
16.43 -11.369
16.435 -11.2974
16.44 -11.2364
16.445 -11.1852
16.45 -11.1413
16.455 -11.1025
16.46 -11.0669
16.465 -11.0342
16.47 -11.0059
16.475 -10.9862
16.48 -10.9795
16.485 -10.9916
16.49 -11.0336
16.495 -11.1283
16.5 -11.3122
16.505 -11.635
16.51 -12.1559
16.515 -12.9389
16.52 -14.0461
16.525 -15.5307
16.53 -17.4298
16.535 -18.9609
16.54 -20.9692
16.545 -23.2984
16.55 -25.9099
16.555 -28.7408
16.56 -31.7052
16.565 -34.6986
16.57 -37.6033
16.575 -40.2922
16.58 -42.6358
16.585 -44.5121
16.59 -45.8148
16.595 -46.4602
16.6 -46.3932
16.605 -45.5911
16.61 -44.0652
16.615 -41.861
16.62 -38.951
16.625 -35.3288
16.63 -31.2165
16.635 -26.7895
16.64 -22.2322
16.645 -17.7269
16.65 -13.4428
16.655 -9.8346
16.66 -6.90664
16.665 -4.69874
16.67 -3.20005
16.675 -2.35156
16.68 -2.05252
16.685 -1.99571
16.69 -2.31253
16.695 -2.79466
16.7 -3.29016
16.705 -3.65122
16.71 -3.74286
16.715 -3.4505
16.72 -2.68595
16.725 -1.39118
16.73 0.460005
16.735 4.94432
16.74 8.3724
16.745 11.8537
16.75 15.3368
16.755 18.7668
16.76 22.0866
16.765 25.2374
16.77 28.2275
16.775 30.9651
16.78 33.3625
16.785 35.3509
16.79 36.8737
16.795 37.8892
16.8 38.3723
16.805 38.3148
16.81 37.7014
16.815 36.4091
16.82 34.6264
16.825 32.3992
16.83 29.9172
16.835 27.1272
16.84 24.2802
16.845 21.5778
16.85 19.2064
16.855 17.3678
16.86 16.2512
16.865 16.0198
16.87 16.7969
16.875 18.6536
16.88 21.3784
16.885 25.0404
16.89 29.5086
16.895 34.6161
16.9 40.1444
16.905 45.834
16.91 51.3976
16.915 56.3362
16.92 60.4869
16.925 63.5426
16.93 65.2805
16.935 65.5441
16.94 67.5747
16.945 69.258
16.95 68.2921
16.955 65.4703
16.96 60.7237
16.965 54.2469
16.97 46.2866
16.975 37.1547
16.98 27.1787
16.985 16.7161
16.99 6.13061
16.995 -4.22656
17 -13.6314
17.005 -22.3424
17.01 -30.0547
17.015 -36.6082
17.02 -40.7364
17.025 -42.208
17.03 -41.4795
17.035 -38.8625
17.04 -34.7574
17.045 -29.6227
17.05 -26.0006
17.055 -21.7036
17.06 -17.4707
17.065 -13.5439
17.07 -10.1321
17.075 -7.40435
17.08 -8.76539
17.085 -9.27789
17.09 -10.2119
17.095 -12.0601
17.1 -13.9973
17.105 -15.3928
17.11 -17.0152
17.115 -18.6659
17.12 -20.236
17.125 -21.6229
17.13 -22.7363
17.135 -23.7491
17.14 -24.6389
17.145 -25.178
17.15 -25.1543
17.155 -24.6398
17.16 -23.6546
17.165 -22.246
17.17 -20.4842
17.175 -18.4564
17.18 -16.2606
17.185 -13.9985
17.19 -11.7687
17.195 -9.66098
17.2 -7.75098
17.205 -5.38486
17.21 -3.4227
17.215 -1.90443
17.22 -0.848575
17.225 -0.25047
17.23 -0.0832283
17.235 -0.295965
17.24 -0.818929
17.245 -1.56736
17.25 -2.44605
17.255 -3.44271
17.26 -4.36179
17.265 -5.11052
17.27 -5.66493
17.275 -5.87802
17.28 -5.68595
17.285 -5.03394
17.29 -3.89095
17.295 -2.27675
17.3 -0.238646
17.305 2.19394
17.31 4.95534
17.315 7.96033
17.32 11.1078
17.325 14.2856
17.33 17.3758
17.335 20.2604
17.34 22.827
17.345 24.9743
17.35 26.4091
17.355 27.0575
17.36 26.9492
17.365 26.1153
17.37 24.6227
17.375 22.5699
17.38 20.0804
17.385 17.2958
17.39 14.3088
17.395 12.5358
17.4 10.086
17.405 7.71604
17.41 5.53088
17.415 3.62541
17.42 2.07859
17.425 0.948948
17.43 0.243209
17.435 -0.023757
17.44 0.143073
17.445 0.71166
17.45 1.62773
17.455 2.81807
17.46 4.19452
17.465 5.6587
17.47 7.10721
17.475 8.43732
17.48 9.55261
17.485 10.3681
17.49 10.8145
17.495 10.8419
17.5 10.4216
17.505 9.55666
17.51 8.27521
17.515 6.69402
17.52 4.7946
17.525 2.64071
17.53 0.305289
17.535 -2.13417
17.54 -4.59938
17.545 -7.015
17.55 -9.31206
17.555 -11.4461
17.56 -13.3456
17.565 -14.9672
17.57 -16.3168
17.575 -17.3743
17.58 -18.1479
17.585 -18.6549
17.59 -18.9226
17.595 -18.9868
17.6 -18.8885
17.605 -18.6715
17.61 -18.38
17.615 -18.0562
17.62 -17.7384
17.625 -17.4589
17.63 -17.243
17.635 -17.1073
17.64 -17.0595
17.645 -17.099
17.65 -17.2167
17.655 -17.3954
17.66 -17.6089
17.665 -17.8239
17.67 -18.0029
17.675 -18.1058
17.68 -18.0923
17.685 -17.9232
17.69 -17.5788
17.695 -17.0743
17.7 -16.3538
17.705 -15.4068
17.71 -14.2237
17.715 -12.8034
17.72 -11.1532
17.725 -9.297
17.73 -7.27072
17.735 -5.11187
17.74 -2.86021
17.745 -0.556276
17.75 1.76021
17.755 4.05165
17.76 6.28343
17.765 8.4246
17.77 10.4487
17.775 12.3343
17.78 14.0655
17.785 15.6318
17.79 17.0277
17.795 18.2512
17.8 19.3031
17.805 20.186
17.81 20.9045
17.815 21.4642
17.82 21.8711
17.825 22.1318
17.83 23.5571
17.835 24.044
17.84 24.1148
17.845 23.7725
17.85 22.975
17.855 21.7742
17.86 20.3136
17.865 18.7377
17.87 17.0531
17.875 15.315
17.88 13.5766
17.885 11.8867
17.89 10.2879
17.895 8.81537
17.9 7.49564
17.905 6.34588
17.91 5.37302
17.915 4.57298
17.92 3.93028
17.925 3.41818
17.93 3.12618
17.935 2.8187
17.94 2.50168
17.945 2.13322
17.95 1.66472
17.955 1.04941
17.96 0.244239
17.965 -0.787208
17.97 -2.07188
17.975 -3.62426
17.98 -5.44362
17.985 -7.51242
17.99 -9.79622
17.995 -12.2444
18 -14.7921
18.005 -16.0087
18.01 -17.9713
18.015 -19.8996
18.02 -21.7315
18.025 -23.3968
18.03 -24.8293
18.035 -26.0186
18.04 -26.8861
18.045 -27.398
18.05 -27.5261
18.055 -27.2562
18.06 -26.5893
18.065 -25.4348
18.07 -23.8125
18.075 -21.8085
18.08 -19.5033
18.085 -16.9902
18.09 -14.3707
18.095 -11.7491
18.1 -9.26168
18.105 -7.0718
18.11 -5.21905
18.115 -3.74942
18.12 -2.68112
18.125 -2.00391
18.13 -1.6041
18.135 -1.52377
18.14 -1.67317
18.145 -1.97579
18.15 -2.33878
18.155 -2.66777
18.16 -2.87145
18.165 -2.86728
18.17 -2.58656
18.175 -1.97885
18.18 -1.01519
18.185 0.310244
18.19 1.98018
18.195 3.95575
18.2 6.17913
18.205 8.57725
18.21 11.0446
18.215 13.5086
18.22 15.8889
18.225 18.1065
18.23 20.0883
18.235 21.7609
18.24 23.0522
18.245 23.9336
18.25 24.386
18.255 24.4088
18.26 24.0173
18.265 23.2405
18.27 22.1211
18.275 20.6575
18.28 18.9526
18.285 17.072
18.29 15.0918
18.295 13.087
18.3 11.1278
18.305 9.27595
18.31 7.49067
18.315 5.87958
18.32 4.45335
18.325 3.22387
18.33 2.1873
18.335 1.32439
18.34 0.601724
18.345 -0.0259937
18.35 -0.597764
18.355 -1.15342
18.36 -1.60439
18.365 -2.21509
18.37 -2.97448
18.375 -3.92905
18.38 -5.11648
18.385 -6.5632
18.39 -8.28248
18.395 -10.2732
18.4 -12.5196
18.405 -14.9918
18.41 -17.6469
18.415 -18.58
18.42 -20.5456
18.425 -22.6574
18.43 -24.88
18.435 -27.1702
18.44 -29.4796
18.445 -31.757
18.45 -33.9506
18.455 -36.0111
18.46 -37.8937
18.465 -39.5597
18.47 -40.9783
18.475 -42.1274
18.48 -42.9947
18.485 -43.5773
18.49 -43.8819
18.495 -43.9232
18.5 -43.7231
18.505 -43.3082
18.51 -42.709
18.515 -41.9571
18.52 -41.0832
18.525 -39.9764
18.53 -38.7766
18.535 -37.4873
18.54 -36.1333
18.545 -34.8068
18.55 -33.4837
18.555 -32.1687
18.56 -30.855
18.565 -29.5298
18.57 -28.1767
18.575 -26.7775
18.58 -25.3139
18.585 -23.7812
18.59 -22.183
18.595 -20.5181
18.6 -18.7866
18.605 -16.8868
18.61 -14.9722
18.615 -13.0084
18.62 -11.0008
18.625 -8.95438
18.63 -6.87386
18.635 -4.76383
18.64 -2.62891
18.645 -0.474111
18.65 1.69481
18.655 3.87135
18.66 6.04819
18.665 8.21729
18.67 10.3701
18.675 12.4978
18.68 14.5904
18.685 16.635
18.69 18.6147
18.695 20.5088
18.7 22.2931
18.705 23.94
18.71 25.42
18.715 26.7032
18.72 27.7611
18.725 28.5678
18.73 29.1023
18.735 29.3486
18.74 30.0345
18.745 29.9803
18.75 29.5392
18.755 28.6412
18.76 27.3157
18.765 25.6015
18.77 23.551
18.775 21.2317
18.78 18.725
18.785 16.3279
18.79 14.077
18.795 12.127
18.8 10.6173
18.805 9.68505
18.81 9.45358
18.815 10.0233
18.82 11.4624
18.825 13.7988
18.83 16.8562
18.835 20.6529
18.84 25.071
18.845 29.9655
18.85 35.1562
18.855 40.4355
18.86 45.5375
18.865 50.198
18.87 54.2269
18.875 57.4344
18.88 59.6654
18.885 60.8177
18.89 60.8448
18.895 63.7996
18.9 66.3876
18.905 67.1089
18.91 66.5949
18.915 64.8667
18.92 61.7532
18.925 57.5742
18.93 52.4958
18.935 46.7528
18.94 40.5994
18.945 34.2957
18.95 28.0936
18.955 22.2237
18.96 16.8852
18.965 12.2365
18.97 8.38879
18.975 5.40489
18.98 3.29979
18.985 2.04414
18.99 1.56981
18.995 1.77715
19 2.49602
19.005 4.29744
19.01 7.10343
19.015 10.4823
19.02 14.1515
19.025 17.8523
19.03 21.3467
19.035 24.4118
19.04 26.8237
19.045 28.445
19.05 29.1988
19.055 29.0564
19.06 28.0411
19.065 25.2112
19.07 22.6428
19.075 19.6158
19.08 16.3348
19.085 12.9383
19.09 9.56069
19.095 6.32564
19.1 3.34133
19.105 0.696213
19.11 -1.54386
19.115 -3.33728
19.12 -4.66723
19.125 -5.541
19.13 -5.98831
19.135 -6.05872
19.14 -5.81827
19.145 -5.34565
19.15 -4.73238
19.155 -4.06759
19.16 -3.43845
19.165 -2.92862
19.17 -2.61271
19.175 -2.55172
19.18 -2.80243
19.185 -3.38108
19.19 -4.29386
19.195 -5.52409
19.2 -7.03579
19.205 -8.77578
19.21 -10.6768
19.215 -12.6615
19.22 -14.6469
19.225 -16.5488
19.23 -18.2868
19.235 -19.7876
19.24 -20.3659
19.245 -20.8413
19.25 -21.0609
19.255 -21.0212
19.26 -20.7286
19.265 -20.199
19.27 -19.4578
19.275 -18.5384
19.28 -17.398
19.285 -16.1082
19.29 -14.7411
19.295 -13.3657
19.3 -12.0508
19.305 -10.8696
19.31 -9.90875
19.315 -9.20408
19.32 -8.84926
19.325 -8.98134
19.33 -9.72055
19.335 -11.2053
19.34 -13.518
19.345 -16.7181
19.35 -20.823
19.355 -23.9601
19.36 -28.4099
19.365 -33.4344
19.37 -38.9292
19.375 -44.7557
19.38 -50.7459
19.385 -56.1252
19.39 -61.017
19.395 -65.1815
19.4 -63.928
19.405 -62.3151
19.41 -62.5337
19.415 -62.6072
19.42 -62.562
19.425 -62.3917
19.43 -62.0918
19.435 -61.6595
19.44 -61.094
19.445 -60.3965
19.45 -59.5696
19.455 -58.6177
19.46 -57.5458
19.465 -55.9069
19.47 -51.2519
19.475 -47.1109
19.48 -42.6227
19.485 -37.8546
19.49 -32.9258
19.495 -27.9522
19.5 -23.0426
19.505 -18.297
19.51 -13.8044
19.515 -9.64128
19.52 -5.87144
19.525 -3.34094
19.53 -2.069
19.535 -1.84905
19.54 -2.53994
19.545 -3.95932
19.55 -5.89533
19.555 -8.11911
19.56 -10.3974
19.565 -12.505
19.57 -14.2353
19.575 -15.4102
19.58 -15.8874
19.585 -15.5653
19.59 -14.3866
19.595 -10.4563
19.6 -7.10015
19.605 -2.1248
19.61 2.5267
19.615 7.03436
19.62 11.3549
19.625 15.4523
19.63 19.6201
19.635 23.6357
19.64 27.4197
19.645 30.8949
19.65 33.9931
19.655 36.6538
19.66 38.8284
19.665 40.483
19.67 41.5975
19.675 42.1662
19.68 42.1972
19.685 41.6389
19.69 40.4019
19.695 38.6015
19.7 36.3278
19.705 33.679
19.71 30.7594
19.715 27.6759
19.72 24.6839
19.725 21.6428
19.73 18.7656
19.735 16.2778
19.74 14.3193
19.745 13.0754
19.75 12.7071
19.755 13.3457
19.76 15.08
19.765 17.67
19.77 21.0833
19.775 25.2832
19.78 30.1497
19.785 35.5157
19.79 41.1724
19.795 46.879
19.8 52.3743
19.805 57.1624
19.81 61.1016
19.815 63.9544
19.82 65.5539
19.825 65.7957
19.83 64.6493
19.835 68.597
19.84 68.5547
19.845 67.1139
19.85 63.6635
19.855 58.5351
19.86 51.9376
19.865 44.1551
19.87 35.5018
19.875 26.322
19.88 16.9685
19.885 7.78539
19.89 -0.908116
19.895 -8.51369
19.9 -15.2408
19.905 -20.8549
19.91 -25.2511
19.915 -28.3833
19.92 -27.8685
19.925 -25.7918
19.93 -22.0398
19.935 -17.023
19.94 -11.2284
19.945 -5.13955
19.95 -1.11092
19.955 3.0408
19.96 6.68026
19.965 9.60919
19.97 11.5488
19.975 12.4881
19.98 12.3643
19.985 11.1931
19.99 9.04216
19.995 6.02551
20 2.29646
20.005 -1.96158
20.01 -6.77024
20.015 -10.5427
20.02 -14.5296
20.025 -18.4257
20.03 -22.063
20.035 -25.2911
20.04 -27.9836
20.045 -30.0437
20.05 -31.4073
20.055 -32.0443
20.06 -31.9587
20.065 -31.0636
20.07 -29.647
20.075 -27.7533
20.08 -25.4563
20.085 -22.85
20.09 -20.0322
20.095 -17.1015
20.1 -14.1534
20.105 -11.2773
20.11 -8.55323
20.115 -6.05054
20.12 -3.82576
20.125 -1.99752
20.13 -0.743948
20.135 0.00862781
20.14 0.288203
20.145 0.143539
20.15 -0.360347
20.155 -1.14718
20.16 -2.13466
20.165 -3.23961
20.17 -4.38277
20.175 -5.49284
20.18 -6.06661
20.185 -6.6981
20.19 -7.26601
20.195 -7.76069
20.2 -8.199
20.205 -8.58269
20.21 -8.91585
20.215 -9.11639
20.22 -9.22664
20.225 -9.27451
20.23 -9.28465
20.235 -9.24172
20.24 -9.20295
20.245 -9.18206
20.25 -9.1881
20.255 -9.22256
20.26 -9.27952
20.265 -9.34804
20.27 -9.41439
20.275 -9.46413
20.28 -9.4843
20.285 -9.46507
20.29 -9.40105
20.295 -9.49758
20.3 -9.39748
20.305 -9.19604
20.31 -8.95146
20.315 -8.75366
20.32 -8.56433
20.325 -8.40005
20.33 -8.26624
20.335 -8.16497
20.34 -8.09466
20.345 -8.05006
20.35 -8.02249
20.355 -8.00034
20.36 -7.96936
20.365 -7.91306
20.37 -7.81402
20.375 -7.6555
20.38 -7.42261
20.385 -7.10349
20.39 -6.6902
20.395 -6.17941
20.4 -5.57265
20.405 -4.8763
20.41 -4.10561
20.415 -3.28079
20.42 -2.51149
20.425 -1.74201
20.43 -0.988636
20.435 -0.254048
20.44 0.460606
20.445 1.15552
20.45 1.83196
20.455 2.49185
20.46 3.13739
20.465 3.77061
20.47 4.39297
20.475 5.00495
20.48 5.60581
20.485 6.16024
20.49 6.63492
20.495 7.04634
20.5 7.39622
20.505 7.68769
20.51 7.92499
20.515 8.11326
20.52 8.25818
20.525 8.36576
20.53 8.7205
20.535 8.93254
20.54 9.09234
20.545 9.196
20.55 9.24139
20.555 9.22811
20.56 9.15764
20.565 9.03337
20.57 8.86044
20.575 8.64545
20.58 8.39608
20.585 8.12073
20.59 7.79413
20.595 7.45343
20.6 7.10346
20.605 6.81704
20.61 6.55452
20.615 6.32587
20.62 6.12804
20.625 5.95497
20.63 5.79817
20.635 5.64743
20.64 5.49155
20.645 5.31914
20.65 5.11941
20.655 4.88288
20.66 4.60192
20.665 4.27125
20.67 3.88818
20.675 3.45275
20.68 2.96761
20.685 2.43789
20.69 1.87077
20.695 1.27506
20.7 0.660708
20.705 0.0382034
20.71 -0.581942
20.715 -1.18972
20.72 -1.75077
20.725 -2.29147
20.73 -2.80113
20.735 -3.27549
20.74 -3.71177
20.745 -4.10858
20.75 -4.46588
20.755 -4.7802
20.76 -5.04896
20.765 -5.27468
20.77 -5.46074
20.775 -5.61176
20.78 -5.73319
20.785 -5.83091
20.79 -5.91072
20.795 -5.97793
20.8 -6.03703
20.805 -6.09134
20.81 -6.14285
20.815 -6.1921
20.82 -6.23823
20.825 -6.27902
20.83 -6.31103
20.835 -6.32982
20.84 -6.33032
20.845 -6.30728
20.85 -6.25561
20.855 -6.17079
20.86 -6.0611
20.865 -5.91613
20.87 -5.73575
20.875 -5.51909
20.88 -5.2666
20.885 -4.97987
20.89 -4.66155
20.895 -4.31528
20.9 -3.94539
20.905 -3.55673
20.91 -3.15441
20.915 -2.74351
20.92 -2.32887
20.925 -1.91487
20.93 -1.50524
20.935 -1.103
20.94 -0.71032
20.945 -0.328555
20.95 0.0417151
20.955 0.400605
20.96 0.748792
20.965 1.08737
20.97 1.41767
20.975 1.74087
