0.005 0.0129364
0.01 0.0454742
0.015 0.0893034
0.02 0.14018
0.025 0.193702
0.03 0.245676
0.035 0.292445
0.04 0.331166
0.045 0.359968
0.05 0.378026
0.055 0.385516
0.06 0.383523
0.065 0.37387
0.07 0.358852
0.075 0.340974
0.08 0.322652
0.085 0.306003
0.09 0.292682
0.095 0.283763
0.1 0.279669
0.105 0.280174
0.11 0.284498
0.115 0.291511
0.12 0.300055
0.125 0.309146
0.13 0.318303
0.135 0.327579
0.14 0.337284
0.145 0.347691
0.15 0.358558
0.155 0.368844
0.16 0.376595
0.165 0.379088
0.17 0.373476
0.175 0.357909
0.18 0.33237
0.185 0.298836
0.19 0.261145
0.195 0.224241
0.2 0.193105
0.205 0.171855
0.21 0.163606
0.215 0.170186
0.22 0.191641
0.225 0.226353
0.23 0.270973
0.235 0.321043
0.24 0.371911
0.245 0.419915
0.25 0.462464
0.255 0.499586
0.26 0.530298
0.265 0.553182
0.27 0.566221
0.275 0.568241
0.28 0.559095
0.285 0.539532
0.29 0.511068
0.295 0.475701
0.3 0.436342
0.305 0.396997
0.31 0.365693
0.315 0.340935
0.32 0.326258
0.325 0.322278
0.33 0.32842
0.335 0.343044
0.34 0.363425
0.345 0.385691
0.35 0.404826
0.355 0.41507
0.36 0.411416
0.365 0.392888
0.37 0.363589
0.375 0.330977
0.38 0.303965
0.385 0.290415
0.39 0.295474
0.395 0.320336
0.4 0.362502
0.405 0.416883
0.41 0.47726
0.415 0.537345
0.42 0.593032
0.425 0.643006
0.43 0.687801
0.435 0.733993
0.44 0.779086
0.445 0.827805
0.45 0.881586
0.455 0.940106
0.46 1.0012
0.465 1.06097
0.47 1.11551
0.475 1.15927
0.48 1.18419
0.485 1.1806
0.49 1.13993
0.495 1.05941
0.5 0.943182
0.505 0.800093
0.51 0.641206
0.515 0.478805
0.52 0.326143
0.525 0.195646
0.53 0.0984737
0.535 0.0432355
0.54 0.0339499
0.545 0.0749739
0.55 0.15076
0.555 0.250989
0.56 0.362396
0.565 0.473552
0.57 0.577197
0.575 0.671616
0.58 0.760296
0.585 0.849195
0.59 0.952029
0.595 1.05756
0.6 1.16212
0.605 1.25486
0.61 1.3268
0.615 1.37245
0.62 1.3898
0.625 1.3798
0.63 1.34594
0.635 1.29468
0.64 1.23686
0.645 1.18799
0.65 1.16506
0.655 1.18317
0.66 1.25266
0.665 1.37733
0.67 1.55204
0.675 1.76071
0.68 1.97736
0.685 2.17118
0.69 2.31642
0.695 2.40037
0.7 2.42533
0.705 2.40548
0.71 2.36221
0.715 2.31721
0.72 2.28693
0.725 2.2812
0.73 2.29975
0.735 2.32987
0.74 2.34926
0.745 2.33071
0.75 2.24759
0.755 2.08154
0.76 1.82732
0.765 1.49295
0.77 1.09692
0.775 0.666162
0.78 0.231808
0.785 -0.171764
0.79 -0.498441
0.795 -0.710038
0.8 -0.77461
0.805 -0.674612
0.81 -0.414032
0.815 -0.0175782
0.82 0.473472
0.825 1.00437
0.83 1.52066
0.835 1.97232
0.84 2.31484
0.845 2.51057
0.85 2.53122
0.855 2.3636
0.86 2.01686
0.865 1.50187
0.87 0.849062
0.875 0.102085
0.88 -0.687266
0.885 -1.46861
0.89 -2.19281
0.895 -2.81509
0.9 -3.29568
0.905 -3.60468
0.91 -3.72914
0.915 -3.67548
0.92 -3.46518
0.925 -3.12483
0.93 -2.68079
0.935 -2.15961
0.94 -1.58924
0.945 -0.999015
0.95 -0.417292
0.955 0.12986
0.96 0.621554
0.965 1.04422
0.97 1.39484
0.975 1.68252
0.98 1.9251
0.985 2.14615
0.99 2.3658
0.995 2.59827
1 2.84202
1.005 3.08157
1.01 3.29577
1.015 3.46782
1.02 3.59482
1.025 3.68479
1.03 3.75062
1.035 3.80271
1.04 3.84431
1.045 3.86996
1.05 3.86651
1.055 3.82088
1.06 3.72217
1.065 3.56309
1.07 3.34348
1.075 3.07151
1.08 2.76543
1.085 2.45155
1.09 2.16105
1.095 1.92692
1.1 1.77984
1.105 1.74201
1.11 1.81932
1.115 1.99696
1.12 2.23807
1.125 2.4905
1.13 2.6993
1.135 2.81597
1.14 2.79981
1.145 2.62078
1.15 2.27076
1.155 1.7667
1.16 1.14699
1.165 0.463828
1.17 -0.224975
1.175 -0.860303
1.18 -1.38986
1.185 -1.7697
1.19 -1.9735
1.195 -1.981
1.2 -1.79326
1.205 -1.43136
1.21 -0.938142
1.215 -0.378019
1.22 0.170068
1.225 0.625073
1.23 0.918245
1.235 0.999753
1.24 0.83889
1.245 0.424738
1.25 -0.233721
1.255 -1.10416
1.26 -2.13206
1.265 -3.24571
1.27 -4.36043
1.275 -5.38697
1.28 -6.24178
1.285 -6.85645
1.29 -7.17897
1.295 -7.17477
1.3 -6.83253
1.305 -6.16595
1.31 -5.21005
1.315 -4.01394
1.32 -2.63976
1.325 -1.16224
1.33 0.334183
1.335 1.75786
1.34 3.01796
1.345 4.04095
1.35 4.77899
1.355 5.21562
1.36 5.36165
1.365 5.25098
1.37 4.93159
1.375 4.46211
1.38 3.90769
1.385 3.33355
1.39 2.79462
1.395 2.32476
1.4 1.93418
1.405 1.615
1.41 1.35332
1.415 1.13672
1.42 0.956841
1.425 0.811668
1.43 0.706808
1.435 0.651226
1.44 0.651097
1.445 0.708071
1.45 0.818486
1.455 0.972341
1.46 1.15235
1.465 1.33335
1.47 1.48375
1.475 1.57113
1.48 1.57132
1.485 1.47095
1.49 1.26539
1.495 0.95811
1.5 0.558551
1.505 0.0798188
1.51 -0.458932
1.515 -1.0302
1.52 -1.60252
1.525 -2.14512
1.53 -2.63423
1.535 -3.05659
1.54 -3.40749
1.545 -3.68768
1.55 -3.89673
1.555 -4.02993
1.56 -4.0788
1.565 -4.03657
1.57 -3.8992
1.575 -3.66566
1.58 -3.34021
1.585 -2.93175
1.59 -2.45102
1.595 -1.91203
1.6 -1.33712
1.605 -0.753258
1.61 -0.18861
1.615 0.327298
1.62 0.768909
1.625 1.1169
1.63 1.35479
1.635 1.46301
1.64 1.42139
1.645 1.21591
1.65 0.843282
1.655 0.316336
1.66 -0.334362
1.665 -1.06068
1.67 -1.80209
1.675 -2.49408
1.68 -3.07835
1.685 -3.51427
1.69 -3.78446
1.695 -3.89209
1.7 -3.8552
1.705 -3.70388
1.71 -3.47359
1.715 -3.19834
1.72 -2.91064
1.725 -2.6434
1.73 -2.42711
1.735 -2.28519
1.74 -2.23291
1.745 -2.27654
1.75 -2.41135
1.755 -2.61963
1.76 -2.87316
1.765 -3.13712
1.77 -3.37031
1.775 -3.52402
1.78 -3.54373
1.785 -3.37848
1.79 -2.99073
1.795 -2.36281
1.8 -1.49825
1.805 -0.422632
1.81 0.814124
1.815 2.13579
1.82 3.44629
1.825 4.64592
1.83 5.64333
1.835 6.36404
1.84 6.75786
1.845 6.80216
1.85 6.50293
1.855 5.89484
1.86 5.03864
1.865 4.01574
1.87 2.92216
1.875 1.85853
1.88 0.921372
1.885 0.194467
1.89 -0.261451
1.895 -0.413191
1.9 -0.254643
1.905 0.193201
1.91 0.883727
1.915 1.75128
1.92 2.71905
1.925 3.70827
1.93 4.64513
1.935 5.46326
1.94 6.10293
1.945 6.51387
1.95 6.6656
1.955 6.55381
1.96 6.20127
1.965 5.65278
1.97 4.96573
1.975 4.20221
1.98 3.42615
1.985 2.70087
1.99 2.08076
1.995 1.60213
2 1.27643
2.005 1.09275
2.01 1.02327
2.015 1.02946
2.02 1.06811
2.025 1.09478
2.03 1.06811
2.035 0.957679
2.04 0.748014
2.045 0.43718
2.05 0.03452
2.055 -0.444862
2.06 -0.984155
2.065 -1.56653
2.07 -2.17628
2.075 -2.79656
2.08 -3.40749
2.085 -3.98962
2.09 -4.53106
2.095 -5.03042
2.1 -5.49632
2.105 -5.94491
2.11 -6.39637
2.115 -6.87011
2.12 -7.37538
2.125 -7.90493
2.13 -8.43441
2.135 -8.92437
2.14 -9.3256
2.145 -9.58924
2.15 -9.67504
2.155 -9.55354
2.16 -9.20853
2.165 -8.64185
2.17 -7.87574
2.175 -6.94728
2.18 -5.90056
2.185 -4.78065
2.19 -3.62917
2.195 -2.48288
2.2 -1.3729
2.205 -0.330061
2.21 0.611119
2.215 1.40778
2.22 2.01087
2.225 2.37315
2.23 2.46344
2.235 2.2795
2.24 1.85318
2.245 1.24752
2.25 0.543773
2.255 -0.17472
2.26 -0.83549
2.265 -1.3808
2.27 -1.76838
2.275 -1.97702
2.28 -2.00875
2.285 -1.88672
2.29 -1.64853
2.295 -1.33404
2.3 -0.973638
2.305 -0.582879
2.31 -0.157405
2.315 0.325043
2.32 0.891417
2.325 1.56056
2.33 2.33745
2.335 3.21386
2.34 4.16796
2.345 5.16322
2.35 6.14422
2.355 7.03937
2.36 7.77241
2.365 8.27022
2.37 8.46821
2.375 8.31678
2.38 7.7924
2.385 6.90572
2.39 5.70507
2.395 4.27597
2.4 2.7339
2.405 1.49777
2.41 0.169685
2.415 -1.03617
2.42 -2.0295
2.425 -2.64632
2.43 -2.88648
2.435 -2.76589
2.44 -2.32058
2.445 -1.60345
2.45 -0.678982
2.455 0.378336
2.46 1.48973
2.465 2.57576
2.47 3.56314
2.475 4.39125
2.48 5.01185
2.485 5.39307
2.49 5.52476
2.495 5.42156
2.5 5.12274
2.505 4.68669
2.51 4.17978
2.515 3.66934
2.52 3.21957
2.525 2.8866
2.53 2.71382
2.535 2.7218
2.54 2.90441
2.545 3.22547
2.55 3.61962
2.555 4.00407
2.56 4.29083
2.565 4.39762
2.57 4.25692
2.575 3.8248
2.58 3.08493
2.585 2.05211
2.59 0.772287
2.595 -0.684788
2.6 -2.22829
2.605 -3.75387
2.61 -5.15702
2.615 -6.34552
2.62 -7.25132
2.625 -7.84027
2.63 -8.11479
2.635 -8.10481
2.64 -7.85986
2.645 -7.43587
2.65 -6.88725
2.655 -6.26645
2.66 -5.62131
2.665 -4.99491
2.67 -4.4207
2.675 -3.91756
2.68 -3.48859
2.685 -3.12728
2.69 -2.82462
2.695 -2.56922
2.7 -2.35178
2.705 -2.16983
2.71 -2.02912
2.715 -1.93983
2.72 -1.91799
2.725 -1.98469
2.73 -2.15532
2.735 -2.43198
2.74 -2.79753
2.745 -3.21873
2.75 -3.65835
2.755 -4.08626
2.76 -4.48165
2.765 -4.82784
2.77 -5.10661
2.775 -5.29155
2.78 -5.34383
2.785 -5.21524
2.79 -4.86087
2.795 -4.25322
2.8 -3.39354
2.805 -2.31887
2.81 -1.10081
2.815 0.165771
2.82 1.37906
2.825 2.44173
2.83 3.27252
2.835 3.8134
2.84 4.0352
2.845 3.94544
2.85 3.59217
2.855 3.06116
2.86 2.46468
2.865 1.92879
2.87 1.57714
2.875 1.51717
2.88 1.82717
2.885 2.54682
2.89 3.6767
2.895 5.17626
2.9 6.96216
2.905 8.90965
2.91 10.8596
2.915 12.6318
2.92 14.0468
2.925 14.9486
2.93 15.2225
2.935 14.8146
2.94 13.7414
2.945 12.092
2.95 10.0162
2.955 7.70519
2.96 5.35725
2.965 3.15204
2.97 1.22986
2.975 -0.323219
2.98 -1.47933
2.985 -2.26365
2.99 -2.73838
2.995 -2.98491
3 -3.09029
3.005 -3.13781
3.01 -3.20066
3.015 -3.33643
3.02 -3.58122
3.025 -3.94383
3.03 -4.40688
3.035 -4.92962
3.04 -5.45361
3.045 -5.9146
3.05 -6.24945
3.055 -6.40132
3.06 -6.32321
3.065 -5.97881
3.07 -5.34473
3.075 -4.41372
3.08 -3.19727
3.085 -1.72763
3.09 -0.0616239
3.095 1.7171
3.1 3.50027
3.105 5.16406
3.11 6.5862
3.115 7.65927
3.12 8.30431
3.125 8.4807
3.13 8.19353
3.135 7.48851
3.14 6.44462
3.145 5.16333
3.15 3.75023
3.155 2.29855
3.16 0.878752
3.165 -0.462794
3.17 -1.69999
3.175 -2.82112
3.18 -3.82288
3.185 -4.70248
3.19 -5.45304
3.195 -6.06089
3.2 -6.50427
3.205 -6.75533
3.21 -6.7857
3.215 -6.57616
3.22 -6.11807
3.225 -5.41586
3.23 -4.48755
3.235 -3.36661
3.24 -2.10285
3.245 -0.760888
3.25 0.587284
3.255 1.87456
3.26 3.04929
3.265 4.08171
3.27 4.96423
3.275 5.70842
3.28 6.33924
3.285 6.88776
3.29 7.38266
3.295 7.84179
3.3 8.26502
3.305 8.63123
3.31 8.9026
3.315 9.03291
3.32 8.9776
3.325 8.70149
3.33 8.18357
3.335 7.41846
3.34 6.4158
3.345 5.19854
3.35 3.80176
3.355 2.26844
3.36 0.643342
3.365 -1.03416
3.37 -2.73653
3.375 -4.44984
3.38 -6.16968
3.385 -7.89259
3.39 -9.61476
3.395 -11.3311
3.4 -13.026
3.405 -14.667
3.41 -16.2017
3.415 -17.5691
3.42 -18.7124
3.425 -19.5869
3.43 -20.1637
3.435 -20.4316
3.44 -20.3976
3.445 -20.0851
3.45 -19.5328
3.455 -18.7924
3.46 -17.9281
3.465 -17.0103
3.47 -16.1043
3.475 -15.2617
3.48 -14.5153
3.485 -13.8809
3.49 -13.3575
3.495 -12.9287
3.5 -12.5658
3.505 -13.1775
3.51 -13.2856
3.515 -13.2106
3.52 -12.9448
3.525 -12.5055
3.53 -11.9299
3.535 -11.2707
3.54 -11.1137
3.545 -10.7271
3.55 -10.3339
3.555 -9.9757
3.56 -9.68468
3.565 -9.48606
3.57 -9.39997
3.575 -9.44703
3.58 -9.64914
3.585 -10.0258
3.59 -10.6351
3.595 -11.5592
3.6 -12.6917
3.605 -13.9526
3.61 -15.2462
3.615 -16.4613
3.62 -17.4787
3.625 -18.1858
3.63 -18.4953
3.635 -18.3546
3.64 -17.7457
3.645 -16.6912
3.65 -15.2543
3.655 -13.5269
3.66 -11.6183
3.665 -9.64869
3.67 -7.73776
3.675 -5.99449
3.68 -4.51289
3.685 -3.37042
3.69 -2.62886
3.695 -2.33213
3.7 -2.5031
3.705 -3.14301
3.71 -4.23375
3.715 -5.73277
3.72 -7.57413
3.725 -9.67594
3.73 -11.3388
3.735 -13.2768
3.74 -15.4413
3.745 -17.7619
3.75 -20.1529
3.755 -22.8939
3.76 -25.18
3.765 -27.1251
3.77 -28.6998
3.775 -29.7906
3.78 -30.5392
3.785 -30.9899
3.79 -31.2278
3.795 -31.3482
3.8 -31.4506
3.805 -31.6333
3.81 -31.9805
3.815 -32.5517
3.82 -33.3779
3.825 -35.6987
3.83 -37.5582
3.835 -39.449
3.84 -39.7401
3.845 -40.8788
3.85 -42.1168
3.855 -45.2906
3.86 -47.6789
3.865 -49.7296
3.87 -51.3241
3.875 -52.3706
3.88 -52.7996
3.885 -54.2172
3.89 -53.9392
3.895 -52.7628
3.9 -44.9926
3.905 -38.7588
3.91 -33.0476
3.915 -27.8536
3.92 -23.3162
3.925 -19.5295
3.93 -16.5964
3.935 -14.5961
3.94 -13.5271
3.945 -13.3388
3.95 -13.9376
3.955 -15.1957
3.96 -17.3014
3.965 -19.9086
3.97 -21.5959
3.975 -21.6044
3.98 -20.2654
3.985 -17.6627
3.99 -13.9758
3.995 -9.62416
4 -4.63032
4.005 0.701477
4.01 6.15635
4.015 11.8297
4.02 17.1123
4.025 21.9209
4.03 26.1365
4.035 29.684
4.04 32.5287
4.045 34.6814
4.05 36.1868
4.055 37.1091
4.06 41.1625
4.065 42.6187
4.07 33.8368
4.075 24.7622
4.08 14.0154
4.085 4.3661
4.09 5.60075
4.095 13.0884
4.1 20.4828
4.105 29.4346
4.11 36.8605
4.115 44.8123
4.12 49.6419
4.125 51.7528
4.13 50.9858
4.135 40.6869
4.14 31.6014
4.145 22.7659
4.15 14.3382
4.155 6.56151
4.16 0.0359857
4.165 -5.0569
4.17 -8.53293
4.175 -10.2886
4.18 -10.3036
4.185 -8.63894
4.19 -4.68514
4.195 0.74651
4.2 7.36299
4.205 14.7259
4.21 22.347
4.215 29.4288
4.22 35.9448
4.225 41.4572
4.23 44.337
4.235 45.1488
4.24 43.8266
4.245 40.5953
4.25 35.8164
4.255 29.944
4.26 23.5261
4.265 17.1001
4.27 11.1626
4.275 6.13693
4.28 2.34194
4.285 -0.0340961
4.29 -0.939518
4.295 -0.456835
4.3 1.20134
4.305 3.74236
4.31 6.83232
4.315 10.1396
4.32 13.3616
4.325 16.2488
4.33 18.619
4.335 20.3608
4.34 21.4273
4.345 21.8295
4.35 21.6255
4.355 19.0305
4.36 16.5998
4.365 14.2967
4.37 12.2749
4.375 10.6484
4.38 9.46972
4.385 8.73066
4.39 8.36998
4.395 8.28285
4.4 8.3323
4.405 8.36459
4.41 8.23119
4.415 7.81299
4.42 11.3751
4.425 14.1491
4.43 16.7774
4.435 18.6269
4.44 19.6472
4.445 20.2107
4.45 20.2725
4.455 19.8934
4.46 18.8667
4.465 17.42
4.47 15.6812
4.475 13.0612
4.48 -1.67468
4.485 -8.87601
4.49 -13.4642
4.495 -15.3479
4.5 -14.7904
4.505 -12.1141
4.51 -7.74845
4.515 -2.22947
4.52 3.8718
4.525 9.99799
4.53 15.3709
4.535 19.7729
4.54 22.9426
4.545 24.8195
4.55 25.4811
4.555 25.1002
4.56 23.9086
4.565 23.6977
4.57 22.4386
4.575 20.7164
4.58 14.6002
4.585 8.92253
4.59 3.72132
4.595 -1.37242
4.6 -5.61942
4.605 -9.13311
4.61 -11.9089
4.615 -13.9758
4.62 -15.3893
4.625 -16.2245
4.63 -16.5687
4.635 -16.5134
4.64 -16.1482
4.645 -15.4496
4.65 -14.5866
4.655 -4.80919
4.66 3.78827
4.665 11.1634
4.67 17.1412
4.675 21.4319
4.68 24.0077
4.685 24.9974
4.69 24.6761
4.695 23.4321
4.7 21.7262
4.705 20.0434
4.71 18.8486
4.715 18.5412
4.72 19.4205
4.725 21.6575
4.73 25.2756
4.735 30.1531
4.74 36.044
4.745 42.6028
4.75 49.413
4.755 56.0212
4.76 61.9769
4.765 66.8755
4.77 70.3861
4.775 72.262
4.78 72.3431
4.785 70.5541
4.79 66.897
4.795 61.4451
4.8 54.3367
4.805 45.7691
4.81 36.0046
4.815 25.3685
4.82 14.2414
4.825 3.04005
4.83 -7.80402
4.835 -17.6369
4.84 -26.0723
4.845 -32.9338
4.85 -38.1161
4.855 -41.6331
4.86 -43.5992
4.865 -44.2021
4.87 -43.6791
4.875 -42.2877
4.88 -40.2802
4.885 -37.8676
4.89 -35.1969
4.895 -35.025
4.9 -32.8167
4.905 -29.8626
4.91 -26.0974
4.915 -21.4964
4.92 -16.0768
4.925 -9.90056
4.93 -3.09868
4.935 4.0716
4.94 11.2817
4.945 18.2105
4.95 24.5099
4.955 29.8384
4.96 33.8913
4.965 36.4335
4.97 37.3237
4.975 36.5282
4.98 34.1133
4.985 30.2961
4.99 25.3683
4.995 19.6765
5 13.6553
5.005 7.73993
5.01 2.33647
5.015 9.52487
5.02 11.9748
5.025 13.8108
5.03 15.2029
5.035 15.9984
5.04 16.0938
5.045 15.423
5.05 13.5507
5.055 10.8314
5.06 7.33262
5.065 3.24152
5.07 -1.2134
5.075 -1.24612
5.08 0.239522
5.085 3.89252
5.09 9.52979
5.095 16.8378
5.1 26.2458
5.105 21.9225
5.11 17.0327
5.115 13.3326
5.12 10.1688
5.125 40.959
5.13 62.2777
5.135 82.0618
5.14 99.1677
5.145 112.747
5.15 124.407
5.155 119.702
5.16 113.674
5.165 104.434
5.17 94.7716
5.175 85.0083
5.18 75.6325
5.185 67.0808
5.19 59.7199
5.195 53.713
5.2 49.4896
5.205 47.07
5.21 47.6732
5.215 49.4191
5.22 52.5337
5.225 56.7962
5.23 62.0372
5.235 71.715
5.24 81.3503
5.245 90.8839
5.25 100.059
5.255 108.631
5.26 116.382
5.265 123.117
5.27 128.675
5.275 132.926
5.28 135.773
5.285 137.152
5.29 137.029
5.295 135.408
5.3 132.324
5.305 127.778
5.31 121.995
5.315 112.709
5.32 99.1833
5.325 83.1575
5.33 67.3311
5.335 49.9858
5.34 32.703
5.345 16.3342
5.35 1.61559
5.355 -10.8706
5.36 -20.72
5.365 -27.712
5.37 -29.8825
5.375 -26.4827
5.38 -19.4026
5.385 -9.9236
5.39 0.565802
5.395 10.7004
5.4 19.2575
5.405 25.2573
5.41 28.037
5.415 27.2863
5.42 23.1037
5.425 15.9383
5.43 6.46833
5.435 -4.45962
5.44 -15.9306
5.445 -27.0559
5.45 -37.0638
5.455 -45.3803
5.46 -51.685
5.465 -55.9323
5.47 -58.3418
5.475 -60.3832
5.48 -61.1589
5.485 -66.7533
5.49 -40.9831
5.495 -26.1189
5.5 -11.8669
5.505 4.86279
5.51 20.2143
5.515 34.2466
5.52 31.9398
5.525 31.4221
5.53 30.86
5.535 30.2565
5.54 29.6142
5.545 -93.3177
5.55 -203.289
5.555 -176.619
5.56 -205.823
5.565 -233.712
5.57 -259.874
5.575 -238.8
5.58 -215.17
5.585 -188.977
5.59 -171.747
5.595 -198.039
5.6 -204.223
5.605 -185.376
5.61 -173.294
5.615 -164.644
5.62 -156.111
5.625 -148.093
5.63 -140.646
5.635 -133.809
5.64 -127.635
5.645 -122.173
5.65 -117.415
5.655 -113.329
5.66 -109.891
5.665 -107.072
5.67 -104.834
5.675 -103.147
5.68 -101.98
5.685 -101.284
5.69 -101.009
5.695 -92.3026
5.7 -87.6151
5.705 -83.3042
5.71 -79.3412
5.715 -75.6953
5.72 -71.901
5.725 -68.511
5.73 -65.4157
5.735 -62.6354
5.74 -60.1668
5.745 -60.3155
5.75 -61.335
5.755 -63.3602
5.76 -66.1487
5.765 -69.4379
5.77 -72.9591
5.775 -76.45
5.78 -79.6666
5.785 -82.3937
5.79 -84.4532
5.795 -85.7106
5.8 -86.079
5.805 -85.5215
5.81 -84.0499
5.815 -81.7229
5.82 -79.0027
5.825 -75.7674
5.83 -72.1581
5.835 -68.2943
5.84 -64.3631
5.845 -60.6042
5.85 -57.2567
5.855 -54.5649
5.86 -52.7606
5.865 -52.0497
5.87 -52.5996
5.875 -55.2539
5.88 -55.0226
5.885 -49.1731
5.89 -39.9549
5.895 -27.9865
5.9 -13.9856
5.905 1.2894
5.91 17.0898
5.915 32.7287
5.92 47.6238
5.925 61.3207
5.93 73.5032
5.935 83.9912
5.94 92.8036
5.945 100.091
5.95 113.832
5.955 72.3853
5.96 50.0338
5.965 29.361
5.97 5.5234
5.975 -14.8221
5.98 -32.4541
5.985 -28.7578
5.99 -26.5856
5.995 -24.2687
6 -21.8203
6.005 -19.2548
6.01 -19.0318
6.015 -18.5837
6.02 -18.1411
6.025 -17.7069
6.03 -17.2829
6.035 -16.871
6.04 -16.4722
6.045 -16.0873
6.05 -15.7162
6.055 -15.3583
6.06 -15.013
6.065 -14.6795
6.07 -14.357
6.075 -14.0449
6.08 -13.7431
6.085 -13.4517
6.09 -13.1707
6.095 -12.9004
6.1 -12.6409
6.105 -12.3923
6.11 -12.1544
6.115 -11.9266
6.12 -11.708
6.125 -11.4977
6.13 -11.295
6.135 -11.0992
6.14 -10.9093
6.145 -10.7242
6.15 -10.5426
6.155 -10.3637
6.16 -10.1866
6.165 -10.0108
6.17 -9.83584
6.175 102.393
6.18 166.854
6.185 221.17
6.19 264.607
6.195 296.045
6.2 314.818
6.205 300.194
6.21 277.198
6.215 230.076
6.22 167.997
6.225 98.5658
6.23 26.9547
6.235 -41.6299
6.24 -102.519
6.245 -151.899
6.25 -186.255
6.255 -205.436
6.26 -208.611
6.265 -189.967
6.27 -155.345
6.275 -108.717
6.28 -55.0126
6.285 0.614214
6.29 53.2341
6.295 97.1056
6.3 131.069
6.305 152.695
6.31 157.291
6.315 151.686
6.32 135.872
6.325 111.82
6.33 82.0219
6.335 49.3392
6.34 16.1634
6.345 -14.6979
6.35 -40.9658
6.355 -60.9061
6.36 -73.429
6.365 -78.1297
6.37 -75.2717
6.375 -65.6093
6.38 -50.5939
6.385 -31.916
6.39 -11.4759
6.395 8.81579
6.4 27.1923
6.405 42.1602
6.41 52.6034
6.415 57.8487
6.42 57.682
6.425 52.3311
6.43 42.4147
6.435 28.7523
6.44 12.5834
6.445 -4.8604
6.45 -22.3216
6.455 -38.6322
6.46 -52.4399
6.465 -62.4252
6.47 -69.184
6.475 -72.3868
6.48 -72.2877
6.485 -70.0505
6.49 -52.6836
6.495 -37.2906
6.5 -26.2332
6.505 -14.8575
6.51 -4.48571
6.515 4.55518
6.52 14.8227
6.525 22.3475
6.53 28.0862
6.535 31.9882
6.54 34.0777
6.545 34.4491
6.55 33.2591
6.555 30.5685
6.56 26.6305
6.565 21.8096
6.57 16.4505
6.575 10.9012
6.58 5.4963
6.585 0.543022
6.59 -3.69146
6.595 -6.98996
6.6 -9.19281
6.605 -10.2024
6.61 -9.98498
6.615 -8.30098
6.62 -5.45569
6.625 -1.57979
6.63 3.10142
6.635 8.32543
6.64 11.901
6.645 16.3326
6.65 20.601
6.655 24.477
6.66 27.7444
6.665 30.2109
6.67 31.7182
6.675 32.1499
6.68 31.4367
6.685 29.5592
6.69 26.2947
6.695 21.9318
6.7 16.5793
6.705 10.4344
6.71 3.72815
6.715 -3.28645
6.72 -10.3472
6.725 -17.1946
6.73 -23.5835
6.735 -29.2936
6.74 -34.1381
6.745 -37.9714
6.75 -40.6936
6.755 -42.2543
6.76 -42.653
6.765 -41.933
6.77 -39.9235
6.775 -34.8359
6.78 -23.8464
6.785 -10.3553
6.79 3.95531
6.795 17.9008
6.8 30.1564
6.805 39.7186
6.81 46.0073
6.815 48.772
6.82 44.1963
6.825 39.4685
6.83 33.9175
6.835 27.7391
6.84 21.21
6.845 14.6376
6.85 8.30459
6.855 2.46957
6.86 -2.64281
6.865 -6.84923
6.87 -8.62275
6.875 -11.0923
6.88 -12.1953
6.885 -12.2144
6.89 -11.1975
6.895 -10.9808
6.9 -9.39683
6.905 -7.24598
6.91 -4.67617
6.915 -1.85032
6.92 1.07286
6.925 3.94682
6.93 6.6444
6.935 9.06303
6.94 11.128
6.945 12.7932
6.95 14.0392
6.955 14.8724
6.96 15.4396
6.965 15.6964
6.97 15.7122
6.975 15.548
6.98 15.2713
6.985 14.9521
6.99 14.6589
6.995 14.4549
7 14.3952
7.005 14.5242
7.01 14.8745
7.015 15.4657
7.02 16.3038
7.025 17.381
7.03 18.6772
7.035 79.3424
7.04 127.801
7.045 168.432
7.05 199.575
7.055 220.249
7.06 230.144
7.065 229.614
7.07 219.597
7.075 201.501
7.08 177.088
7.085 148.341
7.09 110.662
7.095 73.5273
7.1 38.3471
7.105 7.61373
7.11 -16.8112
7.115 -33.567
7.12 -41.9689
7.125 -41.3914
7.13 -32.9704
7.135 -18.4861
7.14 -0.048084
7.145 20.0395
7.15 39.4983
7.155 56.2758
7.16 68.7026
7.165 75.6079
7.17 75.2271
7.175 69.3559
7.18 58.1592
7.185 43.2035
7.19 25.0215
7.195 2.20484
7.2 -18.7727
7.205 -37.895
7.21 -21.5003
7.215 -19.91
7.22 -19.4578
7.225 -20.1434
7.23 -19.2368
7.235 -21.2144
7.24 -24.5764
7.245 -29.0464
7.25 -34.3732
7.255 -40.2609
7.26 -46.3474
7.265 -52.2282
7.27 -57.507
7.275 -59.7808
7.28 -58.9733
7.285 -55.5119
7.29 -49.7551
7.295 -42.1606
7.3 -33.2261
7.305 -23.5865
7.31 -13.915
7.315 -5.07329
7.32 2.69929
7.325 8.8995
7.33 13.2144
7.335 13.9088
7.34 11.7167
7.345 5.6685
7.35 -2.36259
7.355 -11.7676
7.36 -2.52696
7.365 5.03113
7.37 11.541
7.375 17.7305
7.38 23.4016
7.385 28.3771
7.39 32.5074
7.395 35.6748
7.4 37.7982
7.405 38.8342
7.41 38.7778
7.415 37.6608
7.42 35.5497
7.425 32.3128
7.43 28.2123
7.435 23.4155
7.44 18.1132
7.445 12.4992
7.45 6.76282
7.455 1.08107
7.46 -4.38831
7.465 -9.51129
7.47 -14.1814
7.475 -18.322
7.48 -21.8619
7.485 -24.7531
7.49 -26.9917
7.495 -28.5997
7.5 -29.6238
7.505 -30.0717
7.51 -30.0776
7.515 -29.7341
7.52 -29.1487
7.525 -28.428
7.53 -27.6725
7.535 -26.9716
7.54 -26.3998
7.545 -26.0137
7.55 -25.8505
7.555 -26.8463
7.56 -27.6193
7.565 -28.5752
7.57 -29.6852
7.575 -37.0914
7.58 -43.011
7.585 -48.3278
7.59 -52.9368
7.595 -56.9883
7.6 -60.2327
7.605 -62.6092
7.61 -64.1055
7.615 -64.7419
7.62 -64.5694
7.625 -63.6664
7.63 -62.1353
7.635 -60.0962
7.64 -57.6804
7.645 -55.0221
7.65 -52.2528
7.655 -49.4954
7.66 -51.3289
7.665 -51.8546
7.67 -52.2198
7.675 -52.43
7.68 -52.4876
7.685 -52.3917
7.69 -52.1389
7.695 -49.908
7.7 -46.8012
7.705 -42.7542
7.71 -37.8984
7.715 -32.3737
7.72 -26.3178
7.725 -19.8678
7.73 -13.1616
7.735 -6.33115
7.74 0.503349
7.745 7.23244
7.75 13.7536
7.755 19.9708
7.76 25.794
7.765 31.1449
7.77 35.962
7.775 40.2026
7.78 43.8445
7.785 46.1421
7.79 47.0963
7.795 47.0611
7.8 46.2872
7.805 45.0289
7.81 43.5281
7.815 42.0092
7.82 40.6541
7.825 39.5917
7.83 38.8936
7.835 38.5723
7.84 38.5887
7.845 38.8871
7.85 39.3868
7.855 39.9666
7.86 28.9483
7.865 21.9887
7.87 15.4081
7.875 9.3536
7.88 3.94572
7.885 -0.724245
7.89 -4.59512
7.895 -9.79919
7.9 -13.5197
7.905 -16.4196
7.91 -18.5072
7.915 -19.8132
7.92 -20.9337
7.925 -21.3382
7.93 -21.1537
7.935 -20.4664
7.94 -18.9219
7.945 -17.0683
7.95 -14.9757
7.955 -12.798
7.96 -10.6723
7.965 -8.71326
7.97 -7.00822
7.975 -5.61468
7.98 -4.56841
7.985 -3.88399
7.99 -3.54977
7.995 -3.53246
8 -3.73003
8.005 -4.04702
8.01 -4.46268
8.015 -4.9222
8.02 -5.36878
8.025 -5.74628
8.03 -6.00159
8.035 -6.08684
8.04 -5.96128
8.045 -5.44495
8.05 -4.58923
8.055 -3.38245
8.06 -1.84368
8.065 -0.00911783
8.07 2.07036
8.075 4.33234
8.08 6.70654
8.085 9.11878
8.09 11.4949
8.095 13.7646
8.1 15.8649
8.105 17.7434
8.11 19.3607
8.115 20.3597
8.12 20.8977
8.125 21.0177
8.13 20.7211
8.135 20.045
8.14 19.0388
8.145 17.7612
8.15 16.2776
8.155 14.6556
8.16 12.9604
8.165 11.2514
8.17 9.57898
8.175 7.98185
8.18 6.48623
8.185 5.10533
8.19 3.83966
8.195 2.67857
8.2 1.60198
8.205 0.582127
8.21 -0.41483
8.215 -1.42728
8.22 -2.49537
8.225 -3.65824
8.23 -4.95211
8.235 -6.40859
8.24 -8.89444
8.245 -11.3344
8.25 -13.8615
8.255 -16.4503
8.26 -19.0733
8.265 -21.7013
8.27 -24.3044
8.275 -26.8505
8.28 -29.3052
8.285 -31.632
8.29 -33.794
8.295 -35.7551
8.3 -37.4809
8.305 -38.9409
8.31 -40.1097
8.315 -40.9692
8.32 -41.5067
8.325 -41.7148
8.33 -41.5895
8.335 -41.1308
8.34 -40.342
8.345 -39.2309
8.35 -39.5485
8.355 -39.3222
8.36 -36.7414
8.365 -30.3224
8.37 -21.5151
8.375 -10.9145
8.38 0.800412
8.385 12.9107
8.39 23.8217
8.395 32.8916
8.4 39.7131
8.405 44.0008
8.41 45.6868
8.415 44.9132
8.42 42.006
8.425 37.4337
8.43 31.7605
8.435 25.598
8.44 19.5409
8.445 14.109
8.45 9.71948
8.455 6.66109
8.46 5.0764
8.465 4.96014
8.47 6.17562
8.475 8.48383
8.48 11.5725
8.485 15.0853
8.49 18.7017
8.495 22.1146
8.5 25.0192
8.505 18.1432
8.51 15.1001
8.515 11.9896
8.52 8.88606
8.525 5.86847
8.53 3.01729
8.535 -0.513987
8.54 -3.59973
8.545 -6.34321
8.55 -8.68513
8.555 -10.5788
8.56 -11.9919
8.565 -12.9068
8.57 -14.0256
8.575 -14.3475
8.58 -14.218
8.585 -13.6723
8.59 -12.5033
8.595 -10.9821
8.6 -9.17158
8.605 -7.17836
8.61 -5.10877
8.615 -3.06342
8.62 -1.13248
8.625 0.608216
8.63 2.10034
8.635 3.30297
8.64 4.19369
8.645 4.77082
8.65 5.05247
8.655 5.17436
8.66 5.13715
8.665 4.98302
8.67 4.76116
8.675 4.52544
8.68 4.33201
8.685 4.23705
8.69 4.29469
8.695 4.55481
8.7 5.06088
8.705 5.84791
8.71 7.07798
8.715 8.70281
8.72 10.7185
8.725 13.0959
8.73 15.7894
8.735 18.7385
8.74 21.8717
8.745 25.1093
8.75 28.3668
8.755 31.5592
8.76 34.6044
8.765 37.4264
8.77 39.9585
8.775 42.1457
8.78 43.9462
8.785 45.3334
8.79 46.2959
8.795 46.8373
8.8 47.0878
8.805 127.056
8.81 182.451
8.815 227.455
8.82 260.673
8.825 281.174
8.83 288.777
8.835 284.014
8.84 268.052
8.845 239.197
8.85 208.234
8.855 165.757
8.86 119.107
8.865 72.2881
8.87 28.8547
8.875 -8.23709
8.88 -34.7186
8.885 -44.6232
8.89 -53.2322
8.895 -55.6517
8.9 -42.9566
8.905 -23.3398
8.91 1.79728
8.915 29.558
8.92 57.009
8.925 81.4475
8.93 100.576
8.935 112.739
8.94 116.992
8.945 113.115
8.95 100.272
8.955 81.9347
8.96 58.8718
8.965 33.6447
8.97 6.82708
8.975 -22.2006
8.98 -47.6955
8.985 -69.7343
8.99 -49.8158
8.995 -51.6599
9 -54.9487
9.005 -59.704
9.01 -64.4301
9.015 -70.8087
9.02 -77.9788
9.025 -85.4631
9.03 -86.9249
9.035 -85.3142
9.04 -80.0889
9.045 -71.5049
9.05 -60.0362
9.055 -46.3401
9.06 -31.2091
9.065 -15.5162
9.07 -0.13766
9.075 14.0855
9.08 26.2011
9.085 35.4274
9.09 41.2587
9.095 43.4166
9.1 39.8229
9.105 32.4033
9.11 21.0123
9.115 7.37849
9.12 -7.16894
9.125 -22.3474
9.13 -40.8261
9.135 -28.576
9.14 -17.314
9.145 -6.17019
9.15 4.63514
9.155 14.7353
9.16 23.8063
9.165 31.5782
9.17 37.8427
9.175 42.4586
9.18 45.3535
9.185 46.5238
9.19 46.0301
9.195 43.9919
9.2 40.4861
9.205 35.5847
9.21 29.6681
9.215 23.0481
9.22 16.0416
9.225 8.95554
9.23 2.0721
9.235 -4.3627
9.24 -10.1488
9.245 -15.1389
9.25 -19.2449
9.255 -22.4378
9.26 -24.7432
9.265 -26.1205
9.27 -26.7651
9.275 -28.257
9.28 -29.2241
9.285 -49.8234
9.29 -64.3127
9.295 -79.244
9.3 -92.5112
9.305 -104.493
9.31 -115.107
9.315 -124.311
9.32 -145.97
9.325 -161.857
9.33 -176.819
9.335 -190.757
9.34 -203.576
9.345 -215.192
9.35 -225.528
9.355 -234.52
9.36 -242.114
9.365 -248.267
9.37 -252.952
9.375 -256.151
9.38 -257.861
9.385 -232.568
9.39 -212.741
9.395 -191.423
9.4 -169.08
9.405 -130.107
9.41 -94.2534
9.415 -60.7918
9.42 -31.3827
9.425 -7.89296
9.43 8.30824
9.435 22.9686
9.44 33.5343
9.445 39.9969
9.45 42.2566
9.455 40.3229
9.46 34.3129
9.465 24.4461
9.47 5.19253
9.475 -20.6214
9.48 -51.203
9.485 -84.776
9.49 -119.483
9.495 -153.482
9.5 -185.045
9.505 -212.602
9.51 -234.585
9.515 -249.651
9.52 -256.974
9.525 -256.165
9.53 -232.176
9.535 -198.462
9.54 -154.417
9.545 -104.201
9.55 -51.6312
9.555 -0.45312
9.56 45.9336
9.565 84.7076
9.57 113.798
9.575 131.991
9.58 138.963
9.585 135.241
9.59 122.615
9.595 101.593
9.6 75.141
9.605 45.9024
9.61 16.5293
9.615 -10.5623
9.62 -33.4039
9.625 -50.6154
9.63 -61.4453
9.635 -66.2464
9.64 -65.2517
9.645 -59.1389
9.65 -48.698
9.655 -35.3714
9.66 -20.5868
9.665 -5.75255
9.67 7.86571
9.675 18.5416
9.68 25.6883
9.685 29.1292
9.69 29.0323
9.695 25.9056
9.7 20.5135
9.705 13.7985
9.71 6.76013
9.715 0.329887
9.72 -3.31951
9.725 -5.79747
9.73 -6.21546
9.735 1.22057
9.74 6.84464
9.745 13.1333
9.75 19.6658
9.755 26.0325
9.76 31.8455
9.765 36.7751
9.77 21.7617
9.775 11.8362
9.78 2.52941
9.785 -6.01184
9.79 -13.6716
9.795 -20.3644
9.8 -26.034
9.805 -34.6566
9.81 -26.9989
9.815 -25.933
9.82 -24.7847
9.825 -23.5534
9.83 -22.2423
9.835 -22.6289
9.84 -22.3662
9.845 -22.094
9.85 -21.8124
9.855 -21.5218
9.86 -21.2222
9.865 -20.9137
9.87 -20.5966
9.875 -20.2712
9.88 -19.9375
9.885 -19.5955
9.89 -19.2445
9.895 -18.8838
9.9 -18.5125
9.905 -18.13
9.91 -17.7353
9.915 -17.3275
9.92 -16.9056
9.925 -16.4687
9.93 -16.016
9.935 -15.5473
9.94 -15.0626
9.945 -13.9974
9.95 -11.7767
9.955 -8.7152
9.96 -4.86406
9.965 -0.302129
9.97 4.86683
9.975 10.5181
9.98 16.5103
9.985 22.6904
9.99 28.8988
9.995 34.975
10 40.7624
10.005 46.1136
10.01 50.8944
10.015 54.9887
10.02 58.3007
10.025 60.7583
10.03 62.3118
10.035 62.9347
10.04 69.0939
10.045 176.351
10.05 231.248
10.055 269.945
10.06 295.644
10.065 306.388
10.07 328.295
10.075 336.62
10.08 327.863
10.085 307.8
10.09 267.48
10.095 213.743
10.1 150.31
10.105 81.2503
10.11 10.7318
10.115 -55.3711
10.12 -157.845
10.125 -163.265
10.13 -191.584
10.135 -209.166
10.14 -224.559
10.145 -235.005
10.15 -240.441
10.155 -220.787
10.16 -192.6
10.165 -148.851
10.17 -96.435
10.175 -39.339
10.18 18.0408
10.185 71.5787
10.19 117.7
10.195 153.605
10.2 176.616
10.205 187.34
10.21 185.472
10.215 168.601
10.22 141.329
10.225 105.807
10.23 65.4915
10.235 23.7869
10.24 -16.0445
10.245 -50.5029
10.25 -78.1628
10.255 -97.3517
10.26 -107.237
10.265 -105.844
10.27 -95.5442
10.275 -78.0605
10.28 -56.0542
10.285 -30.862
10.29 -4.62965
10.295 20.629
10.3 40.5262
10.305 58.0879
10.31 71.3913
10.315 79.9235
10.32 83.5515
10.325 82.502
10.33 77.3187
10.335 68.3583
10.34 56.9037
10.345 44.0908
10.35 31.0601
10.355 18.8519
10.36 8.33688
10.365 0.163473
10.37 -5.27638
10.375 -7.85677
10.38 -7.70143
10.385 -4.73661
10.39 0.20214
10.395 6.45645
10.4 13.2241
10.405 19.7535
10.41 25.0408
10.415 29.151
10.42 31.4081
10.425 31.8614
10.43 30.5813
10.435 27.395
10.44 23.5378
10.445 19.294
10.45 15.1208
10.455 11.4385
10.46 8.59931
10.465 6.86731
10.47 6.40618
10.475 7.27722
10.48 9.26987
10.485 12.3811
10.49 16.4053
10.495 21.1023
10.5 26.1996
10.505 31.4123
10.51 36.4589
10.515 41.0792
10.52 45.0526
10.525 48.2118
10.53 50.4486
10.535 51.7147
10.54 52.0194
10.545 51.4222
10.55 50.0182
10.555 47.9233
10.56 45.2693
10.565 42.0971
10.57 38.6579
10.575 35.0934
10.58 31.5454
10.585 28.1568
10.59 25.057
10.595 22.3316
10.6 20.0276
10.605 18.1584
10.61 16.706
10.615 15.624
10.62 14.8433
10.625 14.2795
10.63 13.8415
10.635 13.4421
10.64 13.0081
10.645 12.4899
10.65 11.8669
10.655 11.1461
10.66 10.3612
10.665 9.56745
10.67 8.84772
10.675 8.2792
10.68 7.92914
10.685 7.85868
10.69 8.11385
10.695 8.72214
10.7 9.67326
10.705 10.9371
10.71 12.4851
10.715 14.2685
10.72 16.2324
10.725 18.3152
10.73 20.4494
10.735 22.5665
10.74 24.6074
10.745 26.5708
10.75 28.4218
10.755 30.1235
10.76 31.6474
10.765 32.9702
10.77 34.0741
10.775 34.9423
10.78 35.5567
10.785 35.901
10.79 35.9631
10.795 35.7358
10.8 35.2141
10.805 34.3916
10.81 33.2361
10.815 31.7173
10.82 29.8787
10.825 27.8143
10.83 25.619
10.835 23.2976
10.84 20.877
10.845 18.3728
10.85 15.7953
10.855 13.1541
10.86 10.6036
10.865 7.97027
10.87 5.11084
10.875 2.32272
10.88 -0.380203
10.885 -2.94972
10.89 -6.17226
10.895 -9.0408
10.9 -11.5075
10.905 -13.5461
10.91 -15.1592
10.915 -16.3758
10.92 -17.2518
10.925 -13.234
10.93 -10.4397
10.935 -8.00257
10.94 -5.97927
10.945 -4.40296
10.95 -3.28377
10.955 -2.60982
10.96 -2.34946
10.965 -2.4542
10.97 -2.86119
10.975 -2.60844
10.98 -2.43557
10.985 -2.31252
10.99 -2.18204
10.995 -1.99249
11 -1.70014
11.005 -1.27112
11.01 -0.682686
11.015 0.0762818
11.02 1.00492
11.025 2.09018
11.03 3.30722
11.035 4.62088
11.04 5.98737
11.045 7.35648
11.05 8.67393
11.055 9.88368
11.06 10.9302
11.065 11.7582
11.07 12.313
11.075 12.5455
11.08 12.4153
11.085 11.8935
11.09 10.9639
11.095 9.60578
11.1 7.83065
11.105 5.67221
11.11 3.17555
11.115 0.398874
11.12 -2.58892
11.125 -5.71073
11.13 -8.8844
11.135 -12.0263
11.14 -15.0549
11.145 -17.893
11.15 -20.4713
11.155 -22.7301
11.16 -24.622
11.165 -26.1127
11.17 -27.1828
11.175 -27.8275
11.18 -27.8901
11.185 -27.5383
11.19 -26.7965
11.195 -25.7337
11.2 -24.4289
11.205 -22.9675
11.21 -21.9125
11.215 -20.867
11.22 -19.8535
11.225 -18.9173
11.23 -18.0988
11.235 -17.4325
11.24 -16.946
11.245 -16.6594
11.25 -16.5851
11.255 -16.7281
11.26 -17.0861
11.265 -17.6502
11.27 -19.4549
11.275 -21.0984
11.28 -22.8545
11.285 -36.2938
11.29 -46.5759
11.295 -56.1309
11.3 -64.9171
11.305 -72.7734
11.31 -79.5812
11.315 -85.2665
11.32 -89.801
11.325 -93.2002
11.33 -95.5194
11.335 -109.255
11.34 -117.779
11.345 -125.709
11.35 -132.989
11.355 -139.564
11.36 -145.385
11.365 -150.407
11.37 -154.594
11.375 -157.914
11.38 -160.341
11.385 -161.852
11.39 -162.434
11.395 -162.078
11.4 -160.783
11.405 -138.511
11.41 -111.881
11.415 -82.3782
11.42 -51.9986
11.425 -22.657
11.43 6.90038
11.435 31.0691
11.44 49.7823
11.445 61.4423
11.45 68.1152
11.455 73.7188
11.46 76.3685
11.465 76.1179
11.47 73.0935
11.475 67.4901
11.48 59.5632
11.485 44.6233
11.49 27.5451
11.495 8.58668
11.5 -11.1049
11.505 -30.4208
11.51 -48.3493
11.515 -64.0264
11.52 -76.7739
11.525 -86.1248
11.53 -91.8352
11.535 -93.8968
11.54 -94.5502
11.545 -93.1378
11.55 -89.8878
11.555 -85.0374
11.56 -76.7202
11.565 -62.6118
11.57 -45.6831
11.575 -27.2935
11.58 -8.79556
11.585 8.5578
11.59 23.692
11.595 35.7716
11.6 41.8768
11.605 42.7206
11.61 38.9915
11.615 31.689
11.62 22.06
11.625 11.4665
11.63 1.25206
11.635 -6.30705
11.64 -11.9513
11.645 -9.36118
11.65 -7.48464
11.655 -3.59119
11.66 1.96499
11.665 8.74973
11.67 16.2554
11.675 23.8982
11.68 31.1232
11.685 37.4398
11.69 23.7273
11.695 17.5777
11.7 11.8939
11.705 6.72368
11.71 2.0918
11.715 -1.99602
11.72 -5.54935
11.725 -10.2939
11.73 -14.6617
11.735 -18.6422
11.74 -22.2426
11.745 -25.468
11.75 -28.3195
11.755 -26.7383
11.76 -25.6165
11.765 -24.4214
11.77 -24.813
11.775 -24.5073
11.78 -24.1891
11.785 -23.8595
11.79 -23.5194
11.795 -23.1697
11.8 -22.8106
11.805 -22.4424
11.81 -22.0647
11.815 -21.6773
11.82 -21.2794
11.825 -20.8705
11.83 -20.4498
11.835 -19.4579
11.84 -17.7857
11.845 -15.4999
11.85 -12.5986
11.855 -9.09971
11.86 -5.04143
11.865 -0.481068
11.87 4.50617
11.875 9.82942
11.88 15.3849
11.885 21.0594
11.89 26.7334
11.895 32.2849
11.9 37.5926
11.905 42.5399
11.91 47.0177
11.915 50.9281
11.92 54.1869
11.925 56.7258
11.93 58.4946
11.935 59.4599
11.94 59.6053
11.945 58.9333
11.95 56.1893
11.955 52.5478
11.96 48.2242
11.965 43.0303
11.97 37.2861
11.975 31.2129
11.98 25.0322
11.985 18.9574
11.99 15.1248
11.995 10.6988
12 6.64597
12.005 3.04574
12.01 -0.0225183
12.015 -2.491
12.02 -4.32163
12.025 -5.49741
12.03 -6.02241
12.035 -5.92017
12.04 -5.23179
12.045 -4.27967
12.05 -2.89147
12.055 -1.17188
12.06 0.823816
12.065 3.03864
12.07 5.41521
12.075 7.89673
12.08 10.428
12.085 12.9565
12.09 15.4332
12.095 17.8134
12.1 23.2013
12.105 49.2161
12.11 66.8208
12.115 81.2375
12.12 91.5952
12.125 97.4841
12.13 99.1464
12.135 96.9112
12.14 93.4231
12.145 86.5831
12.15 86.7928
12.155 80.9112
12.16 72.9863
12.165 63.3063
12.17 52.5409
12.175 41.3758
12.18 30.4721
12.185 20.4299
12.19 11.7582
12.195 5.10614
12.2 0.292448
12.205 -2.40704
12.21 -2.98344
12.215 -1.55019
12.22 0.484594
12.225 3.77297
12.23 7.94415
12.235 12.7721
12.24 18.0148
12.245 23.4234
12.25 28.7531
12.255 33.7695
12.26 38.2536
12.265 42.0075
12.27 44.8609
12.275 46.6797
12.28 47.3734
12.285 46.8979
12.29 44.7047
12.295 40.7863
12.3 35.495
12.305 29.1204
12.31 21.9982
12.315 14.4863
12.32 6.94247
12.325 -0.131385
12.33 -6.64053
12.335 -12.2813
12.34 -16.8371
12.345 -20.1575
12.35 -22.1648
12.355 -22.8531
12.36 -22.2807
12.365 -20.9989
12.37 -18.1157
12.375 -13.5301
12.38 -7.94909
12.385 -1.82264
12.39 4.388
12.395 10.2383
12.4 15.3303
12.405 19.34
12.41 22.0361
12.415 22.7401
12.42 21.6433
12.425 18.9268
12.43 15.0191
12.435 9.73136
12.44 4.08218
12.445 -1.59838
12.45 -6.91478
12.455 -11.5245
12.46 -15.1595
12.465 -17.6401
12.47 -18.8787
12.475 -18.8824
12.48 -17.7496
12.485 -15.6533
12.49 -12.8151
12.495 -9.48561
12.5 -5.9294
12.505 -2.43484
12.51 0.802531
12.515 3.50237
12.52 5.4914
12.525 6.64099
12.53 6.88693
12.535 6.23137
12.54 9.44859
12.545 11.0567
12.55 12.2874
12.555 13.1265
12.56 13.5701
12.565 13.6236
12.57 13.3008
12.575 12.623
12.58 12.8401
12.585 12.7527
12.59 12.4647
12.595 11.9972
12.6 11.3802
12.605 10.6454
12.61 9.80909
12.615 8.89328
12.62 7.91947
12.625 6.90811
12.63 5.87796
12.635 4.84404
12.64 3.81789
12.645 2.80875
12.65 1.82329
12.655 0.866359
12.66 -0.0586145
12.665 -0.949521
12.67 -1.80535
12.675 -2.62596
12.68 -3.41208
12.685 -4.16528
12.69 -4.88782
12.695 -5.58275
12.7 -6.25395
12.705 -6.91014
12.71 -7.5509
12.715 -8.1801
12.72 -8.80663
12.725 -9.43778
12.73 -10.0791
12.735 -10.7363
12.74 -11.4139
12.745 -12.1149
12.75 -12.8404
12.755 -13.5892
12.76 -14.3568
12.765 -15.1362
12.77 -15.9175
12.775 -16.688
12.78 -17.4331
12.785 -18.1355
12.79 -18.7762
12.795 -19.3358
12.8 -19.7959
12.805 -20.1394
12.81 -20.3507
12.815 -20.4162
12.82 -20.3245
12.825 -15.3098
12.83 -9.53158
12.835 -2.56307
12.84 5.04213
12.845 12.7099
12.85 19.8926
12.855 26.1053
12.86 30.9583
12.865 34.1811
12.87 35.6391
12.875 32.3323
12.88 30.5063
12.885 28.4393
12.89 26.1803
12.895 23.7808
12.9 21.2884
12.905 18.7485
12.91 16.2023
12.915 13.6868
12.92 11.2346
12.925 8.874
12.93 6.62909
12.935 4.51966
12.94 2.56119
12.945 0.773067
12.95 -0.827911
12.955 -2.23509
12.96 -3.44387
12.965 -4.45392
12.97 -5.27001
12.975 -5.89993
12.98 -6.35508
12.985 -6.59615
12.99 -6.58086
12.995 -6.39787
13 -6.09568
13.005 -5.72294
13.01 -5.32597
13.015 -4.94677
13.02 -4.6218
13.025 -4.38079
13.03 -4.24567
13.035 -4.22993
13.04 -4.33857
13.045 -4.56783
13.05 -4.90487
13.055 -5.32879
13.06 -5.78497
13.065 -6.26859
13.07 -6.75325
13.075 -7.214
13.08 -7.62628
13.085 -7.93816
13.09 -8.11913
13.095 -8.15086
13.1 -8.01698
13.105 -7.70781
13.11 -7.2214
13.115 -6.564
13.12 -5.74978
13.125 -4.80002
13.13 -3.74163
13.135 -2.60585
13.14 -1.42704
13.145 -0.241375
13.15 0.914427
13.155 1.28143
13.16 1.81113
13.165 2.2664
13.17 2.63391
13.175 2.90176
13.18 3.06013
13.185 3.10122
13.19 3.01913
13.195 2.81014
13.2 2.47269
13.205 2.00716
13.21 1.41597
13.215 0.703592
13.22 -0.123272
13.225 -1.05604
13.23 -2.08454
13.235 -3.19663
13.24 -4.37808
13.245 -5.61319
13.25 -6.88589
13.255 -8.18057
13.26 -9.48267
13.265 -10.779
13.27 -12.0586
13.275 -13.3125
13.28 -14.5347
13.285 -15.7207
13.29 -16.8672
13.295 -17.9714
13.3 -19.0306
13.305 -20.0427
13.31 -21.0064
13.315 -21.9211
13.32 -22.7877
13.325 -23.6087
13.33 -24.3875
13.335 -25.1273
13.34 -25.8302
13.345 -26.4968
13.35 -27.1257
13.355 -27.7143
13.36 -28.2585
13.365 -28.7538
13.37 -29.1956
13.375 -29.5786
13.38 -29.8964
13.385 -30.1416
13.39 -30.3054
13.395 -30.3784
13.4 -30.3511
13.405 -30.2148
13.41 -29.962
13.415 -29.5868
13.42 -29.0863
13.425 -28.46
13.43 -27.7087
13.435 -26.8351
13.44 -25.8439
13.445 -24.7425
13.45 -22.6818
13.455 -18.9244
13.46 -14.2626
13.465 -9.02547
13.47 -3.81467
13.475 1.53583
13.48 6.3274
13.485 9.88539
13.49 12.2598
13.495 13.437
13.5 13.5159
13.505 12.6824
13.51 11.1774
13.515 9.27291
13.52 7.2479
13.525 5.36277
13.53 3.83555
13.535 2.82661
13.54 2.43163
13.545 3.996
13.55 5.32134
13.555 6.97072
13.56 8.82878
13.565 10.7667
13.57 12.6572
13.575 14.3848
13.58 15.8724
13.585 17.0778
13.59 17.9861
13.595 18.6052
13.6 18.9535
13.605 19.0608
13.61 11.6841
13.615 7.14164
13.62 2.9152
13.625 -0.889607
13.63 -4.18895
13.635 -6.92303
13.64 -9.91143
13.645 -12.4176
13.65 -14.3678
13.655 -15.7681
13.66 -16.64
13.665 -17.0188
13.67 -17.563
13.675 -17.5006
13.68 -17.1034
13.685 -16.5256
13.69 -15.8513
13.695 -15.0611
13.7 -14.1739
13.705 -13.2048
13.71 -12.1648
13.715 -11.0605
13.72 -9.8949
13.725 -8.66747
13.73 -7.37516
13.735 -6.01291
13.74 -4.57437
13.745 -3.0527
13.75 -1.44168
13.755 0.263511
13.76 2.06557
13.765 3.96457
13.77 5.9574
13.775 8.037
13.78 10.192
13.785 12.4069
13.79 14.662
13.795 16.9341
13.8 19.1968
13.805 21.4209
13.81 23.5755
13.815 25.6282
13.82 27.5466
13.825 29.2985
13.83 30.8532
13.835 32.1826
13.84 33.262
13.845 34.0703
13.85 34.5901
13.855 34.8101
13.86 34.725
13.865 34.1178
13.87 32.8042
13.875 30.9789
13.88 28.2034
13.885 25.0396
13.89 21.5408
13.895 17.8681
13.9 14.1805
13.905 10.6265
13.91 7.33752
13.915 4.92405
13.92 2.55506
13.925 0.565062
13.93 -1.01771
13.935 -2.47806
13.94 -3.68994
13.945 -4.66371
13.95 -5.40655
13.955 -5.93235
13.96 -6.26125
13.965 -6.41871
13.97 -6.43408
13.975 -6.33925
13.98 -6.16766
13.985 -5.95206
13.99 -5.7222
13.995 -5.50358
14 -5.31621
14.005 -5.17408
14.01 -5.08543
14.015 -5.05455
14.02 -5.08167
14.025 -5.16186
14.03 -5.28599
14.035 -5.44141
14.04 -5.61242
14.045 -5.78065
14.05 -5.92493
14.055 -6.0225
14.06 -6.05036
14.065 -5.9861
14.07 -5.80816
14.075 -5.49699
14.08 -5.03602
14.085 -4.41171
14.09 -3.61376
14.095 -1.59977
14.1 1.92382
14.105 6.40728
14.11 11.5684
14.115 17.0908
14.12 22.6509
14.125 27.9438
14.13 32.6996
14.135 36.2906
14.14 38.676
14.145 36.9207
14.15 34.9553
14.155 32.2938
14.16 29.7018
14.165 27.081
14.17 24.5244
14.175 22.11
14.18 19.8961
14.185 17.9213
14.19 16.2036
14.195 14.7424
14.2 13.5201
14.205 12.5047
14.21 11.9246
14.215 11.3177
14.22 10.763
14.225 10.2456
14.23 9.73643
14.235 9.20956
14.24 8.64061
14.245 8.00825
14.25 7.29532
14.255 6.49
14.26 5.58646
14.265 4.58519
14.27 3.49328
14.275 2.32426
14.28 1.09748
14.285 -0.162561
14.29 -1.42719
14.295 -2.66463
14.3 -3.84125
14.305 -4.92301
14.31 -5.87673
14.315 -6.67148
14.32 -7.28007
14.325 -7.6794
14.33 -7.85109
14.335 -7.78254
14.34 -7.46736
14.345 -7.11776
14.35 -6.5707
14.355 -5.86617
14.36 -5.00734
14.365 -3.99989
14.37 -2.85204
14.375 -1.5742
14.38 -0.178617
14.385 1.32084
14.39 2.90856
14.395 4.56741
14.4 6.27892
14.405 8.02368
14.41 9.78168
14.415 11.5325
14.42 13.2558
14.425 14.9317
14.43 16.5414
14.435 18.0668
14.44 19.4917
14.445 20.8018
14.45 21.985
14.455 23.0312
14.46 23.933
14.465 24.6854
14.47 25.2855
14.475 25.7324
14.48 26.0274
14.485 26.1736
14.49 26.176
14.495 25.7915
14.5 25.1988
14.505 24.4109
14.51 23.4693
14.515 22.4149
14.52 21.2868
14.525 20.1621
14.53 19.0261
14.535 17.8978
14.54 16.7914
14.545 15.6017
14.55 14.3973
14.555 13.1659
14.56 11.9049
14.565 10.6092
14.57 9.27148
14.575 7.88329
14.58 6.45547
14.585 5.00454
14.59 3.53446
14.595 2.04954
14.6 0.624266
14.605 -0.883552
14.61 -2.42779
14.615 -4.09517
14.62 -5.81866
14.625 -7.6021
14.63 -9.43346
14.635 -11.2983
14.64 -13.1803
14.645 -15.0622
14.65 -16.9261
14.655 -18.753
14.66 -20.522
14.665 -22.2109
14.67 -23.7967
14.675 -25.2571
14.68 -26.5715
14.685 -27.7218
14.69 -28.6923
14.695 -29.4703
14.7 -30.0453
14.705 -30.408
14.71 -30.5516
14.715 -30.472
14.72 -30.1685
14.725 -29.6442
14.73 -28.9061
14.735 -27.9656
14.74 -26.8373
14.745 -25.5397
14.75 -24.0942
14.755 -22.5249
14.76 -20.8571
14.765 -19.1164
14.77 -17.3282
14.775 -15.518
14.78 -13.7104
14.785 -11.9295
14.79 -10.1978
14.795 -8.5365
14.8 -6.96469
14.805 -5.49929
14.81 -4.15429
14.815 -2.94079
14.82 -1.86681
14.825 -0.936834
14.83 -0.152186
14.835 0.488304
14.84 0.988263
14.845 1.35316
14.85 1.58928
14.855 1.70367
14.86 1.70424
14.865 1.59913
14.87 1.39624
14.875 0.963152
14.88 0.196206
14.885 -0.776456
14.89 -0.214512
14.895 0.659462
14.9 1.95627
14.905 3.51864
14.91 5.17933
14.915 6.78126
14.92 8.19019
14.925 9.30205
14.93 10.05
14.935 10.4111
14.94 10.4034
14.945 10.0788
14.95 9.51457
14.955 8.80473
14.96 8.05058
14.965 7.35108
14.97 6.82542
14.975 6.58777
14.98 6.69979
14.985 9.26683
14.99 11.0668
14.995 12.739
15 14.1665
15.005 9.80568
15.01 5.45901
15.015 1.39015
15.02 -2.31003
15.025 -5.56794
15.03 -9.34594
15.035 -12.3757
15.04 -14.8915
15.045 -16.8813
15.05 -18.3478
15.055 -19.6211
15.06 -20.4182
15.065 -20.7765
15.07 -20.7328
15.075 -20.3286
15.08 -19.7087
15.085 -18.9031
15.09 -17.9239
15.095 -16.7956
15.1 -15.5382
15.105 -14.1671
15.11 -12.6941
15.115 -11.1276
15.12 -9.47298
15.125 -7.73359
15.13 -5.91131
15.135 -4.00748
15.14 -2.02379
15.145 0.0367533
15.15 2.16874
15.155 4.36371
15.16 6.60981
15.165 8.89144
15.17 11.189
15.175 13.4793
15.18 15.7358
15.185 17.9291
15.19 20.0274
15.195 21.791
15.2 22.9739
15.205 23.6569
15.21 23.8189
15.215 23.4487
15.22 22.5464
15.225 21.1234
15.23 19.2029
15.235 16.8185
15.24 14.0136
15.245 10.8411
15.25 7.36323
15.255 3.64989
15.26 -0.22326
15.265 -4.17717
15.27 -8.13189
15.275 -12.0093
15.28 -15.735
15.285 -19.241
15.29 -22.4669
15.295 -25.3619
15.3 -27.8854
15.305 -30.0084
15.31 -31.7143
15.315 -32.9989
15.32 -33.8703
15.325 -34.3476
15.33 -34.4597
15.335 -34.244
15.34 -33.7447
15.345 -33.0104
15.35 -32.0929
15.355 -31.0464
15.36 -29.9253
15.365 -28.7827
15.37 -27.6678
15.375 -26.6251
15.38 -25.693
15.385 -24.9027
15.39 -24.2778
15.395 -23.8331
15.4 -23.5742
15.405 -23.497
15.41 -23.5886
15.415 -23.8283
15.42 -24.1895
15.425 -24.6412
15.43 -25.1487
15.435 -25.6744
15.44 -26.1794
15.445 -26.6247
15.45 -26.9718
15.455 -27.1853
15.46 -27.234
15.465 -27.0928
15.47 -26.7435
15.475 -26.1749
15.48 -25.3838
15.485 -24.3739
15.49 -20.0677
15.495 -14.9764
15.5 -8.9936
15.505 -2.53215
15.51 3.98687
15.515 9.77154
15.52 14.5908
15.525 18.2243
15.53 20.559
15.535 21.5848
15.54 21.3842
15.545 20.1196
15.55 18.0145
15.555 15.3294
15.56 12.3388
15.565 9.30831
15.57 6.46979
15.575 4.00261
15.58 2.02712
15.585 0.602686
15.59 -0.270195
15.595 -0.643055
15.6 -0.570399
15.605 0.200627
15.61 1.15198
15.615 3.25704
15.62 5.14937
15.625 6.65066
15.63 7.63298
15.635 8.02148
15.64 7.78996
15.645 0.722823
15.65 -3.63041
15.655 -7.73868
15.66 -11.5112
15.665 -14.8684
15.67 -17.7448
15.675 -20.0899
15.68 -21.869
15.685 -23.7469
15.69 -25.0652
15.695 -25.8314
15.7 -26.0557
15.705 -25.7594
15.71 -24.9742
15.715 -23.8933
15.72 -22.438
15.725 -20.6676
15.73 -19.0455
15.735 -17.0636
15.74 -14.8625
15.745 -12.4699
15.75 -9.91342
15.755 -7.22064
15.76 -4.41928
15.765 -1.53721
15.77 1.39746
15.775 4.35658
15.78 7.31213
15.785 10.2362
15.79 13.1006
15.795 15.8763
15.8 18.5343
15.805 21.0453
15.81 23.3805
15.815 25.512
15.82 27.4129
15.825 29.0585
15.83 30.4268
15.835 31.4996
15.84 32.2629
15.845 32.7074
15.85 32.8299
15.855 32.4706
15.86 31.3161
15.865 29.5328
15.87 27.2264
15.875 24.5011
15.88 21.4734
15.885 18.2674
15.89 15.0089
15.895 11.8196
15.9 8.81093
15.905 6.07999
15.91 3.70566
15.915 1.74652
15.92 0.239857
15.925 -0.798671
15.93 -1.5717
15.935 -2.00907
15.94 -2.13196
15.945 -1.9659
15.95 -1.54454
15.955 -0.909217
15.96 -0.10841
15.965 0.803137
15.97 1.7663
15.975 2.72083
15.98 3.60917
15.985 4.37926
15.99 4.98632
15.995 5.39437
16 5.57801
16.005 5.52357
16.01 5.23002
16.015 4.70853
16.02 3.98071
16.025 3.0768
16.03 1.86492
16.035 0.533955
16.04 -0.859826
16.045 -2.23373
16.05 -3.50763
16.055 -4.60928
16.06 -5.47846
16.065 -6.06903
16.07 -6.34937
16.075 -6.30271
16.08 -5.99843
16.085 -4.44035
16.09 -2.53059
16.095 -0.284118
16.1 2.09234
16.105 4.3886
16.11 6.41006
16.115 7.9892
16.12 8.99574
16.125 9.34564
16.13 9.73008
16.135 9.99772
16.14 10.1132
16.145 10.0707
16.15 9.86729
16.155 9.50222
16.16 8.97733
16.165 8.29735
16.17 7.46968
16.175 6.50334
16.18 5.40736
16.185 4.1906
16.19 2.86304
16.195 1.43646
16.2 -0.0757035
16.205 -1.65892
16.21 -3.29699
16.215 -4.97118
16.22 -6.65953
16.225 -8.33679
16.23 -9.97461
16.235 -11.543
16.24 -13.012
16.245 -14.352
16.25 -15.5345
16.255 -16.534
16.26 -17.3287
16.265 -17.9007
16.27 -18.2347
16.275 -18.3184
16.28 -18.1423
16.285 -17.7004
16.29 -16.9917
16.295 -16.0209
16.3 -14.7988
16.305 -13.3434
16.31 -9.69878
16.315 -5.01579
16.32 0.500846
16.325 6.52575
16.33 12.7344
16.335 18.8147
16.34 24.2032
16.345 28.7169
16.35 32.2529
16.355 34.7767
16.36 36.3393
16.365 37.0678
16.37 37.1451
16.375 36.7822
16.38 30.1913
16.385 25.9152
16.39 22.0172
16.395 18.622
16.4 14.812
16.405 12.6576
16.41 10.8083
16.415 9.09753
16.42 7.8006
16.425 6.89365
16.43 6.34423
16.435 6.10909
16.44 6.13536
16.445 6.36323
16.45 6.72885
16.455 7.15379
16.46 7.58845
16.465 7.98165
16.47 8.28728
16.475 8.44515
16.48 8.42989
16.485 8.22302
16.49 7.81912
16.495 7.22518
16.5 6.45985
16.505 5.55247
16.51 4.54163
16.515 3.47308
16.52 2.39765
16.525 1.36985
16.53 0.445161
16.535 -0.323668
16.54 -0.888894
16.545 -1.21007
16.55 -1.2556
16.555 -1.0041
16.56 -0.445587
16.565 0.361862
16.57 1.4333
16.575 2.74692
16.58 4.27584
16.585 5.98613
16.59 7.8379
16.595 9.78671
16.6 11.7851
16.605 13.7847
16.61 15.7375
16.615 17.5982
16.62 19.3254
16.625 20.8832
16.63 22.2421
16.635 23.3803
16.64 24.2838
16.645 24.9469
16.65 25.3716
16.655 25.5676
16.66 25.5509
16.665 25.2713
16.67 24.7459
16.675 24.0508
16.68 23.2427
16.685 22.3788
16.69 21.5133
16.695 20.695
16.7 19.965
16.705 19.3959
16.71 18.6286
16.715 17.8887
16.72 17.1628
16.725 16.4592
16.73 15.6692
16.735 14.887
16.74 14.0886
16.745 13.2703
16.75 12.4262
16.755 11.5488
16.76 10.6297
16.765 9.66001
16.77 8.63162
16.775 7.5388
16.78 6.37913
16.785 5.15492
16.79 3.87267
16.795 2.54614
16.8 1.19273
16.805 -0.171849
16.81 -1.53105
16.815 -2.86823
16.82 -4.16631
16.825 -5.40715
16.83 -6.57196
16.835 -7.6418
16.84 -8.599
16.845 -9.42887
16.85 -10.1206
16.855 -10.6674
16.86 -11.0678
16.865 -11.3243
16.87 -11.4433
16.875 -11.4348
16.88 -11.3111
16.885 -11.0874
16.89 -10.7819
16.895 -10.4161
16.9 -10.0137
16.905 -9.59884
16.91 -9.19513
16.915 -8.82434
16.92 -8.50622
16.925 -8.25839
16.93 -8.09637
16.935 -8.03358
16.94 -8.0809
16.945 -8.24602
16.95 -8.53323
16.955 -8.94374
16.96 -9.47589
16.965 -10.1253
16.97 -10.8847
16.975 -11.7443
16.98 -12.6916
16.985 -13.7125
16.99 -14.7926
16.995 -15.9178
17 -17.0743
17.005 -18.2496
17.01 -19.4326
17.015 -20.6125
17.02 -21.7791
17.025 -22.9223
17.03 -24.0329
17.035 -25.1032
17.04 -26.1275
17.045 -27.1018
17.05 -28.0229
17.055 -28.8874
17.06 -29.6919
17.065 -30.4338
17.07 -31.1109
17.075 -31.7211
17.08 -32.2619
17.085 -32.7306
17.09 -33.1251
17.095 -33.4438
17.1 -33.6846
17.105 -33.8452
17.11 -33.923
17.115 -33.9161
17.12 -33.8234
17.125 -33.6438
17.13 -33.3761
17.135 -33.0194
17.14 -32.5745
17.145 -32.0433
17.15 -31.4297
17.155 -30.7377
17.16 -28.0317
17.165 -23.4187
17.17 -17.6203
17.175 -11.342
17.18 -4.87617
17.185 1.35302
17.19 7.01538
17.195 11.8638
17.2 15.7383
17.205 18.5664
17.21 20.3591
17.215 21.2017
17.22 21.2419
17.225 20.6715
17.23 19.7041
17.235 18.5517
17.24 17.4044
17.245 16.4173
17.25 15.7022
17.255 15.7503
17.26 15.9627
17.265 17.9104
17.27 19.5982
17.275 21.1526
17.28 13.7982
17.285 9.43927
17.29 5.50524
17.295 2.05572
17.3 -0.871972
17.305 -4.12277
17.31 -6.94336
17.315 -9.30532
17.32 -11.2316
17.325 -12.7554
17.33 -14.3655
17.335 -15.5978
17.34 -16.5675
17.345 -17.3114
17.35 -17.8625
17.355 -18.2482
17.36 -18.4886
17.365 -18.5967
17.37 -18.5773
17.375 -18.4275
17.38 -18.1361
17.385 -17.6827
17.39 -17.0468
17.395 -16.1985
17.4 -15.108
17.405 -13.7474
17.41 -12.0933
17.415 -10.1288
17.42 -7.84527
17.425 -5.24397
17.43 -2.33732
17.435 0.850676
17.44 4.28421
17.445 7.91591
17.45 11.6881
17.455 15.5347
17.46 19.3829
17.465 23.1554
17.47 26.7731
17.475 30.1572
17.48 33.2325
17.485 35.9293
17.49 38.1865
17.495 39.953
17.5 41.1898
17.505 41.8715
17.51 41.986
17.515 41.4313
17.52 40.0889
17.525 38.0982
17.53 35.544
17.535 32.5295
17.54 29.172
17.545 25.5976
17.55 22.1488
17.555 18.6641
17.56 15.3124
17.565 12.1952
17.57 9.40128
17.575 7.94807
17.58 6.30656
17.585 5.00663
17.59 4.06359
17.595 3.48298
17.6 3.26039
17.605 3.38149
17.61 3.81706
17.615 4.53583
17.62 5.49822
17.625 6.65662
17.63 7.95753
17.635 9.21499
17.64 10.4261
17.645 11.5195
17.65 12.4389
17.655 13.1352
17.66 13.5693
17.665 13.714
17.67 13.554
17.675 13.0862
17.68 12.319
17.685 11.2713
17.69 9.97109
17.695 8.45413
17.7 6.76319
17.705 4.94581
17.71 3.05169
17.715 1.13054
17.72 -0.768897
17.725 -2.60017
17.73 -4.32072
17.735 -5.89375
17.74 -7.28976
17.745 -8.48754
17.75 -9.47441
17.755 -10.2457
17.76 -10.8047
17.765 -11.1613
17.77 -11.3304
17.775 -11.3304
17.78 -11.1835
17.785 -10.9142
17.79 -10.5495
17.795 -10.1166
17.8 -9.64281
17.805 -9.15459
17.81 -8.67577
17.815 -8.22675
17.82 -7.82407
17.825 -7.48093
17.83 -7.20689
17.835 -7.00749
17.84 -6.88447
17.845 -6.83655
17.85 -6.86039
17.855 -6.95104
17.86 -7.10303
17.865 -7.31106
17.87 -7.57012
17.875 -7.8757
17.88 -8.22424
17.885 -8.61312
17.89 -9.04045
17.895 -9.50531
17.9 -10.008
17.905 -10.5497
17.91 -11.132
17.915 -11.7562
17.92 -12.4229
17.925 -13.1313
17.93 -13.8797
17.935 -14.6653
17.94 -15.4843
17.945 -16.3315
17.95 -17.2004
17.955 -18.0828
17.96 -18.9696
17.965 -19.8506
17.97 -20.7154
17.975 -21.5531
17.98 -22.3526
17.985 -23.103
17.99 -23.7939
17.995 -24.4149
18 -24.957
18.005 -25.412
18.01 -25.7734
18.015 -26.0364
18.02 -26.1989
18.025 -26.2621
18.03 -26.2306
18.035 -26.1111
18.04 -25.9118
18.045 -25.6422
18.05 -24.6286
18.055 -22.2373
18.06 -19.1234
18.065 -15.5687
18.07 -11.8063
18.075 -8.07498
18.08 -4.57958
18.085 -1.47859
18.09 1.12135
18.095 3.17174
18.1 4.68259
18.105 5.71139
18.11 6.34927
18.115 6.70856
18.12 6.90904
18.125 7.06399
18.13 7.26776
18.135 7.59186
18.14 8.08678
18.145 8.78265
18.15 9.68716
18.155 11.0158
18.16 12.4526
18.165 13.9394
18.17 16.4057
18.175 18.6067
18.18 13.3179
18.185 10.3405
18.19 7.65493
18.195 5.31635
18.2 3.3632
18.205 0.746607
18.21 -1.18246
18.215 -2.74977
18.22 -4.24272
18.225 -5.41556
18.23 -6.30954
18.235 -6.95751
18.24 -7.39531
18.245 -7.65937
18.25 -7.78468
18.255 -7.80287
18.26 -7.74083
18.265 -7.61984
18.27 -7.45482
18.275 -7.25385
18.28 -7.01825
18.285 -6.74241
18.29 -6.41331
18.295 -6.01202
18.3 -5.5161
18.305 -4.89568
18.31 -4.12783
18.315 -3.18874
18.32 -2.05898
18.325 -0.724993
18.33 0.819561
18.335 2.57275
18.34 4.52367
18.345 6.65232
18.35 8.92996
18.355 11.3197
18.36 13.7778
18.365 16.2547
18.37 18.698
18.375 21.0538
18.38 23.2692
18.385 25.2944
18.39 27.0843
18.395 28.6007
18.4 29.8135
18.405 30.7019
18.41 31.2556
18.415 31.4747
18.42 31.3155
18.425 30.7588
18.43 29.8801
18.435 28.7364
18.44 27.3917
18.445 25.9144
18.45 24.4626
18.455 22.9892
18.46 21.5677
18.465 20.2475
18.47 19.0696
18.475 18.0653
18.48 17.2545
18.485 16.6459
18.49 16.3842
18.495 16.2099
18.5 16.1561
18.505 16.1982
18.51 16.3072
18.515 16.4537
18.52 16.6015
18.525 16.7151
18.53 16.7601
18.535 16.6937
18.54 16.5276
18.545 16.2369
18.55 15.823
18.555 15.2861
18.56 14.6328
18.565 13.8743
18.57 13.0261
18.575 12.1075
18.58 11.1406
18.585 10.1173
18.59 9.009
18.595 7.87452
18.6 6.7442
18.605 5.6469
18.61 4.60903
18.615 3.65393
18.62 2.80171
18.625 2.06876
18.63 1.46686
18.635 1.01518
18.64 0.707954
18.645 0.541408
18.65 0.505745
18.655 0.586646
18.66 0.765987
18.665 1.02223
18.67 1.33129
18.675 1.66801
18.68 2.00727
18.685 2.32464
18.69 2.59707
18.695 2.80398
18.7 2.92745
18.705 2.95219
18.71 2.86587
18.715 2.65965
18.72 2.32845
18.725 1.87069
18.73 1.28797
18.735 0.585028
18.74 -0.230254
18.745 -1.14752
18.75 -2.15447
18.755 -3.23709
18.76 -4.38047
18.765 -5.57008
18.77 -6.79209
18.775 -8.03314
18.78 -9.2804
18.785 -10.5218
18.79 -11.7464
18.795 -12.9447
18.8 -14.1087
18.805 -15.2319
18.81 -16.3087
18.815 -17.3354
18.82 -18.3092
18.825 -19.2279
18.83 -20.0898
18.835 -20.8935
18.84 -21.6393
18.845 -22.3279
18.85 -22.96
18.855 -23.5362
18.86 -24.0569
18.865 -24.523
18.87 -24.9355
18.875 -25.2959
18.88 -25.6054
18.885 -25.8697
18.89 -26.0928
18.895 -26.2746
18.9 -26.4177
18.905 -26.525
18.91 -26.6
18.915 -26.6467
18.92 -26.6695
18.925 -26.6723
18.93 -26.6586
18.935 -26.631
18.94 -26.5919
18.945 -26.543
18.95 -26.4855
18.955 -26.4206
18.96 -26.3496
18.965 -26.2737
18.97 -26.1934
18.975 -26.1083
18.98 -26.0168
18.985 -25.9165
18.99 -25.8034
18.995 -25.6725
19 -24.4166
19.005 -21.3215
19.01 -17.1521
19.015 -12.2524
19.02 -6.97963
19.025 -1.6916
19.03 3.28202
19.035 7.66736
19.04 11.2659
19.045 13.9604
19.05 15.7177
19.055 16.5847
19.06 16.6756
19.065 16.1508
19.07 15.1934
19.075 13.9918
19.08 12.7262
19.085 11.5546
19.09 10.5982
19.095 10.3867
19.1 10.2759
19.105 10.4353
19.11 13.0793
19.115 14.5545
19.12 15.8259
19.125 7.56243
19.13 3.62455
19.135 0.102959
19.14 -2.95288
19.145 -5.51311
19.15 -8.39768
19.155 -10.7748
19.16 -12.7092
19.165 -14.2207
19.17 -15.3382
19.175 -16.5444
19.18 -17.3057
19.185 -17.7937
19.19 -18.0421
19.195 -18.0817
19.2 -17.9394
19.205 -17.6366
19.21 -17.1888
19.215 -16.5892
19.22 -15.8482
19.225 -14.9588
19.23 -13.9095
19.235 -12.6854
19.24 -11.2698
19.245 -9.64647
19.25 -7.80164
19.255 -5.72613
19.26 -3.41712
19.265 -0.879882
19.27 1.87113
19.275 4.81157
19.28 7.90746
19.285 11.1159
19.29 14.386
19.295 17.6604
19.3 20.8764
19.305 23.9688
19.31 26.8713
19.315 29.5194
19.32 31.8526
19.325 33.8171
19.33 35.3679
19.335 36.4704
19.34 37.1029
19.345 37.2565
19.35 36.8784
19.355 35.9183
19.36 34.4585
19.365 32.5597
19.37 30.2969
19.375 27.7564
19.38 25.0322
19.385 22.3692
19.39 19.6814
19.395 17.0781
19.4 14.6388
19.405 12.4341
19.41 10.5234
19.415 9.41344
19.42 8.41566
19.425 7.70137
19.43 7.27189
19.435 7.11962
19.44 7.2281
19.445 7.59979
19.45 8.19202
19.455 8.95749
19.46 9.84411
19.465 10.7954
19.47 11.609
19.475 12.3007
19.48 12.8069
19.485 13.0901
19.49 13.1248
19.495 12.8936
19.5 12.3911
19.505 11.623
19.51 10.6055
19.515 9.36449
19.52 7.91499
19.525 6.30375
19.53 4.59016
19.535 2.83223
19.54 1.08823
19.545 -0.586041
19.55 -2.15922
19.555 -3.60492
19.56 -4.88143
19.565 -5.9611
19.57 -6.82362
19.575 -7.4565
19.58 -7.85532
19.585 -8.02366
19.59 -7.9725
19.595 -7.71937
19.6 -7.28734
19.605 -6.70387
19.61 -5.9993
19.615 -5.205
19.62 -4.35184
19.625 -3.46941
19.63 -2.58529
19.635 -1.72443
19.64 -0.908444
19.645 -0.154743
19.65 0.523682
19.655 1.11781
19.66 1.62201
19.665 2.03353
19.67 2.352
19.675 2.57903
19.68 2.71782
19.685 2.77275
19.69 2.74909
19.695 2.65257
19.7 2.48864
19.705 2.26201
19.71 1.97633
19.715 1.63409
19.72 1.23657
19.725 0.784111
19.73 0.276585
19.735 -0.285971
19.74 -0.903137
19.745 -1.57401
19.75 -2.29698
19.755 -3.06946
19.76 -3.88859
19.765 -4.75064
19.77 -5.65038
19.775 -6.58116
19.78 -7.53448
19.785 -8.49967
19.79 -9.46439
19.795 -10.4153
19.8 -11.3386
19.805 -12.2208
19.81 -13.049
19.815 -13.8119
19.82 -14.5007
19.825 -15.1085
19.83 -15.6307
19.835 -16.0645
19.84 -16.4089
19.845 -16.6643
19.85 -16.8332
19.855 -16.9191
19.86 -16.9272
19.865 -16.8637
19.87 -16.2513
19.875 -14.5442
19.88 -12.2687
19.885 -9.62915
19.89 -6.83193
19.895 -4.07269
19.9 -1.52536
19.905 0.667431
19.91 2.40257
19.915 3.62195
19.92 4.3148
19.925 4.51614
19.93 4.29899
19.935 3.76246
19.94 3.01865
19.945 2.18053
19.95 1.35073
19.955 0.61227
19.96 0.0235537
19.965 -0.383213
19.97 -0.60203
19.975 -0.650345
19.98 -0.563722
19.985 -0.389746
19.99 -0.182301
19.995 0.00441754
20 0.194882
20.005 0.255535
20.01 0.202248
20.015 0.0287304
20.02 -0.266434
20.025 -0.677794
20.03 -1.19309
20.035 -1.70491
20.04 -2.17632
20.045 -2.64108
20.05 -3.10036
20.055 -3.55368
20.06 -3.9988
20.065 -4.43177
20.07 -4.84694
20.075 -5.23704
20.08 -5.59345
20.085 -5.90646
20.09 -6.16562
20.095 -6.36019
20.1 -6.30429
20.105 -6.06875
20.11 -5.66222
20.115 -5.10978
20.12 -4.45265
20.125 -3.72571
20.13 -2.96812
20.135 -2.21681
20.14 -1.50199
20.145 -0.844822
20.15 -0.257584
20.155 0.254313
20.16 0.689378
20.165 1.3526
20.17 2.00798
20.175 2.70226
20.18 3.42338
20.185 4.15697
20.19 4.88667
20.195 5.59469
20.2 6.26262
20.205 6.87211
20.21 7.40573
20.215 7.84783
20.22 8.18531
20.225 8.40818
20.23 8.50981
20.235 8.48708
20.24 8.34047
20.245 8.07397
20.25 7.6949
20.255 7.21355
20.26 6.64274
20.265 5.99703
20.27 5.29191
20.275 4.54352
20.28 3.76821
20.285 2.98206
20.29 2.19418
20.295 1.42653
20.3 0.691092
20.305 -0.00102271
20.31 -0.641279
20.315 -1.22656
20.32 -1.75339
20.325 -2.21958
20.33 -2.62492
20.335 -2.97033
20.34 -3.2575
20.345 -3.48864
20.35 -3.66642
20.355 -3.79372
20.36 -3.87341
20.365 -3.90806
20.37 -3.89981
20.375 -3.8502
20.38 -3.36746
20.385 -2.4534
20.39 -1.28983
20.395 0.0190922
20.4 1.36895
20.405 2.66346
20.41 3.82099
20.415 4.77951
20.42 5.49963
20.425 5.96532
20.43 6.18227
20.435 6.17454
20.44 5.98036
20.445 5.6474
20.45 5.22753
20.455 4.8299
20.46 4.40356
20.465 4.0052
20.47 3.65946
20.475 3.38075
20.48 3.17306
20.485 3.0308
20.49 2.94069
20.495 2.88422
20.5 2.90933
20.505 2.95863
20.51 3.027
20.515 3.10247
20.52 3.17087
20.525 3.21983
20.53 3.23867
20.535 3.21884
20.54 3.15417
20.545 3.04113
20.55 2.87883
20.555 2.65993
20.56 2.39645
20.565 2.0942
20.57 1.76273
20.575 1.4131
20.58 1.05734
20.585 0.707895
20.59 0.376984
20.595 0.0760625
20.6 -0.184697
20.605 -0.396671
20.61 -0.553042
20.615 -0.649117
20.62 -0.69468
20.625 -0.67965
20.63 -0.607305
20.635 -0.480364
20.64 -0.303097
20.645 -0.0811234
20.65 0.178824
20.655 0.469158
20.66 0.781708
20.665 1.10801
20.67 1.43956
20.675 1.76808
20.68 2.08572
20.685 2.38527
20.69 2.66031
20.695 2.90528
20.7 3.11559
20.705 3.28763
20.71 3.41876
20.715 3.50727
20.72 3.55232
20.725 3.55388
20.73 3.51261
20.735 3.4298
20.74 3.3072
20.745 3.14701
20.75 2.95174
20.755 2.72414
20.76 2.46716
20.765 2.18388
20.77 1.87749
20.775 1.55123
20.78 1.20844
20.785 0.852454
20.79 0.486455
20.795 0.113545
20.8 -0.263027
20.805 -0.639955
20.81 -1.01384
20.815 -1.3812
20.82 -1.7385
20.825 -2.08221
20.83 -2.40887
20.835 -2.7153
20.84 -2.99867
20.845 -3.2566
20.85 -3.48715
20.855 -3.68888
20.86 -3.86092
20.865 -4.00292
20.87 -4.11509
20.875 -4.19809
20.88 -4.25308
20.885 -4.28157
20.89 -4.28541
20.895 -4.26672
20.9 -4.22775
20.905 -4.17091
20.91 -4.09859
20.915 -4.01318
20.92 -3.91696
20.925 -3.81208
20.93 -3.70052
20.935 -3.58405
20.94 -3.46424
20.945 -3.34243
20.95 -3.21978
20.955 -3.09724
20.96 -2.9756
20.965 -2.85553
20.97 -2.73757
20.975 -2.61679
