0.005 0.000611275
0.01 0.0024832
0.015 0.00614753
0.02 0.0125909
0.025 0.0227294
0.03 0.0372815
0.035 0.0566662
0.04 0.0809363
0.045 0.109749
0.05 0.142379
0.055 0.177763
0.06 0.214588
0.065 0.251387
0.07 0.286657
0.075 0.318976
0.08 0.347106
0.085 0.37008
0.09 0.387265
0.095 0.398392
0.1 0.403556
0.105 0.403187
0.11 0.397996
0.115 0.388907
0.12 0.376981
0.125 0.363344
0.13 0.349123
0.135 0.335398
0.14 0.323159
0.145 0.313279
0.15 0.306473
0.155 0.303261
0.16 0.303922
0.165 0.308439
0.17 0.316465
0.175 0.327328
0.18 0.340067
0.185 0.353519
0.19 0.366448
0.195 0.377698
0.2 0.386338
0.205 0.391786
0.21 0.393902
0.215 0.393018
0.22 0.389898
0.225 0.385655
0.23 0.381615
0.235 0.379155
0.24 0.379559
0.245 0.383688
0.25 0.401941
0.255 0.422023
0.26 0.447347
0.265 0.476526
0.27 0.507935
0.275 0.539723
0.28 0.569913
0.285 0.596523
0.29 0.617704
0.295 0.631873
0.3 0.637847
0.305 0.634963
0.31 0.619363
0.315 0.596392
0.32 0.565785
0.325 0.529449
0.33 0.48968
0.335 0.448967
0.34 0.409756
0.345 0.374218
0.35 0.344018
0.355 0.320129
0.36 0.302726
0.365 0.291271
0.37 0.28467
0.375 0.281509
0.38 0.280387
0.385 0.280197
0.39 0.280348
0.395 0.280826
0.4 0.282152
0.405 0.285236
0.41 0.291152
0.415 0.300925
0.42 0.31537
0.425 0.335007
0.43 0.360015
0.435 0.385689
0.44 0.417377
0.445 0.453153
0.45 0.492856
0.455 0.543059
0.46 0.596753
0.465 0.655411
0.47 0.718247
0.475 0.784095
0.48 0.851292
0.485 0.917582
0.49 0.980088
0.495 1.03545
0.5 1.07999
0.505 1.10996
0.51 1.12189
0.515 1.11301
0.52 1.08166
0.525 1.02749
0.53 0.95174
0.535 0.857264
0.54 0.748414
0.545 0.624122
0.55 0.498664
0.555 0.378029
0.56 0.269835
0.565 0.180839
0.57 0.116512
0.575 0.0808179
0.58 0.0761753
0.585 0.103545
0.59 0.153071
0.595 0.251935
0.6 0.37633
0.605 0.523623
0.61 0.686595
0.615 0.85743
0.62 1.02811
0.625 1.19085
0.63 1.33857
0.635 1.46536
0.64 1.56692
0.645 1.66334
0.65 1.73025
0.655 1.7745
0.66 1.79798
0.665 1.80442
0.67 1.799
0.675 1.78772
0.68 1.77663
0.685 1.77099
0.69 1.77468
0.695 1.78984
0.7 1.81674
0.705 1.85407
0.71 1.89947
0.715 1.95013
0.72 2.0033
0.725 2.05681
0.73 2.10907
0.735 2.15891
0.74 2.20523
0.745 2.2465
0.75 2.28029
0.755 2.30304
0.76 2.31004
0.765 2.29566
0.77 2.25395
0.775 2.17936
0.78 2.06756
0.785 1.91634
0.79 1.7179
0.795 1.47819
0.8 1.20809
0.805 0.922147
0.81 0.63852
0.815 0.377603
0.82 0.183623
0.825 0.0808444
0.83 0.0725317
0.835 0.160634
0.84 0.338872
0.845 0.592852
0.85 0.900885
0.855 1.23555
0.86 1.56008
0.865 1.85027
0.87 2.07679
0.875 2.20936
0.88 2.22407
0.885 2.10871
0.89 1.85901
0.895 1.48039
0.9 0.987763
0.905 0.404551
0.91 -0.239172
0.915 -0.908996
0.92 -1.5688
0.925 -2.18335
0.93 -2.72079
0.935 -3.15481
0.94 -3.4662
0.945 -3.64377
0.95 -3.68465
0.955 -3.59413
0.96 -3.38478
0.965 -3.07523
0.97 -2.68829
0.975 -2.24892
0.98 -1.78208
0.985 -1.31055
0.99 -0.851171
0.995 -0.418622
1 -0.0225307
1.005 0.332612
1.01 0.642185
1.015 0.904295
1.02 1.12898
1.025 1.32472
1.03 1.50064
1.035 1.66564
1.04 1.82762
1.045 1.99273
1.05 2.16458
1.055 2.34392
1.06 2.52828
1.065 2.71217
1.07 2.88765
1.075 3.04535
1.08 3.1757
1.085 3.27038
1.09 3.32369
1.095 3.33382
1.1 3.30371
1.105 3.24132
1.11 3.1591
1.115 3.07287
1.12 2.99986
1.125 2.95657
1.13 2.95657
1.135 3.00859
1.14 3.11494
1.145 3.27079
1.15 3.4647
1.155 3.67973
1.16 3.89527
1.165 4.08938
1.17 4.24127
1.175 4.33372
1.18 4.35486
1.185 4.29542
1.19 4.16137
1.195 3.95908
1.2 3.70447
1.205 3.4167
1.21 3.11674
1.215 2.8247
1.22 2.55702
1.225 2.32417
1.23 2.12901
1.235 1.96593
1.24 1.82103
1.245 1.67326
1.25 1.49653
1.255 1.26243
1.26 0.94345
1.265 0.516095
1.27 -0.0358769
1.275 -0.718921
1.28 -1.52799
1.285 -2.44591
1.29 -3.44363
1.295 -4.48174
1.3 -5.51306
1.305 -6.48596
1.31 -7.34807
1.315 -8.05006
1.32 -8.5495
1.325 -8.81423
1.33 -8.82511
1.335 -8.57794
1.34 -8.08438
1.345 -7.37149
1.35 -6.47998
1.355 -5.46132
1.36 -4.37274
1.365 -3.2752
1.37 -2.22788
1.375 -1.28306
1.38 -0.482702
1.385 0.121946
1.39 0.53788
1.395 0.763407
1.4 0.815026
1.405 0.720017
1.41 0.513203
1.415 0.233348
1.42 -0.0802586
1.425 -0.390595
1.43 -0.664995
1.435 -0.876655
1.44 -1.00553
1.445 -1.03853
1.45 -0.969399
1.455 -0.798188
1.46 -0.530634
1.465 -0.177361
1.47 0.246955
1.475 0.724568
1.48 1.23584
1.485 1.76034
1.49 2.27796
1.495 2.77008
1.5 3.22049
1.505 3.6161
1.51 3.9475
1.515 4.20927
1.52 4.3999
1.525 4.52153
1.53 4.57935
1.535 4.58064
1.54 4.53379
1.545 4.44716
1.55 4.32826
1.555 4.18312
1.56 4.00565
1.565 3.80776
1.57 3.5898
1.575 3.35332
1.58 3.09945
1.585 2.8292
1.59 2.54395
1.595 2.24557
1.6 1.9364
1.605 1.61926
1.61 1.29722
1.615 0.973261
1.62 0.649964
1.625 0.329306
1.63 0.0122639
1.635 -0.301627
1.64 -0.614495
1.645 -0.930232
1.65 -1.25448
1.655 -1.59417
1.66 -1.95673
1.665 -2.34889
1.67 -2.77531
1.675 -3.23732
1.68 -3.73196
1.685 -4.25172
1.69 -4.78483
1.695 -5.31618
1.7 -5.82872
1.705 -6.30521
1.71 -6.72989
1.715 -7.08977
1.72 -7.37588
1.725 -7.58397
1.73 -7.71479
1.735 -7.77373
1.74 -7.77035
1.745 -7.71738
1.75 -7.62938
1.755 -7.52112
1.76 -7.40604
1.765 -7.29864
1.77 -7.20191
1.775 -7.11653
1.78 -7.0361
1.785 -6.94762
1.79 -6.83203
1.795 -6.66538
1.8 -6.4207
1.805 -6.07044
1.81 -5.58953
1.815 -4.95863
1.82 -4.16711
1.825 -3.21539
1.83 -2.11649
1.835 -0.896454
1.84 0.40663
1.845 1.74485
1.85 3.06379
1.855 4.3067
1.86 5.41904
1.865 6.35309
1.87 7.07221
1.875 7.5541
1.88 7.79316
1.885 7.80126
1.89 7.60701
1.895 7.25351
1.9 6.79499
1.905 6.29226
1.91 5.80761
1.915 5.39968
1.92 5.11875
1.925 5.0028
1.93 5.07472
1.935 5.34077
1.94 5.79031
1.945 6.39686
1.95 7.12063
1.955 7.91194
1.96 8.71553
1.965 9.47514
1.97 10.1381
1.975 10.6586
1.98 11.0043
1.985 11.155
1.99 11.1051
1.995 10.8629
2 10.4493
2.005 9.89435
2.01 9.23424
2.015 8.50699
2.02 7.74882
2.025 6.99067
2.03 6.25564
2.035 5.55756
2.04 4.90058
2.045 4.27977
2.05 3.68271
2.055 3.09158
2.06 2.4857
2.065 1.84408
2.07 1.14772
2.075 0.381787
2.08 -0.462743
2.085 -1.3881
2.09 -2.38947
2.095 -3.45537
2.1 -4.56872
2.105 -5.70847
2.11 -6.85169
2.115 -7.9755
2.12 -9.05879
2.125 -10.0834
2.13 -11.0346
2.135 -11.9012
2.14 -12.6749
2.145 -13.3492
2.15 -13.9192
2.155 -14.3802
2.16 -14.7277
2.165 -14.9573
2.17 -15.065
2.175 -15.048
2.18 -14.905
2.185 -14.6373
2.19 -14.2488
2.195 -13.7466
2.2 -13.1403
2.205 -12.4425
2.21 -11.6682
2.215 -10.835
2.22 -9.96362
2.225 -9.07729
2.23 -8.19904
2.235 -7.35325
2.24 -6.5635
2.245 -5.85046
2.25 -5.22981
2.255 -4.71037
2.26 -4.29276
2.265 -3.96886
2.27 -3.72215
2.275 -3.52922
2.28 -3.36189
2.285 -3.18984
2.29 -2.98341
2.295 -2.7161
2.3 -2.36649
2.305 -1.91944
2.31 -1.36617
2.315 -0.703522
2.32 0.0670455
2.325 0.940698
2.33 1.91046
2.335 2.9681
2.34 4.10448
2.345 5.3094
2.35 6.57082
2.355 7.87391
2.36 9.20015
2.365 10.5263
2.37 11.8239
2.375 13.0591
2.38 14.1935
2.385 15.1865
2.39 15.9971
2.395 16.5877
2.4 16.9279
2.405 16.7006
2.41 16.4116
2.415 15.9598
2.42 15.3587
2.425 14.5281
2.43 13.5263
2.435 12.4042
2.44 11.2141
2.445 10.0096
2.45 8.84185
2.455 7.75602
2.46 6.78819
2.465 5.96326
2.47 5.29364
2.475 4.77909
2.48 4.40716
2.485 4.15495
2.49 3.99147
2.495 3.88086
2.5 3.7858
2.505 3.67116
2.51 3.5071
2.515 3.2718
2.52 2.95335
2.525 2.55053
2.53 2.07253
2.535 1.53746
2.54 0.969936
2.545 0.397807
2.55 -0.15175
2.555 -0.65592
2.56 -1.09966
2.565 -1.47823
2.57 -1.79853
2.575 -2.07887
2.58 -2.34747
2.585 -2.63948
2.59 -2.99308
2.595 -3.44505
2.6 -4.02603
2.605 -4.75619
2.61 -5.6419
2.615 -6.67362
2.62 -7.82547
2.625 -9.05663
2.63 -10.315
2.635 -11.539
2.64 -12.6655
2.645 -13.6332
2.65 -14.3879
2.655 -14.8861
2.66 -15.0985
2.665 -15.0101
2.67 -14.6228
2.675 -13.9549
2.68 -13.0374
2.685 -11.9124
2.69 -10.6293
2.695 -9.24139
2.7 -7.80263
2.705 -6.36469
2.71 -4.97469
2.715 -3.6734
2.72 -2.49445
2.725 -1.46408
2.73 -0.600982
2.735 0.0834485
2.74 0.584975
2.745 0.906219
2.75 1.05613
2.755 1.04927
2.76 0.904973
2.765 0.64635
2.77 0.299162
2.775 -0.109003
2.78 -0.549206
2.785 -0.991397
2.79 -1.4047
2.795 -1.75787
2.8 -2.02023
2.805 -2.16332
2.81 -2.16305
2.815 -2.00205
2.82 -1.67187
2.825 -1.17482
2.83 -0.524684
2.835 0.25342
2.84 1.12452
2.845 2.04647
2.85 2.97363
2.855 3.86118
2.86 4.66949
2.865 5.36844
2.87 5.94068
2.875 6.38371
2.88 6.71032
2.885 6.94727
2.89 7.13252
2.895 7.31102
2.9 7.5294
2.905 7.83008
2.91 8.24548
2.915 8.79274
2.92 9.46991
2.925 10.2537
2.93 11.0999
2.935 11.9819
2.94 12.8336
2.945 13.5758
2.95 14.1287
2.955 14.417
2.96 14.3786
2.965 13.971
2.97 13.1757
2.975 12.0012
2.98 10.4805
2.985 8.66947
2.99 6.64163
2.995 4.48198
3 2.28049
3.005 0.125677
3.01 -1.90116
3.015 -3.73064
3.02 -5.20353
3.025 -6.1889
3.03 -6.75044
3.035 -6.92456
3.04 -6.76967
3.045 -6.35919
3.05 -5.77381
3.055 -5.09403
3.06 -4.39347
3.065 -3.73331
3.07 -3.15838
3.075 -2.69495
3.08 -2.35037
3.085 -2.11446
3.09 -1.96269
3.095 -1.86071
3.1 -1.76986
3.105 -1.65304
3.11 -1.48008
3.115 -1.23236
3.12 -0.905731
3.125 -0.511574
3.13 -0.0757507
3.135 0.364149
3.14 0.763114
3.145 1.07383
3.15 1.25191
3.155 1.23245
3.16 1.00792
3.165 0.56683
3.17 -0.0852759
3.175 -0.929244
3.18 -1.93413
3.185 -3.0595
3.19 -4.25813
3.195 -5.47862
3.2 -6.66781
3.205 -7.77297
3.21 -8.74377
3.215 -9.53405
3.22 -10.1035
3.225 -10.4187
3.23 -10.4551
3.235 -10.1972
3.24 -9.64048
3.245 -8.79152
3.25 -7.66842
3.255 -6.30034
3.26 -4.72634
3.265 -2.99348
3.27 -1.15421
3.275 0.736721
3.28 2.62549
3.285 4.46225
3.29 6.20355
3.295 7.81394
3.3 9.26653
3.305 10.5425
3.31 11.6301
3.315 12.5224
3.32 13.2161
3.325 13.7094
3.33 14.0008
3.335 14.0889
3.34 13.9718
3.345 13.6481
3.35 13.1179
3.355 12.3834
3.36 11.4506
3.365 10.3299
3.37 9.03598
3.375 7.5882
3.38 6.00966
3.385 4.3261
3.39 2.56508
3.395 0.754487
3.4 -1.07814
3.405 -2.93866
3.41 -4.77461
3.415 -6.56379
3.42 -8.27827
3.425 -9.89049
3.43 -11.3739
3.435 -12.7039
3.44 -13.8592
3.445 -14.8233
3.45 -15.586
3.455 -16.1443
3.46 -16.5044
3.465 -16.6814
3.47 -16.7
3.475 -16.5928
3.48 -16.3994
3.485 -16.1637
3.49 -15.9313
3.495 -15.7458
3.5 -15.6464
3.505 -14.7039
3.51 -14.3732
3.515 -14.3327
3.52 -14.5944
3.525 -15.1489
3.53 -15.9855
3.535 -17.0797
3.54 -17.8456
3.545 -19.0072
3.55 -20.332
3.555 -21.7538
3.56 -23.201
3.565 -24.6022
3.57 -25.8961
3.575 -27.0254
3.58 -27.9461
3.585 -28.6297
3.59 -29.0125
3.595 -29.0051
3.6 -28.7002
3.605 -28.1533
3.61 -27.4285
3.615 -26.591
3.62 -25.7001
3.625 -24.8037
3.63 -23.9339
3.635 -23.1045
3.64 -22.3109
3.645 -21.5318
3.65 -20.7332
3.655 -19.8733
3.66 -18.9077
3.665 -17.7962
3.67 -16.5071
3.675 -15.0222
3.68 -13.3394
3.685 -11.4746
3.69 -9.46133
3.695 -7.34967
3.7 -5.20337
3.705 -3.09615
3.71 -1.10729
3.715 0.68355
3.72 2.2015
3.725 3.38128
3.73 3.54545
3.735 3.43589
3.74 3.06081
3.745 2.43296
3.75 1.56866
3.755 0.875903
3.76 -0.32839
3.765 -1.83096
3.77 -3.58473
3.775 -5.64873
3.78 -7.84776
3.785 -10.1227
3.79 -12.3982
3.795 -14.5997
3.8 -16.669
3.805 -18.5653
3.81 -20.2681
3.815 -21.7776
3.82 -23.1136
3.825 -23.0529
3.83 -23.556
3.835 -24.1479
3.84 -26.5053
3.845 -28.2226
3.85 -30.0547
3.855 -30.1145
3.86 -31.0345
3.865 -32.2858
3.87 -33.8941
3.875 -35.8547
3.88 -38.1323
3.885 -38.9786
3.89 -40.9453
3.895 -43.1579
3.9 -45.4941
3.905 -48.5874
3.91 -51.223
3.915 -53.4892
3.92 -55.3006
3.925 -56.5967
3.93 -61.2541
3.935 -64.4399
3.94 -66.4862
3.945 -67.4454
3.95 -67.3299
3.955 -66.1906
3.96 -63.7663
3.965 -60.3372
3.97 -56.0715
3.975 -51.113
3.98 -45.581
3.985 -39.5774
3.99 -33.1865
3.995 -26.4824
4 -19.5315
4.005 -12.3941
4.01 -5.13051
4.015 -0.377635
4.02 3.94216
4.025 7.39844
4.03 10.0829
4.035 12.1177
4.04 13.6431
4.045 15.3343
4.05 16.5402
4.055 17.6264
4.06 14.9769
4.065 14.403
4.07 14.1765
4.075 14.2034
4.08 14.3888
4.085 18.1864
4.09 23.6641
4.095 27.4392
4.1 30.9681
4.105 30.8921
4.11 31.7424
4.115 30.8222
4.12 31.175
4.125 32.1381
4.13 33.7816
4.135 37.5333
4.14 40.9583
4.145 44.3149
4.15 55.463
4.155 62.7721
4.16 68.6503
4.165 72.9849
4.17 75.6519
4.175 76.5979
4.18 75.8398
4.185 73.4618
4.19 68.6557
4.195 62.4901
4.2 55.151
4.205 47.0399
4.21 36.9125
4.215 27.5494
4.22 18.7476
4.225 10.948
4.23 4.43257
4.235 -0.619144
4.24 -4.11977
4.245 -6.07421
4.25 -6.56874
4.255 -5.75642
4.26 -2.06721
4.265 2.97046
4.27 9.166
4.275 16.0631
4.28 23.2099
4.285 30.1843
4.29 36.6043
4.295 42.1491
4.3 46.5876
4.305 49.2943
4.31 50.8125
4.315 51.0429
4.32 50.0436
4.325 47.9169
4.33 44.7995
4.335 40.852
4.34 36.25
4.345 31.1755
4.35 25.8097
4.355 22.2574
4.36 18.309
4.365 12.6912
4.37 7.78982
4.375 3.09699
4.38 -1.29309
4.385 -5.29363
4.39 -8.82865
4.395 -11.8368
4.4 -14.2747
4.405 -16.1206
4.41 -17.3757
4.415 -18.0647
4.42 -18.1773
4.425 -17.692
4.43 -16.6296
4.435 -15.0335
4.44 -12.787
4.445 -10.314
4.45 -7.61704
4.455 -4.80061
4.46 -1.69864
4.465 1.41623
4.47 4.37418
4.475 7.00954
4.48 8.94725
4.485 9.8471
4.49 8.8577
4.495 6.23462
4.5 2.48838
4.505 -1.98497
4.51 -6.76353
4.515 -11.3831
4.52 -15.4023
4.525 -18.4386
4.53 -19.9092
4.535 -19.798
4.54 -18.0438
4.545 -14.3914
4.55 -9.73608
4.555 -4.19165
4.56 1.8785
4.565 6.50816
4.57 11.532
4.575 16.1931
4.58 20.1968
4.585 23.2675
4.59 25.2311
4.595 25.9901
4.6 25.5298
4.605 23.9212
4.61 21.3059
4.615 17.8827
4.62 13.8913
4.625 9.59327
4.63 5.25383
4.635 1.12425
4.64 -2.57331
4.645 -5.7609
4.65 -8.20405
4.655 -9.66069
4.66 -9.85892
4.665 -8.72759
4.67 -6.50821
4.675 -3.21534
4.68 0.955859
4.685 5.76355
4.69 10.9318
4.695 16.1745
4.7 21.2172
4.705 25.8204
4.71 29.7969
4.715 33.0251
4.72 35.4523
4.725 37.0977
4.73 38.0497
4.735 38.5909
4.74 38.9907
4.745 39.3178
4.75 39.7202
4.755 40.332
4.76 41.2611
4.765 42.5783
4.77 44.3095
4.775 46.4323
4.78 48.8744
4.785 51.517
4.79 54.2
4.795 56.731
4.8 58.8953
4.805 60.4683
4.81 61.2285
4.815 60.9712
4.82 59.5214
4.825 56.7472
4.83 52.5696
4.835 46.7295
4.84 39.2451
4.845 30.327
4.85 20.2176
4.855 9.22917
4.86 -2.27261
4.865 -13.8886
4.87 -25.2075
4.875 -35.8273
4.88 -45.375
4.885 -52.519
4.89 -57.377
4.895 -57.1105
4.9 -56.2267
4.905 -53.5269
4.91 -49.8797
4.915 -44.6539
4.92 -38.3395
4.925 -31.2017
4.93 -23.5052
4.935 -20.4212
4.94 -14.7
4.945 -8.60708
4.95 -2.24944
4.955 4.24744
4.96 10.7381
4.965 17.0052
4.97 22.8047
4.975 27.896
4.98 32.0554
4.985 35.0465
4.99 36.6912
4.995 36.887
5 35.5574
5.005 31.8634
5.01 25.8427
5.015 18.2836
5.02 9.87591
5.025 1.21627
5.03 -7.1029
5.035 -13.4227
5.04 -18.6843
5.045 -22.5879
5.05 -24.5415
5.055 -24.7973
5.06 -23.388
5.065 -20.5193
5.07 -16.4849
5.075 -11.5674
5.08 -6.02184
5.085 -0.05102
5.09 6.05276
5.095 12.1025
5.1 17.0773
5.105 21.6182
5.11 25.7178
5.115 28.9861
5.12 31.2887
5.125 33.0461
5.13 34.895
5.135 37.1719
5.14 40.1853
5.145 44.1429
5.15 46.9507
5.155 50.8174
5.16 55.1832
5.165 61.9592
5.17 68.5405
5.175 74.7992
5.18 80.4419
5.185 85.225
5.19 88.9663
5.195 91.7801
5.2 93.2938
5.205 93.634
5.21 91.7104
5.215 89.5014
5.22 86.8555
5.225 84.0392
5.23 87.7753
5.235 85.7412
5.24 84.0818
5.245 82.6829
5.25 81.6075
5.255 80.9054
5.26 80.623
5.265 80.7898
5.27 81.4199
5.275 82.5124
5.28 84.0505
5.285 86.0099
5.29 88.3547
5.295 91.0323
5.3 93.9783
5.305 97.1169
5.31 100.364
5.315 104.54
5.32 108.255
5.325 111.693
5.33 112.879
5.335 114.302
5.34 115.206
5.345 115.507
5.35 115.137
5.355 114.048
5.36 112.213
5.365 109.628
5.37 104.319
5.375 95.2233
5.38 83.6955
5.385 70.3662
5.39 55.9238
5.395 41.0604
5.4 26.4218
5.405 12.567
5.41 -0.0623513
5.415 -11.1588
5.42 -16.5581
5.425 -19.4959
5.43 -19.5498
5.435 -17.2355
5.44 -13.1829
5.445 -8.07854
5.45 -2.61167
5.455 2.57377
5.46 6.9169
5.465 9.96608
5.47 11.3924
5.475 12.0464
5.48 10.3754
5.485 3.8986
5.49 -2.76102
5.495 -9.74987
5.5 -16.6703
5.505 -23.0653
5.51 -28.5001
5.515 -32.6838
5.52 -20.7767
5.525 -11.1056
5.53 -1.98925
5.535 6.40584
5.54 13.9191
5.545 20.3847
5.55 17.0624
5.555 16.3523
5.56 15.5718
5.565 14.7061
5.57 13.7498
5.575 -32.9584
5.58 -81.2846
5.585 -130.834
5.59 -171.324
5.595 -167.835
5.6 -183.643
5.605 -197.641
5.61 -211.904
5.615 -222.682
5.62 -233.301
5.625 -243.373
5.63 -243.097
5.635 -244.577
5.64 -247.999
5.645 -250.615
5.65 -241.584
5.655 -235.024
5.66 -227.181
5.665 -220.5
5.67 -211.768
5.675 -207.939
5.68 -200.971
5.685 -193.353
5.69 -185.19
5.695 -176.561
5.7 -167.542
5.705 -158.235
5.71 -148.736
5.715 -139.143
5.72 -133.009
5.725 -125.42
5.73 -127.079
5.735 -124.841
5.74 -122.087
5.745 -116.792
5.75 -110.72
5.755 -103.751
5.76 -96.1468
5.765 -88.1906
5.77 -80.1714
5.775 -72.3721
5.78 -65.0572
5.785 -58.4612
5.79 -52.7792
5.795 -48.1596
5.8 -44.6997
5.805 -42.4431
5.81 -41.3807
5.815 -41.453
5.82 -42.1945
5.825 -43.7206
5.83 -45.8823
5.835 -48.5507
5.84 -55.9382
5.845 -64.3104
5.85 -73.8891
5.855 -84.1142
5.86 -94.4272
5.865 -104.299
5.87 -113.255
5.875 -120.181
5.88 -125.247
5.885 -127.949
5.89 -127.946
5.895 -125.008
5.9 -119.004
5.905 -109.929
5.91 -97.9019
5.915 -83.1686
5.92 -66.0903
5.925 -47.1266
5.93 -26.8121
5.935 -5.7278
5.94 20.243
5.945 44.7991
5.95 60.4247
5.955 74.0526
5.96 85.6127
5.965 94.2281
5.97 99.4875
5.975 101.142
5.98 102.357
5.985 80.7011
5.99 60.4274
5.995 40.2392
6 20.5109
6.005 1.59635
6.01 -16.1785
6.015 -12.7067
6.02 -12.4638
6.025 -12.2353
6.03 -12.0219
6.035 -11.8237
6.04 -11.6409
6.045 -11.4731
6.05 -11.3193
6.055 -11.1782
6.06 -11.0484
6.065 -10.9286
6.07 -10.8173
6.075 -10.7135
6.08 -10.6166
6.085 -10.526
6.09 -10.4413
6.095 -10.3623
6.1 -10.2887
6.105 -10.22
6.11 -10.1557
6.115 -8.95829
6.12 -7.22717
6.125 -4.91786
6.13 -2.08096
6.135 1.22549
6.14 4.93721
6.145 8.98485
6.15 13.2951
6.155 17.7916
6.16 22.3962
6.165 27.0303
6.17 31.6162
6.175 36.1004
6.18 40.43
6.185 44.5366
6.19 48.345
6.195 51.7537
6.2 54.6671
6.205 77.9387
6.21 97.3194
6.215 121.743
6.22 145.479
6.225 164.593
6.23 179.281
6.235 188.265
6.24 197.137
6.245 197.519
6.25 191.494
6.255 179.275
6.26 182.037
6.265 167.399
6.27 145.611
6.275 118.224
6.28 87.324
6.285 55.0771
6.29 23.5625
6.295 -3.87776
6.3 -27.8816
6.305 -47.1446
6.31 -57.1803
6.315 -64.4421
6.32 -67.7879
6.325 -67.6788
6.33 -64.741
6.335 -59.0147
6.34 -51.9659
6.345 -44.2709
6.35 -36.6566
6.355 -29.7022
6.36 -23.8071
6.365 -19.1774
6.37 -15.8305
6.375 -13.0485
6.38 -10.8555
6.385 -8.89965
6.39 -6.82134
6.395 -4.27348
6.4 -0.966805
6.405 3.29318
6.41 8.58067
6.415 14.8367
6.42 21.8724
6.425 29.3813
6.43 36.9607
6.435 44.1424
6.44 50.4299
6.445 55.338
6.45 58.4302
6.455 59.3521
6.46 57.4932
6.465 52.7058
6.47 45.1263
6.475 34.9846
6.48 22.6555
6.485 9.31748
6.49 -4.99345
6.495 -19.3696
6.5 -29.1402
6.505 -38.9653
6.51 -47.5319
6.515 -54.5267
6.52 -59.6765
6.525 -62.7816
6.53 -63.7519
6.535 -62.581
6.54 -59.3476
6.545 -54.2085
6.55 -47.3899
6.555 -39.0282
6.56 -29.4538
6.565 -19.1084
6.57 -8.41074
6.575 2.22369
6.58 12.3983
6.585 21.7525
6.59 29.9763
6.595 36.8202
6.6 42.0882
6.605 45.6509
6.61 47.4619
6.615 47.2722
6.62 45.3862
6.625 41.9472
6.63 37.2013
6.635 31.4395
6.64 26.8821
6.645 20.0634
6.65 12.394
6.655 4.33758
6.66 -3.69413
6.665 -11.3132
6.67 -18.1732
6.675 -23.9843
6.68 -28.525
6.685 -31.6495
6.69 -33.0394
6.695 -32.9187
6.7 -31.3597
6.705 -28.5484
6.71 -24.7269
6.715 -20.1769
6.72 -15.2028
6.725 -10.1136
6.73 -5.2059
6.735 -0.748323
6.74 3.03141
6.745 5.95042
6.75 7.87076
6.755 8.70698
6.76 8.43178
6.765 7.35576
6.77 4.98536
6.775 1.67884
6.78 -2.22859
6.785 -6.27968
6.79 -9.83186
6.795 -12.716
6.8 -14.5341
6.805 -15.0488
6.81 -14.2426
6.815 -12.2085
6.82 -9.07388
6.825 -5.09539
6.83 -0.428501
6.835 4.56406
6.84 9.6127
6.845 14.4533
6.85 18.8454
6.855 22.5834
6.86 25.5055
6.865 27.5003
6.87 28.53
6.875 28.5974
6.88 27.7343
6.885 26.0301
6.89 23.6128
6.895 20.6175
6.9 17.041
6.905 13.1736
6.91 9.21972
6.915 5.39098
6.92 1.88518
6.925 -1.12383
6.93 -3.49376
6.935 -5.11993
6.94 -5.93915
6.945 -5.99998
6.95 -5.41065
6.955 -4.15312
6.96 -2.40713
6.965 -0.165187
6.97 2.46253
6.975 5.37264
6.98 8.4556
6.985 11.6004
6.99 14.6993
6.995 17.6522
7 20.3704
7.005 22.7802
7.01 24.8257
7.015 26.4703
7.02 27.6967
7.025 28.5105
7.03 28.9382
7.035 29.9052
7.04 32.7267
7.045 37.6487
7.05 45.4604
7.055 56.2021
7.06 69.8902
7.065 87.0152
7.07 105.542
7.075 124.863
7.08 143.919
7.085 161.602
7.09 176.741
7.095 188.22
7.1 195.157
7.105 196.923
7.11 193.201
7.115 199.541
7.12 197.204
7.125 189.055
7.13 175.692
7.135 157.994
7.14 136.936
7.145 113.589
7.15 89.0434
7.155 64.3263
7.16 40.3405
7.165 17.8163
7.17 -1.5105
7.175 -19.0882
7.18 -34.4361
7.185 -47.6001
7.19 -58.7438
7.195 -65.0555
7.2 -71.6911
7.205 -77.5417
7.21 -82.3854
7.215 -85.9018
7.22 -88.0997
7.225 -88.9767
7.23 -88.539
7.235 -86.5772
7.24 -83.1799
7.245 -78.6223
7.25 -73.1549
7.255 -66.0117
7.26 -55.9901
7.265 -44.5441
7.27 -32.809
7.275 -20.8755
7.28 -9.30144
7.285 -2.56798
7.29 4.75929
7.295 11.0779
7.3 16.2963
7.305 20.4457
7.31 23.6142
7.315 26.1327
7.32 27.7854
7.325 28.7084
7.33 28.9493
7.335 28.5075
7.34 27.3304
7.345 26.6047
7.35 24.9036
7.355 22.1498
7.36 18.5009
7.365 14.2938
7.37 9.76928
7.375 5.16662
7.38 0.702874
7.385 -3.42795
7.39 -7.04986
7.395 -10.0234
7.4 -12.2483
7.405 -13.6659
7.41 -14.2599
7.415 -14.0558
7.42 -13.1168
7.425 -11.3197
7.43 -8.94112
7.435 -6.16037
7.44 -3.42797
7.445 -0.783825
7.45 1.54617
7.455 3.39821
7.46 4.64159
7.465 5.1848
7.47 4.97871
7.475 4.01742
7.48 3.90169
7.485 2.51251
7.49 0.448747
7.495 -2.21182
7.5 -5.36621
7.505 -8.95132
7.51 -12.7798
7.515 -16.7107
7.52 -20.5945
7.525 -24.2902
7.53 -27.6718
7.535 -30.6335
7.54 -33.0941
7.545 -34.9995
7.55 -36.3237
7.555 -37.0836
7.56 -37.6387
7.565 -37.8521
7.57 -37.7822
7.575 -37.5745
7.58 -37.4196
7.585 -37.442
7.59 -37.7462
7.595 -38.1484
7.6 -38.87
7.605 -39.9498
7.61 -41.3839
7.615 -43.1428
7.62 -45.1749
7.625 -47.409
7.63 -49.759
7.635 -52.1286
7.64 -54.4162
7.645 -56.5197
7.65 -58.3428
7.655 -59.7991
7.66 -56.3332
7.665 -53.8649
7.67 -51.2756
7.675 -48.5837
7.68 -45.8085
7.685 -42.9697
7.69 -40.0893
7.695 -37.189
7.7 -34.2891
7.705 -31.4091
7.71 -28.5682
7.715 -25.7846
7.72 -23.0755
7.725 -20.4572
7.73 -17.9454
7.735 -15.5547
7.74 -13.2984
7.745 -11.189
7.75 -9.23764
7.755 -7.45457
7.76 -5.84872
7.765 -4.42763
7.77 -3.19729
7.775 -2.16217
7.78 -1.3252
7.785 0.0909428
7.79 2.19101
7.795 4.77365
7.8 7.76476
7.805 9.34308
7.81 10.8063
7.815 11.8457
7.82 12.4993
7.825 12.8325
7.83 12.9348
7.835 12.9148
7.84 13.3517
7.845 16.1629
7.85 18.9133
7.855 21.7578
7.86 24.5451
7.865 27.0825
7.87 29.2717
7.875 31.0202
7.88 32.2598
7.885 32.949
7.89 33.0736
7.895 32.6018
7.9 31.5033
7.905 29.7862
7.91 27.4738
7.915 24.6087
7.92 21.2445
7.925 17.4662
7.93 13.3829
7.935 9.10443
7.94 4.30114
7.945 -0.413399
7.95 -4.89054
7.955 -8.92725
7.96 -12.3464
7.965 -15.0074
7.97 -16.812
7.975 -17.7075
7.98 -18.2356
7.985 -18.0561
7.99 -17.2598
7.995 -15.8972
8 -14.0902
8.005 -11.9568
8.01 -9.5424
8.015 -6.92804
8.02 -4.19758
8.025 -1.4347
8.03 1.27529
8.035 3.85197
8.04 6.22402
8.045 8.18264
8.05 9.75604
8.055 10.9128
8.06 11.6558
8.065 12.0094
8.07 12.0209
8.075 11.7575
8.08 11.2982
8.085 10.7299
8.09 10.1412
8.095 9.61727
8.1 9.23583
8.105 9.06327
8.11 9.1511
8.115 9.52782
8.12 10.2549
8.125 11.2104
8.13 12.3769
8.135 13.7006
8.14 15.1156
8.145 16.547
8.15 17.9152
8.155 19.14
8.16 20.1436
8.165 20.8554
8.17 21.2149
8.175 21.1742
8.18 20.6999
8.185 19.774
8.19 18.3944
8.195 16.5746
8.2 14.342
8.205 11.7371
8.21 8.8102
8.215 5.61984
8.22 2.22954
8.225 -1.29456
8.23 -4.88659
8.235 -8.48347
8.24 -11.1824
8.245 -14.0192
8.25 -16.8209
8.255 -19.5717
8.26 -22.2572
8.265 -24.8632
8.27 -27.3751
8.275 -29.779
8.28 -32.0611
8.285 -34.2081
8.29 -36.2076
8.295 -38.0472
8.3 -39.7152
8.305 -41.2004
8.31 -42.4921
8.315 -43.5804
8.32 -44.4557
8.325 -45.1092
8.33 -45.5325
8.335 -45.718
8.34 -45.6594
8.345 -45.3525
8.35 -43.0517
8.355 -40.7394
8.36 -38.3649
8.365 -35.95
8.37 -33.5152
8.375 -31.0801
8.38 -28.6635
8.385 -26.2834
8.39 -23.0445
8.395 -18.9064
8.4 -13.9472
8.405 -8.22809
8.41 -1.87088
8.415 4.94818
8.42 12.0096
8.425 19.0653
8.43 25.8545
8.435 32.122
8.44 36.6246
8.445 39.3058
8.45 40.2125
8.455 39.4032
8.46 37.0313
8.465 33.3345
8.47 28.6187
8.475 23.2385
8.48 17.5747
8.485 12.011
8.49 11.0573
8.495 8.5587
8.5 7.44095
8.505 6.5381
8.51 6.06841
8.515 6.01268
8.52 6.31847
8.525 6.91982
8.53 7.74122
8.535 8.69001
8.54 9.66654
8.545 10.5798
8.55 11.3461
8.555 11.8935
8.56 12.1649
8.565 12.1207
8.57 11.7312
8.575 10.984
8.58 9.89193
8.585 8.48484
8.59 6.55713
8.595 4.38753
8.6 2.05086
8.605 -0.33034
8.61 -2.6311
8.615 -4.73087
8.62 -6.51982
8.625 -7.90432
8.63 -8.80703
8.635 -9.31048
8.64 -9.30431
8.645 -8.78607
8.65 -7.76101
8.655 -6.35346
8.66 -4.55557
8.665 -2.40501
8.67 0.0490473
8.675 2.74808
8.68 5.62615
8.685 8.61227
8.69 11.6333
8.695 14.6164
8.7 17.4917
8.705 20.1949
8.71 22.5324
8.715 24.5198
8.72 26.1294
8.725 27.3603
8.73 28.2296
8.735 28.7706
8.74 29.0301
8.745 29.0651
8.75 28.939
8.755 28.7183
8.76 28.4682
8.765 28.2502
8.77 28.1177
8.775 28.1147
8.78 28.273
8.785 28.6121
8.79 29.1389
8.795 29.8485
8.8 30.6116
8.805 32.4962
8.81 36.9115
8.815 43.7449
8.82 53.7889
8.825 66.9606
8.83 82.9408
8.835 101.113
8.84 120.615
8.845 140.366
8.85 163.528
8.855 184.808
8.86 202.443
8.865 215.862
8.87 224.096
8.875 226.47
8.88 220.49
8.885 224.373
8.89 223.961
8.895 222.029
8.9 209.063
8.905 192.007
8.91 170.789
8.915 146.689
8.92 121.021
8.925 95.0335
8.93 69.8266
8.935 46.2871
8.94 25.0496
8.945 6.48172
8.95 -7.93171
8.955 -20.6453
8.96 -31.1891
8.965 -39.9579
8.97 -68.1765
8.975 -84.2883
8.98 -99.5256
8.985 -112.508
8.99 -122.737
8.995 -129.726
9 -133.237
9.005 -133.216
9.01 -129.961
9.015 -123.799
9.02 -115.174
9.025 -100.922
9.03 -84.0729
9.035 -65.1762
9.04 -45.1487
9.045 -24.8507
9.05 -5.05743
9.055 13.564
9.06 30.4679
9.065 45.2422
9.07 55.8943
9.075 64.8447
9.08 65.6936
9.085 67.5514
9.09 67.9923
9.095 67.1484
9.1 65.076
9.105 61.7613
9.11 57.7089
9.115 52.0477
9.12 44.8904
9.125 36.1381
9.13 29.6375
9.135 20.3845
9.14 10.5914
9.145 0.721824
9.15 -8.76879
9.155 -17.4634
9.16 -25.0005
9.165 -31.0878
9.17 -35.5126
9.175 -38.1481
9.18 -38.9552
9.185 -37.981
9.19 -35.3529
9.195 -31.2702
9.2 -25.9006
9.205 -19.4151
9.21 -12.2949
9.215 -4.9492
9.22 2.21505
9.225 8.81299
9.23 14.4995
9.235 18.9843
9.24 22.0436
9.245 23.5283
9.25 23.1862
9.255 21.1612
9.26 17.5306
9.265 12.3544
9.27 5.94689
9.275 -1.4213
9.28 -9.45046
9.285 -18.1386
9.29 -27.5872
9.295 -36.1458
9.3 -45.6764
9.305 -55.5677
9.31 -65.6901
9.315 -75.8985
9.32 -72.2021
9.325 -72.745
9.33 -72.5975
9.335 -71.4567
9.34 -69.6043
9.345 -67.1256
9.35 -64.15
9.355 -60.8166
9.36 -57.2689
9.365 -53.6493
9.37 -51.4706
9.375 -49.3931
9.38 -47.4773
9.385 -71.244
9.39 -88.2207
9.395 -105.385
9.4 -122.295
9.405 -145.565
9.41 -165.129
9.415 -181.936
9.42 -196.041
9.425 -221.47
9.43 -239.363
9.435 -254.649
9.44 -267.113
9.445 -276.614
9.45 -283.075
9.455 -286.488
9.46 -286.907
9.465 -284.453
9.47 -273.413
9.475 -256.348
9.48 -234.741
9.485 -210.024
9.49 -183.699
9.495 -157.253
9.5 -132.084
9.505 -107.354
9.51 -71.9826
9.515 -43.5706
9.52 -21.6805
9.525 -6.527
9.53 2.06512
9.535 7.94012
9.54 9.38011
9.545 7.86942
9.55 4.41771
9.555 0.0430542
9.56 -4.30384
9.565 -7.81805
9.57 -9.907
9.575 -10.2116
9.58 -8.61636
9.585 -5.23862
9.59 -0.391709
9.595 6.4704
9.6 14.0489
9.605 21.4707
9.61 27.859
9.615 32.4294
9.62 32.3832
9.625 27.7504
9.63 19.0125
9.635 7.19726
9.64 -7.07963
9.645 -22.999
9.65 -39.5879
9.655 -55.827
9.66 -70.7218
9.665 -83.3663
9.67 -92.9992
9.675 -98.3255
9.68 -99.0915
9.685 -95.3979
9.69 -87.6307
9.695 -76.44
9.7 -62.6771
9.705 -46.0485
9.71 -29.1356
9.715 -12.5432
9.72 1.49645
9.725 14.4653
9.73 25.3214
9.735 27.8672
9.74 31.4267
9.745 33.3495
9.75 35.2288
9.755 35.7798
9.76 35.3916
9.765 34.3079
9.77 32.5262
9.775 29.9688
9.78 26.7216
9.785 22.877
9.79 18.5569
9.795 13.9073
9.8 9.09221
9.805 4.23535
9.81 -14.4874
9.815 -25.3364
9.82 -15.7639
9.825 -15.6103
9.83 -15.4514
9.835 -15.288
9.84 -15.1205
9.845 -14.9492
9.85 -14.7742
9.855 -14.5955
9.86 -14.413
9.865 -14.2271
9.87 -14.0377
9.875 -13.8452
9.88 -13.0192
9.885 -11.2227
9.89 -8.73521
9.895 -5.61347
9.9 -1.92389
9.905 2.25858
9.91 6.85192
9.915 11.7687
9.92 16.9175
9.925 22.2049
9.93 27.5366
9.935 32.8187
9.94 37.9601
9.945 42.3123
9.95 45.2313
9.955 46.9775
9.96 47.5606
9.965 47.0305
9.97 45.4744
9.975 43.0119
9.98 39.7892
9.985 35.9728
9.99 31.7427
9.995 27.2856
10 22.7873
10.005 18.4263
10.01 14.3676
10.015 10.7569
10.02 7.71655
10.025 5.34175
10.03 3.42705
10.035 2.24344
10.04 1.84261
10.045 4.88592
10.05 12.858
10.055 26.0683
10.06 41.1349
10.065 59.3569
10.07 54.1089
10.075 49.8571
10.08 45.3296
10.085 41.2687
10.09 39.2193
10.095 36.5464
10.1 33.9776
10.105 31.5585
10.11 29.33
10.115 27.3282
10.12 68.6516
10.125 93.2028
10.13 114.379
10.135 130.063
10.14 140.576
10.145 145.719
10.15 145.476
10.155 140.181
10.16 138.991
10.165 126.831
10.17 109.911
10.175 89.7804
10.18 68.3819
10.185 47.5526
10.19 28.8952
10.195 13.6779
10.2 3.59059
10.205 -2.40748
10.21 -3.91719
10.215 -1.36576
10.22 2.86539
10.225 9.01974
10.23 16.087
10.235 23.201
10.24 29.5412
10.245 34.4041
10.25 37.2486
10.255 37.7213
10.26 35.6788
10.265 29.2215
10.27 20.4712
10.275 10.0102
10.28 -0.805354
10.285 -11.6054
10.29 -21.4574
10.295 -29.5399
10.3 -32.4711
10.305 -34.1093
10.31 -33.2339
10.315 -29.8132
10.32 -23.999
10.325 -16.1171
10.33 -6.60369
10.335 4.02282
10.34 15.1821
10.345 26.2783
10.35 36.7377
10.355 46.0437
10.36 53.7655
10.365 59.5798
10.37 63.2949
10.375 64.8555
10.38 64.3308
10.385 61.4765
10.39 55.2151
10.395 47.5347
10.4 38.8489
10.405 29.8744
10.41 21.6318
10.415 14.0494
10.42 7.58866
10.425 2.49038
10.43 -1.11241
10.435 -2.61395
10.44 -3.23937
10.445 -3.2244
10.45 -2.50905
10.455 -1.21147
10.46 0.550874
10.465 2.66872
10.47 5.04572
10.475 7.60055
10.48 10.268
10.485 13.0002
10.49 15.7661
10.495 18.547
10.5 21.3328
10.505 24.1175
10.51 26.8941
10.515 29.6508
10.52 32.3681
10.525 35.0167
10.53 37.5568
10.535 39.9387
10.54 42.105
10.545 43.9934
10.55 45.0751
10.555 45.3128
10.56 44.8018
10.565 43.5969
10.57 41.7793
10.575 39.4529
10.58 36.7385
10.585 35.5858
10.59 34.1945
10.595 32.4353
10.6 30.5008
10.605 28.4422
10.61 26.3178
10.615 24.19
10.62 22.12
10.625 20.1653
10.63 18.3758
10.635 16.7916
10.64 15.4405
10.645 14.3369
10.65 13.4823
10.655 12.8655
10.66 12.4647
10.665 12.2504
10.67 12.1729
10.675 12.168
10.68 12.1855
10.685 12.2191
10.69 12.2567
10.695 12.2966
10.7 12.3469
10.705 12.4243
10.71 12.5531
10.715 12.763
10.72 13.0882
10.725 13.5659
10.73 14.2324
10.735 15.1198
10.74 16.2528
10.745 17.601
10.75 19.1703
10.755 20.9643
10.76 22.9706
10.765 25.1661
10.77 27.5173
10.775 29.98
10.78 32.5009
10.785 35.0182
10.79 37.4639
10.795 39.7654
10.8 41.8445
10.805 43.6245
10.81 45.0359
10.815 46.0126
10.82 46.4959
10.825 46.3773
10.83 45.5648
10.835 44.0711
10.84 41.9002
10.845 38.7754
10.85 35.0041
10.855 30.6425
10.86 25.8187
10.865 20.6748
10.87 15.5647
10.875 10.3767
10.88 5.27922
10.885 0.395193
10.89 -3.31639
10.895 -6.79656
10.9 -10.1574
10.905 -13.2875
10.91 -16.1489
10.915 -18.7049
10.92 -20.9212
10.925 -22.7064
10.93 -23.9556
10.935 -24.6171
10.94 -24.66
10.945 -24.0792
10.95 -22.895
10.955 -21.152
10.96 -18.9165
10.965 -16.2733
10.97 -13.3296
10.975 -10.1948
10.98 -6.97216
10.985 -3.76838
10.99 -0.685251
10.995 2.18361
11 4.75638
11.005 6.96581
11.01 8.76135
11.015 10.1106
11.02 10.9895
11.025 11.3898
11.03 11.3264
11.035 10.8291
11.04 9.9423
11.045 8.72193
11.05 7.23289
11.055 5.54578
11.06 3.73357
11.065 1.64633
11.07 -0.640553
11.075 -2.96628
11.08 -5.2228
11.085 -7.31214
11.09 -9.15068
11.095 -10.6543
11.1 -11.7772
11.105 -12.5028
11.11 -12.8335
11.115 -12.7922
11.12 -12.4209
11.125 -11.7765
11.13 -10.9273
11.135 -9.94927
11.14 -8.92106
11.145 -7.92003
11.15 -7.01796
11.155 -6.27765
11.16 -5.75017
11.165 -5.47288
11.17 -5.46826
11.175 -5.79316
11.18 -6.6509
11.185 -7.84446
11.19 -9.35025
11.195 -11.103
11.2 -13.0291
11.205 -15.051
11.21 -16.6165
11.215 -18.1368
11.22 -19.6025
11.225 -20.981
11.23 -22.2434
11.235 -23.3658
11.24 -24.3293
11.245 -25.1212
11.25 -25.734
11.255 -26.1668
11.26 -26.4268
11.265 -26.5304
11.27 -26.514
11.275 -26.4233
11.28 -26.2989
11.285 -26.3372
11.29 -26.7888
11.295 -27.7984
11.3 -29.4875
11.305 -31.9393
11.31 -35.1943
11.315 -39.2501
11.32 -44.0622
11.325 -49.5468
11.33 -55.586
11.335 -49.6344
11.34 -48.2781
11.345 -46.8568
11.35 -45.3927
11.355 -43.9078
11.36 -42.4242
11.365 -40.9632
11.37 -39.5453
11.375 -38.19
11.38 -36.9148
11.385 -35.7353
11.39 -34.6657
11.395 -33.7178
11.4 -32.9013
11.405 -48.1515
11.41 -61.2733
11.415 -74.181
11.42 -86.4582
11.425 -97.7168
11.43 -110.697
11.435 -121.086
11.44 -129.76
11.445 -135.718
11.45 -139.127
11.455 -139.976
11.46 -138.321
11.465 -134.291
11.47 -128.081
11.475 -119.946
11.48 -110.187
11.485 -94.1463
11.49 -76.7127
11.495 -58.1471
11.5 -39.5848
11.505 -22.1076
11.51 -6.686
11.515 5.86986
11.52 14.9476
11.525 20.1573
11.53 21.3427
11.535 17.7779
11.54 11.4595
11.545 2.32475
11.55 -9.07448
11.555 -22.1541
11.56 -36.2627
11.565 -50.6781
11.57 -64.6498
11.575 -77.4596
11.58 -88.4555
11.585 -97.0857
11.59 -102.926
11.595 -105.699
11.6 -102.844
11.605 -95.2158
11.61 -83.4952
11.615 -68.7532
11.62 -52.0583
11.625 -34.2654
11.63 -16.3422
11.635 -0.301923
11.64 14.4796
11.645 21.2052
11.65 28.5992
11.655 33.666
11.66 36.4443
11.665 41.227
11.67 42.6592
11.675 42.6364
11.68 42.5413
11.685 41.4185
11.69 39.4075
11.695 36.464
11.7 32.7307
11.705 28.3489
11.71 23.4853
11.715 18.3233
11.72 13.0551
11.725 7.84923
11.73 2.8466
11.735 -1.82171
11.74 -6.04535
11.745 -9.73809
11.75 -12.8108
11.755 -19.2223
11.76 -17.3039
11.765 -17.1613
11.77 -17.0145
11.775 -16.8637
11.78 -16.7097
11.785 -16.5532
11.79 -16.3948
11.795 -14.8441
11.8 -12.5176
11.805 -9.42879
11.81 -5.65752
11.815 -1.29545
11.82 3.55595
11.825 8.7877
11.83 14.2856
11.835 19.378
11.84 23.8506
11.845 27.6721
11.85 30.7515
11.855 33.0284
11.86 34.4732
11.865 35.087
11.87 34.8999
11.875 33.969
11.88 32.3749
11.885 30.2183
11.89 27.615
11.895 24.6917
11.9 21.5802
11.905 18.4125
11.91 15.3161
11.915 12.4094
11.92 9.79798
11.925 7.5709
11.93 5.80142
11.935 4.32786
11.94 3.27655
11.945 2.69844
11.95 3.88237
11.955 5.67673
11.96 7.89197
11.965 10.7393
11.97 13.9187
11.975 17.2306
11.98 20.4779
11.985 23.4781
11.99 24.1532
11.995 25.4079
12 26.3341
12.005 26.9167
12.01 28.4019
12.015 29.1786
12.02 29.4477
12.025 29.2173
12.03 28.5176
12.035 27.3995
12.04 25.9303
12.045 24.4557
12.05 22.8216
12.055 21.1471
12.06 19.4882
12.065 17.9142
12.07 16.4422
12.075 15.1062
12.08 13.9263
12.085 12.9149
12.09 12.0783
12.095 11.4176
12.1 10.9825
12.105 11.0654
12.11 11.9924
12.115 13.9015
12.12 17.5434
12.125 22.8574
12.13 29.5377
12.135 37.3027
12.14 43.6326
12.145 50.8343
12.15 48.6489
12.155 47.4268
12.16 45.7421
12.165 43.5686
12.17 40.9928
12.175 38.1115
12.18 36.839
12.185 34.8047
12.19 32.6967
12.195 30.5617
12.2 28.4464
12.205 26.3962
12.21 24.455
12.215 22.663
12.22 21.0564
12.225 19.6661
12.23 18.5178
12.235 17.6314
12.24 17.0188
12.245 16.6827
12.25 16.6175
12.255 16.8103
12.26 17.251
12.265 17.9248
12.27 18.8149
12.275 19.9002
12.28 21.1538
12.285 22.5462
12.29 24.045
12.295 25.6157
12.3 27.2228
12.305 28.8304
12.31 30.4028
12.315 31.9058
12.32 33.3072
12.325 34.5776
12.33 35.6916
12.335 36.6275
12.34 37.3682
12.345 37.9012
12.35 38.2184
12.355 38.3169
12.36 38.1985
12.365 37.7917
12.37 36.1937
12.375 33.2122
12.38 29.3969
12.385 25.0308
12.39 20.4075
12.395 15.811
12.4 11.4984
12.405 7.68512
12.41 4.53371
12.415 2.05617
12.42 0.209083
12.425 -0.991847
12.43 -1.61248
12.435 -1.35544
12.44 -0.885671
12.445 -0.229397
12.45 0.499589
12.455 1.19736
12.46 1.77636
12.465 2.1701
12.47 2.33586
12.475 2.25523
12.48 1.93271
12.485 1.39288
12.49 0.676522
12.495 -0.164463
12.5 -1.07251
12.505 -1.99003
12.51 -2.86398
12.515 -3.65014
12.52 -4.31702
12.525 -4.84756
12.53 -5.24035
12.535 -5.50914
12.54 -5.63287
12.545 -5.57962
12.55 -5.34912
12.555 -4.94568
12.56 -4.38209
12.565 -3.67915
12.57 -2.86467
12.575 -1.97215
12.58 -1.02673
12.585 -0.04838
12.59 0.936963
12.595 1.90278
12.6 2.81569
12.605 3.64293
12.61 4.37017
12.615 4.98033
12.62 5.45953
12.625 5.79733
12.63 5.98685
12.635 5.85644
12.64 5.55933
12.645 5.0817
12.65 4.44836
12.655 3.6876
12.66 2.82979
12.665 1.90579
12.67 0.939145
12.675 -0.0572826
12.68 -1.0772
12.685 -2.11985
12.69 -3.18834
12.695 -4.28789
12.7 -5.42386
12.705 -6.5958
12.71 -7.80942
12.715 -9.06183
12.72 -10.34
12.725 -11.6266
12.73 -12.9005
12.735 -14.1342
12.74 -15.2965
12.745 -16.3531
12.75 -17.2691
12.755 -18.0104
12.76 -18.5509
12.765 -18.874
12.77 -18.9702
12.775 -18.8386
12.78 -18.4863
12.785 -17.9278
12.79 -17.1844
12.795 -16.3981
12.8 -15.5216
12.805 -14.5914
12.81 -13.6307
12.815 -12.6619
12.82 -11.7056
12.825 -10.7362
12.83 -9.69163
12.835 -8.51277
12.84 -7.13441
12.845 -5.49688
12.85 -3.55398
12.855 -1.27997
12.86 1.32546
12.865 4.23459
12.87 7.39151
12.875 9.60297
12.88 12.0744
12.885 14.4732
12.89 16.7397
12.895 18.8185
12.9 20.5507
12.905 21.8824
12.91 22.8107
12.915 23.3264
12.92 23.4342
12.925 23.1515
12.93 22.5051
12.935 21.5259
12.94 20.2489
12.945 19.9582
12.95 18.9087
12.955 17.6123
12.96 16.4497
12.965 14.9189
12.97 13.1896
12.975 11.2878
12.98 9.24434
12.985 7.04009
12.99 4.65312
12.995 2.20809
13 -0.209564
13.005 -2.5273
13.01 -4.67522
13.015 -6.59114
13.02 -8.22277
13.025 -9.52944
13.03 -10.4832
13.035 -11.0693
13.04 -11.2865
13.045 -11.1348
13.05 -10.6181
13.055 -9.78453
13.06 -8.70893
13.065 -7.4199
13.07 -5.97024
13.075 -4.41313
13.08 -2.80269
13.085 -1.22079
13.09 0.272897
13.095 1.63284
13.1 2.81819
13.105 3.79752
13.11 4.54942
13.115 5.0628
13.12 5.33676
13.125 5.38015
13.13 5.2107
13.135 4.85368
13.14 4.34037
13.145 3.70627
13.15 2.98927
13.155 2.94803
13.16 2.63006
13.165 2.27312
13.17 1.89137
13.175 1.49804
13.18 1.10487
13.185 0.721577
13.19 0.35541
13.195 0.0109699
13.2 -0.309945
13.205 -0.608413
13.21 -0.888261
13.215 -1.15584
13.22 -1.41969
13.225 -1.69028
13.23 -1.97956
13.235 -2.30032
13.24 -2.66565
13.245 -3.08849
13.25 -3.58131
13.255 -4.15703
13.26 -4.82899
13.265 -5.60922
13.27 -6.5076
13.275 -7.53109
13.28 -8.68305
13.285 -9.96261
13.29 -11.3642
13.295 -12.8776
13.3 -14.4877
13.305 -16.1757
13.31 -17.9187
13.315 -19.6912
13.32 -21.4654
13.325 -23.2133
13.33 -24.9074
13.335 -26.5222
13.34 -28.0337
13.345 -29.4206
13.35 -30.6648
13.355 -31.7519
13.36 -32.6715
13.365 -33.4175
13.37 -33.988
13.375 -34.3848
13.38 -34.6137
13.385 -34.6834
13.39 -34.6055
13.395 -34.394
13.4 -34.0647
13.405 -33.6349
13.41 -33.1225
13.415 -32.5455
13.42 -31.9214
13.425 -31.2667
13.43 -30.5962
13.435 -29.9224
13.44 -29.2559
13.445 -28.6049
13.45 -27.9682
13.455 -27.3244
13.46 -26.6372
13.465 -25.8661
13.47 -24.7143
13.475 -23.6621
13.48 -22.3149
13.485 -20.2425
13.49 -17.6592
13.495 -14.6339
13.5 -11.2714
13.505 -7.70346
13.51 -4.3452
13.515 -1.15126
13.52 1.70502
13.525 4.12094
13.53 6.02706
13.535 7.39176
13.54 8.21595
13.545 7.17756
13.55 6.47111
13.555 5.54347
13.56 4.49874
13.565 3.43964
13.57 2.46219
13.575 1.65091
13.58 2.49745
13.585 3.50657
13.59 5.37847
13.595 7.02674
13.6 8.7449
13.605 10.4909
13.61 12.1263
13.615 13.5045
13.62 14.561
13.625 15.2363
13.63 15.4942
13.635 15.3219
13.64 14.7191
13.645 13.6986
13.65 12.2968
13.655 10.5685
13.66 8.58355
13.665 6.42333
13.67 4.16841
13.675 1.90039
13.68 -0.293234
13.685 -2.22534
13.69 -3.78541
13.695 -4.97632
13.7 -5.77108
13.705 -6.15501
13.71 -6.06101
13.715 -5.51054
13.72 -4.53893
13.725 -3.18778
13.73 -1.50933
13.735 0.435549
13.74 2.57963
13.745 4.85167
13.75 7.17858
13.755 9.48781
13.76 11.7097
13.765 13.7797
13.77 15.6401
13.775 17.2415
13.78 18.5441
13.785 19.5187
13.79 20.1484
13.795 20.4305
13.8 20.3764
13.805 20.0093
13.81 19.3638
13.815 18.4839
13.82 17.4211
13.825 16.2323
13.83 14.9774
13.835 13.7175
13.84 12.5122
13.845 11.2894
13.85 10.2223
13.855 9.35261
13.86 8.73383
13.865 8.62353
13.87 9.23393
13.875 10.3852
13.88 11.9809
13.885 13.8935
13.89 15.9795
13.895 18.0862
13.9 20.0619
13.905 21.7654
13.91 23.0737
13.915 23.3897
13.92 23.5548
13.925 23.238
13.93 22.4153
13.935 21.3744
13.94 19.9904
13.945 18.2762
13.95 16.2446
13.955 13.92
13.96 11.3386
13.965 8.54777
13.97 5.60526
13.975 2.57746
13.98 -0.449103
13.985 -3.38167
13.99 -6.13853
13.995 -8.6448
14 -10.8373
14.005 -12.6654
14.01 -14.0929
14.015 -15.2948
14.02 -16.1043
14.025 -16.5547
14.03 -16.6509
14.035 -16.4066
14.04 -15.8438
14.045 -14.9916
14.05 -13.885
14.055 -12.5635
14.06 -11.07
14.065 -9.44951
14.07 -7.74703
14.075 -6.00672
14.08 -4.27047
14.085 -2.57666
14.09 -0.959052
14.095 0.561816
14.1 1.98643
14.105 3.33066
14.11 4.61926
14.115 5.8827
14.12 7.15303
14.125 8.45999
14.13 9.82737
14.135 11.6865
14.14 13.9442
14.145 16.3966
14.15 18.9678
14.155 21.5093
14.16 23.8837
14.165 25.6924
14.17 27.0646
14.175 27.8837
14.18 28.1182
14.185 27.7606
14.19 26.8271
14.195 25.3603
14.2 23.4241
14.205 21.0995
14.21 18.2117
14.215 15.2766
14.22 14.1231
14.225 12.3491
14.23 10.5287
14.235 8.69886
14.24 6.89732
14.245 5.16147
14.25 3.54331
14.255 2.0932
14.26 0.842797
14.265 -0.181721
14.27 -0.963514
14.275 -1.49643
14.28 -1.78382
14.285 -1.83797
14.29 -1.67904
14.295 -1.33367
14.3 -0.833451
14.305 -0.213282
14.31 0.490421
14.315 1.24136
14.32 2.00509
14.325 2.79044
14.33 3.54947
14.335 4.25853
14.34 4.89781
14.345 5.66399
14.35 6.37703
14.355 7.06007
14.36 7.69909
14.365 8.2827
14.37 8.80244
14.375 9.253
14.38 9.63245
14.385 9.942
14.39 10.1857
14.395 10.3699
14.4 10.5032
14.405 10.5957
14.41 10.6588
14.415 10.7046
14.42 10.7451
14.425 10.7924
14.43 10.8576
14.435 10.9505
14.44 11.0796
14.445 11.2515
14.45 11.4706
14.455 11.7392
14.46 12.0573
14.465 12.4224
14.47 12.8296
14.475 13.2718
14.48 13.7401
14.485 14.2239
14.49 14.7115
14.495 15.4381
14.5 16.216
14.505 17.0237
14.51 17.7658
14.515 18.367
14.52 18.8054
14.525 19.0068
14.53 18.9924
14.535 18.7528
14.54 18.2875
14.545 17.604
14.55 16.7177
14.555 15.6517
14.56 14.4347
14.565 13.1
14.57 11.6826
14.575 10.2184
14.58 9.86304
14.585 9.02265
14.59 8.0973
14.595 7.08779
14.6 5.92673
14.605 4.76571
14.61 3.57043
14.615 2.442
14.62 1.32982
14.625 0.255289
14.63 -0.775355
14.635 -1.75837
14.64 -2.69279
14.645 -3.58006
14.65 -4.42384
14.655 -5.17117
14.66 -5.87031
14.665 -6.52318
14.67 -7.14214
14.675 -7.74076
14.68 -8.33314
14.685 -8.93315
14.69 -9.55381
14.695 -10.2066
14.7 -10.9007
14.705 -11.6425
14.71 -12.4357
14.715 -13.281
14.72 -14.1761
14.725 -15.1155
14.73 -16.0911
14.735 -17.0919
14.74 -18.1046
14.745 -19.1138
14.75 -20.103
14.755 -21.0544
14.76 -21.9502
14.765 -22.7725
14.77 -23.5044
14.775 -24.1307
14.78 -24.6383
14.785 -25.0167
14.79 -25.2583
14.795 -25.359
14.8 -25.3176
14.805 -25.1366
14.81 -24.822
14.815 -24.3825
14.82 -23.8304
14.825 -23.1799
14.83 -22.448
14.835 -21.6532
14.84 -20.8153
14.845 -19.9548
14.85 -19.0925
14.855 -18.2487
14.86 -17.4427
14.865 -16.6923
14.87 -16.0133
14.875 -15.2801
14.88 -14.3936
14.885 -13.4837
14.89 -12.8168
14.895 -12.1787
14.9 -11.5967
14.905 -11.0404
14.91 -10.4757
14.915 -9.87039
14.92 -9.19803
14.925 -8.44095
14.93 -7.59182
14.935 -6.65356
14.94 -5.63825
14.945 -4.56481
14.95 -3.45597
14.955 -2.33484
14.96 -1.22166
14.965 -0.130854
14.97 2.92861
14.975 5.97349
14.98 8.70396
14.985 8.99293
14.99 9.92238
14.995 10.7627
15 11.548
15.005 12.2367
15.01 12.7412
15.015 13.0104
15.02 13.0094
15.025 12.7246
15.03 12.148
15.035 11.2787
15.04 10.1378
15.045 8.75869
15.05 7.18692
15.055 5.47408
15.06 3.67647
15.065 1.85554
15.07 0.0741257
15.075 -1.60638
15.08 -3.02985
15.085 -4.16329
15.09 -4.99101
15.095 -5.48817
15.1 -5.50048
15.105 -5.12956
15.11 -4.38032
15.115 -3.28889
15.12 -1.90214
15.125 -0.275621
15.13 1.52863
15.135 3.44462
15.14 5.40483
15.145 7.34251
15.15 9.19392
15.155 10.9004
15.16 12.4103
15.165 13.6808
15.17 14.6786
15.175 15.3813
15.18 15.7773
15.185 15.8693
15.19 15.6746
15.195 15.2207
15.2 14.54
15.205 13.6687
15.21 12.6462
15.215 11.5131
15.22 10.3097
15.225 9.07339
15.23 7.8377
15.235 6.58932
15.24 5.35583
15.245 4.1846
15.25 3.10036
15.255 2.11795
15.26 1.24179
15.265 0.466025
15.27 -0.275176
15.275 -1.01173
15.28 -1.76493
15.285 -2.56428
15.29 -3.43903
15.295 -4.41658
15.3 -5.52233
15.305 -6.78117
15.31 -8.21555
15.315 -9.84204
15.32 -11.67
15.325 -13.7001
15.33 -15.9235
15.335 -18.3215
15.34 -20.8651
15.345 -23.5159
15.35 -26.2272
15.355 -28.9456
15.36 -31.6127
15.365 -34.1674
15.37 -36.552
15.375 -38.7143
15.38 -40.6073
15.385 -42.1917
15.39 -43.4372
15.395 -44.3234
15.4 -44.8398
15.405 -44.9866
15.41 -44.7741
15.415 -44.2224
15.42 -43.3606
15.425 -42.2256
15.43 -40.8604
15.435 -39.3125
15.44 -37.6323
15.445 -35.8714
15.45 -34.0807
15.455 -32.3089
15.46 -30.6012
15.465 -28.998
15.47 -27.5335
15.475 -26.2353
15.48 -25.1232
15.485 -24.2093
15.49 -23.4683
15.495 -22.8428
15.5 -22.2701
15.505 -21.6799
15.51 -21.003
15.515 -19.7743
15.52 -18.0399
15.525 -15.9258
15.53 -13.4762
15.535 -10.7603
15.54 -7.89376
15.545 -5.01287
15.55 -2.26236
15.555 0.217606
15.56 2.30363
15.565 3.89959
15.57 4.94448
15.575 5.41705
15.58 5.33721
15.585 4.76389
15.59 3.78977
15.595 2.53368
15.6 3.46549
15.605 4.51249
15.61 5.25657
15.615 4.77059
15.62 4.27468
15.625 3.8397
15.63 3.52187
15.635 3.36219
15.64 3.38476
15.645 3.53023
15.65 3.71634
15.655 3.90556
15.66 4.05614
15.665 4.13325
15.67 4.11042
15.675 3.97065
15.68 3.70724
15.685 3.31473
15.69 2.79128
15.695 2.1472
15.7 1.41286
15.705 0.628407
15.71 -0.168099
15.715 -0.781443
15.72 -1.23313
15.725 -1.44023
15.73 -1.42167
15.735 -1.18141
15.74 -0.728163
15.745 -0.0776635
15.75 0.748237
15.755 1.72235
15.76 2.81329
15.765 3.98677
15.77 5.20688
15.775 6.43763
15.78 7.64439
15.785 8.79498
15.79 9.86035
15.795 10.8153
15.8 11.6391
15.805 12.3162
15.81 12.8368
15.815 13.2013
15.82 13.421
15.825 13.5133
15.83 13.5022
15.835 13.4166
15.84 13.2887
15.845 13.1518
15.85 13.0388
15.855 12.979
15.86 13.0545
15.865 13.3113
15.87 13.7073
15.875 14.2123
15.88 14.7849
15.885 15.3761
15.89 15.9333
15.895 16.4038
15.9 16.7386
15.905 16.8957
15.91 16.8427
15.915 16.5588
15.92 16.0359
15.925 15.2722
15.93 14.4666
15.935 13.5318
15.94 12.4612
15.945 11.2457
15.95 9.88068
15.955 8.36875
15.96 6.72056
15.965 4.95604
15.97 3.10463
15.975 1.2051
15.98 -0.69209
15.985 -2.51095
15.99 -4.17714
15.995 -5.63787
16 -6.84735
16.005 -7.77145
16.01 -8.3872
16.015 -8.68298
16.02 -8.65965
16.025 -8.36972
16.03 -7.65639
16.035 -6.6921
16.04 -5.51905
16.045 -4.2075
16.05 -2.82827
16.055 -1.44882
16.06 -0.12974
16.065 1.07825
16.07 2.13651
16.075 3.01963
16.08 3.78632
16.085 4.46907
16.09 5.06545
16.095 5.59505
16.1 6.07951
16.105 6.53826
16.11 6.98514
16.115 7.4256
16.12 7.85495
16.125 8.25769
16.13 8.61597
16.135 8.91444
16.14 9.135
16.145 9.25832
16.15 9.26629
16.155 9.14232
16.16 8.87248
16.165 8.44649
16.17 7.85835
16.175 7.07023
16.18 6.06001
16.185 4.86384
16.19 3.50717
16.195 2.02159
16.2 0.443116
16.205 -1.18956
16.21 -2.83673
16.215 -4.45935
16.22 -6.02059
16.225 -7.48736
16.23 -8.83168
16.235 -10.0317
16.24 -11.0721
16.245 -11.9441
16.25 -12.6449
16.255 -13.2388
16.26 -13.7253
16.265 -14.1029
16.27 -14.3769
16.275 -14.5527
16.28 -14.6351
16.285 -14.6288
16.29 -14.5375
16.295 -14.3638
16.3 -14.1092
16.305 -13.7743
16.31 -13.3359
16.315 -12.746
16.32 -11.951
16.325 -10.895
16.33 -9.52616
16.335 -7.80332
16.34 -5.41393
16.345 -2.38757
16.35 1.2101
16.355 5.29482
16.36 9.74863
16.365 14.4286
16.37 19.1771
16.375 23.6904
16.38 27.7195
16.385 30.8292
16.39 33.1025
16.395 34.4716
16.4 34.8945
16.405 33.6261
16.41 31.7929
16.415 29.3576
16.42 28.3501
16.425 26.5766
16.43 24.4023
16.435 21.899
16.44 19.1477
16.445 16.2356
16.45 13.2534
16.455 10.3046
16.46 7.46218
16.465 4.79925
16.47 2.40598
16.475 0.387461
16.48 -1.20796
16.485 -2.34171
16.49 -2.99557
16.495 -3.17135
16.5 -2.88526
16.505 -2.1681
16.51 -1.06794
16.515 0.354163
16.52 2.02755
16.525 3.95068
16.53 5.99396
16.535 8.07423
16.54 10.1054
16.545 12.0081
16.55 13.7136
16.555 15.1659
16.56 16.3235
16.565 17.2159
16.57 17.803
16.575 18.0861
16.58 18.078
16.585 17.8052
16.59 17.306
16.595 16.6273
16.6 15.8231
16.605 14.9508
16.61 14.0691
16.615 13.2353
16.62 12.5024
16.625 11.917
16.63 11.5175
16.635 11.3326
16.64 11.3801
16.645 11.6665
16.65 12.187
16.655 12.9257
16.66 13.8567
16.665 15.0172
16.67 16.3734
16.675 17.8311
16.68 19.3146
16.685 20.7485
16.69 22.0617
16.695 23.1906
16.7 24.0826
16.705 24.6574
16.71 24.9567
16.715 24.9385
16.72 24.497
16.725 23.7031
16.73 22.6776
16.735 21.3556
16.74 19.7946
16.745 18.0363
16.75 16.1276
16.755 14.1191
16.76 12.0628
16.765 10.0105
16.77 8.0118
16.775 6.11268
16.78 4.3538
16.785 2.86643
16.79 1.53735
16.795 0.763447
16.8 -0.0383221
16.805 -0.71333
16.81 -1.26903
16.815 -1.71568
16.82 -2.04294
16.825 -2.25755
16.83 -2.38416
16.835 -2.44193
16.84 -2.4506
16.845 -2.42985
16.85 -2.39848
16.855 -2.37369
16.86 -2.37058
16.865 -2.40165
16.87 -2.47645
16.875 -2.60157
16.88 -2.78066
16.885 -3.01471
16.89 -3.30262
16.895 -3.6416
16.9 -4.02737
16.905 -4.45451
16.91 -4.91691
16.915 -5.40826
16.92 -5.92271
16.925 -6.45529
16.93 -7.00228
16.935 -7.56144
16.94 -8.13207
16.945 -8.71486
16.95 -9.31193
16.955 -9.92673
16.96 -10.5639
16.965 -11.2288
16.97 -11.9274
16.975 -12.6657
16.98 -13.4491
16.985 -14.2828
16.99 -15.171
16.995 -16.1167
17 -17.1215
17.005 -18.1853
17.01 -19.3063
17.015 -20.4805
17.02 -21.702
17.025 -22.9633
17.03 -24.2551
17.035 -25.5672
17.04 -26.8885
17.045 -28.2074
17.05 -29.5116
17.055 -30.7885
17.06 -32.0259
17.065 -33.2121
17.07 -34.3366
17.075 -35.3895
17.08 -36.3624
17.085 -37.2479
17.09 -38.0403
17.095 -38.7355
17.1 -39.3305
17.105 -39.8234
17.11 -40.2138
17.115 -40.5023
17.12 -40.6905
17.125 -40.7805
17.13 -40.7751
17.135 -40.6774
17.14 -40.4907
17.145 -40.2189
17.15 -39.8657
17.155 -39.4346
17.16 -38.9062
17.165 -38.2249
17.17 -37.3176
17.175 -35.8194
17.18 -33.7838
17.185 -31.1211
17.19 -27.805
17.195 -23.8502
17.2 -19.4873
17.205 -14.6892
17.21 -9.61926
17.215 -4.43142
17.22 0.709053
17.225 5.63481
17.23 10.1875
17.235 14.2293
17.24 17.6513
17.245 20.3802
17.25 22.3814
17.255 23.2209
17.26 23.543
17.265 21.7784
17.27 24.2293
17.275 24.7869
17.28 24.9577
17.285 24.6342
17.29 23.7961
17.295 22.4384
17.3 20.582
17.305 18.2619
17.31 15.5436
17.315 12.5246
17.32 9.30722
17.325 5.99973
17.33 2.70779
17.335 -0.468004
17.34 -3.4307
17.345 -6.08038
17.35 -8.32736
17.355 -10.1066
17.36 -11.3697
17.365 -12.0886
17.37 -12.2549
17.375 -11.8803
17.38 -10.9006
17.385 -9.31897
17.39 -7.24569
17.395 -4.77575
17.4 -2.01465
17.405 0.926729
17.41 3.93657
17.415 6.90694
17.42 9.73796
17.425 12.3415
17.43 14.6441
17.435 16.5894
17.44 18.1388
17.445 19.2725
17.45 19.9888
17.455 20.3035
17.46 20.2479
17.465 19.8663
17.47 19.2134
17.475 18.3509
17.48 17.3446
17.485 16.2641
17.49 15.1815
17.495 14.1665
17.5 13.2825
17.505 12.5846
17.51 11.9822
17.515 11.6548
17.52 11.7876
17.525 12.2964
17.53 13.1504
17.535 14.2976
17.54 15.6696
17.545 17.1856
17.55 18.5479
17.555 19.9599
17.56 21.29
17.565 22.4706
17.57 23.4433
17.575 23.2272
17.58 23.3837
17.585 23.4014
17.59 23.2783
17.595 23.0057
17.6 22.5686
17.605 21.9532
17.61 21.1531
17.615 20.1832
17.62 19.0038
17.625 17.6343
17.63 16.0949
17.635 14.4189
17.64 12.6686
17.645 10.9186
17.65 9.23154
17.655 7.66394
17.66 6.34409
17.665 5.20966
17.67 4.29832
17.675 3.6199
17.68 3.19087
17.685 2.9857
17.69 2.97824
17.695 3.13128
17.7 3.40252
17.705 3.74698
17.71 4.11796
17.715 4.46982
17.72 4.76026
17.725 4.95218
17.73 5.01514
17.735 4.92636
17.74 4.67138
17.745 4.24437
17.75 3.64803
17.755 2.89325
17.76 1.998
17.765 0.986352
17.77 -0.112885
17.775 -1.2678
17.78 -2.44522
17.785 -3.61245
17.79 -4.73871
17.795 -5.79646
17.8 -6.76264
17.805 -7.61952
17.81 -8.35518
17.815 -8.96388
17.82 -9.44609
17.825 -9.80845
17.83 -10.0631
17.835 -10.2267
17.84 -10.3196
17.845 -10.3648
17.85 -10.3868
17.855 -10.4104
17.86 -10.4593
17.865 -10.5556
17.87 -10.7182
17.875 -10.9623
17.88 -11.299
17.885 -11.7346
17.89 -12.2709
17.895 -12.9051
17.9 -13.6304
17.905 -14.4361
17.91 -15.3086
17.915 -16.2317
17.92 -17.1878
17.925 -18.1583
17.93 -19.125
17.935 -20.0706
17.94 -20.9793
17.945 -21.8376
17.95 -22.6344
17.955 -23.3616
17.96 -24.014
17.965 -24.5897
17.97 -25.0895
17.975 -25.5171
17.98 -25.8783
17.985 -26.1806
17.99 -26.4335
17.995 -26.6483
18 -26.8376
18.005 -27.0134
18.01 -27.1866
18.015 -27.3665
18.02 -27.5595
18.025 -27.7695
18.03 -27.9967
18.035 -28.2379
18.04 -28.4863
18.045 -28.7671
18.05 -29.0302
18.055 -29.2318
18.06 -29.2683
18.065 -29.0169
18.07 -28.4171
18.075 -27.4071
18.08 -25.9475
18.085 -24.0253
18.09 -21.656
18.095 -18.883
18.1 -15.7738
18.105 -12.4156
18.11 -8.90851
18.115 -5.35798
18.12 -1.86796
18.125 1.46609
18.13 4.5609
18.135 7.34944
18.14 9.78488
18.145 11.8416
18.15 13.5149
18.155 14.5853
18.16 15.358
18.165 15.8798
18.17 17.4642
18.175 18.6499
18.18 19.3134
18.185 19.6563
18.19 19.6476
18.195 19.2664
18.2 18.5112
18.205 17.3862
18.21 15.9084
18.215 14.1192
18.22 12.07
18.225 9.83546
18.23 7.50098
18.235 5.14586
18.24 2.85274
18.245 0.700846
18.25 -1.2384
18.255 -2.90286
18.26 -4.24216
18.265 -5.21947
18.27 -5.80568
18.275 -5.98544
18.28 -5.763
18.285 -5.11523
18.29 -4.00627
18.295 -2.52886
18.3 -0.75083
18.305 1.24605
18.31 3.38259
18.315 5.57605
18.32 7.74669
18.325 9.82051
18.33 11.7322
18.335 13.4274
18.34 14.8643
18.345 16.0149
18.35 16.8654
18.355 17.4168
18.36 17.6861
18.365 17.7039
18.37 17.5123
18.375 17.1616
18.38 16.7078
18.385 16.2095
18.39 15.7241
18.395 15.3056
18.4 15.0015
18.405 14.8505
18.41 14.8813
18.415 15.1113
18.42 15.6
18.425 16.3793
18.43 17.3832
18.435 18.5265
18.44 19.7643
18.445 21.034
18.45 22.1824
18.455 23.2614
18.46 24.201
18.465 24.9557
18.47 25.4886
18.475 25.774
18.48 25.7911
18.485 25.5258
18.49 24.8294
18.495 23.9572
18.5 22.8716
18.505 21.5949
18.51 20.1559
18.515 18.5875
18.52 16.9329
18.525 15.2389
18.53 13.5549
18.535 12.0604
18.54 10.6708
18.545 10.2281
18.55 9.6184
18.555 9.16237
18.56 8.86279
18.565 8.71614
18.57 8.71298
18.575 8.83884
18.58 9.07517
18.585 9.40051
18.59 9.79041
18.595 10.2181
18.6 10.6564
18.605 11.0788
18.61 11.4604
18.615 11.7794
18.62 12.0174
18.625 12.1778
18.63 12.2558
18.635 12.227
18.64 12.0951
18.645 11.8612
18.65 11.5311
18.655 11.1138
18.66 10.621
18.665 10.0662
18.67 9.46355
18.675 8.82741
18.68 8.17158
18.685 7.50836
18.69 6.848
18.695 6.19831
18.7 5.56424
18.705 4.94768
18.71 4.3475
18.715 3.75987
18.72 3.17857
18.725 2.59535
18.73 2.0004
18.735 1.38302
18.74 0.732332
18.745 0.0377474
18.75 -0.710399
18.755 -1.52024
18.76 -2.39801
18.765 -3.34783
18.77 -4.37138
18.775 -5.46754
18.78 -6.63249
18.785 -7.85979
18.79 -9.14075
18.795 -10.4648
18.8 -11.8198
18.805 -13.1926
18.81 -14.5693
18.815 -15.9362
18.82 -17.2799
18.825 -18.5877
18.83 -19.8483
18.835 -21.0519
18.84 -22.1908
18.845 -23.2596
18.85 -24.2544
18.855 -25.1736
18.86 -26.0174
18.865 -26.7881
18.87 -27.4892
18.875 -28.1258
18.88 -28.7034
18.885 -29.2294
18.89 -29.7104
18.895 -30.1518
18.9 -30.5598
18.905 -30.9398
18.91 -31.2963
18.915 -31.6329
18.92 -31.9518
18.925 -32.2541
18.93 -32.5396
18.935 -32.8068
18.94 -33.0537
18.945 -33.2771
18.95 -33.4735
18.955 -33.639
18.96 -33.7697
18.965 -33.8619
18.97 -33.9119
18.975 -33.9165
18.98 -33.8731
18.985 -33.7796
18.99 -33.6348
18.995 -33.4384
19 -33.1757
19.005 -32.7032
19.01 -32.048
19.015 -31.0805
19.02 -29.7201
19.025 -27.9002
19.03 -25.5814
19.035 -22.758
19.04 -19.4607
19.045 -15.7564
19.05 -11.7439
19.055 -7.54774
19.06 -3.30818
19.065 0.828367
19.07 4.7202
19.075 8.24032
19.08 11.2851
19.085 13.7807
19.09 15.6872
19.095 16.5345
19.1 17.0178
19.105 19.336
19.11 19.2961
19.115 19.8314
19.12 20.1164
19.125 20.0701
19.13 19.5953
19.135 18.6947
19.14 17.3755
19.145 15.6665
19.15 13.605
19.155 11.2532
19.16 8.6946
19.165 6.01456
19.17 3.30531
19.175 0.652875
19.18 -1.86173
19.185 -4.16071
19.19 -6.16831
19.195 -7.81671
19.2 -9.0556
19.205 -9.84986
19.21 -10.1808
19.215 -10.0624
19.22 -9.33831
19.225 -8.11322
19.23 -6.44489
19.235 -4.40915
19.24 -2.09237
19.245 0.412708
19.25 3.01136
19.255 5.61107
19.26 8.12523
19.265 10.4764
19.27 12.599
19.275 14.4411
19.28 15.9663
19.285 17.1541
19.29 17.9996
19.295 18.5128
19.3 18.7167
19.305 18.6453
19.31 18.3412
19.315 17.8581
19.32 17.2579
19.325 16.6037
19.33 15.958
19.335 15.3795
19.34 14.9199
19.345 14.6219
19.35 14.3581
19.355 14.414
19.36 14.7183
19.365 15.2637
19.37 16.0263
19.375 16.9673
19.38 18.0363
19.385 19.0294
19.39 20.0695
19.395 21.0777
19.4 22.0005
19.405 22.7878
19.41 23.3963
19.415 23.3355
19.42 23.3064
19.425 23.1297
19.43 22.7815
19.435 22.243
19.44 21.4985
19.445 20.5113
19.45 19.2909
19.455 17.855
19.46 16.231
19.465 14.458
19.47 12.5885
19.475 10.8254
19.48 9.09687
19.485 7.86032
19.49 6.65352
19.495 5.63387
19.5 4.82291
19.505 4.22477
19.51 3.8327
19.515 3.629
19.52 3.60544
19.525 3.72204
19.53 3.92728
19.535 4.18323
19.54 4.44992
19.545 4.67654
19.55 4.84285
19.555 4.93437
19.56 4.9216
19.565 4.78966
19.57 4.53158
19.575 4.14822
19.58 3.64782
19.585 3.04524
19.59 2.36089
19.595 1.61942
19.6 0.848249
19.605 0.0759655
19.61 -0.669176
19.615 -1.36064
19.62 -1.97496
19.625 -2.49298
19.63 -2.90075
19.635 -3.19009
19.64 -3.35878
19.645 -3.41041
19.65 -3.35404
19.655 -3.20372
19.66 -2.97774
19.665 -2.69754
19.67 -2.38669
19.675 -2.06959
19.68 -1.77039
19.685 -1.51189
19.69 -1.31449
19.695 -1.19549
19.7 -1.16848
19.705 -1.24295
19.71 -1.42407
19.715 -1.71263
19.72 -2.10532
19.725 -2.59503
19.73 -3.17139
19.735 -3.82136
19.74 -4.53005
19.745 -5.28157
19.75 -6.05975
19.755 -6.84895
19.76 -7.69088
19.765 -8.51803
19.77 -9.32313
19.775 -10.0908
19.78 -10.8089
19.785 -11.4712
19.79 -12.0771
19.795 -12.6296
19.8 -13.1352
19.805 -13.6029
19.81 -14.0425
19.815 -14.4639
19.82 -14.8759
19.825 -15.2851
19.83 -15.6951
19.835 -16.1062
19.84 -16.5149
19.845 -16.9143
19.85 -17.2944
19.855 -17.6427
19.86 -17.9448
19.865 -18.1857
19.87 -18.3441
19.875 -18.3632
19.88 -18.1934
19.885 -17.7794
19.89 -17.0749
19.895 -16.0472
19.9 -14.6823
19.905 -12.9987
19.91 -11.0053
19.915 -8.76043
19.92 -6.34174
19.925 -3.83189
19.93 -1.32466
19.935 1.08408
19.94 3.30295
19.945 5.25112
19.95 6.86347
19.955 8.09421
19.96 8.91909
19.965 9.33529
19.97 9.35895
19.975 9.02289
19.98 8.37414
19.985 7.46993
19.99 6.37358
19.995 5.15041
20 4.37616
20.005 3.59415
20.01 3.03744
20.015 2.32764
20.02 1.59642
20.025 0.856033
20.03 0.117206
20.035 -0.608987
20.04 -1.30962
20.045 -1.97101
20.05 -2.57977
20.055 -3.12319
20.06 -3.58976
20.065 -3.96966
20.07 -4.25549
20.075 -4.44319
20.08 -4.53195
20.085 -4.5237
20.09 -4.42295
20.095 -4.23643
20.1 -3.9698
20.105 -3.56321
20.11 -3.07199
20.115 -2.49392
20.12 -1.83087
20.125 -1.0984
20.13 -0.312256
20.135 0.509672
20.14 1.34737
20.145 2.17914
20.15 2.98226
20.155 3.73377
20.16 4.41134
20.165 4.99864
20.17 5.4855
20.175 5.86519
20.18 6.136
20.185 6.30062
20.19 6.36563
20.195 6.34083
20.2 6.23848
20.205 6.07247
20.21 5.85748
20.215 5.60812
20.22 5.33822
20.225 5.06009
20.23 4.78395
20.235 4.51758
20.24 4.26606
20.245 4.03171
20.25 3.81426
20.255 3.61105
20.26 3.4174
20.265 3.20645
20.27 2.97697
20.275 2.72501
20.28 2.44529
20.285 2.13326
20.29 1.79166
20.295 1.4107
20.3 0.990827
20.305 0.533542
20.31 0.0430542
20.315 -0.471027
20.32 -0.999595
20.325 -1.53251
20.33 -2.05798
20.335 -2.56347
20.34 -3.0362
20.345 -3.46375
20.35 -3.83461
20.355 -4.13871
20.36 -4.36778
20.365 -4.51573
20.37 -4.57882
20.375 -4.55621
20.38 -4.459
20.385 -4.27241
20.39 -3.97543
20.395 -3.55221
20.4 -2.99067
20.405 -2.28529
20.41 -1.439
20.415 -0.464145
20.42 0.617469
20.425 1.77536
20.43 2.97201
20.435 4.16506
20.44 5.31002
20.445 6.36309
20.45 7.28392
20.455 7.93116
20.46 8.40443
20.465 8.66387
20.47 8.70926
20.475 8.5505
20.48 8.20664
20.485 7.70437
20.49 7.07511
20.495 6.35279
20.5 5.57349
20.505 4.84622
20.51 4.44132
20.515 3.89838
20.52 3.37081
20.525 2.87192
20.53 2.41299
20.535 2.00302
20.54 1.64855
20.545 1.35367
20.55 1.1201
20.555 0.956366
20.56 0.852082
20.565 0.803511
20.57 0.803685
20.575 0.844565
20.58 0.917227
20.585 1.01216
20.59 1.11997
20.595 1.23189
20.6 1.34026
20.605 1.44834
20.61 1.54903
20.615 1.63829
20.62 1.72625
20.625 1.80243
20.63 1.86891
20.635 1.92645
20.64 1.97655
20.645 2.02121
20.65 2.06277
20.655 2.10364
20.66 2.14609
20.665 2.19202
20.67 2.24282
20.675 2.29922
20.68 2.36121
20.685 2.42798
20.69 2.49793
20.695 2.56874
20.7 2.63745
20.705 2.7006
20.71 2.75437
20.715 2.79477
20.72 2.81784
20.725 2.81981
20.73 2.79728
20.735 2.74739
20.74 2.66792
20.745 2.55743
20.75 2.41528
20.755 2.24169
20.76 2.0377
20.765 1.80514
20.77 1.54657
20.775 1.26512
20.78 0.964445
20.785 0.648513
20.79 0.306708
20.795 -0.0393127
20.8 -0.387578
20.805 -0.732239
20.81 -1.06805
20.815 -1.39082
20.82 -1.69746
20.825 -1.9858
20.83 -2.25463
20.835 -2.51084
20.84 -2.75211
20.845 -2.97867
20.85 -3.19073
20.855 -3.38848
20.86 -3.57195
20.865 -3.74099
20.87 -3.89524
20.875 -4.03407
20.88 -4.15665
20.885 -4.26229
20.89 -4.35039
20.895 -4.42033
20.9 -4.47163
20.905 -4.50395
20.91 -4.51714
20.915 -4.51132
20.92 -4.48684
20.925 -4.44434
20.93 -4.38476
20.935 -4.30931
20.94 -4.21946
20.945 -4.11697
20.95 -4.00376
20.955 -3.88195
20.96 -3.75377
20.965 -3.6215
20.97 -3.48745
20.975 -3.35275
