0.02 -0.0118855 -0.0118855 -0.0118855 -0.0118855 -0.0118855 -0.0118855 -0.0118855 -0.0118855 -0.0118855
0.04 0.150015 0.150015 0.150015 0.150015 0.150015 0.150015 0.150015 0.150015 0.150015
0.06 0.141485 0.141485 0.141485 0.141485 0.141485 0.141485 0.141485 0.141485 0.141485
0.08 -1.22434 -1.22434 -1.22434 -1.22434 -1.22434 -1.22434 -1.22434 -1.22434 -1.22434
0.1 -4.15185 -4.15185 -4.15185 -4.15185 -4.15185 -4.15185 -4.15185 -4.15185 -4.15185
0.12 -7.44451 -7.44451 -7.44451 -7.44451 -7.44451 -7.44451 -7.44451 -7.44451 -7.44451
0.14 -9.49376 -9.49376 -9.49376 -9.49376 -9.49376 -9.49376 -9.49376 -9.49376 -9.49376
0.16 -9.94056 -9.94056 -9.94056 -9.94056 -9.94056 -9.94056 -9.94056 -9.94056 -9.94056
0.18 -9.24021 -9.24021 -9.24021 -9.24021 -9.24021 -9.24021 -9.24021 -9.24021 -9.24021
0.2 -6.1853 -6.1853 -6.1853 -6.1853 -6.1853 -6.1853 -6.1853 -6.1853 -6.1853
0.22 0.125642 0.125642 0.125642 0.125642 0.125642 0.125642 0.125642 0.125642 0.125642
0.24 7.10116 7.10116 7.10116 7.10116 7.10116 7.10116 7.10116 7.10116 7.10116
0.26 12.4153 12.4153 12.4153 12.4153 12.4153 12.4153 12.4153 12.4153 12.4153
0.28 16.5982 16.5982 16.5982 16.5982 16.5982 16.5982 16.5982 16.5982 16.5982
0.3 17.3208 17.3208 17.3208 17.3208 17.3208 17.3208 17.3208 17.3208 17.3208
0.32 11.0942 11.0942 11.0942 11.0942 11.0942 11.0942 11.0942 11.0942 11.0942
0.34 0.236548 0.236548 0.236548 0.236548 0.236548 0.236548 0.236548 0.236548 0.236548
0.36 -9.35771 -9.35771 -9.35771 -9.35771 -9.35771 -9.35771 -9.35771 -9.35771 -9.35771
0.38 -16.0365 -16.0365 -16.0365 -16.0365 -16.0365 -16.0365 -16.0365 -16.0365 -16.0365
0.4 -20.1606 -20.1606 -20.1606 -20.1606 -20.1606 -20.1606 -20.1606 -20.1606 -20.1606
0.42 -20.6682 -20.6682 -20.6682 -20.6682 -20.6682 -20.6682 -20.6682 -20.6682 -20.6682
0.44 -15.8192 -15.8192 -15.8192 -15.8192 -15.8192 -15.8192 -15.8192 -15.8192 -15.8192
0.46 -2.97881 -2.97881 -2.97881 -2.97881 -2.97881 -2.97881 -2.97881 -2.97881 -2.97881
0.48 15.7443 15.7443 15.7443 15.7443 15.7443 15.7443 15.7443 15.7443 15.7443
0.5 27.4406 27.4406 27.4406 27.4406 27.4406 27.4406 27.4406 27.4406 27.4406
0.52 20.7078 20.7078 20.7078 20.7078 20.7078 20.7078 20.7078 20.7078 20.7078
0.54 9.16924 9.16924 9.16924 9.16924 9.16924 9.16924 9.16924 9.16924 9.16924
0.56 6.78402 6.78402 6.78402 6.78402 6.78402 6.78402 6.78402 6.78402 6.78402
0.58 -0.129976 -0.129976 -0.129976 -0.129976 -0.129976 -0.129976 -0.129976 -0.129976 -0.129976
0.6 -26.4432 -26.4432 -26.4432 -26.4432 -26.4432 -26.4432 -26.4432 -26.4432 -26.4432
0.62 -48.1065 -48.1065 -48.1065 -48.1065 -48.1065 -48.1065 -48.1065 -48.1065 -48.1065
0.64 -39.0578 -39.0578 -39.0578 -39.0578 -39.0578 -39.0578 -39.0578 -39.0578 -39.0578
0.66 -24.4708 -24.4708 -24.4708 -24.4708 -24.4708 -24.4708 -24.4708 -24.4708 -24.4708
0.68 -30.3308 -30.3308 -30.3308 -30.3308 -30.3308 -30.3308 -30.3308 -30.3308 -30.3308
0.7 -39.4964 -39.4964 -39.4964 -39.4964 -39.4964 -39.4964 -39.4964 -39.4964 -39.4964
0.72 -16.2067 -16.2067 -16.2067 -16.2067 -16.2067 -16.2067 -16.2067 -16.2067 -16.2067
0.74 17.4674 17.4674 17.4674 17.4674 17.4674 17.4674 17.4674 17.4674 17.4674
0.76 3.92572 3.92572 3.92572 3.92572 3.92572 3.92572 3.92572 3.92572 3.92572
0.78 -32.1141 -32.1141 -32.1141 -32.1141 -32.1141 -32.1141 -32.1141 -32.1141 -32.1141
0.8 -27.4413 -27.4413 -27.4413 -27.4413 -27.4413 -27.4413 -27.4413 -27.4413 -27.4413
0.82 2.41277 2.41277 2.41277 2.41277 2.41277 2.41277 2.41277 2.41277 2.41277
0.84 -10.0971 -10.0971 -10.0971 -10.0971 -10.0971 -10.0971 -10.0971 -10.0971 -10.0971
0.86 -63.9397 -63.9397 -63.9397 -63.9397 -63.9397 -63.9397 -63.9397 -63.9397 -63.9397
0.88 -84.6443 -84.6443 -84.6443 -84.6443 -84.6443 -84.6443 -84.6443 -84.6443 -84.6443
0.9 -46.8572 -46.8572 -46.8572 -46.8572 -46.8572 -46.8572 -46.8572 -46.8572 -46.8572
0.92 -12.4703 -12.4703 -12.4703 -12.4703 -12.4703 -12.4703 -12.4703 -12.4703 -12.4703
0.94 -27.5244 -27.5244 -27.5244 -27.5244 -27.5244 -27.5244 -27.5244 -27.5244 -27.5244
0.96 -47.1489 -47.1489 -47.1489 -47.1489 -47.1489 -47.1489 -47.1489 -47.1489 -47.1489
0.98 -12.3849 -12.3849 -12.3849 -12.3849 -12.3849 -12.3849 -12.3849 -12.3849 -12.3849
1 50.8545 50.8545 50.8545 50.8545 50.8545 50.8545 50.8545 50.8545 50.8545
1.02 74.6005 74.6005 74.6005 74.6005 74.6005 74.6005 74.6005 74.6005 74.6005
1.04 49.9186 49.9186 49.9186 49.9186 49.9186 49.9186 49.9186 49.9186 49.9186
1.06 28.7223 28.7223 28.7223 28.7223 28.7223 28.7223 28.7223 28.7223 28.7223
1.08 39.0261 39.0261 39.0261 39.0261 39.0261 39.0261 39.0261 39.0261 39.0261
1.1 48.1579 48.1579 48.1579 48.1579 48.1579 48.1579 48.1579 48.1579 48.1579
1.12 19.5583 19.5583 19.5583 19.5583 19.5583 19.5583 19.5583 19.5583 19.5583
1.14 -23.4447 -23.4447 -23.4447 -23.4447 -23.4447 -23.4447 -23.4447 -23.4447 -23.4447
1.16 -20.272 -20.272 -20.272 -20.272 -20.272 -20.272 -20.272 -20.272 -20.272
1.18 34.0966 34.0966 34.0966 34.0966 34.0966 34.0966 34.0966 34.0966 34.0966
1.2 71.3995 71.3995 71.3995 71.3995 71.3995 71.3995 71.3995 71.3995 71.3995
1.22 53.3782 53.3782 53.3782 53.3782 53.3782 53.3782 53.3782 53.3782 53.3782
1.24 44.022 44.022 44.022 44.022 44.022 44.022 44.022 44.022 44.022
1.26 108.6 108.6 108.6 108.6 108.6 108.6 108.6 108.6 108.6
1.28 180.475 180.475 180.475 180.475 180.475 180.475 180.475 180.475 180.475
1.3 144.436 144.436 144.436 144.436 144.436 144.436 144.436 144.436 144.436
1.32 33.0792 33.0792 33.0792 33.0792 33.0792 33.0792 33.0792 33.0792 33.0792
1.34 -0.499425 -0.499425 -0.499425 -0.499425 -0.499425 -0.499425 -0.499425 -0.499425 -0.499425
1.36 64.98 64.98 64.98 64.98 64.98 64.98 64.98 64.98 64.98
1.38 73.299 73.299 73.299 73.299 73.299 73.299 73.299 73.299 73.299
1.4 -35.2204 -35.2204 -35.2204 -35.2204 -35.2204 -35.2204 -35.2204 -35.2204 -35.2204
1.42 -104.034 -104.034 -104.034 -104.034 -104.034 -104.034 -104.034 -104.034 -104.034
1.44 -19.9891 -19.9891 -19.9891 -19.9891 -19.9891 -19.9891 -19.9891 -19.9891 -19.9891
1.46 88.3954 88.3954 88.3954 88.3954 88.3954 88.3954 88.3954 88.3954 88.3954
1.48 63.6979 63.6979 63.6979 63.6979 63.6979 63.6979 63.6979 63.6979 63.6979
1.5 -14.89 -14.89 -14.89 -14.89 -14.89 -14.89 -14.89 -14.89 -14.89
1.52 28.7862 28.7862 28.7862 28.7862 28.7862 28.7862 28.7862 28.7862 28.7862
1.54 148.392 148.392 148.392 148.392 148.392 148.392 148.392 148.392 148.392
1.56 138.929 138.929 138.929 138.929 138.929 138.929 138.929 138.929 138.929
1.58 -5.49431 -5.49431 -5.49431 -5.49431 -5.49431 -5.49431 -5.49431 -5.49431 -5.49431
1.6 -76.0011 -76.0011 -76.0011 -76.0011 -76.0011 -76.0011 -76.0011 -76.0011 -76.0011
1.62 -5.25798 -5.25798 -5.25798 -5.25798 -5.25798 -5.25798 -5.25798 -5.25798 -5.25798
1.64 26.4651 26.4651 26.4651 26.4651 26.4651 26.4651 26.4651 26.4651 26.4651
1.66 -87.9199 -87.9199 -87.9199 -87.9199 -87.9199 -87.9199 -87.9199 -87.9199 -87.9199
1.68 -186.119 -186.119 -186.119 -186.119 -186.119 -186.119 -186.119 -186.119 -186.119
1.7 -101.171 -101.171 -101.171 -101.171 -101.171 -101.171 -101.171 -101.171 -101.171
1.72 54.6152 54.6152 54.6152 54.6152 54.6152 54.6152 54.6152 54.6152 54.6152
1.74 69.0353 69.0353 69.0353 69.0353 69.0353 69.0353 69.0353 69.0353 69.0353
1.76 -18.078 -18.078 -18.078 -18.078 -18.078 -18.078 -18.078 -18.078 -18.078
1.78 13.6395 13.6395 13.6395 13.6395 13.6395 13.6395 13.6395 13.6395 13.6395
1.8 178.151 178.151 178.151 178.151 178.151 178.151 178.151 178.151 178.151
1.82 239.463 239.463 239.463 239.463 239.463 239.463 239.463 239.463 239.463
1.84 101.313 101.313 101.313 101.313 101.313 101.313 101.313 101.313 101.313
1.86 -36.8543 -36.8543 -36.8543 -36.8543 -36.8543 -36.8543 -36.8543 -36.8543 -36.8543
1.88 -15.9252 -15.9252 -15.9252 -15.9252 -15.9252 -15.9252 -15.9252 -15.9252 -15.9252
1.9 38.9782 38.9782 38.9782 38.9782 38.9782 38.9782 38.9782 38.9782 38.9782
1.92 -42.5199 -42.5199 -42.5199 -42.5199 -42.5199 -42.5199 -42.5199 -42.5199 -42.5199
1.94 -169.715 -169.715 -169.715 -169.715 -169.715 -169.715 -169.715 -169.715 -169.715
1.96 -135.88 -135.88 -135.88 -135.88 -135.88 -135.88 -135.88 -135.88 -135.88
1.98 31.3966 31.3966 31.3966 31.3966 31.3966 31.3966 31.3966 31.3966 31.3966
2 112.233 112.233 112.233 112.233 112.233 112.233 112.233 112.233 112.233
2.02 55.5651 55.5651 55.5651 55.5651 55.5651 55.5651 55.5651 55.5651 55.5651
2.04 47.8448 47.8448 47.8448 47.8448 47.8448 47.8448 47.8448 47.8448 47.8448
2.06 172.354 172.354 172.354 172.354 172.354 172.354 172.354 172.354 172.354
2.08 255.719 255.719 255.719 255.719 255.719 255.719 255.719 255.719 255.719
2.1 160.71 160.71 160.71 160.71 160.71 160.71 160.71 160.71 160.71
2.12 8.09566 8.09566 8.09566 8.09566 8.09566 8.09566 8.09566 8.09566 8.09566
2.14 -35.151 -35.151 -35.151 -35.151 -35.151 -35.151 -35.151 -35.151 -35.151
2.16 -12.3452 -12.3452 -12.3452 -12.3452 -12.3452 -12.3452 -12.3452 -12.3452 -12.3452
2.18 -61.5463 -61.5463 -61.5463 -61.5463 -61.5463 -61.5463 -61.5463 -61.5463 -61.5463
2.2 -163.591 -163.591 -163.591 -163.591 -163.591 -163.591 -163.591 -163.591 -163.591
2.22 -176.747 -176.747 -176.747 -176.747 -176.747 -176.747 -176.747 -176.747 -176.747
2.24 -65.9631 -65.9631 -65.9631 -65.9631 -65.9631 -65.9631 -65.9631 -65.9631 -65.9631
2.26 53.8565 53.8565 53.8565 53.8565 53.8565 53.8565 53.8565 53.8565 53.8565
2.28 84.7771 84.7771 84.7771 84.7771 84.7771 84.7771 84.7771 84.7771 84.7771
2.3 68.0667 68.0667 68.0667 68.0667 68.0667 68.0667 68.0667 68.0667 68.0667
2.32 86.7597 86.7597 86.7597 86.7597 86.7597 86.7597 86.7597 86.7597 86.7597
2.34 109.366 109.366 109.366 109.366 109.366 109.366 109.366 109.366 109.366
2.36 53.9814 53.9814 53.9814 53.9814 53.9814 53.9814 53.9814 53.9814 53.9814
2.38 -67.9138 -67.9138 -67.9138 -67.9138 -67.9138 -67.9138 -67.9138 -67.9138 -67.9138
2.4 -168.087 -168.087 -168.087 -168.087 -168.087 -168.087 -168.087 -168.087 -168.087
2.42 -183.374 -183.374 -183.374 -183.374 -183.374 -183.374 -183.374 -183.374 -183.374
2.44 -141.129 -141.129 -141.129 -141.129 -141.129 -141.129 -141.129 -141.129 -141.129
2.46 -117.713 -117.713 -117.713 -117.713 -117.713 -117.713 -117.713 -117.713 -117.713
2.48 -127.088 -127.088 -127.088 -127.088 -127.088 -127.088 -127.088 -127.088 -127.088
2.5 -99.2676 -99.2676 -99.2676 -99.2676 -99.2676 -99.2676 -99.2676 -99.2676 -99.2676
2.52 10.3838 10.3838 10.3838 10.3838 10.3838 10.3838 10.3838 10.3838 10.3838
2.54 141.206 141.206 141.206 141.206 141.206 141.206 141.206 141.206 141.206
2.56 212.872 212.872 212.872 212.872 212.872 212.872 212.872 212.872 212.872
2.58 228.558 228.558 228.558 228.558 228.558 228.558 228.558 228.558 228.558
2.6 225.059 225.059 225.059 225.059 225.059 225.059 225.059 225.059 225.059
2.62 185.419 185.419 185.419 185.419 185.419 185.419 185.419 185.419 185.419
2.64 74.6124 74.6124 74.6124 74.6124 74.6124 74.6124 74.6124 74.6124 74.6124
2.66 -83.561 -83.561 -83.561 -83.561 -83.561 -83.561 -83.561 -83.561 -83.561
2.68 -207.86 -207.86 -207.86 -207.86 -207.86 -207.86 -207.86 -207.86 -207.86
2.7 -234.968 -234.968 -234.968 -234.968 -234.968 -234.968 -234.968 -234.968 -234.968
2.72 -177.123 -177.123 -177.123 -177.123 -177.123 -177.123 -177.123 -177.123 -177.123
2.74 -86.9712 -86.9712 -86.9712 -86.9712 -86.9712 -86.9712 -86.9712 -86.9712 -86.9712
2.76 4.60598 4.60598 4.60598 4.60598 4.60598 4.60598 4.60598 4.60598 4.60598
2.78 110.727 110.727 110.727 110.727 110.727 110.727 110.727 110.727 110.727
2.8 239.754 239.754 239.754 239.754 239.754 239.754 239.754 239.754 239.754
2.82 345.199 345.199 345.199 345.199 345.199 345.199 345.199 345.199 345.199
2.84 371.08 371.08 371.08 371.08 371.08 371.08 371.08 371.08 371.08
2.86 311.576 311.576 311.576 311.576 311.576 311.576 311.576 311.576 311.576
2.88 204.049 204.049 204.049 204.049 204.049 204.049 204.049 204.049 204.049
2.9 92.5784 92.5784 92.5784 92.5784 92.5784 92.5784 92.5784 92.5784 92.5784
2.92 0.000434994 0.000434994 0.000434994 0.000434994 0.000434994 0.000434994 0.000434994 0.000434994 0.000434994
2.94 -85.3065 -85.3065 -85.3065 -85.3065 -85.3065 -85.3065 -85.3065 -85.3065 -85.3065
2.96 -172.673 -172.673 -172.673 -172.673 -172.673 -172.673 -172.673 -172.673 -172.673
2.98 -212.89 -212.89 -212.89 -212.89 -212.89 -212.89 -212.89 -212.89 -212.89
3 -143.232 -143.232 -143.232 -143.232 -143.232 -143.232 -143.232 -143.232 -143.232
3.02 -0.99462 -0.99462 -0.99462 -0.99462 -0.99462 -0.99462 -0.99462 -0.99462 -0.99462
3.04 100.811 100.811 100.811 100.811 100.811 100.811 100.811 100.811 100.811
3.06 127.175 127.175 127.175 127.175 127.175 127.175 127.175 127.175 127.175
3.08 122.191 122.191 122.191 122.191 122.191 122.191 122.191 122.191 122.191
3.1 77.1005 77.1005 77.1005 77.1005 77.1005 77.1005 77.1005 77.1005 77.1005
3.12 -68.5049 -68.5049 -68.5049 -68.5049 -68.5049 -68.5049 -68.5049 -68.5049 -68.5049
3.14 -305.736 -305.736 -305.736 -305.736 -305.736 -305.736 -305.736 -305.736 -305.736
3.16 -527.938 -527.938 -527.938 -527.938 -527.938 -527.938 -527.938 -527.938 -527.938
3.18 -662.313 -662.313 -662.313 -662.313 -662.313 -662.313 -662.313 -662.313 -662.313
3.2 -533.593 -533.593 -533.593 -533.593 -533.593 -533.593 -533.593 -533.593 -533.593
3.22 -394.722 -394.722 -394.722 -394.722 -394.722 -394.722 -394.722 -394.722 -394.722
3.24 -298.894 -298.894 -298.894 -298.894 -298.894 -298.894 -298.894 -298.894 -298.894
3.25 -301.415 -301.415 -301.415 -301.415 -301.415 -301.415 -301.415 -301.415 -301.415
3.26 -335.515 -335.515 -335.515 -335.515 -335.515 -335.515 -335.515 -335.515 -335.515
3.27 -351.35 -351.35 -351.35 -351.35 -351.35 -351.35 -351.35 -351.35 -351.35
3.28 -330.555 -330.555 -330.555 -330.555 -330.555 -330.555 -330.555 -330.555 -330.555
3.29 -287.964 -287.964 -287.964 -287.964 -287.964 -287.964 -287.964 -287.964 -287.964
3.3 -250.677 -250.677 -250.677 -250.677 -250.677 -250.677 -250.677 -250.677 -250.677
3.31 -244.735 -244.735 -244.735 -244.735 -244.735 -244.735 -244.735 -244.735 -244.735
3.32 -284.078 -284.078 -284.078 -284.078 -284.078 -284.078 -284.078 -284.078 -284.078
3.33 -385.745 -385.745 -385.745 -385.745 -385.745 -385.745 -385.745 -385.745 -385.745
3.34 -460.621 -460.621 -460.621 -460.621 -460.621 -460.621 -460.621 -460.621 -460.621
3.35 -471.751 -471.751 -471.751 -471.751 -471.751 -471.751 -471.751 -471.751 -471.751
3.36 -401.299 -401.299 -401.299 -401.299 -401.299 -401.299 -401.299 -401.299 -401.299
3.37 -292.164 -292.164 -292.164 -292.164 -292.164 -292.164 -292.164 -292.164 -292.164
3.38 -175.802 -175.802 -175.802 -175.802 -175.802 -175.802 -175.802 -175.802 -175.802
3.39 -93.1207 -93.1207 -93.1207 -93.1207 -93.1207 -93.1207 -93.1207 -93.1207 -93.1207
3.4 -73.8855 -73.8855 -73.8855 -73.8855 -73.8855 -73.8855 -73.8855 -73.8855 -73.8855
3.41 -153.591 -153.591 -153.591 -153.591 -153.591 -153.591 -153.591 -153.591 -153.591
3.42 -278.304 -278.304 -278.304 -278.304 -278.304 -278.304 -278.304 -278.304 -278.304
3.43 -401.27 -401.27 -401.27 -401.27 -401.27 -401.27 -401.27 -401.27 -401.27
3.44 -465.356 -465.356 -465.356 -465.356 -465.356 -465.356 -465.356 -465.356 -465.356
3.45 -438.623 -438.623 -438.623 -438.623 -438.623 -438.623 -438.623 -438.623 -438.623
3.46 -438.469 -438.469 -438.469 -438.469 -438.469 -438.469 -438.469 -438.469 -438.469
3.47 -463.39 -463.39 -463.39 -463.39 -463.39 -463.39 -463.39 -463.39 -463.39
3.48 -502.865 -502.865 -502.865 -502.865 -502.865 -502.865 -502.865 -502.865 -502.865
3.49 -509.362 -509.362 -509.362 -509.362 -509.362 -509.362 -509.362 -509.362 -509.362
3.5 -509.379 -509.379 -509.379 -509.379 -509.379 -509.379 -509.379 -509.379 -509.379
3.51 -509.77 -509.77 -509.77 -509.77 -509.77 -509.77 -509.77 -509.77 -509.77
3.52 -469.977 -469.977 -469.977 -469.977 -469.977 -469.977 -469.977 -469.977 -469.977
3.53 -351.434 -351.434 -351.434 -351.434 -351.434 -351.434 -351.434 -351.434 -351.434
3.54 -148.351 -148.351 -148.351 -148.351 -148.351 -148.351 -148.351 -148.351 -148.351
3.55 135.092 135.092 135.092 135.092 135.092 135.092 135.092 135.092 135.092
3.56 466.753 466.753 466.753 466.753 466.753 466.753 466.753 466.753 466.753
3.57 757.173 757.173 757.173 757.173 757.173 757.173 757.173 757.173 757.173
3.58 823.636 823.636 823.636 823.636 823.636 823.636 823.636 823.636 823.636
3.59 747.991 747.991 747.991 747.991 747.991 747.991 747.991 747.991 747.991
3.6 642.846 642.846 642.846 642.846 642.846 642.846 642.846 642.846 642.846
3.61 675.367 675.367 675.367 675.367 675.367 675.367 675.367 675.367 675.367
3.62 869.105 869.105 869.105 869.105 869.105 869.105 869.105 869.105 869.105
3.63 1183.14 1183.14 1183.14 1183.14 1183.14 1183.14 1183.14 1183.14 1183.14
3.64 1333.72 1333.72 1333.72 1333.72 1333.72 1333.72 1333.72 1333.72 1333.72
3.65 1365.68 1365.68 1365.68 1365.68 1365.68 1365.68 1365.68 1365.68 1365.68
3.66 1195.07 1195.07 1195.07 1195.07 1195.07 1195.07 1195.07 1195.07 1195.07
3.67 883.439 883.439 883.439 883.439 883.439 883.439 883.439 883.439 883.439
3.68 488.614 488.614 488.614 488.614 488.614 488.614 488.614 488.614 488.614
3.69 158.364 158.364 158.364 158.364 158.364 158.364 158.364 158.364 158.364
3.7 110.475 110.475 110.475 110.475 110.475 110.475 110.475 110.475 110.475
3.71 227.057 227.057 227.057 227.057 227.057 227.057 227.057 227.057 227.057
3.72 325.305 325.305 325.305 325.305 325.305 325.305 325.305 325.305 325.305
3.73 393.749 393.749 393.749 393.749 393.749 393.749 393.749 393.749 393.749
3.74 407.269 407.269 407.269 407.269 407.269 407.269 407.269 407.269 407.269
3.75 359.581 359.581 359.581 359.581 359.581 359.581 359.581 359.581 359.581
3.76 271.898 271.898 271.898 271.898 271.898 271.898 271.898 271.898 271.898
3.77 163.368 163.368 163.368 163.368 163.368 163.368 163.368 163.368 163.368
3.78 45.572 45.572 45.572 45.572 45.572 45.572 45.572 45.572 45.572
3.79 32.778 32.778 32.778 32.778 32.778 32.778 32.778 32.778 32.778
3.8 58.6554 58.6554 58.6554 58.6554 58.6554 58.6554 58.6554 58.6554 58.6554
3.81 81.692 81.692 81.692 81.692 81.692 81.692 81.692 81.692 81.692
3.82 104.69 104.69 104.69 104.69 104.69 104.69 104.69 104.69 104.69
3.83 133.871 133.871 133.871 133.871 133.871 133.871 133.871 133.871 133.871
3.84 205.989 205.989 205.989 205.989 205.989 205.989 205.989 205.989 205.989
3.85 324.416 324.416 324.416 324.416 324.416 324.416 324.416 324.416 324.416
3.86 434.705 434.705 434.705 434.705 434.705 434.705 434.705 434.705 434.705
3.87 498.256 498.256 498.256 498.256 498.256 498.256 498.256 498.256 498.256
3.88 483.101 483.101 483.101 483.101 483.101 483.101 483.101 483.101 483.101
3.89 402.98 402.98 402.98 402.98 402.98 402.98 402.98 402.98 402.98
3.9 287.57 287.57 287.57 287.57 287.57 287.57 287.57 287.57 287.57
3.91 193.742 193.742 193.742 193.742 193.742 193.742 193.742 193.742 193.742
3.92 178.994 178.994 178.994 178.994 178.994 178.994 178.994 178.994 178.994
3.93 207.122 207.122 207.122 207.122 207.122 207.122 207.122 207.122 207.122
3.94 250.408 250.408 250.408 250.408 250.408 250.408 250.408 250.408 250.408
3.95 302.31 302.31 302.31 302.31 302.31 302.31 302.31 302.31 302.31
3.96 332.147 332.147 332.147 332.147 332.147 332.147 332.147 332.147 332.147
3.97 306.871 306.871 306.871 306.871 306.871 306.871 306.871 306.871 306.871
3.98 211.468 211.468 211.468 211.468 211.468 211.468 211.468 211.468 211.468
3.99 60.8099 60.8099 60.8099 60.8099 60.8099 60.8099 60.8099 60.8099 60.8099
4 -132.655 -132.655 -132.655 -132.655 -132.655 -132.655 -132.655 -132.655 -132.655
4.01 -337.122 -337.122 -337.122 -337.122 -337.122 -337.122 -337.122 -337.122 -337.122
4.02 -543.15 -543.15 -543.15 -543.15 -543.15 -543.15 -543.15 -543.15 -543.15
4.03 -645.877 -645.877 -645.877 -645.877 -645.877 -645.877 -645.877 -645.877 -645.877
4.04 -655.097 -655.097 -655.097 -655.097 -655.097 -655.097 -655.097 -655.097 -655.097
4.05 -579.08 -579.08 -579.08 -579.08 -579.08 -579.08 -579.08 -579.08 -579.08
4.06 -479.426 -479.426 -479.426 -479.426 -479.426 -479.426 -479.426 -479.426 -479.426
4.07 -376.034 -376.034 -376.034 -376.034 -376.034 -376.034 -376.034 -376.034 -376.034
4.08 -314.249 -314.249 -314.249 -314.249 -314.249 -314.249 -314.249 -314.249 -314.249
4.09 -284.299 -284.299 -284.299 -284.299 -284.299 -284.299 -284.299 -284.299 -284.299
4.1 -283.663 -283.663 -283.663 -283.663 -283.663 -283.663 -283.663 -283.663 -283.663
4.11 -269.992 -269.992 -269.992 -269.992 -269.992 -269.992 -269.992 -269.992 -269.992
4.12 -278.794 -278.794 -278.794 -278.794 -278.794 -278.794 -278.794 -278.794 -278.794
4.13 -262.813 -262.813 -262.813 -262.813 -262.813 -262.813 -262.813 -262.813 -262.813
4.14 -184.846 -184.846 -184.846 -184.846 -184.846 -184.846 -184.846 -184.846 -184.846
4.15 -81.106 -81.106 -81.106 -81.106 -81.106 -81.106 -81.106 -81.106 -81.106
4.16 -0.128519 -0.128519 -0.128519 -0.128519 -0.128519 -0.128519 -0.128519 -0.128519 -0.128519
4.17 47.7124 47.7124 47.7124 47.7124 47.7124 47.7124 47.7124 47.7124 47.7124
4.18 20.3332 20.3332 20.3332 20.3332 20.3332 20.3332 20.3332 20.3332 20.3332
4.19 -35.3402 -35.3402 -35.3402 -35.3402 -35.3402 -35.3402 -35.3402 -35.3402 -35.3402
4.2 -78.001 -78.001 -78.001 -78.001 -78.001 -78.001 -78.001 -78.001 -78.001
4.21 -73.1977 -73.1977 -73.1977 -73.1977 -73.1977 -73.1977 -73.1977 -73.1977 -73.1977
4.22 -21.3257 -21.3257 -21.3257 -21.3257 -21.3257 -21.3257 -21.3257 -21.3257 -21.3257
4.23 74.1123 74.1123 74.1123 74.1123 74.1123 74.1123 74.1123 74.1123 74.1123
4.24 152.282 152.282 152.282 152.282 152.282 152.282 152.282 152.282 152.282
4.25 204.771 204.771 204.771 204.771 204.771 204.771 204.771 204.771 204.771
4.26 140.236 140.236 140.236 140.236 140.236 140.236 140.236 140.236 140.236
4.27 32.5539 32.5539 32.5539 32.5539 32.5539 32.5539 32.5539 32.5539 32.5539
4.28 -98.4683 -98.4683 -98.4683 -98.4683 -98.4683 -98.4683 -98.4683 -98.4683 -98.4683
4.29 -148.67 -148.67 -148.67 -148.67 -148.67 -148.67 -148.67 -148.67 -148.67
4.3 -130.024 -130.024 -130.024 -130.024 -130.024 -130.024 -130.024 -130.024 -130.024
4.31 -36.2769 -36.2769 -36.2769 -36.2769 -36.2769 -36.2769 -36.2769 -36.2769 -36.2769
4.32 47.5142 47.5142 47.5142 47.5142 47.5142 47.5142 47.5142 47.5142 47.5142
4.33 87.9972 87.9972 87.9972 87.9972 87.9972 87.9972 87.9972 87.9972 87.9972
4.34 19.6055 19.6055 19.6055 19.6055 19.6055 19.6055 19.6055 19.6055 19.6055
4.35 -121.695 -121.695 -121.695 -121.695 -121.695 -121.695 -121.695 -121.695 -121.695
4.36 -306.786 -306.786 -306.786 -306.786 -306.786 -306.786 -306.786 -306.786 -306.786
4.37 -442.9 -442.9 -442.9 -442.9 -442.9 -442.9 -442.9 -442.9 -442.9
4.38 -533.802 -533.802 -533.802 -533.802 -533.802 -533.802 -533.802 -533.802 -533.802
4.39 -543.32 -543.32 -543.32 -543.32 -543.32 -543.32 -543.32 -543.32 -543.32
4.4 -507.369 -507.369 -507.369 -507.369 -507.369 -507.369 -507.369 -507.369 -507.369
4.41 -428.498 -428.498 -428.498 -428.498 -428.498 -428.498 -428.498 -428.498 -428.498
4.42 -380.723 -380.723 -380.723 -380.723 -380.723 -380.723 -380.723 -380.723 -380.723
4.43 -372.129 -372.129 -372.129 -372.129 -372.129 -372.129 -372.129 -372.129 -372.129
4.44 -432.412 -432.412 -432.412 -432.412 -432.412 -432.412 -432.412 -432.412 -432.412
4.45 -509.737 -509.737 -509.737 -509.737 -509.737 -509.737 -509.737 -509.737 -509.737
4.46 -581.969 -581.969 -581.969 -581.969 -581.969 -581.969 -581.969 -581.969 -581.969
4.47 -585.456 -585.456 -585.456 -585.456 -585.456 -585.456 -585.456 -585.456 -585.456
4.48 -525.37 -525.37 -525.37 -525.37 -525.37 -525.37 -525.37 -525.37 -525.37
4.49 -387.976 -387.976 -387.976 -387.976 -387.976 -387.976 -387.976 -387.976 -387.976
4.5 -225.699 -225.699 -225.699 -225.699 -225.699 -225.699 -225.699 -225.699 -225.699
4.51 -68.3724 -68.3724 -68.3724 -68.3724 -68.3724 -68.3724 -68.3724 -68.3724 -68.3724
4.52 1.94962 1.94962 1.94962 1.94962 1.94962 1.94962 1.94962 1.94962 1.94962
4.53 7.55726 7.55726 7.55726 7.55726 7.55726 7.55726 7.55726 7.55726 7.55726
4.54 -17.7063 -17.7063 -17.7063 -17.7063 -17.7063 -17.7063 -17.7063 -17.7063 -17.7063
4.55 7.80958 7.80958 7.80958 7.80958 7.80958 7.80958 7.80958 7.80958 7.80958
4.56 129.002 129.002 129.002 129.002 129.002 129.002 129.002 129.002 129.002
4.57 330.536 330.536 330.536 330.536 330.536 330.536 330.536 330.536 330.536
4.58 512.95 512.95 512.95 512.95 512.95 512.95 512.95 512.95 512.95
4.59 591.992 591.992 591.992 591.992 591.992 591.992 591.992 591.992 591.992
4.6 503.607 503.607 503.607 503.607 503.607 503.607 503.607 503.607 503.607
4.61 287.415 287.415 287.415 287.415 287.415 287.415 287.415 287.415 287.415
4.62 22.8522 22.8522 22.8522 22.8522 22.8522 22.8522 22.8522 22.8522 22.8522
4.63 -173.329 -173.329 -173.329 -173.329 -173.329 -173.329 -173.329 -173.329 -173.329
4.64 -252 -252 -252 -252 -252 -252 -252 -252 -252
4.65 -213.406 -213.406 -213.406 -213.406 -213.406 -213.406 -213.406 -213.406 -213.406
4.66 -135.914 -135.914 -135.914 -135.914 -135.914 -135.914 -135.914 -135.914 -135.914
4.67 -89.9275 -89.9275 -89.9275 -89.9275 -89.9275 -89.9275 -89.9275 -89.9275 -89.9275
4.68 -137.112 -137.112 -137.112 -137.112 -137.112 -137.112 -137.112 -137.112 -137.112
4.69 -256.813 -256.813 -256.813 -256.813 -256.813 -256.813 -256.813 -256.813 -256.813
4.7 -401.301 -401.301 -401.301 -401.301 -401.301 -401.301 -401.301 -401.301 -401.301
4.71 -483.491 -483.491 -483.491 -483.491 -483.491 -483.491 -483.491 -483.491 -483.491
4.72 -462.662 -462.662 -462.662 -462.662 -462.662 -462.662 -462.662 -462.662 -462.662
4.73 -330.153 -330.153 -330.153 -330.153 -330.153 -330.153 -330.153 -330.153 -330.153
4.74 -144.556 -144.556 -144.556 -144.556 -144.556 -144.556 -144.556 -144.556 -144.556
4.75 47.6267 47.6267 47.6267 47.6267 47.6267 47.6267 47.6267 47.6267 47.6267
4.76 209.181 209.181 209.181 209.181 209.181 209.181 209.181 209.181 209.181
4.77 352.666 352.666 352.666 352.666 352.666 352.666 352.666 352.666 352.666
4.78 483.257 483.257 483.257 483.257 483.257 483.257 483.257 483.257 483.257
4.79 609.756 609.756 609.756 609.756 609.756 609.756 609.756 609.756 609.756
4.8 697.241 697.241 697.241 697.241 697.241 697.241 697.241 697.241 697.241
4.81 714.675 714.675 714.675 714.675 714.675 714.675 714.675 714.675 714.675
4.82 628.269 628.269 628.269 628.269 628.269 628.269 628.269 628.269 628.269
4.83 450.215 450.215 450.215 450.215 450.215 450.215 450.215 450.215 450.215
4.84 212.866 212.866 212.866 212.866 212.866 212.866 212.866 212.866 212.866
4.85 -14.8581 -14.8581 -14.8581 -14.8581 -14.8581 -14.8581 -14.8581 -14.8581 -14.8581
4.86 -185.539 -185.539 -185.539 -185.539 -185.539 -185.539 -185.539 -185.539 -185.539
4.87 -274.545 -274.545 -274.545 -274.545 -274.545 -274.545 -274.545 -274.545 -274.545
4.88 -316.94 -316.94 -316.94 -316.94 -316.94 -316.94 -316.94 -316.94 -316.94
4.89 -358.556 -358.556 -358.556 -358.556 -358.556 -358.556 -358.556 -358.556 -358.556
4.9 -446.606 -446.606 -446.606 -446.606 -446.606 -446.606 -446.606 -446.606 -446.606
4.91 -571.932 -571.932 -571.932 -571.932 -571.932 -571.932 -571.932 -571.932 -571.932
4.92 -691.211 -691.211 -691.211 -691.211 -691.211 -691.211 -691.211 -691.211 -691.211
4.93 -729.201 -729.201 -729.201 -729.201 -729.201 -729.201 -729.201 -729.201 -729.201
4.94 -641.517 -641.517 -641.517 -641.517 -641.517 -641.517 -641.517 -641.517 -641.517
4.95 -421.001 -421.001 -421.001 -421.001 -421.001 -421.001 -421.001 -421.001 -421.001
4.96 -122.149 -122.149 -122.149 -122.149 -122.149 -122.149 -122.149 -122.149 -122.149
4.97 188.482 188.482 188.482 188.482 188.482 188.482 188.482 188.482 188.482
4.98 451.5 451.5 451.5 451.5 451.5 451.5 451.5 451.5 451.5
4.99 649.697 649.697 649.697 649.697 649.697 649.697 649.697 649.697 649.697
5 796.909 796.909 796.909 796.909 796.909 796.909 796.909 796.909 796.909
5.01 935.483 935.483 935.483 935.483 935.483 935.483 935.483 935.483 935.483
5.02 1086.94 1086.94 1086.94 1086.94 1086.94 1086.94 1086.94 1086.94 1086.94
5.03 1266.85 1266.85 1266.85 1266.85 1266.85 1266.85 1266.85 1266.85 1266.85
5.04 1348.74 1348.74 1348.74 1348.74 1348.74 1348.74 1348.74 1348.74 1348.74
5.05 1336.34 1336.34 1336.34 1336.34 1336.34 1336.34 1336.34 1336.34 1336.34
5.06 1245.38 1245.38 1245.38 1245.38 1245.38 1245.38 1245.38 1245.38 1245.38
5.07 1099.4 1099.4 1099.4 1099.4 1099.4 1099.4 1099.4 1099.4 1099.4
5.08 897.648 897.648 897.648 897.648 897.648 897.648 897.648 897.648 897.648
5.09 647.652 647.652 647.652 647.652 647.652 647.652 647.652 647.652 647.652
5.1 313.077 313.077 313.077 313.077 313.077 313.077 313.077 313.077 313.077
5.11 -98.1956 -98.1956 -98.1956 -98.1956 -98.1956 -98.1956 -98.1956 -98.1956 -98.1956
5.12 -280.532 -280.532 -280.532 -280.532 -280.532 -280.532 -280.532 -280.532 -280.532
5.13 -484.783 -484.783 -484.783 -484.783 -484.783 -484.783 -484.783 -484.783 -484.783
5.14 -788.934 -788.934 -788.934 -788.934 -788.934 -788.934 -788.934 -788.934 -788.934
5.15 -1159.58 -1159.58 -1159.58 -1159.58 -1159.58 -1159.58 -1159.58 -1159.58 -1159.58
5.16 -1406.51 -1406.51 -1406.51 -1406.51 -1406.51 -1406.51 -1406.51 -1406.51 -1406.51
5.17 -1423.99 -1423.99 -1423.99 -1423.99 -1423.99 -1423.99 -1423.99 -1423.99 -1423.99
5.18 -1373.9 -1373.9 -1373.9 -1373.9 -1373.9 -1373.9 -1373.9 -1373.9 -1373.9
5.19 -1164.5 -1164.5 -1164.5 -1164.5 -1164.5 -1164.5 -1164.5 -1164.5 -1164.5
5.2 -839.351 -839.351 -839.351 -839.351 -839.351 -839.351 -839.351 -839.351 -839.351
5.21 -533.135 -533.135 -533.135 -533.135 -533.135 -533.135 -533.135 -533.135 -533.135
5.22 -378.225 -378.225 -378.225 -378.225 -378.225 -378.225 -378.225 -378.225 -378.225
5.23 -409.774 -409.774 -409.774 -409.774 -409.774 -409.774 -409.774 -409.774 -409.774
5.24 -556.684 -556.684 -556.684 -556.684 -556.684 -556.684 -556.684 -556.684 -556.684
5.25 -598.27 -598.27 -598.27 -598.27 -598.27 -598.27 -598.27 -598.27 -598.27
5.26 -361.137 -361.137 -361.137 -361.137 -361.137 -361.137 -361.137 -361.137 -361.137
5.27 181.237 181.237 181.237 181.237 181.237 181.237 181.237 181.237 181.237
5.28 671.695 671.695 671.695 671.695 671.695 671.695 671.695 671.695 671.695
5.29 928.04 928.04 928.04 928.04 928.04 928.04 928.04 928.04 928.04
5.3 955.404 955.404 955.404 955.404 955.404 955.404 955.404 955.404 955.404
5.31 957.592 957.592 957.592 957.592 957.592 957.592 957.592 957.592 957.592
5.32 936.335 936.335 936.335 936.335 936.335 936.335 936.335 936.335 936.335
5.33 844.981 844.981 844.981 844.981 844.981 844.981 844.981 844.981 844.981
5.34 664.375 664.375 664.375 664.375 664.375 664.375 664.375 664.375 664.375
5.35 432.746 432.746 432.746 432.746 432.746 432.746 432.746 432.746 432.746
5.36 196.436 196.436 196.436 196.436 196.436 196.436 196.436 196.436 196.436
5.37 20.6792 20.6792 20.6792 20.6792 20.6792 20.6792 20.6792 20.6792 20.6792
5.38 34.6424 34.6424 34.6424 34.6424 34.6424 34.6424 34.6424 34.6424 34.6424
5.39 -13.8916 -13.8916 -13.8916 -13.8916 -13.8916 -13.8916 -13.8916 -13.8916 -13.8916
5.4 -171.982 -171.982 -171.982 -171.982 -171.982 -171.982 -171.982 -171.982 -171.982
5.41 -369.28 -369.28 -369.28 -369.28 -369.28 -369.28 -369.28 -369.28 -369.28
5.42 -556.132 -556.132 -556.132 -556.132 -556.132 -556.132 -556.132 -556.132 -556.132
5.43 -610.296 -610.296 -610.296 -610.296 -610.296 -610.296 -610.296 -610.296 -610.296
5.44 -604.143 -604.143 -604.143 -604.143 -604.143 -604.143 -604.143 -604.143 -604.143
5.45 -581.594 -581.594 -581.594 -581.594 -581.594 -581.594 -581.594 -581.594 -581.594
5.46 -597.187 -597.187 -597.187 -597.187 -597.187 -597.187 -597.187 -597.187 -597.187
5.47 -628.606 -628.606 -628.606 -628.606 -628.606 -628.606 -628.606 -628.606 -628.606
5.48 -662.466 -662.466 -662.466 -662.466 -662.466 -662.466 -662.466 -662.466 -662.466
5.49 -649.759 -649.759 -649.759 -649.759 -649.759 -649.759 -649.759 -649.759 -649.759
5.5 -584.503 -584.503 -584.503 -584.503 -584.503 -584.503 -584.503 -584.503 -584.503
5.51 -435.822 -435.822 -435.822 -435.822 -435.822 -435.822 -435.822 -435.822 -435.822
5.52 -281.507 -281.507 -281.507 -281.507 -281.507 -281.507 -281.507 -281.507 -281.507
5.53 -156.122 -156.122 -156.122 -156.122 -156.122 -156.122 -156.122 -156.122 -156.122
5.54 -82.7748 -82.7748 -82.7748 -82.7748 -82.7748 -82.7748 -82.7748 -82.7748 -82.7748
5.55 -69.4909 -69.4909 -69.4909 -69.4909 -69.4909 -69.4909 -69.4909 -69.4909 -69.4909
5.56 -96.0161 -96.0161 -96.0161 -96.0161 -96.0161 -96.0161 -96.0161 -96.0161 -96.0161
5.57 -56.6255 -56.6255 -56.6255 -56.6255 -56.6255 -56.6255 -56.6255 -56.6255 -56.6255
5.58 58.7205 58.7205 58.7205 58.7205 58.7205 58.7205 58.7205 58.7205 58.7205
5.59 177.766 177.766 177.766 177.766 177.766 177.766 177.766 177.766 177.766
5.6 359.432 359.432 359.432 359.432 359.432 359.432 359.432 359.432 359.432
5.61 571.514 571.514 571.514 571.514 571.514 571.514 571.514 571.514 571.514
5.62 726.762 726.762 726.762 726.762 726.762 726.762 726.762 726.762 726.762
5.63 697.079 697.079 697.079 697.079 697.079 697.079 697.079 697.079 697.079
5.64 520.632 520.632 520.632 520.632 520.632 520.632 520.632 520.632 520.632
5.65 279.25 279.25 279.25 279.25 279.25 279.25 279.25 279.25 279.25
5.66 131.33 131.33 131.33 131.33 131.33 131.33 131.33 131.33 131.33
5.67 150.354 150.354 150.354 150.354 150.354 150.354 150.354 150.354 150.354
5.68 341.441 341.441 341.441 341.441 341.441 341.441 341.441 341.441 341.441
5.69 585.047 585.047 585.047 585.047 585.047 585.047 585.047 585.047 585.047
5.7 758.879 758.879 758.879 758.879 758.879 758.879 758.879 758.879 758.879
5.71 761.417 761.417 761.417 761.417 761.417 761.417 761.417 761.417 761.417
5.72 609.843 609.843 609.843 609.843 609.843 609.843 609.843 609.843 609.843
5.73 388.141 388.141 388.141 388.141 388.141 388.141 388.141 388.141 388.141
5.74 232.236 232.236 232.236 232.236 232.236 232.236 232.236 232.236 232.236
5.75 196.67 196.67 196.67 196.67 196.67 196.67 196.67 196.67 196.67
5.76 265.543 265.543 265.543 265.543 265.543 265.543 265.543 265.543 265.543
5.77 391.272 391.272 391.272 391.272 391.272 391.272 391.272 391.272 391.272
5.78 559.134 559.134 559.134 559.134 559.134 559.134 559.134 559.134 559.134
5.79 541.918 541.918 541.918 541.918 541.918 541.918 541.918 541.918 541.918
5.8 306.082 306.082 306.082 306.082 306.082 306.082 306.082 306.082 306.082
5.81 -89.3833 -89.3833 -89.3833 -89.3833 -89.3833 -89.3833 -89.3833 -89.3833 -89.3833
5.82 -491.756 -491.756 -491.756 -491.756 -491.756 -491.756 -491.756 -491.756 -491.756
5.83 -765.61 -765.61 -765.61 -765.61 -765.61 -765.61 -765.61 -765.61 -765.61
5.84 -826.553 -826.553 -826.553 -826.553 -826.553 -826.553 -826.553 -826.553 -826.553
5.85 -706.868 -706.868 -706.868 -706.868 -706.868 -706.868 -706.868 -706.868 -706.868
5.86 -441.729 -441.729 -441.729 -441.729 -441.729 -441.729 -441.729 -441.729 -441.729
5.87 -237.753 -237.753 -237.753 -237.753 -237.753 -237.753 -237.753 -237.753 -237.753
5.88 -227.705 -227.705 -227.705 -227.705 -227.705 -227.705 -227.705 -227.705 -227.705
5.89 -422.658 -422.658 -422.658 -422.658 -422.658 -422.658 -422.658 -422.658 -422.658
5.9 -631.824 -631.824 -631.824 -631.824 -631.824 -631.824 -631.824 -631.824 -631.824
5.91 -671.083 -671.083 -671.083 -671.083 -671.083 -671.083 -671.083 -671.083 -671.083
5.92 -414.021 -414.021 -414.021 -414.021 -414.021 -414.021 -414.021 -414.021 -414.021
5.93 44.1286 44.1286 44.1286 44.1286 44.1286 44.1286 44.1286 44.1286 44.1286
5.94 512.42 512.42 512.42 512.42 512.42 512.42 512.42 512.42 512.42
5.95 748.199 748.199 748.199 748.199 748.199 748.199 748.199 748.199 748.199
5.96 676.288 676.288 676.288 676.288 676.288 676.288 676.288 676.288 676.288
5.97 364.293 364.293 364.293 364.293 364.293 364.293 364.293 364.293 364.293
5.98 36.3011 36.3011 36.3011 36.3011 36.3011 36.3011 36.3011 36.3011 36.3011
5.99 -122.442 -122.442 -122.442 -122.442 -122.442 -122.442 -122.442 -122.442 -122.442
6 -11.9776 -11.9776 -11.9776 -11.9776 -11.9776 -11.9776 -11.9776 -11.9776 -11.9776
6.01 264.819 264.819 264.819 264.819 264.819 264.819 264.819 264.819 264.819
6.02 546.119 546.119 546.119 546.119 546.119 546.119 546.119 546.119 546.119
6.03 739.882 739.882 739.882 739.882 739.882 739.882 739.882 739.882 739.882
6.04 644.248 644.248 644.248 644.248 644.248 644.248 644.248 644.248 644.248
6.05 294.29 294.29 294.29 294.29 294.29 294.29 294.29 294.29 294.29
6.06 -106.507 -106.507 -106.507 -106.507 -106.507 -106.507 -106.507 -106.507 -106.507
6.07 -370.36 -370.36 -370.36 -370.36 -370.36 -370.36 -370.36 -370.36 -370.36
6.08 -379.513 -379.513 -379.513 -379.513 -379.513 -379.513 -379.513 -379.513 -379.513
6.09 -238.2 -238.2 -238.2 -238.2 -238.2 -238.2 -238.2 -238.2 -238.2
6.1 -42.5889 -42.5889 -42.5889 -42.5889 -42.5889 -42.5889 -42.5889 -42.5889 -42.5889
6.11 111.389 111.389 111.389 111.389 111.389 111.389 111.389 111.389 111.389
6.12 154.192 154.192 154.192 154.192 154.192 154.192 154.192 154.192 154.192
6.13 50.8288 50.8288 50.8288 50.8288 50.8288 50.8288 50.8288 50.8288 50.8288
6.14 -142.701 -142.701 -142.701 -142.701 -142.701 -142.701 -142.701 -142.701 -142.701
6.15 -339.16 -339.16 -339.16 -339.16 -339.16 -339.16 -339.16 -339.16 -339.16
6.16 -436.453 -436.453 -436.453 -436.453 -436.453 -436.453 -436.453 -436.453 -436.453
6.17 -394.081 -394.081 -394.081 -394.081 -394.081 -394.081 -394.081 -394.081 -394.081
6.18 -212.679 -212.679 -212.679 -212.679 -212.679 -212.679 -212.679 -212.679 -212.679
6.19 9.50052 9.50052 9.50052 9.50052 9.50052 9.50052 9.50052 9.50052 9.50052
6.2 186.806 186.806 186.806 186.806 186.806 186.806 186.806 186.806 186.806
6.21 252.56 252.56 252.56 252.56 252.56 252.56 252.56 252.56 252.56
6.22 224.649 224.649 224.649 224.649 224.649 224.649 224.649 224.649 224.649
6.23 151.051 151.051 151.051 151.051 151.051 151.051 151.051 151.051 151.051
6.24 108.963 108.963 108.963 108.963 108.963 108.963 108.963 108.963 108.963
6.25 122.061 122.061 122.061 122.061 122.061 122.061 122.061 122.061 122.061
6.26 181.491 181.491 181.491 181.491 181.491 181.491 181.491 181.491 181.491
6.27 226.45 226.45 226.45 226.45 226.45 226.45 226.45 226.45 226.45
6.28 219.357 219.357 219.357 219.357 219.357 219.357 219.357 219.357 219.357
6.29 144.486 144.486 144.486 144.486 144.486 144.486 144.486 144.486 144.486
6.3 47.9176 47.9176 47.9176 47.9176 47.9176 47.9176 47.9176 47.9176 47.9176
6.31 -23.8332 -23.8332 -23.8332 -23.8332 -23.8332 -23.8332 -23.8332 -23.8332 -23.8332
