0.02 0.506597 0.506597 0.506597 0.506597 0.506597 0.506597 0.506597 0.506597 0.506597
0.04 -5.89526 -5.89526 -5.89526 -5.89526 -5.89526 -5.89526 -5.89526 -5.89526 -5.89526
0.06 -6.04536 -6.04536 -6.04536 -6.04536 -6.04536 -6.04536 -6.04536 -6.04536 -6.04536
0.08 -10.3476 -10.3476 -10.3476 -10.3476 -10.3476 -10.3476 -10.3476 -10.3476 -10.3476
0.1 -10.2895 -10.2895 -10.2895 -10.2895 -10.2895 -10.2895 -10.2895 -10.2895 -10.2895
0.12 -6.08706 -6.08706 -6.08706 -6.08706 -6.08706 -6.08706 -6.08706 -6.08706 -6.08706
0.14 -8.37433 -8.37433 -8.37433 -8.37433 -8.37433 -8.37433 -8.37433 -8.37433 -8.37433
0.16 5.45526 5.45526 5.45526 5.45526 5.45526 5.45526 5.45526 5.45526 5.45526
0.18 6.23568 6.23568 6.23568 6.23568 6.23568 6.23568 6.23568 6.23568 6.23568
0.2 12.3171 12.3171 12.3171 12.3171 12.3171 12.3171 12.3171 12.3171 12.3171
0.22 8.96733 8.96733 8.96733 8.96733 8.96733 8.96733 8.96733 8.96733 8.96733
0.24 21.5594 21.5594 21.5594 21.5594 21.5594 21.5594 21.5594 21.5594 21.5594
0.26 1.68803 1.68803 1.68803 1.68803 1.68803 1.68803 1.68803 1.68803 1.68803
0.28 -2.31695 -2.31695 -2.31695 -2.31695 -2.31695 -2.31695 -2.31695 -2.31695 -2.31695
0.3 -3.67757 -3.67757 -3.67757 -3.67757 -3.67757 -3.67757 -3.67757 -3.67757 -3.67757
0.32 -9.23824 -9.23824 -9.23824 -9.23824 -9.23824 -9.23824 -9.23824 -9.23824 -9.23824
0.34 -5.79752 -5.79752 -5.79752 -5.79752 -5.79752 -5.79752 -5.79752 -5.79752 -5.79752
0.36 -12.907 -12.907 -12.907 -12.907 -12.907 -12.907 -12.907 -12.907 -12.907
0.38 11.9794 11.9794 11.9794 11.9794 11.9794 11.9794 11.9794 11.9794 11.9794
0.4 -19.7933 -19.7933 -19.7933 -19.7933 -19.7933 -19.7933 -19.7933 -19.7933 -19.7933
0.42 29.4323 29.4323 29.4323 29.4323 29.4323 29.4323 29.4323 29.4323 29.4323
0.44 -0.501132 -0.501132 -0.501132 -0.501132 -0.501132 -0.501132 -0.501132 -0.501132 -0.501132
0.46 22.8085 22.8085 22.8085 22.8085 22.8085 22.8085 22.8085 22.8085 22.8085
0.48 -49.5754 -49.5754 -49.5754 -49.5754 -49.5754 -49.5754 -49.5754 -49.5754 -49.5754
0.5 3.88834 3.88834 3.88834 3.88834 3.88834 3.88834 3.88834 3.88834 3.88834
0.52 -9.86876 -9.86876 -9.86876 -9.86876 -9.86876 -9.86876 -9.86876 -9.86876 -9.86876
0.54 -43.9277 -43.9277 -43.9277 -43.9277 -43.9277 -43.9277 -43.9277 -43.9277 -43.9277
0.56 -15.4447 -15.4447 -15.4447 -15.4447 -15.4447 -15.4447 -15.4447 -15.4447 -15.4447
0.58 -46.3804 -46.3804 -46.3804 -46.3804 -46.3804 -46.3804 -46.3804 -46.3804 -46.3804
0.6 73.8806 73.8806 73.8806 73.8806 73.8806 73.8806 73.8806 73.8806 73.8806
0.62 -102.089 -102.089 -102.089 -102.089 -102.089 -102.089 -102.089 -102.089 -102.089
0.64 48.0067 48.0067 48.0067 48.0067 48.0067 48.0067 48.0067 48.0067 48.0067
0.66 -71.8145 -71.8145 -71.8145 -71.8145 -71.8145 -71.8145 -71.8145 -71.8145 -71.8145
0.68 24.7891 24.7891 24.7891 24.7891 24.7891 24.7891 24.7891 24.7891 24.7891
0.7 6.09963 6.09963 6.09963 6.09963 6.09963 6.09963 6.09963 6.09963 6.09963
0.72 -129.369 -129.369 -129.369 -129.369 -129.369 -129.369 -129.369 -129.369 -129.369
0.74 51.8816 51.8816 51.8816 51.8816 51.8816 51.8816 51.8816 51.8816 51.8816
0.76 -28.2277 -28.2277 -28.2277 -28.2277 -28.2277 -28.2277 -28.2277 -28.2277 -28.2277
0.78 9.88026 9.88026 9.88026 9.88026 9.88026 9.88026 9.88026 9.88026 9.88026
0.8 -44.6604 -44.6604 -44.6604 -44.6604 -44.6604 -44.6604 -44.6604 -44.6604 -44.6604
0.82 -32.3513 -32.3513 -32.3513 -32.3513 -32.3513 -32.3513 -32.3513 -32.3513 -32.3513
0.84 -18.664 -18.664 -18.664 -18.664 -18.664 -18.664 -18.664 -18.664 -18.664
0.86 -15.149 -15.149 -15.149 -15.149 -15.149 -15.149 -15.149 -15.149 -15.149
0.88 5.85979 5.85979 5.85979 5.85979 5.85979 5.85979 5.85979 5.85979 5.85979
0.9 -19.6025 -19.6025 -19.6025 -19.6025 -19.6025 -19.6025 -19.6025 -19.6025 -19.6025
0.92 -8.97354 -8.97354 -8.97354 -8.97354 -8.97354 -8.97354 -8.97354 -8.97354 -8.97354
0.94 21.497 21.497 21.497 21.497 21.497 21.497 21.497 21.497 21.497
0.96 37.3366 37.3366 37.3366 37.3366 37.3366 37.3366 37.3366 37.3366 37.3366
0.98 54.4205 54.4205 54.4205 54.4205 54.4205 54.4205 54.4205 54.4205 54.4205
1 25.3424 25.3424 25.3424 25.3424 25.3424 25.3424 25.3424 25.3424 25.3424
1.02 -1.62644 -1.62644 -1.62644 -1.62644 -1.62644 -1.62644 -1.62644 -1.62644 -1.62644
1.04 28.4378 28.4378 28.4378 28.4378 28.4378 28.4378 28.4378 28.4378 28.4378
1.06 32.2005 32.2005 32.2005 32.2005 32.2005 32.2005 32.2005 32.2005 32.2005
1.08 26.9237 26.9237 26.9237 26.9237 26.9237 26.9237 26.9237 26.9237 26.9237
1.1 -28.8434 -28.8434 -28.8434 -28.8434 -28.8434 -28.8434 -28.8434 -28.8434 -28.8434
1.12 52.7571 52.7571 52.7571 52.7571 52.7571 52.7571 52.7571 52.7571 52.7571
1.14 67.4391 67.4391 67.4391 67.4391 67.4391 67.4391 67.4391 67.4391 67.4391
1.16 51.8174 51.8174 51.8174 51.8174 51.8174 51.8174 51.8174 51.8174 51.8174
1.18 -8.54514 -8.54514 -8.54514 -8.54514 -8.54514 -8.54514 -8.54514 -8.54514 -8.54514
1.2 21.8738 21.8738 21.8738 21.8738 21.8738 21.8738 21.8738 21.8738 21.8738
1.22 117.9 117.9 117.9 117.9 117.9 117.9 117.9 117.9 117.9
1.24 54.691 54.691 54.691 54.691 54.691 54.691 54.691 54.691 54.691
1.26 -16.3287 -16.3287 -16.3287 -16.3287 -16.3287 -16.3287 -16.3287 -16.3287 -16.3287
1.28 -64.6712 -64.6712 -64.6712 -64.6712 -64.6712 -64.6712 -64.6712 -64.6712 -64.6712
1.3 67.0817 67.0817 67.0817 67.0817 67.0817 67.0817 67.0817 67.0817 67.0817
1.32 74.9471 74.9471 74.9471 74.9471 74.9471 74.9471 74.9471 74.9471 74.9471
1.34 -13.9378 -13.9378 -13.9378 -13.9378 -13.9378 -13.9378 -13.9378 -13.9378 -13.9378
1.36 -37.2323 -37.2323 -37.2323 -37.2323 -37.2323 -37.2323 -37.2323 -37.2323 -37.2323
1.38 14.4241 14.4241 14.4241 14.4241 14.4241 14.4241 14.4241 14.4241 14.4241
1.4 66.4876 66.4876 66.4876 66.4876 66.4876 66.4876 66.4876 66.4876 66.4876
1.42 35.7747 35.7747 35.7747 35.7747 35.7747 35.7747 35.7747 35.7747 35.7747
1.44 -3.90877 -3.90877 -3.90877 -3.90877 -3.90877 -3.90877 -3.90877 -3.90877 -3.90877
1.46 12.6172 12.6172 12.6172 12.6172 12.6172 12.6172 12.6172 12.6172 12.6172
1.48 83.3823 83.3823 83.3823 83.3823 83.3823 83.3823 83.3823 83.3823 83.3823
1.5 93.1675 93.1675 93.1675 93.1675 93.1675 93.1675 93.1675 93.1675 93.1675
1.52 -10.3215 -10.3215 -10.3215 -10.3215 -10.3215 -10.3215 -10.3215 -10.3215 -10.3215
1.54 29.9246 29.9246 29.9246 29.9246 29.9246 29.9246 29.9246 29.9246 29.9246
1.56 43.8077 43.8077 43.8077 43.8077 43.8077 43.8077 43.8077 43.8077 43.8077
1.58 52.3519 52.3519 52.3519 52.3519 52.3519 52.3519 52.3519 52.3519 52.3519
1.6 9.03296 9.03296 9.03296 9.03296 9.03296 9.03296 9.03296 9.03296 9.03296
1.62 -26.2861 -26.2861 -26.2861 -26.2861 -26.2861 -26.2861 -26.2861 -26.2861 -26.2861
1.64 -9.97112 -9.97112 -9.97112 -9.97112 -9.97112 -9.97112 -9.97112 -9.97112 -9.97112
1.66 59.8554 59.8554 59.8554 59.8554 59.8554 59.8554 59.8554 59.8554 59.8554
1.68 68.5751 68.5751 68.5751 68.5751 68.5751 68.5751 68.5751 68.5751 68.5751
1.7 -0.315503 -0.315503 -0.315503 -0.315503 -0.315503 -0.315503 -0.315503 -0.315503 -0.315503
1.72 -8.56176 -8.56176 -8.56176 -8.56176 -8.56176 -8.56176 -8.56176 -8.56176 -8.56176
1.74 72.6145 72.6145 72.6145 72.6145 72.6145 72.6145 72.6145 72.6145 72.6145
1.76 126.175 126.175 126.175 126.175 126.175 126.175 126.175 126.175 126.175
1.78 59.9329 59.9329 59.9329 59.9329 59.9329 59.9329 59.9329 59.9329 59.9329
1.8 8.38747 8.38747 8.38747 8.38747 8.38747 8.38747 8.38747 8.38747 8.38747
1.82 5.50017 5.50017 5.50017 5.50017 5.50017 5.50017 5.50017 5.50017 5.50017
1.84 -15.0143 -15.0143 -15.0143 -15.0143 -15.0143 -15.0143 -15.0143 -15.0143 -15.0143
1.86 5.73923 5.73923 5.73923 5.73923 5.73923 5.73923 5.73923 5.73923 5.73923
1.88 -43.3086 -43.3086 -43.3086 -43.3086 -43.3086 -43.3086 -43.3086 -43.3086 -43.3086
1.9 -52.3791 -52.3791 -52.3791 -52.3791 -52.3791 -52.3791 -52.3791 -52.3791 -52.3791
1.92 24.242 24.242 24.242 24.242 24.242 24.242 24.242 24.242 24.242
1.94 29.2803 29.2803 29.2803 29.2803 29.2803 29.2803 29.2803 29.2803 29.2803
1.96 25.3654 25.3654 25.3654 25.3654 25.3654 25.3654 25.3654 25.3654 25.3654
1.98 -42.6492 -42.6492 -42.6492 -42.6492 -42.6492 -42.6492 -42.6492 -42.6492 -42.6492
2 18.8952 18.8952 18.8952 18.8952 18.8952 18.8952 18.8952 18.8952 18.8952
2.02 26.0743 26.0743 26.0743 26.0743 26.0743 26.0743 26.0743 26.0743 26.0743
2.04 39.6403 39.6403 39.6403 39.6403 39.6403 39.6403 39.6403 39.6403 39.6403
2.06 50.2121 50.2121 50.2121 50.2121 50.2121 50.2121 50.2121 50.2121 50.2121
2.08 32.8971 32.8971 32.8971 32.8971 32.8971 32.8971 32.8971 32.8971 32.8971
2.1 20.5959 20.5959 20.5959 20.5959 20.5959 20.5959 20.5959 20.5959 20.5959
2.12 5.98016 5.98016 5.98016 5.98016 5.98016 5.98016 5.98016 5.98016 5.98016
2.14 40.8225 40.8225 40.8225 40.8225 40.8225 40.8225 40.8225 40.8225 40.8225
2.16 -25.7773 -25.7773 -25.7773 -25.7773 -25.7773 -25.7773 -25.7773 -25.7773 -25.7773
2.18 -0.534419 -0.534419 -0.534419 -0.534419 -0.534419 -0.534419 -0.534419 -0.534419 -0.534419
2.2 8.101 8.101 8.101 8.101 8.101 8.101 8.101 8.101 8.101
2.22 149.309 149.309 149.309 149.309 149.309 149.309 149.309 149.309 149.309
2.24 54.0269 54.0269 54.0269 54.0269 54.0269 54.0269 54.0269 54.0269 54.0269
2.26 -28.6146 -28.6146 -28.6146 -28.6146 -28.6146 -28.6146 -28.6146 -28.6146 -28.6146
2.28 -27.823 -27.823 -27.823 -27.823 -27.823 -27.823 -27.823 -27.823 -27.823
2.3 -99.9115 -99.9115 -99.9115 -99.9115 -99.9115 -99.9115 -99.9115 -99.9115 -99.9115
2.32 -73.505 -73.505 -73.505 -73.505 -73.505 -73.505 -73.505 -73.505 -73.505
2.34 -58.5812 -58.5812 -58.5812 -58.5812 -58.5812 -58.5812 -58.5812 -58.5812 -58.5812
2.36 -121.731 -121.731 -121.731 -121.731 -121.731 -121.731 -121.731 -121.731 -121.731
2.38 15.6151 15.6151 15.6151 15.6151 15.6151 15.6151 15.6151 15.6151 15.6151
2.4 103.35 103.35 103.35 103.35 103.35 103.35 103.35 103.35 103.35
2.42 -9.4709 -9.4709 -9.4709 -9.4709 -9.4709 -9.4709 -9.4709 -9.4709 -9.4709
2.44 -65.6631 -65.6631 -65.6631 -65.6631 -65.6631 -65.6631 -65.6631 -65.6631 -65.6631
2.46 -109.166 -109.166 -109.166 -109.166 -109.166 -109.166 -109.166 -109.166 -109.166
2.48 38.3903 38.3903 38.3903 38.3903 38.3903 38.3903 38.3903 38.3903 38.3903
2.5 72.5254 72.5254 72.5254 72.5254 72.5254 72.5254 72.5254 72.5254 72.5254
2.52 182.148 182.148 182.148 182.148 182.148 182.148 182.148 182.148 182.148
2.54 194.464 194.464 194.464 194.464 194.464 194.464 194.464 194.464 194.464
2.56 163.821 163.821 163.821 163.821 163.821 163.821 163.821 163.821 163.821
2.58 45.7967 45.7967 45.7967 45.7967 45.7967 45.7967 45.7967 45.7967 45.7967
2.6 -27.3385 -27.3385 -27.3385 -27.3385 -27.3385 -27.3385 -27.3385 -27.3385 -27.3385
2.62 -128.885 -128.885 -128.885 -128.885 -128.885 -128.885 -128.885 -128.885 -128.885
2.64 -171.94 -171.94 -171.94 -171.94 -171.94 -171.94 -171.94 -171.94 -171.94
2.66 -11.8347 -11.8347 -11.8347 -11.8347 -11.8347 -11.8347 -11.8347 -11.8347 -11.8347
2.68 58.4783 58.4783 58.4783 58.4783 58.4783 58.4783 58.4783 58.4783 58.4783
2.7 163.61 163.61 163.61 163.61 163.61 163.61 163.61 163.61 163.61
2.72 54.9194 54.9194 54.9194 54.9194 54.9194 54.9194 54.9194 54.9194 54.9194
2.74 9.9766 9.9766 9.9766 9.9766 9.9766 9.9766 9.9766 9.9766 9.9766
2.76 3.44627 3.44627 3.44627 3.44627 3.44627 3.44627 3.44627 3.44627 3.44627
2.78 -36.0987 -36.0987 -36.0987 -36.0987 -36.0987 -36.0987 -36.0987 -36.0987 -36.0987
2.8 34.5563 34.5563 34.5563 34.5563 34.5563 34.5563 34.5563 34.5563 34.5563
2.82 64.7412 64.7412 64.7412 64.7412 64.7412 64.7412 64.7412 64.7412 64.7412
2.84 102.611 102.611 102.611 102.611 102.611 102.611 102.611 102.611 102.611
2.86 152.964 152.964 152.964 152.964 152.964 152.964 152.964 152.964 152.964
2.88 175.31 175.31 175.31 175.31 175.31 175.31 175.31 175.31 175.31
2.9 67.33 67.33 67.33 67.33 67.33 67.33 67.33 67.33 67.33
2.92 -84.0034 -84.0034 -84.0034 -84.0034 -84.0034 -84.0034 -84.0034 -84.0034 -84.0034
2.94 -50.6615 -50.6615 -50.6615 -50.6615 -50.6615 -50.6615 -50.6615 -50.6615 -50.6615
2.96 67.0886 67.0886 67.0886 67.0886 67.0886 67.0886 67.0886 67.0886 67.0886
2.98 132.139 132.139 132.139 132.139 132.139 132.139 132.139 132.139 132.139
3 48.3817 48.3817 48.3817 48.3817 48.3817 48.3817 48.3817 48.3817 48.3817
3.02 14.4916 14.4916 14.4916 14.4916 14.4916 14.4916 14.4916 14.4916 14.4916
3.04 -125.213 -125.213 -125.213 -125.213 -125.213 -125.213 -125.213 -125.213 -125.213
3.06 -371.467 -371.467 -371.467 -371.467 -371.467 -371.467 -371.467 -371.467 -371.467
3.08 -442.152 -442.152 -442.152 -442.152 -442.152 -442.152 -442.152 -442.152 -442.152
3.1 -535.242 -535.242 -535.242 -535.242 -535.242 -535.242 -535.242 -535.242 -535.242
3.12 -454.538 -454.538 -454.538 -454.538 -454.538 -454.538 -454.538 -454.538 -454.538
3.14 -420.561 -420.561 -420.561 -420.561 -420.561 -420.561 -420.561 -420.561 -420.561
3.16 -419.811 -419.811 -419.811 -419.811 -419.811 -419.811 -419.811 -419.811 -419.811
3.18 -485.495 -485.495 -485.495 -485.495 -485.495 -485.495 -485.495 -485.495 -485.495
3.2 -591.635 -591.635 -591.635 -591.635 -591.635 -591.635 -591.635 -591.635 -591.635
3.22 -597.872 -597.872 -597.872 -597.872 -597.872 -597.872 -597.872 -597.872 -597.872
3.24 -641.535 -641.535 -641.535 -641.535 -641.535 -641.535 -641.535 -641.535 -641.535
3.25 -691.493 -691.493 -691.493 -691.493 -691.493 -691.493 -691.493 -691.493 -691.493
3.26 -741.45 -741.45 -741.45 -741.45 -741.45 -741.45 -741.45 -741.45 -741.45
3.27 -671.672 -671.672 -671.672 -671.672 -671.672 -671.672 -671.672 -671.672 -671.672
3.28 -601.894 -601.894 -601.894 -601.894 -601.894 -601.894 -601.894 -601.894 -601.894
3.29 -453.865 -453.865 -453.865 -453.865 -453.865 -453.865 -453.865 -453.865 -453.865
3.3 -305.836 -305.836 -305.836 -305.836 -305.836 -305.836 -305.836 -305.836 -305.836
3.31 -276.422 -276.422 -276.422 -276.422 -276.422 -276.422 -276.422 -276.422 -276.422
3.32 -247.009 -247.009 -247.009 -247.009 -247.009 -247.009 -247.009 -247.009 -247.009
3.33 -269.789 -269.789 -269.789 -269.789 -269.789 -269.789 -269.789 -269.789 -269.789
3.34 -292.57 -292.57 -292.57 -292.57 -292.57 -292.57 -292.57 -292.57 -292.57
3.35 -365.369 -365.369 -365.369 -365.369 -365.369 -365.369 -365.369 -365.369 -365.369
3.36 -438.168 -438.168 -438.168 -438.168 -438.168 -438.168 -438.168 -438.168 -438.168
3.37 -457.882 -457.882 -457.882 -457.882 -457.882 -457.882 -457.882 -457.882 -457.882
3.38 -477.596 -477.596 -477.596 -477.596 -477.596 -477.596 -477.596 -477.596 -477.596
3.39 -492.096 -492.096 -492.096 -492.096 -492.096 -492.096 -492.096 -492.096 -492.096
3.4 -506.596 -506.596 -506.596 -506.596 -506.596 -506.596 -506.596 -506.596 -506.596
3.41 -492.584 -492.584 -492.584 -492.584 -492.584 -492.584 -492.584 -492.584 -492.584
3.42 -478.572 -478.572 -478.572 -478.572 -478.572 -478.572 -478.572 -478.572 -478.572
3.43 -275.808 -275.808 -275.808 -275.808 -275.808 -275.808 -275.808 -275.808 -275.808
3.44 -73.0448 -73.0448 -73.0448 -73.0448 -73.0448 -73.0448 -73.0448 -73.0448 -73.0448
3.45 112.909 112.909 112.909 112.909 112.909 112.909 112.909 112.909 112.909
3.46 298.864 298.864 298.864 298.864 298.864 298.864 298.864 298.864 298.864
3.47 449.099 449.099 449.099 449.099 449.099 449.099 449.099 449.099 449.099
3.48 599.334 599.334 599.334 599.334 599.334 599.334 599.334 599.334 599.334
3.49 716.858 716.858 716.858 716.858 716.858 716.858 716.858 716.858 716.858
3.5 834.381 834.381 834.381 834.381 834.381 834.381 834.381 834.381 834.381
3.51 895.897 895.897 895.897 895.897 895.897 895.897 895.897 895.897 895.897
3.52 957.414 957.414 957.414 957.414 957.414 957.414 957.414 957.414 957.414
3.53 895.625 895.625 895.625 895.625 895.625 895.625 895.625 895.625 895.625
3.54 833.837 833.837 833.837 833.837 833.837 833.837 833.837 833.837 833.837
3.55 871.847 871.847 871.847 871.847 871.847 871.847 871.847 871.847 871.847
3.56 909.857 909.857 909.857 909.857 909.857 909.857 909.857 909.857 909.857
3.57 1008.83 1008.83 1008.83 1008.83 1008.83 1008.83 1008.83 1008.83 1008.83
3.58 1107.81 1107.81 1107.81 1107.81 1107.81 1107.81 1107.81 1107.81 1107.81
3.59 1134.57 1134.57 1134.57 1134.57 1134.57 1134.57 1134.57 1134.57 1134.57
3.6 1161.33 1161.33 1161.33 1161.33 1161.33 1161.33 1161.33 1161.33 1161.33
3.61 930.188 930.188 930.188 930.188 930.188 930.188 930.188 930.188 930.188
3.62 699.047 699.047 699.047 699.047 699.047 699.047 699.047 699.047 699.047
3.63 388.497 388.497 388.497 388.497 388.497 388.497 388.497 388.497 388.497
3.64 77.9461 77.9461 77.9461 77.9461 77.9461 77.9461 77.9461 77.9461 77.9461
3.65 20.8864 20.8864 20.8864 20.8864 20.8864 20.8864 20.8864 20.8864 20.8864
3.66 -36.1734 -36.1734 -36.1734 -36.1734 -36.1734 -36.1734 -36.1734 -36.1734 -36.1734
3.67 113.797 113.797 113.797 113.797 113.797 113.797 113.797 113.797 113.797
3.68 263.767 263.767 263.767 263.767 263.767 263.767 263.767 263.767 263.767
3.69 534.965 534.965 534.965 534.965 534.965 534.965 534.965 534.965 534.965
3.7 806.162 806.162 806.162 806.162 806.162 806.162 806.162 806.162 806.162
3.71 759.676 759.676 759.676 759.676 759.676 759.676 759.676 759.676 759.676
3.72 713.189 713.189 713.189 713.189 713.189 713.189 713.189 713.189 713.189
3.73 716.455 716.455 716.455 716.455 716.455 716.455 716.455 716.455 716.455
3.74 719.721 719.721 719.721 719.721 719.721 719.721 719.721 719.721 719.721
3.75 722.758 722.758 722.758 722.758 722.758 722.758 722.758 722.758 722.758
3.76 725.795 725.795 725.795 725.795 725.795 725.795 725.795 725.795 725.795
3.77 616.777 616.777 616.777 616.777 616.777 616.777 616.777 616.777 616.777
3.78 507.76 507.76 507.76 507.76 507.76 507.76 507.76 507.76 507.76
3.79 475.94 475.94 475.94 475.94 475.94 475.94 475.94 475.94 475.94
3.8 444.119 444.119 444.119 444.119 444.119 444.119 444.119 444.119 444.119
3.81 298.482 298.482 298.482 298.482 298.482 298.482 298.482 298.482 298.482
3.82 152.844 152.844 152.844 152.844 152.844 152.844 152.844 152.844 152.844
3.83 5.3427 5.3427 5.3427 5.3427 5.3427 5.3427 5.3427 5.3427 5.3427
3.84 -142.159 -142.159 -142.159 -142.159 -142.159 -142.159 -142.159 -142.159 -142.159
3.85 -246.095 -246.095 -246.095 -246.095 -246.095 -246.095 -246.095 -246.095 -246.095
3.86 -350.032 -350.032 -350.032 -350.032 -350.032 -350.032 -350.032 -350.032 -350.032
3.87 -404.437 -404.437 -404.437 -404.437 -404.437 -404.437 -404.437 -404.437 -404.437
3.88 -458.843 -458.843 -458.843 -458.843 -458.843 -458.843 -458.843 -458.843 -458.843
3.89 -407 -407 -407 -407 -407 -407 -407 -407 -407
3.9 -355.158 -355.158 -355.158 -355.158 -355.158 -355.158 -355.158 -355.158 -355.158
3.91 -248.306 -248.306 -248.306 -248.306 -248.306 -248.306 -248.306 -248.306 -248.306
3.92 -141.454 -141.454 -141.454 -141.454 -141.454 -141.454 -141.454 -141.454 -141.454
3.93 -172.014 -172.014 -172.014 -172.014 -172.014 -172.014 -172.014 -172.014 -172.014
3.94 -202.575 -202.575 -202.575 -202.575 -202.575 -202.575 -202.575 -202.575 -202.575
3.95 -339.717 -339.717 -339.717 -339.717 -339.717 -339.717 -339.717 -339.717 -339.717
3.96 -476.859 -476.859 -476.859 -476.859 -476.859 -476.859 -476.859 -476.859 -476.859
3.97 -577.431 -577.431 -577.431 -577.431 -577.431 -577.431 -577.431 -577.431 -577.431
3.98 -678.002 -678.002 -678.002 -678.002 -678.002 -678.002 -678.002 -678.002 -678.002
3.99 -750.09 -750.09 -750.09 -750.09 -750.09 -750.09 -750.09 -750.09 -750.09
4 -822.178 -822.178 -822.178 -822.178 -822.178 -822.178 -822.178 -822.178 -822.178
4.01 -535.657 -535.657 -535.657 -535.657 -535.657 -535.657 -535.657 -535.657 -535.657
4.02 -249.137 -249.137 -249.137 -249.137 -249.137 -249.137 -249.137 -249.137 -249.137
4.03 -117.661 -117.661 -117.661 -117.661 -117.661 -117.661 -117.661 -117.661 -117.661
4.04 13.8141 13.8141 13.8141 13.8141 13.8141 13.8141 13.8141 13.8141 13.8141
4.05 -115.108 -115.108 -115.108 -115.108 -115.108 -115.108 -115.108 -115.108 -115.108
4.06 -244.03 -244.03 -244.03 -244.03 -244.03 -244.03 -244.03 -244.03 -244.03
4.07 -290.254 -290.254 -290.254 -290.254 -290.254 -290.254 -290.254 -290.254 -290.254
4.08 -336.479 -336.479 -336.479 -336.479 -336.479 -336.479 -336.479 -336.479 -336.479
4.09 -351.117 -351.117 -351.117 -351.117 -351.117 -351.117 -351.117 -351.117 -351.117
4.1 -365.756 -365.756 -365.756 -365.756 -365.756 -365.756 -365.756 -365.756 -365.756
4.11 -417.344 -417.344 -417.344 -417.344 -417.344 -417.344 -417.344 -417.344 -417.344
4.12 -468.932 -468.932 -468.932 -468.932 -468.932 -468.932 -468.932 -468.932 -468.932
4.13 -454.03 -454.03 -454.03 -454.03 -454.03 -454.03 -454.03 -454.03 -454.03
4.14 -439.129 -439.129 -439.129 -439.129 -439.129 -439.129 -439.129 -439.129 -439.129
4.15 -234.348 -234.348 -234.348 -234.348 -234.348 -234.348 -234.348 -234.348 -234.348
4.16 -29.5674 -29.5674 -29.5674 -29.5674 -29.5674 -29.5674 -29.5674 -29.5674 -29.5674
4.17 56.4071 56.4071 56.4071 56.4071 56.4071 56.4071 56.4071 56.4071 56.4071
4.18 142.382 142.382 142.382 142.382 142.382 142.382 142.382 142.382 142.382
4.19 121.722 121.722 121.722 121.722 121.722 121.722 121.722 121.722 121.722
4.2 101.062 101.062 101.062 101.062 101.062 101.062 101.062 101.062 101.062
4.21 122.254 122.254 122.254 122.254 122.254 122.254 122.254 122.254 122.254
4.22 143.446 143.446 143.446 143.446 143.446 143.446 143.446 143.446 143.446
4.23 194.397 194.397 194.397 194.397 194.397 194.397 194.397 194.397 194.397
4.24 245.347 245.347 245.347 245.347 245.347 245.347 245.347 245.347 245.347
4.25 168.651 168.651 168.651 168.651 168.651 168.651 168.651 168.651 168.651
4.26 91.9544 91.9544 91.9544 91.9544 91.9544 91.9544 91.9544 91.9544 91.9544
4.27 31.0716 31.0716 31.0716 31.0716 31.0716 31.0716 31.0716 31.0716 31.0716
4.28 -29.8113 -29.8113 -29.8113 -29.8113 -29.8113 -29.8113 -29.8113 -29.8113 -29.8113
4.29 -90.0147 -90.0147 -90.0147 -90.0147 -90.0147 -90.0147 -90.0147 -90.0147 -90.0147
4.3 -150.218 -150.218 -150.218 -150.218 -150.218 -150.218 -150.218 -150.218 -150.218
4.31 -205.532 -205.532 -205.532 -205.532 -205.532 -205.532 -205.532 -205.532 -205.532
4.32 -260.846 -260.846 -260.846 -260.846 -260.846 -260.846 -260.846 -260.846 -260.846
4.33 -240.3 -240.3 -240.3 -240.3 -240.3 -240.3 -240.3 -240.3 -240.3
4.34 -219.754 -219.754 -219.754 -219.754 -219.754 -219.754 -219.754 -219.754 -219.754
4.35 -127.346 -127.346 -127.346 -127.346 -127.346 -127.346 -127.346 -127.346 -127.346
4.36 -34.9392 -34.9392 -34.9392 -34.9392 -34.9392 -34.9392 -34.9392 -34.9392 -34.9392
4.37 6.47631 6.47631 6.47631 6.47631 6.47631 6.47631 6.47631 6.47631 6.47631
4.38 47.8918 47.8918 47.8918 47.8918 47.8918 47.8918 47.8918 47.8918 47.8918
4.39 -44.2021 -44.2021 -44.2021 -44.2021 -44.2021 -44.2021 -44.2021 -44.2021 -44.2021
4.4 -136.296 -136.296 -136.296 -136.296 -136.296 -136.296 -136.296 -136.296 -136.296
4.41 -177.992 -177.992 -177.992 -177.992 -177.992 -177.992 -177.992 -177.992 -177.992
4.42 -219.688 -219.688 -219.688 -219.688 -219.688 -219.688 -219.688 -219.688 -219.688
4.43 -181.121 -181.121 -181.121 -181.121 -181.121 -181.121 -181.121 -181.121 -181.121
4.44 -142.553 -142.553 -142.553 -142.553 -142.553 -142.553 -142.553 -142.553 -142.553
4.45 -129.3 -129.3 -129.3 -129.3 -129.3 -129.3 -129.3 -129.3 -129.3
4.46 -116.047 -116.047 -116.047 -116.047 -116.047 -116.047 -116.047 -116.047 -116.047
4.47 -174.428 -174.428 -174.428 -174.428 -174.428 -174.428 -174.428 -174.428 -174.428
4.48 -232.808 -232.808 -232.808 -232.808 -232.808 -232.808 -232.808 -232.808 -232.808
4.49 -162.311 -162.311 -162.311 -162.311 -162.311 -162.311 -162.311 -162.311 -162.311
4.5 -91.8147 -91.8147 -91.8147 -91.8147 -91.8147 -91.8147 -91.8147 -91.8147 -91.8147
4.51 37.0344 37.0344 37.0344 37.0344 37.0344 37.0344 37.0344 37.0344 37.0344
4.52 165.884 165.884 165.884 165.884 165.884 165.884 165.884 165.884 165.884
4.53 287.792 287.792 287.792 287.792 287.792 287.792 287.792 287.792 287.792
4.54 409.701 409.701 409.701 409.701 409.701 409.701 409.701 409.701 409.701
4.55 312.973 312.973 312.973 312.973 312.973 312.973 312.973 312.973 312.973
4.56 216.246 216.246 216.246 216.246 216.246 216.246 216.246 216.246 216.246
4.57 -22.7691 -22.7691 -22.7691 -22.7691 -22.7691 -22.7691 -22.7691 -22.7691 -22.7691
4.58 -261.784 -261.784 -261.784 -261.784 -261.784 -261.784 -261.784 -261.784 -261.784
4.59 -317.704 -317.704 -317.704 -317.704 -317.704 -317.704 -317.704 -317.704 -317.704
4.6 -373.625 -373.625 -373.625 -373.625 -373.625 -373.625 -373.625 -373.625 -373.625
4.61 -261.007 -261.007 -261.007 -261.007 -261.007 -261.007 -261.007 -261.007 -261.007
4.62 -148.389 -148.389 -148.389 -148.389 -148.389 -148.389 -148.389 -148.389 -148.389
4.63 5.70238 5.70238 5.70238 5.70238 5.70238 5.70238 5.70238 5.70238 5.70238
4.64 159.793 159.793 159.793 159.793 159.793 159.793 159.793 159.793 159.793
4.65 164.411 164.411 164.411 164.411 164.411 164.411 164.411 164.411 164.411
4.66 169.028 169.028 169.028 169.028 169.028 169.028 169.028 169.028 169.028
4.67 189.348 189.348 189.348 189.348 189.348 189.348 189.348 189.348 189.348
4.68 209.669 209.669 209.669 209.669 209.669 209.669 209.669 209.669 209.669
4.69 278.474 278.474 278.474 278.474 278.474 278.474 278.474 278.474 278.474
4.7 347.279 347.279 347.279 347.279 347.279 347.279 347.279 347.279 347.279
4.71 362.919 362.919 362.919 362.919 362.919 362.919 362.919 362.919 362.919
4.72 378.559 378.559 378.559 378.559 378.559 378.559 378.559 378.559 378.559
4.73 403.198 403.198 403.198 403.198 403.198 403.198 403.198 403.198 403.198
4.74 427.836 427.836 427.836 427.836 427.836 427.836 427.836 427.836 427.836
4.75 203.545 203.545 203.545 203.545 203.545 203.545 203.545 203.545 203.545
4.76 -20.7455 -20.7455 -20.7455 -20.7455 -20.7455 -20.7455 -20.7455 -20.7455 -20.7455
4.77 -232.197 -232.197 -232.197 -232.197 -232.197 -232.197 -232.197 -232.197 -232.197
4.78 -443.649 -443.649 -443.649 -443.649 -443.649 -443.649 -443.649 -443.649 -443.649
4.79 -491.2 -491.2 -491.2 -491.2 -491.2 -491.2 -491.2 -491.2 -491.2
4.8 -538.751 -538.751 -538.751 -538.751 -538.751 -538.751 -538.751 -538.751 -538.751
4.81 -500.875 -500.875 -500.875 -500.875 -500.875 -500.875 -500.875 -500.875 -500.875
4.82 -463 -463 -463 -463 -463 -463 -463 -463 -463
4.83 -355.021 -355.021 -355.021 -355.021 -355.021 -355.021 -355.021 -355.021 -355.021
4.84 -247.041 -247.041 -247.041 -247.041 -247.041 -247.041 -247.041 -247.041 -247.041
4.85 -290.48 -290.48 -290.48 -290.48 -290.48 -290.48 -290.48 -290.48 -290.48
4.86 -333.92 -333.92 -333.92 -333.92 -333.92 -333.92 -333.92 -333.92 -333.92
4.87 -327.074 -327.074 -327.074 -327.074 -327.074 -327.074 -327.074 -327.074 -327.074
4.88 -320.229 -320.229 -320.229 -320.229 -320.229 -320.229 -320.229 -320.229 -320.229
4.89 -149.512 -149.512 -149.512 -149.512 -149.512 -149.512 -149.512 -149.512 -149.512
4.9 21.2046 21.2046 21.2046 21.2046 21.2046 21.2046 21.2046 21.2046 21.2046
4.91 256.097 256.097 256.097 256.097 256.097 256.097 256.097 256.097 256.097
4.92 490.99 490.99 490.99 490.99 490.99 490.99 490.99 490.99 490.99
4.93 635.305 635.305 635.305 635.305 635.305 635.305 635.305 635.305 635.305
4.94 779.621 779.621 779.621 779.621 779.621 779.621 779.621 779.621 779.621
4.95 771.527 771.527 771.527 771.527 771.527 771.527 771.527 771.527 771.527
4.96 763.434 763.434 763.434 763.434 763.434 763.434 763.434 763.434 763.434
4.97 692.04 692.04 692.04 692.04 692.04 692.04 692.04 692.04 692.04
4.98 620.646 620.646 620.646 620.646 620.646 620.646 620.646 620.646 620.646
4.99 589.342 589.342 589.342 589.342 589.342 589.342 589.342 589.342 589.342
5 558.037 558.037 558.037 558.037 558.037 558.037 558.037 558.037 558.037
5.01 560.555 560.555 560.555 560.555 560.555 560.555 560.555 560.555 560.555
5.02 563.073 563.073 563.073 563.073 563.073 563.073 563.073 563.073 563.073
5.03 460.788 460.788 460.788 460.788 460.788 460.788 460.788 460.788 460.788
5.04 358.503 358.503 358.503 358.503 358.503 358.503 358.503 358.503 358.503
5.05 38.3146 38.3146 38.3146 38.3146 38.3146 38.3146 38.3146 38.3146 38.3146
5.06 -281.873 -281.873 -281.873 -281.873 -281.873 -281.873 -281.873 -281.873 -281.873
5.07 -503.559 -503.559 -503.559 -503.559 -503.559 -503.559 -503.559 -503.559 -503.559
5.08 -725.244 -725.244 -725.244 -725.244 -725.244 -725.244 -725.244 -725.244 -725.244
5.09 -695.172 -695.172 -695.172 -695.172 -695.172 -695.172 -695.172 -695.172 -695.172
5.1 -665.1 -665.1 -665.1 -665.1 -665.1 -665.1 -665.1 -665.1 -665.1
5.11 -512.763 -512.763 -512.763 -512.763 -512.763 -512.763 -512.763 -512.763 -512.763
5.12 -360.427 -360.427 -360.427 -360.427 -360.427 -360.427 -360.427 -360.427 -360.427
5.13 -291.617 -291.617 -291.617 -291.617 -291.617 -291.617 -291.617 -291.617 -291.617
5.14 -222.808 -222.808 -222.808 -222.808 -222.808 -222.808 -222.808 -222.808 -222.808
5.15 -276.369 -276.369 -276.369 -276.369 -276.369 -276.369 -276.369 -276.369 -276.369
5.16 -329.93 -329.93 -329.93 -329.93 -329.93 -329.93 -329.93 -329.93 -329.93
5.17 -405.878 -405.878 -405.878 -405.878 -405.878 -405.878 -405.878 -405.878 -405.878
5.18 -481.826 -481.826 -481.826 -481.826 -481.826 -481.826 -481.826 -481.826 -481.826
5.19 -416.57 -416.57 -416.57 -416.57 -416.57 -416.57 -416.57 -416.57 -416.57
5.2 -351.313 -351.313 -351.313 -351.313 -351.313 -351.313 -351.313 -351.313 -351.313
5.21 -164.177 -164.177 -164.177 -164.177 -164.177 -164.177 -164.177 -164.177 -164.177
5.22 22.9601 22.9601 22.9601 22.9601 22.9601 22.9601 22.9601 22.9601 22.9601
5.23 169.233 169.233 169.233 169.233 169.233 169.233 169.233 169.233 169.233
5.24 315.505 315.505 315.505 315.505 315.505 315.505 315.505 315.505 315.505
5.25 352.316 352.316 352.316 352.316 352.316 352.316 352.316 352.316 352.316
5.26 389.128 389.128 389.128 389.128 389.128 389.128 389.128 389.128 389.128
5.27 315.958 315.958 315.958 315.958 315.958 315.958 315.958 315.958 315.958
5.28 242.788 242.788 242.788 242.788 242.788 242.788 242.788 242.788 242.788
5.29 139.748 139.748 139.748 139.748 139.748 139.748 139.748 139.748 139.748
5.3 36.7086 36.7086 36.7086 36.7086 36.7086 36.7086 36.7086 36.7086 36.7086
5.31 -60.3242 -60.3242 -60.3242 -60.3242 -60.3242 -60.3242 -60.3242 -60.3242 -60.3242
5.32 -157.357 -157.357 -157.357 -157.357 -157.357 -157.357 -157.357 -157.357 -157.357
5.33 -215.8 -215.8 -215.8 -215.8 -215.8 -215.8 -215.8 -215.8 -215.8
5.34 -274.243 -274.243 -274.243 -274.243 -274.243 -274.243 -274.243 -274.243 -274.243
5.35 -389.643 -389.643 -389.643 -389.643 -389.643 -389.643 -389.643 -389.643 -389.643
5.36 -505.043 -505.043 -505.043 -505.043 -505.043 -505.043 -505.043 -505.043 -505.043
5.37 -570.401 -570.401 -570.401 -570.401 -570.401 -570.401 -570.401 -570.401 -570.401
5.38 -635.759 -635.759 -635.759 -635.759 -635.759 -635.759 -635.759 -635.759 -635.759
5.39 -608.657 -608.657 -608.657 -608.657 -608.657 -608.657 -608.657 -608.657 -608.657
5.4 -581.555 -581.555 -581.555 -581.555 -581.555 -581.555 -581.555 -581.555 -581.555
5.41 -455.779 -455.779 -455.779 -455.779 -455.779 -455.779 -455.779 -455.779 -455.779
5.42 -330.002 -330.002 -330.002 -330.002 -330.002 -330.002 -330.002 -330.002 -330.002
5.43 -53.4338 -53.4338 -53.4338 -53.4338 -53.4338 -53.4338 -53.4338 -53.4338 -53.4338
5.44 223.135 223.135 223.135 223.135 223.135 223.135 223.135 223.135 223.135
5.45 195.853 195.853 195.853 195.853 195.853 195.853 195.853 195.853 195.853
5.46 168.572 168.572 168.572 168.572 168.572 168.572 168.572 168.572 168.572
5.47 3.6834 3.6834 3.6834 3.6834 3.6834 3.6834 3.6834 3.6834 3.6834
5.48 -161.205 -161.205 -161.205 -161.205 -161.205 -161.205 -161.205 -161.205 -161.205
5.49 -187.711 -187.711 -187.711 -187.711 -187.711 -187.711 -187.711 -187.711 -187.711
5.5 -214.216 -214.216 -214.216 -214.216 -214.216 -214.216 -214.216 -214.216 -214.216
5.51 -151.046 -151.046 -151.046 -151.046 -151.046 -151.046 -151.046 -151.046 -151.046
5.52 -87.8753 -87.8753 -87.8753 -87.8753 -87.8753 -87.8753 -87.8753 -87.8753 -87.8753
5.53 45.0696 45.0696 45.0696 45.0696 45.0696 45.0696 45.0696 45.0696 45.0696
5.54 178.014 178.014 178.014 178.014 178.014 178.014 178.014 178.014 178.014
5.55 234.385 234.385 234.385 234.385 234.385 234.385 234.385 234.385 234.385
5.56 290.756 290.756 290.756 290.756 290.756 290.756 290.756 290.756 290.756
5.57 326.262 326.262 326.262 326.262 326.262 326.262 326.262 326.262 326.262
5.58 361.768 361.768 361.768 361.768 361.768 361.768 361.768 361.768 361.768
5.59 420.876 420.876 420.876 420.876 420.876 420.876 420.876 420.876 420.876
5.6 479.984 479.984 479.984 479.984 479.984 479.984 479.984 479.984 479.984
5.61 545.837 545.837 545.837 545.837 545.837 545.837 545.837 545.837 545.837
5.62 611.689 611.689 611.689 611.689 611.689 611.689 611.689 611.689 611.689
5.63 688.302 688.302 688.302 688.302 688.302 688.302 688.302 688.302 688.302
5.64 764.914 764.914 764.914 764.914 764.914 764.914 764.914 764.914 764.914
5.65 841.253 841.253 841.253 841.253 841.253 841.253 841.253 841.253 841.253
5.66 917.592 917.592 917.592 917.592 917.592 917.592 917.592 917.592 917.592
5.67 812.118 812.118 812.118 812.118 812.118 812.118 812.118 812.118 812.118
5.68 706.643 706.643 706.643 706.643 706.643 706.643 706.643 706.643 706.643
5.69 588.431 588.431 588.431 588.431 588.431 588.431 588.431 588.431 588.431
5.7 470.219 470.219 470.219 470.219 470.219 470.219 470.219 470.219 470.219
5.71 463.589 463.589 463.589 463.589 463.589 463.589 463.589 463.589 463.589
5.72 456.959 456.959 456.959 456.959 456.959 456.959 456.959 456.959 456.959
5.73 314.911 314.911 314.911 314.911 314.911 314.911 314.911 314.911 314.911
5.74 172.864 172.864 172.864 172.864 172.864 172.864 172.864 172.864 172.864
5.75 -135.822 -135.822 -135.822 -135.822 -135.822 -135.822 -135.822 -135.822 -135.822
5.76 -444.508 -444.508 -444.508 -444.508 -444.508 -444.508 -444.508 -444.508 -444.508
5.77 -620.569 -620.569 -620.569 -620.569 -620.569 -620.569 -620.569 -620.569 -620.569
5.78 -796.629 -796.629 -796.629 -796.629 -796.629 -796.629 -796.629 -796.629 -796.629
5.79 -642.573 -642.573 -642.573 -642.573 -642.573 -642.573 -642.573 -642.573 -642.573
5.8 -488.517 -488.517 -488.517 -488.517 -488.517 -488.517 -488.517 -488.517 -488.517
5.81 -433.678 -433.678 -433.678 -433.678 -433.678 -433.678 -433.678 -433.678 -433.678
5.82 -378.839 -378.839 -378.839 -378.839 -378.839 -378.839 -378.839 -378.839 -378.839
5.83 -308.024 -308.024 -308.024 -308.024 -308.024 -308.024 -308.024 -308.024 -308.024
5.84 -237.21 -237.21 -237.21 -237.21 -237.21 -237.21 -237.21 -237.21 -237.21
5.85 -94.9345 -94.9345 -94.9345 -94.9345 -94.9345 -94.9345 -94.9345 -94.9345 -94.9345
5.86 47.3411 47.3411 47.3411 47.3411 47.3411 47.3411 47.3411 47.3411 47.3411
5.87 105.439 105.439 105.439 105.439 105.439 105.439 105.439 105.439 105.439
5.88 163.538 163.538 163.538 163.538 163.538 163.538 163.538 163.538 163.538
5.89 153.116 153.116 153.116 153.116 153.116 153.116 153.116 153.116 153.116
5.9 142.695 142.695 142.695 142.695 142.695 142.695 142.695 142.695 142.695
5.91 -15.8959 -15.8959 -15.8959 -15.8959 -15.8959 -15.8959 -15.8959 -15.8959 -15.8959
5.92 -174.487 -174.487 -174.487 -174.487 -174.487 -174.487 -174.487 -174.487 -174.487
5.93 -303.908 -303.908 -303.908 -303.908 -303.908 -303.908 -303.908 -303.908 -303.908
5.94 -433.33 -433.33 -433.33 -433.33 -433.33 -433.33 -433.33 -433.33 -433.33
5.95 -412.785 -412.785 -412.785 -412.785 -412.785 -412.785 -412.785 -412.785 -412.785
5.96 -392.24 -392.24 -392.24 -392.24 -392.24 -392.24 -392.24 -392.24 -392.24
5.97 -236.983 -236.983 -236.983 -236.983 -236.983 -236.983 -236.983 -236.983 -236.983
5.98 -81.7253 -81.7253 -81.7253 -81.7253 -81.7253 -81.7253 -81.7253 -81.7253 -81.7253
5.99 -26.2752 -26.2752 -26.2752 -26.2752 -26.2752 -26.2752 -26.2752 -26.2752 -26.2752
6 29.1749 29.1749 29.1749 29.1749 29.1749 29.1749 29.1749 29.1749 29.1749
6.01 23.758 23.758 23.758 23.758 23.758 23.758 23.758 23.758 23.758
6.02 18.3411 18.3411 18.3411 18.3411 18.3411 18.3411 18.3411 18.3411 18.3411
6.03 55.882 55.882 55.882 55.882 55.882 55.882 55.882 55.882 55.882
6.04 93.423 93.423 93.423 93.423 93.423 93.423 93.423 93.423 93.423
6.05 82.514 82.514 82.514 82.514 82.514 82.514 82.514 82.514 82.514
6.06 71.6051 71.6051 71.6051 71.6051 71.6051 71.6051 71.6051 71.6051 71.6051
6.07 106.007 106.007 106.007 106.007 106.007 106.007 106.007 106.007 106.007
6.08 140.409 140.409 140.409 140.409 140.409 140.409 140.409 140.409 140.409
6.09 197.525 197.525 197.525 197.525 197.525 197.525 197.525 197.525 197.525
6.1 254.642 254.642 254.642 254.642 254.642 254.642 254.642 254.642 254.642
6.11 279.064 279.064 279.064 279.064 279.064 279.064 279.064 279.064 279.064
6.12 303.486 303.486 303.486 303.486 303.486 303.486 303.486 303.486 303.486
6.13 362.826 362.826 362.826 362.826 362.826 362.826 362.826 362.826 362.826
6.14 422.167 422.167 422.167 422.167 422.167 422.167 422.167 422.167 422.167
6.15 469.88 469.88 469.88 469.88 469.88 469.88 469.88 469.88 469.88
6.16 517.593 517.593 517.593 517.593 517.593 517.593 517.593 517.593 517.593
6.17 452.815 452.815 452.815 452.815 452.815 452.815 452.815 452.815 452.815
6.18 388.036 388.036 388.036 388.036 388.036 388.036 388.036 388.036 388.036
6.19 238.304 238.304 238.304 238.304 238.304 238.304 238.304 238.304 238.304
6.2 88.5722 88.5722 88.5722 88.5722 88.5722 88.5722 88.5722 88.5722 88.5722
6.21 24.7373 24.7373 24.7373 24.7373 24.7373 24.7373 24.7373 24.7373 24.7373
6.22 -39.0977 -39.0977 -39.0977 -39.0977 -39.0977 -39.0977 -39.0977 -39.0977 -39.0977
6.23 -63.5033 -63.5033 -63.5033 -63.5033 -63.5033 -63.5033 -63.5033 -63.5033 -63.5033
6.24 -87.9089 -87.9089 -87.9089 -87.9089 -87.9089 -87.9089 -87.9089 -87.9089 -87.9089
6.25 -74.6239 -74.6239 -74.6239 -74.6239 -74.6239 -74.6239 -74.6239 -74.6239 -74.6239
6.26 -61.3389 -61.3389 -61.3389 -61.3389 -61.3389 -61.3389 -61.3389 -61.3389 -61.3389
6.27 -39.7678 -39.7678 -39.7678 -39.7678 -39.7678 -39.7678 -39.7678 -39.7678 -39.7678
6.28 -18.1967 -18.1967 -18.1967 -18.1967 -18.1967 -18.1967 -18.1967 -18.1967 -18.1967
6.29 -73.9806 -73.9806 -73.9806 -73.9806 -73.9806 -73.9806 -73.9806 -73.9806 -73.9806
6.3 -129.765 -129.765 -129.765 -129.765 -129.765 -129.765 -129.765 -129.765 -129.765
6.31 -168.594 -168.594 -168.594 -168.594 -168.594 -168.594 -168.594 -168.594 -168.594
