0.02 0.0817728 0.0817728 0.0817728 0.0817728 0.0817728 0.0817728 0.0817728 0.0817728 0.0817728
0.04 -0.741099 -0.741099 -0.741099 -0.741099 -0.741099 -0.741099 -0.741099 -0.741099 -0.741099
0.06 -3.2569 -3.2569 -3.2569 -3.2569 -3.2569 -3.2569 -3.2569 -3.2569 -3.2569
0.08 -6.15729 -6.15729 -6.15729 -6.15729 -6.15729 -6.15729 -6.15729 -6.15729 -6.15729
0.1 -8.27857 -8.27857 -8.27857 -8.27857 -8.27857 -8.27857 -8.27857 -8.27857 -8.27857
0.12 -8.90316 -8.90316 -8.90316 -8.90316 -8.90316 -8.90316 -8.90316 -8.90316 -8.90316
0.14 -8.38774 -8.38774 -8.38774 -8.38774 -8.38774 -8.38774 -8.38774 -8.38774 -8.38774
0.16 -6.2767 -6.2767 -6.2767 -6.2767 -6.2767 -6.2767 -6.2767 -6.2767 -6.2767
0.18 -1.15367 -1.15367 -1.15367 -1.15367 -1.15367 -1.15367 -1.15367 -1.15367 -1.15367
0.2 4.6772 4.6772 4.6772 4.6772 4.6772 4.6772 4.6772 4.6772 4.6772
0.22 7.79926 7.79926 7.79926 7.79926 7.79926 7.79926 7.79926 7.79926 7.79926
0.24 10.3569 10.3569 10.3569 10.3569 10.3569 10.3569 10.3569 10.3569 10.3569
0.26 13.5109 13.5109 13.5109 13.5109 13.5109 13.5109 13.5109 13.5109 13.5109
0.28 11.6808 11.6808 11.6808 11.6808 11.6808 11.6808 11.6808 11.6808 11.6808
0.3 5.32565 5.32565 5.32565 5.32565 5.32565 5.32565 5.32565 5.32565 5.32565
0.32 0.280924 0.280924 0.280924 0.280924 0.280924 0.280924 0.280924 0.280924 0.280924
0.34 -2.9278 -2.9278 -2.9278 -2.9278 -2.9278 -2.9278 -2.9278 -2.9278 -2.9278
0.36 -8.07019 -8.07019 -8.07019 -8.07019 -8.07019 -8.07019 -8.07019 -8.07019 -8.07019
0.38 -12.2816 -12.2816 -12.2816 -12.2816 -12.2816 -12.2816 -12.2816 -12.2816 -12.2816
0.4 -13.1266 -13.1266 -13.1266 -13.1266 -13.1266 -13.1266 -13.1266 -13.1266 -13.1266
0.42 -10.1684 -10.1684 -10.1684 -10.1684 -10.1684 -10.1684 -10.1684 -10.1684 -10.1684
0.44 -1.72424 -1.72424 -1.72424 -1.72424 -1.72424 -1.72424 -1.72424 -1.72424 -1.72424
0.46 6.69916 6.69916 6.69916 6.69916 6.69916 6.69916 6.69916 6.69916 6.69916
0.48 4.28198 4.28198 4.28198 4.28198 4.28198 4.28198 4.28198 4.28198 4.28198
0.5 -4.49089 -4.49089 -4.49089 -4.49089 -4.49089 -4.49089 -4.49089 -4.49089 -4.49089
0.52 0.918465 0.918465 0.918465 0.918465 0.918465 0.918465 0.918465 0.918465 0.918465
0.54 6.61617 6.61617 6.61617 6.61617 6.61617 6.61617 6.61617 6.61617 6.61617
0.56 -8.23074 -8.23074 -8.23074 -8.23074 -8.23074 -8.23074 -8.23074 -8.23074 -8.23074
0.58 -27.5198 -27.5198 -27.5198 -27.5198 -27.5198 -27.5198 -27.5198 -27.5198 -27.5198
0.6 -18.4314 -18.4314 -18.4314 -18.4314 -18.4314 -18.4314 -18.4314 -18.4314 -18.4314
0.62 -5.02859 -5.02859 -5.02859 -5.02859 -5.02859 -5.02859 -5.02859 -5.02859 -5.02859
0.64 -27.168 -27.168 -27.168 -27.168 -27.168 -27.168 -27.168 -27.168 -27.168
0.66 -50.373 -50.373 -50.373 -50.373 -50.373 -50.373 -50.373 -50.373 -50.373
0.68 -39.013 -39.013 -39.013 -39.013 -39.013 -39.013 -39.013 -39.013 -39.013
0.7 -2.46066 -2.46066 -2.46066 -2.46066 -2.46066 -2.46066 -2.46066 -2.46066 -2.46066
0.72 -3.57601 -3.57601 -3.57601 -3.57601 -3.57601 -3.57601 -3.57601 -3.57601 -3.57601
0.74 -38.0569 -38.0569 -38.0569 -38.0569 -38.0569 -38.0569 -38.0569 -38.0569 -38.0569
0.76 -21.6726 -21.6726 -21.6726 -21.6726 -21.6726 -21.6726 -21.6726 -21.6726 -21.6726
0.78 22.4684 22.4684 22.4684 22.4684 22.4684 22.4684 22.4684 22.4684 22.4684
0.8 12.1903 12.1903 12.1903 12.1903 12.1903 12.1903 12.1903 12.1903 12.1903
0.82 -43.4396 -43.4396 -43.4396 -43.4396 -43.4396 -43.4396 -43.4396 -43.4396 -43.4396
0.84 -61.4498 -61.4498 -61.4498 -61.4498 -61.4498 -61.4498 -61.4498 -61.4498 -61.4498
0.86 -25.0061 -25.0061 -25.0061 -25.0061 -25.0061 -25.0061 -25.0061 -25.0061 -25.0061
0.88 -5.38661 -5.38661 -5.38661 -5.38661 -5.38661 -5.38661 -5.38661 -5.38661 -5.38661
0.9 -33.148 -33.148 -33.148 -33.148 -33.148 -33.148 -33.148 -33.148 -33.148
0.92 -52.6285 -52.6285 -52.6285 -52.6285 -52.6285 -52.6285 -52.6285 -52.6285 -52.6285
0.94 -16.247 -16.247 -16.247 -16.247 -16.247 -16.247 -16.247 -16.247 -16.247
0.96 34.172 34.172 34.172 34.172 34.172 34.172 34.172 34.172 34.172
0.98 38.807 38.807 38.807 38.807 38.807 38.807 38.807 38.807 38.807
1 18.2856 18.2856 18.2856 18.2856 18.2856 18.2856 18.2856 18.2856 18.2856
1.02 25.0351 25.0351 25.0351 25.0351 25.0351 25.0351 25.0351 25.0351 25.0351
1.04 55.991 55.991 55.991 55.991 55.991 55.991 55.991 55.991 55.991
1.06 63.5444 63.5444 63.5444 63.5444 63.5444 63.5444 63.5444 63.5444 63.5444
1.08 30.744 30.744 30.744 30.744 30.744 30.744 30.744 30.744 30.744
1.1 -6.47103 -6.47103 -6.47103 -6.47103 -6.47103 -6.47103 -6.47103 -6.47103 -6.47103
1.12 -3.68192 -3.68192 -3.68192 -3.68192 -3.68192 -3.68192 -3.68192 -3.68192 -3.68192
1.14 35.3499 35.3499 35.3499 35.3499 35.3499 35.3499 35.3499 35.3499 35.3499
1.16 51.0627 51.0627 51.0627 51.0627 51.0627 51.0627 51.0627 51.0627 51.0627
1.18 16.9597 16.9597 16.9597 16.9597 16.9597 16.9597 16.9597 16.9597 16.9597
1.2 -7.53233 -7.53233 -7.53233 -7.53233 -7.53233 -7.53233 -7.53233 -7.53233 -7.53233
1.22 42.2673 42.2673 42.2673 42.2673 42.2673 42.2673 42.2673 42.2673 42.2673
1.24 114.849 114.849 114.849 114.849 114.849 114.849 114.849 114.849 114.849
1.26 102.652 102.652 102.652 102.652 102.652 102.652 102.652 102.652 102.652
1.28 26.5959 26.5959 26.5959 26.5959 26.5959 26.5959 26.5959 26.5959 26.5959
1.3 17.3958 17.3958 17.3958 17.3958 17.3958 17.3958 17.3958 17.3958 17.3958
1.32 91.9033 91.9033 91.9033 91.9033 91.9033 91.9033 91.9033 91.9033 91.9033
1.34 98.0019 98.0019 98.0019 98.0019 98.0019 98.0019 98.0019 98.0019 98.0019
1.36 -14.8017 -14.8017 -14.8017 -14.8017 -14.8017 -14.8017 -14.8017 -14.8017 -14.8017
1.38 -79.0688 -79.0688 -79.0688 -79.0688 -79.0688 -79.0688 -79.0688 -79.0688 -79.0688
1.4 2.46255 2.46255 2.46255 2.46255 2.46255 2.46255 2.46255 2.46255 2.46255
1.42 79.7383 79.7383 79.7383 79.7383 79.7383 79.7383 79.7383 79.7383 79.7383
1.44 15.2148 15.2148 15.2148 15.2148 15.2148 15.2148 15.2148 15.2148 15.2148
1.46 -69.7482 -69.7482 -69.7482 -69.7482 -69.7482 -69.7482 -69.7482 -69.7482 -69.7482
1.48 0.616116 0.616116 0.616116 0.616116 0.616116 0.616116 0.616116 0.616116 0.616116
1.5 146.023 146.023 146.023 146.023 146.023 146.023 146.023 146.023 146.023
1.52 143.58 143.58 143.58 143.58 143.58 143.58 143.58 143.58 143.58
1.54 8.78407 8.78407 8.78407 8.78407 8.78407 8.78407 8.78407 8.78407 8.78407
1.56 -23.6713 -23.6713 -23.6713 -23.6713 -23.6713 -23.6713 -23.6713 -23.6713 -23.6713
1.58 81.5319 81.5319 81.5319 81.5319 81.5319 81.5319 81.5319 81.5319 81.5319
1.6 105.095 105.095 105.095 105.095 105.095 105.095 105.095 105.095 105.095
1.62 -34.1159 -34.1159 -34.1159 -34.1159 -34.1159 -34.1159 -34.1159 -34.1159 -34.1159
1.64 -135.809 -135.809 -135.809 -135.809 -135.809 -135.809 -135.809 -135.809 -135.809
1.66 -54.0706 -54.0706 -54.0706 -54.0706 -54.0706 -54.0706 -54.0706 -54.0706 -54.0706
1.68 61.7494 61.7494 61.7494 61.7494 61.7494 61.7494 61.7494 61.7494 61.7494
1.7 19.0031 19.0031 19.0031 19.0031 19.0031 19.0031 19.0031 19.0031 19.0031
1.72 -92.0109 -92.0109 -92.0109 -92.0109 -92.0109 -92.0109 -92.0109 -92.0109 -92.0109
1.74 -44.6831 -44.6831 -44.6831 -44.6831 -44.6831 -44.6831 -44.6831 -44.6831 -44.6831
1.76 135.625 135.625 135.625 135.625 135.625 135.625 135.625 135.625 135.625
1.78 196.004 196.004 196.004 196.004 196.004 196.004 196.004 196.004 196.004
1.8 72.4617 72.4617 72.4617 72.4617 72.4617 72.4617 72.4617 72.4617 72.4617
1.82 -8.08541 -8.08541 -8.08541 -8.08541 -8.08541 -8.08541 -8.08541 -8.08541 -8.08541
1.84 67.7828 67.7828 67.7828 67.7828 67.7828 67.7828 67.7828 67.7828 67.7828
1.86 113.67 113.67 113.67 113.67 113.67 113.67 113.67 113.67 113.67
1.88 -10.9466 -10.9466 -10.9466 -10.9466 -10.9466 -10.9466 -10.9466 -10.9466 -10.9466
1.9 -152.007 -152.007 -152.007 -152.007 -152.007 -152.007 -152.007 -152.007 -152.007
1.92 -107.632 -107.632 -107.632 -107.632 -107.632 -107.632 -107.632 -107.632 -107.632
1.94 35.551 35.551 35.551 35.551 35.551 35.551 35.551 35.551 35.551
1.96 43.0662 43.0662 43.0662 43.0662 43.0662 43.0662 43.0662 43.0662 43.0662
1.98 -76.151 -76.151 -76.151 -76.151 -76.151 -76.151 -76.151 -76.151 -76.151
2 -88.5086 -88.5086 -88.5086 -88.5086 -88.5086 -88.5086 -88.5086 -88.5086 -88.5086
2.02 70.4133 70.4133 70.4133 70.4133 70.4133 70.4133 70.4133 70.4133 70.4133
2.04 184.524 184.524 184.524 184.524 184.524 184.524 184.524 184.524 184.524
2.06 127.898 127.898 127.898 127.898 127.898 127.898 127.898 127.898 127.898
2.08 55.0001 55.0001 55.0001 55.0001 55.0001 55.0001 55.0001 55.0001 55.0001
2.1 96.0523 96.0523 96.0523 96.0523 96.0523 96.0523 96.0523 96.0523 96.0523
2.12 129.939 129.939 129.939 129.939 129.939 129.939 129.939 129.939 129.939
2.14 23.3873 23.3873 23.3873 23.3873 23.3873 23.3873 23.3873 23.3873 23.3873
2.16 -121.617 -121.617 -121.617 -121.617 -121.617 -121.617 -121.617 -121.617 -121.617
2.18 -131.059 -131.059 -131.059 -131.059 -131.059 -131.059 -131.059 -131.059 -131.059
2.2 -28.4685 -28.4685 -28.4685 -28.4685 -28.4685 -28.4685 -28.4685 -28.4685 -28.4685
2.22 31.9783 31.9783 31.9783 31.9783 31.9783 31.9783 31.9783 31.9783 31.9783
2.24 5.58853 5.58853 5.58853 5.58853 5.58853 5.58853 5.58853 5.58853 5.58853
2.26 -26.9857 -26.9857 -26.9857 -26.9857 -26.9857 -26.9857 -26.9857 -26.9857 -26.9857
2.28 4.53548 4.53548 4.53548 4.53548 4.53548 4.53548 4.53548 4.53548 4.53548
2.3 51.2803 51.2803 51.2803 51.2803 51.2803 51.2803 51.2803 51.2803 51.2803
2.32 27.3486 27.3486 27.3486 27.3486 27.3486 27.3486 27.3486 27.3486 27.3486
2.34 -24.6653 -24.6653 -24.6653 -24.6653 -24.6653 -24.6653 -24.6653 -24.6653 -24.6653
2.36 -29.2687 -29.2687 -29.2687 -29.2687 -29.2687 -29.2687 -29.2687 -29.2687 -29.2687
2.38 -8.47581 -8.47581 -8.47581 -8.47581 -8.47581 -8.47581 -8.47581 -8.47581 -8.47581
2.4 -12.427 -12.427 -12.427 -12.427 -12.427 -12.427 -12.427 -12.427 -12.427
2.42 -67.3208 -67.3208 -67.3208 -67.3208 -67.3208 -67.3208 -67.3208 -67.3208 -67.3208
2.44 -145.948 -145.948 -145.948 -145.948 -145.948 -145.948 -145.948 -145.948 -145.948
2.46 -170.743 -170.743 -170.743 -170.743 -170.743 -170.743 -170.743 -170.743 -170.743
2.48 -100.969 -100.969 -100.969 -100.969 -100.969 -100.969 -100.969 -100.969 -100.969
2.5 14.6307 14.6307 14.6307 14.6307 14.6307 14.6307 14.6307 14.6307 14.6307
2.52 107.379 107.379 107.379 107.379 107.379 107.379 107.379 107.379 107.379
2.54 181.285 181.285 181.285 181.285 181.285 181.285 181.285 181.285 181.285
2.56 246.971 246.971 246.971 246.971 246.971 246.971 246.971 246.971 246.971
2.58 243.169 243.169 243.169 243.169 243.169 243.169 243.169 243.169 243.169
2.6 128.929 128.929 128.929 128.929 128.929 128.929 128.929 128.929 128.929
2.62 -23.2033 -23.2033 -23.2033 -23.2033 -23.2033 -23.2033 -23.2033 -23.2033 -23.2033
2.64 -112.622 -112.622 -112.622 -112.622 -112.622 -112.622 -112.622 -112.622 -112.622
2.66 -107.293 -107.293 -107.293 -107.293 -107.293 -107.293 -107.293 -107.293 -107.293
2.68 -54.7614 -54.7614 -54.7614 -54.7614 -54.7614 -54.7614 -54.7614 -54.7614 -54.7614
2.7 -24.2172 -24.2172 -24.2172 -24.2172 -24.2172 -24.2172 -24.2172 -24.2172 -24.2172
2.72 -35.5635 -35.5635 -35.5635 -35.5635 -35.5635 -35.5635 -35.5635 -35.5635 -35.5635
2.74 -63.5356 -63.5356 -63.5356 -63.5356 -63.5356 -63.5356 -63.5356 -63.5356 -63.5356
2.76 -56.8182 -56.8182 -56.8182 -56.8182 -56.8182 -56.8182 -56.8182 -56.8182 -56.8182
2.78 6.54126 6.54126 6.54126 6.54126 6.54126 6.54126 6.54126 6.54126 6.54126
2.8 108.299 108.299 108.299 108.299 108.299 108.299 108.299 108.299 108.299
2.82 229.41 229.41 229.41 229.41 229.41 229.41 229.41 229.41 229.41
2.84 323.494 323.494 323.494 323.494 323.494 323.494 323.494 323.494 323.494
2.86 326.91 326.91 326.91 326.91 326.91 326.91 326.91 326.91 326.91
2.88 227.357 227.357 227.357 227.357 227.357 227.357 227.357 227.357 227.357
2.9 71.1998 71.1998 71.1998 71.1998 71.1998 71.1998 71.1998 71.1998 71.1998
2.92 -84.2589 -84.2589 -84.2589 -84.2589 -84.2589 -84.2589 -84.2589 -84.2589 -84.2589
2.94 -171.563 -171.563 -171.563 -171.563 -171.563 -171.563 -171.563 -171.563 -171.563
2.96 -133.793 -133.793 -133.793 -133.793 -133.793 -133.793 -133.793 -133.793 -133.793
2.98 -16.7621 -16.7621 -16.7621 -16.7621 -16.7621 -16.7621 -16.7621 -16.7621 -16.7621
3 46.2264 46.2264 46.2264 46.2264 46.2264 46.2264 46.2264 46.2264 46.2264
3.02 10.3163 10.3163 10.3163 10.3163 10.3163 10.3163 10.3163 10.3163 10.3163
3.04 -39.2251 -39.2251 -39.2251 -39.2251 -39.2251 -39.2251 -39.2251 -39.2251 -39.2251
3.06 -78.2943 -78.2943 -78.2943 -78.2943 -78.2943 -78.2943 -78.2943 -78.2943 -78.2943
3.08 -159.869 -159.869 -159.869 -159.869 -159.869 -159.869 -159.869 -159.869 -159.869
3.1 -264.732 -264.732 -264.732 -264.732 -264.732 -264.732 -264.732 -264.732 -264.732
3.12 -319.379 -319.379 -319.379 -319.379 -319.379 -319.379 -319.379 -319.379 -319.379
3.14 -325.906 -325.906 -325.906 -325.906 -325.906 -325.906 -325.906 -325.906 -325.906
3.16 -390.655 -390.655 -390.655 -390.655 -390.655 -390.655 -390.655 -390.655 -390.655
3.18 -407.378 -407.378 -407.378 -407.378 -407.378 -407.378 -407.378 -407.378 -407.378
3.2 -462.076 -462.076 -462.076 -462.076 -462.076 -462.076 -462.076 -462.076 -462.076
3.22 -522.04 -522.04 -522.04 -522.04 -522.04 -522.04 -522.04 -522.04 -522.04
3.24 -631.041 -631.041 -631.041 -631.041 -631.041 -631.041 -631.041 -631.041 -631.041
3.25 -651.04 -651.04 -651.04 -651.04 -651.04 -651.04 -651.04 -651.04 -651.04
3.26 -628.177 -628.177 -628.177 -628.177 -628.177 -628.177 -628.177 -628.177 -628.177
3.27 -594.614 -594.614 -594.614 -594.614 -594.614 -594.614 -594.614 -594.614 -594.614
3.28 -562.006 -562.006 -562.006 -562.006 -562.006 -562.006 -562.006 -562.006 -562.006
3.29 -520.002 -520.002 -520.002 -520.002 -520.002 -520.002 -520.002 -520.002 -520.002
3.3 -454.138 -454.138 -454.138 -454.138 -454.138 -454.138 -454.138 -454.138 -454.138
3.31 -353.059 -353.059 -353.059 -353.059 -353.059 -353.059 -353.059 -353.059 -353.059
3.32 -223.657 -223.657 -223.657 -223.657 -223.657 -223.657 -223.657 -223.657 -223.657
3.33 -84.0042 -84.0042 -84.0042 -84.0042 -84.0042 -84.0042 -84.0042 -84.0042 -84.0042
3.34 10.9506 10.9506 10.9506 10.9506 10.9506 10.9506 10.9506 10.9506 10.9506
3.35 27.5997 27.5997 27.5997 27.5997 27.5997 27.5997 27.5997 27.5997 27.5997
3.36 -43.4473 -43.4473 -43.4473 -43.4473 -43.4473 -43.4473 -43.4473 -43.4473 -43.4473
3.37 -174.226 -174.226 -174.226 -174.226 -174.226 -174.226 -174.226 -174.226 -174.226
3.38 -325.893 -325.893 -325.893 -325.893 -325.893 -325.893 -325.893 -325.893 -325.893
3.39 -456.595 -456.595 -456.595 -456.595 -456.595 -456.595 -456.595 -456.595 -456.595
3.4 -530.785 -530.785 -530.785 -530.785 -530.785 -530.785 -530.785 -530.785 -530.785
3.41 -529.617 -529.617 -529.617 -529.617 -529.617 -529.617 -529.617 -529.617 -529.617
3.42 -480.549 -480.549 -480.549 -480.549 -480.549 -480.549 -480.549 -480.549 -480.549
3.43 -416.631 -416.631 -416.631 -416.631 -416.631 -416.631 -416.631 -416.631 -416.631
3.44 -362.849 -362.849 -362.849 -362.849 -362.849 -362.849 -362.849 -362.849 -362.849
3.45 -351.255 -351.255 -351.255 -351.255 -351.255 -351.255 -351.255 -351.255 -351.255
3.46 -325.679 -325.679 -325.679 -325.679 -325.679 -325.679 -325.679 -325.679 -325.679
3.47 -269.35 -269.35 -269.35 -269.35 -269.35 -269.35 -269.35 -269.35 -269.35
3.48 -189.825 -189.825 -189.825 -189.825 -189.825 -189.825 -189.825 -189.825 -189.825
3.49 -116.67 -116.67 -116.67 -116.67 -116.67 -116.67 -116.67 -116.67 -116.67
3.5 -37.0708 -37.0708 -37.0708 -37.0708 -37.0708 -37.0708 -37.0708 -37.0708 -37.0708
3.51 135.386 135.386 135.386 135.386 135.386 135.386 135.386 135.386 135.386
3.52 341.577 341.577 341.577 341.577 341.577 341.577 341.577 341.577 341.577
3.53 551.502 551.502 551.502 551.502 551.502 551.502 551.502 551.502 551.502
3.54 698.513 698.513 698.513 698.513 698.513 698.513 698.513 698.513 698.513
3.55 768.479 768.479 768.479 768.479 768.479 768.479 768.479 768.479 768.479
3.56 748.678 748.678 748.678 748.678 748.678 748.678 748.678 748.678 748.678
3.57 759.434 759.434 759.434 759.434 759.434 759.434 759.434 759.434 759.434
3.58 875.329 875.329 875.329 875.329 875.329 875.329 875.329 875.329 875.329
3.59 1077.76 1077.76 1077.76 1077.76 1077.76 1077.76 1077.76 1077.76 1077.76
3.6 1237.53 1237.53 1237.53 1237.53 1237.53 1237.53 1237.53 1237.53 1237.53
3.61 1251.64 1251.64 1251.64 1251.64 1251.64 1251.64 1251.64 1251.64 1251.64
3.62 1064.73 1064.73 1064.73 1064.73 1064.73 1064.73 1064.73 1064.73 1064.73
3.63 761.478 761.478 761.478 761.478 761.478 761.478 761.478 761.478 761.478
3.64 417.428 417.428 417.428 417.428 417.428 417.428 417.428 417.428 417.428
3.65 208.436 208.436 208.436 208.436 208.436 208.436 208.436 208.436 208.436
3.66 203.415 203.415 203.415 203.415 203.415 203.415 203.415 203.415 203.415
3.67 354.941 354.941 354.941 354.941 354.941 354.941 354.941 354.941 354.941
3.68 575.451 575.451 575.451 575.451 575.451 575.451 575.451 575.451 575.451
3.69 788.723 788.723 788.723 788.723 788.723 788.723 788.723 788.723 788.723
3.7 836 836 836 836 836 836 836 836 836
3.71 735.831 735.831 735.831 735.831 735.831 735.831 735.831 735.831 735.831
3.72 580.858 580.858 580.858 580.858 580.858 580.858 580.858 580.858 580.858
3.73 423.844 423.844 423.844 423.844 423.844 423.844 423.844 423.844 423.844
3.74 316.319 316.319 316.319 316.319 316.319 316.319 316.319 316.319 316.319
3.75 283.687 283.687 283.687 283.687 283.687 283.687 283.687 283.687 283.687
3.76 255.867 255.867 255.867 255.867 255.867 255.867 255.867 255.867 255.867
3.77 261.957 261.957 261.957 261.957 261.957 261.957 261.957 261.957 261.957
3.78 286.308 286.308 286.308 286.308 286.308 286.308 286.308 286.308 286.308
3.79 282.571 282.571 282.571 282.571 282.571 282.571 282.571 282.571 282.571
3.8 236.993 236.993 236.993 236.993 236.993 236.993 236.993 236.993 236.993
3.81 195.732 195.732 195.732 195.732 195.732 195.732 195.732 195.732 195.732
3.82 151.37 151.37 151.37 151.37 151.37 151.37 151.37 151.37 151.37
3.83 102.427 102.427 102.427 102.427 102.427 102.427 102.427 102.427 102.427
3.84 26.23 26.23 26.23 26.23 26.23 26.23 26.23 26.23 26.23
3.85 -65.7657 -65.7657 -65.7657 -65.7657 -65.7657 -65.7657 -65.7657 -65.7657 -65.7657
3.86 -139.013 -139.013 -139.013 -139.013 -139.013 -139.013 -139.013 -139.013 -139.013
3.87 -159.415 -159.415 -159.415 -159.415 -159.415 -159.415 -159.415 -159.415 -159.415
3.88 -115.112 -115.112 -115.112 -115.112 -115.112 -115.112 -115.112 -115.112 -115.112
3.89 -15.8232 -15.8232 -15.8232 -15.8232 -15.8232 -15.8232 -15.8232 -15.8232 -15.8232
3.9 103.877 103.877 103.877 103.877 103.877 103.877 103.877 103.877 103.877
3.91 204.461 204.461 204.461 204.461 204.461 204.461 204.461 204.461 204.461
3.92 238.289 238.289 238.289 238.289 238.289 238.289 238.289 238.289 238.289
3.93 230.521 230.521 230.521 230.521 230.521 230.521 230.521 230.521 230.521
3.94 157.253 157.253 157.253 157.253 157.253 157.253 157.253 157.253 157.253
3.95 25.9535 25.9535 25.9535 25.9535 25.9535 25.9535 25.9535 25.9535 25.9535
3.96 -138.571 -138.571 -138.571 -138.571 -138.571 -138.571 -138.571 -138.571 -138.571
3.97 -273.482 -273.482 -273.482 -273.482 -273.482 -273.482 -273.482 -273.482 -273.482
3.98 -365.103 -365.103 -365.103 -365.103 -365.103 -365.103 -365.103 -365.103 -365.103
3.99 -410.567 -410.567 -410.567 -410.567 -410.567 -410.567 -410.567 -410.567 -410.567
4 -443.421 -443.421 -443.421 -443.421 -443.421 -443.421 -443.421 -443.421 -443.421
4.01 -473.635 -473.635 -473.635 -473.635 -473.635 -473.635 -473.635 -473.635 -473.635
4.02 -491.452 -491.452 -491.452 -491.452 -491.452 -491.452 -491.452 -491.452 -491.452
4.03 -506.801 -506.801 -506.801 -506.801 -506.801 -506.801 -506.801 -506.801 -506.801
4.04 -503.852 -503.852 -503.852 -503.852 -503.852 -503.852 -503.852 -503.852 -503.852
4.05 -466.179 -466.179 -466.179 -466.179 -466.179 -466.179 -466.179 -466.179 -466.179
4.06 -396.867 -396.867 -396.867 -396.867 -396.867 -396.867 -396.867 -396.867 -396.867
4.07 -312.194 -312.194 -312.194 -312.194 -312.194 -312.194 -312.194 -312.194 -312.194
4.08 -228.759 -228.759 -228.759 -228.759 -228.759 -228.759 -228.759 -228.759 -228.759
4.09 -170.048 -170.048 -170.048 -170.048 -170.048 -170.048 -170.048 -170.048 -170.048
4.1 -159.182 -159.182 -159.182 -159.182 -159.182 -159.182 -159.182 -159.182 -159.182
4.11 -209.766 -209.766 -209.766 -209.766 -209.766 -209.766 -209.766 -209.766 -209.766
4.12 -306.241 -306.241 -306.241 -306.241 -306.241 -306.241 -306.241 -306.241 -306.241
4.13 -392.51 -392.51 -392.51 -392.51 -392.51 -392.51 -392.51 -392.51 -392.51
4.14 -469.741 -469.741 -469.741 -469.741 -469.741 -469.741 -469.741 -469.741 -469.741
4.15 -523.056 -523.056 -523.056 -523.056 -523.056 -523.056 -523.056 -523.056 -523.056
4.16 -513.571 -513.571 -513.571 -513.571 -513.571 -513.571 -513.571 -513.571 -513.571
4.17 -428.805 -428.805 -428.805 -428.805 -428.805 -428.805 -428.805 -428.805 -428.805
4.18 -222.153 -222.153 -222.153 -222.153 -222.153 -222.153 -222.153 -222.153 -222.153
4.19 76.0245 76.0245 76.0245 76.0245 76.0245 76.0245 76.0245 76.0245 76.0245
4.2 361.491 361.491 361.491 361.491 361.491 361.491 361.491 361.491 361.491
4.21 554.043 554.043 554.043 554.043 554.043 554.043 554.043 554.043 554.043
4.22 605.898 605.898 605.898 605.898 605.898 605.898 605.898 605.898 605.898
4.23 518.99 518.99 518.99 518.99 518.99 518.99 518.99 518.99 518.99
4.24 407.619 407.619 407.619 407.619 407.619 407.619 407.619 407.619 407.619
4.25 332.591 332.591 332.591 332.591 332.591 332.591 332.591 332.591 332.591
4.26 290.562 290.562 290.562 290.562 290.562 290.562 290.562 290.562 290.562
4.27 257.719 257.719 257.719 257.719 257.719 257.719 257.719 257.719 257.719
4.28 240.475 240.475 240.475 240.475 240.475 240.475 240.475 240.475 240.475
4.29 140.831 140.831 140.831 140.831 140.831 140.831 140.831 140.831 140.831
4.3 -17.6713 -17.6713 -17.6713 -17.6713 -17.6713 -17.6713 -17.6713 -17.6713 -17.6713
4.31 -220.667 -220.667 -220.667 -220.667 -220.667 -220.667 -220.667 -220.667 -220.667
4.32 -386.14 -386.14 -386.14 -386.14 -386.14 -386.14 -386.14 -386.14 -386.14
4.33 -476.316 -476.316 -476.316 -476.316 -476.316 -476.316 -476.316 -476.316 -476.316
4.34 -443.106 -443.106 -443.106 -443.106 -443.106 -443.106 -443.106 -443.106 -443.106
4.35 -320.433 -320.433 -320.433 -320.433 -320.433 -320.433 -320.433 -320.433 -320.433
4.36 -161.5 -161.5 -161.5 -161.5 -161.5 -161.5 -161.5 -161.5 -161.5
4.37 -66.6016 -66.6016 -66.6016 -66.6016 -66.6016 -66.6016 -66.6016 -66.6016 -66.6016
4.38 -18.4629 -18.4629 -18.4629 -18.4629 -18.4629 -18.4629 -18.4629 -18.4629 -18.4629
4.39 -42.9866 -42.9866 -42.9866 -42.9866 -42.9866 -42.9866 -42.9866 -42.9866 -42.9866
4.4 -122.157 -122.157 -122.157 -122.157 -122.157 -122.157 -122.157 -122.157 -122.157
4.41 -266.493 -266.493 -266.493 -266.493 -266.493 -266.493 -266.493 -266.493 -266.493
4.42 -410.389 -410.389 -410.389 -410.389 -410.389 -410.389 -410.389 -410.389 -410.389
4.43 -531.903 -531.903 -531.903 -531.903 -531.903 -531.903 -531.903 -531.903 -531.903
4.44 -587.119 -587.119 -587.119 -587.119 -587.119 -587.119 -587.119 -587.119 -587.119
4.45 -597.345 -597.345 -597.345 -597.345 -597.345 -597.345 -597.345 -597.345 -597.345
4.46 -563.753 -563.753 -563.753 -563.753 -563.753 -563.753 -563.753 -563.753 -563.753
4.47 -527.696 -527.696 -527.696 -527.696 -527.696 -527.696 -527.696 -527.696 -527.696
4.48 -459.701 -459.701 -459.701 -459.701 -459.701 -459.701 -459.701 -459.701 -459.701
4.49 -385.167 -385.167 -385.167 -385.167 -385.167 -385.167 -385.167 -385.167 -385.167
4.5 -296.216 -296.216 -296.216 -296.216 -296.216 -296.216 -296.216 -296.216 -296.216
4.51 -197.221 -197.221 -197.221 -197.221 -197.221 -197.221 -197.221 -197.221 -197.221
4.52 -8.32509 -8.32509 -8.32509 -8.32509 -8.32509 -8.32509 -8.32509 -8.32509 -8.32509
4.53 236.96 236.96 236.96 236.96 236.96 236.96 236.96 236.96 236.96
4.54 486.398 486.398 486.398 486.398 486.398 486.398 486.398 486.398 486.398
4.55 645.158 645.158 645.158 645.158 645.158 645.158 645.158 645.158 645.158
4.56 618.465 618.465 618.465 618.465 618.465 618.465 618.465 618.465 618.465
4.57 415.373 415.373 415.373 415.373 415.373 415.373 415.373 415.373 415.373
4.58 130.928 130.928 130.928 130.928 130.928 130.928 130.928 130.928 130.928
4.59 -120.793 -120.793 -120.793 -120.793 -120.793 -120.793 -120.793 -120.793 -120.793
4.6 -242.665 -242.665 -242.665 -242.665 -242.665 -242.665 -242.665 -242.665 -242.665
4.61 -225.953 -225.953 -225.953 -225.953 -225.953 -225.953 -225.953 -225.953 -225.953
4.62 -121.332 -121.332 -121.332 -121.332 -121.332 -121.332 -121.332 -121.332 -121.332
4.63 -19.0999 -19.0999 -19.0999 -19.0999 -19.0999 -19.0999 -19.0999 -19.0999 -19.0999
4.64 30.6607 30.6607 30.6607 30.6607 30.6607 30.6607 30.6607 30.6607 30.6607
4.65 19.9478 19.9478 19.9478 19.9478 19.9478 19.9478 19.9478 19.9478 19.9478
4.66 -9.63145 -9.63145 -9.63145 -9.63145 -9.63145 -9.63145 -9.63145 -9.63145 -9.63145
4.67 -15.5266 -15.5266 -15.5266 -15.5266 -15.5266 -15.5266 -15.5266 -15.5266 -15.5266
4.68 31.9165 31.9165 31.9165 31.9165 31.9165 31.9165 31.9165 31.9165 31.9165
4.69 106.373 106.373 106.373 106.373 106.373 106.373 106.373 106.373 106.373
4.7 161.153 161.153 161.153 161.153 161.153 161.153 161.153 161.153 161.153
4.71 139.71 139.71 139.71 139.71 139.71 139.71 139.71 139.71 139.71
4.72 33.6653 33.6653 33.6653 33.6653 33.6653 33.6653 33.6653 33.6653 33.6653
4.73 -114.939 -114.939 -114.939 -114.939 -114.939 -114.939 -114.939 -114.939 -114.939
4.74 -211.554 -211.554 -211.554 -211.554 -211.554 -211.554 -211.554 -211.554 -211.554
4.75 -192.467 -192.467 -192.467 -192.467 -192.467 -192.467 -192.467 -192.467 -192.467
4.76 -57.2967 -57.2967 -57.2967 -57.2967 -57.2967 -57.2967 -57.2967 -57.2967 -57.2967
4.77 125.38 125.38 125.38 125.38 125.38 125.38 125.38 125.38 125.38
4.78 275.388 275.388 275.388 275.388 275.388 275.388 275.388 275.388 275.388
4.79 329.86 329.86 329.86 329.86 329.86 329.86 329.86 329.86 329.86
4.8 288.376 288.376 288.376 288.376 288.376 288.376 288.376 288.376 288.376
4.81 184.106 184.106 184.106 184.106 184.106 184.106 184.106 184.106 184.106
4.82 70.0047 70.0047 70.0047 70.0047 70.0047 70.0047 70.0047 70.0047 70.0047
4.83 -23.6869 -23.6869 -23.6869 -23.6869 -23.6869 -23.6869 -23.6869 -23.6869 -23.6869
4.84 -85.7215 -85.7215 -85.7215 -85.7215 -85.7215 -85.7215 -85.7215 -85.7215 -85.7215
4.85 -142.341 -142.341 -142.341 -142.341 -142.341 -142.341 -142.341 -142.341 -142.341
4.86 -225.067 -225.067 -225.067 -225.067 -225.067 -225.067 -225.067 -225.067 -225.067
4.87 -344.823 -344.823 -344.823 -344.823 -344.823 -344.823 -344.823 -344.823 -344.823
4.88 -463.872 -463.872 -463.872 -463.872 -463.872 -463.872 -463.872 -463.872 -463.872
4.89 -526.51 -526.51 -526.51 -526.51 -526.51 -526.51 -526.51 -526.51 -526.51
4.9 -480.615 -480.615 -480.615 -480.615 -480.615 -480.615 -480.615 -480.615 -480.615
4.91 -327.004 -327.004 -327.004 -327.004 -327.004 -327.004 -327.004 -327.004 -327.004
4.92 -110.384 -110.384 -110.384 -110.384 -110.384 -110.384 -110.384 -110.384 -110.384
4.93 92.9955 92.9955 92.9955 92.9955 92.9955 92.9955 92.9955 92.9955 92.9955
4.94 228.546 228.546 228.546 228.546 228.546 228.546 228.546 228.546 228.546
4.95 283.347 283.347 283.347 283.347 283.347 283.347 283.347 283.347 283.347
4.96 297.056 297.056 297.056 297.056 297.056 297.056 297.056 297.056 297.056
4.97 326.947 326.947 326.947 326.947 326.947 326.947 326.947 326.947 326.947
4.98 418.6 418.6 418.6 418.6 418.6 418.6 418.6 418.6 418.6
4.99 573.972 573.972 573.972 573.972 573.972 573.972 573.972 573.972 573.972
5 759.475 759.475 759.475 759.475 759.475 759.475 759.475 759.475 759.475
5.01 918.677 918.677 918.677 918.677 918.677 918.677 918.677 918.677 918.677
5.02 1014.38 1014.38 1014.38 1014.38 1014.38 1014.38 1014.38 1014.38 1014.38
5.03 946.648 946.648 946.648 946.648 946.648 946.648 946.648 946.648 946.648
5.04 848.208 848.208 848.208 848.208 848.208 848.208 848.208 848.208 848.208
5.05 804.538 804.538 804.538 804.538 804.538 804.538 804.538 804.538 804.538
5.06 792.379 792.379 792.379 792.379 792.379 792.379 792.379 792.379 792.379
5.07 664.729 664.729 664.729 664.729 664.729 664.729 664.729 664.729 664.729
5.08 418.555 418.555 418.555 418.555 418.555 418.555 418.555 418.555 418.555
5.09 56.1191 56.1191 56.1191 56.1191 56.1191 56.1191 56.1191 56.1191 56.1191
5.1 -311.231 -311.231 -311.231 -311.231 -311.231 -311.231 -311.231 -311.231 -311.231
5.11 -624.438 -624.438 -624.438 -624.438 -624.438 -624.438 -624.438 -624.438 -624.438
5.12 -913.473 -913.473 -913.473 -913.473 -913.473 -913.473 -913.473 -913.473 -913.473
5.13 -1005.8 -1005.8 -1005.8 -1005.8 -1005.8 -1005.8 -1005.8 -1005.8 -1005.8
5.14 -865.937 -865.937 -865.937 -865.937 -865.937 -865.937 -865.937 -865.937 -865.937
5.15 -595.14 -595.14 -595.14 -595.14 -595.14 -595.14 -595.14 -595.14 -595.14
5.16 -289.684 -289.684 -289.684 -289.684 -289.684 -289.684 -289.684 -289.684 -289.684
5.17 -245.812 -245.812 -245.812 -245.812 -245.812 -245.812 -245.812 -245.812 -245.812
5.18 -320.427 -320.427 -320.427 -320.427 -320.427 -320.427 -320.427 -320.427 -320.427
5.19 -549.719 -549.719 -549.719 -549.719 -549.719 -549.719 -549.719 -549.719 -549.719
5.2 -868.869 -868.869 -868.869 -868.869 -868.869 -868.869 -868.869 -868.869 -868.869
5.21 -1142.3 -1142.3 -1142.3 -1142.3 -1142.3 -1142.3 -1142.3 -1142.3 -1142.3
5.22 -1224.21 -1224.21 -1224.21 -1224.21 -1224.21 -1224.21 -1224.21 -1224.21 -1224.21
5.23 -990.579 -990.579 -990.579 -990.579 -990.579 -990.579 -990.579 -990.579 -990.579
5.24 -416.973 -416.973 -416.973 -416.973 -416.973 -416.973 -416.973 -416.973 -416.973
5.25 206.192 206.192 206.192 206.192 206.192 206.192 206.192 206.192 206.192
5.26 615.966 615.966 615.966 615.966 615.966 615.966 615.966 615.966 615.966
5.27 660.799 660.799 660.799 660.799 660.799 660.799 660.799 660.799 660.799
5.28 633.291 633.291 633.291 633.291 633.291 633.291 633.291 633.291 633.291
5.29 659.461 659.461 659.461 659.461 659.461 659.461 659.461 659.461 659.461
5.3 731.544 731.544 731.544 731.544 731.544 731.544 731.544 731.544 731.544
5.31 700.659 700.659 700.659 700.659 700.659 700.659 700.659 700.659 700.659
5.32 589.49 589.49 589.49 589.49 589.49 589.49 589.49 589.49 589.49
5.33 412.216 412.216 412.216 412.216 412.216 412.216 412.216 412.216 412.216
5.34 231.674 231.674 231.674 231.674 231.674 231.674 231.674 231.674 231.674
5.35 30.0863 30.0863 30.0863 30.0863 30.0863 30.0863 30.0863 30.0863 30.0863
5.36 -170.173 -170.173 -170.173 -170.173 -170.173 -170.173 -170.173 -170.173 -170.173
5.37 -395.333 -395.333 -395.333 -395.333 -395.333 -395.333 -395.333 -395.333 -395.333
5.38 -650.825 -650.825 -650.825 -650.825 -650.825 -650.825 -650.825 -650.825 -650.825
5.39 -698.404 -698.404 -698.404 -698.404 -698.404 -698.404 -698.404 -698.404 -698.404
5.4 -517.351 -517.351 -517.351 -517.351 -517.351 -517.351 -517.351 -517.351 -517.351
5.41 -299.019 -299.019 -299.019 -299.019 -299.019 -299.019 -299.019 -299.019 -299.019
5.42 -98.2352 -98.2352 -98.2352 -98.2352 -98.2352 -98.2352 -98.2352 -98.2352 -98.2352
5.43 -17.2597 -17.2597 -17.2597 -17.2597 -17.2597 -17.2597 -17.2597 -17.2597 -17.2597
5.44 11.0655 11.0655 11.0655 11.0655 11.0655 11.0655 11.0655 11.0655 11.0655
5.45 -12.9257 -12.9257 -12.9257 -12.9257 -12.9257 -12.9257 -12.9257 -12.9257 -12.9257
5.46 -75.7998 -75.7998 -75.7998 -75.7998 -75.7998 -75.7998 -75.7998 -75.7998 -75.7998
5.47 -168.242 -168.242 -168.242 -168.242 -168.242 -168.242 -168.242 -168.242 -168.242
5.48 -294.056 -294.056 -294.056 -294.056 -294.056 -294.056 -294.056 -294.056 -294.056
5.49 -450.189 -450.189 -450.189 -450.189 -450.189 -450.189 -450.189 -450.189 -450.189
5.5 -612.002 -612.002 -612.002 -612.002 -612.002 -612.002 -612.002 -612.002 -612.002
5.51 -766.728 -766.728 -766.728 -766.728 -766.728 -766.728 -766.728 -766.728 -766.728
5.52 -839.811 -839.811 -839.811 -839.811 -839.811 -839.811 -839.811 -839.811 -839.811
5.53 -782.903 -782.903 -782.903 -782.903 -782.903 -782.903 -782.903 -782.903 -782.903
5.54 -602.516 -602.516 -602.516 -602.516 -602.516 -602.516 -602.516 -602.516 -602.516
5.55 -274.389 -274.389 -274.389 -274.389 -274.389 -274.389 -274.389 -274.389 -274.389
5.56 167.589 167.589 167.589 167.589 167.589 167.589 167.589 167.589 167.589
5.57 568.529 568.529 568.529 568.529 568.529 568.529 568.529 568.529 568.529
5.58 840.913 840.913 840.913 840.913 840.913 840.913 840.913 840.913 840.913
5.59 945.068 945.068 945.068 945.068 945.068 945.068 945.068 945.068 945.068
5.6 880.301 880.301 880.301 880.301 880.301 880.301 880.301 880.301 880.301
5.61 705.696 705.696 705.696 705.696 705.696 705.696 705.696 705.696 705.696
5.62 515.693 515.693 515.693 515.693 515.693 515.693 515.693 515.693 515.693
5.63 439.93 439.93 439.93 439.93 439.93 439.93 439.93 439.93 439.93
5.64 499.742 499.742 499.742 499.742 499.742 499.742 499.742 499.742 499.742
5.65 630.559 630.559 630.559 630.559 630.559 630.559 630.559 630.559 630.559
5.66 720.834 720.834 720.834 720.834 720.834 720.834 720.834 720.834 720.834
5.67 699.926 699.926 699.926 699.926 699.926 699.926 699.926 699.926 699.926
5.68 571.13 571.13 571.13 571.13 571.13 571.13 571.13 571.13 571.13
5.69 421.702 421.702 421.702 421.702 421.702 421.702 421.702 421.702 421.702
5.7 356.736 356.736 356.736 356.736 356.736 356.736 356.736 356.736 356.736
5.71 431.062 431.062 431.062 431.062 431.062 431.062 431.062 431.062 431.062
5.72 607.814 607.814 607.814 607.814 607.814 607.814 607.814 607.814 607.814
5.73 763.777 763.777 763.777 763.777 763.777 763.777 763.777 763.777 763.777
5.74 756.972 756.972 756.972 756.972 756.972 756.972 756.972 756.972 756.972
5.75 514.811 514.811 514.811 514.811 514.811 514.811 514.811 514.811 514.811
5.76 77.6264 77.6264 77.6264 77.6264 77.6264 77.6264 77.6264 77.6264 77.6264
5.77 -439 -439 -439 -439 -439 -439 -439 -439 -439
5.78 -878.589 -878.589 -878.589 -878.589 -878.589 -878.589 -878.589 -878.589 -878.589
5.79 -1018.93 -1018.93 -1018.93 -1018.93 -1018.93 -1018.93 -1018.93 -1018.93 -1018.93
5.8 -794.05 -794.05 -794.05 -794.05 -794.05 -794.05 -794.05 -794.05 -794.05
5.81 -322.723 -322.723 -322.723 -322.723 -322.723 -322.723 -322.723 -322.723 -322.723
5.82 153.347 153.347 153.347 153.347 153.347 153.347 153.347 153.347 153.347
5.83 388.551 388.551 388.551 388.551 388.551 388.551 388.551 388.551 388.551
5.84 268.239 268.239 268.239 268.239 268.239 268.239 268.239 268.239 268.239
5.85 -146.898 -146.898 -146.898 -146.898 -146.898 -146.898 -146.898 -146.898 -146.898
5.86 -665.312 -665.312 -665.312 -665.312 -665.312 -665.312 -665.312 -665.312 -665.312
5.87 -994.104 -994.104 -994.104 -994.104 -994.104 -994.104 -994.104 -994.104 -994.104
5.88 -942.611 -942.611 -942.611 -942.611 -942.611 -942.611 -942.611 -942.611 -942.611
5.89 -530.324 -530.324 -530.324 -530.324 -530.324 -530.324 -530.324 -530.324 -530.324
5.9 12.5536 12.5536 12.5536 12.5536 12.5536 12.5536 12.5536 12.5536 12.5536
5.91 404.215 404.215 404.215 404.215 404.215 404.215 404.215 404.215 404.215
5.92 455.99 455.99 455.99 455.99 455.99 455.99 455.99 455.99 455.99
5.93 199.285 199.285 199.285 199.285 199.285 199.285 199.285 199.285 199.285
5.94 -167.581 -167.581 -167.581 -167.581 -167.581 -167.581 -167.581 -167.581 -167.581
5.95 -395.124 -395.124 -395.124 -395.124 -395.124 -395.124 -395.124 -395.124 -395.124
5.96 -354.384 -354.384 -354.384 -354.384 -354.384 -354.384 -354.384 -354.384 -354.384
5.97 -88.7217 -88.7217 -88.7217 -88.7217 -88.7217 -88.7217 -88.7217 -88.7217 -88.7217
5.98 219.034 219.034 219.034 219.034 219.034 219.034 219.034 219.034 219.034
5.99 383.083 383.083 383.083 383.083 383.083 383.083 383.083 383.083 383.083
6 316.873 316.873 316.873 316.873 316.873 316.873 316.873 316.873 316.873
6.01 102.332 102.332 102.332 102.332 102.332 102.332 102.332 102.332 102.332
6.02 -97.9608 -97.9608 -97.9608 -97.9608 -97.9608 -97.9608 -97.9608 -97.9608 -97.9608
6.03 -232.156 -232.156 -232.156 -232.156 -232.156 -232.156 -232.156 -232.156 -232.156
6.04 -96.3524 -96.3524 -96.3524 -96.3524 -96.3524 -96.3524 -96.3524 -96.3524 -96.3524
6.05 250.33 250.33 250.33 250.33 250.33 250.33 250.33 250.33 250.33
6.06 594.446 594.446 594.446 594.446 594.446 594.446 594.446 594.446 594.446
6.07 725.814 725.814 725.814 725.814 725.814 725.814 725.814 725.814 725.814
6.08 544.886 544.886 544.886 544.886 544.886 544.886 544.886 544.886 544.886
6.09 295.976 295.976 295.976 295.976 295.976 295.976 295.976 295.976 295.976
6.1 98.0253 98.0253 98.0253 98.0253 98.0253 98.0253 98.0253 98.0253 98.0253
6.11 -82.3163 -82.3163 -82.3163 -82.3163 -82.3163 -82.3163 -82.3163 -82.3163 -82.3163
6.12 -178.53 -178.53 -178.53 -178.53 -178.53 -178.53 -178.53 -178.53 -178.53
6.13 -164.046 -164.046 -164.046 -164.046 -164.046 -164.046 -164.046 -164.046 -164.046
6.14 -59.2565 -59.2565 -59.2565 -59.2565 -59.2565 -59.2565 -59.2565 -59.2565 -59.2565
6.15 60.0666 60.0666 60.0666 60.0666 60.0666 60.0666 60.0666 60.0666 60.0666
6.16 123.816 123.816 123.816 123.816 123.816 123.816 123.816 123.816 123.816
6.17 99.1592 99.1592 99.1592 99.1592 99.1592 99.1592 99.1592 99.1592 99.1592
6.18 29.0159 29.0159 29.0159 29.0159 29.0159 29.0159 29.0159 29.0159 29.0159
6.19 -30.8188 -30.8188 -30.8188 -30.8188 -30.8188 -30.8188 -30.8188 -30.8188 -30.8188
6.2 -16.5546 -16.5546 -16.5546 -16.5546 -16.5546 -16.5546 -16.5546 -16.5546 -16.5546
6.21 79.0368 79.0368 79.0368 79.0368 79.0368 79.0368 79.0368 79.0368 79.0368
6.22 219.629 219.629 219.629 219.629 219.629 219.629 219.629 219.629 219.629
6.23 320.316 320.316 320.316 320.316 320.316 320.316 320.316 320.316 320.316
6.24 316.889 316.889 316.889 316.889 316.889 316.889 316.889 316.889 316.889
6.25 190.185 190.185 190.185 190.185 190.185 190.185 190.185 190.185 190.185
6.26 -0.556655 -0.556655 -0.556655 -0.556655 -0.556655 -0.556655 -0.556655 -0.556655 -0.556655
6.27 -167.207 -167.207 -167.207 -167.207 -167.207 -167.207 -167.207 -167.207 -167.207
6.28 -226.482 -226.482 -226.482 -226.482 -226.482 -226.482 -226.482 -226.482 -226.482
6.29 -165.399 -165.399 -165.399 -165.399 -165.399 -165.399 -165.399 -165.399 -165.399
6.3 -33.7834 -33.7834 -33.7834 -33.7834 -33.7834 -33.7834 -33.7834 -33.7834 -33.7834
6.31 78.4791 78.4791 78.4791 78.4791 78.4791 78.4791 78.4791 78.4791 78.4791
