0.02 -0.000198338 -0.000198338 -0.000198338 -0.000198338 -0.000198338 -0.000198338 -0.000198338 -0.000198338 -0.000198338
0.04 -0.00971476 -0.00971476 -0.00971476 -0.00971476 -0.00971476 -0.00971476 -0.00971476 -0.00971476 -0.00971476
0.06 0.118036 0.118036 0.118036 0.118036 0.118036 0.118036 0.118036 0.118036 0.118036
0.08 0.459478 0.459478 0.459478 0.459478 0.459478 0.459478 0.459478 0.459478 0.459478
0.1 0.407622 0.407622 0.407622 0.407622 0.407622 0.407622 0.407622 0.407622 0.407622
0.12 -1.01299 -1.01299 -1.01299 -1.01299 -1.01299 -1.01299 -1.01299 -1.01299 -1.01299
0.14 -4.08782 -4.08782 -4.08782 -4.08782 -4.08782 -4.08782 -4.08782 -4.08782 -4.08782
0.16 -7.60111 -7.60111 -7.60111 -7.60111 -7.60111 -7.60111 -7.60111 -7.60111 -7.60111
0.18 -9.77161 -9.77161 -9.77161 -9.77161 -9.77161 -9.77161 -9.77161 -9.77161 -9.77161
0.2 -9.7924 -9.7924 -9.7924 -9.7924 -9.7924 -9.7924 -9.7924 -9.7924 -9.7924
0.22 -7.67616 -7.67616 -7.67616 -7.67616 -7.67616 -7.67616 -7.67616 -7.67616 -7.67616
0.24 -3.59207 -3.59207 -3.59207 -3.59207 -3.59207 -3.59207 -3.59207 -3.59207 -3.59207
0.26 1.25731 1.25731 1.25731 1.25731 1.25731 1.25731 1.25731 1.25731 1.25731
0.28 4.92161 4.92161 4.92161 4.92161 4.92161 4.92161 4.92161 4.92161 4.92161
0.3 6.84742 6.84742 6.84742 6.84742 6.84742 6.84742 6.84742 6.84742 6.84742
0.32 7.20272 7.20272 7.20272 7.20272 7.20272 7.20272 7.20272 7.20272 7.20272
0.34 5.11402 5.11402 5.11402 5.11402 5.11402 5.11402 5.11402 5.11402 5.11402
0.36 0.000748038 0.000748038 0.000748038 0.000748038 0.000748038 0.000748038 0.000748038 0.000748038 0.000748038
0.38 -5.84008 -5.84008 -5.84008 -5.84008 -5.84008 -5.84008 -5.84008 -5.84008 -5.84008
0.4 -9.03951 -9.03951 -9.03951 -9.03951 -9.03951 -9.03951 -9.03951 -9.03951 -9.03951
0.42 -7.99946 -7.99946 -7.99946 -7.99946 -7.99946 -7.99946 -7.99946 -7.99946 -7.99946
0.44 -3.99908 -3.99908 -3.99908 -3.99908 -3.99908 -3.99908 -3.99908 -3.99908 -3.99908
0.46 0.533947 0.533947 0.533947 0.533947 0.533947 0.533947 0.533947 0.533947 0.533947
0.48 5.49314 5.49314 5.49314 5.49314 5.49314 5.49314 5.49314 5.49314 5.49314
0.5 13.3049 13.3049 13.3049 13.3049 13.3049 13.3049 13.3049 13.3049 13.3049
0.52 21.9131 21.9131 21.9131 21.9131 21.9131 21.9131 21.9131 21.9131 21.9131
0.54 21.1912 21.1912 21.1912 21.1912 21.1912 21.1912 21.1912 21.1912 21.1912
0.56 7.52591 7.52591 7.52591 7.52591 7.52591 7.52591 7.52591 7.52591 7.52591
0.58 -8.1393 -8.1393 -8.1393 -8.1393 -8.1393 -8.1393 -8.1393 -8.1393 -8.1393
0.6 -15.2257 -15.2257 -15.2257 -15.2257 -15.2257 -15.2257 -15.2257 -15.2257 -15.2257
0.62 -19.4542 -19.4542 -19.4542 -19.4542 -19.4542 -19.4542 -19.4542 -19.4542 -19.4542
0.64 -26.6245 -26.6245 -26.6245 -26.6245 -26.6245 -26.6245 -26.6245 -26.6245 -26.6245
0.66 -27.5224 -27.5224 -27.5224 -27.5224 -27.5224 -27.5224 -27.5224 -27.5224 -27.5224
0.68 -17.1907 -17.1907 -17.1907 -17.1907 -17.1907 -17.1907 -17.1907 -17.1907 -17.1907
0.7 -9.401 -9.401 -9.401 -9.401 -9.401 -9.401 -9.401 -9.401 -9.401
0.72 -18.9258 -18.9258 -18.9258 -18.9258 -18.9258 -18.9258 -18.9258 -18.9258 -18.9258
0.74 -31.6241 -31.6241 -31.6241 -31.6241 -31.6241 -31.6241 -31.6241 -31.6241 -31.6241
0.76 -26.5357 -26.5357 -26.5357 -26.5357 -26.5357 -26.5357 -26.5357 -26.5357 -26.5357
0.78 -16.9769 -16.9769 -16.9769 -16.9769 -16.9769 -16.9769 -16.9769 -16.9769 -16.9769
0.8 -27.1717 -27.1717 -27.1717 -27.1717 -27.1717 -27.1717 -27.1717 -27.1717 -27.1717
0.82 -46.459 -46.459 -46.459 -46.459 -46.459 -46.459 -46.459 -46.459 -46.459
0.84 -45.3304 -45.3304 -45.3304 -45.3304 -45.3304 -45.3304 -45.3304 -45.3304 -45.3304
0.86 -28.6783 -28.6783 -28.6783 -28.6783 -28.6783 -28.6783 -28.6783 -28.6783 -28.6783
0.88 -30.7914 -30.7914 -30.7914 -30.7914 -30.7914 -30.7914 -30.7914 -30.7914 -30.7914
0.9 -57.213 -57.213 -57.213 -57.213 -57.213 -57.213 -57.213 -57.213 -57.213
0.92 -71.1228 -71.1228 -71.1228 -71.1228 -71.1228 -71.1228 -71.1228 -71.1228 -71.1228
0.94 -48.876 -48.876 -48.876 -48.876 -48.876 -48.876 -48.876 -48.876 -48.876
0.96 -16.5578 -16.5578 -16.5578 -16.5578 -16.5578 -16.5578 -16.5578 -16.5578 -16.5578
0.98 -8.65554 -8.65554 -8.65554 -8.65554 -8.65554 -8.65554 -8.65554 -8.65554 -8.65554
1 -16.6765 -16.6765 -16.6765 -16.6765 -16.6765 -16.6765 -16.6765 -16.6765 -16.6765
1.02 -7.87909 -7.87909 -7.87909 -7.87909 -7.87909 -7.87909 -7.87909 -7.87909 -7.87909
1.04 21.8432 21.8432 21.8432 21.8432 21.8432 21.8432 21.8432 21.8432 21.8432
1.06 43.2409 43.2409 43.2409 43.2409 43.2409 43.2409 43.2409 43.2409 43.2409
1.08 38.8502 38.8502 38.8502 38.8502 38.8502 38.8502 38.8502 38.8502 38.8502
1.1 26.2655 26.2655 26.2655 26.2655 26.2655 26.2655 26.2655 26.2655 26.2655
1.12 28.6849 28.6849 28.6849 28.6849 28.6849 28.6849 28.6849 28.6849 28.6849
1.14 40.1589 40.1589 40.1589 40.1589 40.1589 40.1589 40.1589 40.1589 40.1589
1.16 39.7665 39.7665 39.7665 39.7665 39.7665 39.7665 39.7665 39.7665 39.7665
1.18 33.8828 33.8828 33.8828 33.8828 33.8828 33.8828 33.8828 33.8828 33.8828
1.2 53.0018 53.0018 53.0018 53.0018 53.0018 53.0018 53.0018 53.0018 53.0018
1.22 98.7042 98.7042 98.7042 98.7042 98.7042 98.7042 98.7042 98.7042 98.7042
1.24 125.904 125.904 125.904 125.904 125.904 125.904 125.904 125.904 125.904
1.26 107.061 107.061 107.061 107.061 107.061 107.061 107.061 107.061 107.061
1.28 83.1138 83.1138 83.1138 83.1138 83.1138 83.1138 83.1138 83.1138 83.1138
1.3 103.548 103.548 103.548 103.548 103.548 103.548 103.548 103.548 103.548
1.32 138.478 138.478 138.478 138.478 138.478 138.478 138.478 138.478 138.478
1.34 116.331 116.331 116.331 116.331 116.331 116.331 116.331 116.331 116.331
1.36 44.9576 44.9576 44.9576 44.9576 44.9576 44.9576 44.9576 44.9576 44.9576
1.38 10.7755 10.7755 10.7755 10.7755 10.7755 10.7755 10.7755 10.7755 10.7755
1.4 42.0156 42.0156 42.0156 42.0156 42.0156 42.0156 42.0156 42.0156 42.0156
1.42 63.3158 63.3158 63.3158 63.3158 63.3158 63.3158 63.3158 63.3158 63.3158
1.44 23.8284 23.8284 23.8284 23.8284 23.8284 23.8284 23.8284 23.8284 23.8284
1.46 -16.9433 -16.9433 -16.9433 -16.9433 -16.9433 -16.9433 -16.9433 -16.9433 -16.9433
1.48 6.43259 6.43259 6.43259 6.43259 6.43259 6.43259 6.43259 6.43259 6.43259
1.5 49.4832 49.4832 49.4832 49.4832 49.4832 49.4832 49.4832 49.4832 49.4832
1.52 32.4547 32.4547 32.4547 32.4547 32.4547 32.4547 32.4547 32.4547 32.4547
1.54 -19.3371 -19.3371 -19.3371 -19.3371 -19.3371 -19.3371 -19.3371 -19.3371 -19.3371
1.56 -18.4358 -18.4358 -18.4358 -18.4358 -18.4358 -18.4358 -18.4358 -18.4358 -18.4358
1.58 27.5575 27.5575 27.5575 27.5575 27.5575 27.5575 27.5575 27.5575 27.5575
1.6 23.3889 23.3889 23.3889 23.3889 23.3889 23.3889 23.3889 23.3889 23.3889
1.62 -49.5591 -49.5591 -49.5591 -49.5591 -49.5591 -49.5591 -49.5591 -49.5591 -49.5591
1.64 -95.4679 -95.4679 -95.4679 -95.4679 -95.4679 -95.4679 -95.4679 -95.4679 -95.4679
1.66 -60.6241 -60.6241 -60.6241 -60.6241 -60.6241 -60.6241 -60.6241 -60.6241 -60.6241
1.68 -19.5539 -19.5539 -19.5539 -19.5539 -19.5539 -19.5539 -19.5539 -19.5539 -19.5539
1.7 -44.6131 -44.6131 -44.6131 -44.6131 -44.6131 -44.6131 -44.6131 -44.6131 -44.6131
1.72 -79.833 -79.833 -79.833 -79.833 -79.833 -79.833 -79.833 -79.833 -79.833
1.74 -36.1752 -36.1752 -36.1752 -36.1752 -36.1752 -36.1752 -36.1752 -36.1752 -36.1752
1.76 49.9095 49.9095 49.9095 49.9095 49.9095 49.9095 49.9095 49.9095 49.9095
1.78 68.1565 68.1565 68.1565 68.1565 68.1565 68.1565 68.1565 68.1565 68.1565
1.8 17.8052 17.8052 17.8052 17.8052 17.8052 17.8052 17.8052 17.8052 17.8052
1.82 11.5586 11.5586 11.5586 11.5586 11.5586 11.5586 11.5586 11.5586 11.5586
1.84 85.8283 85.8283 85.8283 85.8283 85.8283 85.8283 85.8283 85.8283 85.8283
1.86 136.072 136.072 136.072 136.072 136.072 136.072 136.072 136.072 136.072
1.88 84.675 84.675 84.675 84.675 84.675 84.675 84.675 84.675 84.675
1.9 1.62992 1.62992 1.62992 1.62992 1.62992 1.62992 1.62992 1.62992 1.62992
1.92 -11.9643 -11.9643 -11.9643 -11.9643 -11.9643 -11.9643 -11.9643 -11.9643 -11.9643
1.94 23.6294 23.6294 23.6294 23.6294 23.6294 23.6294 23.6294 23.6294 23.6294
1.96 26.6047 26.6047 26.6047 26.6047 26.6047 26.6047 26.6047 26.6047 26.6047
1.98 6.74688 6.74688 6.74688 6.74688 6.74688 6.74688 6.74688 6.74688 6.74688
2 42.3115 42.3115 42.3115 42.3115 42.3115 42.3115 42.3115 42.3115 42.3115
2.02 124.521 124.521 124.521 124.521 124.521 124.521 124.521 124.521 124.521
2.04 148.438 148.438 148.438 148.438 148.438 148.438 148.438 148.438 148.438
2.06 79.6959 79.6959 79.6959 79.6959 79.6959 79.6959 79.6959 79.6959 79.6959
2.08 15.4176 15.4176 15.4176 15.4176 15.4176 15.4176 15.4176 15.4176 15.4176
2.1 33.9277 33.9277 33.9277 33.9277 33.9277 33.9277 33.9277 33.9277 33.9277
2.12 80.3456 80.3456 80.3456 80.3456 80.3456 80.3456 80.3456 80.3456 80.3456
2.14 64.7165 64.7165 64.7165 64.7165 64.7165 64.7165 64.7165 64.7165 64.7165
2.16 -3.04183 -3.04183 -3.04183 -3.04183 -3.04183 -3.04183 -3.04183 -3.04183 -3.04183
2.18 -49.4732 -49.4732 -49.4732 -49.4732 -49.4732 -49.4732 -49.4732 -49.4732 -49.4732
2.2 -57.3507 -57.3507 -57.3507 -57.3507 -57.3507 -57.3507 -57.3507 -57.3507 -57.3507
2.22 -67.6474 -67.6474 -67.6474 -67.6474 -67.6474 -67.6474 -67.6474 -67.6474 -67.6474
2.24 -85.6424 -85.6424 -85.6424 -85.6424 -85.6424 -85.6424 -85.6424 -85.6424 -85.6424
2.26 -62.4668 -62.4668 -62.4668 -62.4668 -62.4668 -62.4668 -62.4668 -62.4668 -62.4668
2.28 20.564 20.564 20.564 20.564 20.564 20.564 20.564 20.564 20.564
2.3 99.9471 99.9471 99.9471 99.9471 99.9471 99.9471 99.9471 99.9471 99.9471
2.32 101.452 101.452 101.452 101.452 101.452 101.452 101.452 101.452 101.452
2.34 32.2137 32.2137 32.2137 32.2137 32.2137 32.2137 32.2137 32.2137 32.2137
2.36 -42.5217 -42.5217 -42.5217 -42.5217 -42.5217 -42.5217 -42.5217 -42.5217 -42.5217
2.38 -84.1725 -84.1725 -84.1725 -84.1725 -84.1725 -84.1725 -84.1725 -84.1725 -84.1725
2.4 -104.424 -104.424 -104.424 -104.424 -104.424 -104.424 -104.424 -104.424 -104.424
2.42 -121.101 -121.101 -121.101 -121.101 -121.101 -121.101 -121.101 -121.101 -121.101
2.44 -120.529 -120.529 -120.529 -120.529 -120.529 -120.529 -120.529 -120.529 -120.529
2.46 -82.9341 -82.9341 -82.9341 -82.9341 -82.9341 -82.9341 -82.9341 -82.9341 -82.9341
2.48 -31.3033 -31.3033 -31.3033 -31.3033 -31.3033 -31.3033 -31.3033 -31.3033 -31.3033
2.5 -19.5925 -19.5925 -19.5925 -19.5925 -19.5925 -19.5925 -19.5925 -19.5925 -19.5925
2.52 -60.3984 -60.3984 -60.3984 -60.3984 -60.3984 -60.3984 -60.3984 -60.3984 -60.3984
2.54 -94.4459 -94.4459 -94.4459 -94.4459 -94.4459 -94.4459 -94.4459 -94.4459 -94.4459
2.56 -58.072 -58.072 -58.072 -58.072 -58.072 -58.072 -58.072 -58.072 -58.072
2.58 42.2036 42.2036 42.2036 42.2036 42.2036 42.2036 42.2036 42.2036 42.2036
2.6 143.869 143.869 143.869 143.869 143.869 143.869 143.869 143.869 143.869
2.62 192.331 192.331 192.331 192.331 192.331 192.331 192.331 192.331 192.331
2.64 168.33 168.33 168.33 168.33 168.33 168.33 168.33 168.33 168.33
2.66 79.4997 79.4997 79.4997 79.4997 79.4997 79.4997 79.4997 79.4997 79.4997
2.68 -43.1595 -43.1595 -43.1595 -43.1595 -43.1595 -43.1595 -43.1595 -43.1595 -43.1595
2.7 -138.778 -138.778 -138.778 -138.778 -138.778 -138.778 -138.778 -138.778 -138.778
2.72 -137.864 -137.864 -137.864 -137.864 -137.864 -137.864 -137.864 -137.864 -137.864
2.74 -19.1214 -19.1214 -19.1214 -19.1214 -19.1214 -19.1214 -19.1214 -19.1214 -19.1214
2.76 155.321 155.321 155.321 155.321 155.321 155.321 155.321 155.321 155.321
2.78 275.345 275.345 275.345 275.345 275.345 275.345 275.345 275.345 275.345
2.8 273.628 273.628 273.628 273.628 273.628 273.628 273.628 273.628 273.628
2.82 181.71 181.71 181.71 181.71 181.71 181.71 181.71 181.71 181.71
2.84 90.7656 90.7656 90.7656 90.7656 90.7656 90.7656 90.7656 90.7656 90.7656
2.86 67.4056 67.4056 67.4056 67.4056 67.4056 67.4056 67.4056 67.4056 67.4056
2.88 107.598 107.598 107.598 107.598 107.598 107.598 107.598 107.598 107.598
2.9 155.337 155.337 155.337 155.337 155.337 155.337 155.337 155.337 155.337
2.92 156.868 156.868 156.868 156.868 156.868 156.868 156.868 156.868 156.868
2.94 101.755 101.755 101.755 101.755 101.755 101.755 101.755 101.755 101.755
2.96 16.0123 16.0123 16.0123 16.0123 16.0123 16.0123 16.0123 16.0123 16.0123
2.98 -67.9095 -67.9095 -67.9095 -67.9095 -67.9095 -67.9095 -67.9095 -67.9095 -67.9095
3 -114.006 -114.006 -114.006 -114.006 -114.006 -114.006 -114.006 -114.006 -114.006
3.02 -77.2565 -77.2565 -77.2565 -77.2565 -77.2565 -77.2565 -77.2565 -77.2565 -77.2565
3.04 51.7353 51.7353 51.7353 51.7353 51.7353 51.7353 51.7353 51.7353 51.7353
3.06 196.239 196.239 196.239 196.239 196.239 196.239 196.239 196.239 196.239
3.08 243.259 243.259 243.259 243.259 243.259 243.259 243.259 243.259 243.259
3.1 149.254 149.254 149.254 149.254 149.254 149.254 149.254 149.254 149.254
3.12 -34.4442 -34.4442 -34.4442 -34.4442 -34.4442 -34.4442 -34.4442 -34.4442 -34.4442
3.14 -230.604 -230.604 -230.604 -230.604 -230.604 -230.604 -230.604 -230.604 -230.604
3.16 -392.427 -392.427 -392.427 -392.427 -392.427 -392.427 -392.427 -392.427 -392.427
3.18 -497.122 -497.122 -497.122 -497.122 -497.122 -497.122 -497.122 -497.122 -497.122
3.2 -540.079 -540.079 -540.079 -540.079 -540.079 -540.079 -540.079 -540.079 -540.079
3.22 -457.959 -457.959 -457.959 -457.959 -457.959 -457.959 -457.959 -457.959 -457.959
3.24 -237.952 -237.952 -237.952 -237.952 -237.952 -237.952 -237.952 -237.952 -237.952
3.25 -128.736 -128.736 -128.736 -128.736 -128.736 -128.736 -128.736 -128.736 -128.736
3.26 -50.3081 -50.3081 -50.3081 -50.3081 -50.3081 -50.3081 -50.3081 -50.3081 -50.3081
3.27 -33.6424 -33.6424 -33.6424 -33.6424 -33.6424 -33.6424 -33.6424 -33.6424 -33.6424
3.28 -85.4369 -85.4369 -85.4369 -85.4369 -85.4369 -85.4369 -85.4369 -85.4369 -85.4369
3.29 -191.702 -191.702 -191.702 -191.702 -191.702 -191.702 -191.702 -191.702 -191.702
3.3 -323.223 -323.223 -323.223 -323.223 -323.223 -323.223 -323.223 -323.223 -323.223
3.31 -448.755 -448.755 -448.755 -448.755 -448.755 -448.755 -448.755 -448.755 -448.755
3.32 -534.419 -534.419 -534.419 -534.419 -534.419 -534.419 -534.419 -534.419 -534.419
3.33 -527.246 -527.246 -527.246 -527.246 -527.246 -527.246 -527.246 -527.246 -527.246
3.34 -508.715 -508.715 -508.715 -508.715 -508.715 -508.715 -508.715 -508.715 -508.715
3.35 -501.142 -501.142 -501.142 -501.142 -501.142 -501.142 -501.142 -501.142 -501.142
3.36 -511.59 -511.59 -511.59 -511.59 -511.59 -511.59 -511.59 -511.59 -511.59
3.37 -515.085 -515.085 -515.085 -515.085 -515.085 -515.085 -515.085 -515.085 -515.085
3.38 -511.088 -511.088 -511.088 -511.088 -511.088 -511.088 -511.088 -511.088 -511.088
3.39 -481.901 -481.901 -481.901 -481.901 -481.901 -481.901 -481.901 -481.901 -481.901
3.4 -422.541 -422.541 -422.541 -422.541 -422.541 -422.541 -422.541 -422.541 -422.541
3.41 -295.766 -295.766 -295.766 -295.766 -295.766 -295.766 -295.766 -295.766 -295.766
3.42 -157.213 -157.213 -157.213 -157.213 -157.213 -157.213 -157.213 -157.213 -157.213
3.43 -40.6645 -40.6645 -40.6645 -40.6645 -40.6645 -40.6645 -40.6645 -40.6645 -40.6645
3.44 -3.45151 -3.45151 -3.45151 -3.45151 -3.45151 -3.45151 -3.45151 -3.45151 -3.45151
3.45 -59.8673 -59.8673 -59.8673 -59.8673 -59.8673 -59.8673 -59.8673 -59.8673 -59.8673
3.46 -97.44 -97.44 -97.44 -97.44 -97.44 -97.44 -97.44 -97.44 -97.44
3.47 -128.737 -128.737 -128.737 -128.737 -128.737 -128.737 -128.737 -128.737 -128.737
3.48 -166.8 -166.8 -166.8 -166.8 -166.8 -166.8 -166.8 -166.8 -166.8
3.49 -237.445 -237.445 -237.445 -237.445 -237.445 -237.445 -237.445 -237.445 -237.445
3.5 -311.266 -311.266 -311.266 -311.266 -311.266 -311.266 -311.266 -311.266 -311.266
3.51 -394.038 -394.038 -394.038 -394.038 -394.038 -394.038 -394.038 -394.038 -394.038
3.52 -482.358 -482.358 -482.358 -482.358 -482.358 -482.358 -482.358 -482.358 -482.358
3.53 -581.05 -581.05 -581.05 -581.05 -581.05 -581.05 -581.05 -581.05 -581.05
3.54 -679.338 -679.338 -679.338 -679.338 -679.338 -679.338 -679.338 -679.338 -679.338
3.55 -761.344 -761.344 -761.344 -761.344 -761.344 -761.344 -761.344 -761.344 -761.344
3.56 -794.276 -794.276 -794.276 -794.276 -794.276 -794.276 -794.276 -794.276 -794.276
3.57 -759.146 -759.146 -759.146 -759.146 -759.146 -759.146 -759.146 -759.146 -759.146
3.58 -491.784 -491.784 -491.784 -491.784 -491.784 -491.784 -491.784 -491.784 -491.784
3.59 -94.5453 -94.5453 -94.5453 -94.5453 -94.5453 -94.5453 -94.5453 -94.5453 -94.5453
3.6 352.114 352.114 352.114 352.114 352.114 352.114 352.114 352.114 352.114
3.61 687.585 687.585 687.585 687.585 687.585 687.585 687.585 687.585 687.585
3.62 892.882 892.882 892.882 892.882 892.882 892.882 892.882 892.882 892.882
3.63 928.7 928.7 928.7 928.7 928.7 928.7 928.7 928.7 928.7
3.64 895.365 895.365 895.365 895.365 895.365 895.365 895.365 895.365 895.365
3.65 797.076 797.076 797.076 797.076 797.076 797.076 797.076 797.076 797.076
3.66 713.324 713.324 713.324 713.324 713.324 713.324 713.324 713.324 713.324
3.67 621.682 621.682 621.682 621.682 621.682 621.682 621.682 621.682 621.682
3.68 542.814 542.814 542.814 542.814 542.814 542.814 542.814 542.814 542.814
3.69 388.201 388.201 388.201 388.201 388.201 388.201 388.201 388.201 388.201
3.7 155.335 155.335 155.335 155.335 155.335 155.335 155.335 155.335 155.335
3.71 -116.12 -116.12 -116.12 -116.12 -116.12 -116.12 -116.12 -116.12 -116.12
3.72 -232.706 -232.706 -232.706 -232.706 -232.706 -232.706 -232.706 -232.706 -232.706
3.73 -202.125 -202.125 -202.125 -202.125 -202.125 -202.125 -202.125 -202.125 -202.125
3.74 -93.7618 -93.7618 -93.7618 -93.7618 -93.7618 -93.7618 -93.7618 -93.7618 -93.7618
3.75 75.351 75.351 75.351 75.351 75.351 75.351 75.351 75.351 75.351
3.76 299.486 299.486 299.486 299.486 299.486 299.486 299.486 299.486 299.486
3.77 542.231 542.231 542.231 542.231 542.231 542.231 542.231 542.231 542.231
3.78 781.312 781.312 781.312 781.312 781.312 781.312 781.312 781.312 781.312
3.79 832.707 832.707 832.707 832.707 832.707 832.707 832.707 832.707 832.707
3.8 824.276 824.276 824.276 824.276 824.276 824.276 824.276 824.276 824.276
3.81 818.86 818.86 818.86 818.86 818.86 818.86 818.86 818.86 818.86
3.82 811.875 811.875 811.875 811.875 811.875 811.875 811.875 811.875 811.875
3.83 794.735 794.735 794.735 794.735 794.735 794.735 794.735 794.735 794.735
3.84 751.456 751.456 751.456 751.456 751.456 751.456 751.456 751.456 751.456
3.85 656.188 656.188 656.188 656.188 656.188 656.188 656.188 656.188 656.188
3.86 560.086 560.086 560.086 560.086 560.086 560.086 560.086 560.086 560.086
3.87 474.177 474.177 474.177 474.177 474.177 474.177 474.177 474.177 474.177
3.88 440.227 440.227 440.227 440.227 440.227 440.227 440.227 440.227 440.227
3.89 438.03 438.03 438.03 438.03 438.03 438.03 438.03 438.03 438.03
3.9 469.234 469.234 469.234 469.234 469.234 469.234 469.234 469.234 469.234
3.91 484.355 484.355 484.355 484.355 484.355 484.355 484.355 484.355 484.355
3.92 466.238 466.238 466.238 466.238 466.238 466.238 466.238 466.238 466.238
3.93 422.073 422.073 422.073 422.073 422.073 422.073 422.073 422.073 422.073
3.94 387.977 387.977 387.977 387.977 387.977 387.977 387.977 387.977 387.977
3.95 349.332 349.332 349.332 349.332 349.332 349.332 349.332 349.332 349.332
3.96 334.359 334.359 334.359 334.359 334.359 334.359 334.359 334.359 334.359
3.97 325.446 325.446 325.446 325.446 325.446 325.446 325.446 325.446 325.446
3.98 342.71 342.71 342.71 342.71 342.71 342.71 342.71 342.71 342.71
3.99 352.155 352.155 352.155 352.155 352.155 352.155 352.155 352.155 352.155
4 376.9 376.9 376.9 376.9 376.9 376.9 376.9 376.9 376.9
4.01 384.878 384.878 384.878 384.878 384.878 384.878 384.878 384.878 384.878
4.02 387.759 387.759 387.759 387.759 387.759 387.759 387.759 387.759 387.759
4.03 293.61 293.61 293.61 293.61 293.61 293.61 293.61 293.61 293.61
4.04 131.3 131.3 131.3 131.3 131.3 131.3 131.3 131.3 131.3
4.05 -96.4053 -96.4053 -96.4053 -96.4053 -96.4053 -96.4053 -96.4053 -96.4053 -96.4053
4.06 -309.157 -309.157 -309.157 -309.157 -309.157 -309.157 -309.157 -309.157 -309.157
4.07 -484.201 -484.201 -484.201 -484.201 -484.201 -484.201 -484.201 -484.201 -484.201
4.08 -557.952 -557.952 -557.952 -557.952 -557.952 -557.952 -557.952 -557.952 -557.952
4.09 -547.251 -547.251 -547.251 -547.251 -547.251 -547.251 -547.251 -547.251 -547.251
4.1 -444.251 -444.251 -444.251 -444.251 -444.251 -444.251 -444.251 -444.251 -444.251
4.11 -311.494 -311.494 -311.494 -311.494 -311.494 -311.494 -311.494 -311.494 -311.494
4.12 -170.344 -170.344 -170.344 -170.344 -170.344 -170.344 -170.344 -170.344 -170.344
4.13 -44.753 -44.753 -44.753 -44.753 -44.753 -44.753 -44.753 -44.753 -44.753
4.14 51.3599 51.3599 51.3599 51.3599 51.3599 51.3599 51.3599 51.3599 51.3599
4.15 71.1217 71.1217 71.1217 71.1217 71.1217 71.1217 71.1217 71.1217 71.1217
4.16 50.9777 50.9777 50.9777 50.9777 50.9777 50.9777 50.9777 50.9777 50.9777
4.17 -9.00383 -9.00383 -9.00383 -9.00383 -9.00383 -9.00383 -9.00383 -9.00383 -9.00383
4.18 -74.8927 -74.8927 -74.8927 -74.8927 -74.8927 -74.8927 -74.8927 -74.8927 -74.8927
4.19 -178.18 -178.18 -178.18 -178.18 -178.18 -178.18 -178.18 -178.18 -178.18
4.2 -306.257 -306.257 -306.257 -306.257 -306.257 -306.257 -306.257 -306.257 -306.257
4.21 -461.181 -461.181 -461.181 -461.181 -461.181 -461.181 -461.181 -461.181 -461.181
4.22 -606.922 -606.922 -606.922 -606.922 -606.922 -606.922 -606.922 -606.922 -606.922
4.23 -730.68 -730.68 -730.68 -730.68 -730.68 -730.68 -730.68 -730.68 -730.68
4.24 -783.956 -783.956 -783.956 -783.956 -783.956 -783.956 -783.956 -783.956 -783.956
4.25 -773.138 -773.138 -773.138 -773.138 -773.138 -773.138 -773.138 -773.138 -773.138
4.26 -644.238 -644.238 -644.238 -644.238 -644.238 -644.238 -644.238 -644.238 -644.238
4.27 -453.41 -453.41 -453.41 -453.41 -453.41 -453.41 -453.41 -453.41 -453.41
4.28 -228.882 -228.882 -228.882 -228.882 -228.882 -228.882 -228.882 -228.882 -228.882
4.29 -59.4751 -59.4751 -59.4751 -59.4751 -59.4751 -59.4751 -59.4751 -59.4751 -59.4751
4.3 46.6341 46.6341 46.6341 46.6341 46.6341 46.6341 46.6341 46.6341 46.6341
4.31 66.2679 66.2679 66.2679 66.2679 66.2679 66.2679 66.2679 66.2679 66.2679
4.32 28.1034 28.1034 28.1034 28.1034 28.1034 28.1034 28.1034 28.1034 28.1034
4.33 -54.7516 -54.7516 -54.7516 -54.7516 -54.7516 -54.7516 -54.7516 -54.7516 -54.7516
4.34 -132.616 -132.616 -132.616 -132.616 -132.616 -132.616 -132.616 -132.616 -132.616
4.35 -210.985 -210.985 -210.985 -210.985 -210.985 -210.985 -210.985 -210.985 -210.985
4.36 -265.072 -265.072 -265.072 -265.072 -265.072 -265.072 -265.072 -265.072 -265.072
4.37 -316.692 -316.692 -316.692 -316.692 -316.692 -316.692 -316.692 -316.692 -316.692
4.38 -368.449 -368.449 -368.449 -368.449 -368.449 -368.449 -368.449 -368.449 -368.449
4.39 -442.789 -442.789 -442.789 -442.789 -442.789 -442.789 -442.789 -442.789 -442.789
4.4 -501.427 -501.427 -501.427 -501.427 -501.427 -501.427 -501.427 -501.427 -501.427
4.41 -524.261 -524.261 -524.261 -524.261 -524.261 -524.261 -524.261 -524.261 -524.261
4.42 -475.124 -475.124 -475.124 -475.124 -475.124 -475.124 -475.124 -475.124 -475.124
4.43 -364.58 -364.58 -364.58 -364.58 -364.58 -364.58 -364.58 -364.58 -364.58
4.44 -199.885 -199.885 -199.885 -199.885 -199.885 -199.885 -199.885 -199.885 -199.885
4.45 -38.3492 -38.3492 -38.3492 -38.3492 -38.3492 -38.3492 -38.3492 -38.3492 -38.3492
4.46 84.5593 84.5593 84.5593 84.5593 84.5593 84.5593 84.5593 84.5593 84.5593
4.47 115.028 115.028 115.028 115.028 115.028 115.028 115.028 115.028 115.028
4.48 58.3923 58.3923 58.3923 58.3923 58.3923 58.3923 58.3923 58.3923 58.3923
4.49 -82.1427 -82.1427 -82.1427 -82.1427 -82.1427 -82.1427 -82.1427 -82.1427 -82.1427
4.5 -235.996 -235.996 -235.996 -235.996 -235.996 -235.996 -235.996 -235.996 -235.996
4.51 -356.371 -356.371 -356.371 -356.371 -356.371 -356.371 -356.371 -356.371 -356.371
4.52 -408.859 -408.859 -408.859 -408.859 -408.859 -408.859 -408.859 -408.859 -408.859
4.53 -403.886 -403.886 -403.886 -403.886 -403.886 -403.886 -403.886 -403.886 -403.886
4.54 -349.529 -349.529 -349.529 -349.529 -349.529 -349.529 -349.529 -349.529 -349.529
4.55 -294.276 -294.276 -294.276 -294.276 -294.276 -294.276 -294.276 -294.276 -294.276
4.56 -228.345 -228.345 -228.345 -228.345 -228.345 -228.345 -228.345 -228.345 -228.345
4.57 -164.193 -164.193 -164.193 -164.193 -164.193 -164.193 -164.193 -164.193 -164.193
4.58 -67.5299 -67.5299 -67.5299 -67.5299 -67.5299 -67.5299 -67.5299 -67.5299 -67.5299
4.59 61.8759 61.8759 61.8759 61.8759 61.8759 61.8759 61.8759 61.8759 61.8759
4.6 228.234 228.234 228.234 228.234 228.234 228.234 228.234 228.234 228.234
4.61 373.033 373.033 373.033 373.033 373.033 373.033 373.033 373.033 373.033
4.62 448.561 448.561 448.561 448.561 448.561 448.561 448.561 448.561 448.561
4.63 390.532 390.532 390.532 390.532 390.532 390.532 390.532 390.532 390.532
4.64 202.339 202.339 202.339 202.339 202.339 202.339 202.339 202.339 202.339
4.65 -84.1888 -84.1888 -84.1888 -84.1888 -84.1888 -84.1888 -84.1888 -84.1888 -84.1888
4.66 -377.177 -377.177 -377.177 -377.177 -377.177 -377.177 -377.177 -377.177 -377.177
4.67 -608.019 -608.019 -608.019 -608.019 -608.019 -608.019 -608.019 -608.019 -608.019
4.68 -703.638 -703.638 -703.638 -703.638 -703.638 -703.638 -703.638 -703.638 -703.638
4.69 -660.131 -660.131 -660.131 -660.131 -660.131 -660.131 -660.131 -660.131 -660.131
4.7 -494.937 -494.937 -494.937 -494.937 -494.937 -494.937 -494.937 -494.937 -494.937
4.71 -275.474 -275.474 -275.474 -275.474 -275.474 -275.474 -275.474 -275.474 -275.474
4.72 -49.805 -49.805 -49.805 -49.805 -49.805 -49.805 -49.805 -49.805 -49.805
4.73 130.496 130.496 130.496 130.496 130.496 130.496 130.496 130.496 130.496
4.74 260.277 260.277 260.277 260.277 260.277 260.277 260.277 260.277 260.277
4.75 330.372 330.372 330.372 330.372 330.372 330.372 330.372 330.372 330.372
4.76 357.907 357.907 357.907 357.907 357.907 357.907 357.907 357.907 357.907
4.77 342.498 342.498 342.498 342.498 342.498 342.498 342.498 342.498 342.498
4.78 306.811 306.811 306.811 306.811 306.811 306.811 306.811 306.811 306.811
4.79 261.913 261.913 261.913 261.913 261.913 261.913 261.913 261.913 261.913
4.8 241.946 241.946 241.946 241.946 241.946 241.946 241.946 241.946 241.946
4.81 258.425 258.425 258.425 258.425 258.425 258.425 258.425 258.425 258.425
4.82 323.572 323.572 323.572 323.572 323.572 323.572 323.572 323.572 323.572
4.83 410.416 410.416 410.416 410.416 410.416 410.416 410.416 410.416 410.416
4.84 489.715 489.715 489.715 489.715 489.715 489.715 489.715 489.715 489.715
4.85 511.018 511.018 511.018 511.018 511.018 511.018 511.018 511.018 511.018
4.86 456.273 456.273 456.273 456.273 456.273 456.273 456.273 456.273 456.273
4.87 317.298 317.298 317.298 317.298 317.298 317.298 317.298 317.298 317.298
4.88 129.586 129.586 129.586 129.586 129.586 129.586 129.586 129.586 129.586
4.89 -67.3468 -67.3468 -67.3468 -67.3468 -67.3468 -67.3468 -67.3468 -67.3468 -67.3468
4.9 -223.997 -223.997 -223.997 -223.997 -223.997 -223.997 -223.997 -223.997 -223.997
4.91 -324.189 -324.189 -324.189 -324.189 -324.189 -324.189 -324.189 -324.189 -324.189
4.92 -365.306 -365.306 -365.306 -365.306 -365.306 -365.306 -365.306 -365.306 -365.306
4.93 -371.404 -371.404 -371.404 -371.404 -371.404 -371.404 -371.404 -371.404 -371.404
4.94 -353.967 -353.967 -353.967 -353.967 -353.967 -353.967 -353.967 -353.967 -353.967
4.95 -321.466 -321.466 -321.466 -321.466 -321.466 -321.466 -321.466 -321.466 -321.466
4.96 -255.857 -255.857 -255.857 -255.857 -255.857 -255.857 -255.857 -255.857 -255.857
4.97 -147.405 -147.405 -147.405 -147.405 -147.405 -147.405 -147.405 -147.405 -147.405
4.98 6.03117 6.03117 6.03117 6.03117 6.03117 6.03117 6.03117 6.03117 6.03117
4.99 195.078 195.078 195.078 195.078 195.078 195.078 195.078 195.078 195.078
5 391.412 391.412 391.412 391.412 391.412 391.412 391.412 391.412 391.412
5.01 552.445 552.445 552.445 552.445 552.445 552.445 552.445 552.445 552.445
5.02 651.631 651.631 651.631 651.631 651.631 651.631 651.631 651.631 651.631
5.03 658.823 658.823 658.823 658.823 658.823 658.823 658.823 658.823 658.823
5.04 652.8 652.8 652.8 652.8 652.8 652.8 652.8 652.8 652.8
5.05 609.502 609.502 609.502 609.502 609.502 609.502 609.502 609.502 609.502
5.06 558.488 558.488 558.488 558.488 558.488 558.488 558.488 558.488 558.488
5.07 490.391 490.391 490.391 490.391 490.391 490.391 490.391 490.391 490.391
5.08 434.552 434.552 434.552 434.552 434.552 434.552 434.552 434.552 434.552
5.09 389.391 389.391 389.391 389.391 389.391 389.391 389.391 389.391 389.391
5.1 366.296 366.296 366.296 366.296 366.296 366.296 366.296 366.296 366.296
5.11 339.512 339.512 339.512 339.512 339.512 339.512 339.512 339.512 339.512
5.12 103.757 103.757 103.757 103.757 103.757 103.757 103.757 103.757 103.757
5.13 -138.517 -138.517 -138.517 -138.517 -138.517 -138.517 -138.517 -138.517 -138.517
5.14 -312.851 -312.851 -312.851 -312.851 -312.851 -312.851 -312.851 -312.851 -312.851
5.15 -402.393 -402.393 -402.393 -402.393 -402.393 -402.393 -402.393 -402.393 -402.393
5.16 -439.502 -439.502 -439.502 -439.502 -439.502 -439.502 -439.502 -439.502 -439.502
5.17 -454.989 -454.989 -454.989 -454.989 -454.989 -454.989 -454.989 -454.989 -454.989
5.18 -407.733 -407.733 -407.733 -407.733 -407.733 -407.733 -407.733 -407.733 -407.733
5.19 -364.668 -364.668 -364.668 -364.668 -364.668 -364.668 -364.668 -364.668 -364.668
5.2 -318.536 -318.536 -318.536 -318.536 -318.536 -318.536 -318.536 -318.536 -318.536
5.21 -234.658 -234.658 -234.658 -234.658 -234.658 -234.658 -234.658 -234.658 -234.658
5.22 -86.3981 -86.3981 -86.3981 -86.3981 -86.3981 -86.3981 -86.3981 -86.3981 -86.3981
5.23 99.1222 99.1222 99.1222 99.1222 99.1222 99.1222 99.1222 99.1222 99.1222
5.24 252.417 252.417 252.417 252.417 252.417 252.417 252.417 252.417 252.417
5.25 269.236 269.236 269.236 269.236 269.236 269.236 269.236 269.236 269.236
5.26 135.813 135.813 135.813 135.813 135.813 135.813 135.813 135.813 135.813
5.27 -97.5299 -97.5299 -97.5299 -97.5299 -97.5299 -97.5299 -97.5299 -97.5299 -97.5299
5.28 -345.454 -345.454 -345.454 -345.454 -345.454 -345.454 -345.454 -345.454 -345.454
5.29 -442.478 -442.478 -442.478 -442.478 -442.478 -442.478 -442.478 -442.478 -442.478
5.3 -345.468 -345.468 -345.468 -345.468 -345.468 -345.468 -345.468 -345.468 -345.468
5.31 -201.525 -201.525 -201.525 -201.525 -201.525 -201.525 -201.525 -201.525 -201.525
5.32 -63.9862 -63.9862 -63.9862 -63.9862 -63.9862 -63.9862 -63.9862 -63.9862 -63.9862
5.33 99.2627 99.2627 99.2627 99.2627 99.2627 99.2627 99.2627 99.2627 99.2627
5.34 287.415 287.415 287.415 287.415 287.415 287.415 287.415 287.415 287.415
5.35 465.308 465.308 465.308 465.308 465.308 465.308 465.308 465.308 465.308
5.36 541.118 541.118 541.118 541.118 541.118 541.118 541.118 541.118 541.118
5.37 474.72 474.72 474.72 474.72 474.72 474.72 474.72 474.72 474.72
5.38 289.447 289.447 289.447 289.447 289.447 289.447 289.447 289.447 289.447
5.39 61.3019 61.3019 61.3019 61.3019 61.3019 61.3019 61.3019 61.3019 61.3019
5.4 -155.434 -155.434 -155.434 -155.434 -155.434 -155.434 -155.434 -155.434 -155.434
5.41 -334.787 -334.787 -334.787 -334.787 -334.787 -334.787 -334.787 -334.787 -334.787
5.42 -485.801 -485.801 -485.801 -485.801 -485.801 -485.801 -485.801 -485.801 -485.801
5.43 -653.525 -653.525 -653.525 -653.525 -653.525 -653.525 -653.525 -653.525 -653.525
5.44 -775.516 -775.516 -775.516 -775.516 -775.516 -775.516 -775.516 -775.516 -775.516
5.45 -813.723 -813.723 -813.723 -813.723 -813.723 -813.723 -813.723 -813.723 -813.723
5.46 -710.824 -710.824 -710.824 -710.824 -710.824 -710.824 -710.824 -710.824 -710.824
5.47 -499.995 -499.995 -499.995 -499.995 -499.995 -499.995 -499.995 -499.995 -499.995
5.48 -218.013 -218.013 -218.013 -218.013 -218.013 -218.013 -218.013 -218.013 -218.013
5.49 55.6469 55.6469 55.6469 55.6469 55.6469 55.6469 55.6469 55.6469 55.6469
5.5 270.759 270.759 270.759 270.759 270.759 270.759 270.759 270.759 270.759
5.51 365.153 365.153 365.153 365.153 365.153 365.153 365.153 365.153 365.153
5.52 360.378 360.378 360.378 360.378 360.378 360.378 360.378 360.378 360.378
5.53 266.417 266.417 266.417 266.417 266.417 266.417 266.417 266.417 266.417
5.54 177.753 177.753 177.753 177.753 177.753 177.753 177.753 177.753 177.753
5.55 87.7527 87.7527 87.7527 87.7527 87.7527 87.7527 87.7527 87.7527 87.7527
5.56 -20.3012 -20.3012 -20.3012 -20.3012 -20.3012 -20.3012 -20.3012 -20.3012 -20.3012
5.57 -173.671 -173.671 -173.671 -173.671 -173.671 -173.671 -173.671 -173.671 -173.671
5.58 -339.216 -339.216 -339.216 -339.216 -339.216 -339.216 -339.216 -339.216 -339.216
5.59 -398.267 -398.267 -398.267 -398.267 -398.267 -398.267 -398.267 -398.267 -398.267
5.6 -442.377 -442.377 -442.377 -442.377 -442.377 -442.377 -442.377 -442.377 -442.377
5.61 -471.221 -471.221 -471.221 -471.221 -471.221 -471.221 -471.221 -471.221 -471.221
5.62 -446.447 -446.447 -446.447 -446.447 -446.447 -446.447 -446.447 -446.447 -446.447
5.63 -276.892 -276.892 -276.892 -276.892 -276.892 -276.892 -276.892 -276.892 -276.892
5.64 -19.398 -19.398 -19.398 -19.398 -19.398 -19.398 -19.398 -19.398 -19.398
5.65 262.272 262.272 262.272 262.272 262.272 262.272 262.272 262.272 262.272
5.66 446.742 446.742 446.742 446.742 446.742 446.742 446.742 446.742 446.742
5.67 492.898 492.898 492.898 492.898 492.898 492.898 492.898 492.898 492.898
5.68 381.585 381.585 381.585 381.585 381.585 381.585 381.585 381.585 381.585
5.69 198.632 198.632 198.632 198.632 198.632 198.632 198.632 198.632 198.632
5.7 13.9272 13.9272 13.9272 13.9272 13.9272 13.9272 13.9272 13.9272 13.9272
5.71 -78.5543 -78.5543 -78.5543 -78.5543 -78.5543 -78.5543 -78.5543 -78.5543 -78.5543
5.72 -68.4065 -68.4065 -68.4065 -68.4065 -68.4065 -68.4065 -68.4065 -68.4065 -68.4065
5.73 32.9256 32.9256 32.9256 32.9256 32.9256 32.9256 32.9256 32.9256 32.9256
5.74 154.732 154.732 154.732 154.732 154.732 154.732 154.732 154.732 154.732
5.75 275.246 275.246 275.246 275.246 275.246 275.246 275.246 275.246 275.246
5.76 366.913 366.913 366.913 366.913 366.913 366.913 366.913 366.913 366.913
5.77 418.225 418.225 418.225 418.225 418.225 418.225 418.225 418.225 418.225
5.78 351.949 351.949 351.949 351.949 351.949 351.949 351.949 351.949 351.949
5.79 330.225 330.225 330.225 330.225 330.225 330.225 330.225 330.225 330.225
5.8 333.164 333.164 333.164 333.164 333.164 333.164 333.164 333.164 333.164
5.81 366.44 366.44 366.44 366.44 366.44 366.44 366.44 366.44 366.44
5.82 385.615 385.615 385.615 385.615 385.615 385.615 385.615 385.615 385.615
5.83 391.922 391.922 391.922 391.922 391.922 391.922 391.922 391.922 391.922
5.84 353.12 353.12 353.12 353.12 353.12 353.12 353.12 353.12 353.12
5.85 290.56 290.56 290.56 290.56 290.56 290.56 290.56 290.56 290.56
5.86 152.406 152.406 152.406 152.406 152.406 152.406 152.406 152.406 152.406
5.87 30.2988 30.2988 30.2988 30.2988 30.2988 30.2988 30.2988 30.2988 30.2988
5.88 -35.6703 -35.6703 -35.6703 -35.6703 -35.6703 -35.6703 -35.6703 -35.6703 -35.6703
5.89 -10.6386 -10.6386 -10.6386 -10.6386 -10.6386 -10.6386 -10.6386 -10.6386 -10.6386
5.9 20.953 20.953 20.953 20.953 20.953 20.953 20.953 20.953 20.953
5.91 19.1464 19.1464 19.1464 19.1464 19.1464 19.1464 19.1464 19.1464 19.1464
5.92 -68.0554 -68.0554 -68.0554 -68.0554 -68.0554 -68.0554 -68.0554 -68.0554 -68.0554
5.93 -167.956 -167.956 -167.956 -167.956 -167.956 -167.956 -167.956 -167.956 -167.956
5.94 -215.444 -215.444 -215.444 -215.444 -215.444 -215.444 -215.444 -215.444 -215.444
5.95 -107.868 -107.868 -107.868 -107.868 -107.868 -107.868 -107.868 -107.868 -107.868
5.96 129.346 129.346 129.346 129.346 129.346 129.346 129.346 129.346 129.346
5.97 439.524 439.524 439.524 439.524 439.524 439.524 439.524 439.524 439.524
5.98 672.31 672.31 672.31 672.31 672.31 672.31 672.31 672.31 672.31
5.99 733.806 733.806 733.806 733.806 733.806 733.806 733.806 733.806 733.806
6 561.188 561.188 561.188 561.188 561.188 561.188 561.188 561.188 561.188
6.01 232.18 232.18 232.18 232.18 232.18 232.18 232.18 232.18 232.18
6.02 -147.02 -147.02 -147.02 -147.02 -147.02 -147.02 -147.02 -147.02 -147.02
6.03 -379.341 -379.341 -379.341 -379.341 -379.341 -379.341 -379.341 -379.341 -379.341
6.04 -437.745 -437.745 -437.745 -437.745 -437.745 -437.745 -437.745 -437.745 -437.745
6.05 -323.347 -323.347 -323.347 -323.347 -323.347 -323.347 -323.347 -323.347 -323.347
6.06 -155.157 -155.157 -155.157 -155.157 -155.157 -155.157 -155.157 -155.157 -155.157
6.07 -32.8493 -32.8493 -32.8493 -32.8493 -32.8493 -32.8493 -32.8493 -32.8493 -32.8493
6.08 -38.2785 -38.2785 -38.2785 -38.2785 -38.2785 -38.2785 -38.2785 -38.2785 -38.2785
6.09 -128.014 -128.014 -128.014 -128.014 -128.014 -128.014 -128.014 -128.014 -128.014
6.1 -255.737 -255.737 -255.737 -255.737 -255.737 -255.737 -255.737 -255.737 -255.737
6.11 -331.717 -331.717 -331.717 -331.717 -331.717 -331.717 -331.717 -331.717 -331.717
6.12 -328.363 -328.363 -328.363 -328.363 -328.363 -328.363 -328.363 -328.363 -328.363
6.13 -220.095 -220.095 -220.095 -220.095 -220.095 -220.095 -220.095 -220.095 -220.095
6.14 -63.8623 -63.8623 -63.8623 -63.8623 -63.8623 -63.8623 -63.8623 -63.8623 -63.8623
6.15 91.2552 91.2552 91.2552 91.2552 91.2552 91.2552 91.2552 91.2552 91.2552
6.16 164.723 164.723 164.723 164.723 164.723 164.723 164.723 164.723 164.723
6.17 142.676 142.676 142.676 142.676 142.676 142.676 142.676 142.676 142.676
6.18 23.1182 23.1182 23.1182 23.1182 23.1182 23.1182 23.1182 23.1182 23.1182
6.19 -121.519 -121.519 -121.519 -121.519 -121.519 -121.519 -121.519 -121.519 -121.519
6.2 -240.266 -240.266 -240.266 -240.266 -240.266 -240.266 -240.266 -240.266 -240.266
6.21 -270.537 -270.537 -270.537 -270.537 -270.537 -270.537 -270.537 -270.537 -270.537
6.22 -217.967 -217.967 -217.967 -217.967 -217.967 -217.967 -217.967 -217.967 -217.967
6.23 -93.6786 -93.6786 -93.6786 -93.6786 -93.6786 -93.6786 -93.6786 -93.6786 -93.6786
6.24 45.0097 45.0097 45.0097 45.0097 45.0097 45.0097 45.0097 45.0097 45.0097
6.25 174.317 174.317 174.317 174.317 174.317 174.317 174.317 174.317 174.317
6.26 261.153 261.153 261.153 261.153 261.153 261.153 261.153 261.153 261.153
6.27 316.808 316.808 316.808 316.808 316.808 316.808 316.808 316.808 316.808
6.28 332.349 332.349 332.349 332.349 332.349 332.349 332.349 332.349 332.349
6.29 319.81 319.81 319.81 319.81 319.81 319.81 319.81 319.81 319.81
6.3 259.725 259.725 259.725 259.725 259.725 259.725 259.725 259.725 259.725
6.31 160.49 160.49 160.49 160.49 160.49 160.49 160.49 160.49 160.49
