0.02 0.00175439 0.00175439 0.00175439 0.00175439 0.00175439 0.00175439 0.00175439 0.00175439 0.00175439
0.04 -0.0160229 -0.0160229 -0.0160229 -0.0160229 -0.0160229 -0.0160229 -0.0160229 -0.0160229 -0.0160229
0.06 -0.0718563 -0.0718563 -0.0718563 -0.0718563 -0.0718563 -0.0718563 -0.0718563 -0.0718563 -0.0718563
0.08 -0.11484 -0.11484 -0.11484 -0.11484 -0.11484 -0.11484 -0.11484 -0.11484 -0.11484
0.1 0.0541923 0.0541923 0.0541923 0.0541923 0.0541923 0.0541923 0.0541923 0.0541923 0.0541923
0.12 0.623252 0.623252 0.623252 0.623252 0.623252 0.623252 0.623252 0.623252 0.623252
0.14 1.32816 1.32816 1.32816 1.32816 1.32816 1.32816 1.32816 1.32816 1.32816
0.16 1.3925 1.3925 1.3925 1.3925 1.3925 1.3925 1.3925 1.3925 1.3925
0.18 -0.0629796 -0.0629796 -0.0629796 -0.0629796 -0.0629796 -0.0629796 -0.0629796 -0.0629796 -0.0629796
0.2 -3.37029 -3.37029 -3.37029 -3.37029 -3.37029 -3.37029 -3.37029 -3.37029 -3.37029
0.22 -8.10109 -8.10109 -8.10109 -8.10109 -8.10109 -8.10109 -8.10109 -8.10109 -8.10109
0.24 -13.1977 -13.1977 -13.1977 -13.1977 -13.1977 -13.1977 -13.1977 -13.1977 -13.1977
0.26 -17.1453 -17.1453 -17.1453 -17.1453 -17.1453 -17.1453 -17.1453 -17.1453 -17.1453
0.28 -18.3717 -18.3717 -18.3717 -18.3717 -18.3717 -18.3717 -18.3717 -18.3717 -18.3717
0.3 -15.9779 -15.9779 -15.9779 -15.9779 -15.9779 -15.9779 -15.9779 -15.9779 -15.9779
0.32 -10.0195 -10.0195 -10.0195 -10.0195 -10.0195 -10.0195 -10.0195 -10.0195 -10.0195
0.34 -1.12298 -1.12298 -1.12298 -1.12298 -1.12298 -1.12298 -1.12298 -1.12298 -1.12298
0.36 9.18876 9.18876 9.18876 9.18876 9.18876 9.18876 9.18876 9.18876 9.18876
0.38 18.3223 18.3223 18.3223 18.3223 18.3223 18.3223 18.3223 18.3223 18.3223
0.4 23.4179 23.4179 23.4179 23.4179 23.4179 23.4179 23.4179 23.4179 23.4179
0.42 23.0981 23.0981 23.0981 23.0981 23.0981 23.0981 23.0981 23.0981 23.0981
0.44 17.8419 17.8419 17.8419 17.8419 17.8419 17.8419 17.8419 17.8419 17.8419
0.46 9.34368 9.34368 9.34368 9.34368 9.34368 9.34368 9.34368 9.34368 9.34368
0.48 -0.64075 -0.64075 -0.64075 -0.64075 -0.64075 -0.64075 -0.64075 -0.64075 -0.64075
0.5 -10.1708 -10.1708 -10.1708 -10.1708 -10.1708 -10.1708 -10.1708 -10.1708 -10.1708
0.52 -15.9815 -15.9815 -15.9815 -15.9815 -15.9815 -15.9815 -15.9815 -15.9815 -15.9815
0.54 -14.498 -14.498 -14.498 -14.498 -14.498 -14.498 -14.498 -14.498 -14.498
0.56 -5.43391 -5.43391 -5.43391 -5.43391 -5.43391 -5.43391 -5.43391 -5.43391 -5.43391
0.58 5.88618 5.88618 5.88618 5.88618 5.88618 5.88618 5.88618 5.88618 5.88618
0.6 14.0033 14.0033 14.0033 14.0033 14.0033 14.0033 14.0033 14.0033 14.0033
0.62 17.1069 17.1069 17.1069 17.1069 17.1069 17.1069 17.1069 17.1069 17.1069
0.64 15.1332 15.1332 15.1332 15.1332 15.1332 15.1332 15.1332 15.1332 15.1332
0.66 6.10875 6.10875 6.10875 6.10875 6.10875 6.10875 6.10875 6.10875 6.10875
0.68 -9.51346 -9.51346 -9.51346 -9.51346 -9.51346 -9.51346 -9.51346 -9.51346 -9.51346
0.7 -25.1043 -25.1043 -25.1043 -25.1043 -25.1043 -25.1043 -25.1043 -25.1043 -25.1043
0.72 -35.7849 -35.7849 -35.7849 -35.7849 -35.7849 -35.7849 -35.7849 -35.7849 -35.7849
0.74 -43.3923 -43.3923 -43.3923 -43.3923 -43.3923 -43.3923 -43.3923 -43.3923 -43.3923
0.76 -51.9788 -51.9788 -51.9788 -51.9788 -51.9788 -51.9788 -51.9788 -51.9788 -51.9788
0.78 -57.765 -57.765 -57.765 -57.765 -57.765 -57.765 -57.765 -57.765 -57.765
0.8 -54.5481 -54.5481 -54.5481 -54.5481 -54.5481 -54.5481 -54.5481 -54.5481 -54.5481
0.82 -46.387 -46.387 -46.387 -46.387 -46.387 -46.387 -46.387 -46.387 -46.387
0.84 -41.923 -41.923 -41.923 -41.923 -41.923 -41.923 -41.923 -41.923 -41.923
0.86 -40.503 -40.503 -40.503 -40.503 -40.503 -40.503 -40.503 -40.503 -40.503
0.88 -33.974 -33.974 -33.974 -33.974 -33.974 -33.974 -33.974 -33.974 -33.974
0.9 -23.0526 -23.0526 -23.0526 -23.0526 -23.0526 -23.0526 -23.0526 -23.0526 -23.0526
0.92 -19.8013 -19.8013 -19.8013 -19.8013 -19.8013 -19.8013 -19.8013 -19.8013 -19.8013
0.94 -30.5204 -30.5204 -30.5204 -30.5204 -30.5204 -30.5204 -30.5204 -30.5204 -30.5204
0.96 -45.6982 -45.6982 -45.6982 -45.6982 -45.6982 -45.6982 -45.6982 -45.6982 -45.6982
0.98 -52.5095 -52.5095 -52.5095 -52.5095 -52.5095 -52.5095 -52.5095 -52.5095 -52.5095
1 -50.5962 -50.5962 -50.5962 -50.5962 -50.5962 -50.5962 -50.5962 -50.5962 -50.5962
1.02 -47.3462 -47.3462 -47.3462 -47.3462 -47.3462 -47.3462 -47.3462 -47.3462 -47.3462
1.04 -42.423 -42.423 -42.423 -42.423 -42.423 -42.423 -42.423 -42.423 -42.423
1.06 -26.9162 -26.9162 -26.9162 -26.9162 -26.9162 -26.9162 -26.9162 -26.9162 -26.9162
1.08 3.01757 3.01757 3.01757 3.01757 3.01757 3.01757 3.01757 3.01757 3.01757
1.1 39.1659 39.1659 39.1659 39.1659 39.1659 39.1659 39.1659 39.1659 39.1659
1.12 70.8289 70.8289 70.8289 70.8289 70.8289 70.8289 70.8289 70.8289 70.8289
1.14 95.1407 95.1407 95.1407 95.1407 95.1407 95.1407 95.1407 95.1407 95.1407
1.16 113.407 113.407 113.407 113.407 113.407 113.407 113.407 113.407 113.407
1.18 121.394 121.394 121.394 121.394 121.394 121.394 121.394 121.394 121.394
1.2 112.262 112.262 112.262 112.262 112.262 112.262 112.262 112.262 112.262
1.22 91.0942 91.0942 91.0942 91.0942 91.0942 91.0942 91.0942 91.0942 91.0942
1.24 75.3859 75.3859 75.3859 75.3859 75.3859 75.3859 75.3859 75.3859 75.3859
1.26 75.039 75.039 75.039 75.039 75.039 75.039 75.039 75.039 75.039
1.28 79.817 79.817 79.817 79.817 79.817 79.817 79.817 79.817 79.817
1.3 78.0077 78.0077 78.0077 78.0077 78.0077 78.0077 78.0077 78.0077 78.0077
1.32 78.8334 78.8334 78.8334 78.8334 78.8334 78.8334 78.8334 78.8334 78.8334
1.34 98.7119 98.7119 98.7119 98.7119 98.7119 98.7119 98.7119 98.7119 98.7119
1.36 129.379 129.379 129.379 129.379 129.379 129.379 129.379 129.379 129.379
1.38 141.438 141.438 141.438 141.438 141.438 141.438 141.438 141.438 141.438
1.4 124.074 124.074 124.074 124.074 124.074 124.074 124.074 124.074 124.074
1.42 97.3246 97.3246 97.3246 97.3246 97.3246 97.3246 97.3246 97.3246 97.3246
1.44 76.3016 76.3016 76.3016 76.3016 76.3016 76.3016 76.3016 76.3016 76.3016
1.46 48.0128 48.0128 48.0128 48.0128 48.0128 48.0128 48.0128 48.0128 48.0128
1.48 0.00147578 0.00147578 0.00147578 0.00147578 0.00147578 0.00147578 0.00147578 0.00147578 0.00147578
1.5 -49.674 -49.674 -49.674 -49.674 -49.674 -49.674 -49.674 -49.674 -49.674
1.52 -75.098 -75.098 -75.098 -75.098 -75.098 -75.098 -75.098 -75.098 -75.098
1.54 -79.9883 -79.9883 -79.9883 -79.9883 -79.9883 -79.9883 -79.9883 -79.9883 -79.9883
1.56 -85.6071 -85.6071 -85.6071 -85.6071 -85.6071 -85.6071 -85.6071 -85.6071 -85.6071
1.58 -89.2625 -89.2625 -89.2625 -89.2625 -89.2625 -89.2625 -89.2625 -89.2625 -89.2625
1.6 -67.649 -67.649 -67.649 -67.649 -67.649 -67.649 -67.649 -67.649 -67.649
1.62 -22.0626 -22.0626 -22.0626 -22.0626 -22.0626 -22.0626 -22.0626 -22.0626 -22.0626
1.64 13.8484 13.8484 13.8484 13.8484 13.8484 13.8484 13.8484 13.8484 13.8484
1.66 19.8576 19.8576 19.8576 19.8576 19.8576 19.8576 19.8576 19.8576 19.8576
1.68 13.3247 13.3247 13.3247 13.3247 13.3247 13.3247 13.3247 13.3247 13.3247
1.7 12.8159 12.8159 12.8159 12.8159 12.8159 12.8159 12.8159 12.8159 12.8159
1.72 4.76899 4.76899 4.76899 4.76899 4.76899 4.76899 4.76899 4.76899 4.76899
1.74 -29.1132 -29.1132 -29.1132 -29.1132 -29.1132 -29.1132 -29.1132 -29.1132 -29.1132
1.76 -70.485 -70.485 -70.485 -70.485 -70.485 -70.485 -70.485 -70.485 -70.485
1.78 -82.6999 -82.6999 -82.6999 -82.6999 -82.6999 -82.6999 -82.6999 -82.6999 -82.6999
1.8 -62.5124 -62.5124 -62.5124 -62.5124 -62.5124 -62.5124 -62.5124 -62.5124 -62.5124
1.82 -39.5924 -39.5924 -39.5924 -39.5924 -39.5924 -39.5924 -39.5924 -39.5924 -39.5924
1.84 -23.5982 -23.5982 -23.5982 -23.5982 -23.5982 -23.5982 -23.5982 -23.5982 -23.5982
1.86 12.7746 12.7746 12.7746 12.7746 12.7746 12.7746 12.7746 12.7746 12.7746
1.88 84.9381 84.9381 84.9381 84.9381 84.9381 84.9381 84.9381 84.9381 84.9381
1.9 162.617 162.617 162.617 162.617 162.617 162.617 162.617 162.617 162.617
1.92 205.511 205.511 205.511 205.511 205.511 205.511 205.511 205.511 205.511
1.94 208.97 208.97 208.97 208.97 208.97 208.97 208.97 208.97 208.97
1.96 191.24 191.24 191.24 191.24 191.24 191.24 191.24 191.24 191.24
1.98 153.452 153.452 153.452 153.452 153.452 153.452 153.452 153.452 153.452
2 85.8266 85.8266 85.8266 85.8266 85.8266 85.8266 85.8266 85.8266 85.8266
2.02 6.10964 6.10964 6.10964 6.10964 6.10964 6.10964 6.10964 6.10964 6.10964
2.04 -44.4247 -44.4247 -44.4247 -44.4247 -44.4247 -44.4247 -44.4247 -44.4247 -44.4247
2.06 -50.3496 -50.3496 -50.3496 -50.3496 -50.3496 -50.3496 -50.3496 -50.3496 -50.3496
2.08 -38.915 -38.915 -38.915 -38.915 -38.915 -38.915 -38.915 -38.915 -38.915
2.1 -35.102 -35.102 -35.102 -35.102 -35.102 -35.102 -35.102 -35.102 -35.102
2.12 -26.976 -26.976 -26.976 -26.976 -26.976 -26.976 -26.976 -26.976 -26.976
2.14 7.2887 7.2887 7.2887 7.2887 7.2887 7.2887 7.2887 7.2887 7.2887
2.16 59.0718 59.0718 59.0718 59.0718 59.0718 59.0718 59.0718 59.0718 59.0718
2.18 98.4907 98.4907 98.4907 98.4907 98.4907 98.4907 98.4907 98.4907 98.4907
2.2 110.058 110.058 110.058 110.058 110.058 110.058 110.058 110.058 110.058
2.22 97.7944 97.7944 97.7944 97.7944 97.7944 97.7944 97.7944 97.7944 97.7944
2.24 62.062 62.062 62.062 62.062 62.062 62.062 62.062 62.062 62.062
2.26 -3.64112 -3.64112 -3.64112 -3.64112 -3.64112 -3.64112 -3.64112 -3.64112 -3.64112
2.28 -88.3505 -88.3505 -88.3505 -88.3505 -88.3505 -88.3505 -88.3505 -88.3505 -88.3505
2.3 -155.54 -155.54 -155.54 -155.54 -155.54 -155.54 -155.54 -155.54 -155.54
2.32 -170.587 -170.587 -170.587 -170.587 -170.587 -170.587 -170.587 -170.587 -170.587
2.34 -132.572 -132.572 -132.572 -132.572 -132.572 -132.572 -132.572 -132.572 -132.572
2.36 -69.8708 -69.8708 -69.8708 -69.8708 -69.8708 -69.8708 -69.8708 -69.8708 -69.8708
2.38 -9.86558 -9.86558 -9.86558 -9.86558 -9.86558 -9.86558 -9.86558 -9.86558 -9.86558
2.4 34.7574 34.7574 34.7574 34.7574 34.7574 34.7574 34.7574 34.7574 34.7574
2.42 56.964 56.964 56.964 56.964 56.964 56.964 56.964 56.964 56.964
2.44 48.8819 48.8819 48.8819 48.8819 48.8819 48.8819 48.8819 48.8819 48.8819
2.46 9.73887 9.73887 9.73887 9.73887 9.73887 9.73887 9.73887 9.73887 9.73887
2.48 -43.4729 -43.4729 -43.4729 -43.4729 -43.4729 -43.4729 -43.4729 -43.4729 -43.4729
2.5 -85.7781 -85.7781 -85.7781 -85.7781 -85.7781 -85.7781 -85.7781 -85.7781 -85.7781
2.52 -108.635 -108.635 -108.635 -108.635 -108.635 -108.635 -108.635 -108.635 -108.635
2.54 -127.023 -127.023 -127.023 -127.023 -127.023 -127.023 -127.023 -127.023 -127.023
2.56 -156.132 -156.132 -156.132 -156.132 -156.132 -156.132 -156.132 -156.132 -156.132
2.58 -185.712 -185.712 -185.712 -185.712 -185.712 -185.712 -185.712 -185.712 -185.712
2.6 -184.641 -184.641 -184.641 -184.641 -184.641 -184.641 -184.641 -184.641 -184.641
2.62 -126.564 -126.564 -126.564 -126.564 -126.564 -126.564 -126.564 -126.564 -126.564
2.64 -7.97356 -7.97356 -7.97356 -7.97356 -7.97356 -7.97356 -7.97356 -7.97356 -7.97356
2.66 149.795 149.795 149.795 149.795 149.795 149.795 149.795 149.795 149.795
2.68 304.208 304.208 304.208 304.208 304.208 304.208 304.208 304.208 304.208
2.7 402.152 402.152 402.152 402.152 402.152 402.152 402.152 402.152 402.152
2.72 401.989 401.989 401.989 401.989 401.989 401.989 401.989 401.989 401.989
2.74 301.1 301.1 301.1 301.1 301.1 301.1 301.1 301.1 301.1
2.76 145.716 145.716 145.716 145.716 145.716 145.716 145.716 145.716 145.716
2.78 5.70556 5.70556 5.70556 5.70556 5.70556 5.70556 5.70556 5.70556 5.70556
2.8 -68.8259 -68.8259 -68.8259 -68.8259 -68.8259 -68.8259 -68.8259 -68.8259 -68.8259
2.82 -74.906 -74.906 -74.906 -74.906 -74.906 -74.906 -74.906 -74.906 -74.906
2.84 -44.5553 -44.5553 -44.5553 -44.5553 -44.5553 -44.5553 -44.5553 -44.5553 -44.5553
2.86 -9.42813 -9.42813 -9.42813 -9.42813 -9.42813 -9.42813 -9.42813 -9.42813 -9.42813
2.88 22.5998 22.5998 22.5998 22.5998 22.5998 22.5998 22.5998 22.5998 22.5998
2.9 63.8861 63.8861 63.8861 63.8861 63.8861 63.8861 63.8861 63.8861 63.8861
2.92 126.43 126.43 126.43 126.43 126.43 126.43 126.43 126.43 126.43
2.94 205.02 205.02 205.02 205.02 205.02 205.02 205.02 205.02 205.02
2.96 276.539 276.539 276.539 276.539 276.539 276.539 276.539 276.539 276.539
2.98 311.14 311.14 311.14 311.14 311.14 311.14 311.14 311.14 311.14
3 282.776 282.776 282.776 282.776 282.776 282.776 282.776 282.776 282.776
3.02 180.205 180.205 180.205 180.205 180.205 180.205 180.205 180.205 180.205
3.04 23.6545 23.6545 23.6545 23.6545 23.6545 23.6545 23.6545 23.6545 23.6545
3.06 -129.822 -129.822 -129.822 -129.822 -129.822 -129.822 -129.822 -129.822 -129.822
3.08 -214.808 -214.808 -214.808 -214.808 -214.808 -214.808 -214.808 -214.808 -214.808
3.1 -203.598 -203.598 -203.598 -203.598 -203.598 -203.598 -203.598 -203.598 -203.598
3.12 -121.385 -121.385 -121.385 -121.385 -121.385 -121.385 -121.385 -121.385 -121.385
3.14 -22.4162 -22.4162 -22.4162 -22.4162 -22.4162 -22.4162 -22.4162 -22.4162 -22.4162
3.16 39.6901 39.6901 39.6901 39.6901 39.6901 39.6901 39.6901 39.6901 39.6901
3.18 27.3353 27.3353 27.3353 27.3353 27.3353 27.3353 27.3353 27.3353 27.3353
3.2 -75.4476 -75.4476 -75.4476 -75.4476 -75.4476 -75.4476 -75.4476 -75.4476 -75.4476
3.22 -267.89 -267.89 -267.89 -267.89 -267.89 -267.89 -267.89 -267.89 -267.89
3.24 -505.845 -505.845 -505.845 -505.845 -505.845 -505.845 -505.845 -505.845 -505.845
3.25 -604.149 -604.149 -604.149 -604.149 -604.149 -604.149 -604.149 -604.149 -604.149
3.26 -658.171 -658.171 -658.171 -658.171 -658.171 -658.171 -658.171 -658.171 -658.171
3.27 -672.425 -672.425 -672.425 -672.425 -672.425 -672.425 -672.425 -672.425 -672.425
3.28 -648.341 -648.341 -648.341 -648.341 -648.341 -648.341 -648.341 -648.341 -648.341
3.29 -592.702 -592.702 -592.702 -592.702 -592.702 -592.702 -592.702 -592.702 -592.702
3.3 -518.497 -518.497 -518.497 -518.497 -518.497 -518.497 -518.497 -518.497 -518.497
3.31 -441.122 -441.122 -441.122 -441.122 -441.122 -441.122 -441.122 -441.122 -441.122
3.32 -379.107 -379.107 -379.107 -379.107 -379.107 -379.107 -379.107 -379.107 -379.107
3.33 -359.238 -359.238 -359.238 -359.238 -359.238 -359.238 -359.238 -359.238 -359.238
3.34 -351.548 -351.548 -351.548 -351.548 -351.548 -351.548 -351.548 -351.548 -351.548
3.35 -348.295 -348.295 -348.295 -348.295 -348.295 -348.295 -348.295 -348.295 -348.295
3.36 -346.28 -346.28 -346.28 -346.28 -346.28 -346.28 -346.28 -346.28 -346.28
3.37 -353.751 -353.751 -353.751 -353.751 -353.751 -353.751 -353.751 -353.751 -353.751
3.38 -365.556 -365.556 -365.556 -365.556 -365.556 -365.556 -365.556 -365.556 -365.556
3.39 -384.317 -384.317 -384.317 -384.317 -384.317 -384.317 -384.317 -384.317 -384.317
3.4 -407.613 -407.613 -407.613 -407.613 -407.613 -407.613 -407.613 -407.613 -407.613
3.41 -450.988 -450.988 -450.988 -450.988 -450.988 -450.988 -450.988 -450.988 -450.988
3.42 -491.745 -491.745 -491.745 -491.745 -491.745 -491.745 -491.745 -491.745 -491.745
3.43 -517.323 -517.323 -517.323 -517.323 -517.323 -517.323 -517.323 -517.323 -517.323
3.44 -504.16 -504.16 -504.16 -504.16 -504.16 -504.16 -504.16 -504.16 -504.16
3.45 -451.974 -451.974 -451.974 -451.974 -451.974 -451.974 -451.974 -451.974 -451.974
3.46 -400.482 -400.482 -400.482 -400.482 -400.482 -400.482 -400.482 -400.482 -400.482
3.47 -343.642 -343.642 -343.642 -343.642 -343.642 -343.642 -343.642 -343.642 -343.642
3.48 -279.192 -279.192 -279.192 -279.192 -279.192 -279.192 -279.192 -279.192 -279.192
3.49 -205.662 -205.662 -205.662 -205.662 -205.662 -205.662 -205.662 -205.662 -205.662
3.5 -136.425 -136.425 -136.425 -136.425 -136.425 -136.425 -136.425 -136.425 -136.425
3.51 -74.3433 -74.3433 -74.3433 -74.3433 -74.3433 -74.3433 -74.3433 -74.3433 -74.3433
3.52 -26.1015 -26.1015 -26.1015 -26.1015 -26.1015 -26.1015 -26.1015 -26.1015 -26.1015
3.53 3.17329 3.17329 3.17329 3.17329 3.17329 3.17329 3.17329 3.17329 3.17329
3.54 7.32376 7.32376 7.32376 7.32376 7.32376 7.32376 7.32376 7.32376 7.32376
3.55 -17.5921 -17.5921 -17.5921 -17.5921 -17.5921 -17.5921 -17.5921 -17.5921 -17.5921
3.56 -74.5591 -74.5591 -74.5591 -74.5591 -74.5591 -74.5591 -74.5591 -74.5591 -74.5591
3.57 -163.8 -163.8 -163.8 -163.8 -163.8 -163.8 -163.8 -163.8 -163.8
3.58 -329.711 -329.711 -329.711 -329.711 -329.711 -329.711 -329.711 -329.711 -329.711
3.59 -529.474 -529.474 -529.474 -529.474 -529.474 -529.474 -529.474 -529.474 -529.474
3.6 -724.277 -724.277 -724.277 -724.277 -724.277 -724.277 -724.277 -724.277 -724.277
3.61 -850.453 -850.453 -850.453 -850.453 -850.453 -850.453 -850.453 -850.453 -850.453
3.62 -898.823 -898.823 -898.823 -898.823 -898.823 -898.823 -898.823 -898.823 -898.823
3.63 -845.523 -845.523 -845.523 -845.523 -845.523 -845.523 -845.523 -845.523 -845.523
3.64 -713.157 -713.157 -713.157 -713.157 -713.157 -713.157 -713.157 -713.157 -713.157
3.65 -504.645 -504.645 -504.645 -504.645 -504.645 -504.645 -504.645 -504.645 -504.645
3.66 -253.425 -253.425 -253.425 -253.425 -253.425 -253.425 -253.425 -253.425 -253.425
3.67 33.8951 33.8951 33.8951 33.8951 33.8951 33.8951 33.8951 33.8951 33.8951
3.68 335.506 335.506 335.506 335.506 335.506 335.506 335.506 335.506 335.506
3.69 645.034 645.034 645.034 645.034 645.034 645.034 645.034 645.034 645.034
3.7 869.933 869.933 869.933 869.933 869.933 869.933 869.933 869.933 869.933
3.71 1070.6 1070.6 1070.6 1070.6 1070.6 1070.6 1070.6 1070.6 1070.6
3.72 1156.69 1156.69 1156.69 1156.69 1156.69 1156.69 1156.69 1156.69 1156.69
3.73 1134.51 1134.51 1134.51 1134.51 1134.51 1134.51 1134.51 1134.51 1134.51
3.74 1070.38 1070.38 1070.38 1070.38 1070.38 1070.38 1070.38 1070.38 1070.38
3.75 976.531 976.531 976.531 976.531 976.531 976.531 976.531 976.531 976.531
3.76 853.224 853.224 853.224 853.224 853.224 853.224 853.224 853.224 853.224
3.77 716.368 716.368 716.368 716.368 716.368 716.368 716.368 716.368 716.368
3.78 582.328 582.328 582.328 582.328 582.328 582.328 582.328 582.328 582.328
3.79 546.401 546.401 546.401 546.401 546.401 546.401 546.401 546.401 546.401
3.8 544.907 544.907 544.907 544.907 544.907 544.907 544.907 544.907 544.907
3.81 539.235 539.235 539.235 539.235 539.235 539.235 539.235 539.235 539.235
3.82 533.87 533.87 533.87 533.87 533.87 533.87 533.87 533.87 533.87
3.83 534.652 534.652 534.652 534.652 534.652 534.652 534.652 534.652 534.652
3.84 539.242 539.242 539.242 539.242 539.242 539.242 539.242 539.242 539.242
3.85 563.128 563.128 563.128 563.128 563.128 563.128 563.128 563.128 563.128
3.86 586.385 586.385 586.385 586.385 586.385 586.385 586.385 586.385 586.385
3.87 611.391 611.391 611.391 611.391 611.391 611.391 611.391 611.391 611.391
3.88 619.634 619.634 619.634 619.634 619.634 619.634 619.634 619.634 619.634
3.89 622.938 622.938 622.938 622.938 622.938 622.938 622.938 622.938 622.938
3.9 614.602 614.602 614.602 614.602 614.602 614.602 614.602 614.602 614.602
3.91 614.262 614.262 614.262 614.262 614.262 614.262 614.262 614.262 614.262
3.92 618.076 618.076 618.076 618.076 618.076 618.076 618.076 618.076 618.076
3.93 632.436 632.436 632.436 632.436 632.436 632.436 632.436 632.436 632.436
3.94 642.377 642.377 642.377 642.377 642.377 642.377 642.377 642.377 642.377
3.95 655.266 655.266 655.266 655.266 655.266 655.266 655.266 655.266 655.266
3.96 657.224 657.224 657.224 657.224 657.224 657.224 657.224 657.224 657.224
3.97 656.945 656.945 656.945 656.945 656.945 656.945 656.945 656.945 656.945
3.98 641.593 641.593 641.593 641.593 641.593 641.593 641.593 641.593 641.593
3.99 629.289 629.289 629.289 629.289 629.289 629.289 629.289 629.289 629.289
4 604.404 604.404 604.404 604.404 604.404 604.404 604.404 604.404 604.404
4.01 582.738 582.738 582.738 582.738 582.738 582.738 582.738 582.738 582.738
4.02 558.734 558.734 558.734 558.734 558.734 558.734 558.734 558.734 558.734
4.03 555.73 555.73 555.73 555.73 555.73 555.73 555.73 555.73 555.73
4.04 557.369 557.369 557.369 557.369 557.369 557.369 557.369 557.369 557.369
4.05 561.262 561.262 561.262 561.262 561.262 561.262 561.262 561.262 561.262
4.06 535 535 535 535 535 535 535 535 535
4.07 471.403 471.403 471.403 471.403 471.403 471.403 471.403 471.403 471.403
4.08 347.375 347.375 347.375 347.375 347.375 347.375 347.375 347.375 347.375
4.09 177.145 177.145 177.145 177.145 177.145 177.145 177.145 177.145 177.145
4.1 -41.3498 -41.3498 -41.3498 -41.3498 -41.3498 -41.3498 -41.3498 -41.3498 -41.3498
4.11 -278.365 -278.365 -278.365 -278.365 -278.365 -278.365 -278.365 -278.365 -278.365
4.12 -489.365 -489.365 -489.365 -489.365 -489.365 -489.365 -489.365 -489.365 -489.365
4.13 -628.976 -628.976 -628.976 -628.976 -628.976 -628.976 -628.976 -628.976 -628.976
4.14 -739.671 -739.671 -739.671 -739.671 -739.671 -739.671 -739.671 -739.671 -739.671
4.15 -805.711 -805.711 -805.711 -805.711 -805.711 -805.711 -805.711 -805.711 -805.711
4.16 -836.444 -836.444 -836.444 -836.444 -836.444 -836.444 -836.444 -836.444 -836.444
4.17 -828.746 -828.746 -828.746 -828.746 -828.746 -828.746 -828.746 -828.746 -828.746
4.18 -799.144 -799.144 -799.144 -799.144 -799.144 -799.144 -799.144 -799.144 -799.144
4.19 -741.449 -741.449 -741.449 -741.449 -741.449 -741.449 -741.449 -741.449 -741.449
4.2 -667.128 -667.128 -667.128 -667.128 -667.128 -667.128 -667.128 -667.128 -667.128
4.21 -578.514 -578.514 -578.514 -578.514 -578.514 -578.514 -578.514 -578.514 -578.514
4.22 -496.249 -496.249 -496.249 -496.249 -496.249 -496.249 -496.249 -496.249 -496.249
4.23 -429.319 -429.319 -429.319 -429.319 -429.319 -429.319 -429.319 -429.319 -429.319
4.24 -400.903 -400.903 -400.903 -400.903 -400.903 -400.903 -400.903 -400.903 -400.903
4.25 -407.364 -407.364 -407.364 -407.364 -407.364 -407.364 -407.364 -407.364 -407.364
4.26 -466.19 -466.19 -466.19 -466.19 -466.19 -466.19 -466.19 -466.19 -466.19
4.27 -549.709 -549.709 -549.709 -549.709 -549.709 -549.709 -549.709 -549.709 -549.709
4.28 -645.031 -645.031 -645.031 -645.031 -645.031 -645.031 -645.031 -645.031 -645.031
4.29 -707.382 -707.382 -707.382 -707.382 -707.382 -707.382 -707.382 -707.382 -707.382
4.3 -735.901 -735.901 -735.901 -735.901 -735.901 -735.901 -735.901 -735.901 -735.901
4.31 -720.957 -720.957 -720.957 -720.957 -720.957 -720.957 -720.957 -720.957 -720.957
4.32 -665.271 -665.271 -665.271 -665.271 -665.271 -665.271 -665.271 -665.271 -665.271
4.33 -571.789 -571.789 -571.789 -571.789 -571.789 -571.789 -571.789 -571.789 -571.789
4.34 -460.767 -460.767 -460.767 -460.767 -460.767 -460.767 -460.767 -460.767 -460.767
4.35 -335.513 -335.513 -335.513 -335.513 -335.513 -335.513 -335.513 -335.513 -335.513
4.36 -211.778 -211.778 -211.778 -211.778 -211.778 -211.778 -211.778 -211.778 -211.778
4.37 -89.1144 -89.1144 -89.1144 -89.1144 -89.1144 -89.1144 -89.1144 -89.1144 -89.1144
4.38 19.9611 19.9611 19.9611 19.9611 19.9611 19.9611 19.9611 19.9611 19.9611
4.39 118.343 118.343 118.343 118.343 118.343 118.343 118.343 118.343 118.343
4.4 188.892 188.892 188.892 188.892 188.892 188.892 188.892 188.892 188.892
4.41 226.454 226.454 226.454 226.454 226.454 226.454 226.454 226.454 226.454
4.42 219.084 219.084 219.084 219.084 219.084 219.084 219.084 219.084 219.084
4.43 174.202 174.202 174.202 174.202 174.202 174.202 174.202 174.202 174.202
4.44 97.6528 97.6528 97.6528 97.6528 97.6528 97.6528 97.6528 97.6528 97.6528
4.45 14.0079 14.0079 14.0079 14.0079 14.0079 14.0079 14.0079 14.0079 14.0079
4.46 -61.9516 -61.9516 -61.9516 -61.9516 -61.9516 -61.9516 -61.9516 -61.9516 -61.9516
4.47 -107.89 -107.89 -107.89 -107.89 -107.89 -107.89 -107.89 -107.89 -107.89
4.48 -126.87 -126.87 -126.87 -126.87 -126.87 -126.87 -126.87 -126.87 -126.87
4.49 -118.264 -118.264 -118.264 -118.264 -118.264 -118.264 -118.264 -118.264 -118.264
4.5 -104.504 -104.504 -104.504 -104.504 -104.504 -104.504 -104.504 -104.504 -104.504
4.51 -100.666 -100.666 -100.666 -100.666 -100.666 -100.666 -100.666 -100.666 -100.666
4.52 -121.407 -121.407 -121.407 -121.407 -121.407 -121.407 -121.407 -121.407 -121.407
4.53 -164.786 -164.786 -164.786 -164.786 -164.786 -164.786 -164.786 -164.786 -164.786
4.54 -230.021 -230.021 -230.021 -230.021 -230.021 -230.021 -230.021 -230.021 -230.021
4.55 -302.424 -302.424 -302.424 -302.424 -302.424 -302.424 -302.424 -302.424 -302.424
4.56 -380.338 -380.338 -380.338 -380.338 -380.338 -380.338 -380.338 -380.338 -380.338
4.57 -454.287 -454.287 -454.287 -454.287 -454.287 -454.287 -454.287 -454.287 -454.287
4.58 -527.274 -527.274 -527.274 -527.274 -527.274 -527.274 -527.274 -527.274 -527.274
4.59 -590.32 -590.32 -590.32 -590.32 -590.32 -590.32 -590.32 -590.32 -590.32
4.6 -636.973 -636.973 -636.973 -636.973 -636.973 -636.973 -636.973 -636.973 -636.973
4.61 -643.979 -643.979 -643.979 -643.979 -643.979 -643.979 -643.979 -643.979 -643.979
4.62 -596.497 -596.497 -596.497 -596.497 -596.497 -596.497 -596.497 -596.497 -596.497
4.63 -478.92 -478.92 -478.92 -478.92 -478.92 -478.92 -478.92 -478.92 -478.92
4.64 -300.925 -300.925 -300.925 -300.925 -300.925 -300.925 -300.925 -300.925 -300.925
4.65 -85.4738 -85.4738 -85.4738 -85.4738 -85.4738 -85.4738 -85.4738 -85.4738 -85.4738
4.66 126.18 126.18 126.18 126.18 126.18 126.18 126.18 126.18 126.18
4.67 304.532 304.532 304.532 304.532 304.532 304.532 304.532 304.532 304.532
4.68 417.644 417.644 417.644 417.644 417.644 417.644 417.644 417.644 417.644
4.69 457.407 457.407 457.407 457.407 457.407 457.407 457.407 457.407 457.407
4.7 428.316 428.316 428.316 428.316 428.316 428.316 428.316 428.316 428.316
4.71 352.897 352.897 352.897 352.897 352.897 352.897 352.897 352.897 352.897
4.72 252.294 252.294 252.294 252.294 252.294 252.294 252.294 252.294 252.294
4.73 151.303 151.303 151.303 151.303 151.303 151.303 151.303 151.303 151.303
4.74 61.8845 61.8845 61.8845 61.8845 61.8845 61.8845 61.8845 61.8845 61.8845
4.75 -5.02559 -5.02559 -5.02559 -5.02559 -5.02559 -5.02559 -5.02559 -5.02559 -5.02559
4.76 -49.2958 -49.2958 -49.2958 -49.2958 -49.2958 -49.2958 -49.2958 -49.2958 -49.2958
4.77 -68.0762 -68.0762 -68.0762 -68.0762 -68.0762 -68.0762 -68.0762 -68.0762 -68.0762
4.78 -67.7569 -67.7569 -67.7569 -67.7569 -67.7569 -67.7569 -67.7569 -67.7569 -67.7569
4.79 -51.7995 -51.7995 -51.7995 -51.7995 -51.7995 -51.7995 -51.7995 -51.7995 -51.7995
4.8 -30.5785 -30.5785 -30.5785 -30.5785 -30.5785 -30.5785 -30.5785 -30.5785 -30.5785
4.81 -7.09002 -7.09002 -7.09002 -7.09002 -7.09002 -7.09002 -7.09002 -7.09002 -7.09002
4.82 14.653 14.653 14.653 14.653 14.653 14.653 14.653 14.653 14.653
4.83 44.2681 44.2681 44.2681 44.2681 44.2681 44.2681 44.2681 44.2681 44.2681
4.84 90.2213 90.2213 90.2213 90.2213 90.2213 90.2213 90.2213 90.2213 90.2213
4.85 165.495 165.495 165.495 165.495 165.495 165.495 165.495 165.495 165.495
4.86 269.058 269.058 269.058 269.058 269.058 269.058 269.058 269.058 269.058
4.87 397.922 397.922 397.922 397.922 397.922 397.922 397.922 397.922 397.922
4.88 535.074 535.074 535.074 535.074 535.074 535.074 535.074 535.074 535.074
4.89 661.27 661.27 661.27 661.27 661.27 661.27 661.27 661.27 661.27
4.9 753.997 753.997 753.997 753.997 753.997 753.997 753.997 753.997 753.997
4.91 800.314 800.314 800.314 800.314 800.314 800.314 800.314 800.314 800.314
4.92 793.127 793.127 793.127 793.127 793.127 793.127 793.127 793.127 793.127
4.93 735.455 735.455 735.455 735.455 735.455 735.455 735.455 735.455 735.455
4.94 630.632 630.632 630.632 630.632 630.632 630.632 630.632 630.632 630.632
4.95 485.075 485.075 485.075 485.075 485.075 485.075 485.075 485.075 485.075
4.96 302.218 302.218 302.218 302.218 302.218 302.218 302.218 302.218 302.218
4.97 91.6885 91.6885 91.6885 91.6885 91.6885 91.6885 91.6885 91.6885 91.6885
4.98 -131.856 -131.856 -131.856 -131.856 -131.856 -131.856 -131.856 -131.856 -131.856
4.99 -358.061 -358.061 -358.061 -358.061 -358.061 -358.061 -358.061 -358.061 -358.061
5 -565.559 -565.559 -565.559 -565.559 -565.559 -565.559 -565.559 -565.559 -565.559
5.01 -731.509 -731.509 -731.509 -731.509 -731.509 -731.509 -731.509 -731.509 -731.509
5.02 -837.768 -837.768 -837.768 -837.768 -837.768 -837.768 -837.768 -837.768 -837.768
5.03 -859.55 -859.55 -859.55 -859.55 -859.55 -859.55 -859.55 -859.55 -859.55
5.04 -839.602 -839.602 -839.602 -839.602 -839.602 -839.602 -839.602 -839.602 -839.602
5.05 -752.587 -752.587 -752.587 -752.587 -752.587 -752.587 -752.587 -752.587 -752.587
5.06 -620.221 -620.221 -620.221 -620.221 -620.221 -620.221 -620.221 -620.221 -620.221
5.07 -438.526 -438.526 -438.526 -438.526 -438.526 -438.526 -438.526 -438.526 -438.526
5.08 -232.616 -232.616 -232.616 -232.616 -232.616 -232.616 -232.616 -232.616 -232.616
5.09 -12.0795 -12.0795 -12.0795 -12.0795 -12.0795 -12.0795 -12.0795 -12.0795 -12.0795
5.1 214.34 214.34 214.34 214.34 214.34 214.34 214.34 214.34 214.34
5.11 451.027 451.027 451.027 451.027 451.027 451.027 451.027 451.027 451.027
5.12 692.8 692.8 692.8 692.8 692.8 692.8 692.8 692.8 692.8
5.13 872.624 872.624 872.624 872.624 872.624 872.624 872.624 872.624 872.624
5.14 993.204 993.204 993.204 993.204 993.204 993.204 993.204 993.204 993.204
5.15 1057.8 1057.8 1057.8 1057.8 1057.8 1057.8 1057.8 1057.8 1057.8
5.16 1086.72 1086.72 1086.72 1086.72 1086.72 1086.72 1086.72 1086.72 1086.72
5.17 1090.89 1090.89 1090.89 1090.89 1090.89 1090.89 1090.89 1090.89 1090.89
5.18 1042 1042 1042 1042 1042 1042 1042 1042 1042
5.19 941.671 941.671 941.671 941.671 941.671 941.671 941.671 941.671 941.671
5.2 793.428 793.428 793.428 793.428 793.428 793.428 793.428 793.428 793.428
5.21 598.846 598.846 598.846 598.846 598.846 598.846 598.846 598.846 598.846
5.22 364.432 364.432 364.432 364.432 364.432 364.432 364.432 364.432 364.432
5.23 111.327 111.327 111.327 111.327 111.327 111.327 111.327 111.327 111.327
5.24 -125.411 -125.411 -125.411 -125.411 -125.411 -125.411 -125.411 -125.411 -125.411
5.25 -306.174 -306.174 -306.174 -306.174 -306.174 -306.174 -306.174 -306.174 -306.174
5.26 -432.425 -432.425 -432.425 -432.425 -432.425 -432.425 -432.425 -432.425 -432.425
5.27 -517.009 -517.009 -517.009 -517.009 -517.009 -517.009 -517.009 -517.009 -517.009
5.28 -521.847 -521.847 -521.847 -521.847 -521.847 -521.847 -521.847 -521.847 -521.847
5.29 -547.46 -547.46 -547.46 -547.46 -547.46 -547.46 -547.46 -547.46 -547.46
5.3 -629.739 -629.739 -629.739 -629.739 -629.739 -629.739 -629.739 -629.739 -629.739
5.31 -731.115 -731.115 -731.115 -731.115 -731.115 -731.115 -731.115 -731.115 -731.115
5.32 -811.936 -811.936 -811.936 -811.936 -811.936 -811.936 -811.936 -811.936 -811.936
5.33 -876.984 -876.984 -876.984 -876.984 -876.984 -876.984 -876.984 -876.984 -876.984
5.34 -931.402 -931.402 -931.402 -931.402 -931.402 -931.402 -931.402 -931.402 -931.402
5.35 -962.443 -962.443 -962.443 -962.443 -962.443 -962.443 -962.443 -962.443 -962.443
5.36 -920.746 -920.746 -920.746 -920.746 -920.746 -920.746 -920.746 -920.746 -920.746
5.37 -795.396 -795.396 -795.396 -795.396 -795.396 -795.396 -795.396 -795.396 -795.396
5.38 -592.974 -592.974 -592.974 -592.974 -592.974 -592.974 -592.974 -592.974 -592.974
5.39 -347.825 -347.825 -347.825 -347.825 -347.825 -347.825 -347.825 -347.825 -347.825
5.4 -86.9411 -86.9411 -86.9411 -86.9411 -86.9411 -86.9411 -86.9411 -86.9411 -86.9411
5.41 156.213 156.213 156.213 156.213 156.213 156.213 156.213 156.213 156.213
5.42 374.953 374.953 374.953 374.953 374.953 374.953 374.953 374.953 374.953
5.43 556.89 556.89 556.89 556.89 556.89 556.89 556.89 556.89 556.89
5.44 683.518 683.518 683.518 683.518 683.518 683.518 683.518 683.518 683.518
5.45 733.696 733.696 733.696 733.696 733.696 733.696 733.696 733.696 733.696
5.46 698.283 698.283 698.283 698.283 698.283 698.283 698.283 698.283 698.283
5.47 584.114 584.114 584.114 584.114 584.114 584.114 584.114 584.114 584.114
5.48 417.145 417.145 417.145 417.145 417.145 417.145 417.145 417.145 417.145
5.49 228.327 228.327 228.327 228.327 228.327 228.327 228.327 228.327 228.327
5.5 52.3794 52.3794 52.3794 52.3794 52.3794 52.3794 52.3794 52.3794 52.3794
5.51 -83.7697 -83.7697 -83.7697 -83.7697 -83.7697 -83.7697 -83.7697 -83.7697 -83.7697
5.52 -176.514 -176.514 -176.514 -176.514 -176.514 -176.514 -176.514 -176.514 -176.514
5.53 -227.467 -227.467 -227.467 -227.467 -227.467 -227.467 -227.467 -227.467 -227.467
5.54 -253.21 -253.21 -253.21 -253.21 -253.21 -253.21 -253.21 -253.21 -253.21
5.55 -258.871 -258.871 -258.871 -258.871 -258.871 -258.871 -258.871 -258.871 -258.871
5.56 -245.08 -245.08 -245.08 -245.08 -245.08 -245.08 -245.08 -245.08 -245.08
5.57 -215.827 -215.827 -215.827 -215.827 -215.827 -215.827 -215.827 -215.827 -215.827
5.58 -187.052 -187.052 -187.052 -187.052 -187.052 -187.052 -187.052 -187.052 -187.052
5.59 -206.187 -206.187 -206.187 -206.187 -206.187 -206.187 -206.187 -206.187 -206.187
5.6 -238.75 -238.75 -238.75 -238.75 -238.75 -238.75 -238.75 -238.75 -238.75
5.61 -283.976 -283.976 -283.976 -283.976 -283.976 -283.976 -283.976 -283.976 -283.976
5.62 -330.915 -330.915 -330.915 -330.915 -330.915 -330.915 -330.915 -330.915 -330.915
5.63 -418.433 -418.433 -418.433 -418.433 -418.433 -418.433 -418.433 -418.433 -418.433
5.64 -524.913 -524.913 -524.913 -524.913 -524.913 -524.913 -524.913 -524.913 -524.913
5.65 -621.447 -621.447 -621.447 -621.447 -621.447 -621.447 -621.447 -621.447 -621.447
5.66 -662.219 -662.219 -662.219 -662.219 -662.219 -662.219 -662.219 -662.219 -662.219
5.67 -635.728 -635.728 -635.728 -635.728 -635.728 -635.728 -635.728 -635.728 -635.728
5.68 -531.936 -531.936 -531.936 -531.936 -531.936 -531.936 -531.936 -531.936 -531.936
5.69 -383.355 -383.355 -383.355 -383.355 -383.355 -383.355 -383.355 -383.355 -383.355
5.7 -211.726 -211.726 -211.726 -211.726 -211.726 -211.726 -211.726 -211.726 -211.726
5.71 -56.3652 -56.3652 -56.3652 -56.3652 -56.3652 -56.3652 -56.3652 -56.3652 -56.3652
5.72 73.5156 73.5156 73.5156 73.5156 73.5156 73.5156 73.5156 73.5156 73.5156
5.73 172.629 172.629 172.629 172.629 172.629 172.629 172.629 172.629 172.629
5.74 258.191 258.191 258.191 258.191 258.191 258.191 258.191 258.191 258.191
5.75 333.837 333.837 333.837 333.837 333.837 333.837 333.837 333.837 333.837
5.76 413.973 413.973 413.973 413.973 413.973 413.973 413.973 413.973 413.973
5.77 493.409 493.409 493.409 493.409 493.409 493.409 493.409 493.409 493.409
5.78 587.952 587.952 587.952 587.952 587.952 587.952 587.952 587.952 587.952
5.79 627.433 627.433 627.433 627.433 627.433 627.433 627.433 627.433 627.433
5.8 638.292 638.292 638.292 638.292 638.292 638.292 638.292 638.292 638.292
5.81 627.452 627.452 627.452 627.452 627.452 627.452 627.452 627.452 627.452
5.82 623.01 623.01 623.01 623.01 623.01 623.01 623.01 623.01 623.01
5.83 625.411 625.411 625.411 625.411 625.411 625.411 625.411 625.411 625.411
5.84 652.355 652.355 652.355 652.355 652.355 652.355 652.355 652.355 652.355
5.85 692.315 692.315 692.315 692.315 692.315 692.315 692.315 692.315 692.315
5.86 752.064 752.064 752.064 752.064 752.064 752.064 752.064 752.064 752.064
5.87 789.385 789.385 789.385 789.385 789.385 789.385 789.385 789.385 789.385
5.88 793.159 793.159 793.159 793.159 793.159 793.159 793.159 793.159 793.159
5.89 747.118 747.118 747.118 747.118 747.118 747.118 747.118 747.118 747.118
5.9 676.058 676.058 676.058 676.058 676.058 676.058 676.058 676.058 676.058
5.91 584.75 584.75 584.75 584.75 584.75 584.75 584.75 584.75 584.75
5.92 491.186 491.186 491.186 491.186 491.186 491.186 491.186 491.186 491.186
5.93 374.663 374.663 374.663 374.663 374.663 374.663 374.663 374.663 374.663
5.94 227.891 227.891 227.891 227.891 227.891 227.891 227.891 227.891 227.891
5.95 31.097 31.097 31.097 31.097 31.097 31.097 31.097 31.097 31.097
5.96 -188.081 -188.081 -188.081 -188.081 -188.081 -188.081 -188.081 -188.081 -188.081
5.97 -407.39 -407.39 -407.39 -407.39 -407.39 -407.39 -407.39 -407.39 -407.39
5.98 -574.413 -574.413 -574.413 -574.413 -574.413 -574.413 -574.413 -574.413 -574.413
5.99 -660.046 -660.046 -660.046 -660.046 -660.046 -660.046 -660.046 -660.046 -660.046
6 -642.75 -642.75 -642.75 -642.75 -642.75 -642.75 -642.75 -642.75 -642.75
6.01 -550.092 -550.092 -550.092 -550.092 -550.092 -550.092 -550.092 -550.092 -550.092
6.02 -416.055 -416.055 -416.055 -416.055 -416.055 -416.055 -416.055 -416.055 -416.055
6.03 -304.76 -304.76 -304.76 -304.76 -304.76 -304.76 -304.76 -304.76 -304.76
6.04 -231.905 -231.905 -231.905 -231.905 -231.905 -231.905 -231.905 -231.905 -231.905
6.05 -206.395 -206.395 -206.395 -206.395 -206.395 -206.395 -206.395 -206.395 -206.395
6.06 -197.11 -197.11 -197.11 -197.11 -197.11 -197.11 -197.11 -197.11 -197.11
6.07 -181.849 -181.849 -181.849 -181.849 -181.849 -181.849 -181.849 -181.849 -181.849
6.08 -136.363 -136.363 -136.363 -136.363 -136.363 -136.363 -136.363 -136.363 -136.363
6.09 -74.4674 -74.4674 -74.4674 -74.4674 -74.4674 -74.4674 -74.4674 -74.4674 -74.4674
6.1 -6.52827 -6.52827 -6.52827 -6.52827 -6.52827 -6.52827 -6.52827 -6.52827 -6.52827
6.11 38.4111 38.4111 38.4111 38.4111 38.4111 38.4111 38.4111 38.4111 38.4111
6.12 53.8759 53.8759 53.8759 53.8759 53.8759 53.8759 53.8759 53.8759 53.8759
6.13 31.4244 31.4244 31.4244 31.4244 31.4244 31.4244 31.4244 31.4244 31.4244
6.14 -8.53756 -8.53756 -8.53756 -8.53756 -8.53756 -8.53756 -8.53756 -8.53756 -8.53756
6.15 -50.883 -50.883 -50.883 -50.883 -50.883 -50.883 -50.883 -50.883 -50.883
6.16 -68.2101 -68.2101 -68.2101 -68.2101 -68.2101 -68.2101 -68.2101 -68.2101 -68.2101
6.17 -57.4494 -57.4494 -57.4494 -57.4494 -57.4494 -57.4494 -57.4494 -57.4494 -57.4494
6.18 -17.3813 -17.3813 -17.3813 -17.3813 -17.3813 -17.3813 -17.3813 -17.3813 -17.3813
6.19 27.5046 27.5046 27.5046 27.5046 27.5046 27.5046 27.5046 27.5046 27.5046
6.2 61.3285 61.3285 61.3285 61.3285 61.3285 61.3285 61.3285 61.3285 61.3285
6.21 62.5866 62.5866 62.5866 62.5866 62.5866 62.5866 62.5866 62.5866 62.5866
6.22 33.7829 33.7829 33.7829 33.7829 33.7829 33.7829 33.7829 33.7829 33.7829
6.23 -22.1114 -22.1114 -22.1114 -22.1114 -22.1114 -22.1114 -22.1114 -22.1114 -22.1114
6.24 -83.5854 -83.5854 -83.5854 -83.5854 -83.5854 -83.5854 -83.5854 -83.5854 -83.5854
6.25 -139.824 -139.824 -139.824 -139.824 -139.824 -139.824 -139.824 -139.824 -139.824
6.26 -173.637 -173.637 -173.637 -173.637 -173.637 -173.637 -173.637 -173.637 -173.637
6.27 -184.411 -184.411 -184.411 -184.411 -184.411 -184.411 -184.411 -184.411 -184.411
6.28 -165.212 -165.212 -165.212 -165.212 -165.212 -165.212 -165.212 -165.212 -165.212
6.29 -121.38 -121.38 -121.38 -121.38 -121.38 -121.38 -121.38 -121.38 -121.38
6.3 -49.4631 -49.4631 -49.4631 -49.4631 -49.4631 -49.4631 -49.4631 -49.4631 -49.4631
6.31 40.5449 40.5449 40.5449 40.5449 40.5449 40.5449 40.5449 40.5449 40.5449
