0.02 -4.25003e-008
0.04 3.24959e-007
0.06 2.14262e-006
0.08 6.3221e-006
0.1 1.35976e-005
0.12 2.40405e-005
0.14 3.73005e-005
0.16 5.24167e-005
0.18 6.71356e-005
0.2 7.91316e-005
0.22 8.65197e-005
0.24 8.67882e-005
0.26 7.81835e-005
0.28 6.21312e-005
0.3 4.07555e-005
0.32 1.5892e-005
0.34 -9.74511e-006
0.36 -3.28012e-005
0.38 -5.12103e-005
0.4 -6.30543e-005
0.42 -6.7623e-005
0.44 -6.80767e-005
0.46 -6.71089e-005
0.48 -6.27448e-005
0.5 -5.24594e-005
0.52 -4.09361e-005
0.54 -2.91481e-005
0.56 -1.20774e-005
0.58 1.35555e-005
0.6 4.37899e-005
0.62 7.83767e-005
0.64 0.000125223
0.66 0.000183127
0.68 0.000248495
0.7 0.000312021
0.72 0.000375284
0.74 0.000443655
0.76 0.000501865
0.78 0.000542364
0.8 0.000568642
0.82 0.000586381
0.84 0.000598966
0.86 0.00060432
0.88 0.000600095
0.9 0.00058674
0.92 0.000568538
0.94 0.000543845
0.96 0.000502494
0.98 0.000433785
1 0.000333693
1.02 0.000207967
1.04 6.21868e-005
1.06 -0.000104347
1.08 -0.00028881
1.1 -0.000476549
1.12 -0.00065333
1.14 -0.000819012
1.16 -0.000973325
1.18 -0.001104
1.2 -0.00120001
1.22 -0.00127212
1.24 -0.00133939
1.26 -0.00139774
1.28 -0.00142681
1.3 -0.00142294
1.32 -0.00140474
1.34 -0.00137549
1.36 -0.00131292
1.38 -0.00120213
1.4 -0.00105108
1.42 -0.000874466
1.44 -0.000675891
1.46 -0.000455653
1.48 -0.000229722
1.5 -2.68734e-005
1.52 0.000139457
1.54 0.000273607
1.56 0.000372907
1.58 0.000429247
1.6 0.000444399
1.62 0.000435076
1.64 0.000422015
1.66 0.000409952
1.68 0.00038851
1.7 0.000355505
1.72 0.000321182
1.74 0.000281646
1.76 0.000209552
1.78 8.37814e-005
1.8 -8.85233e-005
1.82 -0.000288566
1.84 -0.00050289
1.86 -0.000721863
1.88 -0.000929579
1.9 -0.00109701
1.92 -0.0012022
1.94 -0.00124365
1.96 -0.00122563
1.98 -0.00114805
2 -0.00101786
2.02 -0.000861571
2.04 -0.000710089
2.06 -0.000582905
2.08 -0.000485772
2.1 -0.000413881
2.12 -0.000360186
2.14 -0.00031955
2.16 -0.000280191
2.18 -0.000221036
2.2 -0.000129485
2.22 -1.67706e-005
2.24 9.65297e-005
2.26 0.000208949
2.28 0.000321153
2.3 0.000420588
2.32 0.000497391
2.34 0.000546939
2.36 0.000580224
2.38 0.000613867
2.4 0.000641812
2.42 0.000661656
2.44 0.000696553
2.46 0.000766335
2.48 0.000858885
2.5 0.000934337
2.52 0.000951771
2.54 0.000879866
2.56 0.000702429
2.58 0.00042458
2.6 6.75836e-005
2.62 -0.000335187
2.64 -0.000737005
2.66 -0.00109742
2.68 -0.00139614
2.7 -0.0016198
2.72 -0.00175341
2.74 -0.001784
2.76 -0.00172439
2.78 -0.00161281
2.8 -0.00149092
2.82 -0.00139466
2.84 -0.00134301
2.86 -0.00134155
2.88 -0.00139268
2.9 -0.00148347
2.92 -0.00156999
2.94 -0.00159985
2.96 -0.00155132
2.98 -0.00143093
3 -0.00124306
3.02 -0.000986703
3.04 -0.000670191
3.06 -0.000294327
3.08 0.000153886
3.1 0.000688629
3.12 0.00132638
3.14 0.00208166
3.16 0.00297068
3.18 0.00401371
3.2 0.00522523
3.22 0.00659675
3.24 0.0080881
3.26 0.00965075
3.27 0.0104447
3.28 0.0112325
3.29 0.0119995
3.3 0.0127299
3.31 0.0134104
3.32 0.0140353
3.33 0.0146051
3.34 0.0151248
3.35 0.0156025
3.36 0.016048
3.37 0.0164694
3.38 0.0168703
3.39 0.0172511
3.4 0.0176105
3.41 0.0179464
3.42 0.0182561
3.43 0.0185335
3.44 0.0187662
3.45 0.0189396
3.46 0.0190412
3.47 0.0190609
3.48 0.0189916
3.49 0.0188287
3.5 0.0185698
3.51 0.0182144
3.52 0.0177627
3.53 0.0172154
3.54 0.016574
3.55 0.0158347
3.56 0.0149858
3.57 0.0140098
3.58 0.0128873
3.59 0.0116032
3.6 0.0101514
3.61 0.00853988
3.62 0.00679415
3.63 0.00495213
3.64 0.00305848
3.65 0.00115656
3.66 -0.000718924
3.67 -0.00254226
3.68 -0.00429929
3.69 -0.00598825
3.7 -0.00761775
3.71 -0.00919749
3.72 -0.0107297
3.73 -0.0122165
3.74 -0.0136663
3.75 -0.0150907
3.76 -0.0165002
3.77 -0.0178989
3.78 -0.0192824
3.79 -0.0206435
3.8 -0.0219775
3.81 -0.0232783
3.82 -0.0245337
3.83 -0.0257281
3.84 -0.0268465
3.85 -0.0278766
3.86 -0.0288106
3.87 -0.029645
3.88 -0.0303783
3.89 -0.0310112
3.9 -0.031548
3.91 -0.0319968
3.92 -0.0323687
3.93 -0.0326733
3.94 -0.0329147
3.95 -0.0330918
3.96 -0.0331988
3.97 -0.0332273
3.98 -0.0331696
3.99 -0.0330179
4 -0.0327638
4.01 -0.0324048
4.02 -0.0319526
4.03 -0.0314229
4.04 -0.0308251
4.05 -0.0301604
4.06 -0.02942
4.07 -0.0285935
4.08 -0.0276773
4.09 -0.0266754
4.1 -0.0255988
4.11 -0.0244631
4.12 -0.0232853
4.13 -0.0220825
4.14 -0.0208716
4.15 -0.0196705
4.16 -0.0185013
4.17 -0.0173847
4.18 -0.0163351
4.19 -0.0153607
4.2 -0.0144648
4.21 -0.0136494
4.22 -0.0129179
4.23 -0.0122747
4.24 -0.0117257
4.25 -0.0112745
4.26 -0.0109195
4.27 -0.0106566
4.28 -0.010481
4.29 -0.0103872
4.3 -0.0103684
4.31 -0.0104169
4.32 -0.0105246
4.33 -0.0106855
4.34 -0.0108972
4.35 -0.011162
4.36 -0.0114856
4.37 -0.0118731
4.38 -0.0123244
4.39 -0.0128329
4.4 -0.013384
4.41 -0.013961
4.42 -0.0145508
4.43 -0.0151456
4.44 -0.0157433
4.45 -0.0163444
4.46 -0.0169488
4.47 -0.0175541
4.48 -0.0181546
4.49 -0.0187464
4.5 -0.0193314
4.51 -0.0199154
4.52 -0.0205065
4.53 -0.0211128
4.54 -0.0217404
4.55 -0.0223898
4.56 -0.0230527
4.57 -0.0237143
4.58 -0.024356
4.59 -0.0249622
4.6 -0.0255259
4.61 -0.0260469
4.62 -0.0265304
4.63 -0.0269828
4.64 -0.0274088
4.65 -0.0278084
4.66 -0.0281737
4.67 -0.0284938
4.68 -0.0287595
4.69 -0.028965
4.7 -0.0291107
4.71 -0.0292012
4.72 -0.0292436
4.73 -0.0292477
4.74 -0.0292258
4.75 -0.0291846
4.76 -0.029119
4.77 -0.0290165
4.78 -0.0288627
4.79 -0.0286452
4.8 -0.0283575
4.81 -0.0279984
4.82 -0.0275695
4.83 -0.0270753
4.84 -0.0265223
4.85 -0.0259144
4.86 -0.0252485
4.87 -0.0245195
4.88 -0.0237251
4.89 -0.0228691
4.9 -0.0219635
4.91 -0.0210269
4.92 -0.0200824
4.93 -0.0191543
4.94 -0.0182652
4.95 -0.0174349
4.96 -0.0166796
4.97 -0.016013
4.98 -0.0154484
4.99 -0.0149993
5 -0.0146807
5.01 -0.0145059
5.02 -0.0144863
5.03 -0.0146277
5.04 -0.0149271
5.05 -0.015369
5.06 -0.0159229
5.07 -0.0165507
5.08 -0.017214
5.09 -0.0178796
5.1 -0.0185235
5.11 -0.0191293
5.12 -0.0196863
5.13 -0.0201849
5.14 -0.020612
5.15 -0.0209514
5.16 -0.0211841
5.17 -0.0212921
5.18 -0.0212628
5.19 -0.0210943
5.2 -0.0207989
5.21 -0.0204027
5.22 -0.019943
5.23 -0.0194621
5.24 -0.0190014
5.25 -0.0185971
5.26 -0.0182774
5.27 -0.0180618
5.28 -0.017961
5.29 -0.0179784
5.3 -0.0181124
5.31 -0.0183566
5.32 -0.0187014
5.33 -0.0191337
5.34 -0.0196373
5.35 -0.020191
5.36 -0.0207656
5.37 -0.0213273
5.38 -0.0218402
5.39 -0.0222693
5.4 -0.0225832
5.41 -0.0227577
5.42 -0.0227803
5.43 -0.0226528
5.44 -0.0223914
5.45 -0.022016
5.46 -0.0215414
5.47 -0.0209811
5.48 -0.0203497
5.49 -0.0196674
5.5 -0.0189636
5.51 -0.0182734
5.52 -0.017634
5.53 -0.017082
5.54 -0.0166503
5.55 -0.0163626
5.56 -0.0162305
5.57 -0.0162569
5.58 -0.0164388
5.59 -0.0167682
5.6 -0.0172345
5.61 -0.0178249
5.62 -0.0185247
5.63 -0.0193177
5.64 -0.0201869
5.65 -0.0211147
5.66 -0.0220837
5.67 -0.0230742
5.68 -0.024062
5.69 -0.025023
5.7 -0.0259388
5.71 -0.0267993
5.72 -0.0276042
5.73 -0.0283574
5.74 -0.0290614
5.75 -0.029715
5.76 -0.0303108
5.77 -0.0308388
5.78 -0.0312921
5.79 -0.0316699
5.8 -0.031982
5.81 -0.0322394
5.82 -0.0324458
5.83 -0.0326007
5.84 -0.0327015
5.85 -0.0327456
5.86 -0.0327328
5.87 -0.032664
5.88 -0.0325395
5.89 -0.0323605
5.9 -0.0321301
5.91 -0.0318497
5.92 -0.0315164
5.93 -0.0311236
5.94 -0.0306646
5.95 -0.0301342
5.96 -0.0295326
5.97 -0.0288663
5.98 -0.0281485
5.99 -0.0273945
6 -0.0266161
6.01 -0.0258229
6.02 -0.0250225
6.03 -0.0242241
6.04 -0.0234406
6.05 -0.0226864
6.06 -0.0219748
6.07 -0.0213177
6.08 -0.0207263
6.09 -0.0202091
6.1 -0.0197719
6.11 -0.0194176
6.12 -0.0191468
6.13 -0.01896
6.14 -0.0188602
6.15 -0.0188512
6.16 -0.0189368
6.17 -0.0191179
6.18 -0.0193904
6.19 -0.0197458
6.2 -0.020172
6.21 -0.0206562
6.22 -0.0211884
6.23 -0.0217591
6.24 -0.0223591
6.25 -0.0229788
6.26 -0.0236096
6.27 -0.024244
6.28 -0.0248757
6.29 -0.0254983
6.3 -0.0261033
6.31 -0.0266819
6.32 -0.0272267
6.33 -0.0277327
6.34 -0.0281972
6.35 -0.0286189
6.36 -0.0289961
6.37 -0.0293271
6.38 -0.0296107
6.39 -0.0298461
6.4 -0.0300332
6.41 -0.030173
6.42 -0.0302672
6.43 -0.0303192
6.44 -0.030333
6.45 -0.030313
6.46 -0.0302628
6.47 -0.0301859
6.48 -0.0300863
6.49 -0.0299676
6.5 -0.0298328
6.51 -0.0296858
6.52 -0.0295324
6.53 -0.0293775
6.54 -0.0292223
6.55 -0.0290655
6.56 -0.0289048
6.57 -0.0287386
6.58 -0.0285675
6.59 -0.0283939
6.6 -0.0282217
6.61 -0.028056
6.62 -0.0279038
6.63 -0.0277713
6.64 -0.0276616
6.65 -0.0275748
6.66 -0.0275086
6.67 -0.0274599
6.68 -0.0274272
6.69 -0.0274108
6.7 -0.0274132
6.71 -0.0274365
6.72 -0.0274802
6.73 -0.0275418
6.74 -0.0276186
6.75 -0.0277065
6.76 -0.0277993
6.77 -0.0278892
6.78 -0.0279666
6.79 -0.0280208
6.8 -0.0280395
6.81 -0.0280116
6.82 -0.027928
6.83 -0.0277859
6.84 -0.0275919
6.85 -0.0273566
6.86 -0.0270895
6.87 -0.0267968
6.88 -0.0264788
6.89 -0.0261319
6.9 -0.025749
6.91 -0.0253254
6.92 -0.0248636
6.93 -0.0243708
6.94 -0.0238559
6.95 -0.0233307
6.96 -0.0228104
6.97 -0.022311
6.98 -0.0218479
6.99 -0.0214311
7 -0.0210623
7.01 -0.02074
7.02 -0.0204646
7.03 -0.0202373
7.04 -0.0200587
7.05 -0.019929
7.06 -0.0198482
7.07 -0.0198151
7.08 -0.0198251
7.09 -0.0198746
7.1 -0.0199639
7.11 -0.0200947
7.12 -0.020267
7.13 -0.0204779
7.14 -0.0207201
7.15 -0.0209838
7.16 -0.0212583
7.17 -0.0215334
7.18 -0.0218005
7.19 -0.0220557
7.2 -0.0223017
7.21 -0.0225445
7.22 -0.0227899
7.23 -0.0230411
7.24 -0.0232975
7.25 -0.0235548
7.26 -0.0238062
7.27 -0.0240445
7.28 -0.024264
7.29 -0.0244616
7.3 -0.0246369
7.31 -0.0247929
7.32 -0.0249363
7.33 -0.0250755
7.34 -0.025219
7.35 -0.0253747
7.36 -0.0255495
7.37 -0.0257491
7.38 -0.0259782
7.39 -0.026238
7.4 -0.0265249
7.41 -0.0268321
7.42 -0.0271521
7.43 -0.0274794
7.44 -0.0278126
7.45 -0.0281541
7.46 -0.0285096
7.47 -0.0288842
7.48 -0.0292805
7.49 -0.0296969
7.5 -0.0301269
7.51 -0.0305586
7.52 -0.0309748
7.53 -0.0313566
7.54 -0.0316879
7.55 -0.0319569
7.56 -0.0321587
7.57 -0.0322928
7.58 -0.0323621
7.59 -0.0323705
7.6 -0.0323209
7.61 -0.0322133
7.62 -0.0320431
7.63 -0.0318034
7.64 -0.0314871
7.65 -0.0310881
7.66 -0.0306022
7.67 -0.0300301
7.68 -0.0293796
7.69 -0.028665
7.7 -0.0279061
7.71 -0.0271262
7.72 -0.0263494
7.73 -0.0255967
7.74 -0.024882
7.75 -0.0242119
7.76 -0.0235852
7.77 -0.0229987
7.78 -0.0224523
7.79 -0.0219481
7.8 -0.0214897
7.81 -0.0210811
7.82 -0.0207258
7.83 -0.0204254
7.84 -0.020179
7.85 -0.0199843
7.86 -0.0198388
7.87 -0.0197396
7.88 -0.0196838
7.89 -0.0196659
7.9 -0.0196758
7.91 -0.0197015
7.92 -0.0197315
7.93 -0.0197566
7.94 -0.0197718
7.95 -0.019779
7.96 -0.0197893
7.97 -0.0198182
7.98 -0.0198811
7.99 -0.0199875
8 -0.0201372
8.01 -0.0203224
8.02 -0.0205316
8.03 -0.0207546
8.04 -0.0209873
8.05 -0.0212313
8.06 -0.0214917
8.07 -0.0217775
8.08 -0.0220997
8.09 -0.0224677
8.1 -0.0228865
8.11 -0.0233546
8.12 -0.0238637
8.13 -0.0244008
8.14 -0.0249512
8.15 -0.0255008
8.16 -0.0260388
8.17 -0.0265608
8.18 -0.0270702
8.19 -0.0275765
8.2 -0.0280904
8.21 -0.0286222
8.22 -0.0291786
8.23 -0.0297612
8.24 -0.0303657
8.25 -0.0309851
8.26 -0.0316132
8.27 -0.0322464
8.28 -0.0328845
8.29 -0.0335297
8.3 -0.0341855
8.31 -0.0348537
8.32 -0.0355321
8.33 -0.0362146
8.34 -0.0368912
8.35 -0.0375514
8.36 -0.0381876
8.37 -0.0387973
8.38 -0.0393836
8.39 -0.0399521
8.4 -0.0405057
8.41 -0.0410434
8.42 -0.0415583
8.43 -0.0420408
8.44 -0.0424819
8.45 -0.0428737
8.46 -0.0432105
8.47 -0.043489
8.48 -0.0437084
8.49 -0.0438708
8.5 -0.0439816
8.51 -0.0440459
8.52 -0.0440649
8.53 -0.0440359
8.54 -0.0439515
8.55 -0.0438044
8.56 -0.0435916
8.57 -0.0433149
8.58 -0.0429804
8.59 -0.0425968
8.6 -0.0421726
8.61 -0.0417162
8.62 -0.0412365
8.63 -0.0407412
8.64 -0.0402361
8.65 -0.0397253
8.66 -0.0392119
8.67 -0.0386992
8.68 -0.0381918
8.69 -0.0376946
8.7 -0.0372123
8.71 -0.036748
8.72 -0.0363022
8.73 -0.035873
8.74 -0.0354566
8.75 -0.0350478
8.76 -0.03464
8.77 -0.034227
8.78 -0.0338048
8.79 -0.0333711
8.8 -0.0329246
8.81 -0.0324654
8.82 -0.0319945
8.83 -0.0315133
8.84 -0.0310233
8.85 -0.0305277
8.86 -0.0300333
8.87 -0.02955
8.88 -0.0290912
8.89 -0.02867
8.9 -0.0282961
8.91 -0.0279758
8.92 -0.0277129
8.93 -0.0275106
8.94 -0.027373
8.95 -0.0273059
8.96 -0.0273172
8.97 -0.0274136
8.98 -0.0275981
8.99 -0.027871
9 -0.0282313
9.01 -0.0286765
9.02 -0.0292018
9.03 -0.0297998
9.04 -0.0304604
9.05 -0.0311745
9.06 -0.0319365
9.07 -0.0327429
9.08 -0.0335913
9.09 -0.0344754
9.1 -0.0353815
9.11 -0.0362908
9.12 -0.0371833
9.13 -0.0380402
9.14 -0.0388461
9.15 -0.0395905
9.16 -0.0402681
9.17 -0.0408783
9.18 -0.0414242
9.19 -0.0419101
9.2 -0.0423378
9.21 -0.0427076
9.22 -0.0430188
9.23 -0.0432713
9.24 -0.0434658
9.25 -0.0436034
9.26 -0.0436862
9.27 -0.0437167
9.28 -0.0436971
9.29 -0.0436319
9.3 -0.0435288
9.31 -0.0433967
9.32 -0.0432435
9.33 -0.0430738
9.34 -0.0428875
9.35 -0.0426822
9.36 -0.0424562
9.37 -0.0422079
9.38 -0.0419359
9.39 -0.0416392
9.4 -0.0413171
9.41 -0.0409702
9.42 -0.0406017
9.43 -0.040217
9.44 -0.0398235
9.45 -0.03943
9.46 -0.0390454
9.47 -0.0386789
9.48 -0.0383393
9.49 -0.0380352
9.5 -0.0377751
9.51 -0.0375659
9.52 -0.0374119
9.53 -0.0373156
9.54 -0.0372786
9.55 -0.0373031
9.56 -0.0373931
9.57 -0.0375537
9.58 -0.0377906
9.59 -0.0381071
9.6 -0.0385022
9.61 -0.0389684
9.62 -0.0394898
9.63 -0.0400468
9.64 -0.0406201
9.65 -0.0411937
9.66 -0.0417564
9.67 -0.042301
9.68 -0.0428227
9.69 -0.0433162
9.7 -0.0437734
9.71 -0.0441841
9.72 -0.0445357
9.73 -0.0448155
9.74 -0.0450142
9.75 -0.0451259
9.76 -0.0451484
9.77 -0.0450835
9.78 -0.0449355
9.79 -0.0447117
9.8 -0.0444209
9.81 -0.0440713
9.82 -0.0436691
9.83 -0.0432169
9.84 -0.0427144
9.85 -0.0421595
9.86 -0.0415515
9.87 -0.0408933
9.88 -0.0401938
9.89 -0.0394672
9.9 -0.0387302
9.91 -0.0380001
9.92 -0.0372914
9.93 -0.0366163
9.94 -0.0359848
9.95 -0.0354046
9.96 -0.0348816
9.97 -0.0344201
9.98 -0.0340238
9.99 -0.0336962
10 -0.0334415
10.01 -0.033263
10.02 -0.0331627
10.03 -0.0331403
10.04 -0.0331936
10.05 -0.0333183
10.06 -0.0335081
10.07 -0.0337548
10.08 -0.0340475
10.09 -0.0343735
10.1 -0.0347195
10.11 -0.0350728
10.12 -0.0354233
10.13 -0.0357635
10.14 -0.0360875
10.15 -0.0363913
10.16 -0.0366722
10.17 -0.0369301
10.18 -0.037168
10.19 -0.0373917
10.2 -0.0376078
10.21 -0.0378229
10.22 -0.0380419
10.23 -0.0382679
10.24 -0.038502
10.25 -0.0387452
10.26 -0.0389997
10.27 -0.0392687
10.28 -0.0395563
10.29 -0.039867
10.3 -0.0402059
10.31 -0.0405749
10.32 -0.0409701
10.33 -0.0413802
10.34 -0.0417852
10.35 -0.0421631
10.36 -0.0424948
10.37 -0.0427659
10.38 -0.0429679
10.39 -0.0430965
10.4 -0.0431499
10.41 -0.0431275
10.42 -0.0430292
10.43 -0.0428554
10.44 -0.0426084
10.45 -0.0422916
10.46 -0.04191
10.47 -0.041469
10.48 -0.0409736
10.49 -0.0404298
10.5 -0.0398454
10.51 -0.0392303
10.52 -0.0385951
10.53 -0.0379514
10.54 -0.0373096
10.55 -0.0366784
10.56 -0.0360623
10.57 -0.0354624
10.58 -0.0348763
10.59 -0.0343012
10.6 -0.0337369
10.61 -0.0331853
10.62 -0.0326497
10.63 -0.0321347
10.64 -0.0316455
10.65 -0.0311887
10.66 -0.0307728
10.67 -0.0304075
10.68 -0.0301031
10.69 -0.0298695
10.7 -0.0297161
10.71 -0.0296513
10.72 -0.0296823
10.73 -0.0298151
10.74 -0.0300548
10.75 -0.0304056
10.76 -0.0308713
10.77 -0.031454
10.78 -0.0321526
10.79 -0.0329614
10.8 -0.0338699
10.81 -0.0348625
10.82 -0.0359207
10.83 -0.0370231
10.84 -0.038146
10.85 -0.0392643
10.86 -0.040351
10.87 -0.0413805
10.88 -0.0423303
10.89 -0.0431824
10.9 -0.0439253
10.91 -0.0445545
10.92 -0.0450709
10.93 -0.0454771
10.94 -0.0457754
10.95 -0.0459686
10.96 -0.0460622
10.97 -0.0460658
10.98 -0.0459937
10.99 -0.0458632
11 -0.0456932
11.01 -0.0455026
11.02 -0.0453092
11.03 -0.0451283
11.04 -0.0449714
11.05 -0.0448468
11.06 -0.0447596
11.07 -0.0447126
11.08 -0.0447063
11.09 -0.0447397
11.1 -0.0448106
11.11 -0.0449156
11.12 -0.0450505
11.13 -0.0452105
11.14 -0.0453898
11.15 -0.0455827
11.16 -0.0457827
11.17 -0.0459832
11.18 -0.046176
11.19 -0.0463514
11.2 -0.0464979
11.21 -0.0466032
11.22 -0.046656
11.23 -0.0466473
11.24 -0.0465723
11.25 -0.0464306
11.26 -0.0462267
11.27 -0.0459683
11.28 -0.045665
11.29 -0.0453268
11.3 -0.0449633
11.31 -0.0445837
11.32 -0.0441968
11.33 -0.0438095
11.34 -0.0434262
11.35 -0.0430478
11.36 -0.0426724
11.37 -0.0422959
11.38 -0.0419136
11.39 -0.0415214
11.4 -0.0411151
11.41 -0.0406915
11.42 -0.0402475
11.43 -0.03978
11.44 -0.0392858
11.45 -0.0387608
11.46 -0.0381991
11.47 -0.0375949
11.48 -0.0369435
11.49 -0.0362436
11.5 -0.0354997
11.51 -0.0347219
11.52 -0.0339256
11.53 -0.0331309
11.54 -0.0323606
11.55 -0.031638
11.56 -0.030984
11.57 -0.0304145
11.58 -0.0299403
11.59 -0.0295684
11.6 -0.0293034
11.61 -0.0291469
11.62 -0.0290981
11.63 -0.0291542
11.64 -0.0293119
11.65 -0.0295676
11.66 -0.0299175
11.67 -0.0303575
11.68 -0.0308815
11.69 -0.0314823
11.7 -0.0321513
11.71 -0.0328786
11.72 -0.0336536
11.73 -0.0344646
11.74 -0.0352984
11.75 -0.0361413
11.76 -0.0369797
11.77 -0.0377999
11.78 -0.0385883
11.79 -0.0393331
11.8 -0.0400262
11.81 -0.0406646
11.82 -0.0412517
11.83 -0.0417958
11.84 -0.0423086
11.85 -0.0428025
11.86 -0.0432882
11.87 -0.0437736
11.88 -0.0442634
11.89 -0.0447599
11.9 -0.0452635
11.91 -0.045774
11.92 -0.0462902
11.93 -0.0468112
11.94 -0.0473357
11.95 -0.0478614
11.96 -0.0483844
11.97 -0.0488994
11.98 -0.0494013
11.99 -0.0498861
12 -0.0503516
12.01 -0.0507979
12.02 -0.0512263
12.03 -0.0516385
12.04 -0.0520356
12.05 -0.052418
12.06 -0.0527854
12.07 -0.0531375
12.08 -0.0534738
12.09 -0.0537935
12.1 -0.0540949
12.11 -0.0543748
12.12 -0.0546285
12.13 -0.0548514
12.14 -0.0550404
12.15 -0.0551938
12.16 -0.0553106
12.17 -0.0553907
12.18 -0.0554356
12.19 -0.0554485
12.2 -0.0554338
12.21 -0.0553962
12.22 -0.0553392
12.23 -0.0552653
12.24 -0.0551765
12.25 -0.0550736
12.26 -0.0549565
12.27 -0.0548246
12.28 -0.0546772
12.29 -0.0545138
12.3 -0.0543345
12.31 -0.0541398
12.32 -0.0539303
12.33 -0.0537063
12.34 -0.0534667
12.35 -0.0532096
12.36 -0.0529323
12.37 -0.0526319
12.38 -0.0523065
12.39 -0.0519544
12.4 -0.051575
12.41 -0.0511681
12.42 -0.0507348
12.43 -0.050277
12.44 -0.0497978
12.45 -0.0493012
12.46 -0.0487916
12.47 -0.0482739
12.48 -0.0477542
12.49 -0.0472393
12.5 -0.0467372
12.51 -0.0462565
12.52 -0.0458054
12.53 -0.0453916
12.54 -0.0450212
12.55 -0.0446999
12.56 -0.044433
12.57 -0.0442252
12.58 -0.0440802
12.59 -0.0440007
12.6 -0.043988
12.61 -0.0440422
12.62 -0.044163
12.63 -0.0443484
12.64 -0.0445946
12.65 -0.044896
12.66 -0.0452448
12.67 -0.0456327
12.68 -0.0460514
12.69 -0.0464933
12.7 -0.0469521
12.71 -0.047423
12.72 -0.0479026
12.73 -0.0483887
12.74 -0.0488789
12.75 -0.0493708
12.76 -0.0498606
12.77 -0.0503445
12.78 -0.0508188
12.79 -0.0512811
12.8 -0.0517311
12.81 -0.0521713
12.82 -0.0526067
12.83 -0.0530433
12.84 -0.0534868
12.85 -0.0539415
12.86 -0.0544101
12.87 -0.0548933
12.88 -0.0553906
12.89 -0.0558994
12.9 -0.0564156
12.91 -0.0569331
12.92 -0.0574447
12.93 -0.0579422
12.94 -0.0584174
12.95 -0.0588646
12.96 -0.0592814
12.97 -0.0596681
12.98 -0.0600267
12.99 -0.0603611
13 -0.0606763
13.01 -0.0609777
13.02 -0.061271
13.03 -0.0615615
13.04 -0.0618529
13.05 -0.0621475
13.06 -0.0624458
13.07 -0.0627468
13.08 -0.063049
13.09 -0.0633501
13.1 -0.0636469
13.11 -0.0639354
13.12 -0.0642111
13.13 -0.064469
13.14 -0.0647043
13.15 -0.0649126
13.16 -0.0650887
13.17 -0.0652285
13.18 -0.0653291
13.19 -0.06539
13.2 -0.0654132
13.21 -0.0654026
13.22 -0.0653628
13.23 -0.065299
13.24 -0.0652159
13.25 -0.0651176
13.26 -0.0650062
13.27 -0.0648817
13.28 -0.064742
13.29 -0.0645846
13.3 -0.0644074
13.31 -0.0642101
13.32 -0.0639945
13.33 -0.0637649
13.34 -0.0635273
13.35 -0.0632894
13.36 -0.0630588
13.37 -0.0628426
13.38 -0.0626461
13.39 -0.0624726
13.4 -0.0623231
13.41 -0.0621965
13.42 -0.0620907
13.43 -0.0620036
13.44 -0.0619342
13.45 -0.0618828
13.46 -0.0618503
13.47 -0.0618372
13.48 -0.0618432
13.49 -0.0618657
13.5 -0.0619004
13.51 -0.0619412
13.52 -0.061981
13.53 -0.0620124
13.54 -0.0620287
13.55 -0.0620241
13.56 -0.0619935
13.57 -0.0619336
13.58 -0.0618435
13.59 -0.0617257
13.6 -0.061586
13.61 -0.0614324
13.62 -0.0612742
13.63 -0.0611199
13.64 -0.0609761
13.65 -0.0608475
13.66 -0.0607371
13.67 -0.0606476
13.68 -0.0605822
13.69 -0.060545
13.7 -0.0605409
13.71 -0.0605754
13.72 -0.0606538
13.73 -0.0607801
13.74 -0.0609572
13.75 -0.0611854
13.76 -0.0614625
13.77 -0.0617833
13.78 -0.0621402
13.79 -0.0625238
13.8 -0.0629241
13.81 -0.0633317
13.82 -0.0637386
13.83 -0.0641383
13.84 -0.0645264
13.85 -0.0649004
13.86 -0.0652588
13.87 -0.0656011
13.88 -0.0659268
13.89 -0.0662352
13.9 -0.0665253
13.91 -0.0667961
13.92 -0.0670475
13.93 -0.0672801
13.94 -0.067496
13.95 -0.0676981
13.96 -0.0678897
13.97 -0.0680745
13.98 -0.0682566
13.99 -0.0684403
14 -0.0686305
14.01 -0.0688318
14.02 -0.0690481
14.03 -0.0692815
14.04 -0.0695324
14.05 -0.0697999
14.06 -0.0700829
14.07 -0.0703801
14.08 -0.0706906
14.09 -0.0710139
14.1 -0.0713491
14.11 -0.0716957
14.12 -0.0720525
14.13 -0.0724187
14.14 -0.072794
14.15 -0.0731783
14.16 -0.0735718
14.17 -0.0739748
14.18 -0.0743878
14.19 -0.0748112
14.2 -0.0752454
14.21 -0.0756903
14.22 -0.076145
14.23 -0.0766085
14.24 -0.0770795
14.25 -0.0775566
14.26 -0.0780386
14.27 -0.078524
14.28 -0.079011
14.29 -0.0794972
14.3 -0.0799801
14.31 -0.080457
14.32 -0.0809258
14.33 -0.081385
14.34 -0.0818345
14.35 -0.0822752
14.36 -0.0827091
14.37 -0.0831397
14.38 -0.0835716
14.39 -0.0840103
14.4 -0.0844617
14.41 -0.0849312
14.42 -0.0854232
14.43 -0.0859414
14.44 -0.0864883
14.45 -0.087066
14.46 -0.0876763
14.47 -0.0883205
14.48 -0.0890001
14.49 -0.0897163
14.5 -0.0904703
14.51 -0.0912628
14.52 -0.0920938
14.53 -0.0929622
14.54 -0.0938664
14.55 -0.0948048
14.56 -0.0957767
14.57 -0.0967815
14.58 -0.0978183
14.59 -0.098886
14.6 -0.0999832
14.61 -0.101109
14.62 -0.102262
14.63 -0.103443
14.64 -0.104649
14.65 -0.10588
14.66 -0.107132
14.67 -0.108404
14.68 -0.109692
14.69 -0.110994
14.7 -0.112309
14.71 -0.113634
14.72 -0.114966
14.73 -0.116303
14.74 -0.117641
14.75 -0.118978
14.76 -0.120309
14.77 -0.121635
14.78 -0.122955
14.79 -0.12427
14.8 -0.125582
14.81 -0.12689
14.82 -0.128192
14.83 -0.12948
14.84 -0.130746
