0.02 4.08606e-009
0.04 -3.94234e-008
0.06 -1.9817e-007
0.08 1.56703e-007
0.1 3.25678e-006
0.12 1.23408e-005
0.14 2.93503e-005
0.16 5.31584e-005
0.18 8.02832e-005
0.2 0.000106599
0.22 0.000127518
0.24 0.000138054
0.26 0.000134581
0.28 0.000115593
0.3 8.09835e-005
0.32 3.36951e-005
0.34 -1.82383e-005
0.36 -6.48855e-005
0.38 -9.97997e-005
0.4 -0.000120523
0.42 -0.000125584
0.44 -0.000113883
0.46 -8.8355e-005
0.48 -5.98419e-005
0.5 -4.21352e-005
0.52 -3.73852e-005
0.54 -3.25322e-005
0.56 -1.86553e-005
0.58 -2.87046e-006
0.6 1.15051e-005
0.62 4.08388e-005
0.64 9.82822e-005
0.66 0.000173249
0.68 0.000254975
0.7 0.000355216
0.72 0.000479974
0.74 0.000596249
0.76 0.000666913
0.78 0.000704634
0.8 0.000742383
0.82 0.000768606
0.84 0.000748749
0.86 0.000699699
0.88 0.000681601
0.9 0.000709549
0.92 0.000728639
0.94 0.000695988
0.96 0.000638765
0.98 0.000596668
1 0.000544334
1.02 0.00041776
1.04 0.000200713
1.06 -5.94287e-005
1.08 -0.000319298
1.1 -0.000581849
1.12 -0.000856497
1.14 -0.00111032
1.16 -0.00129596
1.18 -0.0014179
1.2 -0.00152553
1.22 -0.00163027
1.24 -0.00168149
1.26 -0.00166065
1.28 -0.00164624
1.3 -0.00171418
1.32 -0.00180773
1.34 -0.00180171
1.36 -0.00168491
1.38 -0.00156317
1.4 -0.00146498
1.42 -0.00127675
1.44 -0.000930273
1.46 -0.000531837
1.48 -0.000211223
1.5 5.5399e-005
1.52 0.000348115
1.54 0.000607491
1.56 0.000697023
1.58 0.000630511
1.6 0.000566822
1.62 0.000568247
1.64 0.000531079
1.66 0.000403331
1.68 0.000310035
1.7 0.000361527
1.72 0.000463446
1.74 0.000455106
1.76 0.000350626
1.78 0.000275758
1.8 0.00020668
1.82 -3.39527e-005
1.84 -0.000493904
1.86 -0.000983698
1.88 -0.00132385
1.9 -0.00154707
1.92 -0.00175068
1.94 -0.00187891
1.96 -0.00180584
1.98 -0.00156136
2 -0.00130186
2.02 -0.00107553
2.04 -0.000790671
2.06 -0.000444181
2.08 -0.000210547
2.1 -0.000219983
2.12 -0.000375814
2.14 -0.000490817
2.16 -0.000508151
2.18 -0.000480156
2.2 -0.000403658
2.22 -0.000211308
2.24 8.68626e-005
2.26 0.000368859
2.28 0.000540945
2.3 0.000639119
2.32 0.000742237
2.34 0.00083984
2.36 0.000855458
2.38 0.000771626
2.4 0.000665101
2.42 0.000618764
2.44 0.00064493
2.46 0.0007191
2.48 0.000857833
2.5 0.00110283
2.52 0.00141183
2.54 0.00161752
2.56 0.00154091
2.58 0.00112961
2.6 0.000466632
2.62 -0.000315035
2.64 -0.00108755
2.66 -0.00173597
2.68 -0.00218142
2.7 -0.00242248
2.72 -0.00252592
2.74 -0.00254514
2.76 -0.00245128
2.78 -0.00217204
2.8 -0.00171438
2.82 -0.00123281
2.84 -0.000950346
2.86 -0.00100409
2.88 -0.00135822
2.9 -0.00184232
2.92 -0.00226185
2.94 -0.00248571
2.96 -0.00245968
2.98 -0.00218733
3 -0.00173863
3.02 -0.00124578
3.04 -0.00081278
3.06 -0.000416359
3.08 5.30196e-005
3.1 0.000655507
3.12 0.00136196
3.14 0.00214322
3.16 0.00303552
3.18 0.00410561
3.2 0.0054122
3.22 0.00702837
3.24 0.0089817
3.26 0.011093
3.27 0.0121109
3.28 0.0130519
3.29 0.0139328
3.3 0.0147985
3.31 0.0156919
3.32 0.0166285
3.33 0.0175835
3.34 0.0184974
3.35 0.0192955
3.36 0.0199145
3.37 0.0203234
3.38 0.0205306
3.39 0.0205767
3.4 0.0205161
3.41 0.0203973
3.42 0.0202493
3.43 0.0200806
3.44 0.01989
3.45 0.0196818
3.46 0.019476
3.47 0.0193066
3.48 0.019208
3.49 0.0191982
3.5 0.0192612
3.51 0.0193333
3.52 0.0193086
3.53 0.0190696
3.54 0.018527
3.55 0.0176526
3.56 0.0164862
3.57 0.0151157
3.58 0.0136383
3.59 0.0121198
3.6 0.0105698
3.61 0.00893867
3.62 0.00713509
3.63 0.00508961
3.64 0.00282032
3.65 0.000415093
3.66 -0.00202768
3.67 -0.00444825
3.68 -0.00685886
3.69 -0.00932607
3.7 -0.0119183
3.71 -0.0146725
3.72 -0.0175813
3.73 -0.0205867
3.74 -0.023587
3.75 -0.0264507
3.76 -0.0290508
3.77 -0.0313055
3.78 -0.0331817
3.79 -0.0346714
3.8 -0.0357848
3.81 -0.0365733
3.82 -0.0371497
3.83 -0.0376638
3.84 -0.0382471
3.85 -0.0389625
3.86 -0.0397875
3.87 -0.0406377
3.88 -0.0414265
3.89 -0.0421147
3.9 -0.0427118
3.91 -0.0432535
3.92 -0.0437804
3.93 -0.0443167
3.94 -0.0448588
3.95 -0.0453746
3.96 -0.0458144
3.97 -0.0461261
3.98 -0.0462714
3.99 -0.0462389
4 -0.0460492
4.01 -0.0457377
4.02 -0.0453214
4.03 -0.0447765
4.04 -0.0440506
4.05 -0.0431027
4.06 -0.0419461
4.07 -0.0406598
4.08 -0.0393568
4.09 -0.0381237
4.1 -0.0369683
4.11 -0.0358104
4.12 -0.0345225
4.13 -0.0329995
4.14 -0.0312169
4.15 -0.0292456
4.16 -0.0272188
4.17 -0.0252718
4.18 -0.02349
4.19 -0.0218784
4.2 -0.0203853
4.21 -0.0189723
4.22 -0.0176472
4.23 -0.0164469
4.24 -0.0154077
4.25 -0.014539
4.26 -0.0138206
4.27 -0.0132164
4.28 -0.0126922
4.29 -0.0122328
4.3 -0.0118529
4.31 -0.0116002
4.32 -0.0115451
4.33 -0.0117546
4.34 -0.0122464
4.35 -0.0129504
4.36 -0.0137304
4.37 -0.0144542
4.38 -0.0150586
4.39 -0.0155735
4.4 -0.0160932
4.41 -0.0167157
4.42 -0.0174861
4.43 -0.0183755
4.44 -0.0193045
4.45 -0.0201913
4.46 -0.0209958
4.47 -0.0217317
4.48 -0.0224444
4.49 -0.023172
4.5 -0.0239149
4.51 -0.0246341
4.52 -0.0252786
4.53 -0.0258246
4.54 -0.0263008
4.55 -0.0267836
4.56 -0.0273649
4.57 -0.0281113
4.58 -0.0290361
4.59 -0.0300959
4.6 -0.0312105
4.61 -0.0322899
4.62 -0.0332573
4.63 -0.0340599
4.64 -0.0346704
4.65 -0.0350894
4.66 -0.0353489
4.67 -0.0355061
4.68 -0.0356305
4.69 -0.0357882
4.7 -0.036021
4.71 -0.0363295
4.72 -0.0366684
4.73 -0.0369593
4.74 -0.0371176
4.75 -0.0370833
4.76 -0.0368461
4.77 -0.0364514
4.78 -0.0359814
4.79 -0.0355187
4.8 -0.0351117
4.81 -0.0347588
4.82 -0.0344192
4.83 -0.0340384
4.84 -0.0335756
4.85 -0.0330138
4.86 -0.032355
4.87 -0.0316039
4.88 -0.0307549
4.89 -0.0297887
4.9 -0.0286803
4.91 -0.0274146
4.92 -0.0259994
4.93 -0.0244704
4.94 -0.0228863
4.95 -0.0213181
4.96 -0.0198386
4.97 -0.0185145
4.98 -0.0174004
4.99 -0.0165359
5 -0.0159378
5.01 -0.015597
5.02 -0.015492
5.03 -0.0156077
5.04 -0.0159431
5.05 -0.0165075
5.06 -0.0173145
5.07 -0.0183751
5.08 -0.0196866
5.09 -0.0212181
5.1 -0.0228964
5.11 -0.0246036
5.12 -0.026194
5.13 -0.027524
5.14 -0.0284882
5.15 -0.0290442
5.16 -0.0292177
5.17 -0.0290824
5.18 -0.0287255
5.19 -0.0282144
5.2 -0.0275776
5.21 -0.0268075
5.22 -0.0258818
5.23 -0.0247906
5.24 -0.0235578
5.25 -0.0222503
5.26 -0.0209711
5.27 -0.0198412
5.28 -0.01898
5.29 -0.0184882
5.3 -0.0184358
5.31 -0.0188538
5.32 -0.0197271
5.33 -0.0209925
5.34 -0.0225431
5.35 -0.024242
5.36 -0.0259441
5.37 -0.0275218
5.38 -0.0288832
5.39 -0.029978
5.4 -0.0307882
5.41 -0.0313157
5.42 -0.0315661
5.43 -0.0315268
5.44 -0.0311667
5.45 -0.0304652
5.46 -0.029434
5.47 -0.0281249
5.48 -0.0266235
5.49 -0.0250279
5.5 -0.0234236
5.51 -0.0218697
5.52 -0.0204029
5.53 -0.0190542
5.54 -0.0178665
5.55 -0.0169006
5.56 -0.0162322
5.57 -0.0159398
5.58 -0.0160929
5.59 -0.0167335
5.6 -0.0178421
5.61 -0.0193283
5.62 -0.0210585
5.63 -0.0228947
5.64 -0.0247261
5.65 -0.0264814
5.66 -0.0281192
5.67 -0.0296113
5.68 -0.0309345
5.69 -0.0320797
5.7 -0.0330668
5.71 -0.0339401
5.72 -0.034746
5.73 -0.0355128
5.74 -0.0362417
5.75 -0.0369122
5.76 -0.0374902
5.77 -0.0379437
5.78 -0.038268
5.79 -0.0384915
5.8 -0.0386544
5.81 -0.0387844
5.82 -0.0388822
5.83 -0.0389259
5.84 -0.0388916
5.85 -0.0387796
5.86 -0.0386356
5.87 -0.0385403
5.88 -0.0385636
5.89 -0.0387129
5.9 -0.0389126
5.91 -0.0390289
5.92 -0.0389273
5.93 -0.0385329
5.94 -0.0378565
5.95 -0.0369759
5.96 -0.0359855
5.97 -0.0349468
5.98 -0.0338692
5.99 -0.0327294
6 -0.0315129
6.01 -0.0302484
6.02 -0.0290099
6.03 -0.0278829
6.04 -0.0269166
6.05 -0.0260938
6.06 -0.0253398
6.07 -0.0245663
6.08 -0.023724
6.09 -0.022833
6.1 -0.0219752
6.11 -0.0212538
6.12 -0.0207455
6.13 -0.0204731
6.14 -0.0204095
6.15 -0.0205073
6.16 -0.0207307
6.17 -0.0210709
6.18 -0.021538
6.19 -0.0221381
6.2 -0.0228536
6.21 -0.0236416
6.22 -0.0244496
6.23 -0.0252394
6.24 -0.0260034
6.25 -0.0267631
6.26 -0.0275521
6.27 -0.0283926
6.28 -0.02928
6.29 -0.0301841
6.3 -0.0310654
6.31 -0.0318941
6.32 -0.0326608
6.33 -0.0333708
6.34 -0.0340286
6.35 -0.0346236
6.36 -0.0351289
6.37 -0.0355151
6.38 -0.0357697
6.39 -0.0359091
6.4 -0.0359751
6.41 -0.0360166
6.42 -0.0360672
6.43 -0.0361312
6.44 -0.0361868
6.45 -0.036202
6.46 -0.0361539
6.47 -0.0360403
6.48 -0.0358768
6.49 -0.0356839
6.5 -0.0354736
6.51 -0.0352447
6.52 -0.0349889
6.53 -0.0347036
6.54 -0.0344014
6.55 -0.0341107
6.56 -0.0338654
6.57 -0.0336879
6.58 -0.033576
6.59 -0.0335014
6.6 -0.0334202
6.61 -0.0332925
6.62 -0.0330983
6.63 -0.032844
6.64 -0.0325571
6.65 -0.0322748
6.66 -0.0320322
6.67 -0.0318558
6.68 -0.031761
6.69 -0.0317534
6.7 -0.0318283
6.71 -0.0319711
6.72 -0.032158
6.73 -0.0323598
6.74 -0.0325494
6.75 -0.0327085
6.76 -0.0328324
6.77 -0.0329299
6.78 -0.0330181
6.79 -0.033115
6.8 -0.0332309
6.81 -0.0333628
6.82 -0.0334927
6.83 -0.0335886
6.84 -0.0336085
6.85 -0.0335061
6.86 -0.0332416
6.87 -0.0327952
6.88 -0.032178
6.89 -0.0314352
6.9 -0.0306371
6.91 -0.0298576
6.92 -0.0291496
6.93 -0.0285279
6.94 -0.0279665
6.95 -0.0274156
6.96 -0.0268256
6.97 -0.0261696
6.98 -0.0254518
6.99 -0.0247039
7 -0.0239735
7.01 -0.0233133
7.02 -0.0227722
7.03 -0.0223882
7.04 -0.0221825
7.05 -0.0221555
7.06 -0.0222852
7.07 -0.0225303
7.08 -0.0228371
7.09 -0.0231511
7.1 -0.0234276
7.11 -0.0236397
7.12 -0.0237822
7.13 -0.0238727
7.14 -0.0239485
7.15 -0.0240596
7.16 -0.0242574
7.17 -0.0245803
7.18 -0.0250398
7.19 -0.0256127
7.2 -0.0262434
7.21 -0.0268562
7.22 -0.027376
7.23 -0.0277508
7.24 -0.0279678
7.25 -0.0280564
7.26 -0.0280781
7.27 -0.0281052
7.28 -0.028199
7.29 -0.0283933
7.3 -0.0286892
7.31 -0.0290599
7.32 -0.0294611
7.33 -0.0298431
7.34 -0.0301608
7.35 -0.030382
7.36 -0.0304932
7.37 -0.0305048
7.38 -0.0304522
7.39 -0.0303924
7.4 -0.0303951
7.41 -0.0305283
7.42 -0.0308422
7.43 -0.0313534
7.44 -0.0320381
7.45 -0.032834
7.46 -0.0336557
7.47 -0.0344169
7.48 -0.0350549
7.49 -0.0355469
7.5 -0.0359147
7.51 -0.0362145
7.52 -0.0365175
7.53 -0.0368872
7.54 -0.0373606
7.55 -0.0379363
7.56 -0.0385727
7.57 -0.039196
7.58 -0.0397176
7.59 -0.0400538
7.6 -0.0401417
7.61 -0.0399531
7.62 -0.0395036
7.63 -0.0388503
7.64 -0.0380774
7.65 -0.037272
7.66 -0.0365014
7.67 -0.0357962
7.68 -0.0351454
7.69 -0.0345036
7.7 -0.0338062
7.71 -0.0329893
7.72 -0.0320082
7.73 -0.0308524
7.74 -0.0295525
7.75 -0.0281798
7.76 -0.0268347
7.77 -0.025628
7.78 -0.0246546
7.79 -0.0239696
7.8 -0.023573
7.81 -0.0234112
7.82 -0.0233961
7.83 -0.0234319
7.84 -0.0234414
7.85 -0.0233809
7.86 -0.0232424
7.87 -0.0230447
7.88 -0.0228225
7.89 -0.0226174
7.9 -0.0224736
7.91 -0.0224348
7.92 -0.0225359
7.93 -0.0227895
7.94 -0.0231708
7.95 -0.023612
7.96 -0.0240122
7.97 -0.0242647
7.98 -0.0242922
7.99 -0.0240783
8 -0.0236808
8.01 -0.0232205
8.02 -0.022848
8.03 -0.0226983
8.04 -0.0228517
8.05 -0.0233139
8.06 -0.0240225
8.07 -0.0248739
8.08 -0.025757
8.09 -0.0265806
8.1 -0.0272887
8.11 -0.0278636
8.12 -0.0283224
8.13 -0.028711
8.14 -0.0290957
8.15 -0.0295499
8.16 -0.0301358
8.17 -0.0308845
8.18 -0.0317803
8.19 -0.0327595
8.2 -0.0337259
8.21 -0.0345816
8.22 -0.0352604
8.23 -0.0357513
8.24 -0.036101
8.25 -0.0363967
8.26 -0.0367384
8.27 -0.037207
8.28 -0.0378301
8.29 -0.0385654
8.3 -0.039325
8.31 -0.040022
8.32 -0.0406089
8.33 -0.041101
8.34 -0.0415693
8.35 -0.0421028
8.36 -0.0427635
8.37 -0.0435565
8.38 -0.04443
8.39 -0.0453121
8.4 -0.0461531
8.41 -0.0469332
8.42 -0.0476525
8.43 -0.0483229
8.44 -0.0489608
8.45 -0.049581
8.46 -0.0501914
8.47 -0.0507893
8.48 -0.051362
8.49 -0.0518892
8.5 -0.0523465
8.51 -0.052706
8.52 -0.0529384
8.53 -0.0530183
8.54 -0.0529362
8.55 -0.0527087
8.56 -0.0523721
8.57 -0.0519634
8.58 -0.0515033
8.59 -0.0509902
8.6 -0.0504095
8.61 -0.0497498
8.62 -0.049017
8.63 -0.0482363
8.64 -0.0474419
8.65 -0.0466626
8.66 -0.0459117
8.67 -0.0451876
8.68 -0.0444828
8.69 -0.0437961
8.7 -0.0431379
8.71 -0.0425277
8.72 -0.0419849
8.73 -0.0415191
8.74 -0.0411263
8.75 -0.0407905
8.76 -0.0404909
8.77 -0.040207
8.78 -0.0399204
8.79 -0.0396111
8.8 -0.0392544
8.81 -0.0388218
8.82 -0.0382878
8.83 -0.03764
8.84 -0.0368869
8.85 -0.0360581
8.86 -0.0351968
8.87 -0.0343468
8.88 -0.0335403
8.89 -0.0327933
8.9 -0.032113
8.91 -0.0315076
8.92 -0.0309811
8.93 -0.0305261
8.94 -0.0301412
8.95 -0.0298399
8.96 -0.0296453
8.97 -0.0295828
8.98 -0.0296702
8.99 -0.029912
9 -0.0303042
9.01 -0.0308494
9.02 -0.0315624
9.03 -0.032461
9.04 -0.0335449
9.05 -0.0347788
9.06 -0.0360912
9.07 -0.0373928
9.08 -0.0386071
9.09 -0.0396969
9.1 -0.0406761
9.11 -0.0416002
9.12 -0.04254
9.13 -0.0435504
9.14 -0.0446479
9.15 -0.0458061
9.16 -0.0469671
9.17 -0.048062
9.18 -0.0490291
9.19 -0.0498239
9.2 -0.0504215
9.21 -0.0508162
9.22 -0.0510219
9.23 -0.0510737
9.24 -0.0510211
9.25 -0.0509189
9.26 -0.0508177
9.27 -0.050753
9.28 -0.0507364
9.29 -0.050752
9.3 -0.0507595
9.31 -0.0507063
9.32 -0.0505475
9.33 -0.0502648
9.34 -0.0498724
9.35 -0.04941
9.36 -0.0489299
9.37 -0.0484799
9.38 -0.0480922
9.39 -0.047778
9.4 -0.0475294
9.41 -0.0473245
9.42 -0.0471313
9.43 -0.0469108
9.44 -0.0466205
9.45 -0.0462211
9.46 -0.0456871
9.47 -0.0450186
9.48 -0.0442475
9.49 -0.0434351
9.5 -0.0426602
9.51 -0.0420005
9.52 -0.0415159
9.53 -0.0412389
9.54 -0.0411734
9.55 -0.0413004
9.56 -0.0415857
9.57 -0.0419866
9.58 -0.0424594
9.59 -0.0429655
9.6 -0.0434816
9.61 -0.0440076
9.62 -0.0445706
9.63 -0.0452178
9.64 -0.0459988
9.65 -0.0469408
9.66 -0.0480287
9.67 -0.0491991
9.68 -0.0503539
9.69 -0.0513891
9.7 -0.0522288
9.71 -0.0528449
9.72 -0.0532494
9.73 -0.0534762
9.74 -0.053568
9.75 -0.0535659
9.76 -0.0535013
9.77 -0.05339
9.78 -0.0532297
9.79 -0.053003
9.8 -0.0526865
9.81 -0.0522611
9.82 -0.0517204
9.83 -0.0510735
9.84 -0.0503428
9.85 -0.049557
9.86 -0.0487421
9.87 -0.0479142
9.88 -0.0470756
9.89 -0.0462154
9.9 -0.045316
9.91 -0.0443625
9.92 -0.0433528
9.93 -0.042304
9.94 -0.0412525
9.95 -0.0402459
9.96 -0.0393323
9.97 -0.03855
9.98 -0.0379224
9.99 -0.037458
10 -0.0371519
10.01 -0.0369904
10.02 -0.0369543
10.03 -0.0370241
10.04 -0.0371825
10.05 -0.0374178
10.06 -0.0377251
10.07 -0.0381056
10.08 -0.0385641
10.09 -0.0391045
10.1 -0.0397247
10.11 -0.0404119
10.12 -0.0411393
10.13 -0.0418666
10.14 -0.0425449
10.15 -0.0431261
10.16 -0.0435732
10.17 -0.0438684
10.18 -0.0440163
10.19 -0.0440411
10.2 -0.043981
10.21 -0.0438815
10.22 -0.0437906
10.23 -0.0437552
10.24 -0.0438163
10.25 -0.0440033
10.26 -0.0443265
10.27 -0.0447723
10.28 -0.0453049
10.29 -0.0458752
10.3 -0.0464363
10.31 -0.046958
10.32 -0.0474371
10.33 -0.0478969
10.34 -0.0483778
10.35 -0.0489201
10.36 -0.0495454
10.37 -0.0502411
10.38 -0.0509556
10.39 -0.0516067
10.4 -0.0521011
10.41 -0.0523585
10.42 -0.0523314
10.43 -0.0520134
10.44 -0.0514357
10.45 -0.0506546
10.46 -0.0497375
10.47 -0.0487514
10.48 -0.0477574
10.49 -0.0468062
10.5 -0.045934
10.51 -0.0451554
10.52 -0.0444591
10.53 -0.0438088
10.54 -0.0431546
10.55 -0.0424504
10.56 -0.0416725
10.57 -0.0408305
10.58 -0.039965
10.59 -0.0391327
10.6 -0.0383854
10.61 -0.037751
10.62 -0.0372263
10.63 -0.0367826
10.64 -0.0363793
10.65 -0.0359788
10.66 -0.0355545
10.67 -0.0350919
10.68 -0.0345867
10.69 -0.0340442
10.7 -0.0334838
10.71 -0.0329447
10.72 -0.0324884
10.73 -0.0321915
10.74 -0.0321267
10.75 -0.0323419
10.76 -0.0328554
10.77 -0.0336584
10.78 -0.0347161
10.79 -0.0359783
10.8 -0.0373935
10.81 -0.0389213
10.82 -0.0405342
10.83 -0.042213
10.84 -0.0439371
10.85 -0.0456789
10.86 -0.0474032
10.87 -0.0490713
10.88 -0.0506449
10.89 -0.0520888
10.9 -0.0533779
10.91 -0.0544881
10.92 -0.0553745
10.93 -0.0559802
10.94 -0.0562681
10.95 -0.0562445
10.96 -0.0559641
10.97 -0.055513
10.98 -0.0549777
10.99 -0.0544187
11 -0.0538609
11.01 -0.0533025
11.02 -0.0527301
11.03 -0.0521333
11.04 -0.0515132
11.05 -0.0508866
11.06 -0.0502855
11.07 -0.0497516
11.08 -0.0493286
11.09 -0.049055
11.1 -0.0489582
11.11 -0.0490523
11.12 -0.0493374
11.13 -0.0497988
11.14 -0.0504054
11.15 -0.0511076
11.16 -0.051836
11.17 -0.0525104
11.18 -0.0530565
11.19 -0.0534263
11.2 -0.0536121
11.21 -0.053645
11.22 -0.0535799
11.23 -0.0534706
11.24 -0.0533487
11.25 -0.0532144
11.26 -0.0530407
11.27 -0.0527894
11.28 -0.0524277
11.29 -0.05194
11.3 -0.0513299
11.31 -0.0506169
11.32 -0.049831
11.33 -0.0490093
11.34 -0.0481963
11.35 -0.047443
11.36 -0.0468023
11.37 -0.046317
11.38 -0.0460056
11.39 -0.0458509
11.4 -0.0457982
11.41 -0.0457667
11.42 -0.0456696
11.43 -0.0454364
11.44 -0.0450275
11.45 -0.0444375
11.46 -0.0436884
11.47 -0.0428173
11.48 -0.041864
11.49 -0.0408628
11.5 -0.0398377
11.51 -0.0388056
11.52 -0.0377763
11.53 -0.0367437
11.54 -0.0356853
11.55 -0.0345749
11.56 -0.0333942
11.57 -0.0321509
11.58 -0.0308858
11.59 -0.0296403
11.6 -0.0284332
11.61 -0.0272931
11.62 -0.0262829
11.63 -0.0254903
11.64 -0.0250083
11.65 -0.0249132
11.66 -0.0252431
11.67 -0.0259705
11.68 -0.0270012
11.69 -0.0282186
11.7 -0.0295348
11.71 -0.0309066
11.72 -0.0323165
11.73 -0.0337364
11.74 -0.0351082
11.75 -0.036355
11.76 -0.0374199
11.77 -0.0383017
11.78 -0.0390639
11.79 -0.039806
11.8 -0.0406124
11.81 -0.0415063
11.82 -0.0424356
11.83 -0.0432989
11.84 -0.0439958
11.85 -0.0444745
11.86 -0.044746
11.87 -0.0448614
11.88 -0.0448953
11.89 -0.0449454
11.9 -0.0451097
11.91 -0.0454385
11.92 -0.0459095
11.93 -0.0464441
11.94 -0.0469519
11.95 -0.0473784
11.96 -0.0477329
11.97 -0.0480818
11.98 -0.0485141
11.99 -0.0490944
12 -0.0498297
12.01 -0.0506641
12.02 -0.0515093
12.03 -0.052291
12.04 -0.0529747
12.05 -0.0535632
12.06 -0.0540806
12.07 -0.0545557
12.08 -0.0550077
12.09 -0.0554393
12.1 -0.0558372
12.11 -0.0561794
12.12 -0.0564461
12.13 -0.0566301
12.14 -0.0567404
12.15 -0.056801
12.16 -0.0568413
12.17 -0.0568834
12.18 -0.0569318
12.19 -0.0569748
12.2 -0.0569919
12.21 -0.056961
12.22 -0.0568652
12.23 -0.0566989
12.24 -0.0564734
12.25 -0.0562169
12.26 -0.0559641
12.27 -0.0557426
12.28 -0.0555628
12.29 -0.055417
12.3 -0.0552862
12.31 -0.05515
12.32 -0.0549934
12.33 -0.0548074
12.34 -0.0545865
12.35 -0.0543241
12.36 -0.054013
12.37 -0.0536481
12.38 -0.0532307
12.39 -0.0527701
12.4 -0.0522808
12.41 -0.0517758
12.42 -0.0512605
12.43 -0.0507298
12.44 -0.0501709
12.45 -0.0495697
12.46 -0.0489184
12.47 -0.0482189
12.48 -0.0474833
12.49 -0.0467287
12.5 -0.0459734
12.51 -0.0452331
12.52 -0.0445229
12.53 -0.0438595
12.54 -0.0432636
12.55 -0.0427572
12.56 -0.0423589
12.57 -0.0420778
12.58 -0.0419109
12.59 -0.0418453
12.6 -0.0418647
12.61 -0.0419565
12.62 -0.0421168
12.63 -0.0423494
12.64 -0.0426617
12.65 -0.0430598
12.66 -0.0435445
12.67 -0.0441113
12.68 -0.0447511
12.69 -0.0454506
12.7 -0.0461927
12.71 -0.0469554
12.72 -0.0477118
12.73 -0.0484336
12.74 -0.0490972
12.75 -0.0496907
12.76 -0.0502181
12.77 -0.050698
12.78 -0.0511579
12.79 -0.0516237
12.8 -0.0521114
12.81 -0.052623
12.82 -0.0531487
12.83 -0.0536728
12.84 -0.0541829
12.85 -0.0546755
12.86 -0.0551588
12.87 -0.0556447
12.88 -0.0561323
12.89 -0.0566058
12.9 -0.057046
12.91 -0.0574435
12.92 -0.0578065
12.93 -0.0581613
12.94 -0.0585445
12.95 -0.058988
12.96 -0.0595086
12.97 -0.0601102
12.98 -0.0607873
12.99 -0.0615224
13 -0.0622869
13.01 -0.063044
13.02 -0.0637562
13.03 -0.0643922
13.04 -0.0649325
13.05 -0.0653718
13.06 -0.065718
13.07 -0.0659881
13.08 -0.066202
13.09 -0.0663779
13.1 -0.0665313
13.11 -0.0666759
13.12 -0.0668236
13.13 -0.066984
13.14 -0.0671646
13.15 -0.06737
13.16 -0.0676019
13.17 -0.0678607
13.18 -0.0681507
13.19 -0.0684773
13.2 -0.0688369
13.21 -0.0692075
13.22 -0.0695468
13.23 -0.069799
13.24 -0.069907
13.25 -0.0698305
13.26 -0.0695691
13.27 -0.0691741
13.28 -0.0687286
13.29 -0.0683096
13.3 -0.0679603
13.31 -0.0676829
13.32 -0.0674543
13.33 -0.0672475
13.34 -0.0670469
13.35 -0.0668472
13.36 -0.0666425
13.37 -0.0664156
13.38 -0.0661407
13.39 -0.0657986
13.4 -0.0653958
13.41 -0.0649741
13.42 -0.0646024
13.43 -0.0643507
13.44 -0.064262
13.45 -0.064334
13.46 -0.064522
13.47 -0.0647595
13.48 -0.0649861
13.49 -0.0651662
13.5 -0.0652927
13.51 -0.0653759
13.52 -0.0654283
13.53 -0.0654546
13.54 -0.0654533
13.55 -0.0654247
13.56 -0.0653784
13.57 -0.0653316
13.58 -0.065299
13.59 -0.0652792
13.6 -0.0652472
13.61 -0.0651602
13.62 -0.0649753
13.63 -0.0646703
13.64 -0.0642581
13.65 -0.0637858
13.66 -0.0633196
13.67 -0.0629234
13.68 -0.0626406
13.69 -0.0624878
13.7 -0.0624593
13.71 -0.0625384
13.72 -0.062708
13.73 -0.0629542
13.74 -0.0632646
13.75 -0.0636253
13.76 -0.0640212
13.77 -0.0644409
13.78 -0.0648838
13.79 -0.0653622
13.8 -0.0658971
13.81 -0.0665058
13.82 -0.0671885
13.83 -0.0679211
13.84 -0.0686582
13.85 -0.0693454
13.86 -0.0699358
13.87 -0.0704029
13.88 -0.0707448
13.89 -0.0709812
13.9 -0.0711416
13.91 -0.0712557
13.92 -0.0713539
13.93 -0.071462
13.94 -0.0715937
13.95 -0.0717487
13.96 -0.0719143
13.97 -0.0720698
13.98 -0.0721937
13.99 -0.0722706
14 -0.0722963
14.01 -0.0722791
14.02 -0.0722392
14.03 -0.0722051
14.04 -0.0722062
14.05 -0.0722626
14.06 -0.0723807
14.07 -0.072555
14.08 -0.0727758
14.09 -0.0730364
14.1 -0.0733389
14.11 -0.0736958
14.12 -0.0741264
14.13 -0.0746479
14.14 -0.075267
14.15 -0.0759775
14.16 -0.0767613
14.17 -0.0775933
14.18 -0.0784466
14.19 -0.0792989
14.2 -0.0801357
14.21 -0.0809521
14.22 -0.0817503
14.23 -0.0825359
14.24 -0.0833129
14.25 -0.0840809
14.26 -0.0848335
14.27 -0.0855606
14.28 -0.0862519
14.29 -0.0869001
14.3 -0.0875045
14.31 -0.0880717
14.32 -0.0886138
14.33 -0.0891447
14.34 -0.0896762
14.35 -0.0902139
14.36 -0.0907566
14.37 -0.0912964
14.38 -0.0918219
14.39 -0.0923212
14.4 -0.0927855
14.41 -0.0932117
14.42 -0.0936033
14.43 -0.0939698
14.44 -0.0943247
14.45 -0.0946831
14.46 -0.0950596
14.47 -0.0954672
14.48 -0.0959163
14.49 -0.0964165
14.5 -0.0969768
14.51 -0.0976072
14.52 -0.0983187
14.53 -0.0991238
14.54 -0.100035
14.55 -0.101063
14.56 -0.102217
14.57 -0.1035
14.58 -0.10491
14.59 -0.106441
14.6 -0.108081
14.61 -0.109817
14.62 -0.111639
14.63 -0.113532
14.64 -0.115488
14.65 -0.117498
14.66 -0.119557
14.67 -0.121655
14.68 -0.123783
14.69 -0.125928
14.7 -0.128076
14.71 -0.13021
14.72 -0.132312
14.73 -0.134369
14.74 -0.13637
14.75 -0.138309
14.76 -0.140232
14.77 -0.142187
14.78 -0.144076
14.79 -0.145671
14.8 -0.146701
14.81 -0.146958
14.82 -0.146441
14.83 -0.145432
14.84 -0.144414
