0.02 -3.25467e-008
0.04 1.79159e-007
0.06 2.15693e-006
0.08 8.51678e-006
0.1 2.09154e-005
0.12 3.83998e-005
0.14 5.79463e-005
0.16 7.59586e-005
0.18 8.82342e-005
0.2 8.98504e-005
0.22 7.84515e-005
0.24 5.68216e-005
0.26 2.98854e-005
0.28 2.765e-006
0.3 -1.7156e-005
0.32 -2.3285e-005
0.34 -1.66411e-005
0.36 -4.49179e-006
0.38 6.55887e-006
0.4 1.21128e-005
0.42 7.83226e-006
0.44 -1.10767e-005
0.46 -4.678e-005
0.48 -9.01179e-005
0.5 -0.000117769
0.52 -0.000112394
0.54 -8.13037e-005
0.56 -3.63555e-005
0.58 2.94165e-005
0.6 0.000116641
0.62 0.000192854
0.64 0.000232243
0.66 0.000257411
0.68 0.000299453
0.7 0.000343658
0.72 0.000360773
0.74 0.000375536
0.76 0.00043336
0.78 0.000509288
0.8 0.000542438
0.82 0.000545036
0.84 0.000583545
0.86 0.000660117
0.88 0.000699964
0.9 0.000666492
0.92 0.000609924
0.94 0.000572568
0.96 0.000513087
0.98 0.000375443
1 0.000185321
1.02 1.72515e-005
1.04 -0.000107197
1.06 -0.000230744
1.08 -0.000377706
1.1 -0.000512038
1.12 -0.000597489
1.14 -0.000668247
1.16 -0.000796534
1.18 -0.000988822
1.2 -0.00116657
1.22 -0.0012797
1.24 -0.0013823
1.26 -0.00152816
1.28 -0.00164105
1.3 -0.00160091
1.32 -0.00143954
1.34 -0.00130911
1.36 -0.00123981
1.38 -0.0010964
1.4 -0.000832556
1.42 -0.00060579
1.44 -0.000531951
1.46 -0.000491458
1.48 -0.000331463
1.5 -0.000128624
1.52 -5.54854e-005
1.54 -6.94627e-005
1.56 3.01094e-005
1.58 0.000260856
1.6 0.000424745
1.62 0.000442676
1.64 0.000474111
1.66 0.000616504
1.68 0.00070567
1.7 0.000569225
1.72 0.000314171
1.74 0.0001587
1.76 7.97423e-005
1.78 -0.00012979
1.8 -0.000482636
1.82 -0.000739453
1.84 -0.000776022
1.86 -0.000755617
1.88 -0.000829829
1.9 -0.00089345
1.92 -0.000803563
1.94 -0.000673418
1.96 -0.000725344
1.98 -0.000935468
2 -0.00106334
2.02 -0.00101962
2.04 -0.000963966
2.06 -0.00099295
2.08 -0.000968825
2.1 -0.000767425
2.12 -0.000493736
2.14 -0.000302537
2.16 -0.000156354
2.18 6.95222e-005
2.2 0.000334695
2.22 0.000457695
2.24 0.000363984
2.26 0.000176181
2.28 4.75357e-005
2.3 8.51232e-006
2.32 2.96365e-005
2.34 0.000144386
2.36 0.000401747
2.38 0.000742821
2.4 0.00101748
2.42 0.0011231
2.44 0.00109576
2.46 0.00104988
2.48 0.00103343
2.5 0.000977704
2.52 0.000800137
2.54 0.000501748
2.56 0.000130006
2.58 -0.000284405
2.6 -0.000687424
2.62 -0.000956321
2.64 -0.000981951
2.66 -0.000796879
2.68 -0.000583472
2.7 -0.000541321
2.72 -0.000747836
2.74 -0.00113397
2.76 -0.00156421
2.78 -0.00192375
2.8 -0.00214397
2.82 -0.00219651
2.84 -0.00210649
2.86 -0.00194854
2.88 -0.00179281
2.9 -0.00165116
2.92 -0.00147351
2.94 -0.00119997
2.96 -0.000850768
2.98 -0.000566718
3 -0.000498153
3.02 -0.000633184
3.04 -0.00079323
3.06 -0.000788612
3.08 -0.000494747
3.1 0.000185029
3.12 0.00128723
3.14 0.00268935
3.16 0.00414492
3.18 0.00548005
3.2 0.00671122
3.22 0.0078856
3.24 0.00895087
3.26 0.00996437
3.27 0.0105294
3.28 0.0112012
3.29 0.0119812
3.3 0.012827
3.31 0.0136806
3.32 0.0144941
3.33 0.0152466
3.34 0.0159441
3.35 0.0166068
3.36 0.0172503
3.37 0.0178727
3.38 0.0184526
3.39 0.0189593
3.4 0.0193695
3.41 0.0196833
3.42 0.0199315
3.43 0.020169
3.44 0.0204533
3.45 0.0208155
3.46 0.0212429
3.47 0.021681
3.48 0.0220476
3.49 0.0222466
3.5 0.0221828
3.51 0.021793
3.52 0.0210712
3.53 0.0200646
3.54 0.0188436
3.55 0.0174687
3.56 0.0159729
3.57 0.0143666
3.58 0.0126561
3.59 0.0108631
3.6 0.00903005
3.61 0.00722308
3.62 0.00555255
3.63 0.00412437
3.64 0.00293057
3.65 0.0018581
3.66 0.000774301
3.67 -0.000424374
3.68 -0.00177632
3.69 -0.00324313
3.7 -0.00474551
3.71 -0.00620128
3.72 -0.0075466
3.73 -0.00875247
3.74 -0.00983195
3.75 -0.010837
3.76 -0.0118418
3.77 -0.0129174
3.78 -0.014118
3.79 -0.0154838
3.8 -0.0170318
3.81 -0.0187262
3.82 -0.0204642
3.83 -0.0221082
3.84 -0.0235453
3.85 -0.0247361
3.86 -0.0257273
3.87 -0.0266226
3.88 -0.027522
3.89 -0.0284705
3.9 -0.029447
3.91 -0.0303823
3.92 -0.0311917
3.93 -0.0318082
3.94 -0.032206
3.95 -0.0324043
3.96 -0.0324529
3.97 -0.0324085
3.98 -0.0323007
3.99 -0.0321027
4 -0.0317366
4.01 -0.0311174
4.02 -0.0302164
4.03 -0.0291025
4.04 -0.0279285
4.05 -0.026861
4.06 -0.0259967
4.07 -0.0253156
4.08 -0.0247025
4.09 -0.0240249
4.1 -0.0232137
4.11 -0.0222968
4.12 -0.0213658
4.13 -0.0205024
4.14 -0.0197163
4.15 -0.0189371
4.16 -0.0180671
4.17 -0.0170604
4.18 -0.0159763
4.19 -0.0149764
4.2 -0.0142341
4.21 -0.0138109
4.22 -0.0136397
4.23 -0.0135872
4.24 -0.0135208
4.25 -0.013369
4.26 -0.0131416
4.27 -0.0129074
4.28 -0.0127568
4.29 -0.012764
4.3 -0.0129518
4.31 -0.0132693
4.32 -0.0136049
4.33 -0.0138359
4.34 -0.0139011
4.35 -0.0138521
4.36 -0.0138265
4.37 -0.013962
4.38 -0.0143157
4.39 -0.0148363
4.4 -0.0154035
4.41 -0.0159066
4.42 -0.0163105
4.43 -0.0166734
4.44 -0.017105
4.45 -0.0176944
4.46 -0.0184538
4.47 -0.0193092
4.48 -0.0201434
4.49 -0.0208616
4.5 -0.0214421
4.51 -0.021944
4.52 -0.0224695
4.53 -0.0231038
4.54 -0.0238715
4.55 -0.0247321
4.56 -0.0256111
4.57 -0.0264419
4.58 -0.0271905
4.59 -0.027852
4.6 -0.0284274
4.61 -0.0289043
4.62 -0.0292543
4.63 -0.0294517
4.64 -0.0294975
4.65 -0.0294295
4.66 -0.029311
4.67 -0.0292101
4.68 -0.0291783
4.69 -0.0292351
4.7 -0.029372
4.71 -0.0295679
4.72 -0.0298048
4.73 -0.0300725
4.74 -0.0303693
4.75 -0.0306941
4.76 -0.0310219
4.77 -0.0312878
4.78 -0.0314028
4.79 -0.0312909
4.8 -0.0309261
4.81 -0.0303428
4.82 -0.0296136
4.83 -0.0288091
4.84 -0.0279662
4.85 -0.0270815
4.86 -0.0261295
4.87 -0.0250907
4.88 -0.0239733
4.89 -0.0228191
4.9 -0.0216919
4.91 -0.0206592
4.92 -0.0197747
4.93 -0.0190717
4.94 -0.0185664
4.95 -0.0182646
4.96 -0.0181647
4.97 -0.0182553
4.98 -0.0185104
4.99 -0.0188873
5 -0.0193363
5.01 -0.0198146
5.02 -0.0202866
5.03 -0.0207188
5.04 -0.021083
5.05 -0.021362
5.06 -0.0215461
5.07 -0.0216226
5.08 -0.0215682
5.09 -0.0213566
5.1 -0.0209781
5.11 -0.0204579
5.12 -0.0198609
5.13 -0.0192775
5.14 -0.0187963
5.15 -0.0184756
5.16 -0.0183313
5.17 -0.0183447
5.18 -0.0184845
5.19 -0.0187291
5.2 -0.0190761
5.21 -0.019536
5.22 -0.0201155
5.23 -0.0208019
5.24 -0.0215589
5.25 -0.0223344
5.26 -0.0230769
5.27 -0.0237496
5.28 -0.0243355
5.29 -0.0248291
5.3 -0.0252221
5.31 -0.0254934
5.32 -0.0256091
5.33 -0.0255338
5.34 -0.0252464
5.35 -0.0247508
5.36 -0.0240766
5.37 -0.0232668
5.38 -0.0223657
5.39 -0.0214143
5.4 -0.0204556
5.41 -0.0195387
5.42 -0.0187214
5.43 -0.0180778
5.44 -0.017694
5.45 -0.01764
5.46 -0.0179371
5.47 -0.0185418
5.48 -0.0193527
5.49 -0.020241
5.5 -0.0210907
5.51 -0.0218305
5.52 -0.0224394
5.53 -0.022928
5.54 -0.0233137
5.55 -0.0236053
5.56 -0.0237949
5.57 -0.0238603
5.58 -0.0237728
5.59 -0.0235183
5.6 -0.0231297
5.61 -0.0226909
5.62 -0.0223035
5.63 -0.0220457
5.64 -0.0219469
5.65 -0.0219947
5.66 -0.0221692
5.67 -0.0224782
5.68 -0.0229669
5.69 -0.0236913
5.7 -0.0246753
5.71 -0.025893
5.72 -0.0272817
5.73 -0.0287669
5.74 -0.0302826
5.75 -0.0317827
5.76 -0.0332343
5.77 -0.0345882
5.78 -0.0357656
5.79 -0.0366742
5.8 -0.037238
5.81 -0.0374305
5.82 -0.0372946
5.83 -0.036938
5.84 -0.0365052
5.85 -0.0361242
5.86 -0.0358476
5.87 -0.0356321
5.88 -0.035388
5.89 -0.0350542
5.9 -0.0346426
5.91 -0.0342262
5.92 -0.033881
5.93 -0.0336217
5.94 -0.033378
5.95 -0.03303
5.96 -0.0324792
5.97 -0.0317133
5.98 -0.030821
5.99 -0.0299495
6 -0.0292268
6.01 -0.028695
6.02 -0.0282952
6.03 -0.0279117
6.04 -0.0274458
6.05 -0.0268747
6.06 -0.0262567
6.07 -0.0256844
6.08 -0.0252209
6.09 -0.0248609
6.1 -0.0245416
6.11 -0.024193
6.12 -0.0237931
6.13 -0.0233897
6.14 -0.0230781
6.15 -0.0229487
6.16 -0.0230379
6.17 -0.0233124
6.18 -0.023692
6.19 -0.0240952
6.2 -0.0244782
6.21 -0.0248453
6.22 -0.0252301
6.23 -0.0256625
6.24 -0.0261445
6.25 -0.0266477
6.26 -0.0271336
6.27 -0.0275811
6.28 -0.0280033
6.29 -0.028441
6.3 -0.028936
6.31 -0.0295016
6.32 -0.0301089
6.33 -0.0306997
6.34 -0.0312182
6.35 -0.0316404
6.36 -0.0319831
6.37 -0.0322873
6.38 -0.0325882
6.39 -0.0328922
6.4 -0.0331748
6.41 -0.0333999
6.42 -0.0335455
6.43 -0.0336196
6.44 -0.033655
6.45 -0.0336874
6.46 -0.0337319
6.47 -0.0337725
6.48 -0.0337719
6.49 -0.0336962
6.5 -0.0335374
6.51 -0.0333205
6.52 -0.0330914
6.53 -0.0328946
6.54 -0.0327527
6.55 -0.032657
6.56 -0.032576
6.57 -0.0324746
6.58 -0.0323337
6.59 -0.0321579
6.6 -0.031969
6.61 -0.0317894
6.62 -0.0316295
6.63 -0.031486
6.64 -0.0313521
6.65 -0.0312285
6.66 -0.0311289
6.67 -0.0310745
6.68 -0.0310819
6.69 -0.0311534
6.7 -0.0312747
6.71 -0.0314213
6.72 -0.031568
6.73 -0.0316951
6.74 -0.0317899
6.75 -0.0318446
6.76 -0.0318542
6.77 -0.0318144
6.78 -0.0317225
6.79 -0.0315777
6.8 -0.0313819
6.81 -0.0311373
6.82 -0.0308444
6.83 -0.0305023
6.84 -0.0301138
6.85 -0.0296945
6.86 -0.029276
6.87 -0.0288985
6.88 -0.0285943
6.89 -0.028373
6.9 -0.0282157
6.91 -0.0280823
6.92 -0.0279308
6.93 -0.0277358
6.94 -0.0274956
6.95 -0.0272218
6.96 -0.0269228
6.97 -0.026594
6.98 -0.0262227
6.99 -0.0258035
7 -0.0253502
7.01 -0.0248949
7.02 -0.0244775
7.03 -0.0241325
7.04 -0.0238801
7.05 -0.0237223
7.06 -0.0236459
7.07 -0.0236298
7.08 -0.0236502
7.09 -0.0236851
7.1 -0.0237179
7.11 -0.0237436
7.12 -0.0237726
7.13 -0.0238289
7.14 -0.0239408
7.15 -0.0241285
7.16 -0.024395
7.17 -0.0247241
7.18 -0.0250866
7.19 -0.0254496
7.2 -0.0257871
7.21 -0.0260863
7.22 -0.0263472
7.23 -0.0265763
7.24 -0.0267787
7.25 -0.0269551
7.26 -0.0271042
7.27 -0.02723
7.28 -0.0273466
7.29 -0.0274772
7.3 -0.027645
7.31 -0.027862
7.32 -0.0281221
7.33 -0.028404
7.34 -0.0286814
7.35 -0.0289364
7.36 -0.0291685
7.37 -0.0293952
7.38 -0.0296457
7.39 -0.0299494
7.4 -0.0303249
7.41 -0.0307716
7.42 -0.0312684
7.43 -0.0317801
7.44 -0.0322689
7.45 -0.0327047
7.46 -0.0330724
7.47 -0.0333711
7.48 -0.0336096
7.49 -0.0338002
7.5 -0.0339556
7.51 -0.0340895
7.52 -0.0342175
7.53 -0.0343544
7.54 -0.0345094
7.55 -0.0346812
7.56 -0.0348561
7.57 -0.0350115
7.58 -0.0351198
7.59 -0.035155
7.6 -0.0351025
7.61 -0.0349616
7.62 -0.0347393
7.63 -0.034444
7.64 -0.0340823
7.65 -0.0336604
7.66 -0.0331859
7.67 -0.0326675
7.68 -0.0321124
7.69 -0.0315237
7.7 -0.0309014
7.71 -0.0302467
7.72 -0.0295684
7.73 -0.028888
7.74 -0.0282383
7.75 -0.0276553
7.76 -0.0271655
7.77 -0.026776
7.78 -0.0264732
7.79 -0.0262324
7.8 -0.0260291
7.81 -0.025843
7.82 -0.0256548
7.83 -0.0254385
7.84 -0.0251596
7.85 -0.0247831
7.86 -0.024291
7.87 -0.0236998
7.88 -0.0230672
7.89 -0.0224803
7.9 -0.0220276
7.91 -0.0217669
7.92 -0.0217061
7.93 -0.021806
7.94 -0.0220035
7.95 -0.0222399
7.96 -0.0224827
7.97 -0.0227309
7.98 -0.0230047
7.99 -0.0233258
8 -0.0237002
8.01 -0.0241113
8.02 -0.024528
8.03 -0.0249222
8.04 -0.0252833
8.05 -0.025622
8.06 -0.0259583
8.07 -0.026302
8.08 -0.0266401
8.09 -0.0269413
8.1 -0.0271754
8.11 -0.027336
8.12 -0.0274503
8.13 -0.0275724
8.14 -0.027762
8.15 -0.0280619
8.16 -0.0284856
8.17 -0.0290207
8.18 -0.0296435
8.19 -0.0303355
8.2 -0.0310909
8.21 -0.0319091
8.22 -0.0327812
8.23 -0.0336804
8.24 -0.0345653
8.25 -0.0353935
8.26 -0.0361335
8.27 -0.036754
8.28 -0.0372387
8.29 -0.0376313
8.3 -0.0380275
8.31 -0.0385245
8.32 -0.0391863
8.33 -0.0400219
8.34 -0.0409798
8.35 -0.0419767
8.36 -0.042941
8.37 -0.0438429
8.38 -0.0446986
8.39 -0.0455448
8.4 -0.0464065
8.41 -0.0472854
8.42 -0.0481629
8.43 -0.0490068
8.44 -0.0497788
8.45 -0.0504427
8.46 -0.0509719
8.47 -0.0513547
8.48 -0.0515947
8.49 -0.0517056
8.5 -0.0517033
8.51 -0.0516036
8.52 -0.051425
8.53 -0.051188
8.54 -0.0509073
8.55 -0.0505823
8.56 -0.0502012
8.57 -0.04976
8.58 -0.0492793
8.59 -0.0488061
8.6 -0.0483977
8.61 -0.0480944
8.62 -0.0478995
8.63 -0.0477786
8.64 -0.0476772
8.65 -0.0475457
8.66 -0.0473559
8.67 -0.0471028
8.68 -0.046792
8.69 -0.0464251
8.7 -0.0459932
8.71 -0.0454813
8.72 -0.0448805
8.73 -0.0441984
8.74 -0.0434603
8.75 -0.0427007
8.76 -0.0419486
8.77 -0.041218
8.78 -0.0405076
8.79 -0.0398107
8.8 -0.0391289
8.81 -0.0384783
8.82 -0.037886
8.83 -0.0373785
8.84 -0.0369696
8.85 -0.0366546
8.86 -0.0364159
8.87 -0.0362359
8.88 -0.0361107
8.89 -0.0360528
8.9 -0.0360792
8.91 -0.036193
8.92 -0.0363808
8.93 -0.0366158
8.94 -0.0368517
8.95 -0.0370307
8.96 -0.0371093
8.97 -0.0370831
8.98 -0.0369981
8.99 -0.036942
9 -0.0370099
9.01 -0.0372628
9.02 -0.0377036
9.03 -0.0382849
9.04 -0.0389411
9.05 -0.0396232
9.06 -0.0403177
9.07 -0.0410419
9.08 -0.0418217
9.09 -0.0426674
9.1 -0.0435614
9.11 -0.0444612
9.12 -0.0453185
9.13 -0.0461003
9.14 -0.0468004
9.15 -0.0474341
9.16 -0.0480198
9.17 -0.0485617
9.18 -0.0490443
9.19 -0.0494432
9.2 -0.0497434
9.21 -0.049953
9.22 -0.0501029
9.23 -0.0502346
9.24 -0.0503874
9.25 -0.0505881
9.26 -0.0508424
9.27 -0.0511356
9.28 -0.0514393
9.29 -0.0517196
9.3 -0.0519463
9.31 -0.0521013
9.32 -0.0521739
9.33 -0.0521504
9.34 -0.0520149
9.35 -0.0517567
9.36 -0.0513792
9.37 -0.0509045
9.38 -0.0503707
9.39 -0.0498213
9.4 -0.0492897
9.41 -0.0487897
9.42 -0.0483151
9.43 -0.0478509
9.44 -0.0473884
9.45 -0.0469362
9.46 -0.0465202
9.47 -0.0461751
9.48 -0.0459318
9.49 -0.0458092
9.5 -0.0458129
9.51 -0.0459404
9.52 -0.0461842
9.53 -0.0465307
9.54 -0.0469539
9.55 -0.0474118
9.56 -0.0478499
9.57 -0.0482146
9.58 -0.0484707
9.59 -0.0486142
9.6 -0.0486728
9.61 -0.0486936
9.62 -0.0487231
9.63 -0.0487899
9.64 -0.0489007
9.65 -0.0490502
9.66 -0.0492371
9.67 -0.0494738
9.68 -0.0497822
9.69 -0.050177
9.7 -0.0506438
9.71 -0.0511328
9.72 -0.0515871
9.73 -0.0519733
9.74 -0.0522795
9.75 -0.0524997
9.76 -0.0526297
9.77 -0.052666
9.78 -0.0526094
9.79 -0.0524666
9.8 -0.0522472
9.81 -0.0519586
9.82 -0.0516031
9.83 -0.0511778
9.84 -0.0506773
9.85 -0.0500972
9.86 -0.049438
9.87 -0.0487075
9.88 -0.0479227
9.89 -0.0471107
9.9 -0.0463068
9.91 -0.0455495
9.92 -0.0448728
9.93 -0.0442991
9.94 -0.0438369
9.95 -0.0434837
9.96 -0.0432318
9.97 -0.0430723
9.98 -0.0429945
9.99 -0.0429829
10 -0.0430156
10.01 -0.0430651
10.02 -0.0431035
10.03 -0.0431082
10.04 -0.0430673
10.05 -0.0429815
10.06 -0.0428637
10.07 -0.0427345
10.08 -0.0426179
10.09 -0.0425348
10.1 -0.0424998
10.11 -0.0425193
10.12 -0.042594
10.13 -0.0427219
10.14 -0.0429015
10.15 -0.0431313
10.16 -0.0434081
10.17 -0.0437262
10.18 -0.0440795
10.19 -0.0444662
10.2 -0.0448932
10.21 -0.0453743
10.22 -0.0459225
10.23 -0.0465392
10.24 -0.0472057
10.25 -0.0478822
10.26 -0.0485175
10.27 -0.0490638
10.28 -0.04949
10.29 -0.049788
10.3 -0.0499702
10.31 -0.0500618
10.32 -0.0500923
10.33 -0.0500866
10.34 -0.050061
10.35 -0.0500206
10.36 -0.0499627
10.37 -0.049884
10.38 -0.0497865
10.39 -0.0496786
10.4 -0.0495694
10.41 -0.0494607
10.42 -0.0493437
10.43 -0.0492023
10.44 -0.0490245
10.45 -0.0488137
10.46 -0.0485915
10.47 -0.0483905
10.48 -0.0482363
10.49 -0.0481304
10.5 -0.0480433
10.51 -0.0479229
10.52 -0.0477125
10.53 -0.0473705
10.54 -0.0468797
10.55 -0.046246
10.56 -0.0454877
10.57 -0.0446257
10.58 -0.0436789
10.59 -0.0426692
10.6 -0.0416302
10.61 -0.0406138
10.62 -0.0396847
10.63 -0.0389044
10.64 -0.0383118
10.65 -0.0379116
10.66 -0.0376784
10.67 -0.0375755
10.68 -0.037576
10.69 -0.0376751
10.7 -0.0378875
10.71 -0.0382319
10.72 -0.0387139
10.73 -0.0393173
10.74 -0.0400116
10.75 -0.0407656
10.76 -0.0415515
10.77 -0.0423462
10.78 -0.0431348
10.79 -0.0439077
10.8 -0.0446518
10.81 -0.0453465
10.82 -0.0459678
10.83 -0.0464992
10.84 -0.0469433
10.85 -0.0473241
10.86 -0.0476786
10.87 -0.0480405
10.88 -0.0484269
10.89 -0.0488333
10.9 -0.0492329
10.91 -0.0495948
10.92 -0.0499173
10.93 -0.050233
10.94 -0.0505806
10.95 -0.0509745
10.96 -0.0513924
10.97 -0.0517888
10.98 -0.0521283
10.99 -0.0524124
11 -0.0526733
11.01 -0.052935
11.02 -0.0531924
11.03 -0.0534273
11.04 -0.0536223
11.05 -0.0537639
11.06 -0.0538453
11.07 -0.0538701
11.08 -0.0538533
11.09 -0.0538192
11.1 -0.0537961
11.11 -0.0538057
11.12 -0.0538537
11.13 -0.0539246
11.14 -0.0539793
11.15 -0.053972
11.16 -0.0538741
11.17 -0.053688
11.18 -0.0534432
11.19 -0.0531795
11.2 -0.0529281
11.21 -0.0527028
11.22 -0.0525036
11.23 -0.0523298
11.24 -0.0521907
11.25 -0.0521055
11.26 -0.0520928
11.27 -0.0521551
11.28 -0.0522698
11.29 -0.0523918
11.3 -0.052469
11.31 -0.0524616
11.32 -0.0523554
11.33 -0.0521628
11.34 -0.0519103
11.35 -0.0516204
11.36 -0.0512972
11.37 -0.050924
11.38 -0.0504729
11.39 -0.0499196
11.4 -0.0492553
11.41 -0.0484884
11.42 -0.0476374
11.43 -0.046722
11.44 -0.0457591
11.45 -0.0447659
11.46 -0.0437668
11.47 -0.0427979
11.48 -0.0419028
11.49 -0.0411221
11.5 -0.040481
11.51 -0.0399787
11.52 -0.0395914
11.53 -0.0392924
11.54 -0.039069
11.55 -0.0389251
11.56 -0.0388786
11.57 -0.0389451
11.58 -0.0391253
11.59 -0.0394248
11.6 -0.0398628
11.61 -0.0404339
11.62 -0.0410847
11.63 -0.0417304
11.64 -0.0422886
11.65 -0.0427117
11.66 -0.0430087
11.67 -0.0432546
11.68 -0.0435616
11.69 -0.0440078
11.7 -0.0445803
11.71 -0.0451761
11.72 -0.0456643
11.73 -0.0459661
11.74 -0.0461054
11.75 -0.0461967
11.76 -0.0463824
11.77 -0.0467598
11.78 -0.0473412
11.79 -0.0480663
11.8 -0.0488553
11.81 -0.0496638
11.82 -0.0505046
11.83 -0.0514255
11.84 -0.05246
11.85 -0.0535867
11.86 -0.0547513
11.87 -0.0559212
11.88 -0.0570727
11.89 -0.0581443
11.9 -0.0590475
11.91 -0.0597354
11.92 -0.0602449
11.93 -0.0606768
11.94 -0.0611472
11.95 -0.0617341
11.96 -0.062446
11.97 -0.0632253
11.98 -0.0639836
11.99 -0.0646491
12 -0.0652008
12.01 -0.0656737
12.02 -0.0661305
12.03 -0.0666214
12.04 -0.0671597
12.05 -0.0677229
12.06 -0.0682672
12.07 -0.0687481
12.08 -0.069138
12.09 -0.0694368
12.1 -0.0696703
12.11 -0.0698797
12.12 -0.0701036
12.13 -0.070364
12.14 -0.0706583
12.15 -0.0709615
12.16 -0.0712378
12.17 -0.0714559
12.18 -0.0716011
12.19 -0.0716772
12.2 -0.0717008
12.21 -0.0716932
12.22 -0.0716734
12.23 -0.0716524
12.24 -0.0716268
12.25 -0.0715806
12.26 -0.0714939
12.27 -0.0713555
12.28 -0.0711704
12.29 -0.0709562
12.3 -0.0707314
12.31 -0.0705034
12.32 -0.070264
12.33 -0.0699954
12.34 -0.0696816
12.35 -0.0693187
12.36 -0.0689177
12.37 -0.0684974
12.38 -0.0680751
12.39 -0.0676584
12.4 -0.0672446
12.41 -0.0668262
12.42 -0.0663977
12.43 -0.0659604
12.44 -0.0655211
12.45 -0.0650864
12.46 -0.0646577
12.47 -0.0642296
12.48 -0.0637935
12.49 -0.0633455
12.5 -0.0628928
12.51 -0.0624549
12.52 -0.0620576
12.53 -0.0617241
12.54 -0.061466
12.55 -0.0612811
12.56 -0.0611579
12.57 -0.0610835
12.58 -0.0610502
12.59 -0.0610568
12.6 -0.0611041
12.61 -0.0611901
12.62 -0.0613068
12.63 -0.0614439
12.64 -0.0615945
12.65 -0.0617596
12.66 -0.061948
12.67 -0.0621703
12.68 -0.0624324
12.69 -0.0627316
12.7 -0.0630582
12.71 -0.0634014
12.72 -0.0637567
12.73 -0.0641286
12.74 -0.0645289
12.75 -0.0649702
12.76 -0.0654587
12.77 -0.0659909
12.78 -0.0665552
12.79 -0.0671381
12.8 -0.0677293
12.81 -0.0683254
12.82 -0.0689274
12.83 -0.0695373
12.84 -0.0701524
12.85 -0.0707645
12.86 -0.071354
12.87 -0.0718889
12.88 -0.0723447
12.89 -0.0727335
12.9 -0.0731026
12.91 -0.0735061
12.92 -0.0739805
12.93 -0.0745356
12.94 -0.0751565
12.95 -0.0758148
12.96 -0.076482
12.97 -0.0771354
12.98 -0.0777601
12.99 -0.0783516
13 -0.0789163
13.01 -0.079467
13.02 -0.0800171
13.03 -0.080573
13.04 -0.0811306
13.05 -0.0816742
13.06 -0.0821811
13.07 -0.0826282
13.08 -0.083001
13.09 -0.0832982
13.1 -0.0835321
13.11 -0.0837248
13.12 -0.0839027
13.13 -0.0840911
13.14 -0.0843089
13.15 -0.0845638
13.16 -0.0848511
13.17 -0.0851529
13.18 -0.0854364
13.19 -0.0856568
13.2 -0.0857739
13.21 -0.0857711
13.22 -0.0856625
13.23 -0.0854892
13.24 -0.0853048
13.25 -0.0851512
13.26 -0.0850352
13.27 -0.0849232
13.28 -0.0847676
13.29 -0.0845457
13.3 -0.0842803
13.31 -0.0840297
13.32 -0.0838528
13.33 -0.0837725
13.34 -0.0837602
13.35 -0.0837523
13.36 -0.0836868
13.37 -0.0835375
13.38 -0.0833258
13.39 -0.0831034
13.4 -0.0829198
13.41 -0.0827951
13.42 -0.0827142
13.43 -0.0826442
13.44 -0.0825615
13.45 -0.0824696
13.46 -0.0823961
13.47 -0.0823706
13.48 -0.0824002
13.49 -0.0824577
13.5 -0.0824923
13.51 -0.0824561
13.52 -0.0823299
13.53 -0.0821329
13.54 -0.0819109
13.55 -0.0817109
13.56 -0.0815573
13.57 -0.0814428
13.58 -0.0813399
13.59 -0.0812222
13.6 -0.0810845
13.61 -0.080947
13.62 -0.080844
13.63 -0.0808039
13.64 -0.0808338
13.65 -0.0809179
13.66 -0.0810299
13.67 -0.0811507
13.68 -0.0812791
13.69 -0.0814296
13.7 -0.0816188
13.71 -0.0818491
13.72 -0.0821016
13.73 -0.082342
13.74 -0.082538
13.75 -0.0826754
13.76 -0.0827653
13.77 -0.082838
13.78 -0.0829264
13.79 -0.0830516
13.8 -0.0832164
13.81 -0.0834114
13.82 -0.0836269
13.83 -0.0838626
13.84 -0.0841282
13.85 -0.0844359
13.86 -0.0847896
13.87 -0.0851794
13.88 -0.0855886
13.89 -0.0860109
13.9 -0.08646
13.91 -0.0869476
13.92 -0.0874577
13.93 -0.0879586
13.94 -0.0884253
13.95 -0.0888484
13.96 -0.0892345
13.97 -0.0896013
13.98 -0.089969
13.99 -0.0903523
14 -0.0907542
14.01 -0.091166
14.02 -0.0915698
14.03 -0.0919457
14.04 -0.0922812
14.05 -0.0925787
14.06 -0.0928579
14.07 -0.0931491
14.08 -0.093483
14.09 -0.0938796
14.1 -0.0943414
14.11 -0.0948538
14.12 -0.0953906
14.13 -0.0959265
14.14 -0.0964463
14.15 -0.0969498
14.16 -0.09745
14.17 -0.0979672
14.18 -0.0985212
14.19 -0.0991244
14.2 -0.0997762
14.21 -0.100464
14.22 -0.101166
14.23 -0.101859
14.24 -0.102524
14.25 -0.103156
14.26 -0.103758
14.27 -0.104345
14.28 -0.104934
14.29 -0.105541
14.3 -0.106175
14.31 -0.106833
14.32 -0.107507
14.33 -0.10818
14.34 -0.108842
14.35 -0.109483
14.36 -0.110106
14.37 -0.110721
14.38 -0.111341
14.39 -0.111982
14.4 -0.112656
14.41 -0.113371
14.42 -0.114129
14.43 -0.114926
14.44 -0.115756
14.45 -0.116615
14.46 -0.117503
14.47 -0.118424
14.48 -0.119386
14.49 -0.120399
14.5 -0.121474
14.51 -0.122618
14.52 -0.123834
14.53 -0.125121
14.54 -0.126471
14.55 -0.127876
14.56 -0.129324
14.57 -0.130807
14.58 -0.132319
14.59 -0.133859
14.6 -0.135425
14.61 -0.137018
14.62 -0.138637
14.63 -0.140279
14.64 -0.141938
14.65 -0.143605
14.66 -0.145274
14.67 -0.14694
14.68 -0.148602
14.69 -0.150258
14.7 -0.151912
14.71 -0.15357
14.72 -0.155243
14.73 -0.156941
14.74 -0.15867
14.75 -0.160429
14.76 -0.162012
14.77 -0.163084
14.78 -0.163627
14.79 -0.163936
14.8 -0.164446
14.81 -0.165583
14.82 -0.16752
14.83 -0.170106
14.84 -0.172953
