0.02 -1.31111e-007
0.04 1.06627e-006
0.06 6.17459e-006
0.08 1.58882e-005
0.1 2.96695e-005
0.12 4.51163e-005
0.14 5.94417e-005
0.16 6.92695e-005
0.18 6.9571e-005
0.2 5.9332e-005
0.22 4.17349e-005
0.24 1.76007e-005
0.26 -1.01603e-005
0.28 -2.97604e-005
0.3 -3.42919e-005
0.32 -2.60074e-005
0.34 -8.18238e-006
0.36 1.58448e-005
0.38 3.62553e-005
0.4 4.52407e-005
0.42 3.86315e-005
0.44 9.25805e-006
0.46 -3.8065e-005
0.48 -7.90875e-005
0.5 -9.44236e-005
0.52 -9.49803e-005
0.54 -7.58644e-005
0.56 -1.99925e-005
0.58 6.17537e-005
0.6 0.000128878
0.62 0.000174797
0.64 0.000228937
0.66 0.000273247
0.68 0.0002879
0.7 0.000267144
0.72 0.000260238
0.74 0.00030058
0.76 0.000326252
0.78 0.000332097
0.8 0.000365282
0.82 0.000434023
0.84 0.00050026
0.86 0.000533622
0.88 0.000544223
0.9 0.000540659
0.92 0.000511788
0.94 0.00044014
0.96 0.000330743
0.98 0.000202924
1 6.23126e-005
1.02 -7.92457e-005
1.04 -0.000198021
1.06 -0.000281884
1.08 -0.000336717
1.1 -0.000372612
1.12 -0.000410937
1.14 -0.0004871
1.16 -0.000600723
1.18 -0.000716845
1.2 -0.000826531
1.22 -0.000969841
1.24 -0.00115035
1.26 -0.00128034
1.28 -0.00129015
1.3 -0.00122224
1.32 -0.00115159
1.34 -0.00105126
1.36 -0.000869683
1.38 -0.000668561
1.4 -0.00053799
1.42 -0.000462226
1.44 -0.000373183
1.46 -0.000284187
1.48 -0.000265677
1.5 -0.000307366
1.52 -0.000294472
1.54 -0.000176788
1.56 -4.54816e-005
1.58 4.66525e-005
1.6 0.000165621
1.62 0.000350477
1.64 0.000521311
1.66 0.000576888
1.68 0.000521194
1.7 0.000432088
1.72 0.000327044
1.74 0.000140248
1.76 -0.000141794
1.78 -0.000412207
1.8 -0.000575933
1.82 -0.000662303
1.84 -0.000711729
1.86 -0.000680927
1.88 -0.000547957
1.9 -0.000392448
1.92 -0.000329151
1.94 -0.000376071
1.96 -0.000454358
1.98 -0.000530124
2 -0.000654257
2.02 -0.000841343
2.04 -0.000989491
2.06 -0.00101054
2.08 -0.000932102
2.1 -0.000792751
2.12 -0.000561741
2.14 -0.000236305
2.16 8.70472e-005
2.18 0.000305573
2.2 0.000402662
2.22 0.000400679
2.24 0.000300032
2.26 0.000133774
2.28 -3.6442e-005
2.3 -0.000139516
2.32 -0.000108147
2.34 4.26084e-005
2.36 0.000273965
2.38 0.00056543
2.4 0.000834828
2.42 0.00100747
2.44 0.00108389
2.46 0.00107389
2.48 0.000958082
2.5 0.000719381
2.52 0.000378854
2.54 -2.97628e-005
2.56 -0.000443928
2.58 -0.000749916
2.6 -0.000860175
2.62 -0.000780438
2.64 -0.000568926
2.66 -0.000317643
2.68 -0.000141928
2.7 -0.000123548
2.72 -0.000283988
2.74 -0.000580941
2.76 -0.000969799
2.78 -0.00140539
2.8 -0.00181049
2.82 -0.00210609
2.84 -0.00220912
2.86 -0.00207128
2.88 -0.00174183
2.9 -0.00132537
2.92 -0.000890534
2.94 -0.000491979
2.96 -0.000230134
2.98 -0.000175562
3 -0.00027557
3.02 -0.000424154
3.04 -0.000549441
3.06 -0.000532452
3.08 -0.000220828
3.1 0.000439021
3.12 0.00139469
3.14 0.0025465
3.16 0.00380745
3.18 0.00509044
3.2 0.0062808
3.22 0.00731517
3.24 0.00825517
3.26 0.00923357
3.27 0.00975908
3.28 0.0102897
3.29 0.0108021
3.3 0.0112787
3.31 0.0117142
3.32 0.0121208
3.33 0.0125161
3.34 0.0129163
3.35 0.0133398
3.36 0.0138116
3.37 0.0143591
3.38 0.0150034
3.39 0.0157585
3.4 0.0166293
3.41 0.0176044
3.42 0.0186529
3.43 0.0197157
3.44 0.0207046
3.45 0.0215319
3.46 0.0221346
3.47 0.0224762
3.48 0.0225432
3.49 0.0223436
3.5 0.0219051
3.51 0.0212648
3.52 0.020453
3.53 0.0194929
3.54 0.0184129
3.55 0.0172401
3.56 0.0159898
3.57 0.0146693
3.58 0.0132766
3.59 0.0118085
3.6 0.0102718
3.61 0.00869316
3.62 0.00710577
3.63 0.00554017
3.64 0.00406666
3.65 0.00277982
3.66 0.00173902
3.67 0.000956737
3.68 0.000395377
3.69 -3.4054e-005
3.7 -0.000458318
3.71 -0.000993526
3.72 -0.00170044
3.73 -0.00260385
3.74 -0.00371629
3.75 -0.00503424
3.76 -0.00653834
3.77 -0.00819283
3.78 -0.00994462
3.79 -0.0117419
3.8 -0.013556
3.81 -0.0153773
3.82 -0.0172044
3.83 -0.0190382
3.84 -0.0208686
3.85 -0.0226598
3.86 -0.0243508
3.87 -0.0258683
3.88 -0.0271505
3.89 -0.0281699
3.9 -0.0289445
3.91 -0.0295273
3.92 -0.0299886
3.93 -0.0303853
3.94 -0.0307346
3.95 -0.0310142
3.96 -0.0311711
3.97 -0.0311447
3.98 -0.0308967
3.99 -0.0304301
4 -0.0297848
4.01 -0.029038
4.02 -0.0282959
4.03 -0.027629
4.04 -0.0270355
4.05 -0.026465
4.06 -0.0258531
4.07 -0.0251749
4.08 -0.0244663
4.09 -0.0237864
4.1 -0.0231748
4.11 -0.0226274
4.12 -0.0221028
4.13 -0.0215605
4.14 -0.020995
4.15 -0.0204476
4.16 -0.0199899
4.17 -0.0196645
4.18 -0.0194414
4.19 -0.0192314
4.2 -0.0189408
4.21 -0.0185422
4.22 -0.0180874
4.23 -0.0176702
4.24 -0.0173869
4.25 -0.0172899
4.26 -0.0173627
4.27 -0.0175422
4.28 -0.0177515
4.29 -0.0179207
4.3 -0.0180074
4.31 -0.018012
4.32 -0.0179712
4.33 -0.0179377
4.34 -0.0179505
4.35 -0.018012
4.36 -0.0180993
4.37 -0.0181902
4.38 -0.0182883
4.39 -0.0184266
4.4 -0.0186431
4.41 -0.01896
4.42 -0.0193697
4.43 -0.0198321
4.44 -0.020298
4.45 -0.0207342
4.46 -0.021141
4.47 -0.0215509
4.48 -0.0220031
4.49 -0.0225274
4.5 -0.0231345
4.51 -0.0238068
4.52 -0.0245097
4.53 -0.025215
4.54 -0.0259176
4.55 -0.026623
4.56 -0.0273201
4.57 -0.0279723
4.58 -0.0285166
4.59 -0.0288946
4.6 -0.0290888
4.61 -0.0291276
4.62 -0.0290788
4.63 -0.0290234
4.64 -0.029027
4.65 -0.0291148
4.66 -0.0292604
4.67 -0.0294143
4.68 -0.0295345
4.69 -0.029604
4.7 -0.0296361
4.71 -0.0296606
4.72 -0.0297066
4.73 -0.0297995
4.74 -0.029959
4.75 -0.0301756
4.76 -0.0304016
4.77 -0.0305814
4.78 -0.0306702
4.79 -0.0306331
4.8 -0.0304446
4.81 -0.0300809
4.82 -0.029526
4.83 -0.0287882
4.84 -0.0279117
4.85 -0.0269583
4.86 -0.0259777
4.87 -0.0250075
4.88 -0.0240767
4.89 -0.0232097
4.9 -0.0224386
4.91 -0.0218016
4.92 -0.0213406
4.93 -0.0210905
4.94 -0.0210656
4.95 -0.0212533
4.96 -0.0216114
4.97 -0.0220811
4.98 -0.0226014
4.99 -0.0231228
5 -0.0236155
5.01 -0.0240648
5.02 -0.0244674
5.03 -0.0248181
5.04 -0.025096
5.05 -0.0252554
5.06 -0.0252234
5.07 -0.0249353
5.08 -0.0243677
5.09 -0.0235487
5.1 -0.0225583
5.11 -0.0215028
5.12 -0.0204919
5.13 -0.0196181
5.14 -0.0189442
5.15 -0.0185072
5.16 -0.0183189
5.17 -0.0183723
5.18 -0.0186438
5.19 -0.0191008
5.2 -0.0197148
5.21 -0.0204644
5.22 -0.0213416
5.23 -0.0223436
5.24 -0.0234602
5.25 -0.0246647
5.26 -0.0259028
5.27 -0.0270925
5.28 -0.0281306
5.29 -0.0289134
5.3 -0.0293593
5.31 -0.0294239
5.32 -0.0291061
5.33 -0.028444
5.34 -0.0275055
5.35 -0.0263663
5.36 -0.0250934
5.37 -0.0237493
5.38 -0.0223989
5.39 -0.0211095
5.4 -0.0199478
5.41 -0.0189754
5.42 -0.0182448
5.43 -0.0178018
5.44 -0.0176922
5.45 -0.017936
5.46 -0.0185052
5.47 -0.0193447
5.48 -0.0203869
5.49 -0.021564
5.5 -0.022816
5.51 -0.0240766
5.52 -0.0252702
5.53 -0.0263224
5.54 -0.027175
5.55 -0.0277884
5.56 -0.0281379
5.57 -0.028218
5.58 -0.0280434
5.59 -0.0276443
5.6 -0.0270571
5.61 -0.0263209
5.62 -0.0254868
5.63 -0.0246299
5.64 -0.0238522
5.65 -0.0232684
5.66 -0.0229811
5.67 -0.0230441
5.68 -0.0234411
5.69 -0.024112
5.7 -0.0249887
5.71 -0.02602
5.72 -0.0271834
5.73 -0.0284572
5.74 -0.0297934
5.75 -0.0311119
5.76 -0.032316
5.77 -0.0333404
5.78 -0.0341639
5.79 -0.0348038
5.8 -0.0353173
5.81 -0.0357544
5.82 -0.0361164
5.83 -0.0363661
5.84 -0.0364503
5.85 -0.0363287
5.86 -0.0360104
5.87 -0.0355583
5.88 -0.0350565
5.89 -0.0345749
5.9 -0.034146
5.91 -0.0337589
5.92 -0.0333749
5.93 -0.0329672
5.94 -0.0325437
5.95 -0.0321394
5.96 -0.0317929
5.97 -0.0315167
5.98 -0.0312907
5.99 -0.031067
6 -0.0307904
6.01 -0.0304356
6.02 -0.0300205
6.03 -0.0295949
6.04 -0.0292134
6.05 -0.0288989
6.06 -0.0286295
6.07 -0.0283655
6.08 -0.0280841
6.09 -0.0277953
6.1 -0.0275348
6.11 -0.0273378
6.12 -0.0272114
6.13 -0.0271325
6.14 -0.0270666
6.15 -0.0269899
6.16 -0.0269086
6.17 -0.0268565
6.18 -0.0268741
6.19 -0.026987
6.2 -0.0271883
6.21 -0.0274463
6.22 -0.0277262
6.23 -0.0280024
6.24 -0.0282662
6.25 -0.0285276
6.26 -0.0288061
6.27 -0.0291163
6.28 -0.0294586
6.29 -0.0298154
6.3 -0.030158
6.31 -0.0304674
6.32 -0.0307486
6.33 -0.0310254
6.34 -0.0313267
6.35 -0.0316654
6.36 -0.0320277
6.37 -0.0323837
6.38 -0.0327058
6.39 -0.0329813
6.4 -0.0332143
6.41 -0.0334172
6.42 -0.0335985
6.43 -0.0337545
6.44 -0.0338721
6.45 -0.0339373
6.46 -0.0339454
6.47 -0.033908
6.48 -0.03385
6.49 -0.0337952
6.5 -0.0337527
6.51 -0.0337181
6.52 -0.033684
6.53 -0.0336403
6.54 -0.0335743
6.55 -0.0334801
6.56 -0.0333596
6.57 -0.0332201
6.58 -0.0330695
6.59 -0.032912
6.6 -0.032749
6.61 -0.032588
6.62 -0.0324502
6.63 -0.0323602
6.64 -0.0323318
6.65 -0.0323618
6.66 -0.0324282
6.67 -0.0325015
6.68 -0.0325587
6.69 -0.0325909
6.7 -0.0326062
6.71 -0.0326178
6.72 -0.0326303
6.73 -0.0326417
6.74 -0.0326483
6.75 -0.0326432
6.76 -0.0326161
6.77 -0.0325546
6.78 -0.0324453
6.79 -0.0322736
6.8 -0.0320241
6.81 -0.0316875
6.82 -0.0312679
6.83 -0.0307932
6.84 -0.0303231
6.85 -0.0299202
6.86 -0.0296253
6.87 -0.0294499
6.88 -0.029375
6.89 -0.0293634
6.9 -0.0293696
6.91 -0.0293579
6.92 -0.0293149
6.93 -0.0292336
6.94 -0.0291013
6.95 -0.0289121
6.96 -0.0286802
6.97 -0.0284367
6.98 -0.0282196
6.99 -0.0280502
7 -0.0279138
7.01 -0.0277794
7.02 -0.0276251
7.03 -0.0274394
7.04 -0.0272202
7.05 -0.0269773
7.06 -0.0267292
7.07 -0.0264958
7.08 -0.026288
7.09 -0.0261199
7.1 -0.0260187
7.11 -0.02601
7.12 -0.0261042
7.13 -0.0262908
7.14 -0.0265384
7.15 -0.0268067
7.16 -0.0270576
7.17 -0.0272638
7.18 -0.0274106
7.19 -0.0275028
7.2 -0.0275677
7.21 -0.0276397
7.22 -0.027746
7.23 -0.0279021
7.24 -0.0281087
7.25 -0.0283551
7.26 -0.0286217
7.27 -0.0288839
7.28 -0.0291172
7.29 -0.0293011
7.3 -0.029425
7.31 -0.0294957
7.32 -0.0295412
7.33 -0.029602
7.34 -0.0297183
7.35 -0.0299204
7.36 -0.0302228
7.37 -0.0306217
7.38 -0.0311001
7.39 -0.0316254
7.4 -0.0321501
7.41 -0.032626
7.42 -0.0330152
7.43 -0.0332993
7.44 -0.0334845
7.45 -0.0335954
7.46 -0.0336687
7.47 -0.0337415
7.48 -0.0338423
7.49 -0.0339868
7.5 -0.0341756
7.51 -0.0343899
7.52 -0.0345902
7.53 -0.0347312
7.54 -0.0347786
7.55 -0.0347201
7.56 -0.0345716
7.57 -0.034369
7.58 -0.0341564
7.59 -0.0339742
7.6 -0.0338486
7.61 -0.0337829
7.62 -0.0337557
7.63 -0.0337305
7.64 -0.0336672
7.65 -0.0335266
7.66 -0.0332747
7.67 -0.0328945
7.68 -0.0323959
7.69 -0.0318157
7.7 -0.0312118
7.71 -0.0306517
7.72 -0.0301984
7.73 -0.0298906
7.74 -0.0297281
7.75 -0.0296745
7.76 -0.0296664
7.77 -0.0296406
7.78 -0.0295569
7.79 -0.0293945
7.8 -0.0291442
7.81 -0.0288064
7.82 -0.0283899
7.83 -0.0279137
7.84 -0.0274052
7.85 -0.0268993
7.86 -0.0264346
7.87 -0.0260394
7.88 -0.0257255
7.89 -0.0254808
7.9 -0.0252726
7.91 -0.0250701
7.92 -0.0248608
7.93 -0.0246558
7.94 -0.0244826
7.95 -0.0243814
7.96 -0.0244021
7.97 -0.0245842
7.98 -0.0249452
7.99 -0.0254717
8 -0.0261137
8.01 -0.026802
8.02 -0.0274611
8.03 -0.0280245
8.04 -0.0284477
8.05 -0.0287078
8.06 -0.0288055
8.07 -0.0287731
8.08 -0.028676
8.09 -0.0285943
8.1 -0.0285972
8.11 -0.0287231
8.12 -0.0289678
8.13 -0.0292947
8.14 -0.0296544
8.15 -0.0300046
8.16 -0.0303244
8.17 -0.0306227
8.18 -0.0309367
8.19 -0.0313119
8.2 -0.0317835
8.21 -0.0323708
8.22 -0.0330754
8.23 -0.0338823
8.24 -0.0347586
8.25 -0.035661
8.26 -0.0365496
8.27 -0.0374104
8.28 -0.0382603
8.29 -0.0391116
8.3 -0.0399585
8.31 -0.0407897
8.32 -0.0415949
8.33 -0.0423697
8.34 -0.0431178
8.35 -0.0438507
8.36 -0.0445799
8.37 -0.0453106
8.38 -0.0460435
8.39 -0.0467746
8.4 -0.0474977
8.41 -0.0482018
8.42 -0.0488641
8.43 -0.0494588
8.44 -0.0499655
8.45 -0.050369
8.46 -0.0506597
8.47 -0.0508323
8.48 -0.0508862
8.49 -0.0508307
8.5 -0.0506916
8.51 -0.0504997
8.52 -0.0502754
8.53 -0.0500258
8.54 -0.0497448
8.55 -0.0494328
8.56 -0.0491097
8.57 -0.0488036
8.58 -0.0485391
8.59 -0.0483265
8.6 -0.0481587
8.61 -0.0480257
8.62 -0.0479256
8.63 -0.047862
8.64 -0.0478336
8.65 -0.0478258
8.66 -0.047808
8.67 -0.0477419
8.68 -0.0475958
8.69 -0.0473526
8.7 -0.0470119
8.71 -0.0465844
8.72 -0.046082
8.73 -0.0455125
8.74 -0.0448783
8.75 -0.0441811
8.76 -0.0434276
8.77 -0.042638
8.78 -0.0418488
8.79 -0.0411025
8.8 -0.0404357
8.81 -0.0398724
8.82 -0.0394227
8.83 -0.0390851
8.84 -0.0388511
8.85 -0.0387139
8.86 -0.0386733
8.87 -0.0387297
8.88 -0.0388787
8.89 -0.0391004
8.9 -0.0393546
8.91 -0.039597
8.92 -0.0397888
8.93 -0.0399107
8.94 -0.0399752
8.95 -0.0400198
8.96 -0.0400917
8.97 -0.040221
8.98 -0.0404024
8.99 -0.0406065
9 -0.0408026
9.01 -0.0409765
9.02 -0.0411387
9.03 -0.0413183
9.04 -0.0415436
9.05 -0.0418365
9.06 -0.0422116
9.07 -0.0426734
9.08 -0.0432218
9.09 -0.0438468
9.1 -0.0445225
9.11 -0.0452153
9.12 -0.0458887
9.13 -0.0465042
9.14 -0.0470254
9.15 -0.0474266
9.16 -0.0477034
9.17 -0.0478801
9.18 -0.0480072
9.19 -0.0481423
9.2 -0.0483268
9.21 -0.0485778
9.22 -0.0488892
9.23 -0.0492391
9.24 -0.0496011
9.25 -0.0499509
9.26 -0.0502706
9.27 -0.0505478
9.28 -0.0507711
9.29 -0.0509364
9.3 -0.0510524
9.31 -0.0511297
9.32 -0.051174
9.33 -0.0511843
9.34 -0.051149
9.35 -0.0510536
9.36 -0.0508877
9.37 -0.0506419
9.38 -0.0503064
9.39 -0.049877
9.4 -0.0493603
9.41 -0.048781
9.42 -0.0481825
9.43 -0.0476181
9.44 -0.0471394
9.45 -0.0467852
9.46 -0.046576
9.47 -0.046516
9.48 -0.0465978
9.49 -0.0468065
9.5 -0.0471225
9.51 -0.0475154
9.52 -0.0479408
9.53 -0.0483496
9.54 -0.0486981
9.55 -0.0489615
9.56 -0.0491412
9.57 -0.0492582
9.58 -0.0493438
9.59 -0.0494228
9.6 -0.0495043
9.61 -0.049578
9.62 -0.049616
9.63 -0.0495953
9.64 -0.0495135
9.65 -0.049389
9.66 -0.0492559
9.67 -0.0491514
9.68 -0.0491069
9.69 -0.0491434
9.7 -0.0492682
9.71 -0.0494786
9.72 -0.0497535
9.73 -0.050052
9.74 -0.050331
9.75 -0.0505561
9.76 -0.0507055
9.77 -0.0507698
9.78 -0.0507495
9.79 -0.050652
9.8 -0.0504902
9.81 -0.0502778
9.82 -0.0500233
9.83 -0.0497274
9.84 -0.0493809
9.85 -0.0489715
9.86 -0.0484906
9.87 -0.0479426
9.88 -0.0473521
9.89 -0.0467563
9.9 -0.0461971
9.91 -0.0457108
9.92 -0.0453193
9.93 -0.0450329
9.94 -0.0448526
9.95 -0.0447686
9.96 -0.0447599
9.97 -0.0447974
9.98 -0.0448499
9.99 -0.0448911
10 -0.0449059
10.01 -0.0448885
10.02 -0.0448385
10.03 -0.0447586
10.04 -0.0446517
10.05 -0.0445209
10.06 -0.0443697
10.07 -0.0442009
10.08 -0.0440158
10.09 -0.0438167
10.1 -0.0436089
10.11 -0.0434051
10.12 -0.0432271
10.13 -0.0431005
10.14 -0.0430485
10.15 -0.04309
10.16 -0.0432367
10.17 -0.0434972
10.18 -0.0438793
10.19 -0.0443833
10.2 -0.0449963
10.21 -0.0456897
10.22 -0.0464198
10.23 -0.0471373
10.24 -0.047795
10.25 -0.0483588
10.26 -0.0488137
10.27 -0.0491588
10.28 -0.0494025
10.29 -0.0495595
10.3 -0.0496527
10.31 -0.0497019
10.32 -0.0497163
10.33 -0.0496898
10.34 -0.049598
10.35 -0.0494183
10.36 -0.0491477
10.37 -0.0488022
10.38 -0.0484132
10.39 -0.0480195
10.4 -0.0476591
10.41 -0.0473668
10.42 -0.0471695
10.43 -0.0470848
10.44 -0.0471179
10.45 -0.0472551
10.46 -0.0474629
10.47 -0.0476911
10.48 -0.0478813
10.49 -0.0479853
10.5 -0.0479766
10.51 -0.0478498
10.52 -0.0476134
10.53 -0.0472805
10.54 -0.0468626
10.55 -0.0463666
10.56 -0.0457957
10.57 -0.0451536
10.58 -0.0444477
10.59 -0.0436936
10.6 -0.0429177
10.61 -0.0421486
10.62 -0.0414116
10.63 -0.0407319
10.64 -0.040138
10.65 -0.0396675
10.66 -0.0393651
10.67 -0.039269
10.68 -0.039397
10.69 -0.0397398
10.7 -0.0402626
10.71 -0.0409152
10.72 -0.0416447
10.73 -0.0424046
10.74 -0.0431578
10.75 -0.0438761
10.76 -0.0445397
10.77 -0.0451349
10.78 -0.0456499
10.79 -0.0460754
10.8 -0.046407
10.81 -0.0466495
10.82 -0.0468179
10.83 -0.04693
10.84 -0.0469996
10.85 -0.0470324
10.86 -0.0470267
10.87 -0.0469862
10.88 -0.0469299
10.89 -0.0468921
10.9 -0.0469153
10.91 -0.0470358
10.92 -0.0472665
10.93 -0.0475956
10.94 -0.0479968
10.95 -0.048449
10.96 -0.0489482
10.97 -0.0495014
10.98 -0.0501138
10.99 -0.0507715
11 -0.0514436
11.01 -0.0521115
11.02 -0.0527791
11.03 -0.0534534
11.04 -0.0541306
11.05 -0.054798
11.06 -0.0554366
11.07 -0.0560215
11.08 -0.0565241
11.09 -0.0569143
11.1 -0.0571647
11.11 -0.0572565
11.12 -0.0571843
11.13 -0.0569615
11.14 -0.0566232
11.15 -0.0562191
11.16 -0.0557983
11.17 -0.0553976
11.18 -0.0550381
11.19 -0.0547285
11.2 -0.0544711
11.21 -0.0542671
11.22 -0.0541171
11.23 -0.0540188
11.24 -0.0539647
11.25 -0.0539445
11.26 -0.0539502
11.27 -0.0539803
11.28 -0.0540403
11.29 -0.0541389
11.3 -0.0542805
11.31 -0.0544578
11.32 -0.0546487
11.33 -0.0548147
11.34 -0.0549073
11.35 -0.0548788
11.36 -0.0546923
11.37 -0.05433
11.38 -0.0537939
11.39 -0.0531016
11.4 -0.0522796
11.41 -0.0513614
11.42 -0.0503866
11.43 -0.0494005
11.44 -0.0484514
11.45 -0.0475801
11.46 -0.0468101
11.47 -0.0461455
11.48 -0.0455754
11.49 -0.0450859
11.5 -0.0446722
11.51 -0.0443423
11.52 -0.0441135
11.53 -0.0440037
11.54 -0.0440232
11.55 -0.0441712
11.56 -0.0444365
11.57 -0.0448009
11.58 -0.0452414
11.59 -0.0457277
11.6 -0.0462235
11.61 -0.0467049
11.62 -0.047171
11.63 -0.0476359
11.64 -0.0481134
11.65 -0.0485985
11.66 -0.0490587
11.67 -0.0494341
11.68 -0.0496564
11.69 -0.0496892
11.7 -0.0495576
11.71 -0.0493446
11.72 -0.0491588
11.73 -0.0490858
11.74 -0.049156
11.75 -0.0493477
11.76 -0.0496182
11.77 -0.0499364
11.78 -0.0503014
11.79 -0.0507394
11.8 -0.0512808
11.81 -0.0519378
11.82 -0.0526949
11.83 -0.05352
11.84 -0.0543854
11.85 -0.0552836
11.86 -0.0562126
11.87 -0.0571541
11.88 -0.0580872
11.89 -0.0590157
11.9 -0.0599658
11.91 -0.06095
11.92 -0.0619426
11.93 -0.0628922
11.94 -0.063744
11.95 -0.0644613
11.96 -0.0650381
11.97 -0.0654984
11.98 -0.0658827
11.99 -0.0662282
12 -0.0665532
12.01 -0.0668549
12.02 -0.0671188
12.03 -0.0673347
12.04 -0.0675082
12.05 -0.0676601
12.06 -0.0678199
12.07 -0.0680164
12.08 -0.0682688
12.09 -0.0685804
12.1 -0.0689367
12.11 -0.0693107
12.12 -0.0696693
12.13 -0.0699872
12.14 -0.0702562
12.15 -0.070482
12.16 -0.0706763
12.17 -0.0708504
12.18 -0.0710107
12.19 -0.071158
12.2 -0.0712913
12.21 -0.0714072
12.22 -0.0714987
12.23 -0.0715593
12.24 -0.0715871
12.25 -0.0715837
12.26 -0.0715506
12.27 -0.071485
12.28 -0.0713783
12.29 -0.07122
12.3 -0.0710038
12.31 -0.0707341
12.32 -0.070427
12.33 -0.0701035
12.34 -0.0697805
12.35 -0.0694655
12.36 -0.069155
12.37 -0.0688402
12.38 -0.0685143
12.39 -0.0681758
12.4 -0.0678283
12.41 -0.0674781
12.42 -0.0671305
12.43 -0.0667881
12.44 -0.0664511
12.45 -0.0661194
12.46 -0.0657954
12.47 -0.065485
12.48 -0.0651966
12.49 -0.0649385
12.5 -0.0647168
12.51 -0.0645318
12.52 -0.0643792
12.53 -0.0642523
12.54 -0.064146
12.55 -0.0640591
12.56 -0.0639954
12.57 -0.0639587
12.58 -0.0639488
12.59 -0.0639611
12.6 -0.0639894
12.61 -0.0640301
12.62 -0.0640854
12.63 -0.0641598
12.64 -0.0642541
12.65 -0.0643635
12.66 -0.0644772
12.67 -0.0645843
12.68 -0.0646803
12.69 -0.06477
12.7 -0.0648673
12.71 -0.0649916
12.72 -0.0651628
12.73 -0.0653955
12.74 -0.0656963
12.75 -0.0660634
12.76 -0.0664882
12.77 -0.0669587
12.78 -0.0674617
12.79 -0.0679842
12.8 -0.0685154
12.81 -0.0690473
12.82 -0.0695774
12.83 -0.0701058
12.84 -0.0706332
12.85 -0.0711598
12.86 -0.0716892
12.87 -0.0722367
12.88 -0.072824
12.89 -0.0734565
12.9 -0.0741177
12.91 -0.0747815
12.92 -0.0754246
12.93 -0.076031
12.94 -0.0765917
12.95 -0.0771061
12.96 -0.0775812
12.97 -0.0780275
12.98 -0.0784557
12.99 -0.0788742
13 -0.0792861
13.01 -0.0796918
13.02 -0.080091
13.03 -0.0804848
13.04 -0.0808767
13.05 -0.0812723
13.06 -0.0816771
13.07 -0.0820961
13.08 -0.0825317
13.09 -0.0829809
13.1 -0.0834347
13.11 -0.0838786
13.12 -0.0842945
13.13 -0.0846637
13.14 -0.0849707
13.15 -0.085203
13.16 -0.0853506
13.17 -0.0854094
13.18 -0.0853871
13.19 -0.0853037
13.2 -0.0851876
13.21 -0.0850623
13.22 -0.08494
13.23 -0.0848216
13.24 -0.0847018
13.25 -0.0845783
13.26 -0.0844607
13.27 -0.0843688
13.28 -0.0843197
13.29 -0.0843124
13.3 -0.0843211
13.31 -0.0843051
13.32 -0.0842291
13.33 -0.0840836
13.34 -0.0838927
13.35 -0.0837026
13.36 -0.0835594
13.37 -0.0834881
13.38 -0.0834827
13.39 -0.0835142
13.4 -0.0835481
13.41 -0.0835597
13.42 -0.0835413
13.43 -0.0834975
13.44 -0.0834352
13.45 -0.0833547
13.46 -0.0832489
13.47 -0.0831116
13.48 -0.0829466
13.49 -0.0827715
13.5 -0.0826109
13.51 -0.082484
13.52 -0.0823927
13.53 -0.0823197
13.54 -0.0822374
13.55 -0.0821204
13.56 -0.0819572
13.57 -0.0817569
13.58 -0.0815462
13.59 -0.0813582
13.6 -0.0812219
13.61 -0.0811548
13.62 -0.0811634
13.63 -0.0812472
13.64 -0.0814019
13.65 -0.081621
13.66 -0.0818922
13.67 -0.0821949
13.68 -0.0825004
13.69 -0.0827771
13.7 -0.0829997
13.71 -0.0831583
13.72 -0.0832617
13.73 -0.0833318
13.74 -0.0833936
13.75 -0.0834636
13.76 -0.0835442
13.77 -0.0836257
13.78 -0.0836936
13.79 -0.0837385
13.8 -0.0837624
13.81 -0.0837765
13.82 -0.0837964
13.83 -0.0838366
13.84 -0.0839088
13.85 -0.0840239
13.86 -0.0841942
13.87 -0.0844333
13.88 -0.0847501
13.89 -0.0851379
13.9 -0.0855715
13.91 -0.0860279
13.92 -0.0865048
13.93 -0.0870116
13.94 -0.0875555
13.95 -0.0881361
13.96 -0.0887444
13.97 -0.0893663
13.98 -0.0899866
13.99 -0.0905945
14 -0.0911883
14.01 -0.0917736
14.02 -0.0923599
14.03 -0.0929551
14.04 -0.0935599
14.05 -0.0941664
14.06 -0.09476
14.07 -0.0953235
14.08 -0.0958422
14.09 -0.0963089
14.1 -0.0967256
14.11 -0.0971028
14.12 -0.0974554
14.13 -0.0977986
14.14 -0.0981435
14.15 -0.0984949
14.16 -0.0988511
14.17 -0.099207
14.18 -0.0995581
14.19 -0.0999029
14.2 -0.100245
14.21 -0.100594
14.22 -0.100959
14.23 -0.101353
14.24 -0.101782
14.25 -0.102251
14.26 -0.102759
14.27 -0.1033
14.28 -0.103864
14.29 -0.104444
14.3 -0.10503
14.31 -0.105619
14.32 -0.106213
14.33 -0.106816
14.34 -0.107434
14.35 -0.108073
14.36 -0.108738
14.37 -0.109433
14.38 -0.110162
14.39 -0.110931
14.4 -0.111748
14.41 -0.112621
14.42 -0.113556
14.43 -0.114558
14.44 -0.115631
14.45 -0.116774
14.46 -0.117986
14.47 -0.119261
14.48 -0.120591
14.49 -0.121967
14.5 -0.12338
14.51 -0.124822
14.52 -0.126282
14.53 -0.127749
14.54 -0.129213
14.55 -0.130664
14.56 -0.132098
14.57 -0.133513
14.58 -0.134901
14.59 -0.136258
14.6 -0.137577
14.61 -0.138857
14.62 -0.140099
14.63 -0.141311
14.64 -0.1425
14.65 -0.143674
14.66 -0.144843
14.67 -0.146014
14.68 -0.147199
14.69 -0.148409
14.7 -0.149656
14.71 -0.150951
14.72 -0.152297
14.73 -0.153699
14.74 -0.155159
14.75 -0.15668
14.76 -0.158411
14.77 -0.160609
14.78 -0.163354
14.79 -0.166542
14.8 -0.169981
14.81 -0.173457
14.82 -0.176853
14.83 -0.180184
14.84 -0.183559
