0.02 6.46634e-010
0.04 1.16752e-009
0.06 -6.68678e-008
0.08 -4.68984e-007
0.1 -1.46029e-006
0.12 -2.32924e-006
0.14 -3.03944e-007
0.16 9.17401e-006
0.18 3.01496e-005
0.2 6.32198e-005
0.22 0.000103973
0.24 0.000143325
0.26 0.00016947
0.28 0.000171414
0.3 0.000142867
0.32 8.44026e-005
0.34 3.8859e-006
0.36 -8.37533e-005
0.38 -0.000158789
0.4 -0.000202585
0.42 -0.000204653
0.44 -0.000166272
0.46 -9.88663e-005
0.48 -1.9889e-005
0.5 4.97359e-005
0.52 8.77708e-005
0.54 7.89475e-005
0.56 2.76833e-005
0.58 -4.01024e-005
0.6 -9.24997e-005
0.62 -0.000107036
0.64 -7.15348e-005
0.66 1.73363e-005
0.68 0.000146727
0.7 0.000287676
0.72 0.000414531
0.74 0.00052014
0.76 0.000602888
0.78 0.000649719
0.8 0.000649885
0.82 0.000616903
0.84 0.000575649
0.86 0.00053268
0.88 0.000481577
0.9 0.000436018
0.92 0.000430896
0.94 0.000479649
0.96 0.000548851
0.98 0.000588963
1 0.000576726
1.02 0.000512002
1.04 0.000385779
1.06 0.000176862
1.08 -0.000115531
1.1 -0.000452687
1.12 -0.000778694
1.14 -0.00105186
1.16 -0.00124665
1.18 -0.00134082
1.2 -0.00132808
1.22 -0.00124644
1.24 -0.00116704
1.26 -0.00113649
1.28 -0.00114686
1.3 -0.00117951
1.32 -0.00125175
1.34 -0.0013804
1.36 -0.00151268
1.38 -0.00154708
1.4 -0.00143293
1.42 -0.00120463
1.44 -0.000905997
1.46 -0.000536562
1.48 -0.000106031
1.5 0.000308158
1.52 0.000613912
1.54 0.000789487
1.56 0.000862275
1.58 0.000826794
1.6 0.000655255
1.62 0.00038948
1.64 0.000149147
1.66 2.222e-005
1.68 5.55559e-007
1.7 4.96085e-005
1.72 0.000179334
1.74 0.000390204
1.76 0.000593551
1.78 0.000663363
1.8 0.000558722
1.82 0.000328163
1.84 -3.80063e-006
1.86 -0.000472327
1.88 -0.00106438
1.9 -0.00164317
1.92 -0.00203455
1.94 -0.00215465
1.96 -0.00201338
1.98 -0.00164247
2 -0.00109742
2.02 -0.000512317
2.04 -6.13036e-005
2.06 0.000169508
2.08 0.000224178
2.1 0.000171994
2.12 1.57429e-005
2.14 -0.000258946
2.16 -0.000589213
2.18 -0.000844909
2.2 -0.000918157
2.22 -0.000766329
2.24 -0.000390197
2.26 0.000166378
2.28 0.000777273
2.3 0.00124425
2.32 0.00140153
2.34 0.00122396
2.36 0.000828009
2.38 0.000381646
2.4 2.57148e-005
2.42 -0.000145934
2.44 -8.67759e-005
2.46 0.000184034
2.48 0.000573799
2.5 0.000964308
2.52 0.00128788
2.54 0.00154366
2.56 0.00172603
2.58 0.00174984
2.6 0.00146727
2.62 0.000766703
2.64 -0.000330603
2.66 -0.00163666
2.68 -0.0028345
2.7 -0.00357889
2.72 -0.00363957
2.74 -0.00302634
2.76 -0.00200662
2.78 -0.000976004
2.8 -0.000254882
2.82 4.56966e-005
2.84 2.17627e-006
2.86 -0.000251098
2.88 -0.000634228
2.9 -0.00113482
2.92 -0.001739
2.94 -0.00236021
2.96 -0.00282982
2.98 -0.00295104
3 -0.00258081
3.02 -0.00171401
3.04 -0.000540405
3.06 0.000589882
3.08 0.00132494
3.1 0.00150616
3.12 0.00125311
3.14 0.000889446
3.16 0.000790215
3.18 0.00124414
3.2 0.00236478
3.22 0.00406804
3.24 0.00614376
3.26 0.00836417
3.27 0.00946531
3.28 0.0105049
3.29 0.0114318
3.3 0.0121969
3.31 0.012767
3.32 0.0131371
3.33 0.0133354
3.34 0.0134176
3.35 0.0134509
3.36 0.0134952
3.37 0.0135862
3.38 0.013728
3.39 0.0138965
3.4 0.0140498
3.41 0.0141434
3.42 0.0141412
3.43 0.0140209
3.44 0.0137744
3.45 0.013405
3.46 0.0129246
3.47 0.0123531
3.48 0.0117238
3.49 0.0110871
3.5 0.0105132
3.51 0.0100851
3.52 0.00988156
3.53 0.00995006
3.54 0.0102824
3.55 0.0108018
3.56 0.0113689
3.57 0.011805
3.58 0.0119294
3.59 0.0115957
3.6 0.0107189
3.61 0.00928545
3.62 0.00734425
3.63 0.00498086
3.64 0.00229036
3.65 -0.00062969
3.66 -0.00366857
3.67 -0.00669051
3.68 -0.0095442
3.69 -0.012094
3.7 -0.0142438
3.71 -0.0159481
3.72 -0.017219
3.73 -0.0181244
3.74 -0.0187737
3.75 -0.0192978
3.76 -0.0198149
3.77 -0.0203932
3.78 -0.0210526
3.79 -0.0217895
3.8 -0.0225902
3.81 -0.023424
3.82 -0.0242328
3.83 -0.0249386
3.84 -0.0254722
3.85 -0.0257999
3.86 -0.0259343
3.87 -0.0259233
3.88 -0.0258177
3.89 -0.0256446
3.9 -0.025414
3.91 -0.0251329
3.92 -0.0248117
3.93 -0.0244689
3.94 -0.0241319
3.95 -0.023834
3.96 -0.0236101
3.97 -0.02349
3.98 -0.0234937
3.99 -0.0236235
4 -0.0238568
4.01 -0.0241468
4.02 -0.0244339
4.03 -0.024658
4.04 -0.0247597
4.05 -0.0246748
4.06 -0.0243299
4.07 -0.023651
4.08 -0.022585
4.09 -0.0211278
4.1 -0.0193412
4.11 -0.0173473
4.12 -0.0152981
4.13 -0.013333
4.14 -0.0115427
4.15 -0.00995453
4.16 -0.00854324
4.17 -0.00725715
4.18 -0.00604451
4.19 -0.00487289
4.2 -0.00373961
4.21 -0.00266064
4.22 -0.00165103
4.23 -0.000720311
4.24 0.00012023
4.25 0.00085197
4.26 0.00145215
4.27 0.00190042
4.28 0.00218538
4.29 0.00231028
4.3 0.00229339
4.31 0.0021635
4.32 0.00195355
4.33 0.00169277
4.34 0.00139074
4.35 0.00102264
4.36 0.000540323
4.37 -9.61285e-005
4.38 -0.000889619
4.39 -0.00179616
4.4 -0.00273879
4.41 -0.00363682
4.42 -0.00443466
4.43 -0.00511565
4.44 -0.0056966
4.45 -0.00620917
4.46 -0.00668062
4.47 -0.00712483
4.48 -0.00754648
4.49 -0.0079522
4.5 -0.0083586
4.51 -0.00879026
4.52 -0.00926808
4.53 -0.00979504
4.54 -0.0103494
4.55 -0.0108915
4.56 -0.0113812
4.57 -0.0117993
4.58 -0.0121607
4.59 -0.0125148
4.6 -0.0129313
4.61 -0.0134807
4.62 -0.0142124
4.63 -0.0151409
4.64 -0.0162382
4.65 -0.0174367
4.66 -0.0186386
4.67 -0.0197298
4.68 -0.0205978
4.69 -0.021153
4.7 -0.0213479
4.71 -0.0211892
4.72 -0.0207367
4.73 -0.0200907
4.74 -0.0193655
4.75 -0.0186615
4.76 -0.0180464
4.77 -0.0175499
4.78 -0.0171704
4.79 -0.0168894
4.8 -0.0166869
4.81 -0.0165506
4.82 -0.0164745
4.83 -0.0164512
4.84 -0.016462
4.85 -0.0164736
4.86 -0.0164409
4.87 -0.016315
4.88 -0.0160518
4.89 -0.0156164
4.9 -0.0149838
4.91 -0.0141354
4.92 -0.0130577
4.93 -0.0117426
4.94 -0.0101923
4.95 -0.00842631
4.96 -0.00648708
4.97 -0.00444277
4.98 -0.00238713
4.99 -0.000435821
5 0.00128385
5.01 0.00264777
5.02 0.00354862
5.03 0.00390764
5.04 0.00368484
5.05 0.00288463
5.06 0.0015548
5.07 -0.000221572
5.08 -0.00233944
5.09 -0.00468658
5.1 -0.00715678
5.11 -0.00965606
5.12 -0.0120978
5.13 -0.0143906
5.14 -0.0164277
5.15 -0.0180843
5.16 -0.0192267
5.17 -0.019734
5.18 -0.0195249
5.19 -0.0185819
5.2 -0.0169627
5.21 -0.0147953
5.22 -0.0122582
5.23 -0.00955216
5.24 -0.00687128
5.25 -0.00438052
5.26 -0.00220572
5.27 -0.000435211
5.28 0.000873225
5.29 0.00168371
5.3 0.00197371
5.31 0.00172806
5.32 0.000937157
5.33 -0.000400474
5.34 -0.00227083
5.35 -0.004633
5.36 -0.00740745
5.37 -0.0104685
5.38 -0.0136433
5.39 -0.0167205
5.4 -0.0194705
5.41 -0.0216739
5.42 -0.0231558
5.43 -0.0238111
5.44 -0.0236001
5.45 -0.0225329
5.46 -0.020669
5.47 -0.0181175
5.48 -0.0150309
5.49 -0.0115994
5.5 -0.00804242
5.51 -0.00459131
5.52 -0.00146902
5.53 0.00113154
5.54 0.00306961
5.55 0.00427222
5.56 0.00473166
5.57 0.0044857
5.58 0.00360467
5.59 0.00218281
5.6 0.000318606
5.61 -0.00189762
5.62 -0.00437979
5.63 -0.0070366
5.64 -0.00976428
5.65 -0.012445
5.66 -0.014953
5.67 -0.0171672
5.68 -0.0189831
5.69 -0.0203228
5.7 -0.0211434
5.71 -0.0214417
5.72 -0.0212583
5.73 -0.0206802
5.74 -0.0198364
5.75 -0.0188789
5.76 -0.0179519
5.77 -0.0171701
5.78 -0.0166117
5.79 -0.0163186
5.8 -0.0163015
5.81 -0.0165487
5.82 -0.0170314
5.83 -0.0177021
5.84 -0.0184904
5.85 -0.019302
5.86 -0.0200279
5.87 -0.0205634
5.88 -0.0208352
5.89 -0.0208234
5.9 -0.020567
5.91 -0.0201462
5.92 -0.0196499
5.93 -0.0191424
5.94 -0.0186453
5.95 -0.0181407
5.96 -0.0175902
5.97 -0.0169572
5.98 -0.0162205
5.99 -0.0153729
6 -0.0144127
6.01 -0.0133359
6.02 -0.0121396
6.03 -0.0108356
6.04 -0.00946472
6.05 -0.0081016
6.06 -0.00684132
6.07 -0.00577371
6.08 -0.00495635
6.09 -0.00439876
6.1 -0.00406554
6.11 -0.00389593
6.12 -0.00382916
6.13 -0.00382329
6.14 -0.00386064
6.15 -0.00394151
6.16 -0.00407352
6.17 -0.0042644
6.18 -0.00452189
6.19 -0.00485782
6.2 -0.00529084
6.21 -0.00584299
6.22 -0.00653027
6.23 -0.00735178
6.24 -0.00828386
6.25 -0.00928308
6.26 -0.0102969
6.27 -0.0112768
6.28 -0.0121881
6.29 -0.0130131
6.3 -0.013747
6.31 -0.0143911
6.32 -0.0149484
6.33 -0.0154232
6.34 -0.0158239
6.35 -0.0161654
6.36 -0.016466
6.37 -0.0167405
6.38 -0.0169923
6.39 -0.0172099
6.4 -0.0173711
6.41 -0.0174525
6.42 -0.0174414
6.43 -0.0173423
6.44 -0.0171759
6.45 -0.0169722
6.46 -0.0167594
6.47 -0.0165575
6.48 -0.016376
6.49 -0.0162166
6.5 -0.0160776
6.51 -0.0159561
6.52 -0.0158465
6.53 -0.0157388
6.54 -0.0156169
6.55 -0.0154625
6.56 -0.0152614
6.57 -0.0150117
6.58 -0.014728
6.59 -0.0144397
6.6 -0.0141828
6.61 -0.0139876
6.62 -0.0138689
6.63 -0.0138213
6.64 -0.0138215
6.65 -0.0138359
6.66 -0.0138301
6.67 -0.0137776
6.68 -0.0136657
6.69 -0.013498
6.7 -0.0132943
6.71 -0.0130882
6.72 -0.0129207
6.73 -0.0128332
6.74 -0.0128583
6.75 -0.0130125
6.76 -0.0132924
6.77 -0.0136746
6.78 -0.0141207
6.79 -0.0145851
6.8 -0.0150233
6.81 -0.0153994
6.82 -0.0156897
6.83 -0.0158836
6.84 -0.0159808
6.85 -0.0159852
6.86 -0.0158981
6.87 -0.0157118
6.88 -0.0154061
6.89 -0.014952
6.9 -0.014321
6.91 -0.0134998
6.92 -0.0125025
6.93 -0.011378
6.94 -0.0102045
6.95 -0.00907563
6.96 -0.00807911
6.97 -0.00727817
6.98 -0.00670093
6.99 -0.00633931
7 -0.00615539
7.01 -0.00609255
7.02 -0.00608862
7.03 -0.00608887
7.04 -0.00605663
7.05 -0.00597988
7.06 -0.00587246
7.07 -0.00576939
7.08 -0.00571723
7.09 -0.00576153
7.1 -0.00593457
7.11 -0.00624616
7.12 -0.00667941
7.13 -0.00719233
7.14 -0.00772521
7.15 -0.0082127
7.16 -0.00859844
7.17 -0.00884909
7.18 -0.00896392
7.19 -0.00897704
7.2 -0.00895046
7.21 -0.00895906
7.22 -0.00907073
7.23 -0.00932753
7.24 -0.00973336
7.25 -0.0102525
7.26 -0.0108189
7.27 -0.011354
7.28 -0.0117867
7.29 -0.0120699
7.3 -0.0121898
7.31 -0.0121662
7.32 -0.0120452
7.33 -0.0118872
7.34 -0.0117532
7.35 -0.0116917
7.36 -0.0117292
7.37 -0.0118655
7.38 -0.0120745
7.39 -0.0123115
7.4 -0.0125263
7.41 -0.0126781
7.42 -0.0127498
7.43 -0.0127571
7.44 -0.0127497
7.45 -0.0128023
7.46 -0.0129966
7.47 -0.0134
7.48 -0.0140451
7.49 -0.0149177
7.5 -0.0159558
7.51 -0.0170618
7.52 -0.018122
7.53 -0.0190319
7.54 -0.0197165
7.55 -0.0201448
7.56 -0.0203327
7.57 -0.0203352
7.58 -0.0202304
7.59 -0.0200985
7.6 -0.0199999
7.61 -0.0199593
7.62 -0.0199597
7.63 -0.0199478
7.64 -0.019849
7.65 -0.0195884
7.66 -0.0191126
7.67 -0.0184042
7.68 -0.0174877
7.69 -0.0164232
7.7 -0.0152919
7.71 -0.0141764
7.72 -0.0131413
7.73 -0.0122189
7.74 -0.0114035
7.75 -0.0106551
7.76 -0.00991386
7.77 -0.00911999
7.78 -0.00823627
7.79 -0.00726512
7.8 -0.00625578
7.81 -0.00529827
7.82 -0.00450432
7.83 -0.00398131
7.84 -0.00380672
7.85 -0.00400954
7.86 -0.00456265
7.87 -0.00538702
7.88 -0.00636484
7.89 -0.00735815
7.9 -0.00822961
7.91 -0.00886306
7.92 -0.00918185
7.93 -0.00916267
7.94 -0.0088415
7.95 -0.00830749
7.96 -0.00768367
7.97 -0.00709747
7.98 -0.00664925
7.99 -0.00638882
8 -0.00630713
8.01 -0.00634595
8.02 -0.00642304
8.03 -0.00646467
8.04 -0.00643418
8.05 -0.00634675
8.06 -0.00626631
8.07 -0.00628652
8.08 -0.0065035
8.09 -0.00698903
8.1 -0.00777101
8.11 -0.0088249
8.12 -0.0100764
8.13 -0.0114135
8.14 -0.0127047
8.15 -0.0138238
8.16 -0.0146738
8.17 -0.0152074
8.18 -0.0154371
8.19 -0.015432
8.2 -0.0152998
8.21 -0.015159
8.22 -0.0151104
8.23 -0.0152157
8.24 -0.015489
8.25 -0.0159046
8.26 -0.0164144
8.27 -0.0169689
8.28 -0.0175368
8.29 -0.0181129
8.3 -0.0187094
8.31 -0.0193365
8.32 -0.0199806
8.33 -0.0205965
8.34 -0.0211196
8.35 -0.0214881
8.36 -0.0216672
8.37 -0.0216648
8.38 -0.02153
8.39 -0.0213241
8.4 -0.0210916
8.41 -0.0208585
8.42 -0.0206404
8.43 -0.0204475
8.44 -0.0202871
8.45 -0.0201652
8.46 -0.0200879
8.47 -0.0200618
8.48 -0.0200934
8.49 -0.0201877
8.5 -0.0203463
8.51 -0.0205675
8.52 -0.0208445
8.53 -0.0211627
8.54 -0.0214936
8.55 -0.0217903
8.56 -0.0219937
8.57 -0.0220464
8.58 -0.021905
8.59 -0.0215481
8.6 -0.020976
8.61 -0.0202062
8.62 -0.0192678
8.63 -0.0181979
8.64 -0.0170419
8.65 -0.0158545
8.66 -0.0146975
8.67 -0.0136343
8.68 -0.0127209
8.69 -0.0119973
8.7 -0.0114813
8.71 -0.0111691
8.72 -0.0110388
8.73 -0.011057
8.74 -0.0111839
8.75 -0.0113772
8.76 -0.0115943
8.77 -0.0117935
8.78 -0.011937
8.79 -0.0119937
8.8 -0.0119406
8.81 -0.0117633
8.82 -0.011453
8.83 -0.011003
8.84 -0.010407
8.85 -0.00966089
8.86 -0.008767
8.87 -0.00774009
8.88 -0.00661155
8.89 -0.00542981
8.9 -0.00425528
8.91 -0.00315299
8.92 -0.00219166
8.93 -0.00143969
8.94 -0.000948702
8.95 -0.00074419
8.96 -0.00082558
8.97 -0.00116679
8.98 -0.00172123
8.99 -0.00243136
9 -0.00323692
9.01 -0.00407996
9.02 -0.00491043
9.03 -0.00569515
9.04 -0.00642665
9.05 -0.00712685
9.06 -0.00784102
9.07 -0.00862218
9.08 -0.00951102
9.09 -0.0105192
9.1 -0.0116233
9.11 -0.0127709
9.12 -0.0138979
9.13 -0.0149479
9.14 -0.0158882
9.15 -0.0167158
9.16 -0.0174528
9.17 -0.0181341
9.18 -0.0187935
9.19 -0.0194521
9.2 -0.0201111
9.21 -0.0207496
9.22 -0.0213276
9.23 -0.0217921
9.24 -0.0220865
9.25 -0.0221622
9.26 -0.021991
9.27 -0.0215763
9.28 -0.0209574
9.29 -0.0202065
9.3 -0.0194164
9.31 -0.018683
9.32 -0.0180875
9.33 -0.017682
9.34 -0.0174812
9.35 -0.0174622
9.36 -0.0175739
9.37 -0.017751
9.38 -0.017928
9.39 -0.018051
9.4 -0.0180834
9.41 -0.0180091
9.42 -0.0178302
9.43 -0.0175629
9.44 -0.0172312
9.45 -0.016858
9.46 -0.0164569
9.47 -0.0160262
9.48 -0.0155479
9.49 -0.0149937
9.5 -0.0143363
9.51 -0.0135636
9.52 -0.0126904
9.53 -0.0117639
9.54 -0.0108615
9.55 -0.0100813
9.56 -0.00952722
9.57 -0.00929251
9.58 -0.00944438
9.59 -0.0100113
9.6 -0.0109748
9.61 -0.0122681
9.62 -0.0137839
9.63 -0.0153906
9.64 -0.0169558
9.65 -0.0183704
9.66 -0.0195663
9.67 -0.0205234
9.68 -0.0212622
9.69 -0.0218269
9.7 -0.0222661
9.71 -0.0226183
9.72 -0.0229005
9.73 -0.0231058
9.74 -0.0232136
9.75 -0.0232029
9.76 -0.0230627
9.77 -0.0227972
9.78 -0.0224267
9.79 -0.0219828
9.8 -0.021501
9.81 -0.021012
9.82 -0.0205352
9.83 -0.0200753
9.84 -0.0196233
9.85 -0.019161
9.86 -0.0186681
9.87 -0.0181275
9.88 -0.0175302
9.89 -0.0168753
9.9 -0.0161677
9.91 -0.0154139
9.92 -0.0146175
9.93 -0.0137771
9.94 -0.0128885
9.95 -0.0119498
9.96 -0.0109677
9.97 -0.00996355
9.98 -0.008975
9.99 -0.00805349
10 -0.00725948
10.01 -0.00665501
10.02 -0.00629485
10.03 -0.00621797
10.04 -0.00644067
10.05 -0.00695253
10.06 -0.0077164
10.07 -0.00867248
10.08 -0.00974608
10.09 -0.0108577
10.1 -0.0119333
10.11 -0.0129131
10.12 -0.0137574
10.13 -0.0144479
10.14 -0.014985
10.15 -0.0153806
10.16 -0.0156505
10.17 -0.0158076
10.18 -0.0158581
10.19 -0.0158022
10.2 -0.0156372
10.21 -0.015363
10.22 -0.0149876
10.23 -0.0145311
10.24 -0.0140295
10.25 -0.0135349
10.26 -0.0131144
10.27 -0.0128437
10.28 -0.0127972
10.29 -0.0130339
10.3 -0.0135837
10.31 -0.0144371
10.32 -0.0155416
10.33 -0.0168086
10.34 -0.0181277
10.35 -0.0193867
10.36 -0.0204916
10.37 -0.0213818
10.38 -0.0220355
10.39 -0.0224657
10.4 -0.0227062
10.41 -0.0227941
10.42 -0.0227547
10.43 -0.0225927
10.44 -0.0222917
10.45 -0.0218226
10.46 -0.021154
10.47 -0.0202652
10.48 -0.019156
10.49 -0.0178528
10.5 -0.0164115
10.51 -0.0149156
10.52 -0.0134683
10.53 -0.0121796
10.54 -0.0111475
10.55 -0.0104395
10.56 -0.0100768
10.57 -0.0100283
10.58 -0.0102171
10.59 -0.0105353
10.6 -0.0108667
10.61 -0.0111074
10.62 -0.011181
10.63 -0.0110454
10.64 -0.0106916
10.65 -0.0101371
10.66 -0.00941904
10.67 -0.00858609
10.68 -0.00769114
10.69 -0.00678525
10.7 -0.00591234
10.71 -0.00510548
10.72 -0.004387
10.73 -0.00377347
10.74 -0.00328518
10.75 -0.00295501
10.76 -0.00282999
10.77 -0.00296648
10.78 -0.00342228
10.79 -0.00424515
10.8 -0.00545997
10.81 -0.00705932
10.82 -0.00900086
10.83 -0.0112118
10.84 -0.0135974
10.85 -0.0160507
10.86 -0.0184611
10.87 -0.0207234
10.88 -0.0227446
10.89 -0.0244518
10.9 -0.0258012
10.91 -0.0267891
10.92 -0.0274507
10.93 -0.0278347
10.94 -0.0279784
10.95 -0.0278962
10.96 -0.0275836
10.97 -0.0270308
10.98 -0.0262397
10.99 -0.0252366
11 -0.0240761
11.01 -0.0228352
11.02 -0.0216013
11.03 -0.0204584
11.04 -0.0194747
11.05 -0.0186947
11.06 -0.0181364
11.07 -0.0177935
11.08 -0.017642
11.09 -0.0176485
11.1 -0.0177789
11.11 -0.0180052
11.12 -0.0183099
11.13 -0.0186882
11.14 -0.0191472
11.15 -0.0197024
11.16 -0.0203705
11.17 -0.02116
11.18 -0.0220585
11.19 -0.0230242
11.2 -0.0239835
11.21 -0.0248399
11.22 -0.0254907
11.23 -0.0258487
11.24 -0.0258609
11.25 -0.0255187
11.26 -0.0248576
11.27 -0.023947
11.28 -0.0228754
11.29 -0.021735
11.3 -0.020609
11.31 -0.0195642
11.32 -0.0186456
11.33 -0.0178757
11.34 -0.0172557
11.35 -0.0167702
11.36 -0.0163953
11.37 -0.0161082
11.38 -0.0158971
11.39 -0.0157658
11.4 -0.0157317
11.41 -0.0158158
11.42 -0.016029
11.43 -0.0163585
11.44 -0.0167596
11.45 -0.0171572
11.46 -0.0174548
11.47 -0.0175502
11.48 -0.0173526
11.49 -0.0167983
11.5 -0.0158613
11.51 -0.0145583
11.52 -0.0129477
11.53 -0.0111247
11.54 -0.00920701
11.55 -0.00731417
11.56 -0.00554523
11.57 -0.00396304
11.58 -0.00259585
11.59 -0.00146095
11.6 -0.000579198
11.61 3.89809e-005
11.62 0.000405366
11.63 0.000550177
11.64 0.000512973
11.65 0.000332017
11.66 3.29239e-005
11.67 -0.00038625
11.68 -0.000960028
11.69 -0.00173752
11.7 -0.00275665
11.71 -0.00402872
11.72 -0.00553682
11.73 -0.00724254
11.74 -0.00909193
11.75 -0.0110148
11.76 -0.0129184
11.77 -0.0146846
11.78 -0.0161827
11.79 -0.0172951
11.8 -0.0179492
11.81 -0.0181415
11.82 -0.0179414
11.83 -0.0174734
11.84 -0.0168836
11.85 -0.0163049
11.86 -0.0158273
11.87 -0.0154851
11.88 -0.0152705
11.89 -0.015152
11.9 -0.0150933
11.91 -0.0150751
11.92 -0.0151074
11.93 -0.0152216
11.94 -0.0154487
11.95 -0.0157969
11.96 -0.016239
11.97 -0.0167173
11.98 -0.0171646
11.99 -0.0175298
12 -0.0177976
12.01 -0.0179918
12.02 -0.0181599
12.03 -0.0183448
12.04 -0.0185658
12.05 -0.0188205
12.06 -0.0190945
12.07 -0.0193699
12.08 -0.0196313
12.09 -0.0198693
12.1 -0.02008
12.11 -0.0202625
12.12 -0.0204149
12.13 -0.0205322
12.14 -0.0206047
12.15 -0.0206198
12.16 -0.0205661
12.17 -0.0204405
12.18 -0.0202521
12.19 -0.0200204
12.2 -0.0197692
12.21 -0.0195222
12.22 -0.0192995
12.23 -0.019114
12.24 -0.0189673
12.25 -0.0188494
12.26 -0.0187432
12.27 -0.0186328
12.28 -0.0185096
12.29 -0.0183738
12.3 -0.0182331
12.31 -0.0180974
12.32 -0.0179748
12.33 -0.0178691
12.34 -0.0177789
12.35 -0.0176979
12.36 -0.0176155
12.37 -0.0175159
12.38 -0.0173798
12.39 -0.0171859
12.4 -0.0169147
12.41 -0.0165537
12.42 -0.0161008
12.43 -0.0155657
12.44 -0.0149667
12.45 -0.014327
12.46 -0.0136692
12.47 -0.0130109
12.48 -0.0123634
12.49 -0.0117321
12.5 -0.0111184
12.51 -0.0105217
12.52 -0.00994032
12.53 -0.00937266
12.54 -0.00881866
12.55 -0.00828231
12.56 -0.00777437
12.57 -0.00731393
12.58 -0.00692735
12.59 -0.0066446
12.6 -0.00649349
12.61 -0.00649371
12.62 -0.00665258
12.63 -0.00696408
12.64 -0.00741075
12.65 -0.00796745
12.66 -0.00860543
12.67 -0.00929597
12.68 -0.0100133
12.69 -0.0107364
12.7 -0.0114508
12.71 -0.0121473
12.72 -0.0128217
12.73 -0.0134712
12.74 -0.0140911
12.75 -0.0146721
12.76 -0.0151989
12.77 -0.0156535
12.78 -0.0160199
12.79 -0.0162904
12.8 -0.0164703
12.81 -0.01658
12.82 -0.0166519
12.83 -0.0167246
12.84 -0.0168354
12.85 -0.017014
12.86 -0.0172783
12.87 -0.0176351
12.88 -0.0180823
12.89 -0.0186073
12.9 -0.0191833
12.91 -0.0197704
12.92 -0.0203197
12.93 -0.0207796
12.94 -0.0211051
12.95 -0.0212693
12.96 -0.0212664
12.97 -0.0211042
12.98 -0.0207999
12.99 -0.020382
13 -0.0198896
13.01 -0.0193687
13.02 -0.0188675
13.03 -0.0184305
13.04 -0.0180937
13.05 -0.0178812
13.06 -0.0178031
13.07 -0.0178563
13.08 -0.0180262
13.09 -0.0182895
13.1 -0.0186159
13.11 -0.0189696
13.12 -0.0193133
13.13 -0.0196126
13.14 -0.0198399
13.15 -0.0199773
13.16 -0.0200187
13.17 -0.0199683
13.18 -0.0198351
13.19 -0.0196331
13.2 -0.0193826
13.21 -0.019112
13.22 -0.0188549
13.23 -0.0186458
13.24 -0.0185144
13.25 -0.0184776
13.26 -0.0185278
13.27 -0.0186247
13.28 -0.018705
13.29 -0.0187047
13.3 -0.0185787
13.31 -0.0183108
13.32 -0.0179126
13.33 -0.0174161
13.34 -0.016864
13.35 -0.0163039
13.36 -0.0157839
13.37 -0.0153484
13.38 -0.0150306
13.39 -0.014844
13.4 -0.0147756
13.41 -0.0147866
13.42 -0.0148235
13.43 -0.0148352
13.44 -0.0147905
13.45 -0.014689
13.46 -0.0145594
13.47 -0.014448
13.48 -0.0144018
13.49 -0.014454
13.5 -0.0146168
13.51 -0.0148809
13.52 -0.0152216
13.53 -0.0156038
13.54 -0.0159871
13.55 -0.0163283
13.56 -0.0165858
13.57 -0.0167251
13.58 -0.016726
13.59 -0.0165891
13.6 -0.0163359
13.61 -0.0160026
13.62 -0.0156281
13.63 -0.0152423
13.64 -0.0148574
13.65 -0.0144686
13.66 -0.0140624
13.67 -0.0136282
13.68 -0.013169
13.69 -0.0127064
13.7 -0.0122785
13.71 -0.0119329
13.72 -0.0117177
13.73 -0.0116735
13.74 -0.0118281
13.75 -0.0121927
13.76 -0.0127589
13.77 -0.0134983
13.78 -0.0143629
13.79 -0.0152909
13.8 -0.0162156
13.81 -0.0170776
13.82 -0.0178352
13.83 -0.0184705
13.84 -0.0189876
13.85 -0.0194058
13.86 -0.0197487
13.87 -0.0200348
13.88 -0.0202708
13.89 -0.0204482
13.9 -0.0205475
13.91 -0.0205494
13.92 -0.0204413
13.93 -0.0202217
13.94 -0.0199021
13.95 -0.0195044
13.96 -0.0190586
13.97 -0.0185992
13.98 -0.018161
13.99 -0.0177746
14 -0.0174633
14.01 -0.0172408
14.02 -0.0171095
14.03 -0.0170609
14.04 -0.0170789
14.05 -0.0171462
14.06 -0.0172483
14.07 -0.0173748
14.08 -0.0175175
14.09 -0.0176687
14.1 -0.0178185
14.11 -0.0179544
14.12 -0.018062
14.13 -0.0181293
14.14 -0.0181505
14.15 -0.0181266
14.16 -0.018065
14.17 -0.0179778
14.18 -0.017879
14.19 -0.0177824
14.2 -0.0176996
14.21 -0.0176384
14.22 -0.0176027
14.23 -0.0175938
14.24 -0.0176107
14.25 -0.0176515
14.26 -0.0177139
14.27 -0.0177943
14.28 -0.0178875
14.29 -0.017986
14.3 -0.0180802
14.31 -0.0181582
14.32 -0.0182082
14.33 -0.0182197
14.34 -0.0181862
14.35 -0.0181056
14.36 -0.0179816
14.37 -0.017822
14.38 -0.0176381
14.39 -0.0174423
14.4 -0.0172463
14.41 -0.0170596
14.42 -0.0168882
14.43 -0.0167348
14.44 -0.0165989
14.45 -0.0164778
14.46 -0.0163673
14.47 -0.0162627
14.48 -0.0161592
14.49 -0.0160521
14.5 -0.0159369
14.51 -0.0158097
14.52 -0.0156671
14.53 -0.0155068
14.54 -0.0153285
14.55 -0.0151337
14.56 -0.0149268
14.57 -0.0147148
14.58 -0.0145073
14.59 -0.0143155
14.6 -0.0141509
14.61 -0.0140242
14.62 -0.013944
14.63 -0.0139157
14.64 -0.0139412
14.65 -0.0140185
14.66 -0.014142
14.67 -0.0143036
14.68 -0.014494
14.69 -0.0147036
14.7 -0.0149223
14.71 -0.0151398
14.72 -0.0153456
14.73 -0.0155286
14.74 -0.0156773
14.75 -0.0157799
14.76 -0.0158198
14.77 -0.0157886
14.78 -0.0157135
14.79 -0.0156488
14.8 -0.0156497
14.81 -0.0157428
14.82 -0.0158723
14.83 -0.0158607
14.84 -0.0154559
