0.005 -0.490856
0.01 -0.487613
0.015 -0.484629
0.02 -0.481715
0.025 -0.478916
0.03 -0.475702
0.035 -0.471933
0.04 -0.467365
0.045 -0.461619
0.05 -0.454212
0.055 -0.444725
0.06 -0.433897
0.065 -0.422378
0.07 -0.409755
0.075 -0.396826
0.08 -0.382388
0.085 -0.365429
0.09 -0.344882
0.095 -0.32194
0.1 -0.293565
0.105 -0.25911
0.11 -0.21901
0.115 -0.174122
0.12 -0.129355
0.125 -0.0837599
0.13 -0.0441564
0.135 -0.0109717
0.14 0.0173711
0.145 0.0364364
0.15 0.0475209
0.155 0.0367472
0.16 -0.00348596
0.165 -0.0864065
0.17 -0.223863
0.175 -0.39708
0.18 -0.561053
0.185 -0.70297
0.19 -0.81329
0.195 -0.860778
0.2 -0.819015
0.205 -0.678458
0.21 -0.490291
0.215 -0.333374
0.22 -0.228537
0.225 -0.162277
0.23 -0.111268
0.235 -0.0625975
0.24 -0.0144819
0.245 0.0328534
0.25 0.0604723
0.255 0.0650759
0.26 0.0623673
0.265 0.0830998
0.27 0.119344
0.275 0.157221
0.28 0.201345
0.285 0.247233
0.29 0.311948
0.295 0.383162
0.3 0.434868
0.305 0.453868
0.31 0.433134
0.315 0.366981
0.32 0.232295
0.325 0.022744
0.33 -0.254364
0.335 -0.56705
0.34 -0.86153
0.345 -1.08942
0.35 -1.22152
0.355 -1.26905
0.36 -1.2529
0.365 -1.24364
0.37 -1.26661
0.375 -1.35017
0.38 -1.50859
0.385 -1.71901
0.39 -1.96377
0.395 -2.17818
0.4 -2.32107
0.405 -2.34842
0.41 -2.27094
0.415 -2.0955
0.42 -1.84879
0.425 -1.56891
0.43 -1.27262
0.435 -1.02895
0.44 -0.833167
0.445 -0.661346
0.45 -0.448312
0.455 -0.217355
0.46 0.00513145
0.465 0.178868
0.47 0.261696
0.475 0.324663
0.48 0.379991
0.485 0.502855
0.49 0.671243
0.495 0.797264
0.5 0.834867
0.505 0.761997
0.51 0.595261
0.515 0.342701
0.52 0.0741221
0.525 -0.169001
0.53 -0.360366
0.535 -0.518262
0.54 -0.638038
0.545 -0.687712
0.55 -0.670547
0.555 -0.608263
0.56 -0.544051
0.565 -0.503646
0.57 -0.476724
0.575 -0.44731
0.58 -0.386453
0.585 -0.285728
0.59 -0.161643
0.595 -0.0344114
0.6 0.116491
0.605 0.28787
0.61 0.456359
0.615 0.612133
0.62 0.740576
0.625 0.901199
0.63 1.13573
0.635 1.43109
0.64 1.70416
0.645 1.86597
0.65 1.87391
0.655 1.69074
0.66 1.29126
0.665 0.642918
0.67 -0.169715
0.675 -1.05776
0.68 -1.92417
0.685 -2.70557
0.69 -3.4193
0.695 -4.04806
0.7 -4.56911
0.705 -4.94135
0.71 -5.18482
0.715 -5.24266
0.72 -5.08148
0.725 -4.70105
0.73 -4.03292
0.735 -3.05591
0.74 -1.81298
0.745 -0.407561
0.75 1.01958
0.755 2.27396
0.76 3.24468
0.765 3.93538
0.77 4.30898
0.775 4.42251
0.78 4.29762
0.785 3.88292
0.79 3.14102
0.795 2.09906
0.8 0.930507
0.805 -0.182124
0.81 -1.0293
0.815 -1.57717
0.82 -1.74298
0.825 -1.56449
0.83 -1.2869
0.835 -0.959285
0.84 -0.577608
0.845 -0.0806223
0.85 0.513588
0.855 1.14927
0.86 1.8832
0.865 2.62455
0.87 3.44702
0.875 4.24576
0.88 4.94909
0.885 5.64569
0.89 6.28915
0.895 6.81231
0.9 7.09548
0.905 7.17388
0.91 7.07665
0.915 6.79491
0.92 6.27825
0.925 5.40107
0.93 4.22062
0.935 2.84437
0.94 1.38436
0.945 -0.104843
0.95 -1.6235
0.955 -3.07401
0.96 -4.44944
0.965 -5.64818
0.97 -6.73002
0.975 -7.64615
0.98 -8.39231
0.985 -9.01972
0.99 -9.53563
0.995 -10.0028
1 -10.3957
1.005 -10.7797
1.01 -11.1776
1.015 -11.5956
1.02 -12.0911
1.025 -12.5438
1.03 -12.8313
1.035 -12.7148
1.04 -12.1466
1.045 -11.1532
1.05 -9.82381
1.055 -8.42488
1.06 -7.05331
1.065 -5.79476
1.07 -4.70718
1.075 -3.74465
1.08 -2.95326
1.085 -2.08404
1.09 -1.02631
1.095 0.308525
1.1 1.76364
1.105 3.1892
1.11 4.54892
1.115 5.74624
1.12 6.70867
1.125 7.29146
1.13 7.43699
1.135 7.30111
1.14 7.18925
1.145 7.28411
1.15 7.66909
1.155 8.4247
1.16 9.40627
1.165 10.4484
1.17 11.399
1.175 12.1264
1.18 12.5307
1.185 12.4862
1.19 11.9983
1.195 11.0873
1.2 9.9466
1.205 8.75735
1.21 7.72235
1.215 7.00975
1.22 6.64805
1.225 6.58256
1.23 6.71959
1.235 7.01844
1.24 7.43444
1.245 7.85385
1.25 8.23596
1.255 8.45752
1.26 8.51579
1.265 8.27986
1.27 7.64037
1.275 6.67895
1.28 5.44538
1.285 3.95742
1.29 2.0858
1.295 -0.148889
1.3 -2.67435
1.305 -5.42369
1.31 -8.36673
1.315 -11.4433
1.32 -14.4038
1.325 -17.1506
1.33 -19.6514
1.335 -21.7761
1.34 -23.5376
1.345 -24.9699
1.35 -26.0994
1.355 -26.9103
1.36 -27.3709
1.365 -27.4396
1.37 -27.0518
1.375 -26.2545
1.38 -25.0156
1.385 -23.429
1.39 -21.3832
1.395 -18.8484
1.4 -15.8981
1.405 -12.7498
1.41 -9.71593
1.415 -6.92339
1.42 -4.51767
1.425 -2.51735
1.43 -0.862688
1.435 0.488208
1.44 1.55542
1.445 2.32598
1.45 2.82202
1.455 3.13382
1.46 3.36683
1.465 3.61271
1.47 3.96521
1.475 4.44734
1.48 5.03769
1.485 5.84962
1.49 6.87182
1.495 8.04681
1.5 9.38794
1.505 10.8732
1.51 12.3989
1.515 13.8715
1.52 15.2665
1.525 16.5756
1.53 17.8536
1.535 19.1491
1.54 20.4225
1.545 21.6001
1.55 22.4484
1.555 22.9075
1.56 22.9766
1.565 22.7066
1.57 22.0355
1.575 20.995
1.58 19.6644
1.585 18.0259
1.59 16.131
1.595 14.13
1.6 12.2078
1.605 10.4146
1.61 8.84865
1.615 7.48345
1.62 6.22869
1.625 5.14413
1.63 4.32649
1.635 3.9351
1.64 3.84145
1.645 3.9156
1.65 4.11724
1.655 4.27749
1.66 4.27085
1.665 3.9464
1.67 3.22496
1.675 2.01904
1.68 0.388794
1.685 -1.51494
1.69 -3.63616
1.695 -5.96723
1.7 -8.45857
1.705 -10.8916
1.71 -13.167
1.715 -15.1614
1.72 -16.7644
1.725 -17.9531
1.73 -18.75
1.735 -19.1748
1.74 -19.2031
1.745 -18.9192
1.75 -18.419
1.755 -17.8209
1.76 -17.1324
1.765 -16.4231
1.77 -15.8011
1.775 -15.3411
1.78 -15.2059
1.785 -15.3104
1.79 -15.5322
1.795 -15.6767
1.8 -15.6019
1.805 -15.1553
1.81 -14.2142
1.815 -12.7805
1.82 -10.9615
1.825 -8.94596
1.83 -6.7538
1.835 -4.51599
1.84 -2.33961
1.845 -0.31585
1.85 1.48941
1.855 2.99349
1.86 4.14564
1.865 4.86718
1.87 5.02774
1.875 4.60963
1.88 3.69637
1.885 2.4963
1.89 1.28839
1.895 0.247876
1.9 -0.551735
1.905 -1.04179
1.91 -1.13565
1.915 -0.849181
1.92 -0.215038
1.925 0.680022
1.93 1.8238
1.935 3.25701
1.94 5.12427
1.945 7.43783
1.95 10.0331
1.955 12.7844
1.96 15.4746
1.965 17.9571
1.97 20.1321
1.975 21.9057
1.98 23.17
1.985 23.8856
1.99 24.1764
1.995 24.1527
2 23.8987
2.005 23.3214
2.01 22.3531
2.015 20.9366
2.02 19.1213
2.025 17.1669
2.03 15.2939
2.035 13.5548
2.04 11.9604
2.045 10.4982
2.05 9.18802
2.055 8.14439
2.06 7.31904
2.065 6.6475
2.07 6.05487
2.075 5.42621
2.08 4.72637
2.085 4.00289
2.09 3.38009
2.095 2.84357
2.1 2.38014
2.105 1.87581
2.11 1.34824
2.115 0.713747
2.12 -0.126364
2.125 -1.15413
2.13 -2.36402
2.135 -3.72129
2.14 -5.15688
2.145 -6.51124
2.15 -7.72523
2.155 -8.84011
2.16 -9.8842
2.165 -10.837
2.17 -11.7147
2.175 -12.7148
2.18 -13.9609
2.185 -15.5036
2.19 -17.2961
2.195 -19.2043
2.2 -21.0462
2.205 -22.6433
2.21 -23.8409
2.215 -24.4847
2.22 -24.5174
2.225 -23.9945
2.23 -23.1489
2.235 -22.1566
2.24 -21.1018
2.245 -20.0754
2.25 -19.0816
2.255 -18.0709
2.26 -16.8351
2.265 -15.3705
2.27 -13.634
2.275 -11.5242
2.28 -9.07474
2.285 -6.33822
2.29 -3.51776
2.295 -0.932635
2.3 1.14732
2.305 2.6429
2.31 3.35603
2.315 3.43388
2.32 3.15073
2.325 2.78998
2.33 2.50089
2.335 2.39336
2.34 2.59238
2.345 3.15818
2.35 4.29444
2.355 6.00433
2.36 8.1918
2.365 10.8642
2.37 13.9694
2.375 17.376
2.38 20.8096
2.385 24.086
2.39 26.8839
2.395 29.0235
2.4 30.4126
2.405 31.1124
2.41 31.315
2.415 31.0869
2.42 30.4692
2.425 29.4231
2.43 27.9785
2.435 26.1446
2.44 24.0384
2.445 21.822
2.45 19.6628
2.455 17.7259
2.46 16.1006
2.465 14.9553
2.47 14.1943
2.475 13.656
2.48 13.3465
2.485 13.1192
2.49 12.8091
2.495 12.2779
2.5 11.4709
2.505 10.3355
2.51 8.91573
2.515 7.22023
2.52 5.35686
2.525 3.35021
2.53 1.22638
2.535 -0.935212
2.54 -3.04093
2.545 -4.97467
2.55 -6.60901
2.555 -8.00515
2.56 -9.16588
2.565 -10.108
2.57 -10.7985
2.575 -11.2633
2.58 -11.4576
2.585 -11.415
2.59 -11.2211
2.595 -10.8638
2.6 -10.5693
2.605 -10.3921
2.61 -10.2952
2.615 -10.1616
2.62 -9.87284
2.625 -9.33565
2.63 -8.55159
2.635 -7.66712
2.64 -6.8681
2.645 -6.39464
2.65 -6.25055
2.655 -6.46543
2.66 -7.01395
2.665 -7.77446
2.67 -8.7073
2.675 -9.77079
2.68 -10.9765
2.685 -12.1138
2.69 -13.0576
2.695 -13.8872
2.7 -14.4577
2.705 -14.6782
2.71 -14.4012
2.715 -13.6735
2.72 -12.3961
2.725 -10.7652
2.73 -8.93254
2.735 -6.90682
2.74 -4.95644
2.745 -3.12401
2.75 -1.37576
2.755 0.379703
2.76 2.07736
2.765 3.54718
2.77 4.70132
2.775 5.37186
2.78 5.51318
2.785 5.14195
2.79 4.41416
2.795 3.55328
2.8 2.72708
2.805 2.10608
2.81 1.81808
2.815 1.79724
2.82 1.99475
2.825 2.39255
2.83 2.87113
2.835 3.41534
2.84 3.87913
2.845 4.20071
2.85 4.4223
2.855 4.51523
2.86 4.44445
2.865 4.21528
2.87 3.90965
2.875 3.52915
2.88 3.08916
2.885 2.57968
2.89 1.8743
2.895 1.01458
2.9 0.134071
2.905 -0.485003
2.91 -0.556404
2.915 0.0505984
2.92 1.26296
2.925 2.89209
2.93 4.72504
2.935 6.44374
2.94 7.88497
2.945 8.85871
2.95 9.39598
2.955 9.68831
2.96 9.93693
2.965 10.2812
2.97 10.7487
2.975 11.4068
2.98 12.2229
2.985 13.0317
2.99 13.5999
2.995 13.7737
3 13.525
3.005 12.9094
3.01 12.0549
3.015 11.0499
3.02 9.94159
3.025 8.66189
3.03 7.11397
3.035 5.23469
3.04 3.15444
3.045 1.11079
3.05 -0.77617
3.055 -2.45136
3.06 -4.01948
3.065 -5.592
3.07 -7.26124
3.075 -9.09046
3.08 -11.0561
3.085 -13.1364
3.09 -15.1088
3.095 -16.7959
3.1 -18.0178
3.105 -18.6744
3.11 -18.785
3.115 -18.4289
3.12 -17.7834
3.125 -16.9873
3.13 -16.1183
3.135 -15.1866
3.14 -14.2543
3.145 -13.3216
3.15 -12.3516
3.155 -11.245
3.16 -9.93205
3.165 -8.43625
3.17 -6.87102
3.175 -5.41832
3.18 -4.30675
3.185 -3.83323
3.19 -4.1211
3.195 -5.17313
3.2 -6.85618
3.205 -8.9768
3.21 -11.2365
3.215 -13.3151
3.22 -15.0575
3.225 -16.3917
3.23 -17.3104
3.235 -17.7707
3.24 -17.7843
3.245 -17.3109
3.25 -16.4125
3.255 -15.2348
3.26 -13.9266
3.265 -12.624
3.27 -11.362
3.275 -10.1771
3.28 -9.06065
3.285 -7.93624
3.29 -6.69193
3.295 -5.30438
3.3 -3.72728
3.305 -1.85789
3.31 0.333481
3.315 2.72901
3.32 5.16798
3.325 7.54876
3.33 9.81154
3.335 11.9516
3.34 13.9619
3.345 15.8198
3.35 17.4481
3.355 18.8911
3.36 20.2542
3.365 21.5003
3.37 22.6646
3.375 23.6526
3.38 24.3659
3.385 24.7199
3.39 24.8104
3.395 24.6957
3.4 24.3326
3.405 23.6677
3.41 22.7028
3.415 21.7171
3.42 20.7138
3.425 19.7716
3.43 18.8491
3.435 17.8179
3.44 16.6329
3.445 15.2205
3.45 13.6675
3.455 12.0398
3.46 10.4691
3.465 8.86703
3.47 7.20437
3.475 5.24351
3.48 3.15964
3.485 1.0263
3.49 -1.17716
3.495 -3.40456
3.5 -5.70768
3.505 -7.92794
3.51 -10.0124
3.515 -11.9937
3.52 -13.8758
3.525 -15.7563
3.53 -17.6488
3.535 -19.657
3.54 -21.6217
3.545 -22.8679
3.55 -24.4874
3.555 -26.2909
3.56 -28.1402
3.565 -29.9698
3.57 -31.6897
3.575 -33.0445
3.58 -34.0402
3.585 -34.6024
3.59 -34.8258
3.595 -34.6928
3.6 -34.2749
3.605 -33.6434
3.61 -32.8769
3.615 -32.2707
3.62 -31.6978
3.625 -31.1405
3.63 -30.244
3.635 -29.0284
3.64 -27.5763
3.645 -25.7895
3.65 -23.7605
3.655 -21.4853
3.66 -18.9951
3.665 -16.2022
3.67 -13.2153
3.675 -9.94343
3.68 -6.39331
3.685 -2.43539
3.69 2.06677
3.695 7.17219
3.7 12.7854
3.705 18.8176
3.71 25.1839
3.715 31.5357
3.72 37.8527
3.725 43.9271
3.73 49.7747
3.735 55.2759
3.74 60.2018
3.745 64.4369
3.75 66.7737
3.755 69.2237
3.76 72.3126
3.765 74.7887
3.77 76.8074
3.775 78.0838
3.78 78.7545
3.785 78.7153
3.79 78.0621
3.795 76.8306
3.8 75.1896
3.805 73.2765
3.81 71.1931
3.815 69.0437
3.82 66.7613
3.825 64.5697
3.83 62.2108
3.835 59.705
3.84 56.6883
3.845 53.0911
3.85 50.7923
3.855 45.108
3.86 39.1177
3.865 32.4532
3.87 25.3732
3.875 17.8652
3.88 9.81648
3.885 1.31088
3.89 -7.5925
3.895 -14.9493
3.9 -25.0032
3.905 -32.8342
3.91 -40.9358
3.915 -48.7456
3.92 -53.8491
3.925 -59.9257
3.93 -65.8246
3.935 -72.413
3.94 -78.3183
3.945 -83.7464
3.95 -88.4979
3.955 -92.5127
3.96 -95.685
3.965 -97.9317
3.97 -99.3406
3.975 -99.958
3.98 -100.016
3.985 -99.6069
3.99 -98.9132
3.995 -98.1776
4 -97.3872
4.005 -96.8434
4.01 -95.3828
4.015 -93.5902
4.02 -91.1054
4.025 -87.755
4.03 -83.4617
4.035 -78.433
4.04 -72.4722
4.045 -65.542
4.05 -58.2012
4.055 -49.8475
4.06 -40.7361
4.065 -30.9755
4.07 -20.6284
4.075 -13.1941
4.08 -5.31871
4.085 2.95791
4.09 11.6445
4.095 20.7484
4.1 30.1093
4.105 43.3811
4.11 60.9916
4.115 72.4606
4.12 83.4784
4.125 90.304
4.13 99.8976
4.135 105.145
4.14 109.262
4.145 107.701
4.15 105.917
4.155 102.32
4.16 96.884
4.165 89.9326
4.17 81.6684
4.175 72.7229
4.18 63.0757
4.185 53.3227
4.19 43.7856
4.195 34.637
4.2 26.0361
4.205 17.9822
4.21 10.716
4.215 4.31015
4.22 -1.10292
4.225 -5.62548
4.23 -9.18349
4.235 -12.6983
4.24 -15.5382
4.245 -17.7357
4.25 -19.2536
4.255 -19.3755
4.26 -18.3213
4.265 -15.9993
4.27 -12.6112
4.275 -8.29912
4.28 -3.14442
4.285 2.6565
4.29 9.35836
4.295 16.8502
4.3 24.5276
4.305 32.0326
4.31 39.0773
4.315 45.447
4.32 50.8609
4.325 55.0203
4.33 57.5525
4.335 58.3107
4.34 57.3441
4.345 54.6194
4.35 50.3262
4.355 47.3385
4.36 42.0751
4.365 35.5902
4.37 28.1132
4.375 19.8571
4.38 11.1776
4.385 2.39986
4.39 -6.19098
4.395 -14.2656
4.4 -21.6307
4.405 -28.0578
4.41 -33.5487
4.415 -39.0441
4.42 -43.7218
4.425 -48.1146
4.43 -52.1681
4.435 -55.8881
4.44 -59.0296
4.445 -61.4834
4.45 -65.954
4.455 -69.879
4.46 -72.3237
4.465 -73.1896
4.47 -75.0643
4.475 -73.9055
4.48 -71.1553
4.485 -66.9334
4.49 -61.5599
4.495 -54.7669
4.5 -47.2953
4.505 -39.6108
4.51 -31.8912
4.515 -24.4537
4.52 -17.5078
4.525 -11.2871
4.53 -5.83046
4.535 -1.25854
4.54 2.35603
4.545 5.08353
4.55 7.18321
4.555 9.07961
4.56 11.0439
4.565 11.7342
4.57 12.7203
4.575 12.7299
4.58 13.7861
4.585 15.3873
4.59 17.5317
4.595 21.842
4.6 26.0067
4.605 30.1689
4.61 34.1476
4.615 37.7076
4.62 40.7868
4.625 43.3451
4.63 45.4109
4.635 47.0596
4.64 48.3882
4.645 49.4738
4.65 50.2493
4.655 51.246
4.66 51.6448
4.665 51.5133
4.67 50.5563
4.675 48.4368
4.68 44.9652
4.685 39.9902
4.69 33.325
4.695 24.9977
4.7 15.2014
4.705 4.09016
4.71 -7.93055
4.715 -20.4457
4.72 -33.0369
4.725 -45.154
4.73 -56.2789
4.735 -65.9583
4.74 -73.9097
4.745 -79.6326
4.75 -82.2537
4.755 -82.4553
4.76 -80.3345
4.765 -75.9636
4.77 -69.2904
4.775 -60.7683
4.78 -49.9851
4.785 -37.05
4.79 -22.1682
4.795 -5.85089
4.8 11.6012
4.805 29.2958
4.81 46.5027
4.815 62.4799
4.82 76.6371
4.825 88.6024
4.83 98.0524
4.835 104.945
4.84 109.295
4.845 111.359
4.85 111.298
4.855 109.246
4.86 105.36
4.865 99.7914
4.87 92.6815
4.875 84.0629
4.88 74.228
4.885 62.3377
4.89 49.2856
4.895 35.293
4.9 20.7894
4.905 5.92091
4.91 -8.9775
4.915 -23.4445
4.92 -36.0375
4.925 -42.4397
4.93 -48.6064
4.935 -53.1648
4.94 -55.4995
4.945 -55.6753
4.95 -53.8029
4.955 -50.028
4.96 -44.6847
4.965 -38.2031
4.97 -37.2402
4.975 -39.9432
4.98 -38.5835
4.985 -36.2118
4.99 -32.867
4.995 -29.0617
5 -25.1597
5.005 -21.4828
5.01 -14.5832
5.015 -8.52363
5.02 -3.16542
5.025 1.10301
5.03 4.35077
5.035 6.49228
5.04 7.4258
5.045 7.04885
5.05 5.23976
5.055 1.54709
5.06 -4.81725
5.065 -13.1417
5.07 -23.0813
5.075 -34.2699
5.08 -46.3094
5.085 -58.6742
5.09 -70.812
5.095 -82.1389
5.1 -92.1717
5.105 -100.506
5.11 -107.071
5.115 -111.775
5.12 -113.416
5.125 -113.958
5.13 -114.313
5.135 -113.766
5.14 -111.454
5.145 -108.049
5.15 -103.741
5.155 -98.6468
5.16 -92.894
5.165 -86.6722
5.17 -80.1962
5.175 -73.7364
5.18 -67.4502
5.185 -61.5126
5.19 -64.1428
5.195 -65.623
5.2 -66.9088
5.205 -61.4887
5.21 -55.2945
5.215 -49.683
5.22 -43.8083
5.225 -37.6058
5.23 -31.171
5.235 -24.6346
5.24 -18.0119
5.245 -11.5751
5.25 -9.10728
5.255 -5.71931
5.26 -4.92099
5.265 -1.32189
5.27 0.250726
5.275 1.44274
5.28 2.48075
5.285 6.123
5.29 8.58536
5.295 11.05
5.3 13.5289
5.305 16.1088
5.31 18.8959
5.315 21.9641
5.32 25.0025
5.325 26.7105
5.33 29.0266
5.335 31.2043
5.34 33.4247
5.345 35.8575
5.35 38.5823
5.355 41.6397
5.36 45.1109
5.365 48.9312
5.37 52.9937
5.375 57.3644
5.38 63.0482
5.385 69.5354
5.39 76.8348
5.395 84.7227
5.4 92.9303
5.405 100.246
5.41 106.547
5.415 111.924
5.42 116.464
5.425 120.293
5.43 123.586
5.435 126.556
5.44 129.29
5.445 131.75
5.45 133.95
5.455 135.986
5.46 137.916
5.465 139.77
5.47 142.747
5.475 155.828
5.48 164.097
5.485 171.047
5.49 176.315
5.495 179.6
5.5 180.761
5.505 179.927
5.51 177.27
5.515 174.899
5.52 167.234
5.525 160.112
5.53 146.611
5.535 135.368
5.54 115.148
5.545 98.3187
5.55 84.1138
5.555 68.4404
5.56 68.1723
5.565 65.3809
5.57 64.8444
5.575 66.5043
5.58 69.5588
5.585 73.0285
5.59 76.1882
5.595 78.7656
5.6 80.8384
5.605 81.9555
5.61 94.1345
5.615 100.608
5.62 102.017
5.625 103.252
5.63 102.76
5.635 100.255
5.64 95.2899
5.645 87.5316
5.65 79.0712
5.655 67.6783
5.66 53.6709
5.665 38.5345
5.67 22.4646
5.675 5.91177
5.68 -10.7081
5.685 -28.5289
5.69 -45.904
5.695 -55.9449
5.7 -64.6278
5.705 -72.1792
5.71 -78.8509
5.715 -84.8239
5.72 -89.3087
5.725 -89.9741
5.73 -92.5354
5.735 -94.6379
5.74 -97.2714
5.745 -100.661
5.75 -104.633
5.755 -110.78
5.76 -117.78
5.765 -125.72
5.77 -134.423
5.775 -143.686
5.78 -153.04
5.785 -162.045
5.79 -170.498
5.795 -178.184
5.8 -184.891
5.805 -190.541
5.81 -195.094
5.815 -198.483
5.82 -200.978
5.825 -203.029
5.83 -204.888
5.835 -206.867
5.84 -209.228
5.845 -211.975
5.85 -214.967
5.855 -215.779
5.86 -216.291
5.865 -216.136
5.87 -215.516
5.875 -214.556
5.88 -213.313
5.885 -211.845
5.89 -210.135
5.895 -208.008
5.9 -205.402
5.905 -202.124
5.91 -197.976
5.915 -192.868
5.92 -186.737
5.925 -179.373
5.93 -170.835
5.935 -161.186
5.94 -150.392
5.945 -146.337
5.95 -139.895
5.955 -132.17
5.96 -123.197
5.965 -112.983
5.97 -93.2127
5.975 -74.4788
5.98 -57.5259
5.985 -40.7363
5.99 -36.4599
5.995 -31.995
6 -26.9872
6.005 -21.407
6.01 -15.3708
6.015 -9.0303
6.02 -2.56387
6.025 3.61228
6.03 9.58659
6.035 15.2666
6.04 19.6245
6.045 23.8562
6.05 27.541
6.055 30.7713
6.06 33.6885
6.065 36.2532
6.07 38.4158
6.075 40.352
6.08 42.4627
6.085 44.789
6.09 47.925
6.095 49.0058
6.1 46.0853
6.105 43.5911
6.11 41.975
6.115 40.9138
6.12 40.4245
6.125 40.5898
6.13 41.518
6.135 43.127
6.14 45.2957
6.145 47.9221
6.15 50.9495
6.155 55.1825
6.16 62.0163
6.165 70.5089
6.17 80.2688
6.175 90.8119
6.18 101.893
6.185 113.416
6.19 125.244
6.195 138.268
6.2 150.67
6.205 163.322
6.21 175.827
6.215 175.896
6.22 177.36
6.225 177.37
6.23 175.68
6.235 172.137
6.24 166.621
6.245 159.192
6.25 149.487
6.255 138.413
6.26 126.254
6.265 113.336
6.27 100.041
6.275 86.7153
6.28 73.8226
6.285 61.9653
6.29 51.5339
6.295 42.8368
6.3 35.9201
6.305 30.8422
6.31 27.453
6.315 25.8124
6.32 26.1574
6.325 28.132
6.33 31.4942
6.335 36.097
6.34 41.5702
6.345 47.6131
6.35 53.8384
6.355 59.5995
6.36 64.2051
6.365 67.711
6.37 70.1435
6.375 71.5187
6.38 71.8918
6.385 71.3888
6.39 70.1385
6.395 68.1859
6.4 65.7768
6.405 63.0865
6.41 60.228
6.415 57.4501
6.42 54.9021
6.425 52.6936
6.43 51.0558
6.435 50.1439
6.44 49.8445
6.445 50.2353
6.45 51.097
6.455 52.2138
6.46 53.3498
6.465 54.3786
6.47 54.9531
6.475 54.79
6.48 53.8449
6.485 51.8228
6.49 48.4348
6.495 43.5945
6.5 37.2127
6.505 29.3472
6.51 20.2627
6.515 10.1997
6.52 -0.498085
6.525 -11.4781
6.53 -22.4226
6.535 -32.9925
6.54 -43.099
6.545 -52.4879
6.55 -60.8983
6.555 -68.0886
6.56 -73.8441
6.565 -78.0384
6.57 -81.7396
6.575 -84.3538
6.58 -85.7586
6.585 -86.0778
6.59 -85.2839
6.595 -83.4296
6.6 -80.6317
6.605 -77.0126
6.61 -72.7151
6.615 -67.4006
6.62 -62.4675
6.625 -56.3642
6.63 -49.7896
6.635 -42.9301
6.64 -36.1509
6.645 -29.7962
6.65 -24.2153
6.655 -19.5783
6.66 -16.0094
6.665 -13.5402
6.67 -12.313
6.675 -12.2837
6.68 -12.5112
6.685 -13.4909
6.69 -15.3239
6.695 -17.8526
6.7 -21.0226
6.705 -24.7512
6.71 -28.9007
6.715 -33.1705
6.72 -37.1892
6.725 -40.7631
6.73 -43.8094
6.735 -46.2311
6.74 -47.6864
6.745 -48.2665
6.75 -48.011
6.755 -46.8362
6.76 -44.831
6.765 -42.1809
6.77 -39.0128
6.775 -35.5741
6.78 -32.0532
6.785 -28.7721
6.79 -25.9765
6.795 -23.7884
6.8 -22.2979
6.805 -21.4843
6.81 -21.3467
6.815 -21.7911
6.82 -22.8779
6.825 -24.3993
6.83 -26.1773
6.835 -27.9993
6.84 -29.5896
6.845 -30.7967
6.85 -31.4727
6.855 -31.5819
6.86 -31.1673
6.865 -31.9169
6.87 -32.1178
6.875 -31.8336
6.88 -31.4964
6.885 -30.6044
6.89 -29.6255
6.895 -28.6771
6.9 -27.9309
6.905 -27.4432
6.91 -27.4224
6.915 -27.9714
6.92 -28.9586
6.925 -30.2741
6.93 -31.7339
6.935 -33.1888
6.94 -34.5313
6.945 -35.8316
6.95 -37.0125
6.955 -38.0056
6.96 -38.2092
6.965 -37.8171
6.97 -36.7279
6.975 -34.9874
6.98 -32.977
6.985 -30.6555
6.99 -27.9931
6.995 -24.9413
7 -21.5059
7.005 -17.8961
7.01 -14.3458
7.015 -11.301
7.02 -8.7507
7.025 -7.02106
7.03 -6.12399
7.035 -6.03288
7.04 -6.64603
7.045 -7.50661
7.05 -8.43015
7.055 -9.18561
7.06 -9.65334
7.065 -9.64627
7.07 -9.08467
7.075 -6.11592
7.08 -1.65824
7.085 4.88532
7.09 13.724
7.095 19.5157
7.1 29.0617
7.105 40.3946
7.11 53.3432
7.115 55.2164
7.12 56.3415
7.125 57.4736
7.13 58.5219
7.135 57.6175
7.14 56.5179
7.145 55.2739
7.15 52.9862
7.155 50.7771
7.16 48.6611
7.165 46.6755
7.17 44.9736
7.175 43.5379
7.18 42.2908
7.185 41.4967
7.19 40.7716
7.195 39.9909
7.2 39.0673
7.205 38.0549
7.21 36.8974
7.215 35.5084
7.22 33.8921
7.225 32.0921
7.23 30.2358
7.235 28.4927
7.24 27.0238
7.245 25.9435
7.25 25.4248
7.255 25.5483
7.26 25.2061
7.265 25.0948
7.27 24.9774
7.275 24.862
7.28 24.6995
7.285 24.4618
7.29 24.0638
7.295 23.4018
7.3 22.428
7.305 21.1301
7.31 19.4981
7.315 17.5462
7.32 15.4394
7.325 13.2953
7.33 11.2989
7.335 9.76981
7.34 8.84962
7.345 8.63404
7.35 9.09252
7.355 10.2872
7.36 12.2577
7.365 14.5795
7.37 17.4177
7.375 20.4962
7.38 23.6889
7.385 26.8184
7.39 28.2761
7.395 29.8713
7.4 31.3324
7.405 32.3736
7.41 32.7429
7.415 32.4182
7.42 31.3964
7.425 29.7306
7.43 27.3421
7.435 24.3096
7.44 20.6926
7.445 16.6364
7.45 12.3433
7.455 7.89597
7.46 2.24092
7.465 -2.99463
7.47 -7.95556
7.475 -12.3828
7.48 -16.0703
7.485 -18.8858
7.49 -20.8314
7.495 -21.9133
7.5 -22.1961
7.505 -21.6891
7.51 -19.8053
7.515 -16.0636
7.52 -11.1124
7.525 -5.25385
7.53 1.08865
7.535 7.613
7.54 14.0737
7.545 20.2231
7.55 25.8574
7.555 30.7243
7.56 34.6796
7.565 37.4799
7.57 38.9132
7.575 38.8775
7.58 37.3796
7.585 33.8158
7.59 28.875
7.595 23.0625
7.6 16.9609
7.605 10.675
7.61 4.4563
7.615 -1.49698
7.62 -7.09843
7.625 -12.1696
7.63 -16.5372
7.635 -20.1293
7.64 -22.974
7.645 -25.116
7.65 -26.5416
7.655 -27.4715
7.66 -28.0926
7.665 -28.4841
7.67 -28.6828
7.675 -28.6991
7.68 -28.0405
7.685 -26.9836
7.69 -25.7397
7.695 -24.5227
7.7 -23.4928
7.705 -22.6504
7.71 -22.0105
7.715 -21.7827
7.72 -22.1119
7.725 -26.9087
7.73 -31.717
7.735 -35.8825
7.74 -39.839
7.745 -43.4928
7.75 -46.8714
7.755 -50.0346
7.76 -52.9917
7.765 -55.8626
7.77 -58.6311
7.775 -61.2051
7.78 -63.621
7.785 -65.9427
7.79 -68.2005
7.795 -70.381
7.8 -72.3624
7.805 -74.1135
7.81 -75.0367
7.815 -74.0903
7.82 -71.6998
7.825 -67.8258
7.83 -62.5155
7.835 -55.7873
7.84 -47.7857
7.845 -38.8008
7.85 -29.0924
7.855 -18.8942
7.86 -11.2818
7.865 -2.97872
7.87 3.39331
7.875 9.47114
7.88 14.6203
7.885 19.5593
7.89 24.0643
7.895 28.0966
7.9 34.1484
7.905 39.1001
7.91 43.2621
7.915 46.4722
7.92 48.5697
7.925 55.1732
7.93 58.6552
7.935 60.6155
7.94 60.9821
7.945 59.6679
7.95 56.6012
7.955 51.8518
7.96 46.0266
7.965 39.5947
7.97 33.016
7.975 26.4784
7.98 20.0586
7.985 14.177
7.99 8.24578
7.995 2.46725
8 -3.04885
8.005 -8.1639
8.01 -12.879
8.015 -16.1486
8.02 -18.3885
8.025 -19.586
8.03 -19.8415
8.035 -19.2521
8.04 -17.9216
8.045 -15.9809
8.05 -13.373
8.055 -10.1499
8.06 -6.48289
8.065 -4.03204
8.07 -1.03774
8.075 2.06353
8.08 5.29286
8.085 8.67726
8.09 12.1565
8.095 15.7369
8.1 19.2226
8.105 22.4178
8.11 25.2469
8.115 27.6357
8.12 29.7372
8.125 31.4613
8.13 32.8626
8.135 34.0352
8.14 34.9899
8.145 35.7407
8.15 36.3135
8.155 36.8927
8.16 37.5645
8.165 38.4807
8.17 39.6856
8.175 41.3553
8.18 43.5948
8.185 46.0966
8.19 48.6612
8.195 51.0243
8.2 53.056
8.205 54.6231
8.21 55.6326
8.215 56.1398
8.22 55.96
8.225 54.9991
8.23 53.5275
8.235 51.8673
8.24 49.9549
8.245 47.7557
8.25 45.2267
8.255 42.3386
8.26 39.0225
8.265 35.3038
8.27 31.2403
8.275 26.814
8.28 21.9839
8.285 16.5393
8.29 10.5433
8.295 4.02677
8.3 -2.88916
8.305 -9.97758
8.31 -17.8034
8.315 -25.0863
8.32 -32.0866
8.325 -38.7771
8.33 -45.115
8.335 -50.9766
8.34 -56.3353
8.345 -60.9866
8.35 -64.8265
8.355 -70.1251
8.36 -73.5526
8.365 -76.0779
8.37 -77.9143
8.375 -79.2703
8.38 -80.1308
8.385 -80.5099
8.39 -80.3612
8.395 -79.648
8.4 -78.4817
8.405 -77.0191
8.41 -74.35
8.415 -70.9288
8.42 -66.8534
8.425 -62.1267
8.43 -56.9159
8.435 -51.3548
8.44 -45.3584
8.445 -39.053
8.45 -32.6582
8.455 -26.3359
8.46 -20.1183
8.465 -14.1786
8.47 -9.71975
8.475 -7.23565
8.48 -8.44288
8.485 -9.82209
8.49 -11.825
8.495 -14.0153
8.5 -16.1029
8.505 -15.7432
8.51 -15.6735
8.515 -15.3332
8.52 -14.9004
8.525 -14.1494
8.53 -12.9933
8.535 -11.3556
8.54 -6.01421
8.545 -2.29885
8.55 1.22659
8.555 4.41238
8.56 7.10772
8.565 9.18045
8.57 10.5682
8.575 11.2417
8.58 11.1791
8.585 10.4048
8.59 8.93255
8.595 6.83284
8.6 4.12298
8.605 0.984491
8.61 -2.34592
8.615 -6.10201
8.62 -10.1472
8.625 -14.2813
8.63 -18.3088
8.635 -22.1302
8.64 -25.6476
8.645 -28.9581
8.65 -32.2226
8.655 -35.4335
8.66 -38.487
8.665 -41.2661
8.67 -43.7835
8.675 -46.053
8.68 -48.0262
8.685 -49.853
8.69 -51.6928
8.695 -53.6897
8.7 -56.514
8.705 -59.1371
8.71 -61.5721
8.715 -63.6413
8.72 -65.2679
8.725 -66.4841
8.73 -67.3276
8.735 -67.8562
8.74 -68.0919
8.745 -68.064
8.75 -67.8034
8.755 -67.431
8.76 -66.4991
8.765 -65.1781
8.77 -63.0649
8.775 -60.0829
8.78 -56.2712
8.785 -51.6024
8.79 -46.0702
8.795 -39.5461
8.8 -31.9327
8.805 -23.0526
8.81 -12.8415
8.815 -4.78895
8.82 4.51073
8.825 15.0908
8.83 28.2815
8.835 41.753
8.84 38.7969
8.845 41.0907
8.85 47.2903
8.855 51.2676
8.86 54.9673
8.865 58.5367
8.87 62.0037
8.875 61.981
8.88 63.151
8.885 64.0177
8.89 64.7115
8.895 63.9429
8.9 63.7493
8.905 63.1701
8.91 62.5081
8.915 60.9805
8.92 59.8906
8.925 57.5444
8.93 55.8909
8.935 54.4339
8.94 53.3609
8.945 52.5355
8.95 51.8321
8.955 51.3504
8.96 51.1448
8.965 51.1679
8.97 51.2903
8.975 51.3448
8.98 51.3476
8.985 52.3252
8.99 53.6268
8.995 55.4292
9 57.8124
9.005 60.6255
9.01 63.7467
9.015 67.0227
9.02 70.23
9.025 73.2092
9.03 75.9389
9.035 74.2616
9.04 71.1908
9.045 66.7366
9.05 61.7282
9.055 56.1497
9.06 50.558
9.065 49.4897
9.07 46.8625
9.075 44.8148
9.08 43.6387
9.085 43.3658
9.09 43.9066
9.095 45.0479
9.1 46.5025
9.105 48.019
9.11 49.3843
9.115 50.5093
9.12 51.2775
9.125 51.5979
9.13 51.3317
9.135 50.4718
9.14 49.0608
9.145 46.4886
9.15 44.0149
9.155 41.2919
9.16 38.5085
9.165 35.6558
9.17 32.757
9.175 29.8322
9.18 27.1262
9.185 24.7892
9.19 22.9441
9.195 21.7916
9.2 21.557
9.205 22.4413
9.21 24.2665
9.215 26.9439
9.22 29.0539
9.225 31.5843
9.23 34.4228
9.235 38.096
9.24 42.1242
9.245 46.4843
9.25 51.0549
9.255 55.5094
9.26 59.5433
9.265 61.3839
9.27 63.1171
9.275 64.1389
9.28 64.6164
9.285 64.2305
9.29 63.0821
9.295 61.1108
9.3 58.5488
9.305 55.4809
9.31 51.9305
9.315 49.0776
9.32 46.1777
9.325 43.3671
9.33 40.4928
9.335 37.8532
9.34 35.4123
9.345 33.3218
9.35 31.5636
9.355 30.274
9.36 29.397
9.365 29.0488
9.37 29.1632
9.375 29.7233
9.38 31.0893
9.385 33.1196
9.39 35.7668
9.395 38.6357
9.4 41.5307
9.405 44.3054
9.41 46.9567
9.415 49.1759
9.42 48.0843
9.425 45.4694
9.43 42.5983
9.435 39.011
9.44 34.9017
9.445 30.2659
9.45 25.174
9.455 19.6956
9.46 13.6838
9.465 7.23488
9.47 0.286818
9.475 -6.84162
9.48 -14.0524
9.485 -21.2952
9.49 -28.7865
9.495 -36.5341
9.5 -44.4548
9.505 -52.4615
9.51 -60.5292
9.515 -69.2226
9.52 -77.9888
9.525 -82.1628
9.53 -81.8213
9.535 -83.7469
9.54 -85.6423
9.545 -87.3571
9.55 -88.7721
9.555 -89.8542
9.56 -90.6644
9.565 -91.1961
9.57 -91.5876
9.575 -92.04
9.58 -98.9673
9.585 -103.619
9.59 -108.174
9.595 -112.533
9.6 -116.614
9.605 -120.318
9.61 -123.617
9.615 -126.385
9.62 -128.628
9.625 -130.274
9.63 -131.337
9.635 -131.826
9.64 -134.821
9.645 -136.922
9.65 -136.539
9.655 -134.489
9.66 -130.643
9.665 -125.174
9.67 -118.441
9.675 -110.844
9.68 -102.645
9.685 -94.1178
9.69 -85.4908
9.695 -76.9112
9.7 -68.3968
9.705 -59.9363
9.71 -56.4237
9.715 -52.5257
9.72 -48.2999
9.725 -36.8102
9.73 -28.7577
9.735 -21.3677
9.74 -15.461
9.745 -10.1105
9.75 -5.29783
9.755 -0.61621
9.76 3.66661
9.765 9.72872
9.77 14.6563
9.775 18.6961
9.78 21.8014
9.785 16.6869
9.79 12.5028
9.795 8.41651
9.8 4.61245
9.805 1.16962
9.81 -1.87508
9.815 -4.52975
9.82 -6.75263
9.825 -8.47131
9.83 -9.57112
9.835 -10.0861
9.84 -10.5084
9.845 -11.2811
9.85 -12.2001
9.855 -13.271
9.86 -14.5601
9.865 -16.0085
9.87 -17.6021
9.875 -19.2578
9.88 -20.9279
9.885 -22.6513
9.89 -24.5254
9.895 -26.5898
9.9 -28.7797
9.905 -31.0811
9.91 -33.455
9.915 -35.9046
9.92 -38.4154
9.925 -40.954
9.93 -43.2658
9.935 -45.1698
9.94 -46.6536
9.945 -47.727
9.95 -48.4842
9.955 -48.9349
9.96 -48.9589
9.965 -48.3531
9.97 -46.4115
9.975 -42.4789
9.98 -37.1521
9.985 -30.6086
9.99 -23.1208
9.995 -14.89
10 -6.06774
10.005 3.67892
10.01 14.0064
10.015 22.3734
10.02 31.7784
10.025 40.7993
10.03 49.1988
10.035 56.8416
10.04 63.6351
10.045 69.2631
10.05 73.5054
10.055 76.2467
10.06 76.5328
10.065 77.0652
10.07 77.6857
10.075 80.4991
10.08 83.8233
10.085 87.9642
10.09 84.3988
10.095 85.8264
10.1 86.3154
10.105 86.7859
10.11 87.1922
10.115 87.4536
10.12 87.52
10.125 87.3176
10.13 85.214
10.135 83.4776
10.14 81.6358
10.145 79.059
10.15 76.6709
10.155 72.979
10.16 69.4954
10.165 65.8689
10.17 62.3138
10.175 58.2666
10.18 54.489
10.185 50.8186
10.19 47.2295
10.195 43.6386
10.2 40.0811
10.205 36.585
10.21 33.1557
10.215 30.7481
10.22 28.5779
10.225 26.88
10.23 25.4742
10.235 24.2233
10.24 22.9582
10.245 21.6036
10.25 20.1018
10.255 16.3899
10.26 12.0293
10.265 6.7315
10.27 0.653439
10.275 -5.97068
10.28 -12.9257
10.285 -19.9819
10.29 -26.825
10.295 -33.2264
10.3 -38.9703
10.305 -43.9165
10.31 -47.8922
10.315 -50.8306
10.32 -52.6895
10.325 -53.4547
10.33 -53.2069
10.335 -51.9893
10.34 -49.8297
10.345 -46.7627
10.35 -42.8987
10.355 -38.2996
10.36 -33.1351
10.365 -28.2963
10.37 -23.007
10.375 -17.5705
10.38 -11.4671
10.385 -4.85042
10.39 1.79533
10.395 8.18509
10.4 14.0981
10.405 19.2615
10.41 23.3357
10.415 26.0461
10.42 27.2883
10.425 26.9822
10.43 25.0634
10.435 21.496
10.44 16.3536
10.445 10.5092
10.45 4.08163
10.455 -2.83573
10.46 -10.1481
10.465 -17.7346
10.47 -25.3845
10.475 -32.9539
10.48 -40.2783
10.485 -47.0265
10.49 -52.9595
10.495 -58.0909
10.5 -61.8839
10.505 -64.5299
10.51 -65.9784
10.515 -66.3089
10.52 -65.6614
10.525 -64.1809
10.53 -62.0519
10.535 -59.669
10.54 -56.7564
10.545 -53.4963
10.55 -50.0415
10.555 -45.9963
10.56 -41.1872
10.565 -38.021
10.57 -33.0938
10.575 -26.6912
10.58 -20.1599
10.585 -13.4677
10.59 -6.88255
10.595 -2.52511
10.6 1.65763
10.605 5.70217
10.61 9.54727
10.615 13.0968
10.62 16.3581
10.625 19.324
10.63 22.0228
10.635 24.4018
10.64 26.3831
10.645 27.9578
10.65 29.1005
10.655 29.8514
10.66 30.0827
10.665 29.8562
10.67 29.1986
10.675 28.1753
10.68 26.7892
10.685 25.0512
10.69 23.1076
10.695 21.9627
10.7 20.8778
10.705 20.1859
10.71 19.8594
10.715 19.5583
10.72 19.1821
10.725 18.6327
10.73 17.8686
10.735 16.8851
10.74 15.6449
10.745 14.1276
10.75 12.2669
10.755 10.1714
10.76 7.80856
10.765 5.16287
10.77 2.23868
10.775 -0.785017
10.78 -3.75573
10.785 -6.43975
10.79 -8.83288
10.795 -10.9004
10.8 -12.5399
10.805 -13.6172
10.81 -14.0374
10.815 -13.8109
10.82 -12.9112
10.825 -11.4295
10.83 -9.41889
10.835 -6.0037
10.84 -1.93519
10.845 2.69302
10.85 7.48594
10.855 12.1678
10.86 16.3188
10.865 19.7874
10.87 22.4529
10.875 24.2423
10.88 24.9713
10.885 25.6887
10.89 25.8415
10.895 25.7744
10.9 25.5549
10.905 25.1325
10.91 24.5484
10.915 23.8099
10.92 23.1735
10.925 22.534
10.93 21.919
10.935 21.3447
10.94 20.8781
10.945 20.4922
10.95 20.2793
10.955 20.0924
10.96 20.0725
10.965 20.2433
10.97 20.323
10.975 20.0998
10.98 19.3273
10.985 18.1099
10.99 14.8133
10.995 12.0322
11 9.4104
11.005 7.07358
11.01 4.93897
11.015 2.89818
11.02 0.830739
11.025 -1.18364
11.03 -3.00958
11.035 -4.60883
11.04 -5.8384
11.045 -7.19644
11.05 -8.04896
11.055 -8.10408
11.06 -7.62307
11.065 -6.71924
11.07 -5.46259
11.075 -4.00699
11.08 -2.51497
11.085 -1.34147
11.09 -0.681624
11.095 -0.358094
11.1 -0.23369
11.105 -0.200305
11.11 -0.367076
11.115 -0.58726
11.12 -0.926749
11.125 -1.29126
11.13 -1.55319
11.135 -1.45543
11.14 -0.887044
11.145 0.0875881
11.15 1.34601
11.155 2.78316
11.16 4.3495
11.165 6.08123
11.17 7.99538
11.175 9.89577
11.18 11.6747
11.185 13.2752
11.19 14.7618
11.195 16.4003
11.2 18.2398
11.205 20.1443
11.21 21.9658
11.215 23.7711
11.22 25.5392
11.225 27.2176
11.23 28.6565
11.235 29.7978
11.24 30.5381
11.245 30.8556
11.25 30.677
11.255 30.2414
11.26 29.7302
11.265 29.2641
11.27 28.8367
11.275 28.2599
11.28 27.4437
11.285 26.1709
11.29 24.4577
11.295 21.598
11.3 19.0399
11.305 16.3984
11.31 13.7543
11.315 11.2923
11.32 9.2241
11.325 7.60496
11.33 5.59303
11.335 4.11209
11.34 2.75923
11.345 1.65813
11.35 0.756037
11.355 0.167346
11.36 -0.0540864
11.365 0.191648
11.37 0.803186
11.375 1.52865
11.38 2.2076
11.385 2.82201
11.39 3.3075
11.395 3.56675
11.4 3.56784
11.405 3.11554
11.41 2.14813
11.415 0.58518
11.42 -1.58068
11.425 -4.4503
11.43 -7.96047
11.435 -12.0987
11.44 -16.7099
11.445 -21.6988
11.45 -27.0195
11.455 -32.5066
11.46 -38.0752
11.465 -43.5406
11.47 -48.958
11.475 -54.1941
11.48 -58.9875
11.485 -62.9487
11.49 -65.9118
11.495 -67.8832
11.5 -69.2198
11.505 -69.6427
11.51 -66.6732
11.515 -63.0711
11.52 -52.5753
11.525 -43.3899
11.53 -33.6686
11.535 -24.0112
11.54 -14.8004
11.545 -6.47389
11.55 0.506345
11.555 5.85152
11.56 9.37034
11.565 10.9705
11.57 10.5669
11.575 8.3339
11.58 4.91156
11.585 -0.285999
11.59 -8.36884
11.595 -18.129
11.6 -28.9152
11.605 -40.0614
11.61 -50.9408
11.615 -60.582
11.62 -67.8222
11.625 -72.4184
11.63 -74.061
11.635 -72.6
11.64 -68.0245
11.645 -60.6768
11.65 -50.88
11.655 -39.1414
11.66 -25.9783
11.665 -18.9779
11.67 -6.75377
11.675 4.8703
11.68 14.7924
11.685 24.622
11.69 33.5161
11.695 41.4549
11.7 48.4284
11.705 54.229
11.71 58.9551
11.715 62.4582
11.72 65.9952
11.725 62.5497
11.73 60.3919
11.735 57.8604
11.74 55.21
11.745 52.581
11.75 49.8929
11.755 47.1364
11.76 43.3542
11.765 38.9781
11.77 34.1658
11.775 29.1208
11.78 23.9923
11.785 18.848
11.79 13.7239
11.795 8.71097
11.8 3.9313
11.805 -0.634556
11.81 -4.9207
11.815 -8.96944
11.82 -12.8004
11.825 -16.4507
11.83 -19.904
11.835 -23.284
11.84 -26.6182
11.845 -29.8004
11.85 -32.8506
11.855 -35.7133
11.86 -38.5561
11.865 -41.2545
11.87 -43.6886
11.875 -45.4375
11.88 -45.9428
11.885 -45.2503
11.89 -43.4363
11.895 -40.9622
11.9 -37.8202
11.905 -34.0405
11.91 -29.6392
11.915 -24.7243
11.92 -19.2615
11.925 -13.3943
11.93 -7.38197
11.935 -1.39511
11.94 4.44482
11.945 10.0688
11.95 15.2638
11.955 19.9543
11.96 23.9614
11.965 27.2368
11.97 29.8693
11.975 31.7825
11.98 33.0617
11.985 33.0035
11.99 31.5211
11.995 28.9137
12 25.4201
12.005 21.0686
12.01 16.2822
12.015 11.3712
12.02 6.54516
12.025 4.59228
12.03 2.54832
12.035 2.07622
12.04 1.33633
12.045 0.63844
12.05 0.134804
12.055 -0.226527
12.06 -0.550615
12.065 -0.936716
12.07 -1.40738
12.075 -2.5664
12.08 -3.66835
12.085 -4.96143
12.09 -6.45048
12.095 -8.16264
12.1 -10.0664
12.105 -12.0512
12.11 -14.0745
12.115 -15.9737
12.12 -17.6607
12.125 -19.07
12.13 -20.3571
12.135 -21.6836
12.14 -23.1918
12.145 -24.8859
12.15 -26.6693
12.155 -28.4068
12.16 -29.836
12.165 -30.9301
12.17 -31.8623
12.175 -32.8068
12.18 -33.6667
12.185 -34.331
12.19 -34.3815
12.195 -33.6696
12.2 -32.0447
12.205 -29.6641
12.21 -26.6717
12.215 -23.1347
12.22 -19.0351
12.225 -14.2928
12.23 -8.97781
12.235 -3.20167
12.24 2.86453
12.245 9.08036
12.25 15.1917
12.255 21.1089
12.26 26.7414
12.265 32.059
12.27 35.8236
12.275 39.7706
12.28 43.3538
12.285 46.5882
12.29 49.4239
12.295 51.1092
12.3 52.2949
12.305 52.8572
12.31 52.9329
12.315 52.621
12.32 52.2505
12.325 51.7653
12.33 53.4093
12.335 54.5089
12.34 54.8654
12.345 55.0175
12.35 54.9269
12.355 54.5255
12.36 53.6611
12.365 52.4779
12.37 50.9979
12.375 49.2809
12.38 47.3279
12.385 45.241
12.39 43.1779
12.395 41.2479
12.4 39.3669
12.405 37.3979
12.41 35.3968
12.415 33.2848
12.42 31.1144
12.425 28.8313
12.43 26.4844
12.435 24.067
12.44 21.6941
12.445 19.3278
12.45 16.9181
12.455 14.518
12.46 12.2477
12.465 10.1956
12.47 8.22778
12.475 6.37481
12.48 4.67239
12.485 3.1371
12.49 1.61984
12.495 0.12773
12.5 -1.29822
12.505 -2.35367
12.51 -3.05546
12.515 -3.29736
12.52 -3.18422
12.525 -2.89097
12.53 -2.43445
12.535 -1.90302
12.54 -1.17778
12.545 -0.417965
12.55 0.432995
12.555 1.13742
12.56 1.8798
12.565 2.75548
12.57 3.88436
12.575 5.30244
12.58 6.80061
12.585 7.89072
12.59 8.51102
12.595 8.79704
12.6 8.59287
12.605 8.03639
12.61 7.12621
12.615 5.88683
12.62 4.26237
12.625 2.31112
12.63 0.20836
12.635 -1.97819
12.64 -4.08507
12.645 -6.11839
12.65 -8.03725
12.655 -10.0613
12.66 -12.0892
12.665 -14.1804
12.67 -16.0846
12.675 -17.7954
12.68 -19.3053
12.685 -20.7927
12.69 -22.1816
12.695 -23.5442
12.7 -24.9754
12.705 -26.4935
12.71 -28.2121
12.715 -29.9267
12.72 -31.672
12.725 -33.2781
12.73 -34.8204
12.735 -36.3155
12.74 -37.7546
12.745 -39.0548
12.75 -40.316
12.755 -41.672
12.76 -43.1531
12.765 -44.6784
12.77 -46.1311
12.775 -47.4007
12.78 -48.4849
12.785 -49.5313
12.79 -50.7657
12.795 -52.3178
12.8 -54.0831
12.805 -55.937
12.81 -57.7046
12.815 -59.4299
12.82 -60.9824
12.825 -62.244
12.83 -63.0966
12.835 -63.4076
12.84 -63.1366
12.845 -62.2922
12.85 -60.4749
12.855 -57.9896
12.86 -55.0366
12.865 -51.7364
12.87 -48.5263
12.875 -45.3861
12.88 -42.2811
12.885 -39.2438
12.89 -36.3862
12.895 -33.7912
12.9 -31.4441
12.905 -29.2728
12.91 -27.3092
12.915 -26.9023
12.92 -26.5711
12.925 -26.1559
12.93 -23.9194
12.935 -21.7704
12.94 -19.7642
12.945 -17.9077
12.95 -15.8907
12.955 -13.7773
12.96 -11.477
12.965 -9.04869
12.97 -6.70252
12.975 -4.49836
12.98 -2.45361
12.985 -0.05141
12.99 1.99037
12.995 3.97628
13 5.98045
13.005 8.01143
13.01 10.2896
13.015 12.6344
13.02 15.0515
13.025 17.4008
13.03 19.5915
13.035 21.6163
13.04 23.5338
13.045 25.3368
13.05 26.9678
13.055 28.494
13.06 29.9768
13.065 31.502
13.07 33.0445
13.075 34.6026
13.08 36.1246
13.085 37.5534
13.09 38.868
13.095 40.0106
13.1 40.9895
13.105 41.7985
13.11 42.4898
13.115 43.1136
13.12 43.7192
13.125 44.3347
13.13 44.898
13.135 45.3014
13.14 45.4453
13.145 45.3273
13.15 44.9517
13.155 44.4245
13.16 43.8001
13.165 43.1458
13.17 42.4212
13.175 41.5123
13.18 40.3813
13.185 39.0844
13.19 37.6874
13.195 36.0228
13.2 34.1821
13.205 32.1894
13.21 30.1737
13.215 28.2048
13.22 26.2337
13.225 24.2374
13.23 22.1106
13.235 19.7816
13.24 17.3125
13.245 14.8671
13.25 12.5858
13.255 10.5968
13.26 8.86413
13.265 7.30692
13.27 5.93674
13.275 4.64538
13.28 3.37649
13.285 2.01116
13.29 0.450884
13.295 -1.36013
13.3 -3.50702
13.305 -5.91263
13.31 -8.51395
13.315 -11.1841
13.32 -13.829
13.325 -16.3727
13.33 -18.878
13.335 -21.3472
13.34 -23.844
13.345 -26.4
13.35 -28.9854
13.355 -31.5287
13.36 -33.971
13.365 -36.2355
13.37 -38.2539
13.375 -40.0927
13.38 -41.7839
13.385 -43.3626
13.39 -44.8683
13.395 -46.308
13.4 -47.653
13.405 -48.7564
13.41 -49.5973
13.415 -50.0384
13.42 -50.1489
13.425 -49.9247
13.43 -49.4855
13.435 -48.9082
13.44 -48.105
13.445 -47.0435
13.45 -45.9077
13.455 -44.8085
13.46 -43.7337
13.465 -42.6346
13.47 -41.3431
13.475 -39.7495
13.48 -37.8452
13.485 -35.6987
13.49 -33.5229
13.495 -31.2884
13.5 -28.9855
13.505 -26.4079
13.51 -23.6193
13.515 -20.6756
13.52 -17.6306
13.525 -14.528
13.53 -11.3894
13.535 -8.26015
13.54 -5.10974
13.545 -2.05487
13.55 0.914468
13.555 3.58676
13.56 6.12544
13.565 8.42253
13.57 8.60473
13.575 8.99991
13.58 9.46241
13.585 10.0292
13.59 10.7073
13.595 13.2122
13.6 15.6198
13.605 18.3443
13.61 21.2881
13.615 24.4155
13.62 27.5214
13.625 30.549
13.63 33.2823
13.635 35.6866
13.64 38.819
13.645 40.9309
13.65 42.4634
13.655 43.3198
13.66 43.5409
13.665 42.9298
13.67 41.418
13.675 39.0554
13.68 36.0674
13.685 32.5923
13.69 28.6042
13.695 24.1432
13.7 19.0316
13.705 13.4714
13.71 7.54582
13.715 1.69091
13.72 -3.84012
13.725 -8.81413
13.73 -13.1996
13.735 -17.0577
13.74 -20.4052
13.745 -23.139
13.75 -24.6978
13.755 -25.161
13.76 -24.4856
13.765 -22.8163
13.77 -20.2011
13.775 -16.7633
13.78 -12.5295
13.785 -7.39785
13.79 -1.87501
13.795 3.85889
13.8 9.48271
13.805 14.9827
13.81 20.1766
13.815 25.0436
13.82 29.3656
13.825 33.3658
13.83 36.9589
13.835 40.0795
13.84 42.6018
13.845 44.6174
13.85 45.9883
13.855 46.3994
13.86 46.0692
13.865 45.027
13.87 43.5359
13.875 41.6098
13.88 39.5241
13.885 37.4889
13.89 36.0257
13.895 34.9668
13.9 37.1106
13.905 38.0344
13.91 38.9165
13.915 40.8361
13.92 42.1191
13.925 43.1794
13.93 43.8074
13.935 44.0721
13.94 43.9591
13.945 43.7005
13.95 43.1171
13.955 42.1787
13.96 40.8066
13.965 39.1684
13.97 37.2879
13.975 35.2619
13.98 33.2094
13.985 31.0166
13.99 28.6933
13.995 26.1096
14 23.3055
14.005 20.2278
14.01 17.1842
14.015 14.3184
14.02 11.8082
14.025 9.45321
14.03 7.3015
14.035 5.17755
14.04 3.17026
14.045 1.25878
14.05 -0.654496
14.055 -2.42552
14.06 -4.14515
14.065 -5.77813
14.07 -7.50308
14.075 -9.135
14.08 -10.8735
14.085 -12.7136
14.09 -14.8447
14.095 -17.1646
14.1 -19.5608
14.105 -22.0253
14.11 -24.4192
14.115 -26.6773
14.12 -28.7873
14.125 -30.854
14.13 -32.8603
14.135 -34.9408
14.14 -37.0393
14.145 -38.9952
14.15 -40.4274
14.155 -41.3215
14.16 -41.5341
14.165 -41.1254
14.17 -40.1088
14.175 -38.5412
14.18 -36.3799
14.185 -33.6507
14.19 -30.4364
14.195 -26.7346
14.2 -22.6643
14.205 -18.1714
14.21 -13.2537
14.215 -7.95969
14.22 -2.73176
14.225 2.48056
14.23 5.28444
14.235 8.96727
14.24 12.4746
14.245 15.7556
14.25 20.3015
14.255 23.9909
14.26 27.2864
14.265 30.2262
14.27 32.7077
14.275 34.7607
14.28 37.0272
14.285 38.6286
14.29 39.6085
14.295 39.9273
14.3 39.5404
14.305 38.3025
14.31 36.2661
14.315 33.5223
14.32 30.2072
14.325 26.3505
14.33 22.0312
14.335 17.4677
14.34 12.8114
14.345 8.27476
14.35 3.78967
14.355 -0.617526
14.36 -4.96826
14.365 -9.1723
14.37 -12.8458
14.375 -16.1126
14.38 -19.0635
14.385 -21.7379
14.39 -24.0873
14.395 -26.1215
14.4 -27.7133
14.405 -29.0056
14.41 -29.9672
14.415 -30.619
14.42 -30.9547
14.425 -31.0587
14.43 -30.8357
14.435 -30.3065
14.44 -29.5761
14.445 -28.6969
14.45 -27.7511
14.455 -26.7793
14.46 -25.9127
14.465 -25.0512
14.47 -24.2223
14.475 -23.2926
14.48 -22.4375
14.485 -21.8532
14.49 -21.3639
14.495 -20.8903
14.5 -20.3673
14.505 -19.8254
14.51 -19.2547
14.515 -18.7273
14.52 -18.0564
14.525 -17.0262
14.53 -15.3453
14.535 -12.9833
14.54 -10.0023
14.545 -4.90096
14.55 -0.740338
14.555 3.35436
14.56 7.28966
14.565 11.168
14.57 14.8914
14.575 18.6508
14.58 22.3543
14.585 26.1316
14.59 29.883
14.595 33.5501
14.6 37.0265
14.605 40.1578
14.61 42.8876
14.615 45.1095
14.62 46.9569
14.625 48.4201
14.63 49.4801
14.635 50.0318
14.64 50.0776
14.645 49.7131
14.65 49.0531
14.655 48.1188
14.66 46.7898
14.665 45.1079
14.67 43.056
14.675 40.7818
14.68 38.2291
14.685 35.4895
14.69 32.594
14.695 29.4527
14.7 25.8766
14.705 21.7746
14.71 17.2595
14.715 12.4762
14.72 7.64218
14.725 2.76494
14.73 -2.08705
14.735 -6.98057
14.74 -11.9426
14.745 -16.8853
14.75 -21.7277
14.755 -26.3857
14.76 -30.9364
14.765 -35.3554
14.77 -39.6412
14.775 -43.6592
14.78 -47.4573
14.785 -50.9345
14.79 -54.1336
14.795 -57.0399
14.8 -59.5622
14.805 -61.7604
14.81 -63.7146
14.815 -65.4839
14.82 -67.166
14.825 -68.7985
14.83 -70.2581
14.835 -71.5644
14.84 -72.6602
14.845 -73.4514
14.85 -73.9287
14.855 -74.179
14.86 -74.222
14.865 -73.9795
14.87 -73.4073
14.875 -72.4325
14.88 -71.2422
14.885 -69.8825
14.89 -68.3522
14.895 -66.5787
14.9 -64.4949
14.905 -61.9945
14.91 -59.0382
14.915 -55.5947
14.92 -51.621
14.925 -47.145
14.93 -42.2737
14.935 -37.1956
14.94 -31.9599
14.945 -26.676
14.95 -21.2987
14.955 -15.9891
14.96 -10.8252
14.965 -6.48075
14.97 -5.3775
14.975 -2.96473
14.98 -0.418699
14.985 2.2945
14.99 8.53026
14.995 13.0339
15 17.3707
15.005 21.6617
15.01 25.7485
15.015 29.5274
15.02 34.6915
15.025 38.7514
15.03 42.4687
15.035 45.8163
15.04 48.7644
15.045 51.2346
15.05 53.278
15.055 54.7938
15.06 55.7785
15.065 55.9919
15.07 55.705
15.075 54.8931
15.08 53.5939
15.085 51.8591
15.09 49.6555
15.095 47.0781
15.1 44.1919
15.105 41.1373
15.11 37.9253
15.115 34.662
15.12 31.4096
15.125 28.2927
15.13 25.4783
15.135 22.974
15.14 20.857
15.145 19.0717
15.15 17.7348
15.155 17.6202
15.16 18.2345
15.165 19.7645
15.17 22.2195
15.175 25.5723
15.18 29.3929
15.185 33.4687
15.19 37.6919
15.195 42.0856
15.2 46.5383
15.205 51.0061
15.21 55.2762
15.215 59.0577
15.22 62.1142
15.225 64.415
15.23 65.9398
15.235 66.5927
15.24 66.298
15.245 65.0332
15.25 62.7871
15.255 59.3124
15.26 54.6806
15.265 49.1794
15.27 42.9799
15.275 36.2752
15.28 29.367
15.285 22.575
15.29 16.0731
15.295 10.1212
15.3 4.65781
15.305 -0.133047
15.31 -4.20615
15.315 -7.49621
15.32 -10.6499
15.325 -13.2415
15.33 -15.5034
15.335 -17.5243
15.34 -19.4053
15.345 -21.1246
15.35 -22.6408
15.355 -23.9441
15.36 -25.1134
15.365 -26.1247
15.37 -27.0065
15.375 -27.8002
15.38 -28.5663
15.385 -29.3261
15.39 -30.1186
15.395 -30.9544
15.4 -31.895
15.405 -32.992
15.41 -34.2146
15.415 -35.5297
15.42 -36.891
15.425 -38.2441
15.43 -39.721
15.435 -41.3937
15.44 -43.2629
15.445 -45.4285
15.45 -47.9825
15.455 -50.8233
15.46 -53.7898
15.465 -57.3823
15.47 -61.2304
15.475 -65.2928
15.48 -69.3322
15.485 -73.176
15.49 -76.6553
15.495 -79.5994
15.5 -81.8348
15.505 -83.2864
15.51 -83.8209
15.515 -83.4183
15.52 -82.0803
15.525 -79.817
15.53 -76.5331
15.535 -72.2643
15.54 -67.1514
15.545 -61.4368
15.55 -55.3186
15.555 -48.9644
15.56 -42.5424
15.565 -36.1401
15.57 -29.7811
15.575 -23.5155
15.58 -17.5331
15.585 -12.2477
15.59 -7.45819
15.595 -5.18611
15.6 -3.05832
15.605 -1.05645
15.61 0.900391
15.615 3.06462
15.62 9.36662
15.625 13.8721
15.63 18.3784
15.635 22.832
15.64 27.2474
15.645 31.572
15.65 37.5632
15.655 42.8268
15.66 47.8537
15.665 52.4452
15.67 56.5434
15.675 59.8893
15.68 62.3704
15.685 63.9431
15.69 64.5908
15.695 64.2743
15.7 63.1367
15.705 61.217
15.71 58.5421
15.715 55.2459
15.72 51.5211
15.725 47.5164
15.73 43.2327
15.735 38.7926
15.74 34.1041
15.745 29.2894
15.75 24.5133
15.755 20.0142
15.76 15.8509
15.765 12.1581
15.77 9.01218
15.775 6.74126
15.78 5.28112
15.785 4.35314
15.79 4.05204
15.795 4.55908
15.8 5.9483
15.805 8.02604
15.81 10.7435
15.815 13.831
15.82 17.0578
15.825 20.267
15.83 23.2575
15.835 25.9393
15.84 28.218
15.845 30.0654
15.85 31.254
15.855 31.7583
15.86 31.56
15.865 30.7885
15.87 29.4244
15.875 27.6425
15.88 24.9193
15.885 21.1192
15.89 16.4414
15.895 11.2539
15.9 5.82019
15.905 0.385418
15.91 -4.65137
15.915 -8.9995
15.92 -12.8414
15.925 -16.0837
15.93 -18.5936
15.935 -20.3494
15.94 -20.6315
15.945 -20.7696
15.95 -20.489
15.955 -19.7814
15.96 -18.6534
15.965 -17.0773
15.97 -15.0499
15.975 -12.6744
15.98 -10.1108
15.985 -7.3844
15.99 -4.51068
15.995 -1.56258
16 1.22239
16.005 3.73238
16.01 5.78993
16.015 7.57548
16.02 9.20888
16.025 10.7436
16.03 12.1733
16.035 13.4451
16.04 14.4788
16.045 15.1978
16.05 15.6937
16.055 15.9286
16.06 15.9887
16.065 15.8451
16.07 15.1907
16.075 13.8689
16.08 12.0612
16.085 9.94916
16.09 7.75226
16.095 5.66722
16.1 3.69768
16.105 1.92556
16.11 0.419546
16.115 -0.603675
16.12 -1.20853
16.125 -1.47355
16.13 -1.42562
16.135 -0.975407
16.14 -0.402389
16.145 0.586997
16.15 1.91345
16.155 3.4925
16.16 5.21652
16.165 6.84874
16.17 8.39939
16.175 9.87723
16.18 11.3768
16.185 12.7813
16.19 13.9557
16.195 14.747
16.2 15.1792
16.205 15.287
16.21 14.9305
16.215 14.202
16.22 12.8373
16.225 10.9054
16.23 8.34658
16.235 5.51847
16.24 2.57374
16.245 -0.409584
16.25 -3.42096
16.255 -6.39267
16.26 -9.361
16.265 -12.3266
16.27 -15.2218
16.275 -18.4397
16.28 -21.7838
16.285 -25.2882
16.29 -28.7607
16.295 -32.1824
16.3 -35.3175
16.305 -38.1487
16.31 -40.7381
16.315 -43.2242
16.32 -45.8288
16.325 -48.5068
16.33 -51.2128
16.335 -53.635
16.34 -55.7126
16.345 -57.2178
16.35 -58.2209
16.355 -58.6702
16.36 -58.6827
16.365 -58.3888
16.37 -57.6749
16.375 -56.5768
16.38 -55.16
16.385 -53.8833
16.39 -52.6756
16.395 -51.6701
16.4 -50.7405
16.405 -49.9586
16.41 -49.17
16.415 -48.4664
16.42 -47.471
16.425 -46.1613
16.43 -46.5546
16.435 -44.0989
16.44 -41.9678
16.445 -39.8948
16.45 -37.6902
16.455 -35.5146
16.46 -33.3495
16.465 -29.9819
16.47 -26.8636
16.475 -23.7497
16.48 -20.6666
16.485 -17.6961
16.49 -14.8368
16.495 -12.2152
16.5 -9.8914
16.505 -7.91776
16.51 -6.19097
16.515 -4.65746
16.52 -3.26352
16.525 -2.07203
16.53 -1.02695
16.535 -0.0408696
16.54 1.03356
16.545 2.33434
16.55 3.70567
16.555 5.26759
16.56 7.16829
16.565 9.64121
16.57 12.4487
16.575 15.4306
16.58 18.5262
16.585 21.6518
16.59 24.7529
16.595 27.7307
16.6 30.6343
16.605 33.4048
16.61 36.0536
16.615 38.4349
16.62 40.594
16.625 42.4699
16.63 44.0096
16.635 45.2117
16.64 46.0624
16.645 46.6517
16.65 47.0753
16.655 47.4671
16.66 47.791
16.665 48.2125
16.67 48.6142
16.675 48.6053
16.68 48.2513
16.685 47.695
16.69 47.0372
16.695 46.3227
16.7 45.5484
16.705 44.7146
16.71 44.0051
16.715 43.3765
16.72 42.9359
16.725 42.3119
16.73 41.7244
16.735 41.6103
16.74 41.2739
16.745 40.7336
16.75 40.0362
16.755 39.2344
16.76 38.3289
16.765 37.4602
16.77 36.5943
16.775 35.7096
16.78 34.7097
16.785 33.6985
16.79 32.5245
16.795 31.3053
16.8 30.0673
16.805 28.9588
16.81 27.936
16.815 27.0489
16.82 26.1888
16.825 25.144
16.83 23.9007
16.835 22.3959
16.84 20.912
16.845 19.4228
16.85 18.0379
16.855 16.6698
16.86 15.4206
16.865 14.1434
16.87 12.9147
16.875 11.6947
16.88 10.4851
16.885 9.32607
16.89 8.34623
16.895 7.5263
16.9 6.73387
16.905 5.96941
16.91 5.17299
16.915 4.39727
16.92 3.62003
16.925 2.7888
16.93 1.93515
16.935 1.12454
16.94 0.240966
16.945 -0.661015
16.95 -1.57362
16.955 -2.48742
16.96 -3.42972
16.965 -4.42651
16.97 -5.52743
16.975 -6.75544
16.98 -8.10571
16.985 -9.4979
16.99 -10.836
16.995 -12.1909
17 -13.5513
17.005 -14.8601
17.01 -16.0275
17.015 -17.1887
17.02 -18.4187
17.025 -19.8114
17.03 -21.2737
17.035 -22.7514
17.04 -24.187
17.045 -25.6615
17.05 -27.1424
17.055 -28.7773
17.06 -30.4706
17.065 -32.006
17.07 -33.3423
17.075 -34.5464
17.08 -35.6428
17.085 -36.5281
17.09 -37.2298
17.095 -37.8268
17.1 -38.3999
17.105 -38.9446
17.11 -39.4294
17.115 -39.7848
17.12 -40.0559
17.125 -40.3356
17.13 -40.6859
17.135 -41.0081
17.14 -41.2103
17.145 -41.3119
17.15 -41.4494
17.155 -41.6205
17.16 -41.7131
17.165 -41.6722
17.17 -41.3718
17.175 -40.8402
17.18 -39.9671
17.185 -38.713
17.19 -37.4762
17.195 -35.9257
17.2 -34.0592
17.205 -31.8555
17.21 -29.3145
17.215 -26.5575
17.22 -23.579
17.225 -20.3689
17.23 -16.985
17.235 -13.4887
17.24 -9.97186
17.245 -6.50213
17.25 -3.75247
17.255 -3.15068
17.26 -2.50934
17.265 -1.6598
17.27 2.54225
17.275 5.91249
17.28 9.14915
17.285 12.3639
17.29 15.2685
17.295 19.518
17.3 23.1413
17.305 26.5292
17.31 29.6148
17.315 32.3419
17.32 34.6208
17.325 36.3923
17.33 37.5859
17.335 38.2048
17.34 38.2089
17.345 37.4365
17.35 35.782
17.355 33.2829
17.36 30.0604
17.365 26.2947
17.37 22.1903
17.375 17.8121
17.38 13.0998
17.385 7.99306
17.39 2.57572
17.395 -2.96865
17.4 -8.34667
17.405 -13.3669
17.41 -17.8116
17.415 -21.5736
17.42 -24.5975
17.425 -26.9041
17.43 -28.5241
17.435 -29.0899
17.44 -28.6279
17.445 -27.0861
17.45 -24.4999
17.455 -20.929
17.46 -16.5713
17.465 -11.6032
17.47 -6.31798
17.475 -0.85257
17.48 4.53627
17.485 9.77208
17.49 14.6643
17.495 19.2454
17.5 23.4467
17.505 27.1987
17.51 30.3785
17.515 32.8702
17.52 34.6381
17.525 35.6875
17.53 36.063
17.535 35.8133
17.54 34.0374
17.545 31.7727
17.55 29.0196
17.555 25.9067
17.56 22.7188
17.565 19.3167
17.57 16.0139
17.575 12.9831
17.58 12.2708
17.585 11.9293
17.59 11.8575
17.595 12.9352
17.6 13.6884
17.605 14.5508
17.61 15.3583
17.615 16.168
17.62 16.8525
17.625 17.4493
17.63 18.0214
17.635 18.8364
17.64 19.8893
17.645 21.1572
17.65 22.7382
17.655 24.4782
17.66 26.4579
17.665 28.4132
17.67 30.2472
17.675 31.9445
17.68 33.6463
17.685 35.3899
17.69 37.1927
17.695 38.8166
17.7 40.0355
17.705 40.8367
17.71 41.2031
17.715 41.1207
17.72 40.47
17.725 39.3927
17.73 37.7898
17.735 35.8017
17.74 33.4982
17.745 30.9324
17.75 28.2276
17.755 25.3477
17.76 22.3217
17.765 18.9147
17.77 15.1332
17.775 11.0662
17.78 7.00441
17.785 3.13126
17.79 -0.382307
17.795 -3.63862
17.8 -6.62213
17.805 -9.39787
17.81 -11.9803
17.815 -14.3088
17.82 -16.3369
17.825 -17.9023
17.83 -19.2974
17.835 -20.5743
17.84 -21.9365
17.845 -23.332
17.85 -24.7262
17.855 -25.9556
17.86 -26.9611
17.865 -27.8329
17.87 -28.7192
17.875 -29.664
17.88 -30.5468
17.885 -31.4511
17.89 -32.3425
17.895 -33.2127
17.9 -34.0201
17.905 -34.8337
17.91 -35.6415
17.915 -36.481
17.92 -37.3085
17.925 -38.115
17.93 -38.8568
17.935 -39.4212
17.94 -39.9002
17.945 -40.2727
17.95 -40.4573
17.955 -40.4164
17.96 -40.2641
17.965 -39.9604
17.97 -39.4432
17.975 -38.6583
17.98 -37.6394
17.985 -36.3982
17.99 -35.0079
17.995 -33.5517
18 -31.9817
18.005 -30.4259
18.01 -28.9084
18.015 -27.5057
18.02 -25.9544
18.025 -24.272
18.03 -22.464
18.035 -20.6494
18.04 -18.808
18.045 -17.0084
18.05 -15.3305
18.055 -13.7073
18.06 -12.3025
18.065 -11.0601
18.07 -9.88278
18.075 -8.70482
18.08 -7.59835
18.085 -6.47348
18.09 -5.33231
18.095 -4.20534
18.1 -3.18813
18.105 -2.15877
18.11 -1.09934
18.115 0.0189806
18.12 1.12926
18.125 2.27243
18.13 3.16636
18.135 4.17928
18.14 5.14579
18.145 5.93139
18.15 4.36791
18.155 3.83541
18.16 3.3796
18.165 4.22452
18.17 5.03946
18.175 5.91401
18.18 6.76383
18.185 7.55006
18.19 8.12729
18.195 8.55906
18.2 8.81443
18.205 8.93976
18.21 8.89739
18.215 8.57302
18.22 8.38275
18.225 7.72262
18.23 6.81217
18.235 5.80476
18.24 4.49716
18.245 2.7912
18.25 0.690001
18.255 -1.83908
18.26 -4.78581
18.265 -8.04179
18.27 -11.455
18.275 -14.9899
18.28 -18.5128
18.285 -21.9315
18.29 -25.0677
18.295 -27.5744
18.3 -29.4648
18.305 -30.7128
18.31 -31.3039
18.315 -31.341
18.32 -30.7968
18.325 -29.7062
18.33 -28.1678
18.335 -26.2402
18.34 -23.9559
18.345 -21.2957
18.35 -18.3991
18.355 -15.2981
18.36 -12.0815
18.365 -8.82065
18.37 -5.7164
18.375 -2.78341
18.38 -0.186915
18.385 2.00348
18.39 3.81212
18.395 5.25978
18.4 6.42928
18.405 6.68157
18.41 6.47639
18.415 5.75659
18.42 4.70972
18.425 3.49599
18.43 2.26278
18.435 1.17127
18.44 0.360777
18.445 -0.15389
18.45 -0.338581
18.455 2.09366
18.46 3.36095
18.465 4.6375
18.47 5.94657
18.475 7.96257
18.48 9.59123
18.485 10.5343
18.49 11.632
18.495 12.5959
18.5 13.35
18.505 13.9153
18.51 14.295
18.515 14.5556
18.52 14.7726
18.525 15.0153
18.53 15.2955
18.535 15.5515
18.54 15.6699
18.545 15.6718
18.55 15.622
18.555 15.6356
18.56 15.7924
18.565 16.1822
18.57 16.8345
18.575 17.6785
18.58 18.5535
18.585 19.2898
18.59 19.8452
18.595 20.2655
18.6 20.6369
18.605 20.9676
18.61 21.2704
18.615 21.369
18.62 21.1721
18.625 20.724
18.63 20.1839
18.635 19.6755
18.64 19.2168
18.645 18.7436
18.65 18.2278
18.655 17.6537
18.66 17.0426
18.665 16.4568
18.67 15.9951
18.675 15.6812
18.68 15.4936
18.685 15.4301
18.69 15.4977
18.695 15.7094
18.7 16.0829
18.705 16.635
18.71 17.3813
18.715 18.3566
18.72 19.551
18.725 20.9721
18.73 22.565
18.735 24.2156
18.74 25.8157
18.745 27.455
18.75 29.0173
18.755 30.469
18.76 31.8323
18.765 33.1276
18.77 34.2597
18.775 34.7411
18.78 34.6759
18.785 34.0367
18.79 32.8247
18.795 31.1459
18.8 29.1672
18.805 27.034
18.81 24.8849
18.815 22.7479
18.82 20.6695
18.825 18.6885
18.83 16.8878
18.835 15.3639
18.84 14.2375
18.845 13.5013
18.85 13.0584
18.855 12.7756
18.86 12.2929
18.865 11.7944
18.87 11.288
18.875 10.8412
18.88 10.4558
18.885 11.77
18.89 11.4999
18.895 11.225
18.9 10.8664
18.905 10.4032
18.91 9.77043
18.915 8.95352
18.92 7.85924
18.925 6.50539
18.93 4.84516
18.935 3.04183
18.94 1.13391
18.945 -0.817244
18.95 -2.72958
18.955 -4.55978
18.96 -6.28189
18.965 -7.90787
18.97 -9.50151
18.975 -11.0689
18.98 -12.5443
18.985 -13.9906
18.99 -15.4037
18.995 -16.7917
19 -18.1575
19.005 -19.5723
19.01 -20.8977
19.015 -22.158
19.02 -23.3055
19.025 -24.3271
19.03 -25.3001
19.035 -26.3058
19.04 -27.3578
19.045 -28.2464
19.05 -29.0967
19.055 -29.8523
19.06 -30.634
19.065 -31.3499
19.07 -31.9343
19.075 -32.2499
19.08 -32.2684
19.085 -31.853
19.09 -31.0005
19.095 -29.8352
19.1 -28.455
19.105 -26.9109
19.11 -25.1128
19.115 -23.0639
19.12 -20.7557
19.125 -18.3114
19.13 -15.7842
19.135 -13.2439
19.14 -11.0322
19.145 -8.90746
19.15 -6.98627
19.155 -8.09464
19.16 -7.98685
19.165 -7.83632
19.17 -7.55003
19.175 -4.71629
19.18 -2.81586
19.185 -1.00039
19.19 0.606432
19.195 1.99135
19.2 3.26344
19.205 4.19369
19.21 5.72851
19.215 6.78459
19.22 7.37884
19.225 7.45883
19.23 7.14378
19.235 6.4811
19.24 5.48995
19.245 3.87743
19.25 1.79624
19.255 -0.816976
19.26 -3.92316
19.265 -7.39637
19.27 -11.0249
19.275 -14.6646
19.28 -18.2907
19.285 -21.7812
19.29 -25.0927
19.295 -28.1832
19.3 -31.0419
19.305 -33.6235
19.31 -35.8737
19.315 -37.5048
19.32 -38.2227
19.325 -38.0937
19.33 -37.1584
19.335 -35.5933
19.34 -33.4725
19.345 -30.9852
19.35 -28.1995
19.355 -25.1069
19.36 -21.8257
19.365 -18.3491
19.37 -14.7025
19.375 -10.9884
19.38 -7.42675
19.385 -3.97666
19.39 -0.7061
19.395 2.34422
19.4 5.07427
19.405 7.46145
19.41 9.47219
19.415 11.0561
19.42 11.8395
19.425 12.0913
19.43 11.9535
19.435 11.4642
19.44 10.7167
19.445 9.75472
19.45 8.77356
19.455 7.97527
19.46 7.47004
19.465 7.43723
19.47 8.86144
19.475 10.3823
19.48 11.9165
19.485 13.4437
19.49 14.9885
19.495 16.5723
19.5 18.3616
19.505 19.886
19.51 21.2089
19.515 22.4715
19.52 23.6812
19.525 24.7344
19.53 25.5644
19.535 26.1698
19.54 26.5999
19.545 26.8303
19.55 26.88
19.555 26.8129
19.56 26.6471
19.565 26.267
19.57 25.5992
19.575 24.6597
19.58 23.5313
19.585 22.253
19.59 20.8394
19.595 19.3284
19.6 17.7241
19.605 16.0282
19.61 14.2503
19.615 12.4358
19.62 10.6142
19.625 8.839
19.63 7.1026
19.635 5.38837
19.64 3.65822
19.645 1.89395
19.65 0.0997099
19.655 -1.65492
19.66 -3.30619
19.665 -4.80495
19.67 -6.10147
19.675 -7.1721
19.68 -7.99682
19.685 -8.61895
19.69 -9.1133
19.695 -9.57996
19.7 -9.98791
19.705 -10.2789
19.71 -10.4402
19.715 -10.5025
19.72 -10.5111
19.725 -10.5015
19.73 -10.4952
19.735 -10.5802
19.74 -10.7433
19.745 -10.9497
19.75 -11.2215
19.755 -11.5279
19.76 -11.8515
19.765 -12.2075
19.77 -12.5715
19.775 -12.8784
19.78 -13.1289
19.785 -13.3409
19.79 -13.4896
19.795 -13.553
19.8 -13.4867
19.805 -13.2766
19.81 -12.9033
19.815 -12.3514
19.82 -11.5961
19.825 -10.6855
19.83 -9.66456
19.835 -8.55812
19.84 -7.42056
19.845 -6.21491
19.85 -4.96237
19.855 -3.65191
19.86 -2.26541
19.865 -0.730535
19.87 0.867113
19.875 2.50059
19.88 4.06962
19.885 5.52359
19.89 6.82813
19.895 8.04645
19.9 9.22741
19.905 10.3963
19.91 11.3574
19.915 12.2969
19.92 13.0671
19.925 13.6439
19.93 14.0579
19.935 14.3674
19.94 13.8018
19.945 13.6596
19.95 13.6597
19.955 13.8365
19.96 14.1825
19.965 15.432
19.97 16.235
19.975 16.9564
19.98 17.5548
19.985 18.0172
19.99 18.3935
19.995 18.6865
20 18.9153
20.005 19.0392
20.01 19.0347
20.015 18.9021
20.02 18.6251
20.025 18.2266
20.03 17.6989
20.035 17.0388
20.04 16.1993
20.045 15.1634
20.05 13.9625
20.055 12.6633
20.06 11.3406
20.065 10.0667
20.07 8.84395
20.075 7.651
20.08 6.48374
20.085 5.34338
20.09 4.25584
20.095 3.258
20.1 2.39307
20.105 1.64574
20.11 0.995329
20.115 0.444831
20.12 -0.0160501
20.125 -0.404003
20.13 -0.749266
20.135 -1.10236
20.14 -1.51556
20.145 -2.01072
20.15 -2.59076
20.155 -3.208
20.16 -3.83072
20.165 -4.46639
20.17 -5.14868
20.175 -5.91513
20.18 -6.79534
20.185 -7.77171
20.19 -8.8015
20.195 -9.84811
20.2 -10.8896
20.205 -11.8961
20.21 -12.8668
20.215 -13.839
20.22 -14.7943
20.225 -15.7247
20.23 -16.6171
20.235 -17.454
20.24 -18.2085
20.245 -18.8665
20.25 -19.4198
20.255 -19.8815
20.26 -20.2687
20.265 -20.5844
20.27 -20.8136
20.275 -20.9656
20.28 -21.0419
20.285 -21.0517
20.29 -21.0011
20.295 -20.8895
20.3 -20.7083
20.305 -20.4528
20.31 -20.1244
20.315 -19.728
20.32 -19.282
20.325 -18.802
20.33 -18.2918
20.335 -17.7603
20.34 -17.2067
20.345 -16.608
20.35 -15.936
20.355 -15.1589
20.36 -14.2733
20.365 -13.3457
20.37 -12.3971
20.375 -11.426
20.38 -10.4211
20.385 -9.37052
20.39 -8.27544
20.395 -7.14115
20.4 -5.98039
20.405 -4.80073
20.41 -3.60741
20.415 -2.40731
20.42 -1.20346
20.425 -0.00894381
20.43 1.17138
20.435 2.32092
20.44 3.24643
20.445 4.21214
20.45 5.13028
20.455 5.39443
20.46 5.77676
20.465 6.21248
20.47 6.71997
20.475 7.92913
20.48 8.80373
20.485 9.65901
20.49 10.4921
20.495 11.2972
20.5 12.0649
20.505 12.7873
20.51 13.4571
20.515 14.0889
20.52 14.6516
20.525 15.141
20.53 15.5478
20.535 15.8683
20.54 16.0941
20.545 16.219
20.55 16.2069
20.555 16.0516
20.56 15.7588
20.565 15.3347
20.57 14.7896
20.575 14.1354
20.58 13.3895
20.585 12.5692
20.59 11.7
20.595 10.8071
20.6 9.9196
20.605 9.06534
20.61 8.27107
20.615 7.55838
20.62 6.94458
20.625 6.44223
20.63 6.05804
20.635 5.79418
20.64 5.64467
20.645 5.60098
20.65 5.6496
20.655 5.77412
20.66 5.95383
20.665 6.16585
20.67 6.38598
20.675 6.58818
20.68 6.74745
20.685 6.84019
20.69 6.84619
20.695 6.74965
20.7 6.53942
20.705 6.20836
20.71 5.75492
20.715 5.18183
20.72 4.41596
20.725 3.5524
20.73 2.60122
20.735 1.59359
20.74 0.561864
20.745 -0.462189
20.75 -1.44958
20.755 -2.37502
20.76 -3.21822
20.765 -4.01017
20.77 -4.73664
20.775 -5.3864
20.78 -5.95467
20.785 -6.44013
20.79 -6.8442
20.795 -7.17099
20.8 -7.42698
20.805 -7.62066
20.81 -7.7618
20.815 -7.8612
20.82 -7.93001
20.825 -7.97942
20.83 -8.01995
20.835 -8.06122
20.84 -8.11162
20.845 -8.17799
20.85 -8.26548
20.855 -8.37743
20.86 -8.51529
20.865 -8.67872
20.87 -8.86566
20.875 -9.07256
20.88 -9.29461
20.885 -9.52596
20.89 -9.76002
20.895 -9.98975
20.9 -10.2079
20.905 -10.4299
20.91 -10.6717
20.915 -10.9028
20.92 -11.1081
20.925 -11.2447
20.93 -11.3209
20.935 -11.3201
20.94 -11.2333
20.945 -11.0539
20.95 -10.7779
20.955 -10.4042
20.96 -9.93472
20.965 -9.37422
20.97 -8.73013
20.975 -9.02748
