0.02 -8.49869e-008
0.04 6.49852e-007
0.06 4.28494e-006
0.08 1.26438e-005
0.1 2.71949e-005
0.12 4.80811e-005
0.14 7.46013e-005
0.16 0.000104834
0.18 0.000134272
0.2 0.000158264
0.22 0.000173041
0.24 0.000173578
0.26 0.000156368
0.28 0.000124264
0.3 8.15118e-005
0.32 3.17841e-005
0.34 -1.94904e-005
0.36 -6.56028e-005
0.38 -0.000102421
0.4 -0.000126109
0.42 -0.000135246
0.44 -0.000136153
0.46 -0.000134218
0.48 -0.00012549
0.5 -0.000104919
0.52 -8.18724e-005
0.54 -5.82965e-005
0.56 -2.41553e-005
0.58 2.711e-005
0.6 8.75785e-005
0.62 0.000156752
0.64 0.000250444
0.66 0.000366253
0.68 0.00049699
0.7 0.000624042
0.72 0.000750567
0.74 0.00088731
0.76 0.00100373
0.78 0.00108473
0.8 0.00113728
0.82 0.00117276
0.84 0.00119793
0.86 0.00120864
0.88 0.00120019
0.9 0.00117348
0.92 0.00113708
0.94 0.00108769
0.96 0.00100499
0.98 0.000867571
1 0.000667386
1.02 0.000415934
1.04 0.000124375
1.06 -0.000208693
1.08 -0.000577619
1.1 -0.000953098
1.12 -0.00130666
1.14 -0.00163802
1.16 -0.00194665
1.18 -0.002208
1.2 -0.00240001
1.22 -0.00254423
1.24 -0.00267878
1.26 -0.00279548
1.28 -0.00285362
1.3 -0.00284588
1.32 -0.00280948
1.34 -0.00275098
1.36 -0.00262584
1.38 -0.00240425
1.4 -0.00210216
1.42 -0.00174893
1.44 -0.00135178
1.46 -0.000911306
1.48 -0.000459445
1.5 -5.37463e-005
1.52 0.000278915
1.54 0.000547215
1.56 0.000745814
1.58 0.000858496
1.6 0.000888799
1.62 0.000870153
1.64 0.000844031
1.66 0.000819905
1.68 0.000777021
1.7 0.000711011
1.72 0.000642365
1.74 0.000563293
1.76 0.000419105
1.78 0.000167564
1.8 -0.000177046
1.82 -0.000577131
1.84 -0.00100578
1.86 -0.00144373
1.88 -0.00185916
1.9 -0.00219403
1.92 -0.00240441
1.94 -0.0024873
1.96 -0.00245126
1.98 -0.00229609
2 -0.00203571
2.02 -0.00172314
2.04 -0.00142018
2.06 -0.00116581
2.08 -0.000971544
2.1 -0.000827763
2.12 -0.000720373
2.14 -0.000639101
2.16 -0.000560384
2.18 -0.000442072
2.2 -0.000258971
2.22 -3.35416e-005
2.24 0.000193059
2.26 0.000417898
2.28 0.000642307
2.3 0.000841176
2.32 0.000994782
2.34 0.00109388
2.36 0.00116045
2.38 0.00122773
2.4 0.00128362
2.42 0.00132331
2.44 0.00139311
2.46 0.00153267
2.48 0.00171777
2.5 0.00186868
2.52 0.00190354
2.54 0.00175973
2.56 0.00140486
2.58 0.000849161
2.6 0.000135167
2.62 -0.000670374
2.64 -0.00147401
2.66 -0.00219484
2.68 -0.00279228
2.7 -0.0032396
2.72 -0.00350682
2.74 -0.003568
2.76 -0.00344879
2.78 -0.00322562
2.8 -0.00298183
2.82 -0.00278933
2.84 -0.00268602
2.86 -0.00268311
2.88 -0.00278536
2.9 -0.00296695
2.92 -0.00313998
2.94 -0.00319969
2.96 -0.00310263
2.98 -0.00286187
3 -0.00248611
3.02 -0.00197341
3.04 -0.00134038
3.06 -0.000588653
3.08 0.000307772
3.1 0.00137726
3.12 0.00265277
3.14 0.00416331
3.16 0.00594139
3.18 0.00802737
3.2 0.0104458
3.22 0.013166
3.23 0.014614
3.24 0.0160989
3.25 0.0176131
3.26 0.0191581
3.27 0.0207384
3.28 0.0223544
3.29 0.024003
3.3 0.0256742
3.31 0.0273566
3.32 0.0290451
3.33 0.0307403
3.34 0.0324465
3.35 0.0341718
3.36 0.0359286
3.37 0.0377282
3.38 0.0395765
3.39 0.0414761
3.4 0.0434283
3.41 0.0454324
3.43 0.0495513
3.45 0.0536921
3.46 0.0557126
3.47 0.0576597
3.48 0.0595131
3.49 0.061256
3.5 0.0628748
3.51 0.0643591
3.52 0.065702
3.53 0.0669024
3.54 0.0679675
3.55 0.068903
3.56 0.0697029
3.57 0.0703519
3.58 0.0708256
3.59 0.0710976
3.6 0.0711454
3.61 0.0709591
3.62 0.0705482
3.63 0.0699353
3.64 0.069153
3.65 0.0682326
3.66 0.0671936
3.67 0.0660468
3.68 0.0647975
3.69 0.0634485
3.7 0.0620018
3.71 0.0604737
3.72 0.05891
3.73 0.0573623
3.74 0.0558622
3.75 0.054418
3.76 0.0530243
3.77 0.0516749
3.78 0.0503697
3.79 0.0491064
3.8 0.0478743
3.81 0.046665
3.82 0.0454841
3.83 0.0443468
3.84 0.0432739
3.85 0.0422874
3.86 0.0414069
3.87 0.040648
3.88 0.0400228
3.89 0.0395381
3.9 0.0391941
3.91 0.0389867
3.92 0.0389085
3.93 0.0389553
3.94 0.0391316
3.95 0.0394498
3.96 0.0399304
3.97 0.0405961
3.98 0.0414671
3.99 0.0425604
4 0.0438889
4.01 0.0454465
4.02 0.0471938
4.03 0.0490796
4.04 0.051064
4.05 0.0531226
4.06 0.0552502
4.07 0.0574464
4.08 0.0596999
4.09 0.0619931
4.1 0.0643061
4.11 0.0666235
4.12 0.068938
4.13 0.0712474
4.14 0.0735513
4.15 0.0758435
4.16 0.0781046
4.17 0.0803109
4.18 0.0824463
4.19 0.0845031
4.2 0.0864826
4.21 0.0883902
4.22 0.0902295
4.23 0.0920029
4.24 0.0937111
4.25 0.0953597
4.26 0.0969646
4.27 0.0985464
4.28 0.100124
4.29 0.101715
4.3 0.103338
4.31 0.105009
4.32 0.106743
4.33 0.108554
4.34 0.110443
4.35 0.112409
4.36 0.11444
4.37 0.116524
4.38 0.118656
4.39 0.120839
4.4 0.123084
4.41 0.125404
4.42 0.127804
4.43 0.130283
4.44 0.132832
4.45 0.135446
4.46 0.138121
4.47 0.140862
4.48 0.143679
4.49 0.146581
4.5 0.149566
4.51 0.152624
4.52 0.155741
4.53 0.158901
4.54 0.162089
4.55 0.165296
4.56 0.168528
4.57 0.171807
4.58 0.175166
4.59 0.178637
