0.02 8.17802e-009
0.04 -7.80584e-008
0.06 -3.94296e-007
0.08 3.14714e-007
0.1 6.51229e-006
0.12 2.46788e-005
0.14 5.86984e-005
0.16 0.000106316
0.18 0.000160568
0.2 0.000213202
0.22 0.00025504
0.24 0.000276111
0.26 0.000269164
0.28 0.000231185
0.3 0.000161967
0.32 6.73916e-005
0.34 -3.64752e-005
0.36 -0.000129771
0.38 -0.000199602
0.4 -0.000241048
0.42 -0.00025117
0.44 -0.000227766
0.46 -0.000176708
0.48 -0.000119681
0.5 -8.42684e-005
0.52 -7.47706e-005
0.54 -6.50665e-005
0.56 -3.73127e-005
0.58 -5.74194e-006
0.6 2.30095e-005
0.62 8.16761e-005
0.64 0.000196562
0.66 0.000346494
0.68 0.000509947
0.7 0.000710431
0.72 0.00095995
0.74 0.0011925
0.76 0.00133383
0.78 0.00140927
0.8 0.00148477
0.82 0.00153721
0.84 0.0014975
0.86 0.0013994
0.88 0.0013632
0.9 0.0014191
0.92 0.00145728
0.94 0.00139198
0.96 0.00127753
0.98 0.00119334
1 0.00108867
1.02 0.000835523
1.04 0.000401427
1.06 -0.000118857
1.08 -0.000638596
1.1 -0.0011637
1.12 -0.00171299
1.14 -0.00222065
1.16 -0.00259193
1.18 -0.00283581
1.2 -0.00305106
1.22 -0.00326054
1.24 -0.00336298
1.26 -0.00332129
1.28 -0.00329249
1.3 -0.00342837
1.32 -0.00361546
1.34 -0.00360342
1.36 -0.00336983
1.38 -0.00312634
1.4 -0.00292995
1.42 -0.0025535
1.44 -0.00186055
1.46 -0.00106368
1.48 -0.000422446
1.5 0.000110799
1.52 0.000696232
1.54 0.00121499
1.56 0.00139405
1.58 0.00126102
1.6 0.00113364
1.62 0.00113649
1.64 0.00106216
1.66 0.000806663
1.68 0.000620072
1.7 0.000723055
1.72 0.000926894
1.74 0.000910213
1.76 0.000701254
1.78 0.000551518
1.8 0.000413362
1.82 -6.79035e-005
1.84 -0.000987807
1.86 -0.0019674
1.88 -0.0026477
1.9 -0.00309414
1.92 -0.00350136
1.94 -0.00375782
1.96 -0.00361168
1.98 -0.00312273
2 -0.00260373
2.02 -0.00215107
2.04 -0.00158134
2.06 -0.000888363
2.08 -0.000421094
2.1 -0.000439967
2.12 -0.00075163
2.14 -0.000981637
2.16 -0.0010163
2.18 -0.000960314
2.2 -0.000807316
2.22 -0.000422615
2.24 0.000173725
2.26 0.000737718
2.28 0.00108189
2.3 0.00127824
2.32 0.00148448
2.34 0.00167968
2.36 0.00171092
2.38 0.00154325
2.4 0.0013302
2.42 0.00123753
2.44 0.00128986
2.46 0.0014382
2.48 0.00171567
2.5 0.00220565
2.52 0.00282366
2.54 0.00323504
2.56 0.00308182
2.58 0.00225922
2.6 0.000933265
2.62 -0.000630069
2.64 -0.0021751
2.66 -0.00347194
2.68 -0.00436284
2.7 -0.00484496
2.72 -0.00505184
2.74 -0.00509028
2.76 -0.00490256
2.78 -0.00434407
2.8 -0.00342877
2.82 -0.00246563
2.84 -0.00190069
2.86 -0.00200818
2.88 -0.00271644
2.9 -0.00368463
2.92 -0.00452371
2.94 -0.00497143
2.96 -0.00491937
2.98 -0.00437466
3 -0.00347727
3.02 -0.00249156
3.04 -0.00162556
3.06 -0.000832718
3.08 0.00010604
3.1 0.00131101
3.12 0.00272393
3.14 0.00428643
3.16 0.00606983
3.18 0.00806113
3.2 0.00999264
3.22 0.0117137
3.23 0.012558
3.24 0.0135101
3.25 0.0146681
3.26 0.0160941
3.27 0.0177805
3.28 0.0196478
3.29 0.0215746
3.3 0.0234643
3.31 0.0253065
3.32 0.0271627
3.33 0.0291083
3.34 0.0311867
3.35 0.0333858
3.36 0.0356444
3.37 0.0378809
3.38 0.0400228
3.39 0.0420335
3.4 0.0439282
3.41 0.0457739
3.43 0.0497361
3.45 0.0544633
3.46 0.0572021
3.47 0.0601876
3.48 0.0633821
3.49 0.0667343
3.5 0.0701908
3.51 0.0737041
3.52 0.0772369
3.53 0.0807604
3.54 0.0842365
3.55 0.0875874
3.56 0.0906758
3.57 0.093317
3.58 0.0953563
3.59 0.0967425
3.6 0.0974569
3.61 0.0974642
3.62 0.0967999
3.63 0.0955881
3.64 0.0939754
3.65 0.092084
3.66 0.0900041
3.67 0.0878134
3.68 0.0856006
3.69 0.083466
3.7 0.0814928
3.71 0.0797019
3.72 0.0780215
3.73 0.0763037
3.74 0.0744067
3.75 0.072274
3.76 0.0699307
3.77 0.0674511
3.78 0.0649567
3.79 0.0626013
3.8 0.0605308
3.81 0.058847
3.82 0.0575706
3.83 0.0566254
3.84 0.0558699
3.85 0.0551568
3.86 0.0543966
3.87 0.0535914
3.88 0.052815
3.89 0.0521548
3.9 0.0516534
3.91 0.0512902
3.92 0.0510081
3.93 0.0507664
3.94 0.0505839
3.95 0.0505419
3.96 0.050745
3.97 0.0512658
3.98 0.0521149
3.99 0.053253
4 0.0546363
4.01 0.0562641
4.02 0.0581978
4.03 0.0605187
4.04 0.0632546
4.05 0.0663508
4.06 0.0696756
4.07 0.0730519
4.08 0.0763239
4.09 0.0794226
4.1 0.0823935
4.11 0.085356
4.12 0.0884183
4.13 0.091607
4.14 0.0948468
4.15 0.0979916
4.16 0.100903
4.17 0.103527
4.18 0.105903
4.19 0.108126
4.2 0.110281
4.21 0.112408
4.22 0.114488
4.23 0.11646
4.24 0.118261
4.25 0.119852
4.26 0.121238
4.27 0.122455
4.28 0.123561
4.29 0.124613
4.3 0.125649
4.31 0.12669
4.32 0.127746
4.33 0.128829
4.34 0.129966
4.35 0.131203
4.36 0.132635
4.37 0.134366
4.38 0.136344
4.39 0.138327
4.4 0.14006
4.41 0.141433
4.42 0.142521
4.43 0.14352
4.44 0.144564
4.45 0.14565
4.46 0.146749
4.47 0.147848
4.48 0.148926
4.49 0.149943
4.5 0.150803
4.51 0.151383
4.52 0.151623
4.53 0.151529
4.54 0.151139
4.55 0.150521
4.56 0.149755
4.57 0.148912
4.58 0.148032
4.59 0.147112
