0.02 -2.62251e-007
0.04 2.13265e-006
0.06 1.23496e-005
0.08 3.1777e-005
0.1 5.93401e-005
0.12 9.02349e-005
0.14 0.000118886
0.16 0.000138541
0.18 0.000139142
0.2 0.000118662
0.22 8.34682e-005
0.24 3.52006e-005
0.26 -2.03207e-005
0.28 -5.95205e-005
0.3 -6.8583e-005
0.32 -5.20138e-005
0.34 -1.63639e-005
0.36 3.16906e-005
0.38 7.25124e-005
0.4 9.04836e-005
0.42 7.72644e-005
0.44 1.85155e-005
0.46 -7.61322e-005
0.48 -0.000158178
0.5 -0.000188849
0.52 -0.000189962
0.54 -0.000151729
0.56 -3.99852e-005
0.58 0.000123508
0.6 0.000257755
0.62 0.000349594
0.64 0.000457874
0.66 0.000546496
0.68 0.0005758
0.7 0.000534288
0.72 0.000520474
0.74 0.000601158
0.76 0.000652503
0.78 0.000664193
0.8 0.000730564
0.82 0.000868046
0.84 0.00100052
0.86 0.00106725
0.88 0.00108845
0.9 0.00108132
0.92 0.00102358
0.94 0.000880281
0.96 0.000661487
0.98 0.000405848
1 0.000124624
1.02 -0.000158493
1.04 -0.000396042
1.06 -0.000563769
1.08 -0.000673433
1.1 -0.000745223
1.12 -0.000821873
1.14 -0.000974199
1.16 -0.00120145
1.18 -0.00143369
1.2 -0.00165306
1.22 -0.00193968
1.24 -0.00230069
1.26 -0.00256068
1.28 -0.0025803
1.3 -0.00244447
1.32 -0.00230318
1.34 -0.00210253
1.36 -0.00173937
1.38 -0.00133712
1.4 -0.00107598
1.42 -0.000924452
1.44 -0.000746366
1.46 -0.000568375
1.48 -0.000531355
1.5 -0.000614732
1.52 -0.000588944
1.54 -0.000353578
1.56 -9.09636e-005
1.58 9.33057e-005
1.6 0.000331244
1.62 0.000700956
1.64 0.00104262
1.66 0.00115378
1.68 0.00104239
1.7 0.000864177
1.72 0.000654088
1.74 0.000280496
1.76 -0.000283587
1.78 -0.000824415
1.8 -0.00115187
1.82 -0.00132461
1.84 -0.00142346
1.86 -0.00136185
1.88 -0.00109591
1.9 -0.000784895
1.92 -0.000658301
1.94 -0.000752142
1.96 -0.000908717
1.98 -0.00106025
2 -0.00130851
2.02 -0.00168269
2.04 -0.00197898
2.06 -0.00202109
2.08 -0.00186421
2.1 -0.0015855
2.12 -0.00112348
2.14 -0.00047261
2.16 0.000174095
2.18 0.000611147
2.2 0.000805325
2.22 0.000801357
2.24 0.000600063
2.26 0.000267547
2.28 -7.28843e-005
2.3 -0.000279033
2.32 -0.000216295
2.34 8.52167e-005
2.36 0.000547931
2.38 0.00113086
2.4 0.00166966
2.42 0.00201494
2.44 0.00216777
2.46 0.00214777
2.48 0.00191616
2.5 0.00143876
2.52 0.000757708
2.54 -5.95259e-005
2.56 -0.000887856
2.58 -0.00149983
2.6 -0.00172035
2.62 -0.00156088
2.64 -0.00113785
2.66 -0.000635286
2.68 -0.000283856
2.7 -0.000247096
2.72 -0.000567976
2.74 -0.00116188
2.76 -0.0019396
2.78 -0.00281077
2.8 -0.00362099
2.82 -0.00421219
2.84 -0.00441823
2.86 -0.00414255
2.88 -0.00348365
2.9 -0.00265073
2.92 -0.00178107
2.94 -0.000983956
2.96 -0.000460266
2.98 -0.000351123
3 -0.00055114
3.02 -0.000848308
3.04 -0.00109888
3.06 -0.0010649
3.08 -0.000441656
3.1 0.000878042
3.12 0.00278938
3.14 0.005093
3.16 0.0076866
3.18 0.0106663
3.2 0.0141558
3.22 0.0180648
3.23 0.0201006
3.24 0.0221507
3.25 0.024228
3.26 0.0263671
3.27 0.0285897
3.28 0.0308795
3.29 0.0331959
3.3 0.0354938
3.31 0.037762
3.32 0.0400418
3.33 0.0423897
3.34 0.0448445
3.35 0.0474203
3.36 0.0501107
3.37 0.0528899
3.38 0.0557163
3.39 0.0585582
3.4 0.0614129
3.41 0.0643043
3.43 0.0702342
3.45 0.0760982
3.46 0.0788348
3.47 0.0812927
3.48 0.0833843
3.49 0.0850397
3.5 0.0862127
3.51 0.0868876
3.52 0.0870904
3.53 0.0869072
3.54 0.0864794
3.55 0.0859336
3.56 0.085322
3.57 0.0846297
3.58 0.08382
3.59 0.0828884
3.6 0.0818555
3.61 0.0807694
3.62 0.0797473
3.63 0.0789412
3.64 0.0784795
3.65 0.078402
3.66 0.0786285
3.67 0.0790156
3.68 0.0794163
3.69 0.0797212
3.7 0.0798617
3.71 0.0798354
3.72 0.0797169
3.73 0.0795566
3.74 0.0793237
3.75 0.078954
3.76 0.078397
3.77 0.0776443
3.78 0.076739
3.79 0.0757345
3.8 0.0746491
3.81 0.0734857
3.82 0.0722595
3.83 0.0709903
3.84 0.0696998
3.85 0.0684194
3.86 0.0672086
3.87 0.0661713
3.88 0.0654343
3.89 0.0650907
3.9 0.0651499
3.91 0.0655362
3.92 0.066121
3.93 0.0667913
3.94 0.0675091
3.95 0.0683088
3.96 0.0692676
3.97 0.0704452
3.98 0.0718391
3.99 0.0733945
4 0.0750407
4.01 0.0766814
4.02 0.0781752
4.03 0.0794239
4.04 0.0804341
4.05 0.0812839
4.06 0.0820761
4.07 0.0828746
4.08 0.0836932
4.09 0.0845491
4.1 0.0854916
4.11 0.0865981
4.12 0.0879518
4.13 0.089604
4.14 0.0915535
4.15 0.0937416
4.16 0.0960617
4.17 0.0984324
4.18 0.100848
4.19 0.103353
4.2 0.106012
4.21 0.108862
4.22 0.111881
4.23 0.115004
4.24 0.118152
4.25 0.121274
4.26 0.124382
4.27 0.127521
4.28 0.130737
4.29 0.134066
4.3 0.137529
4.31 0.141128
4.32 0.144848
4.33 0.148664
4.34 0.152531
4.35 0.156405
4.36 0.160368
4.37 0.164665
4.38 0.169373
4.39 0.174311
4.4 0.179277
4.41 0.184176
4.42 0.18902
4.43 0.193875
4.44 0.198792
4.45 0.203779
4.46 0.20881
4.47 0.213886
4.48 0.219058
4.49 0.22438
4.5 0.229842
4.51 0.235362
4.52 0.240891
4.53 0.246451
4.54 0.252103
4.55 0.257946
4.56 0.264135
4.57 0.270841
4.58 0.278221
4.59 0.286358
