0.02 1.36518e-009
0.04 1.2922e-009
0.06 -1.37586e-007
0.08 -9.4329e-007
0.1 -2.92452e-006
0.12 -4.66003e-006
0.14 -6.077e-007
0.16 1.83489e-005
0.18 6.03002e-005
0.2 0.000126441
0.22 0.000207948
0.24 0.000286655
0.26 0.000338946
0.28 0.000342833
0.3 0.000285737
0.32 0.000168803
0.34 7.76724e-006
0.36 -0.000167511
0.38 -0.00031758
0.4 -0.000405171
0.42 -0.000409306
0.44 -0.000332543
0.46 -0.000197732
0.48 -3.97771e-005
0.5 9.94738e-005
0.52 0.000175545
0.54 0.000157898
0.56 5.5367e-005
0.58 -8.02077e-005
0.6 -0.000185005
0.62 -0.000214077
0.64 -0.000143073
0.66 3.46709e-005
0.68 0.000293455
0.7 0.000575352
0.72 0.000829063
0.74 0.00104028
0.76 0.00120578
0.78 0.00129944
0.8 0.00129977
0.82 0.00123381
0.84 0.0011513
0.86 0.00106536
0.88 0.000963151
0.9 0.000872034
0.92 0.000861792
0.94 0.000959299
0.96 0.0010977
0.98 0.00117793
1 0.00115345
1.02 0.00102401
1.04 0.00077156
1.06 0.000353726
1.08 -0.00023106
1.1 -0.000905376
1.12 -0.00155739
1.14 -0.00210373
1.16 -0.00249331
1.18 -0.00268165
1.2 -0.00265616
1.22 -0.00249287
1.24 -0.00233408
1.26 -0.00227298
1.28 -0.00229373
1.3 -0.00235903
1.32 -0.00250351
1.34 -0.0027608
1.36 -0.00302535
1.38 -0.00309416
1.4 -0.00286587
1.42 -0.00240926
1.44 -0.001812
1.46 -0.00107312
1.48 -0.000212061
1.5 0.000616319
1.52 0.00122783
1.54 0.00157898
1.56 0.00172455
1.58 0.00165359
1.6 0.00131051
1.62 0.000778961
1.64 0.000298293
1.66 4.44381e-005
1.68 1.1097e-006
1.7 9.92172e-005
1.72 0.000358671
1.74 0.000780412
1.76 0.00118711
1.78 0.00132673
1.8 0.00111745
1.82 0.000656327
1.84 -7.60075e-006
1.86 -0.000944655
1.88 -0.00212876
1.9 -0.00328633
1.92 -0.0040691
1.94 -0.00430931
1.96 -0.00402675
1.98 -0.00328494
2 -0.00219483
2.02 -0.00102463
2.04 -0.000122606
2.06 0.000339016
2.08 0.000448356
2.1 0.000343987
2.12 3.1484e-005
2.14 -0.000517894
2.16 -0.00117843
2.18 -0.00168982
2.2 -0.00183632
2.22 -0.00153266
2.24 -0.000780394
2.26 0.000332758
2.28 0.00155455
2.3 0.0024885
2.32 0.00280306
2.34 0.00244793
2.36 0.00165602
2.38 0.000763291
2.4 5.14296e-005
2.42 -0.000291867
2.44 -0.000173552
2.46 0.000368068
2.48 0.0011476
2.5 0.00192862
2.52 0.00257576
2.54 0.00308733
2.56 0.00345206
2.58 0.00349969
2.6 0.00293454
2.62 0.00153341
2.64 -0.000661206
2.66 -0.00327332
2.68 -0.00566901
2.7 -0.00715778
2.72 -0.00727914
2.74 -0.00605268
2.76 -0.00401324
2.78 -0.00195201
2.8 -0.000509762
2.82 9.13948e-005
2.84 4.35263e-006
2.86 -0.000502197
2.88 -0.00126846
2.9 -0.00226964
2.92 -0.00347799
2.94 -0.00472042
2.96 -0.00565965
2.98 -0.00590209
3 -0.00516161
3.02 -0.00342802
3.04 -0.00108081
3.06 0.00117977
3.08 0.00264988
3.1 0.00301232
3.12 0.00250621
3.14 0.00177889
3.16 0.00158234
3.18 0.00250616
3.2 0.00471744
3.22 0.0077305
3.23 0.00926225
3.24 0.0105805
3.25 0.0115586
3.26 0.0121317
3.27 0.0123123
3.28 0.0121848
3.29 0.0118815
3.3 0.0115292
3.31 0.0111982
3.32 0.0109075
3.33 0.0106542
3.34 0.0104338
3.35 0.0102537
3.36 0.0101312
3.37 0.0100822
3.38 0.0101134
3.39 0.0102147
3.4 0.0103566
3.41 0.0104917
3.43 0.0105143
3.45 0.0100225
3.46 0.00955709
3.47 0.00897162
3.48 0.00831108
3.49 0.00763354
3.5 0.00700308
3.51 0.00648317
3.52 0.00613108
3.53 0.00599471
3.54 0.00611283
3.55 0.00651749
3.56 0.00723398
3.57 0.0082741
3.58 0.00961238
3.59 0.0111637
3.6 0.0128129
3.61 0.0144297
3.62 0.0158303
3.63 0.0167817
3.64 0.0170525
3.65 0.0164574
3.66 0.0148867
3.67 0.012323
3.68 0.00884792
3.69 0.00464118
3.7 -2.56148e-005
3.71 -0.00480549
3.72 -0.00930836
3.73 -0.0131683
3.74 -0.0161497
3.75 -0.0182018
3.76 -0.019399
3.77 -0.0198678
3.78 -0.0197722
3.79 -0.01931
3.8 -0.0186887
3.81 -0.0180942
3.82 -0.0176578
3.83 -0.0174363
3.84 -0.0174239
3.85 -0.017587
3.86 -0.017898
3.87 -0.0183502
3.88 -0.0189523
3.89 -0.0197051
3.9 -0.0205811
3.91 -0.0215186
3.92 -0.0224356
3.93 -0.0232564
3.94 -0.0239346
3.95 -0.0244535
3.96 -0.0248068
3.97 -0.024977
3.98 -0.0249237
3.99 -0.0245917
4 -0.0239287
4.01 -0.022904
4.02 -0.0215149
4.03 -0.0197756
4.04 -0.017696
4.05 -0.0152799
4.06 -0.012544
4.07 -0.00953544
4.08 -0.00634356
4.09 -0.00310379
4.1 1.64317e-005
4.11 0.00284786
4.12 0.0052586
4.13 0.00718809
4.14 0.00865752
4.15 0.00974993
4.16 0.0105608
4.17 0.0111501
4.18 0.0115304
4.19 0.0116858
4.2 0.0115992
4.21 0.011273
4.22 0.0107354
4.23 0.0100364
4.24 0.00923182
4.25 0.00837039
4.26 0.00748988
4.27 0.00661784
4.28 0.00577279
4.29 0.00496915
4.3 0.00422265
4.31 0.0035506
4.32 0.00296803
4.33 0.00248247
4.34 0.00209124
4.35 0.00178119
4.36 0.00151781
4.37 0.00126399
4.38 0.0010402
4.39 0.000917597
4.4 0.000951022
4.41 0.00113703
4.42 0.00140418
4.43 0.00164296
4.44 0.00176266
4.45 0.00172354
4.46 0.00152347
4.47 0.00117767
4.48 0.000712847
4.49 0.000162576
4.5 -0.00044767
4.51 -0.00109849
4.52 -0.00175338
4.53 -0.00236729
4.54 -0.00291314
4.55 -0.00338971
4.56 -0.00381732
4.57 -0.00422985
4.58 -0.00466416
4.59 -0.00515413
