0.02 -6.5082e-008
0.04 3.58173e-007
0.06 4.31391e-006
0.08 1.7035e-005
0.1 4.18336e-005
0.12 7.68014e-005
0.14 0.000115892
0.16 0.000151917
0.18 0.000176469
0.2 0.000179702
0.22 0.000156903
0.24 0.000113642
0.26 5.97702e-005
0.28 5.53042e-006
0.3 -3.43115e-005
0.32 -4.65694e-005
0.34 -3.32805e-005
0.36 -8.98122e-006
0.38 1.31193e-005
0.4 2.42255e-005
0.42 1.56637e-005
0.44 -2.21536e-005
0.46 -9.35599e-005
0.48 -0.000180237
0.5 -0.00023554
0.52 -0.00022479
0.54 -0.000162609
0.56 -7.27118e-005
0.58 5.88323e-005
0.6 0.000233282
0.62 0.000385709
0.64 0.000464486
0.66 0.000514821
0.68 0.000598904
0.7 0.000687315
0.72 0.000721545
0.74 0.000751071
0.76 0.000866719
0.78 0.00101858
0.8 0.00108488
0.82 0.00109007
0.84 0.00116709
0.86 0.00132024
0.88 0.00139993
0.9 0.00133299
0.92 0.00121985
0.94 0.00114514
0.96 0.00102617
0.98 0.000750886
1 0.000370642
1.02 3.45029e-005
1.04 -0.000214395
1.06 -0.000461488
1.08 -0.000755411
1.1 -0.00102408
1.12 -0.00119498
1.14 -0.00133649
1.16 -0.00159307
1.18 -0.00197764
1.2 -0.00233315
1.22 -0.0025594
1.24 -0.0027646
1.26 -0.00305632
1.28 -0.00328211
1.3 -0.00320182
1.32 -0.00287908
1.34 -0.00261822
1.36 -0.00247961
1.38 -0.00219279
1.4 -0.00166511
1.42 -0.00121158
1.44 -0.0010639
1.46 -0.000982916
1.48 -0.000662927
1.5 -0.000257248
1.52 -0.000110971
1.54 -0.000138925
1.56 6.02191e-005
1.58 0.000521712
1.6 0.000849492
1.62 0.000885353
1.64 0.000948224
1.66 0.00123301
1.68 0.00141134
1.7 0.00113845
1.72 0.000628343
1.74 0.0003174
1.76 0.000159484
1.78 -0.000259579
1.8 -0.000965271
1.82 -0.00147891
1.84 -0.00155204
1.86 -0.00151123
1.88 -0.00165966
1.9 -0.0017869
1.92 -0.00160713
1.94 -0.00134684
1.96 -0.00145069
1.98 -0.00187094
2 -0.00212668
2.02 -0.00203924
2.04 -0.00192793
2.06 -0.0019859
2.08 -0.00193765
2.1 -0.00153485
2.12 -0.000987474
2.14 -0.000605074
2.16 -0.000312708
2.18 0.000139044
2.2 0.00066939
2.22 0.000915389
2.24 0.000727968
2.26 0.000352362
2.28 9.50708e-005
2.3 1.70243e-005
2.32 5.92733e-005
2.34 0.000288772
2.36 0.000803495
2.38 0.00148564
2.4 0.00203496
2.42 0.0022462
2.44 0.00219151
2.46 0.00209975
2.48 0.00206685
2.5 0.00195541
2.52 0.00160027
2.54 0.0010035
2.56 0.000260012
2.58 -0.00056881
2.6 -0.00137485
2.62 -0.00191264
2.64 -0.0019639
2.66 -0.00159376
2.68 -0.00116694
2.7 -0.00108264
2.72 -0.00149567
2.74 -0.00226794
2.76 -0.00312841
2.78 -0.0038475
2.8 -0.00428793
2.82 -0.00439303
2.84 -0.00421298
2.86 -0.00389708
2.88 -0.00358561
2.9 -0.00330232
2.92 -0.00294701
2.94 -0.00239993
2.96 -0.00170153
2.98 -0.00113344
3 -0.000996307
3.02 -0.00126637
3.04 -0.00158646
3.06 -0.00157723
3.08 -0.000989494
3.1 0.000370058
3.12 0.00257447
3.14 0.00537871
3.16 0.00820866
3.18 0.010546
3.2 0.0124535
3.22 0.0145427
3.23 0.0158491
3.24 0.0173977
3.25 0.0191711
3.26 0.0211385
3.27 0.0232895
3.28 0.0256401
3.29 0.0282109
3.3 0.0309822
3.31 0.0338591
3.32 0.0366938
3.33 0.0393529
3.34 0.041771
3.35 0.0439714
3.36 0.0460552
3.37 0.0481644
3.38 0.0504359
3.39 0.0529626
3.4 0.0557674
3.41 0.0588007
3.43 0.0651351
3.45 0.0713837
3.46 0.0743661
3.47 0.0772328
3.48 0.0799909
3.49 0.0826436
3.5 0.0851755
3.51 0.0875455
3.52 0.0896758
3.53 0.0914466
3.54 0.0927275
3.55 0.0934444
3.56 0.0936276
3.57 0.0934019
3.58 0.0928894
3.59 0.0921219
3.6 0.0911175
3.61 0.089947
3.62 0.0886653
3.63 0.0873045
3.64 0.0859386
3.65 0.0847159
3.66 0.0838256
3.67 0.0834139
3.68 0.0834979
3.69 0.0839316
3.7 0.0844456
3.71 0.0847429
3.72 0.0846091
3.73 0.0839829
3.74 0.0829354
3.75 0.0815789
3.76 0.0799968
3.77 0.0782258
3.78 0.0762592
3.79 0.0740714
3.8 0.071659
3.81 0.0690691
3.82 0.0664171
3.83 0.0638775
3.84 0.0616467
3.85 0.0598941
3.86 0.0586949
3.87 0.0579891
3.88 0.0576178
3.89 0.0574181
3.9 0.0573099
3.91 0.0573202
3.92 0.057539
3.93 0.0580403
3.94 0.0588207
3.95 0.0597948
3.96 0.0608486
3.97 0.0619191
3.98 0.0630415
3.99 0.0643314
4 0.0659132
4.01 0.0678402
4.02 0.0700442
4.03 0.0723584
4.04 0.0745921
4.05 0.0766152
4.06 0.0784399
4.07 0.0802158
4.08 0.0821271
4.09 0.0842848
4.1 0.0866748
4.11 0.0891953
4.12 0.0917464
4.13 0.0942961
4.14 0.0968969
4.15 0.0996536
4.16 0.102648
4.17 0.105869
4.18 0.109204
4.19 0.112491
4.2 0.115596
4.21 0.118458
4.22 0.121108
4.23 0.123636
4.24 0.126145
4.25 0.128703
4.26 0.131321
4.27 0.13397
4.28 0.136599
4.29 0.13917
4.3 0.141677
4.31 0.144151
4.32 0.146648
4.33 0.149226
4.34 0.151923
4.35 0.154746
4.36 0.157497
4.37 0.159784
4.38 0.161529
4.39 0.163116
4.4 0.165022
4.41 0.167523
4.42 0.17062
4.43 0.174144
4.44 0.177965
4.45 0.18209
4.46 0.186567
4.47 0.191409
4.48 0.196598
4.49 0.202114
4.5 0.208033
4.51 0.214507
4.52 0.221558
4.53 0.229049
4.54 0.236778
4.55 0.244524
4.56 0.252087
4.57 0.259325
4.58 0.266194
4.59 0.272768
